do run
loading script "jan_co2_whiff_120_60_large.py"
loading script "jan_pump_ms.py"
loading script "jan_co2.py"
loading script "jan_pump_extraction_line.py"
testing...
no interpolation path defined
executed 266.04
script duration name:co2_whiff_120_60_large seconds:266.0
loading script "jan_co2_whiff_120_60_large.py"
loading script "jan_pump_ms.py"
loading script "jan_co2.py"
loading script "jan_pump_extraction_line.py"
testing...
no interpolation path defined
executed 0
loading script "jan_co2_whiff_120_60_large.py"
loading script "jan_pump_ms.py"
loading script "jan_co2.py"
loading script "jan_pump_extraction_line.py"
testing...
no interpolation path defined
calculate duration
testing...
no interpolation path defined
executed 0
calculate duration
testing...
no interpolation path defined
executed 0
executed 0.0
script duration name:co2 seconds:0.0
loading script "jan_co2_whiff_120_60_large.py"
loading script "jan_pump_ms.py"
loading script "jan_co2.py"
loading script "jan_pump_extraction_line.py"
testing...
no interpolation path defined
calculate duration
testing...
no interpolation path defined
executed 4.0
executed 4.0
Script duration 266.0
Run total estimated duration= 267.000
run duration: 0:04:27
doing event level: 2
20:58:43 -- Setting default integration. t=1.048576
setting integration time = 1.048576
SetIntegrationTime 1.048576 ===>> OK
----------------- start -----------------
**************** Experiment Type: Ar/Ar, Ar/Ar
create new session 4431073936
close session 4431073936
$$$$$ Clearing conditionals
adding conditionals detrital
extract conditionals from file. /Users/jan/PychronDev/scripts/conditionals/detrital.yaml
no attr for this modification cd={'extraction_str': '', 'attr': '', 'mapper': '', 'use_termination': False, 'start_count': 0, 'nskip': 0, 'window': 0, 'frequency': 1, 'teststr': '', 'action': 'Skip Next Run', 'ntrips': 1, 'use_truncation': False}
no attr for this cancelation cd={'mapper': '', 'window': 0, 'frequency': 1, 'attr': '', 'teststr': '', 'start_count': 0, 'ntrips': 1}
adding truncation attr="age" test="age>100.0" start="60"
adding truncation attr="Ar39" test="Ar39<0.5" start="60"
no attr for this termination cd={'mapper': '', 'window': 0, 'frequency': 1, 'attr': '', 'teststr': '', 'start_count': 0, 'ntrips': 1}
Invalid conditional kind="pre_run_terminations"
no attr for this action cd={'mapper': '', 'attr': '', 'start_count': 0, 'window': 0, 'frequency': 1, 'teststr': '', 'action': None, 'ntrips': 1}
Invalid conditional kind="post_run_terminations"
Add queue conditionals
add default conditionals
adding default conditionals from /Users/jan/PychronDev/setupfiles/spectrometer/default_conditionals.yaml
Start automated run 65514-07
loading script "jan_co2_whiff_120_60_large.py"
loading script "jan_pump_ms.py"
loading script "jan_co2.py"
loading script "jan_pump_extraction_line.py"
%%%%%%%%%%%%%%%%%% setting automated run 65514-07
No value "sensitivity_multiplier" in metadata
$$$$$$$$$$$$$$$ auto_save_detector_ic=False
============================= Pre Extraction Check =============================
loading queue conditionals pre_run_terminations
loading system conditionals pre_run_terminations
loading conditionals from /Users/jan/PychronDev/setupfiles/spectrometer/default_conditionals.yaml
20:58:43 -- ******* Pre Extraction Check *******
Get a measurement from the spectrometer
GetData ===>> H2,-0.0430106580875222,H1,-0.103822819599286,AX,-0.0373701346657402,L1,-0.0640531656293323,L2,0.0...
Pre Extraction Termination data. keys=H2,H1,AX,L1,L2,CDD, signals=-0.04301,-0.10382,-0.03737,-0.06405,0.07711,0.00342
20:58:43 -- testing system defined conditionals
Checking default pre extraction terminations n=2
testing CDD
evaluate ot="CDD.inactive" t="CDD", ctx="{'CDD': False}"
GetDeflection CDD ===>> 50
testing CDD==2000
evaluate ot="CDD.deflection==2000" t="CDD==2000", ctx="{'CDD': 50.0}"
20:58:43 -- ******* Pre Extraction Check Passed *******
=================================================================================
20:58:43 -- stopping status monitor
stop 5051730928
Alive clients [4983220368]
20:58:43 -- starting status monitor
start 5051730928
Monitor already running
start extraction
do extraction
Analysis started at 20:58:43.311259
Extraction Started jan_co2.py
20:58:43 -- ******* Extraction Started jan_co2.py *******
state changed from not run to extraction
DO EXTRACTION <pychron.extraction_line.pyscript_runner.RemotePyScriptRunner object at 0x12b9bc0b0>
testing...
no interpolation path defined
calculate duration
testing...
no interpolation path defined
executed 0
calculate duration
testing...
no interpolation path defined
executed 0
executed 100.0
Jan CO2 laser analysis
doing GOSUB
testing...
no interpolation path defined
executed 0
Waiting for CO2 access
wait ('FelixCO2Flag', 0) {}
waiting for FelixCO2Flag = 0
Read FelixCO2Flag ===>> 0
finished waiting
CO2 free
wait ('CO2PumpTimeFlag', 0) {}
waiting for CO2PumpTimeFlag = 0
Read CO2PumpTimeFlag ===>> 0
finished waiting
acquire ('JanCO2Flag',) {'clear': True}
acquire JanCO2Flag
Set JanCO2Flag 1 ===>> OK
JanCO2Flag acquired
set extraction state False (0.75, 'red', 1.5)
CO2 acquired
executed 0
WaitForCO2Access.py completed successfully
gosub finished
doing GOSUB
testing...
no interpolation path defined
executed 0
Prepare for CO2 analysis
close () {'description': 'Jan Inlet'}
closing name=--- desc=Jan Inlet
checking ownership. requestor=129.138.12.150
check software interlocks R
interlocks []
actuate state mode=None-script, software_lock=False
doing actuation None-script close_channel False
Close R ===>> OK
GetValveState R ===>> False
change switch state (True, True)
update switch state R False args=() kw={} ncanvase=3
20:58:43 -- CLOSE  VALVE-R (Jan Inlet)
---------------------------------------- close None (Jan Inlet) result=[(True, True)]
action=close, ok=True, locked=[False]
open () {'description': 'Jan Ion Pump'}
opening name=--- desc=Jan Ion Pump
checking ownership. requestor=129.138.12.150
check software interlocks O
interlocks []
actuate state mode=None-script, software_lock=False
doing actuation None-script open_channel False
Open O ===>> OK
GetValveState O ===>> OK
change switch state (True, True)
update switch state O True args=() kw={} ncanvase=3
20:58:44 -- OPEN   VALVE-O (Jan Ion Pump)
---------------------------------------- open None (Jan Ion Pump) result=[(True, True)], time=0.10 sec
action=open, ok=True, locked=[False]
close () {'description': 'Microbone to Minibone'}
closing name=--- desc=Microbone to Minibone
checking ownership. requestor=129.138.12.150
check software interlocks L
interlocks []
actuate state mode=None-script, software_lock=False
doing actuation None-script close_channel False
Close L ===>> OK
GetValveState L ===>> False
change switch state (True, True)
update switch state L False args=() kw={} ncanvase=3
Get Checksum: -1965264452
20:58:44 -- CLOSE  VALVE-L (Microbone to Minibone)
---------------------------------------- close None (Microbone to Minibone) result=[(True, True)]
action=close, ok=True, locked=[False]
open () {'description': 'Microbone to Turbo'}
opening name=--- desc=Microbone to Turbo
checking ownership. requestor=129.138.12.150
check software interlocks U
interlocks []
actuate state mode=None-script, software_lock=False
doing actuation None-script open_channel False
Open U ===>> OK
GetValveState U ===>> OK
change switch state (True, True)
update switch state U True args=() kw={} ncanvase=3
20:58:45 -- OPEN   VALVE-U (Microbone to Turbo)
---------------------------------------- open None (Microbone to Turbo) result=[(True, True)], time=0.12 sec
action=open, ok=True, locked=[False]
open () {'description': 'Microbone to Inlet Pipette'}
opening name=--- desc=Microbone to Inlet Pipette
checking ownership. requestor=129.138.12.150
check software interlocks S
interlocks []
actuate state mode=None-script, software_lock=False
doing actuation None-script open_channel False
Open S ===>> OK
GetValveState S ===>> OK
change switch state (True, True)
update switch state S True args=() kw={} ncanvase=3
20:58:45 -- OPEN   VALVE-S (Microbone to Inlet Pipette)
---------------------------------------- open None (Microbone to Inlet Pipette) result=[(True, True)], time=0.41 sec
action=open, ok=True, locked=[False]
open () {'description': 'Microbone to Getter D-50'}
opening name=--- desc=Microbone to Getter D-50
checking ownership. requestor=129.138.12.150
check software interlocks K
interlocks []
actuate state mode=None-script, software_lock=False
doing actuation None-script open_channel False
Open K ===>> OK
GetValveState K ===>> OK
change switch state (True, True)
update switch state K True args=() kw={} ncanvase=3
20:58:46 -- OPEN   VALVE-K (Microbone to Getter D-50)
---------------------------------------- open None (Microbone to Getter D-50) result=[(True, True)], time=0.40 sec
action=open, ok=True, locked=[False]
open () {'description': 'Microbone to Getter NP-10'}
opening name=--- desc=Microbone to Getter NP-10
checking ownership. requestor=129.138.12.150
check software interlocks M
interlocks []
actuate state mode=None-script, software_lock=False
doing actuation None-script open_channel False
Open M ===>> OK
GetValveState M ===>> OK
change switch state (True, True)
update switch state M True args=() kw={} ncanvase=3
20:58:46 -- OPEN   VALVE-M (Microbone to Getter NP-10)
---------------------------------------- open None (Microbone to Getter NP-10) result=[(True, True)], time=0.15 sec
action=open, ok=True, locked=[False]
close () {'description': 'CO2 Laser to Felix'}
closing name=--- desc=CO2 Laser to Felix
checking ownership. requestor=129.138.12.150
check software interlocks F
interlocks []
actuate state mode=None-script, software_lock=True
VALVE-F(CO2 Laser to Felix) software locked
change switch state (True, False)
---------------------------------------- close None (CO2 Laser to Felix) result=[(True, False)]
action=close, ok=True, locked=[True]
open () {'description': 'CO2 Laser to Jan'}
opening name=--- desc=CO2 Laser to Jan
checking ownership. requestor=129.138.12.150
check software interlocks A
interlocks []
actuate state mode=None-script, software_lock=False
doing actuation None-script open_channel False
Open A ===>> OK
GetValveState A ===>> OK
change switch state (True, True)
update switch state A True args=() kw={} ncanvase=3
20:58:47 -- OPEN   VALVE-A (CO2 Laser to Jan)
---------------------------------------- open None (CO2 Laser to Jan) result=[(True, True)], time=0.13 sec
action=open, ok=True, locked=[False]
open () {'description': 'Microbone to CO2 Laser'}
opening name=--- desc=Microbone to CO2 Laser
checking ownership. requestor=129.138.12.150
check software interlocks T
interlocks []
actuate state mode=None-script, software_lock=False
doing actuation None-script open_channel False
Open T ===>> OK
Get Checksum: -1965264452
GetValveState T ===>> OK
change switch state (True, True)
update switch state T True args=() kw={} ncanvase=3
20:58:47 -- OPEN   VALVE-T (Microbone to CO2 Laser)
---------------------------------------- open None (Microbone to CO2 Laser) result=[(True, True)], time=0.42 sec
action=open, ok=True, locked=[False]
executed 0
PrepareForCO2Analysis.py completed successfully
gosub finished
set_motor ('beam', '1.25') {}
setting motor "beam" to 1.25
set motor beam to 1.25
SetMotor beam,1.25 ===>> OK
GetMotorMoving beam ===>> False
GetMotorMoving beam ===>> False
Block completed
move_to_position ('7',) {'autocenter': True}
FusionsCO2 move to position 7
sending GoToHole 7,True
GoToHole 7,True ===>> OK
GetDriveMoving ===>> OK
GetDriveMoving ===>> OK
GetDriveMoving ===>> OK
GetDriveMoving ===>> OK
Get Checksum: -1965264452
GetDriveMoving ===>> OK
GetDriveMoving ===>> OK
GetDriveMoving ===>> False
GetDriveMoving ===>> False
Block completed
GetAutoCorrecting ===>> OK
GetAutoCorrecting ===>> OK
GetAutoCorrecting ===>> OK
Get Checksum: -1965264452
GetAutoCorrecting ===>> OK
GetAutoCorrecting ===>> False
GetAutoCorrecting ===>> False
Block completed
update position
GetPosition ===>> -5.98170,13.95730,1.00000
got position (-5.9817, 13.9573, 1.0)
move to position succeeded
sleep (5,) {}
SLEEP 5.0
block started
WaitControl setup for 5.0  
Get Checksum: -1965264452
Get Checksum: -1965264452
Join finished
block finished. duration 5.01493000984
close () {'description': 'Microbone to Turbo'}
closing name=--- desc=Microbone to Turbo
checking ownership. requestor=129.138.12.150
check software interlocks U
interlocks []
actuate state mode=None-script, software_lock=False
doing actuation None-script close_channel True
Close U ===>> OK
GetValveState U ===>> False
change switch state (True, True)
update switch state U False args=() kw={} ncanvase=3
20:59:00 -- CLOSE  VALVE-U (Microbone to Turbo)
---------------------------------------- close None (Microbone to Turbo) result=[(True, True)]
action=close, ok=True, locked=[False]
enable laser
enable () {}
set extraction state FusionsCO2 Enabled (False, 'red', 1.5)
enabling laser
Enable ===>> OK
begin interval
BEGIN INTERVAL Interval 1 waiting for 30.0
set extract to 5.0
block started
extract (5.0,) {}
WaitControl setup for 30.0  
GetPosition ===>> -5.98170,13.95730,1.00000
set extraction state FusionsCO2 ON! 5.0(watts) (0.75, 'red', 1.5)
extract sample to 5.0 (watts)
set laser output
SetLaserOutput 5.0,watts ===>> OK
executing pattern triangle.lp
execute_pattern ('triangle.lp',) {}
executing pattern triangle.lp
IsPatterning ===>> OK
Get Checksum: 1551197106
IsPatterning ===>> OK
IsPatterning ===>> OK
IsPatterning ===>> OK
Get Checksum: 1551197106
IsPatterning ===>> OK
IsPatterning ===>> OK
IsPatterning ===>> OK
Get Checksum: 1551197106
IsPatterning ===>> OK
IsPatterning ===>> OK
IsPatterning ===>> OK
Get Checksum: 1551197106
IsPatterning ===>> OK
IsPatterning ===>> OK
IsPatterning ===>> OK
Get Checksum: 1551197106
IsPatterning ===>> OK
IsPatterning ===>> OK
IsPatterning ===>> OK
Get Checksum: 1551197106
IsPatterning ===>> OK
IsPatterning ===>> OK
IsPatterning ===>> OK
Get Checksum: 1551197106
IsPatterning ===>> OK
IsPatterning ===>> OK
IsPatterning ===>> OK
Get Checksum: 1551197106
IsPatterning ===>> OK
IsPatterning ===>> OK
IsPatterning ===>> OK
Get Checksum: 1551197106
IsPatterning ===>> OK
IsPatterning ===>> False
IsPatterning ===>> False
Block completed
COMPLETE INTERVAL waiting for Interval 1 to complete
Get Checksum: 1551197106
Join finished
block finished. duration 30.0707409382
Interval 1 finished
end_extract () {}
ending extraction. set laser power to 0
set laser power 0
SetLaserPower 0 ===>> OK
disable () {}
%%%%%%%%%%%%%%%%%%%%%%%%%%%%%%%%%%% disable
set extraction state False (0.75, 'red', 1.5)
disabling laser
Disable ===>> OK
sleep (30.0,) {}
SLEEP 30.0
block started
WaitControl setup for 30.0  
Get Checksum: 1551197106
Get Checksum: 1551197106
Get Checksum: 1551197106
Get Checksum: 1551197106
Get Checksum: 1551197106
Get Checksum: 1551197106
Get Checksum: 1551197106
Get Checksum: 1551197106
Get Checksum: 1551197106
Get Checksum: 1551197106
Join finished
block finished. duration 30.1042621136
executed 166.0
jan_co2.py completed successfully
GetAchievedOutput ===>> No Response
Requested Output= 0.000
Achieved Output=  0.000
GetResponseBlob ===>> No Response
GetOutputBlob ===>> No Response
persistence save...
persistence save - db
AutomatedRunPersister post_extraction_save deprecated
persistence save - dvc
no extraction position for 7
create new session 4982913552
close session 4982913552
Extraction Finished
21:00:01 -- ******* Extraction Finished *******
no overlap. not waiting for min ms pumptime
21:00:01 -- Sending spectrometer configuration
======== Sending configuration ========
SetDeflection CDD,50.0 ===>> OK
SetDeflection H2,0.0 ===>> OK
SetDeflection H1,0.0 ===>> OK
SetDeflection L2,825.0 ===>> OK
SetDeflection L1,400.0 ===>> OK
SetDeflection AX,190.0 ===>> OK
SetZFocus 74.64 ===>> OK
SetZSymmetry -50.72 ===>> OK
SetExtractionLens 26.13 ===>> OK
SetIonRepeller -3.81 ===>> OK
SetElectronEnergy 75.08 ===>> OK
SetYSymmetry -2.81 ===>> OK
SetIonCounterVoltage 1590.0 ===>> OK
send trap current 200.0
GetParameter Trap Current Readback ===>> 198.147042666178
SetParameter Trap Current Set,200.0 ===>> OK
updating mftable name mftable
Using mftable located at /Users/jan/PychronDev/setupfiles/spectrometer/mftables/mftable.csv
============ MFtable ===========
Isotope  H2     H1     AX     L1     L2     CDD    
Ar40     5.7741 5.8789 5.9923 6.1140 6.2306 6.3422
Ar39     5.6733 5.7712 5.8847 6.0001 6.1158 6.2287
Ar36     5.3508 5.4402 5.5481 5.6589 5.7707 5.8798
================================
get initial guess parabolic
get initial guess parabolic
get initial guess parabolic
get initial guess parabolic
get initial guess parabolic
get initial guess parabolic
======== Configuration Finished ========
GetYSymmetry ===>> -2.81
GetZSymmetry ===>> -50.72
GetParameter Trap Current Readback ===>> 198.258926936459
GetHighVoltage ===>> 4499.94659342336
start measurement
do measurement
L#=65514 analysis type=unknown
Measurement Started jan_co2_whiff_120_60_large.py
21:00:01 -- ******* Measurement Started jan_co2_whiff_120_60_large.py *******
state changed from extraction to measurement
setting spec, defl, and gains
GetExtractionLens ===>> 26.13
GetYSymmetry ===>> -2.81
GetZSymmetry ===>> -50.72
GetZFocus ===>> 74.64
GetDeflection H2 ===>> 0
GetDeflection H1 ===>> 0
GetDeflection AX ===>> 190
GetDeflection L1 ===>> 400
GetDeflection L2 ===>> 825
GetDeflection CDD ===>> 50
GetGain H2 ===>> 0.0113
GetGain H1 ===>> 0.1
GetGain AX ===>> 0.097049
GetGain L1 ===>> 0.010355
GetGain L2 ===>> 0.095649
GetGain CDD ===>> 0
pre measurement save
New frame /Users/jan/PychronDev/data/isotopes/21/af71b4-3618-4970-9ce1-6bcceb0ecf7c.h5
flush and close file /Users/jan/PychronDev/data/isotopes/21/af71b4-3618-4970-9ce1-6bcceb0ecf7c.h5
testing...
no interpolation path defined
executed 266.04
co2 whiff measurement script
activate_detectors ('H2', 'H1', 'AX', 'L1', 'L2', 'CDD') {}
activate detectors
*************** Set Analysis View Ar/Ar
create graphs
clearing graphs
clear isotope group
setting isotope det=H2, iso=PM41
setting isotope det=H1, iso=Ar40
setting isotope det=AX, iso=Ar39
setting isotope det=L1, iso=Ar38
setting isotope det=L2, iso=Ar37
setting isotope det=CDD, iso=Ar36
setting previous blanks
 - setting Ar40 blank 1.257+/-0.007
 - setting Ar36 blank 0.00860+/-0.00022
 - setting Ar37 blank 0.051+/-0.005
 - setting Ar38 blank 0.0125+/-0.0022
 - setting PM41 blank 0.05+/-0.07
 - setting Ar39 blank 0.016+/-0.009
load analysis view
position_magnet ('Ar40',) {'detector': 'H1'}
detector Detector(H1)
POSITION Ar40 H1
setting detector H2 to PM41 (40.9624)
setting detector H1 to Ar40 (39.9624)
setting detector AX to Ar39 (38.9624)
setting detector L1 to Ar38 (37.9624)
setting detector L2 to Ar37 (36.9624)
setting detector CDD to Ar36 (35.9624)
Mapping mass to dac mass func: "parabolic"
H1 map mass coeffs = [-0.00063987  0.15840543  0.57049999]
H1 map mass to dac 39.9624 >> 5.87889
GetDeflection H1 ===>> 0
GetHighVoltage ===>> 4499.94659342336
positioning Ar40 (5.87885537977) on H1
setting magnet DAC
current  : 5.878855
requested: 5.878855
Delta Dac: 0.000000
Checking detector protection. dv=0.00000
Checking detector "CDD". Protection Threshold: 0.1 (V)
SetMagnetDAC 5.87885537977 ===>> OK
close ('S',) {}
closing name=S desc=---
checking ownership. requestor=129.138.12.150
check software interlocks S
interlocks []
actuate state mode=None-script, software_lock=False
doing actuation None-script close_channel True
Close S ===>> OK
GetValveState S ===>> False
change switch state (True, True)
update switch state S False args=() kw={} ncanvase=3
21:00:02 -- CLOSE  VALVE-S (Microbone to Inlet Pipette)
---------------------------------------- close S () result=[(True, True)]
action=close, ok=True, locked=[False]
equilibrate () {'do_post_equilibration': False, 'inlet': 'R', 'outlet': 'O', 'eqtime': 4}
Equilibration Started
21:00:02 -- ******* Equilibration Started *******
checking ownership. requestor=129.138.12.150
check software interlocks O
interlocks []
actuate state mode=None-script, software_lock=False
doing actuation None-script close_channel True
Close O ===>> OK
GetValveState O ===>> False
change switch state (True, True)
update switch state O False args=() kw={} ncanvase=3
21:00:03 -- CLOSE  VALVE-O (Jan Ion Pump)
waiting 3s before opening inlet value ('R',)
Get Checksum: 1174506924
checking ownership. requestor=129.138.12.150
check software interlocks R
interlocks []
actuate state mode=None-script, software_lock=False
doing actuation None-script open_channel True
Open R ===>> OK
Get Checksum: 1427694182
State checksums do not match. Local:1174506924 Remote:1427694182
State checksum failed
GetValveState R ===>> OK
change switch state (True, True)
update switch state R True args=() kw={} ncanvase=3
21:00:06 -- OPEN   VALVE-R (Jan Inlet)
set_time_zero (0,) {}
equilibrating for 4sec
sniff (4,) {}
py_sniff
build tables- sniff [Detector(H2), Detector(H1), Detector(AX), Detector(L1), Detector(L2), Detector(CDD)]
add group /sniff/PM41 (Group) '' table H2
add group /sniff/Ar40 (Group) '' table H1
add group /sniff/Ar39 (Group) '' table AX
add group /sniff/Ar38 (Group) '' table L1
add group /sniff/Ar37 (Group) '' table L2
add group /sniff/Ar36 (Group) '' table CDD
flush and close file /Users/jan/PychronDev/data/isotopes/21/af71b4-3618-4970-9ce1-6bcceb0ecf7c.h5
measuring sniff. ncounts=4
starting measurement
GetData ===>> H2,-0.204684796448081,H1,0.00676114916300392,AX,-0.0467047302878483,L1,0.00700143922686063,L2,0.0...
GetData ===>> H2,4.13556202946248,H1,38.0644767858027,AX,6.57461400584456,L1,0.533721566583503,L2,1.23998748640...
GetData ===>> H2,3.85487546205405,H1,56.6585597471459,AX,4.24080241658056,L1,0.843006084491835,L2,0.66361659526...
Get Checksum: 1427694182
GetData ===>> H2,1.2286552044913,H1,54.4423749404076,AX,2.45107653281614,L1,0.57319283965798,L2,0.1071413064789...
Equilibration Finished
21:00:11 -- ******* Equilibration Finished *******
checking ownership. requestor=129.138.12.150
check software interlocks R
interlocks []
actuate state mode=None-script, software_lock=False
doing actuation None-script close_channel True
measurement finished
estimated time: 4.194 actual time: :4.259
flush and close file /Users/jan/PychronDev/data/isotopes/21/af71b4-3618-4970-9ce1-6bcceb0ecf7c.h5
set_fits () {}
using default fits file=/Users/jan/PychronDev/scripts/measurement/fits/nominal_linear.yaml
set "Ar40" to "('Linear', 'SEM')"
No fit for "PM41". defaulting to linear. check the measurement script "jan_co2_whiff_120_60_large.py"
set "PM41" to "linear"
set "Ar36" to "('Linear', 'SEM')"
set "Ar37" to "('linear', 'SEM')"
set "Ar38" to "('linear', 'SEM')"
set "Ar39" to "('Linear', 'SEM')"
set_baseline_fits () {}
using default fits file=/Users/jan/PychronDev/scripts/measurement/fits/nominal_linear.yaml
set "H1" to "('average', 'SEM')"
set "H2" to "('average', 'SEM')"
set "CDD" to "('average', 'SEM')"
set "L2" to "('average', 'SEM')"
set "L1" to "('average', 'SEM')"
set "AX" to "('average', 'SEM')"
whiff () {'ncounts': 1, 'conditionals': [{'action': 'run_remainder', 'attr': 'Ar40', 'teststr': 'Ar40.cur<=175'}, {'action': 'run_pipette', 'attr': 'Ar40', 'teststr': 'Ar40.cur>500'}, {'action': 'run_chamber_split', 'attr': 'Ar40', 'teststr': 'Ar40.cur>=300'}, {'action': 'pump', 'attr': 'Ar40', 'teststr': 'Ar40.cur>175'}]}
build tables- whiff [Detector(H2), Detector(H1), Detector(AX), Detector(L1), Detector(L2), Detector(CDD)]
add group /whiff/PM41 (Group) '' table H2
add group /whiff/Ar40 (Group) '' table H1
add group /whiff/Ar39 (Group) '' table AX
add group /whiff/Ar38 (Group) '' table L1
add group /whiff/Ar37 (Group) '' table L2
add group /whiff/Ar36 (Group) '' table CDD
flush and close file /Users/jan/PychronDev/data/isotopes/21/af71b4-3618-4970-9ce1-6bcceb0ecf7c.h5
measuring whiff. ncounts=1
Close R ===>> OK
set states for children of R. state=False
handle state [('R', False)]
update switch state R False args=() kw={'refresh': False} ncanvase=3
refresh_canvas_needed fired
GetValveState R ===>> False
change switch state (True, True)
update switch state R False args=() kw={} ncanvase=3
21:00:11 -- CLOSE  VALVE-R (Jan Inlet)
starting measurement
GetData ===>> H2,0.199650088990129,H1,52.0647428381536,AX,1.74080862066668,L1,0.234608333745447,L2,0.0589097445...
Get Checksum: 1174506924
testing Ar40<=175
evaluate ot="Ar40.cur<=175" t="Ar40<=175", ctx="{'Ar40': 52.064742838153599}"
condition Ar40<=175 is true trips=1/1
21:00:13 -- Conditional tripped: Ar40.cur<=175 condition Ar40<=175 is True
measurement finished
estimated time: 1.049 actual time: :1.107
flush and close file /Users/jan/PychronDev/data/isotopes/21/af71b4-3618-4970-9ce1-6bcceb0ecf7c.h5
WHIFF Result=run_remainder
Whiff result=run_remainder
open ('R',) {}
opening name=R desc=---
checking ownership. requestor=129.138.12.150
check software interlocks R
interlocks []
actuate state mode=None-script, software_lock=False
doing actuation None-script open_channel True
Open R ===>> OK
GetValveState R ===>> OK
change switch state (True, True)
update switch state R True args=() kw={} ncanvase=3
21:00:13 -- OPEN   VALVE-R (Jan Inlet)
---------------------------------------- open R () result=[(True, True)], time=0.40 sec
action=open, ok=True, locked=[False]
open ('S',) {}
opening name=S desc=---
checking ownership. requestor=129.138.12.150
check software interlocks S
interlocks []
actuate state mode=None-script, software_lock=False
doing actuation None-script open_channel True
Open S ===>> OK
set states for children of S. state=True
handle state [('S', True)]
update switch state S True args=() kw={'refresh': False} ncanvase=3
refresh_canvas_needed fired
GetValveState S ===>> OK
change switch state (True, True)
update switch state S True args=() kw={} ncanvase=3
21:00:14 -- OPEN   VALVE-S (Microbone to Inlet Pipette)
---------------------------------------- open S () result=[(True, True)], time=0.43 sec
action=open, ok=True, locked=[False]
sleep (12.0,) {}
SLEEP 12.0
block started
WaitControl setup for 12.0  
Get Checksum: -1449001502
Get Checksum: -1449001502
Get Checksum: -1449001502
Join finished
block finished. duration 12.0283341408
close ('R',) {}
closing name=R desc=---
checking ownership. requestor=129.138.12.150
check software interlocks R
interlocks []
actuate state mode=None-script, software_lock=False
doing actuation None-script close_channel True
Close R ===>> OK
GetValveState R ===>> False
change switch state (True, True)
update switch state R False args=() kw={} ncanvase=3
21:00:27 -- CLOSE  VALVE-R (Jan Inlet)
---------------------------------------- close R () result=[(True, True)]
Get Checksum: -598318598
action=close, ok=True, locked=[False]
post_equilibration () {}
multicollect () {'integration_time': 1, 'ncounts': 120.0}
build tables- signal [Detector(H2), Detector(H1), Detector(AX), Detector(L1), Detector(L2), Detector(CDD)]
Post Equilibration Started jan_pump_extraction_line.py
21:00:27 -- ******* Post Equilibration Started jan_pump_extraction_line.py *******
add group /signal/PM41 (Group) '' table H2
testing...
add group /signal/Ar40 (Group) '' table H1
no interpolation path defined
add group /signal/Ar39 (Group) '' table AX
calculate duration
add group /signal/Ar38 (Group) '' table L1
testing...
add group /signal/Ar37 (Group) '' table L2
no interpolation path defined
add group /signal/Ar36 (Group) '' table CDD
executed 4.0
flush and close file /Users/jan/PychronDev/data/isotopes/21/af71b4-3618-4970-9ce1-6bcceb0ecf7c.h5
executed 4.0
measuring signal. ncounts=120.0
Pump after analysis
doing GOSUB
testing...
no interpolation path defined
executed 4.0
Pump Microbone
close () {'description': 'Jan Inlet'}
closing name=--- desc=Jan Inlet
checking ownership. requestor=129.138.12.150
check software interlocks R
interlocks []
actuate state mode=None-script, software_lock=False
doing actuation None-script close_channel False
Close R ===>> OK
GetValveState R ===>> False
change switch state (True, True)
update switch state R False args=() kw={} ncanvase=3
21:00:27 -- CLOSE  VALVE-R (Jan Inlet)
---------------------------------------- close None (Jan Inlet) result=[(True, True)]
starting measurement
GetData ===>> H2,0.225351384521674,H1,1437.87391858621,AX,42.2252122708523,L1,0.604765755674753,L2,0.3084435315...
action=close, ok=True, locked=[False]
is_closed ('F',) {}
is F () closed?
is closed True
open () {'description': 'CO2 Laser to Jan'}
opening name=--- desc=CO2 Laser to Jan
checking ownership. requestor=129.138.12.150
check software interlocks A
interlocks []
actuate state mode=None-script, software_lock=False
doing actuation None-script open_channel False
Open A ===>> OK
GetValveState A ===>> OK
change switch state (True, True)
update switch state A True args=() kw={} ncanvase=3
21:00:28 -- OPEN   VALVE-A (CO2 Laser to Jan)
---------------------------------------- open None (CO2 Laser to Jan) result=[(True, True)], time=0.19 sec
action=open, ok=True, locked=[False]
sleep (1,) {}
SLEEP 1.0
GetData ===>> H2,0.221900677768351,H1,1437.32118704552,AX,42.2620660830858,L1,0.62203940862157,L2,0.30943643859...
close () {'description': 'CO2 Laser to Roughing'}
closing name=--- desc=CO2 Laser to Roughing
checking ownership. requestor=129.138.12.150
check software interlocks G
interlocks []
actuate state mode=None-script, software_lock=True
VALVE-G(CO2 Laser to Roughing) software locked
change switch state (True, False)
---------------------------------------- close None (CO2 Laser to Roughing) result=[(True, False)]
action=close, ok=True, locked=[True]
open () {'description': 'Microbone to Turbo'}
opening name=--- desc=Microbone to Turbo
checking ownership. requestor=129.138.12.150
check software interlocks U
interlocks []
actuate state mode=None-script, software_lock=False
doing actuation None-script open_channel True
Open U ===>> OK
GetValveState U ===>> OK
change switch state (True, True)
update switch state U True args=() kw={} ncanvase=3
21:00:29 -- OPEN   VALVE-U (Microbone to Turbo)
---------------------------------------- open None (Microbone to Turbo) result=[(True, True)], time=0.20 sec
action=open, ok=True, locked=[False]
open () {'description': 'Microbone to Getter NP-10'}
opening name=--- desc=Microbone to Getter NP-10
checking ownership. requestor=129.138.12.150
check software interlocks M
interlocks []
actuate state mode=None-script, software_lock=False
doing actuation None-script open_channel False
Open M ===>> OK
GetData ===>> H2,0.149192326375789,H1,1436.60640132058,AX,42.1464693929596,L1,0.561376976039457,L2,0.2036528887...
GetValveState M ===>> OK
change switch state (True, True)
update switch state M True args=() kw={} ncanvase=3
21:00:30 -- OPEN   VALVE-M (Microbone to Getter NP-10)
---------------------------------------- open None (Microbone to Getter NP-10) result=[(True, True)], time=0.14 sec
Get Checksum: -860229079
action=open, ok=True, locked=[False]
open () {'description': 'Microbone to Getter D-50'}
opening name=--- desc=Microbone to Getter D-50
checking ownership. requestor=129.138.12.150
check software interlocks K
interlocks []
actuate state mode=None-script, software_lock=False
doing actuation None-script open_channel False
Open K ===>> OK
GetValveState K ===>> OK
change switch state (True, True)
update switch state K True args=() kw={} ncanvase=3
21:00:30 -- OPEN   VALVE-K (Microbone to Getter D-50)
---------------------------------------- open None (Microbone to Getter D-50) result=[(True, True)], time=0.40 sec
action=open, ok=True, locked=[False]
open () {'description': 'Microbone to CO2 Laser'}
opening name=--- desc=Microbone to CO2 Laser
checking ownership. requestor=129.138.12.150
check software interlocks T
interlocks []
actuate state mode=None-script, software_lock=False
doing actuation None-script open_channel False
GetData ===>> H2,-0.00404082290415901,H1,1435.18613230703,AX,42.064087344739,L1,0.515347896637737,L2,0.13117456...
Open T ===>> OK
GetValveState T ===>> OK
change switch state (True, True)
update switch state T True args=() kw={} ncanvase=3
21:00:31 -- OPEN   VALVE-T (Microbone to CO2 Laser)
---------------------------------------- open None (Microbone to CO2 Laser) result=[(True, True)], time=0.44 sec
action=open, ok=True, locked=[False]
open () {'description': 'Microbone to Inlet Pipette'}
opening name=--- desc=Microbone to Inlet Pipette
checking ownership. requestor=129.138.12.150
check software interlocks S
interlocks []
actuate state mode=None-script, software_lock=False
doing actuation None-script open_channel False
Open S ===>> OK
GetValveState S ===>> OK
change switch state (True, True)
update switch state S True args=() kw={} ncanvase=3
GetData ===>> H2,0.0881243248761149,H1,1434.91248133397,AX,42.0503443456027,L1,0.526486102851359,L2,0.116877012...
21:00:32 -- OPEN   VALVE-S (Microbone to Inlet Pipette)
---------------------------------------- open None (Microbone to Inlet Pipette) result=[(True, True)], time=0.41 sec
action=open, ok=True, locked=[False]
sleep (1,) {}
SLEEP 1.0
GetData ===>> H2,0.0232977367404514,H1,1434.53238910102,AX,41.9225149938842,L1,0.531626147895526,L2,0.165855564...
set_resource () {'name': 'CO2PumpTimeFlag', 'value': 30}
Set CO2PumpTimeFlag 30 ===>> OK
release ('JanCO2Flag',) {}
release JanCO2Flag
Set JanCO2Flag 0 ===>> OK
executed 6.0
PumpMicrobone.py completed successfully
gosub finished
get_resource_value () {'name': 'JanMiniboneFlag'}
Read JanMiniboneFlag ===>> 0
Get Resource Value JanMiniboneFlag=0.0
get resource value 0.0
get_resource_value () {'name': 'JanMiniboneFlag'}
Read JanMiniboneFlag ===>> 0
Get Resource Value JanMiniboneFlag=0.0
executed 4.0
jan_pump_extraction_line.py completed successfully
Post Equilibration Finished
21:00:33 -- ******* Post Equilibration Finished *******
Get Checksum: -860229079
GetData ===>> H2,-0.0391133382750128,H1,1433.94647084358,AX,41.9314508026266,L1,0.534665321252758,L2,0.20028669...
GetData ===>> H2,0.0429715134750456,H1,1432.74050278194,AX,42.0001268312443,L1,0.548709962409603,L2,0.175357683...
GetData ===>> H2,-0.0989994203985718,H1,1432.17495990404,AX,41.8162594172361,L1,0.543775772267397,L2,0.13517689...
Get Checksum: -860229079
GetData ===>> H2,-0.0910313263753569,H1,1432.03132368348,AX,41.833791370701,L1,0.537542703039294,L2,0.229308350...
GetData ===>> H2,-0.0892291640591529,H1,1431.5223611528,AX,41.883892963696,L1,0.501506120052065,L2,0.2463168703...
GetData ===>> H2,-0.0582602389577608,H1,1430.24132555605,AX,41.7195703396978,L1,0.503701949666104,L2,0.22378408...
Get Checksum: -860229079
GetData ===>> H2,-0.0634493850331004,H1,1429.60949217404,AX,41.7318070535721,L1,0.492869410600881,L2,0.11944220...
GetData ===>> H2,-0.0703020560600584,H1,1429.60968646012,AX,41.7114460867479,L1,0.558993972500229,L2,0.14537161...
Get Checksum: -860229079
GetData ===>> H2,-0.0753089883704115,H1,1429.22928967335,AX,41.7636509765589,L1,0.551893048981168,L2,0.16630042...
GetData ===>> H2,-0.0517199294911785,H1,1427.88824143856,AX,41.7107421049842,L1,0.530713461635401,L2,0.23744694...
GetData ===>> H2,-0.122721893981071,H1,1427.2888842359,AX,41.7012809969343,L1,0.526418390523028,L2,0.1670646656...
Get Checksum: -860229079
GetData ===>> H2,-0.140079499815002,H1,1427.00572783282,AX,41.7781039899001,L1,0.543396316660929,L2,0.185396960...
GetData ===>> H2,-0.171067981197519,H1,1426.46333698783,AX,41.7238368521314,L1,0.525288275710142,L2,0.126032215...
GetData ===>> H2,-0.0397634365564831,H1,1426.09265305081,AX,41.6641899708344,L1,0.487364021085635,L2,0.11963602...
Get Checksum: -860229079
GetData ===>> H2,-0.0384333419264352,H1,1425.07355688314,AX,41.7402143678788,L1,0.465292187245365,L2,0.21686778...
GetData ===>> H2,0.0140902887189196,H1,1424.60909351426,AX,41.8704139148957,L1,0.504156911195147,L2,0.129806283...
GetData ===>> H2,-0.0693324115835316,H1,1424.42301374435,AX,41.7256814976007,L1,0.557249304138561,L2,0.14449350...
Get Checksum: -860229079
GetData ===>> H2,-0.0806754691194578,H1,1424.12307951974,AX,41.6303343136315,L1,0.562735767870212,L2,0.29605017...
21:00:53 -- collecting point 25
GetData ===>> H2,0.0072831845739078,H1,1422.9472044669,AX,41.7061522466737,L1,0.527691456540005,L2,0.1773996783...
GetData ===>> H2,-0.0358459988521895,H1,1422.21138090974,AX,41.6481481653226,L1,0.52481066085548,L2,0.057027993...
Get Checksum: -860229079
GetData ===>> H2,-0.104147334675602,H1,1421.44339912896,AX,41.6345586995645,L1,0.545192693845812,L2,0.168079865...
GetData ===>> H2,-0.0635876575835441,H1,1420.83135115688,AX,41.5690273166472,L1,0.547500843464832,L2,0.23034703...
GetData ===>> H2,-0.0098036122021653,H1,1420.71667186176,AX,41.5842983001702,L1,0.544293234168557,L2,0.13867764...
Get Checksum: -860229079
GetData ===>> H2,0.00359084157552065,H1,1420.35918780366,AX,41.5179929266275,L1,0.527333160013365,L2,0.14095832...
GetData ===>> H2,-0.0803746879435109,H1,1419.51872121471,AX,41.5896471298676,L1,0.522197710607331,L2,0.18197436...
GetData ===>> H2,-0.126382275345929,H1,1418.9274087715,AX,41.5570230353956,L1,0.514619178429142,L2,0.1988831915...
Get Checksum: -860229079
GetData ===>> H2,-0.14394043347826,H1,1418.66807139503,AX,41.5657059631853,L1,0.507946167013218,L2,0.1250744695...
GetData ===>> H2,-0.102452827886975,H1,1417.7181141136,AX,41.591702270942,L1,0.507402475232414,L2,0.20910752264...
GetData ===>> H2,-0.0262082044322449,H1,1417.1732204335,AX,41.5053208370186,L1,0.523462872014285,L2,0.133204212...
Get Checksum: -860229079
GetData ===>> H2,-0.00430196550532053,H1,1416.47133912718,AX,41.4242360651442,L1,0.512797607837176,L2,0.1618291...
GetData ===>> H2,-0.0684291439294353,H1,1416.2808191301,AX,41.5001405543117,L1,0.473477113684861,L2,0.203652888...
Get Checksum: -860229079
GetData ===>> H2,-0.0940212015292375,H1,1414.97133929093,AX,41.4574822482998,L1,0.482026145111522,L2,0.27289967...
GetData ===>> H2,-0.0733718258828927,H1,1414.44326576667,AX,41.4410760635978,L1,0.531995679423196,L2,0.13898553...
GetData ===>> H2,-0.0162034499919717,H1,1413.82569832436,AX,41.518147670876,L1,0.540453544446501,L2,0.165262426...
Get Checksum: -860229079
GetData ===>> H2,-0.0428546280765205,H1,1413.55285153834,AX,41.3558034506798,L1,0.510924679089391,L2,0.16490882...
GetData ===>> H2,-0.15163675563465,H1,1412.79532177476,AX,41.4390641412787,L1,0.519146207835481,L2,0.1806167642...
GetData ===>> H2,-0.124229730051699,H1,1412.66631346477,AX,41.4563143227343,L1,0.524041353451267,L2,0.187747215...
Get Checksum: -860229079
GetData ===>> H2,-0.0539248717514541,H1,1411.77672770584,AX,41.4752558424261,L1,0.527155863233935,L2,0.14615849...
GetData ===>> H2,-0.0857604473897419,H1,1410.92951561092,AX,41.4293848824048,L1,0.49663108783878,L2,0.111553031...
GetData ===>> H2,-0.195481128836602,H1,1410.85595973409,AX,41.3848536354077,L1,0.498827980842176,L2,0.295685021...
Get Checksum: -860229079
GetData ===>> H2,-0.0815642174643125,H1,1410.70056703853,AX,41.3533571497476,L1,0.530561970905367,L2,0.12634006...
GetData ===>> H2,-0.0425127113622392,H1,1409.62199294618,AX,41.4529653954133,L1,0.521582415726524,L2,0.11952201...
GetData ===>> H2,-0.0167333244185237,H1,1408.83921073441,AX,41.3265945224848,L1,0.511772500283177,L2,0.20088004...
Get Checksum: -860229079
21:01:19 -- collecting point 50
GetData ===>> H2,-0.145087514004135,H1,1408.48441654914,AX,41.2350405236745,L1,0.49952461888338,L2,0.1986093405...
GetData ===>> H2,-0.0784898824556885,H1,1408.07301206854,AX,41.1960978339191,L1,0.528371145940911,L2,0.10660552...
GetData ===>> H2,-0.0878861641168869,H1,1406.85331618949,AX,41.1728030139941,L1,0.518935835012951,L2,0.17947594...
Get Checksum: -860229079
GetData ===>> H2,-0.239383863187939,H1,1406.07251132182,AX,41.1475885372503,L1,0.515307274168145,L2,0.155441961...
GetData ===>> H2,-0.136871641610678,H1,1405.234504505,AX,41.1342947006098,L1,0.493139900627743,L2,0.16656277291...
GetData ===>> H2,-0.206407124075568,H1,1405.11736344217,AX,41.2421249500628,L1,0.470409153360207,L2,0.126796138...
Get Checksum: -860229079
GetData ===>> H2,-0.15950199989644,H1,1405.34913868084,AX,41.2045289389041,L1,0.490638138446937,L2,0.1071527060...
GetData ===>> H2,-0.107432766647544,H1,1404.71755129442,AX,41.0524808267854,L1,0.493436218296933,L2,0.219606855...
GetData ===>> H2,-0.0431571886736309,H1,1403.55401261831,AX,41.1475744916906,L1,0.49425144318486,L2,0.119943850...
Get Checksum: -860229079
GetData ===>> H2,-0.119551404202135,H1,1403.04262782977,AX,41.2898575218785,L1,0.507604203683458,L2,0.197194456...
GetData ===>> H2,-0.160467633188973,H1,1402.56096745906,AX,41.3546224714851,L1,0.519170813123818,L2,0.236978932...
Get Checksum: -860229079
GetData ===>> H2,-0.173602873709897,H1,1402.5410438583,AX,41.0135819049045,L1,0.485056540269831,L2,0.1800577593...
GetData ===>> H2,-0.124655674362211,H1,1401.68940557165,AX,41.1050358201968,L1,0.479680565007992,L2,0.119008967...
GetData ===>> H2,-0.200055583736015,H1,1400.60641123635,AX,41.1623092034956,L1,0.480391550994411,L2,0.112658844...
Get Checksum: -860229079
GetData ===>> H2,-0.149704386684688,H1,1400.40862036554,AX,41.1709345697642,L1,0.529396921285577,L2,0.062365419...
testing age>100.0
evaluate ot="age>100.0" t="age>100.0", ctx="{'age': 228.74412083117116}"
condition age>100.0 is true trips=1/1
21:01:35 -- Conditional tripped: age>100.0 condition age>100.0 is True
21:01:35 -- truncation conditional condition age>100.0 is True. measurement iteration executed 64/120 counts
state changed from measurement to truncated
measurement finished
estimated time: 125.829 actual time: :67.361
flush and close file /Users/jan/PychronDev/data/isotopes/21/af71b4-3618-4970-9ce1-6bcceb0ecf7c.h5
baselines () {'settling_time': 15.0, 'detector': 'H1', 'mass': 34.2, 'ncounts': 60.0}
%%%%%%%%%%%%%%%%%%%%%%%%%%%%%%%% Baseline
build tables- baseline [Detector(H2), Detector(H1), Detector(AX), Detector(L1), Detector(L2), Detector(CDD)]
add group baseline table H2
add group baseline table H1
add group baseline table AX
add group baseline table L1
add group baseline table L2
add group baseline table CDD
flush and close file /Users/jan/PychronDev/data/isotopes/21/af71b4-3618-4970-9ce1-6bcceb0ecf7c.h5
detector Detector(H1)
POSITION 34.2 H1
Mapping mass to dac mass func: "parabolic"
H1 map mass coeffs = [-0.00063987  0.15840543  0.57049999]
H1 map mass to dac 34.2 >> 5.23954599104
GetDeflection H1 ===>> 0
GetHighVoltage ===>> 4499.94659342336
positioning 34.2 (5.23951513585) on H1
setting magnet DAC
current  : 5.878855
requested: 5.239515
Delta Dac: 0.639340
Checking detector protection. dv=0.63934
Checking detector "CDD". Protection Threshold: 0.1 (V)
ProtectDetector CDD,On ===>> OK
GetDeflection CDD ===>> 2000
SetMagnetDAC 5.23951513585 ===>> OK
Magnet settling time: 0.500
loading system conditionals pre_run_terminations
loading conditionals from /Users/jan/PychronDev/setupfiles/spectrometer/default_conditionals.yaml
loading queue conditionals pre_run_terminations
loading system conditionals None
loading conditionals from /Users/jan/PychronDev/setupfiles/spectrometer/default_conditionals.yaml
loading queue conditionals None
loading system conditionals post_run_terminations
loading conditionals from /Users/jan/PychronDev/setupfiles/spectrometer/default_conditionals.yaml
loading queue conditionals post_run_terminations
Show conditionals active run: <pychron.experiment.automated_run.automated_run.AutomatedRun object at 0x13a66bdd0>
Show conditionals measuring run: <pychron.experiment.automated_run.automated_run.AutomatedRun object at 0x13a66bdd0>
active_run same as measuring_run: True
GetMagnetMoving ===>> True
GetMagnetMoving ===>> True
GetMagnetMoving ===>> True
GetMagnetMoving ===>> True
GetMagnetMoving ===>> True
Get Checksum: -860229079
GetMagnetMoving ===>> True
GetMagnetMoving ===>> True
GetMagnetMoving ===>> True
GetMagnetMoving ===>> False
ProtectDetector CDD,Off ===>> OK
GetDeflection CDD ===>> 50
Delaying 15.0s for detectors to settle
Get Checksum: -860229079
Get Checksum: -860229079
Get Checksum: -860229079
Get Checksum: -860229079
Get Checksum: -860229079
Join finished
measuring baseline. ncounts=60.0
starting measurement
GetData ===>> H2,-0.187537769628822,H1,-0.108887082510756,AX,-0.0601078756089463,L1,-0.0747291221106236,L2,-0.0...
GetData ===>> H2,-0.287322817012863,H1,-0.0794392741007453,AX,-0.0677245844916115,L1,-0.0648688428229058,L2,0.0...
Get Checksum: -860229079
GetData ===>> H2,-0.332402901600046,H1,-0.0769719861114513,AX,-0.019684128980177,L1,-0.080203930941388,L2,-0.01...
GetData ===>> H2,-0.221614878577489,H1,-0.058852838597123,AX,-0.0223749286025882,L1,-0.0446798814523458,L2,-0.0...
GetData ===>> H2,-0.163628662535165,H1,-0.0411477394529623,AX,-0.0880792549824668,L1,-0.0188534774301125,L2,-0....
Get Checksum: -860229079
GetData ===>> H2,-0.160767435458851,H1,-0.0695816773930822,AX,-0.130548381073522,L1,-0.00860146940693566,L2,-0....
GetData ===>> H2,-0.000487706907121121,H1,-0.0888668528414403,AX,-0.139231821162854,L1,-0.0228564415631532,L2,-...
GetData ===>> H2,-0.257086094677798,H1,-0.121799750140661,AX,0.0329405929534274,L1,-0.0433580984371483,L2,-0.09...
Get Checksum: -860229079
GetData ===>> H2,-0.212030489548841,H1,-0.0671260669137251,AX,-0.0647452122839893,L1,-0.013004929430896,L2,0.05...
GetData ===>> H2,-0.155219809303627,H1,-0.0227120316856897,AX,-0.0247061215804467,L1,0.0076937581875357,L2,-0.0...
GetData ===>> H2,-0.169981810538909,H1,0.00929021158906376,AX,-0.0741119583257851,L1,0.00377041149755606,L2,-0....
GetData ===>> H2,-0.216973362279585,H1,-0.112461701994593,AX,-0.131915428266006,L1,-0.0203210562230725,L2,-0.15...
GetData ===>> H2,-0.285457146558794,H1,-0.0511512073324337,AX,-0.132471509762632,L1,0.0175461593390175,L2,-0.06...
Get Checksum: -860229079
GetData ===>> H2,-0.28839184532828,H1,-0.035805788069365,AX,-0.108012504188925,L1,0.0208220219470794,L2,0.06481...
GetData ===>> H2,-0.19270957389395,H1,0.0197292349944036,AX,0.0381976669165038,L1,-0.00559598810001604,L2,0.012...
GetData ===>> H2,-0.104492430879326,H1,-0.0500185645064598,AX,-0.0388312609108195,L1,-0.060088652629515,L2,0.01...
Get Checksum: -860229079
GetData ===>> H2,-0.256888510232504,H1,0.0196099257203432,AX,-0.0206699909248516,L1,-0.0459404418448425,L2,0.02...
GetData ===>> H2,-0.255291578361358,H1,0.039894545089836,AX,-0.0376948312826245,L1,-0.0644323082874499,L2,-0.05...
Get Checksum: -860229079
GetData ===>> H2,-0.222520055280199,H1,-0.0161168044360725,AX,-0.132077619030912,L1,-0.0524729495407888,L2,-0.0...
GetData ===>> H2,-0.277410031355205,H1,0.0227955321236763,AX,-0.139092678483168,L1,-0.0261880330342778,L2,-0.03...
GetData ===>> H2,-0.225089715481867,H1,0.0586674454504223,AX,-0.131104470385054,L1,-0.0648568832255511,L2,-0.09...
Get Checksum: -860229079
GetData ===>> H2,-0.182199003400486,H1,0.0456346451647384,AX,-0.0491860746321267,L1,-0.0111373207885064,L2,0.02...
GetData ===>> H2,-0.241183601816359,H1,-0.0368312740653519,AX,-0.0304584782996493,L1,0.00618679552706958,L2,-0....
GetData ===>> H2,-0.129571131880219,H1,-0.0394784102750954,AX,0.045486088909528,L1,-0.0371203851578035,L2,-0.01...
Get Checksum: -860229079
21:02:18 -- collecting point 25
GetData ===>> H2,-0.188864651777113,H1,-0.0244889715804273,AX,-0.0740192226853539,L1,-0.02532048742647,L2,0.001...
GetData ===>> H2,-0.199954458647365,H1,-0.00329482069079108,AX,-0.0391327604215298,L1,-0.00517615672140895,L2,0...
GetData ===>> H2,-0.144892964346859,H1,-0.0163076308593578,AX,-0.0668087560529858,L1,-0.0285254802690954,L2,-0....
Get Checksum: -860229079
GetData ===>> H2,-0.156768068712698,H1,0.0195383402241013,AX,-0.0869665811990129,L1,-0.028403289925702,L2,0.044...
GetData ===>> H2,-0.203247975106388,H1,0.0430569295778895,AX,-0.143150924885136,L1,-0.050156722889267,L2,-0.069...
GetData ===>> H2,-0.134846154831739,H1,-0.0957433000657869,AX,-0.13290015374667,L1,-0.0452628953273251,L2,-0.05...
Get Checksum: -860229079
GetData ===>> H2,-0.000533922105097794,H1,0.0327467308428588,AX,-0.0512267590159294,L1,-0.0554797632806812,L2,0...
GetData ===>> H2,-0.0829581660411113,H1,0.0187509031445156,AX,-0.100155583118243,L1,-0.0524023699451219,L2,-0.0...
GetData ===>> H2,-0.251276743150484,H1,-0.0207800209699681,AX,-0.0819130276339913,L1,-0.058868119245525,L2,-0.0...
Get Checksum: -860229079
GetData ===>> H2,-0.304472437365071,H1,-0.0308332244119079,AX,0.0185286143199388,L1,-0.0375540841456853,L2,-0.0...
GetData ===>> H2,-0.197756450059598,H1,0.00937371945701777,AX,-0.073196190003068,L1,-0.0416517355575874,L2,-0.0...
GetData ===>> H2,-0.183886692559655,H1,-0.023594542690719,AX,-0.0299250079070913,L1,0.00160354456648503,L2,0.04...
Get Checksum: -860229079
GetData ===>> H2,-0.208410785530534,H1,-0.0259319666726874,AX,-0.110747212803565,L1,-0.0180044860756857,L2,-0.0...
GetData ===>> H2,-0.230048261849177,H1,-0.0771507771407663,AX,-0.104443362059135,L1,-0.0656246604689705,L2,-0.0...
GetData ===>> H2,-0.115554568240342,H1,-0.0600330671729708,AX,-0.0691620699746702,L1,-0.0230446219960579,L2,0.0...
Get Checksum: -860229079
GetData ===>> H2,-0.145576575485078,H1,-0.00230477596627736,AX,-0.103736470972764,L1,0.0233706512791335,L2,0.05...
GetData ===>> H2,-0.215861775521127,H1,0.0207791627374611,AX,-0.0486643018690994,L1,0.00562774091657632,L2,-0.0...
Get Checksum: -860229079
GetData ===>> H2,-0.154628010315984,H1,0.056865189760358,AX,-0.0421708956701677,L1,0.0376153841619756,L2,-0.001...
GetData ===>> H2,-0.120914931529932,H1,0.0352645170418111,AX,-0.118047117779814,L1,-0.0269297012253478,L2,-0.03...
GetData ===>> H2,-0.107885995071888,H1,-0.0473001694208939,AX,-0.0794093350599377,L1,-0.0393713429789562,L2,-0....
Get Checksum: -860229079
GetData ===>> H2,-0.0953986908430095,H1,-0.00282962017232864,AX,0.0307357236916271,L1,-0.0117295269059455,L2,-0...
GetData ===>> H2,-0.157243582379463,H1,0.00732183201856991,AX,-0.101233339929365,L1,-0.0194482083612641,L2,0.01...
GetData ===>> H2,-0.121995627026745,H1,0.0132270868474783,AX,-0.0375440794166537,L1,-0.0104227909111146,L2,-0.0...
Get Checksum: -860229079
GetData ===>> H2,-0.159254838570517,H1,0.0117954779305986,AX,-0.0909651933053614,L1,-0.0235348334716709,L2,0.00...
GetData ===>> H2,-0.278748884817042,H1,0.0612097553195802,AX,-0.0279302666179031,L1,-0.0321174524899521,L2,-0.0...
21:02:45 -- collecting point 50
GetData ===>> H2,-0.283378890812039,H1,0.0419232330870713,AX,-0.158072220783195,L1,-0.0351061951765386,L2,0.018...
Get Checksum: -860229079
GetData ===>> H2,-0.217327774559856,H1,-0.0195754768970822,AX,-0.167937337275686,L1,-0.0277887218625297,L2,-0.0...
GetData ===>> H2,-0.134517553794153,H1,0.000247914640350144,AX,0.00578936636641006,L1,0.00150511625223267,L2,-0...
GetData ===>> H2,-0.164822089744539,H1,0.00689237252855537,AX,-0.0866420489485746,L1,-0.0161335742962749,L2,-0....
Get Checksum: -860229079
GetData ===>> H2,-0.111360031010396,H1,0.00773936384470559,AX,-0.146119135043508,L1,-0.0174972155262692,L2,0.12...
GetData ===>> H2,-0.111293696423212,H1,-0.0147571556393665,AX,-0.00917537998476945,L1,-0.0070676587004456,L2,-0...
GetData ===>> H2,-0.0678974573716445,H1,0.0116761781116416,AX,-0.0748538402678821,L1,-0.0499437372209859,L2,0.0...
Get Checksum: -860229079
GetData ===>> H2,-0.092987636308507,H1,0.0190730357466197,AX,-0.0730454931241654,L1,-0.0212309914269004,L2,0.01...
GetData ===>> H2,-0.205520387207704,H1,-0.0265759412395593,AX,0.0118919310407473,L1,9.24158327824647E-05,L2,0.0...
GetData ===>> H2,-0.229976921602333,H1,-0.0359846526624128,AX,0.053294796767246,L1,0.00679987176543539,L2,-0.05...
Get Checksum: -860229079
GetData ===>> H2,-0.247742076019711,H1,0.00159585697099303,AX,0.0122051908812932,L1,-0.00683378899782162,L2,0.0...
measurement finished
estimated time: 62.915 actual time: :63.178
flush and close file /Users/jan/PychronDev/data/isotopes/21/af71b4-3618-4970-9ce1-6bcceb0ecf7c.h5
activate_detectors ('H1', 'AX', 'CDD') {'peak_center': True}
peak_center () {'detector': 'H1', 'isotope': 'Ar40'}
peak center: mean=1402.95871424 threshold=3
peak center started
setup peak center. detector=['H1', 'AX', 'CDD'], isotope=Ar40
VersionedUnpickler [<apptools.sweet_pickle.versioned_unpickler.VersionedUnpickler object at 0x13c57fb90>] using Updater [<apptools.sweet_pickle.updater.Updater object at 0x12bdbdb30>]
VersionedUnpickler [<apptools.sweet_pickle.versioned_unpickler.VersionedUnpickler object at 0x13c57fb90>] using Updater [<apptools.sweet_pickle.updater.Updater object at 0x12bdbdb30>]
VersionedUnpickler [<apptools.sweet_pickle.versioned_unpickler.VersionedUnpickler object at 0x140035cb0>] using Updater [<apptools.sweet_pickle.updater.Updater object at 0x12bdbdb30>]
setting integration time = 0.524288
SetIntegrationTime 0.524288 ===>> OK
Mapping mass to dac mass func: "parabolic"
H1 map mass coeffs = [-0.00063987  0.15840543  0.57049999]
H1 map mass to dac 39.9624 >> 5.87889
GetDeflection H1 ===>> 0
GetHighVoltage ===>> 4499.94659342336
do peak center. <pychron.spectrometer.jobs.peak_center.PeakCenter object at 0x12bdbd290>
doing pc
starting peak center. center dac= 5.87885537977 step_width=0.001
width = 0.001
get scan parameters. half-width=0.015,window=0.015, i=0, scalar=1
Scan parameters center=5.87886 width=0.03000 (5.86386 - 5.89386)
GetData ===>> H2,-0.183684345023252,H1,-0.0416485327767056,AX,-0.135045858473881,L1,0.00155192959880609,L2,-0.0...
Moving to starting dac 5.86385537977
setting magnet DAC
current  : 5.239515
requested: 5.863855
Delta Dac: 0.624340
Checking detector protection. dv=0.62434
Checking detector "CDD". Protection Threshold: 0.1 (V)
ProtectDetector CDD,On ===>> OK
GetDeflection CDD ===>> 2000
SetMagnetDAC 5.86385537977 ===>> OK
Magnet settling time: 0.500
GetMagnetMoving ===>> True
GetMagnetMoving ===>> True
Get Checksum: -860229079
GetMagnetMoving ===>> True
GetMagnetMoving ===>> True
GetMagnetMoving ===>> True
GetMagnetMoving ===>> True
GetMagnetMoving ===>> True
GetMagnetMoving ===>> True
GetMagnetMoving ===>> False
ProtectDetector CDD,Off ===>> OK
GetDeflection CDD ===>> 50
Wait until signal near baseline. tol= -0.0312363995825. timeout= 10
GetData ===>> H2,5.69148944707598,H1,0.64685820085566,AX,0.0309213949671873,L1,0.00286759366204912,L2,-0.046424...
GetData ===>> H2,106.739475068021,H1,24.0209644218434,AX,0.437779964811781,L1,0.0043587273049137,L2,-0.08563582...
GetData ===>> H2,109.345933233478,H1,34.592560201327,AX,0.671583867600977,L1,-0.0455609735407329,L2,-0.12714321...
Get Checksum: -860229079
GetData ===>> H2,57.6567615953552,H1,16.7304390530072,AX,0.272566896440359,L1,-0.0660198274745706,L2,-0.0322874...
GetData ===>> H2,23.5643574031762,H1,8.61169640808399,AX,0.177424631405075,L1,-0.0613811353519624,L2,-0.0026644...
GetData ===>> H2,7.77795341061093,H1,4.79540558333851,AX,-0.0117272776449355,L1,-0.04892421518794,L2,-0.1813829...
GetData ===>> H2,2.21561989754717,H1,2.82574544052101,AX,-0.0403967289736989,L1,-0.029737994497421,L2,-0.048290...
GetData ===>> H2,0.761034539565697,H1,1.88774754855412,AX,0.0249104672585196,L1,-0.0219258285227538,L2,-0.09237...
GetData ===>> H2,0.490869836185864,H1,1.3698346360514,AX,0.038278904282177,L1,-0.0324778775752568,L2,-0.0035070...
Get Checksum: -860229079
GetData ===>> H2,0.436078049904396,H1,1.21536733926322,AX,0.0580190609124528,L1,-0.0200694572731761,L2,-0.08620...
GetData ===>> H2,0.488479996624848,H1,1.14808837293443,AX,0.0629546814114764,L1,0.0151323966484022,L2,-0.062606...
GetData ===>> H2,0.50620950454389,H1,1.09373158738981,AX,0.0479814542983924,L1,0.024959608836328,L2,-0.03843406...
GetData ===>> H2,0.500230666975007,H1,1.03597669540656,AX,-0.0329750274575915,L1,-0.0124919110046249,L2,-0.0096...
GetData ===>> H2,0.444672081521719,H1,1.0565431306137,AX,-0.0633540344859295,L1,-0.0273971362325801,L2,-0.04023...
GetData ===>> H2,0.33238393380925,H1,1.11291862745009,AX,-0.0233027732928349,L1,-0.0255034667383375,L2,-0.24738...
Get Checksum: -860229079
GetData ===>> H2,0.237049341281313,H1,1.05347467768897,AX,0.0045596182797451,L1,-0.0269949707641247,L2,-0.11308...
GetData ===>> H2,0.205912943140739,H1,0.969967190816657,AX,0.0822824765635149,L1,0.0190726926256708,L2,-0.15657...
GetData ===>> H2,0.200112193974668,H1,0.973703777436375,AX,-0.0663450421640504,L1,0.0396101800613452,L2,0.10390...
GetData ===>> H2,0.193032442918856,H1,0.97351215423307,AX,-0.0507629708681255,L1,-0.0248522110168257,L2,0.01712...
GetData ===>> H2,0.179123345468466,H1,0.953896660281006,AX,-0.141136702349627,L1,-0.0583544343408737,L2,0.02890...
GetData ===>> H2,0.233751093531123,H1,1.13556403986677,AX,0.00694952031242562,L1,-0.052070998094327,L2,0.054489...
Peak center failed to move to a baseline position
_do_sweep sm= 5.86385537977, em= 5.89385537977, stm= 0.001
calculated step values: start=5.86385537977, end=5.89385537977, width=0.001, nsteps=31.0
setting magnet DAC
current  : 5.863855
requested: 5.863855
Delta Dac: 0.000000
Checking detector protection. dv=0.00000
Checking detector "CDD". Protection Threshold: 0.1 (V)
SetMagnetDAC 5.86385537977 ===>> OK
GetData ===>> H2,0.233751093531123,H1,1.13556403986677,AX,0.00694952031242562,L1,-0.052070998094327,L2,0.054489...
setting magnet DAC
current  : 5.863855
requested: 5.864890
Delta Dac: 0.001034
Checking detector protection. dv=0.00103
Checking detector "CDD". Protection Threshold: 0.1 (V)
SetMagnetDAC 5.86488986253 ===>> OK
Magnet settling time: 1.049
Get Checksum: -860229079
GetData ===>> H2,-0.0187960138803447,H1,2.49835034928678,AX,-0.0468438727666528,L1,-0.0322027265380792,L2,-0.02...
setting magnet DAC
current  : 5.864890
requested: 5.865924
Delta Dac: 0.001034
Checking detector protection. dv=0.00103
Checking detector "CDD". Protection Threshold: 0.1 (V)
SetMagnetDAC 5.86592434529 ===>> OK
Magnet settling time: 1.049
GetData ===>> H2,0.0164015177095765,H1,9.25192263179195,AX,0.0189463228077019,L1,-0.00250201974835462,L2,-0.169...
setting magnet DAC
current  : 5.865924
requested: 5.866959
Delta Dac: 0.001034
Checking detector protection. dv=0.00103
Checking detector "CDD". Protection Threshold: 0.1 (V)
SetMagnetDAC 5.86695882804 ===>> OK
Magnet settling time: 1.049
GetData ===>> H2,-0.0518330514636292,H1,36.8786253203641,AX,0.575395659011662,L1,-0.0512861893842432,L2,0.00257...
setting magnet DAC
current  : 5.866959
requested: 5.867993
Delta Dac: 0.001034
Checking detector protection. dv=0.00103
Checking detector "CDD". Protection Threshold: 0.1 (V)
SetMagnetDAC 5.8679933108 ===>> OK
Magnet settling time: 1.049
Get Checksum: -860229079
GetData ===>> H2,-0.0685105223327573,H1,122.375071805483,AX,2.15825264013977,L1,0.00401533880143839,L2,-0.08395...
setting magnet DAC
current  : 5.867993
requested: 5.869028
Delta Dac: 0.001034
Checking detector protection. dv=0.00103
Checking detector "CDD". Protection Threshold: 0.1 (V)
SetMagnetDAC 5.86902779356 ===>> OK
Magnet settling time: 1.049
GetData ===>> H2,0.042919761975035,H1,324.929691445787,AX,6.73868533775033,L1,0.00617288017831177,L2,-0.0685921...
setting magnet DAC
current  : 5.869028
requested: 5.870062
Delta Dac: 0.001034
Checking detector protection. dv=0.00103
Checking detector "CDD". Protection Threshold: 0.1 (V)
SetMagnetDAC 5.87006227632 ===>> OK
Magnet settling time: 1.049
Get Checksum: -860229079
GetData ===>> H2,-0.0233489824919683,H1,645.267321980113,AX,14.9352898089351,L1,0.0457405117404688,L2,-0.068728...
setting magnet DAC
current  : 5.870062
requested: 5.871097
Delta Dac: 0.001034
Checking detector protection. dv=0.00103
Checking detector "CDD". Protection Threshold: 0.1 (V)
SetMagnetDAC 5.87109675908 ===>> OK
Magnet settling time: 1.049
GetData ===>> H2,-0.0349499298764953,H1,970.647285115735,AX,24.853003181582,L1,0.160385157251503,L2,-0.00111589...
setting magnet DAC
current  : 5.871097
requested: 5.872131
Delta Dac: 0.001034
Checking detector protection. dv=0.00103
Checking detector "CDD". Protection Threshold: 0.1 (V)
SetMagnetDAC 5.87213124184 ===>> OK
Magnet settling time: 1.049
GetData ===>> H2,0.00248405134122092,H1,1189.41503076736,AX,32.4433413717642,L1,0.259913589899284,L2,-0.0136176...
setting magnet DAC
current  : 5.872131
requested: 5.873166
Delta Dac: 0.001034
Checking detector protection. dv=0.00103
Checking detector "CDD". Protection Threshold: 0.1 (V)
SetMagnetDAC 5.8731657246 ===>> OK
Magnet settling time: 1.049
Get Checksum: -860229079
GetData ===>> H2,-0.116478809390874,H1,1290.48577672684,AX,36.893466083706,L1,0.339961113558059,L2,0.0058529869...
setting magnet DAC
current  : 5.873166
requested: 5.874200
Delta Dac: 0.001034
Checking detector protection. dv=0.00103
Checking detector "CDD". Protection Threshold: 0.1 (V)
SetMagnetDAC 5.87420020735 ===>> OK
Magnet settling time: 1.049
GetData ===>> H2,-0.227517326693775,H1,1324.71455014687,AX,38.6682426874832,L1,0.384455256270983,L2,0.289293170...
setting magnet DAC
current  : 5.874200
requested: 5.875235
Delta Dac: 0.001034
Checking detector protection. dv=0.00103
Checking detector "CDD". Protection Threshold: 0.1 (V)
SetMagnetDAC 5.87523469011 ===>> OK
Magnet settling time: 1.049
GetData ===>> H2,-0.241771786282358,H1,1335.70339865587,AX,39.2621646021683,L1,0.472818739392885,L2,0.146432199...
setting magnet DAC
current  : 5.875235
requested: 5.876269
Delta Dac: 0.001034
Checking detector protection. dv=0.00103
Checking detector "CDD". Protection Threshold: 0.1 (V)
SetMagnetDAC 5.87626917287 ===>> OK
Magnet settling time: 1.049
Get Checksum: -860229079
GetData ===>> H2,-0.0192899852567025,H1,1336.82452028471,AX,39.3298059964646,L1,0.485294071881763,L2,0.13060444...
setting magnet DAC
current  : 5.876269
requested: 5.877304
Delta Dac: 0.001034
Checking detector protection. dv=0.00103
Checking detector "CDD". Protection Threshold: 0.1 (V)
SetMagnetDAC 5.87730365563 ===>> OK
Magnet settling time: 1.049
GetData ===>> H2,-0.0566719536210634,H1,1336.4997189964,AX,39.2264502479066,L1,0.442654846206572,L2,0.094055524...
setting magnet DAC
current  : 5.877304
requested: 5.878338
Delta Dac: 0.001034
Checking detector protection. dv=0.00103
Checking detector "CDD". Protection Threshold: 0.1 (V)
SetMagnetDAC 5.87833813839 ===>> OK
Magnet settling time: 1.049
GetData ===>> H2,-0.0508324840556513,H1,1336.2915552328,AX,39.3574149115846,L1,0.457226587430123,L2,0.137879413...
setting magnet DAC
current  : 5.878338
requested: 5.879373
Delta Dac: 0.001034
Checking detector protection. dv=0.00103
Checking detector "CDD". Protection Threshold: 0.1 (V)
SetMagnetDAC 5.87937262115 ===>> OK
Magnet settling time: 1.049
Get Checksum: -860229079
GetData ===>> H2,-0.0332770792450809,H1,1336.25877102609,AX,39.3615944270601,L1,0.488348312278917,L2,0.19605343...
setting magnet DAC
current  : 5.879373
requested: 5.880407
Delta Dac: 0.001034
Checking detector protection. dv=0.00103
Checking detector "CDD". Protection Threshold: 0.1 (V)
SetMagnetDAC 5.88040710391 ===>> OK
Magnet settling time: 1.049
GetData ===>> H2,-0.156004773531395,H1,1335.87622783049,AX,39.3264354247944,L1,0.48420910131846,L2,0.1303992024...
setting magnet DAC
current  : 5.880407
requested: 5.881442
Delta Dac: 0.001034
Checking detector protection. dv=0.00103
Checking detector "CDD". Protection Threshold: 0.1 (V)
SetMagnetDAC 5.88144158666 ===>> OK
Magnet settling time: 1.049
Get Checksum: -860229079
GetData ===>> H2,-0.155267097844011,H1,1334.40185297547,AX,39.3469389154991,L1,0.52411908965653,L2,0.0682083842...
setting magnet DAC
current  : 5.881442
requested: 5.882476
Delta Dac: 0.001034
Checking detector protection. dv=0.00103
Checking detector "CDD". Protection Threshold: 0.1 (V)
SetMagnetDAC 5.88247606942 ===>> OK
Magnet settling time: 1.049
GetData ===>> H2,-0.0591976670283222,H1,1332.39993200947,AX,39.1665883497173,L1,0.467619551606639,L2,0.23905648...
setting magnet DAC
current  : 5.882476
requested: 5.883511
Delta Dac: 0.001034
Checking detector protection. dv=0.00103
Checking detector "CDD". Protection Threshold: 0.1 (V)
SetMagnetDAC 5.88351055218 ===>> OK
Magnet settling time: 1.049
GetData ===>> H2,-0.17967405567282,H1,1323.20267282029,AX,38.4300105184019,L1,0.472678717448198,L2,0.1121116368...
setting magnet DAC
current  : 5.883511
requested: 5.884545
Delta Dac: 0.001034
Checking detector protection. dv=0.00103
Checking detector "CDD". Protection Threshold: 0.1 (V)
SetMagnetDAC 5.88454503494 ===>> OK
Magnet settling time: 1.049
Get Checksum: -860229079
GetData ===>> H2,-0.231457657906199,H1,1294.47107475131,AX,37.0290951448691,L1,0.478721042905401,L2,0.207076262...
setting magnet DAC
current  : 5.884545
requested: 5.885580
Delta Dac: 0.001034
Checking detector protection. dv=0.00103
Checking detector "CDD". Protection Threshold: 0.1 (V)
SetMagnetDAC 5.8855795177 ===>> OK
Magnet settling time: 1.049
GetData ===>> H2,-0.126536399234163,H1,1148.59639780577,AX,30.2312056991747,L1,0.380268008024671,L2,0.233554489...
setting magnet DAC
current  : 5.885580
requested: 5.886614
Delta Dac: 0.001034
Checking detector protection. dv=0.00103
Checking detector "CDD". Protection Threshold: 0.1 (V)
SetMagnetDAC 5.88661400046 ===>> OK
Magnet settling time: 1.049
GetData ===>> H2,-0.164599344206977,H1,886.937270749034,AX,20.5046009642936,L1,0.271641838921177,L2,0.027218289...
setting magnet DAC
current  : 5.886614
requested: 5.887648
Delta Dac: 0.001034
Checking detector protection. dv=0.00103
Checking detector "CDD". Protection Threshold: 0.1 (V)
SetMagnetDAC 5.88764848322 ===>> OK
Magnet settling time: 1.049
Get Checksum: -860229079
GetData ===>> H2,-0.286636490359584,H1,555.419466832463,AX,11.0497806239493,L1,0.176770937989028,L2,0.005465813...
setting magnet DAC
current  : 5.887648
requested: 5.888683
Delta Dac: 0.001034
Checking detector protection. dv=0.00103
Checking detector "CDD". Protection Threshold: 0.1 (V)
SetMagnetDAC 5.88868296597 ===>> OK
Magnet settling time: 1.049
GetData ===>> H2,-0.304802659908923,H1,270.561337343381,AX,4.47734657886985,L1,0.108013400348775,L2,-0.03679501...
setting magnet DAC
current  : 5.888683
requested: 5.889717
Delta Dac: 0.001034
Checking detector protection. dv=0.00103
Checking detector "CDD". Protection Threshold: 0.1 (V)
SetMagnetDAC 5.88971744873 ===>> OK
Magnet settling time: 1.049
Get Checksum: -860229079
GetData ===>> H2,-0.222620256552644,H1,101.845960945686,AX,1.40856286564917,L1,0.0385904882780871,L2,-0.0801293...
setting magnet DAC
current  : 5.889717
requested: 5.890752
Delta Dac: 0.001034
Checking detector protection. dv=0.00103
Checking detector "CDD". Protection Threshold: 0.1 (V)
SetMagnetDAC 5.89075193149 ===>> OK
Magnet settling time: 1.049
GetData ===>> H2,-0.152011052432123,H1,30.5617581519035,AX,0.194501154165861,L1,0.0134842645329653,L2,0.0530999...
setting magnet DAC
current  : 5.890752
requested: 5.891786
Delta Dac: 0.001034
Checking detector protection. dv=0.00103
Checking detector "CDD". Protection Threshold: 0.1 (V)
SetMagnetDAC 5.89178641425 ===>> OK
Magnet settling time: 1.049
GetData ===>> H2,-0.201463151107924,H1,7.7595469167069,AX,-0.0958792045547942,L1,0.0189430847018411,L2,0.054262...
setting magnet DAC
current  : 5.891786
requested: 5.892821
Delta Dac: 0.001034
Checking detector protection. dv=0.00103
Checking detector "CDD". Protection Threshold: 0.1 (V)
SetMagnetDAC 5.89282089701 ===>> OK
Magnet settling time: 1.049
Get Checksum: -860229079
GetData ===>> H2,-0.327692243309726,H1,1.66998739621878,AX,0.0121703841825458,L1,0.0326667711432945,L2,-0.07337...
setting magnet DAC
current  : 5.892821
requested: 5.893855
Delta Dac: 0.001034
Checking detector protection. dv=0.00103
Checking detector "CDD". Protection Threshold: 0.1 (V)
SetMagnetDAC 5.89385537977 ===>> OK
Magnet settling time: 1.049
GetData ===>> H2,-0.167701187918628,H1,0.0711767099880191,AX,-0.120723612362237,L1,0.0205945103118268,L2,0.1020...
result of _do_sweep=True
result of _calculate_peak_center=([5.8711599889865003, 5.8786750190466206, 5.8861900491067409], [984.01886075175958, 1336.8147567189292, 994.17031981334708], 5.8763002695476221, 1336.8147567189292)
Failed to find a valid peak. No peak greater than 1.0. max = 0.068035667137
new center pos Detector(H1) (Ar40) @ 5.87867501905
GetHighVoltage ===>> 4499.94659342336
GetDeflection H1 ===>> 0
dac uncorrected for HV and deflection 5.87870963822
update mftable H1 Ar40 5.87870963822 message=automated run peakcenter
get initial guess parabolic
get initial guess parabolic
get initial guess parabolic
get initial guess parabolic
get initial guess parabolic
get initial guess parabolic
dump mftable to /Users/jan/PychronDev/setupfiles/spectrometer/mftables/mftable.csv
add to repo msg=modified - automated run peakcenter
sweep finished
locally archiving mftable
setting magnet DAC
current  : 5.893855
requested: 5.878675
Delta Dac: 0.015180
Checking detector protection. dv=0.01518
Checking detector "CDD". Protection Threshold: 0.1 (V)
SetMagnetDAC 5.87867501905 ===>> OK
Magnet settling time: 0.500
setting integration time = 1.048576
SetIntegrationTime 1.048576 ===>> OK
Failed to find a valid peak. No peak greater than 1.0. max = 0.068035667137
flush and close file /Users/jan/PychronDev/data/isotopes/21/af71b4-3618-4970-9ce1-6bcceb0ecf7c.h5
finished measure script
executed 278.04
jan_co2_whiff_120_60_large.py completed successfully
Measurement Finished
21:03:43 -- ******* Measurement Finished *******
Post Measurement Started jan_pump_ms.py
21:03:43 -- ******* Post Measurement Started jan_pump_ms.py *******
testing...
no interpolation path defined
executed 0
Pumping spectrometer
open () {'name': 'O'}
opening name=O desc=---
checking ownership. requestor=129.138.12.150
check software interlocks O
interlocks []
actuate state mode=None-script, software_lock=False
doing actuation None-script open_channel True
Open O ===>> OK
GetValveState O ===>> OK
change switch state (True, True)
update switch state O True args=() kw={} ncanvase=3
21:03:43 -- OPEN   VALVE-O (Jan Ion Pump)
---------------------------------------- open O () result=[(True, True)], time=0.11 sec
Get Checksum: -1965264452
action=open, ok=True, locked=[False]
executed 0
jan_pump_ms.py completed successfully
setting _ms_pumptime
Post Measurement Finished
21:03:43 -- ******* Post Measurement Finished *******
$$$$$$$$$$$$$$$$$$$$ state at run end truncated
post measurement save measured=True aborted=False
Set filtering
setting fod for Ar40= {'filter_outliers': True, 'std_devs': 2, 'iterations': 1}
setting fod for H1= {'filter_outliers': True, 'std_devs': 2, 'iterations': 1}
setting fod for PM41= {'filter_outliers': False, 'std_devs': 2, 'iterations': 1}
setting fod for H2= {'filter_outliers': True, 'std_devs': 2, 'iterations': 1}
setting fod for Ar36= {'filter_outliers': True, 'std_devs': 2, 'iterations': 1}
setting fod for CDD= {'filter_outliers': True, 'std_devs': 10, 'iterations': 1}
setting fod for Ar37= {'filter_outliers': True, 'std_devs': 2, 'iterations': 1}
setting fod for L2= {'filter_outliers': True, 'std_devs': 2, 'iterations': 1}
setting fod for Ar38= {'filter_outliers': True, 'std_devs': 2, 'iterations': 1}
setting fod for L1= {'filter_outliers': True, 'std_devs': 2, 'iterations': 1}
setting fod for Ar39= {'filter_outliers': True, 'std_devs': 2, 'iterations': 1}
setting fod for AX= {'filter_outliers': True, 'std_devs': 2, 'iterations': 1}
persistence save...
persistence save - db
post measurement save
5390406576 connecting to database sqlite:////Users/jan/PychronDev/.appdata/local_lab.db
connected to db sqlite:////Users/jan/PychronDev/.appdata/local_lab.db
create new session 5390406576
close session 5390406576
No database instance. Not saving post measurement to isotopedb database
$$$$$$$$$$$$$$$ auto_save_detector_ic=False
massspec enabled True
create new session 5054232432
MassSpec Database Version: 16.0
close session 5054232432
saving post measurement to secondary database
saving to massspec database 129.138.12.160/massspecdata
setting labnumber to 65514
setting aliquot to 7
setting step to 
setting uuid to 21af71b4-3618-4970-9ce1-6bcceb0ecf7c
setting irradpos to 65514
setting extract_device to Fusions CO2
setting tray to 
setting position to 7
setting power_requested to 5.0
setting extract_value to 5.0
setting duration to 30.0
setting duration_at_request to 30.0
setting first_stage_delay to 30.0
setting cleanup to 30.0
setting comment to F:14 DS
setting irradiation to NM-289
setting level to F
setting irradiation_level to F
setting sample to RTBern
setting material to DetritalSanidine
setting project to IR943
setting mass_spectrometer to Jan
no attribute chron_dosages
no attribute production_ratios
no attribute interference_corrections
no attribute production_name
no attribute j
Reference Isotope=Ar40
Reference Detector=H1
%%%%%%%%%%%%%%%%%%%% Comment: F:14 DS %%%%%%%%%%%%%%%%%%%
adding isotope PM41 H2
add baseline dbdet= PM41. original det= H2
get baseline data PM41 H2
Get data baseline <pychron.processing.isotope.Baseline object at 0x13992a650> len t=60
baseline PM41. v=-0.188081395766, e=0.00804390874792
get signal data PM41 H2
Get data signal PM41 0.27+/-0.07 len t=64
adding isotope Ar40 H1
add baseline dbdet= Ar40. original det= H1
get baseline data Ar40 H1
Get data baseline <pychron.processing.isotope.Baseline object at 0x13992a810> len t=60
baseline Ar40. v=-0.0109980261416, e=0.00526644517196
get signal data Ar40 H1
Get data signal Ar40 1449.08+/-0.13 len t=64
adding isotope Ar39 AX
add baseline dbdet= Ar39. original det= AX
get baseline data Ar39 AX
Get data baseline <pychron.processing.isotope.Baseline object at 0x13992a9d0> len t=60
baseline Ar39. v=-0.0673957289108, e=0.00702344253217
get signal data Ar39 AX
Get data signal Ar39 42.384+/-0.030 len t=64
adding isotope Ar38 L1
add baseline dbdet= Ar38. original det= L1
get baseline data Ar38 L1
Get data baseline <pychron.processing.isotope.Baseline object at 0x13992ab90> len t=60
baseline Ar38. v=-0.0252537656414, e=0.00317344361587
get signal data Ar38 L1
Get data signal Ar38 0.579+/-0.008 len t=64
adding isotope Ar37 L2
add baseline dbdet= Ar37. original det= L2
get baseline data Ar37 L2
Get data baseline <pychron.processing.isotope.Baseline object at 0x13992ad50> len t=60
baseline Ar37. v=-0.0257866913469, e=0.00672357426841
get signal data Ar37 L2
Get data signal Ar37 0.216+/-0.017 len t=64
adding isotope Ar36 CDD
add baseline dbdet= Ar36. original det= CDD
get baseline data Ar36 CDD
Get data baseline <pychron.processing.isotope.Baseline object at 0x13992af10> len t=60
baseline Ar36. v=0.000295249737895, e=2.77469541323e-05
get signal data Ar36 CDD
Get data signal Ar36 0.0576+/-0.0011 len t=64
65514-07 added analysis time 0.520690917969s
analysis added to mass spec database
mass spec save time= 0.528
persistence save - dvc
================= post measurement started
create new session 4982913552
close session 4982913552
---------------- Experiment Queue saving disabled
DVC saving peakcenter
Failed to find a valid peak. No peak greater than 1.0. max = 0.068035667137
Smart pull ahead: 0 behind: 0
Up-to-date with origin
add to repo msg=modified - ad8224ebc6dbfeb9f5997218dfa5fe690569839d.json
add to repo msg=modified - 14-07.json
add to repo msg=modified - 14-07.dat.json
add to repo msg=modified - 14-07.blan.json
add to repo msg=modified - 14-07.inte.json
add to repo msg=modified - 14-07.icfa.json
add to repo msg=modified - 14-07.base.json
not at valid file /Users/jan/PychronDev/data/.dvc/repositories/Load1782/655/tags/14-07.tags.json
add to repo msg=modified - 14-07.peak.json
add to repo msg=modified - 14-07.extr.json
not at valid file /Users/jan/PychronDev/data/.dvc/repositories/Load1782/655/monitor/14-07.moni.json
commit message=<COLLECTION>
add to repo msg=modified - 14-07.inte.json
add to repo msg=modified - 14-07.base.json
commit message=<ISOEVO> default collection fits
Get Checksum: -1965264452
add to repo msg=modified - 14-07.blan.json
commit message=<BLANKS> preceding bu-FC-J-7457
add to repo msg=modified - 14-07.icfa.json
commit message=<ICFactor> default
push repository <pychron.git_archive.repo_manager.GitRepoManager object at 0x13be86830>
pushing to remote=origin, url=https://github.com
Get Checksum: -1965264452
no changes to meta repo
create new session 4982913552
add association Load1782
get identifier "65514"
setting analysis irradiation position=<pychron.dvc.dvc_orm.IrradiationPositionTbl object at 0x13c943110>
close session 4982913552
================= post measurement finished
21:03:54 -- ******* Post Run Check *******
loading queue conditionals post_run_actions
loading system conditionals post_run_actions
loading conditionals from /Users/jan/PychronDev/setupfiles/spectrometer/default_conditionals.yaml
loading queue conditionals post_run_terminations
loading system conditionals post_run_terminations
loading conditionals from /Users/jan/PychronDev/setupfiles/spectrometer/default_conditionals.yaml
Checking default post run terminations n=1
GetDeflection CDD ===>> 50
testing CDD==2000
evaluate ot="CDD.deflection==2000" t="CDD==2000", ctx="{'CDD': 50.0}"
21:03:54 -- ******* Post Run Check Passed *******
21:03:54 -- Automated run 65514-07 truncated duration: 311.456 s
----------------- finish -----------------
----------------- stop -----------------
retroactive repository identifiers disabled
finish run. runs completed=10
write rem/ex queues
/Users/jan/PychronDev/experiments/rem/CurrentExperiment.rem.txt
/Users/jan/PychronDev/experiments/rem/CurrentExperiment.ex.txt
doing event level: 3
