do run
loading script "jan_co2_whiff_120_60_large.py"
loading script "jan_pump_ms.py"
loading script "jan_co2.py"
loading script "jan_pump_extraction_line.py"
testing...
no interpolation path defined
executed 266.04
script duration name:co2_whiff_120_60_large seconds:266.0
loading script "jan_co2_whiff_120_60_large.py"
loading script "jan_pump_ms.py"
loading script "jan_co2.py"
loading script "jan_pump_extraction_line.py"
testing...
no interpolation path defined
executed 0
loading script "jan_co2_whiff_120_60_large.py"
loading script "jan_pump_ms.py"
loading script "jan_co2.py"
loading script "jan_pump_extraction_line.py"
testing...
no interpolation path defined
calculate duration
testing...
no interpolation path defined
executed 0
calculate duration
testing...
no interpolation path defined
executed 0
executed 0.0
script duration name:co2 seconds:0.0
loading script "jan_co2_whiff_120_60_large.py"
loading script "jan_pump_ms.py"
loading script "jan_co2.py"
loading script "jan_pump_extraction_line.py"
testing...
no interpolation path defined
calculate duration
testing...
no interpolation path defined
executed 4.0
executed 4.0
Script duration 266.0
Run total estimated duration= 267.000
run duration: 0:04:27
doing event level: 2
15:32:16 -- Setting default integration. t=1.048576
setting integration time = 1.048576
SetIntegrationTime 1.048576 ===>> OK
----------------- start -----------------
**************** Experiment Type: Ar/Ar, Ar/Ar
create new session 4995472560
close session 4995472560
$$$$$ Clearing conditionals
adding conditionals detrital
extract conditionals from file. /Users/jan/PychronDev/scripts/conditionals/detrital.yaml
no attr for this modification cd={'extraction_str': '', 'attr': '', 'mapper': '', 'use_termination': False, 'start_count': 0, 'nskip': 0, 'window': 0, 'frequency': 1, 'teststr': '', 'action': 'Skip Next Run', 'ntrips': 1, 'use_truncation': False}
no attr for this cancelation cd={'mapper': '', 'window': 0, 'frequency': 1, 'attr': '', 'teststr': '', 'start_count': 0, 'ntrips': 1}
adding truncation attr="age" test="age>100.0" start="60"
adding truncation attr="Ar39" test="Ar39<0.5" start="60"
no attr for this termination cd={'mapper': '', 'window': 0, 'frequency': 1, 'attr': '', 'teststr': '', 'start_count': 0, 'ntrips': 1}
Invalid conditional kind="pre_run_terminations"
no attr for this action cd={'mapper': '', 'attr': '', 'start_count': 0, 'window': 0, 'frequency': 1, 'teststr': '', 'action': None, 'ntrips': 1}
Invalid conditional kind="post_run_terminations"
Add queue conditionals
add default conditionals
adding default conditionals from /Users/jan/PychronDev/setupfiles/spectrometer/default_conditionals.yaml
Start automated run 65516-21
loading script "jan_co2_whiff_120_60_large.py"
loading script "jan_pump_ms.py"
loading script "jan_co2.py"
loading script "jan_pump_extraction_line.py"
%%%%%%%%%%%%%%%%%% setting automated run 65516-21
No value "sensitivity_multiplier" in metadata
$$$$$$$$$$$$$$$ auto_save_detector_ic=False
============================= Pre Extraction Check =============================
loading queue conditionals pre_run_terminations
loading system conditionals pre_run_terminations
loading conditionals from /Users/jan/PychronDev/setupfiles/spectrometer/default_conditionals.yaml
15:32:16 -- ******* Pre Extraction Check *******
Get a measurement from the spectrometer
GetData ===>> H2,-0.109673116877809,H1,0.0283318083800445,AX,-0.0363960383152861,L1,-0.0284595935036777,L2,0.07...
Pre Extraction Termination data. keys=H2,H1,AX,L1,L2,CDD, signals=-0.10967,0.02833,-0.03640,-0.02846,0.07652,0.00342
15:32:16 -- testing system defined conditionals
Checking default pre extraction terminations n=2
testing CDD
evaluate ot="CDD.inactive" t="CDD", ctx="{'CDD': False}"
GetDeflection CDD ===>> 50
testing CDD==2000
evaluate ot="CDD.deflection==2000" t="CDD==2000", ctx="{'CDD': 50.0}"
15:32:16 -- ******* Pre Extraction Check Passed *******
=================================================================================
15:32:16 -- stopping status monitor
stop 4969246640
Alive clients [4976046256]
15:32:16 -- starting status monitor
start 4969246640
Monitor already running
start extraction
do extraction
Analysis started at 15:32:16.263450
Extraction Started jan_co2.py
15:32:16 -- ******* Extraction Started jan_co2.py *******
state changed from not run to extraction
DO EXTRACTION <pychron.extraction_line.pyscript_runner.RemotePyScriptRunner object at 0x12bb583b0>
testing...
no interpolation path defined
calculate duration
testing...
no interpolation path defined
executed 0
calculate duration
testing...
no interpolation path defined
executed 0
executed 100.0
Jan CO2 laser analysis
doing GOSUB
testing...
no interpolation path defined
executed 0
Waiting for CO2 access
wait ('FelixCO2Flag', 0) {}
waiting for FelixCO2Flag = 0
Read FelixCO2Flag ===>> 0
finished waiting
CO2 free
wait ('CO2PumpTimeFlag', 0) {}
waiting for CO2PumpTimeFlag = 0
Read CO2PumpTimeFlag ===>> 0
finished waiting
acquire ('JanCO2Flag',) {'clear': True}
acquire JanCO2Flag
Set JanCO2Flag 1 ===>> OK
JanCO2Flag acquired
set extraction state False (0.75, 'red', 1.5)
CO2 acquired
executed 0
WaitForCO2Access.py completed successfully
gosub finished
doing GOSUB
testing...
no interpolation path defined
executed 0
Prepare for CO2 analysis
close () {'description': 'Jan Inlet'}
closing name=--- desc=Jan Inlet
checking ownership. requestor=129.138.12.150
check software interlocks R
interlocks []
actuate state mode=None-script, software_lock=False
doing actuation None-script close_channel False
Close R ===>> OK
GetIndicatorState R ===>> False
change switch state (True, True)
update switch state R False args=() kw={} ncanvase=2
15:32:16 -- CLOSE  VALVE-R (Jan Inlet)
---------------------------------------- close None (Jan Inlet) result=[(True, True)]
action=close, ok=True, locked=[False]
open () {'description': 'Jan Ion Pump'}
opening name=--- desc=Jan Ion Pump
checking ownership. requestor=129.138.12.150
check software interlocks O
interlocks []
actuate state mode=None-script, software_lock=False
doing actuation None-script open_channel False
Open O ===>> OK
GetIndicatorState O ===>> OK
change switch state (True, True)
update switch state O True args=() kw={} ncanvase=2
15:32:17 -- OPEN   VALVE-O (Jan Ion Pump)
---------------------------------------- open None (Jan Ion Pump) result=[(True, True)], time=0.13 sec
action=open, ok=True, locked=[False]
close () {'description': 'Microbone to Minibone'}
closing name=--- desc=Microbone to Minibone
checking ownership. requestor=129.138.12.150
check software interlocks L
interlocks []
actuate state mode=None-script, software_lock=False
doing actuation None-script close_channel False
Close L ===>> OK
GetIndicatorState L ===>> False
change switch state (True, True)
update switch state L False args=() kw={} ncanvase=2
15:32:17 -- CLOSE  VALVE-L (Microbone to Minibone)
---------------------------------------- close None (Microbone to Minibone) result=[(True, True)]
Get Checksum: 2035439760
action=close, ok=True, locked=[False]
open () {'description': 'Microbone to Turbo'}
opening name=--- desc=Microbone to Turbo
checking ownership. requestor=129.138.12.150
check software interlocks U
interlocks []
actuate state mode=None-script, software_lock=False
doing actuation None-script open_channel False
Open U ===>> OK
GetIndicatorState U ===>> OK
change switch state (True, True)
update switch state U True args=() kw={} ncanvase=2
15:32:18 -- OPEN   VALVE-U (Microbone to Turbo)
---------------------------------------- open None (Microbone to Turbo) result=[(True, True)], time=0.13 sec
action=open, ok=True, locked=[False]
open () {'description': 'Microbone to Inlet Pipette'}
opening name=--- desc=Microbone to Inlet Pipette
checking ownership. requestor=129.138.12.150
check software interlocks S
interlocks []
actuate state mode=None-script, software_lock=False
doing actuation None-script open_channel False
Open S ===>> OK
GetIndicatorState S ===>> OK
change switch state (True, True)
update switch state S True args=() kw={} ncanvase=2
15:32:18 -- OPEN   VALVE-S (Microbone to Inlet Pipette)
---------------------------------------- open None (Microbone to Inlet Pipette) result=[(True, True)], time=0.42 sec
action=open, ok=True, locked=[False]
open () {'description': 'Microbone to Getter D-50'}
opening name=--- desc=Microbone to Getter D-50
checking ownership. requestor=129.138.12.150
check software interlocks K
interlocks []
actuate state mode=None-script, software_lock=False
doing actuation None-script open_channel False
Open K ===>> OK
GetIndicatorState K ===>> OK
change switch state (True, True)
update switch state K True args=() kw={} ncanvase=2
15:32:19 -- OPEN   VALVE-K (Microbone to Getter D-50)
---------------------------------------- open None (Microbone to Getter D-50) result=[(True, True)], time=0.39 sec
action=open, ok=True, locked=[False]
open () {'description': 'Microbone to Getter NP-10'}
opening name=--- desc=Microbone to Getter NP-10
checking ownership. requestor=129.138.12.150
check software interlocks M
interlocks []
actuate state mode=None-script, software_lock=False
doing actuation None-script open_channel False
Open M ===>> OK
GetIndicatorState M ===>> OK
change switch state (True, True)
update switch state M True args=() kw={} ncanvase=2
15:32:19 -- OPEN   VALVE-M (Microbone to Getter NP-10)
---------------------------------------- open None (Microbone to Getter NP-10) result=[(True, True)], time=0.12 sec
action=open, ok=True, locked=[False]
close () {'description': 'CO2 Laser to Felix'}
closing name=--- desc=CO2 Laser to Felix
checking ownership. requestor=129.138.12.150
check software interlocks F
interlocks []
actuate state mode=None-script, software_lock=True
VALVE-F(CO2 Laser to Felix) software locked
change switch state (True, False)
---------------------------------------- close None (CO2 Laser to Felix) result=[(True, False)]
action=close, ok=True, locked=[True]
open () {'description': 'CO2 Laser to Jan'}
opening name=--- desc=CO2 Laser to Jan
checking ownership. requestor=129.138.12.150
check software interlocks A
interlocks []
actuate state mode=None-script, software_lock=False
doing actuation None-script open_channel False
Open A ===>> OK
GetIndicatorState A ===>> OK
change switch state (True, True)
update switch state A True args=() kw={} ncanvase=2
15:32:20 -- OPEN   VALVE-A (CO2 Laser to Jan)
---------------------------------------- open None (CO2 Laser to Jan) result=[(True, True)], time=0.13 sec
action=open, ok=True, locked=[False]
open () {'description': 'Microbone to CO2 Laser'}
opening name=--- desc=Microbone to CO2 Laser
checking ownership. requestor=129.138.12.150
check software interlocks T
interlocks []
actuate state mode=None-script, software_lock=False
doing actuation None-script open_channel False
Open T ===>> OK
GetIndicatorState T ===>> OK
change switch state (True, True)
update switch state T True args=() kw={} ncanvase=2
15:32:20 -- OPEN   VALVE-T (Microbone to CO2 Laser)
---------------------------------------- open None (Microbone to CO2 Laser) result=[(True, True)], time=0.40 sec
Get Checksum: 2035439760
action=open, ok=True, locked=[False]
executed 0
PrepareForCO2Analysis.py completed successfully
gosub finished
set_motor ('beam', '1.25') {}
setting motor "beam" to 1.25
set motor beam to 1.25
SetMotor beam,1.25 ===>> OK
GetMotorMoving beam ===>> False
GetMotorMoving beam ===>> False
Block completed
move_to_position ('108',) {'autocenter': True}
FusionsCO2 move to position 108
sending GoToHole 108,True
GoToHole 108,True ===>> OK
GetDriveMoving ===>> OK
GetDriveMoving ===>> OK
GetDriveMoving ===>> OK
GetDriveMoving ===>> OK
GetDriveMoving ===>> OK
GetDriveMoving ===>> OK
GetDriveMoving ===>> OK
GetDriveMoving ===>> False
GetDriveMoving ===>> OK
GetDriveMoving ===>> OK
GetDriveMoving ===>> OK
GetDriveMoving ===>> False
Block completed
Get Checksum: 2035439760
GetAutoCorrecting ===>> False
GetAutoCorrecting ===>> False
Block completed
update position
GetPosition ===>> -5.98170,0.00000,1.00000
got position (-5.9817, 0.0, 1.0)
move to position succeeded
sleep (5,) {}
SLEEP 5.0
block started
WaitControl setup for 5.0  
Get Checksum: 2035439760
Join finished
block finished. duration 5.0125939846
close () {'description': 'Microbone to Turbo'}
closing name=--- desc=Microbone to Turbo
checking ownership. requestor=129.138.12.150
check software interlocks U
interlocks []
actuate state mode=None-script, software_lock=False
doing actuation None-script close_channel True
Close U ===>> OK
Get Checksum: -1640178555
State checksums do not match. Local:2035439760 Remote:-1640178555
State checksum failed
GetIndicatorState U ===>> False
change switch state (True, True)
update switch state U False args=() kw={} ncanvase=2
15:32:32 -- CLOSE  VALVE-U (Microbone to Turbo)
---------------------------------------- close None (Microbone to Turbo) result=[(True, True)]
action=close, ok=True, locked=[False]
enable laser
enable () {}
set extraction state FusionsCO2 Enabled (False, 'red', 1.5)
enabling laser
Enable ===>> OK
begin interval
BEGIN INTERVAL Interval 1 waiting for 30.0
block started
set extract to 5.0
WaitControl setup for 30.0  
extract (5.0,) {}
GetPosition ===>> -5.98170,0.00000,1.00000
set extraction state FusionsCO2 ON! 5.0(watts) (0.75, 'red', 1.5)
extract sample to 5.0 (watts)
set laser output
SetLaserOutput 5.0,watts ===>> OK
executing pattern triangle.lp
execute_pattern ('triangle.lp',) {}
executing pattern triangle.lp
IsPatterning ===>> OK
Get Checksum: -1640178555
IsPatterning ===>> OK
IsPatterning ===>> OK
IsPatterning ===>> OK
Get Checksum: -1640178555
IsPatterning ===>> OK
IsPatterning ===>> OK
IsPatterning ===>> OK
Get Checksum: -1640178555
IsPatterning ===>> OK
IsPatterning ===>> OK
IsPatterning ===>> OK
Get Checksum: -1640178555
IsPatterning ===>> OK
IsPatterning ===>> OK
IsPatterning ===>> OK
Get Checksum: -1640178555
IsPatterning ===>> OK
IsPatterning ===>> OK
IsPatterning ===>> OK
Get Checksum: -1640178555
IsPatterning ===>> OK
IsPatterning ===>> OK
IsPatterning ===>> OK
Get Checksum: -1640178555
IsPatterning ===>> OK
IsPatterning ===>> OK
IsPatterning ===>> OK
Get Checksum: -1640178555
IsPatterning ===>> OK
IsPatterning ===>> OK
IsPatterning ===>> OK
Get Checksum: -1640178555
IsPatterning ===>> OK
IsPatterning ===>> OK
IsPatterning ===>> OK
Get Checksum: -1640178555
Join finished
block finished. duration 30.0522391796
Interval 1 finished
IsPatterning ===>> False
IsPatterning ===>> False
Block completed
COMPLETE INTERVAL waiting for Interval 1 to complete
end_extract () {}
ending extraction. set laser power to 0
set laser power 0
SetLaserPower 0 ===>> OK
disable () {}
%%%%%%%%%%%%%%%%%%%%%%%%%%%%%%%%%%% disable
set extraction state False (0.75, 'red', 1.5)
disabling laser
Disable ===>> OK
sleep (30.0,) {}
SLEEP 30.0
block started
WaitControl setup for 30.0  
Get Checksum: -1640178555
Get Checksum: -1640178555
Get Checksum: -1640178555
Get Checksum: -1640178555
Get Checksum: -1640178555
Get Checksum: -1640178555
Get Checksum: -1640178555
Get Checksum: -1640178555
Get Checksum: -1640178555
Get Checksum: -1640178555
Join finished
block finished. duration 30.0490880013
executed 165.0
jan_co2.py completed successfully
GetAchievedOutput ===>> No Response
Requested Output= 0.000
Achieved Output=  0.000
GetResponseBlob ===>> No Response
GetOutputBlob ===>> No Response
persistence save...
persistence save - db
AutomatedRunPersister post_extraction_save deprecated
persistence save - dvc
no extraction position for 108
create new session 4975699056
close session 4975699056
Extraction Finished
15:33:34 -- ******* Extraction Finished *******
no overlap. not waiting for min ms pumptime
15:33:34 -- Sending spectrometer configuration
======== Sending configuration ========
SetDeflection CDD,50.0 ===>> OK
SetDeflection H2,0.0 ===>> OK
SetDeflection H1,0.0 ===>> OK
SetDeflection L2,825.0 ===>> OK
SetDeflection L1,400.0 ===>> OK
SetDeflection AX,190.0 ===>> OK
SetZFocus 74.64 ===>> OK
SetZSymmetry -50.72 ===>> OK
SetExtractionLens 26.13 ===>> OK
SetIonRepeller -3.81 ===>> OK
SetElectronEnergy 75.08 ===>> OK
SetYSymmetry -2.81 ===>> OK
SetIonCounterVoltage 1590.0 ===>> OK
send trap current 200.0
GetParameter Trap Current Readback ===>> 198.147042666178
SetParameter Trap Current Set,200.0 ===>> OK
updating mftable name mftable
Using mftable located at /Users/jan/PychronDev/setupfiles/spectrometer/mftables/mftable.csv
============ MFtable ===========
Isotope  H2     H1     AX     L1     L2     CDD    
Ar40     5.7762 5.8788 5.9923 6.1161 6.2305 6.3443
Ar39     5.6754 5.7710 5.8847 6.0021 6.1156 6.2308
Ar36     5.3529 5.4400 5.5481 5.6610 5.7706 5.8819
================================
get initial guess parabolic
get initial guess parabolic
get initial guess parabolic
get initial guess parabolic
get initial guess parabolic
get initial guess parabolic
======== Configuration Finished ========
GetYSymmetry ===>> -2.81
GetZSymmetry ===>> -50.72
GetParameter Trap Current Readback ===>> 198.370811206739
GetHighVoltage ===>> 4499.94659342336
start measurement
do measurement
L#=65516 analysis type=unknown
Measurement Started jan_co2_whiff_120_60_large.py
15:33:34 -- ******* Measurement Started jan_co2_whiff_120_60_large.py *******
state changed from extraction to measurement
setting spec, defl, and gains
GetExtractionLens ===>> 26.13
GetYSymmetry ===>> -2.81
GetZSymmetry ===>> -50.72
GetZFocus ===>> 74.64
GetDeflection H2 ===>> 0
GetDeflection H1 ===>> 0
GetDeflection AX ===>> 190
GetDeflection L1 ===>> 400
GetDeflection L2 ===>> 825
GetDeflection CDD ===>> 50
GetGain H2 ===>> 0.0113
GetGain H1 ===>> 0.1
GetGain AX ===>> 0.097049
GetGain L1 ===>> 0.010355
GetGain L2 ===>> 0.095649
GetGain CDD ===>> 0
pre measurement save
New frame /Users/jan/PychronDev/data/isotopes/2d/00e37c-13fe-4f03-8459-bfb5759706d1.h5
flush and close file /Users/jan/PychronDev/data/isotopes/2d/00e37c-13fe-4f03-8459-bfb5759706d1.h5
testing...
no interpolation path defined
executed 266.04
co2 whiff measurement script
activate_detectors ('H2', 'H1', 'AX', 'L1', 'L2', 'CDD') {}
activate detectors
*************** Set Analysis View Ar/Ar
create graphs
clearing graphs
clear isotope group
setting isotope det=H2, iso=PM41
setting isotope det=H1, iso=Ar40
setting isotope det=AX, iso=Ar39
setting isotope det=L1, iso=Ar38
setting isotope det=L2, iso=Ar37
setting isotope det=CDD, iso=Ar36
setting previous blanks
 - setting Ar40 blank 0.210+/-0.007
 - setting Ar36 blank 0.00459+/-0.00017
 - setting Ar37 blank 0.039+/-0.005
 - setting Ar38 blank 0.0094+/-0.0021
 - setting PM41 blank 0.05+/-0.07
 - setting Ar39 blank 0.015+/-0.009
load analysis view
position_magnet ('Ar40',) {'detector': 'H1'}
detector Detector(H1)
POSITION Ar40 H1
setting detector H2 to PM41 (40.9624)
setting detector H1 to Ar40 (39.9624)
setting detector AX to Ar39 (38.9624)
setting detector L1 to Ar38 (37.9624)
setting detector L2 to Ar37 (36.9624)
setting detector CDD to Ar36 (35.9624)
Mapping mass to dac mass func: "parabolic"
H1 map mass coeffs = [-0.00063987  0.15840543  0.57035999]
H1 map mass to dac 39.9624 >> 5.87875
GetDeflection H1 ===>> 0
GetHighVoltage ===>> 4499.94659342336
positioning Ar40 (5.87871538059) on H1
setting magnet DAC
current  : 5.878716
requested: 5.878715
Delta Dac: 0.000000
Checking detector protection. dv=0.00000
Checking detector "CDD". Protection Threshold: 0.1 (V)
SetMagnetDAC 5.87871538059 ===>> OK
Magnet settling time: 0.500
close ('S',) {}
closing name=S desc=---
checking ownership. requestor=129.138.12.150
check software interlocks S
interlocks []
actuate state mode=None-script, software_lock=False
doing actuation None-script close_channel True
Get Checksum: -1640178555
Close S ===>> OK
GetIndicatorState S ===>> False
change switch state (True, True)
update switch state S False args=() kw={} ncanvase=2
15:33:36 -- CLOSE  VALVE-S (Microbone to Inlet Pipette)
---------------------------------------- close S () result=[(True, True)]
action=close, ok=True, locked=[False]
equilibrate () {'do_post_equilibration': False, 'inlet': 'R', 'outlet': 'O', 'eqtime': 4}
Equilibration Started
15:33:36 -- ******* Equilibration Started *******
checking ownership. requestor=129.138.12.150
check software interlocks O
interlocks []
actuate state mode=None-script, software_lock=False
doing actuation None-script close_channel True
Close O ===>> OK
GetIndicatorState O ===>> False
change switch state (True, True)
update switch state O False args=() kw={} ncanvase=2
15:33:36 -- CLOSE  VALVE-O (Jan Ion Pump)
waiting 3s before opening inlet value ('R',)
Get Checksum: 1680446728
checking ownership. requestor=129.138.12.150
check software interlocks R
interlocks []
actuate state mode=None-script, software_lock=False
doing actuation None-script open_channel True
Open R ===>> OK
GetIndicatorState R ===>> OK
change switch state (True, True)
update switch state R True args=() kw={} ncanvase=2
15:33:40 -- OPEN   VALVE-R (Jan Inlet)
set_time_zero (0,) {}
equilibrating for 4sec
sniff (4,) {}
py_sniff
build tables- sniff [Detector(H2), Detector(H1), Detector(AX), Detector(L1), Detector(L2), Detector(CDD)]
add group /sniff/PM41 (Group) '' table H2
add group /sniff/Ar40 (Group) '' table H1
add group /sniff/Ar39 (Group) '' table AX
add group /sniff/Ar38 (Group) '' table L1
add group /sniff/Ar37 (Group) '' table L2
add group /sniff/Ar36 (Group) '' table CDD
flush and close file /Users/jan/PychronDev/data/isotopes/2d/00e37c-13fe-4f03-8459-bfb5759706d1.h5
measuring sniff. ncounts=4
starting measurement
GetData ===>> H2,0.96848758748745,H1,58.3880159901218,AX,3.19416503959383,L1,0.146643179085095,L2,0.65003484545...
Get Checksum: 529246153
GetData ===>> H2,6.49405021859076,H1,316.639140075506,AX,9.05416308842381,L1,0.979857783178229,L2,1.12147037410...
GetData ===>> H2,2.95457015455529,H1,333.735599977355,AX,5.52973230083433,L1,0.859405755270626,L2,0.42327807861...
GetData ===>> H2,0.940166238887974,H1,320.139464776329,AX,4.13563101882763,L1,0.562092107400547,L2,0.0651026761...
Equilibration Finished
15:33:44 -- ******* Equilibration Finished *******
checking ownership. requestor=129.138.12.150
check software interlocks R
interlocks []
actuate state mode=None-script, software_lock=False
doing actuation None-script close_channel True
Close R ===>> OK
measurement finished
estimated time: 4.194 actual time: :4.256
flush and close file /Users/jan/PychronDev/data/isotopes/2d/00e37c-13fe-4f03-8459-bfb5759706d1.h5
set_fits () {}
using default fits file=/Users/jan/PychronDev/scripts/measurement/fits/nominal_linear.yaml
set "Ar40" to "('Linear', 'SEM')"
No fit for "PM41". defaulting to linear. check the measurement script "jan_co2_whiff_120_60_large.py"
set "PM41" to "linear"
set "Ar36" to "('Linear', 'SEM')"
set "Ar37" to "('linear', 'SEM')"
set "Ar38" to "('linear', 'SEM')"
set "Ar39" to "('Linear', 'SEM')"
set_baseline_fits () {}
using default fits file=/Users/jan/PychronDev/scripts/measurement/fits/nominal_linear.yaml
set "H1" to "('average', 'SEM')"
set "H2" to "('average', 'SEM')"
set "CDD" to "('average', 'SEM')"
set "L2" to "('average', 'SEM')"
set "L1" to "('average', 'SEM')"
set "AX" to "('average', 'SEM')"
whiff () {'ncounts': 1, 'conditionals': [{'action': 'run_remainder', 'attr': 'Ar40', 'teststr': 'Ar40.cur<=175'}, {'action': 'run_pipette', 'attr': 'Ar40', 'teststr': 'Ar40.cur>500'}, {'action': 'run_chamber_split', 'attr': 'Ar40', 'teststr': 'Ar40.cur>=300'}, {'action': 'pump', 'attr': 'Ar40', 'teststr': 'Ar40.cur>175'}]}
build tables- whiff [Detector(H2), Detector(H1), Detector(AX), Detector(L1), Detector(L2), Detector(CDD)]
Get Checksum: 1680446728
add group /whiff/PM41 (Group) '' table H2
State checksums do not match. Local:529246153 Remote:1680446728
add group /whiff/Ar40 (Group) '' table H1
State checksum failed
add group /whiff/Ar39 (Group) '' table AX
add group /whiff/Ar38 (Group) '' table L1
add group /whiff/Ar37 (Group) '' table L2
add group /whiff/Ar36 (Group) '' table CDD
flush and close file /Users/jan/PychronDev/data/isotopes/2d/00e37c-13fe-4f03-8459-bfb5759706d1.h5
measuring whiff. ncounts=1
GetIndicatorState R ===>> False
change switch state (True, True)
update switch state R False args=() kw={} ncanvase=2
15:33:44 -- CLOSE  VALVE-R (Jan Inlet)
starting measurement
GetData ===>> H2,0.471258276617399,H1,314.070677609299,AX,3.86508549311942,L1,0.379434405173443,L2,0.0935084226...
testing Ar40<=175
evaluate ot="Ar40.cur<=175" t="Ar40<=175", ctx="{'Ar40': 314.07067760929903}"
testing Ar40>500
evaluate ot="Ar40.cur>500" t="Ar40>500", ctx="{'Ar40': 314.07067760929903}"
testing Ar40>=300
evaluate ot="Ar40.cur>=300" t="Ar40>=300", ctx="{'Ar40': 314.07067760929903}"
condition Ar40>=300 is true trips=1/1
15:33:46 -- Conditional tripped: Ar40.cur>=300 condition Ar40>=300 is True
measurement finished
estimated time: 1.049 actual time: :1.105
flush and close file /Users/jan/PychronDev/data/isotopes/2d/00e37c-13fe-4f03-8459-bfb5759706d1.h5
WHIFF Result=run_chamber_split
Whiff result=run_chamber_split
reset_measurement (('H2', 'H1', 'AX', 'L1', 'L2', 'CDD'),) {}
reset_data () {}
reset data
pre measurement save
New frame /Users/jan/PychronDev/data/isotopes/2d/00e37c-13fe-4f03-8459-bfb5759706d1.h5
flush and close file /Users/jan/PychronDev/data/isotopes/2d/00e37c-13fe-4f03-8459-bfb5759706d1.h5
activate_detectors ('H2', 'H1', 'AX', 'L1', 'L2', 'CDD') {}
activate detectors
*************** Set Analysis View Ar/Ar
clear isotope group
 - setting Ar40 blank (0, 0)
 - setting PM41 blank (0, 0)
 - setting Ar36 blank (0, 0)
 - setting Ar37 blank (0, 0)
 - setting Ar38 blank (0, 0)
 - setting Ar39 blank (0, 0)
setting isotope det=H2, iso=PM41
setting isotope det=H1, iso=Ar40
setting isotope det=AX, iso=Ar39
setting isotope det=L1, iso=Ar38
setting isotope det=L2, iso=Ar37
setting isotope det=CDD, iso=Ar36
setting previous blanks
 - setting Ar40 blank 0.210+/-0.007
 - setting Ar36 blank 0.00459+/-0.00017
 - setting Ar37 blank 0.039+/-0.005
 - setting Ar38 blank 0.0094+/-0.0021
 - setting PM41 blank 0.05+/-0.07
 - setting Ar39 blank 0.015+/-0.009
load analysis view
activate_detectors ('H2', 'H1', 'AX', 'L1', 'L2', 'CDD') {}
activate detectors
*************** Set Analysis View Ar/Ar
clear isotope group
 - setting Ar40 blank (0, 0)
 - setting PM41 blank (0, 0)
 - setting Ar36 blank (0, 0)
 - setting Ar37 blank (0, 0)
 - setting Ar38 blank (0, 0)
 - setting Ar39 blank (0, 0)
setting isotope det=H2, iso=PM41
setting isotope det=H1, iso=Ar40
setting isotope det=AX, iso=Ar39
setting isotope det=L1, iso=Ar38
setting isotope det=L2, iso=Ar37
setting isotope det=CDD, iso=Ar36
setting previous blanks
 - setting Ar40 blank 0.210+/-0.007
 - setting Ar36 blank 0.00459+/-0.00017
 - setting Ar37 blank 0.039+/-0.005
 - setting Ar38 blank 0.0094+/-0.0021
 - setting PM41 blank 0.05+/-0.07
 - setting Ar39 blank 0.015+/-0.009
load analysis view
open ('R',) {}
opening name=R desc=---
checking ownership. requestor=129.138.12.150
check software interlocks R
interlocks []
actuate state mode=None-script, software_lock=False
doing actuation None-script open_channel True
Open R ===>> OK
GetIndicatorState R ===>> OK
change switch state (True, True)
update switch state R True args=() kw={} ncanvase=2
15:33:46 -- OPEN   VALVE-R (Jan Inlet)
---------------------------------------- open R () result=[(True, True)], time=0.39 sec
action=open, ok=True, locked=[False]
open ('O',) {}
opening name=O desc=---
checking ownership. requestor=129.138.12.150
check software interlocks O
interlocks []
actuate state mode=None-script, software_lock=False
doing actuation None-script open_channel True
Open O ===>> OK
GetIndicatorState O ===>> OK
change switch state (True, True)
update switch state O True args=() kw={} ncanvase=2
15:33:47 -- OPEN   VALVE-O (Jan Ion Pump)
---------------------------------------- open O () result=[(True, True)], time=0.11 sec
action=open, ok=True, locked=[False]
sleep (8,) {}
SLEEP 8.0
block started
WaitControl setup for 8.0  
Get Checksum: 1728859497
Get Checksum: 1728859497
Get Checksum: 1728859497
Join finished
block finished. duration 8.02130079269
close ('R',) {}
closing name=R desc=---
checking ownership. requestor=129.138.12.150
check software interlocks R
interlocks []
actuate state mode=None-script, software_lock=False
doing actuation None-script close_channel True
Close R ===>> OK
set states for children of R. state=False
handle state [('R', False)]
update switch state R False args=() kw={'refresh': False} ncanvase=2
refresh_canvas_needed fired
GetIndicatorState R ===>> False
change switch state (True, True)
update switch state R False args=() kw={} ncanvase=2
15:33:56 -- CLOSE  VALVE-R (Jan Inlet)
---------------------------------------- close R () result=[(True, True)]
action=close, ok=True, locked=[False]
open ('S',) {}
opening name=S desc=---
checking ownership. requestor=129.138.12.150
check software interlocks S
interlocks []
actuate state mode=None-script, software_lock=False
doing actuation None-script open_channel True
Open S ===>> OK
GetIndicatorState S ===>> OK
change switch state (True, True)
update switch state S True args=() kw={} ncanvase=2
15:33:57 -- OPEN   VALVE-S (Microbone to Inlet Pipette)
---------------------------------------- open S () result=[(True, True)], time=0.49 sec
Get Checksum: -1640178555
action=open, ok=True, locked=[False]
sleep (3,) {}
SLEEP 3.0
block started
WaitControl setup for 3.0  
Get Checksum: -1640178555
Join finished
block finished. duration 3.01303911209
close ('A',) {}
closing name=A desc=---
checking ownership. requestor=129.138.12.150
check software interlocks A
interlocks []
actuate state mode=None-script, software_lock=False
doing actuation None-script close_channel True
Close A ===>> OK
GetIndicatorState A ===>> False
change switch state (True, True)
update switch state A False args=() kw={} ncanvase=2
15:34:00 -- CLOSE  VALVE-A (CO2 Laser to Jan)
---------------------------------------- close A () result=[(True, True)]
action=close, ok=True, locked=[False]
sleep (3,) {}
SLEEP 3.0
block started
WaitControl setup for 3.0  
Get Checksum: 1955884833
Join finished
block finished. duration 3.00475788116
open ('U',) {}
opening name=U desc=---
checking ownership. requestor=129.138.12.150
check software interlocks U
interlocks []
actuate state mode=None-script, software_lock=False
doing actuation None-script open_channel True
Open U ===>> OK
GetIndicatorState U ===>> OK
change switch state (True, True)
update switch state U True args=() kw={} ncanvase=2
15:34:03 -- OPEN   VALVE-U (Microbone to Turbo)
---------------------------------------- open U () result=[(True, True)], time=0.18 sec
action=open, ok=True, locked=[False]
sleep (15,) {}
SLEEP 15.0
block started
WaitControl setup for 15.0  
Get Checksum: 78038292
Get Checksum: 78038292
Get Checksum: 78038292
Get Checksum: 78038292
Join finished
block finished. duration 15.0250709057
close ('U',) {}
closing name=U desc=---
checking ownership. requestor=129.138.12.150
check software interlocks U
interlocks []
actuate state mode=None-script, software_lock=False
doing actuation None-script close_channel True
Close U ===>> OK
GetIndicatorState U ===>> False
change switch state (True, True)
update switch state U False args=() kw={} ncanvase=2
15:34:19 -- CLOSE  VALVE-U (Microbone to Turbo)
---------------------------------------- close U () result=[(True, True)]
action=close, ok=True, locked=[False]
sleep (1,) {}
SLEEP 1.0
Get Checksum: 1955884833
open ('A',) {}
opening name=A desc=---
checking ownership. requestor=129.138.12.150
check software interlocks A
interlocks []
actuate state mode=None-script, software_lock=False
doing actuation None-script open_channel True
Open A ===>> OK
GetIndicatorState A ===>> OK
change switch state (True, True)
update switch state A True args=() kw={} ncanvase=2
15:34:20 -- OPEN   VALVE-A (CO2 Laser to Jan)
---------------------------------------- open A () result=[(True, True)], time=0.18 sec
action=open, ok=True, locked=[False]
equilibrate () {'do_post_equilibration': True, 'inlet': 'R', 'outlet': 'O', 'eqtime': 12.0}
Equilibration Started
15:34:21 -- ******* Equilibration Started *******
checking ownership. requestor=129.138.12.150
check software interlocks O
interlocks []
actuate state mode=None-script, software_lock=False
doing actuation None-script close_channel True
Close O ===>> OK
GetIndicatorState O ===>> False
change switch state (True, True)
update switch state O False args=() kw={} ncanvase=2
15:34:21 -- CLOSE  VALVE-O (Jan Ion Pump)
waiting 3s before opening inlet value ('R',)
Get Checksum: -423938523
checking ownership. requestor=129.138.12.150
check software interlocks R
interlocks []
actuate state mode=None-script, software_lock=False
doing actuation None-script open_channel True
Open R ===>> OK
GetIndicatorState R ===>> OK
change switch state (True, True)
update switch state R True args=() kw={} ncanvase=2
15:34:24 -- OPEN   VALVE-R (Jan Inlet)
equilibrating for 12.0sec
set_time_zero (0,) {}
sniff (12.0,) {}
py_sniff
build tables- sniff [Detector(H2), Detector(H1), Detector(AX), Detector(L1), Detector(L2), Detector(CDD)]
add group /sniff/PM41 (Group) '' table H2
add group /sniff/Ar40 (Group) '' table H1
add group /sniff/Ar39 (Group) '' table AX
add group /sniff/Ar38 (Group) '' table L1
add group /sniff/Ar37 (Group) '' table L2
add group /sniff/Ar36 (Group) '' table CDD
flush and close file /Users/jan/PychronDev/data/isotopes/2d/00e37c-13fe-4f03-8459-bfb5759706d1.h5
measuring sniff. ncounts=12.0
starting measurement
GetData ===>> H2,-0.224751706555763,H1,0.765633673040855,AX,0.0223460724350225,L1,-0.0445374150132495,L2,0.0417...
GetData ===>> H2,0.933512119743069,H1,961.870638036238,AX,12.7118228230384,L1,0.140081259106851,L2,0.4667658303...
Get Checksum: -173909521
GetData ===>> H2,1.13449900385859,H1,2269.1156372388,AX,26.6700567329737,L1,0.367971286251492,L2,0.245243760314...
GetData ===>> H2,0.543146455768405,H1,2697.38739419786,AX,30.1868404941137,L1,0.455594965802785,L2,0.1841876280...
GetData ===>> H2,0.365584592015124,H1,2840.8308014874,AX,31.3550477638766,L1,0.443106435041845,L2,0.11005963428...
Get Checksum: -173909521
GetData ===>> H2,0.221867727332105,H1,2895.05695475918,AX,31.7148642648404,L1,0.45753566004336,L2,0.07806548671...
GetData ===>> H2,0.179667409775645,H1,2917.34034268506,AX,31.9525505867645,L1,0.424620759706097,L2,-0.019339840...
Get Checksum: -173909521
GetData ===>> H2,0.292428882448911,H1,2926.23624449768,AX,32.0015971278624,L1,0.445357446276077,L2,0.1290651408...
GetData ===>> H2,0.213122660627015,H1,2929.47584614636,AX,31.935607995815,L1,0.411515531966769,L2,0.01367814667...
GetData ===>> H2,0.211871766528828,H1,2930.31358468589,AX,31.9710485785064,L1,0.396698024292987,L2,0.0135983518...
Get Checksum: -173909521
GetData ===>> H2,0.172804765928863,H1,2930.73593236999,AX,32.0234129127954,L1,0.441835248083412,L2,0.0643727333...
Equilibration Finished
15:34:36 -- ******* Equilibration Finished *******
checking ownership. requestor=129.138.12.150
check software interlocks R
interlocks []
actuate state mode=None-script, software_lock=False
doing actuation None-script close_channel True
GetData ===>> H2,0.00150108317116591,H1,2930.89306447437,AX,31.7532186450983,L1,0.427091640234234,L2,0.11613596...
Close R ===>> OK
GetIndicatorState R ===>> False
change switch state (True, True)
update switch state R False args=() kw={} ncanvase=2
15:34:37 -- CLOSE  VALVE-R (Jan Inlet)
Post Equilibration Started jan_pump_extraction_line.py
15:34:37 -- ******* Post Equilibration Started jan_pump_extraction_line.py *******
testing...
no interpolation path defined
calculate duration
testing...
no interpolation path defined
executed 4.0
executed 4.0
Pump after analysis
doing GOSUB
testing...
no interpolation path defined
executed 4.0
Pump Microbone
close () {'description': 'Jan Inlet'}
closing name=--- desc=Jan Inlet
checking ownership. requestor=129.138.12.150
check software interlocks R
interlocks []
actuate state mode=None-script, software_lock=False
doing actuation None-script close_channel False
Close R ===>> OK
measurement finished
estimated time: 12.583 actual time: :12.658
flush and close file /Users/jan/PychronDev/data/isotopes/2d/00e37c-13fe-4f03-8459-bfb5759706d1.h5
set_fits () {}
using default fits file=/Users/jan/PychronDev/scripts/measurement/fits/nominal_linear.yaml
set "Ar40" to "('Linear', 'SEM')"
No fit for "PM41". defaulting to linear. check the measurement script "jan_co2_whiff_120_60_large.py"
set "PM41" to "linear"
set "Ar36" to "('Linear', 'SEM')"
set "Ar37" to "('linear', 'SEM')"
set "Ar38" to "('linear', 'SEM')"
set "Ar39" to "('Linear', 'SEM')"
set_baseline_fits () {}
GetIndicatorState R ===>> False
change switch state (True, True)
using default fits file=/Users/jan/PychronDev/scripts/measurement/fits/nominal_linear.yaml
update switch state R False args=() kw={} ncanvase=2
set "H1" to "('average', 'SEM')"
set "H2" to "('average', 'SEM')"
set "CDD" to "('average', 'SEM')"
set "L2" to "('average', 'SEM')"
set "L1" to "('average', 'SEM')"
set "AX" to "('average', 'SEM')"
multicollect () {'integration_time': 1, 'ncounts': 120.0}
15:34:37 -- CLOSE  VALVE-R (Jan Inlet)
build tables- signal [Detector(H2), Detector(H1), Detector(AX), Detector(L1), Detector(L2), Detector(CDD)]
---------------------------------------- close None (Jan Inlet) result=[(True, True)]
add group /signal/PM41 (Group) '' table H2
add group /signal/Ar40 (Group) '' table H1
add group /signal/Ar39 (Group) '' table AX
add group /signal/Ar38 (Group) '' table L1
add group /signal/Ar37 (Group) '' table L2
add group /signal/Ar36 (Group) '' table CDD
flush and close file /Users/jan/PychronDev/data/isotopes/2d/00e37c-13fe-4f03-8459-bfb5759706d1.h5
measuring signal. ncounts=120.0
action=close, ok=True, locked=[False]
is_closed ('F',) {}
is F () closed?
is closed True
open () {'description': 'CO2 Laser to Jan'}
opening name=--- desc=CO2 Laser to Jan
checking ownership. requestor=129.138.12.150
check software interlocks A
interlocks []
actuate state mode=None-script, software_lock=False
doing actuation None-script open_channel False
Open A ===>> OK
GetIndicatorState A ===>> OK
change switch state (True, True)
update switch state A True args=() kw={} ncanvase=2
15:34:38 -- OPEN   VALVE-A (CO2 Laser to Jan)
---------------------------------------- open None (CO2 Laser to Jan) result=[(True, True)], time=0.12 sec
starting measurement
GetData ===>> H2,0.257159517353249,H1,2931.29616126376,AX,32.2665238814845,L1,0.483523419985754,L2,0.0546102837...
action=open, ok=True, locked=[False]
sleep (1,) {}
SLEEP 1.0
Get Checksum: -423938523
GetData ===>> H2,0.376591443161447,H1,2931.28944220165,AX,32.191118100003,L1,0.438627000316367,L2,0.12955543483...
close () {'description': 'CO2 Laser to Roughing'}
closing name=--- desc=CO2 Laser to Roughing
checking ownership. requestor=129.138.12.150
check software interlocks G
interlocks []
actuate state mode=None-script, software_lock=True
VALVE-G(CO2 Laser to Roughing) software locked
change switch state (True, False)
---------------------------------------- close None (CO2 Laser to Roughing) result=[(True, False)]
action=close, ok=True, locked=[True]
open () {'description': 'Microbone to Turbo'}
opening name=--- desc=Microbone to Turbo
checking ownership. requestor=129.138.12.150
check software interlocks U
interlocks []
actuate state mode=None-script, software_lock=False
doing actuation None-script open_channel True
Open U ===>> OK
set states for children of U. state=True
handle state [('U', True)]
GetIndicatorState U ===>> OK
update switch state U True args=() kw={'refresh': False} ncanvase=2
change switch state (True, True)
update switch state U True args=() kw={} ncanvase=2
15:34:40 -- OPEN   VALVE-U (Microbone to Turbo)
---------------------------------------- open None (Microbone to Turbo) result=[(True, True)], time=0.68 sec
refresh_canvas_needed fired
action=open, ok=True, locked=[False]
open () {'description': 'Microbone to Getter NP-10'}
opening name=--- desc=Microbone to Getter NP-10
checking ownership. requestor=129.138.12.150
check software interlocks M
interlocks []
actuate state mode=None-script, software_lock=False
doing actuation None-script open_channel False
Open M ===>> OK
GetData ===>> H2,0.0753654340243002,H1,2929.03563658588,AX,32.0092423058502,L1,0.406311522309845,L2,0.047209277...
GetIndicatorState M ===>> OK
change switch state (True, True)
update switch state M True args=() kw={} ncanvase=2
15:34:40 -- OPEN   VALVE-M (Microbone to Getter NP-10)
---------------------------------------- open None (Microbone to Getter NP-10) result=[(True, True)], time=0.14 sec
action=open, ok=True, locked=[False]
open () {'description': 'Microbone to Getter D-50'}
opening name=--- desc=Microbone to Getter D-50
checking ownership. requestor=129.138.12.150
check software interlocks K
interlocks []
actuate state mode=None-script, software_lock=False
doing actuation None-script open_channel False
Open K ===>> OK
GetIndicatorState K ===>> OK
change switch state (True, True)
update switch state K True args=() kw={} ncanvase=2
15:34:41 -- OPEN   VALVE-K (Microbone to Getter D-50)
---------------------------------------- open None (Microbone to Getter D-50) result=[(True, True)], time=0.42 sec
action=open, ok=True, locked=[False]
open () {'description': 'Microbone to CO2 Laser'}
opening name=--- desc=Microbone to CO2 Laser
checking ownership. requestor=129.138.12.150
check software interlocks T
interlocks []
actuate state mode=None-script, software_lock=False
doing actuation None-script open_channel False
GetData ===>> H2,-0.119399891056376,H1,2927.24432169337,AX,31.8525634724167,L1,0.420922286275481,L2,0.036057532...
Open T ===>> OK
GetIndicatorState T ===>> OK
change switch state (True, True)
update switch state T True args=() kw={} ncanvase=2
15:34:41 -- OPEN   VALVE-T (Microbone to CO2 Laser)
---------------------------------------- open None (Microbone to CO2 Laser) result=[(True, True)], time=0.42 sec
action=open, ok=True, locked=[False]
open () {'description': 'Microbone to Inlet Pipette'}
opening name=--- desc=Microbone to Inlet Pipette
checking ownership. requestor=129.138.12.150
check software interlocks S
interlocks []
actuate state mode=None-script, software_lock=False
doing actuation None-script open_channel False
Open S ===>> OK
Get Checksum: -110011688
GetData ===>> H2,-0.116974052608834,H1,2925.54579902807,AX,31.7966459830173,L1,0.422882801360407,L2,0.019833950...
GetIndicatorState S ===>> OK
change switch state (True, True)
update switch state S True args=() kw={} ncanvase=2
15:34:42 -- OPEN   VALVE-S (Microbone to Inlet Pipette)
---------------------------------------- open None (Microbone to Inlet Pipette) result=[(True, True)], time=0.44 sec
action=open, ok=True, locked=[False]
sleep (1,) {}
SLEEP 1.0
GetData ===>> H2,-0.0459321302607378,H1,2923.67409308338,AX,31.7648057338572,L1,0.407493853435458,L2,0.03387978...
set_resource () {'name': 'CO2PumpTimeFlag', 'value': 30}
Set CO2PumpTimeFlag 30 ===>> OK
release ('JanCO2Flag',) {}
release JanCO2Flag
Set JanCO2Flag 0 ===>> OK
executed 6.0
PumpMicrobone.py completed successfully
gosub finished
get_resource_value () {'name': 'JanMiniboneFlag'}
Read JanMiniboneFlag ===>> 0
Get Resource Value JanMiniboneFlag=0.0
get resource value 0.0
get_resource_value () {'name': 'JanMiniboneFlag'}
Read JanMiniboneFlag ===>> 0
Get Resource Value JanMiniboneFlag=0.0
executed 4.0
jan_pump_extraction_line.py completed successfully
Post Equilibration Finished
15:34:43 -- ******* Post Equilibration Finished *******
GetData ===>> H2,0.0649334274107991,H1,2922.69521549775,AX,31.8206130248845,L1,0.407397156650635,L2,0.158954857...
Get Checksum: -110011688
GetData ===>> H2,0.0225180112910471,H1,2922.19612575698,AX,31.7847723008797,L1,0.410207854651534,L2,-0.02402320...
GetData ===>> H2,0.0334594430338844,H1,2921.5802186288,AX,31.679331712829,L1,0.394377761545204,L2,-0.0216872511...
GetData ===>> H2,-0.0875920652559787,H1,2919.30993025399,AX,31.7440873978689,L1,0.399717843251859,L2,-0.0166391...
Get Checksum: -110011688
GetData ===>> H2,-0.0491168696969851,H1,2918.73998381691,AX,31.6727350143069,L1,0.414307759583967,L2,-0.0153058...
GetData ===>> H2,0.0162368033454791,H1,2917.10241477572,AX,31.685591512352,L1,0.403624244674208,L2,0.0399570745...
GetData ===>> H2,-0.0429102564125469,H1,2915.43709241298,AX,31.7619054781461,L1,0.352156030059047,L2,-0.0081489...
Get Checksum: -110011688
GetData ===>> H2,0.110563104583748,H1,2914.64630835293,AX,31.7585871371604,L1,0.359693285920731,L2,0.1121914378...
GetData ===>> H2,0.0303653195171974,H1,2913.52307283698,AX,31.7558084386341,L1,0.395934335630823,L2,-0.01630863...
GetData ===>> H2,-0.0552177869747897,H1,2912.83360506855,AX,31.5834273993608,L1,0.431455413053708,L2,0.09087553...
Get Checksum: -110011688
GetData ===>> H2,0.054318916632936,H1,2911.49870688797,AX,31.6550647717079,L1,0.416005510882048,L2,0.0190815535...
GetData ===>> H2,0.180068964925633,H1,2910.13859656055,AX,31.6243440028757,L1,0.383451676541486,L2,0.0562296866...
GetData ===>> H2,-0.0254649300633585,H1,2909.53027502977,AX,31.7531646916962,L1,0.378931754310645,L2,-0.0023136...
Get Checksum: -110011688
GetData ===>> H2,-0.0249200125826083,H1,2908.01051517288,AX,31.8557360619712,L1,0.357149712642822,L2,-0.0022111...
GetData ===>> H2,-0.0981328578859485,H1,2905.78673101393,AX,31.704453949796,L1,0.350089169586337,L2,0.064931595...
GetData ===>> H2,-0.133474892434463,H1,2905.11266359393,AX,31.7350647765471,L1,0.382860087213085,L2,0.048600486...
Get Checksum: -110011688
GetData ===>> H2,-0.0553548029640304,H1,2904.12292129833,AX,31.6109686449551,L1,0.367216328971011,L2,0.06279881...
GetData ===>> H2,0.021596833569825,H1,2902.48087711484,AX,31.6484425137026,L1,0.403445607237995,L2,-0.025356388...
15:35:03 -- collecting point 25
GetData ===>> H2,0.0783471690683882,H1,2901.70000435111,AX,31.5775776015909,L1,0.393121171448723,L2,0.015946628...
Get Checksum: -110011688
GetData ===>> H2,-0.0190196540511494,H1,2899.49366874885,AX,31.4727213822024,L1,0.379272967175369,L2,0.06526235...
GetData ===>> H2,-0.0187466227421733,H1,2897.93110709993,AX,31.4967803469762,L1,0.388863123312067,L2,0.13396819...
Get Checksum: -110011688
GetData ===>> H2,-0.0557305710267089,H1,2896.95422492739,AX,31.5129842821011,L1,0.386899218349838,L2,-0.0889627...
GetData ===>> H2,-0.0298803827708398,H1,2896.62224426038,AX,31.4407989281613,L1,0.346774273657744,L2,0.00833203...
GetData ===>> H2,-0.0837627582833823,H1,2895.79962759122,AX,31.4580189551848,L1,0.371660137242956,L2,0.02335661...
Get Checksum: -110011688
GetData ===>> H2,-0.0977631947075785,H1,2894.13634791448,AX,31.4820478355185,L1,0.382411528782771,L2,0.08493757...
GetData ===>> H2,-0.00507311736667912,H1,2893.32155641671,AX,31.6220382588355,L1,0.372334757643187,L2,0.1193281...
GetData ===>> H2,-0.0625844656688935,H1,2891.77209123735,AX,31.5683317639468,L1,0.400007998274994,L2,-0.0046387...
Get Checksum: -110011688
GetData ===>> H2,-0.0549342536021801,H1,2890.07483480932,AX,31.463638263917,L1,0.391706926834371,L2,0.108486462...
GetData ===>> H2,-0.151455821015563,H1,2889.33671313198,AX,31.3933024970128,L1,0.373082758221842,L2,0.104245866...
GetData ===>> H2,-0.000113900633289327,H1,2888.64745710383,AX,31.4890162224902,L1,0.372916531156717,L2,0.006895...
Get Checksum: -110011688
GetData ===>> H2,0.00287291135669936,H1,2886.3802398451,AX,31.542040516112,L1,0.384084861582339,L2,-0.027874566...
GetData ===>> H2,-0.0330964727291184,H1,2884.50842652131,AX,31.5859345481473,L1,0.406142628970404,L2,0.00194901...
GetData ===>> H2,-0.072879687975947,H1,2883.75377025698,AX,31.6347541456764,L1,0.350559151437627,L2,0.027723079...
Get Checksum: -110011688
GetData ===>> H2,-0.0307700592622776,H1,2883.06469210386,AX,31.5141302389564,L1,0.352195100544967,L2,0.05577351...
GetData ===>> H2,-0.0480065203224423,H1,2882.59669674128,AX,31.4285120615922,L1,0.41484057340978,L2,0.006873024...
GetData ===>> H2,-0.0547144764652363,H1,2881.11069668282,AX,31.4625871489643,L1,0.418938651070129,L2,0.07925068...
Get Checksum: -110011688
GetData ===>> H2,-0.00956978501333887,H1,2879.71424285104,AX,31.4376058311298,L1,0.42241498678719,L2,0.05862462...
GetData ===>> H2,-0.0909297082816967,H1,2877.15532683997,AX,31.3874846806579,L1,0.38356168658217,L2,0.085085730...
GetData ===>> H2,-0.0428003562673877,H1,2876.93984200191,AX,31.2638750841712,L1,0.417725596865628,L2,0.02925081...
Get Checksum: -110011688
GetData ===>> H2,-0.0901885461782113,H1,2876.41938064225,AX,31.3805225486585,L1,0.376235471176986,L2,0.03319568...
GetData ===>> H2,-0.0673074189720259,H1,2874.95899679923,AX,31.3618602252683,L1,0.391661664436983,L2,0.05451905...
GetData ===>> H2,-0.0306885650683759,H1,2873.11986824815,AX,31.349501161836,L1,0.415513060635044,L2,0.104724633...
Get Checksum: -110011688
GetData ===>> H2,0.00963385035265197,H1,2871.87067650772,AX,31.4066630605034,L1,0.39889639395175,L2,0.047756635...
15:35:29 -- collecting point 50
GetData ===>> H2,-0.0405057789991775,H1,2871.20823896105,AX,31.2976186900959,L1,0.345062322983666,L2,-0.0687144...
GetData ===>> H2,0.00229234550972557,H1,2870.55790322309,AX,31.4315836530506,L1,0.386018884807818,L2,0.02287780...
Get Checksum: -110011688
GetData ===>> H2,-0.0598686255210996,H1,2868.84663530896,AX,31.4897575655242,L1,0.388265107478893,L2,0.00104858...
GetData ===>> H2,-0.112863962268413,H1,2867.58175336196,AX,31.3601772667729,L1,0.400648990535305,L2,0.055648066...
Get Checksum: -110011688
GetData ===>> H2,0.0467568173935806,H1,2866.73123239961,AX,31.4140982514825,L1,0.394960225476034,L2,0.075858572...
GetData ===>> H2,-0.0593587400492664,H1,2865.31116368743,AX,31.294009555019,L1,0.370616518469264,L2,0.076485942...
GetData ===>> H2,-0.0484042495955643,H1,2864.92715755158,AX,31.3099821982603,L1,0.40142819871646,L2,-0.04432654...
Get Checksum: -110011688
GetData ===>> H2,-0.0247922725468467,H1,2863.5961061238,AX,31.2572783502212,L1,0.36112983725938,L2,0.1179942879...
GetData ===>> H2,-0.0169846664994877,H1,2861.82482566573,AX,31.3457990910836,L1,0.344160704911914,L2,-0.0504326...
GetData ===>> H2,0.00629300267205595,H1,2860.24496826172,AX,31.451820521283,L1,0.357863120029984,L2,0.035441829...
Get Checksum: -110011688
GetData ===>> H2,-0.0513386007877304,H1,2859.83706318264,AX,31.3000428007623,L1,0.374313655686617,L2,-0.0455341...
GetData ===>> H2,-0.00782000736861554,H1,2857.6578651369,AX,31.2314470939271,L1,0.400556027729333,L2,-0.0430619...
GetData ===>> H2,-0.0389884717280108,H1,2857.08311000212,AX,31.3163530306959,L1,0.420368854368607,L2,0.11073223...
Get Checksum: -110011688
GetData ===>> H2,0.0190822035190833,H1,2855.5361063552,AX,31.4208603896255,L1,0.404380429325457,L2,-0.056845931...
GetData ===>> H2,-0.000839753257027697,H1,2854.19587664186,AX,31.2825230379808,L1,0.40993727928291,L2,0.0106573...
testing age>100.0
evaluate ot="age>100.0" t="age>100.0", ctx="{'age': 564.1704097944228}"
condition age>100.0 is true trips=1/1
15:35:45 -- Conditional tripped: age>100.0 condition age>100.0 is True
15:35:45 -- truncation conditional condition age>100.0 is True. measurement iteration executed 64/120 counts
state changed from measurement to truncated
measurement finished
estimated time: 125.829 actual time: :67.294
flush and close file /Users/jan/PychronDev/data/isotopes/2d/00e37c-13fe-4f03-8459-bfb5759706d1.h5
baselines () {'settling_time': 15.0, 'detector': 'H1', 'mass': 34.2, 'ncounts': 60.0}
%%%%%%%%%%%%%%%%%%%%%%%%%%%%%%%% Baseline
build tables- baseline [Detector(H2), Detector(H1), Detector(AX), Detector(L1), Detector(L2), Detector(CDD)]
add group baseline table H2
add group baseline table H1
add group baseline table AX
add group baseline table L1
add group baseline table L2
add group baseline table CDD
flush and close file /Users/jan/PychronDev/data/isotopes/2d/00e37c-13fe-4f03-8459-bfb5759706d1.h5
detector Detector(H1)
POSITION 34.2 H1
Mapping mass to dac mass func: "parabolic"
H1 map mass coeffs = [-0.00063987  0.15840543  0.57035999]
H1 map mass to dac 34.2 >> 5.23940599104
GetDeflection H1 ===>> 0
GetHighVoltage ===>> 4499.94659342336
positioning 34.2 (5.23937513667) on H1
setting magnet DAC
current  : 5.878715
requested: 5.239375
Delta Dac: 0.639340
Checking detector protection. dv=0.63934
Checking detector "CDD". Protection Threshold: 0.1 (V)
ProtectDetector CDD,On ===>> OK
GetDeflection CDD ===>> 2000
SetMagnetDAC 5.23937513667 ===>> OK
Magnet settling time: 0.500
loading system conditionals pre_run_terminations
loading conditionals from /Users/jan/PychronDev/setupfiles/spectrometer/default_conditionals.yaml
loading queue conditionals pre_run_terminations
loading system conditionals None
loading conditionals from /Users/jan/PychronDev/setupfiles/spectrometer/default_conditionals.yaml
loading queue conditionals None
loading system conditionals post_run_terminations
loading conditionals from /Users/jan/PychronDev/setupfiles/spectrometer/default_conditionals.yaml
loading queue conditionals post_run_terminations
Show conditionals active run: <pychron.experiment.automated_run.automated_run.AutomatedRun object at 0x148966470>
Show conditionals measuring run: <pychron.experiment.automated_run.automated_run.AutomatedRun object at 0x148966470>
active_run same as measuring_run: True
Get Checksum: -110011688
GetMagnetMoving ===>> True
GetMagnetMoving ===>> True
GetMagnetMoving ===>> True
GetMagnetMoving ===>> True
GetMagnetMoving ===>> True
GetMagnetMoving ===>> True
GetMagnetMoving ===>> True
GetMagnetMoving ===>> True
GetMagnetMoving ===>> False
ProtectDetector CDD,Off ===>> OK
GetDeflection CDD ===>> 50
Delaying 15.0s for detectors to settle
Get Checksum: -110011688
Get Checksum: -110011688
Get Checksum: -110011688
Get Checksum: -110011688
Get Checksum: -110011688
Join finished
measuring baseline. ncounts=60.0
starting measurement
GetData ===>> H2,-0.165305365005375,H1,-0.190144890957122,AX,-0.0879169908482436,L1,-0.00287277024210752,L2,-0....
GetData ===>> H2,-0.176066702711877,H1,-0.245556827376791,AX,-0.024230609137951,L1,0.000330052506324586,L2,0.00...
GetData ===>> H2,-0.112579706097617,H1,-0.167547165808668,AX,-0.0377412164251699,L1,0.0182536170851911,L2,-0.05...
Get Checksum: -110011688
GetData ===>> H2,-0.25551742083007,H1,-0.202681088939149,AX,-0.0556906069194659,L1,-0.0300012306858067,L2,-0.02...
GetData ===>> H2,-0.260450449483907,H1,-0.119975142584105,AX,-0.0193013798871172,L1,-0.001560084119797,L2,0.004...
GetData ===>> H2,-0.235116304532254,H1,-0.0804643130584147,AX,-0.0342158825822599,L1,-0.028031918003826,L2,-0.0...
Get Checksum: -110011688
GetData ===>> H2,-0.186701646113824,H1,-0.08548208480732,AX,-0.0649770733166431,L1,-0.0311809565241776,L2,0.029...
GetData ===>> H2,-0.141472938962201,H1,-0.00234056088592709,AX,-0.165375517193403,L1,0.0077465539602403,L2,-0.0...
Get Checksum: -110011688
GetData ===>> H2,-0.183295827614939,H1,-0.0381190788049544,AX,-0.0898641425988538,L1,-0.00624129476693002,L2,-0...
GetData ===>> H2,-0.215755405842215,H1,-0.0965655818757625,AX,-0.0790036380681873,L1,-0.00102968158837652,L2,-0...
GetData ===>> H2,-0.278568947863137,H1,-0.119521966920755,AX,-0.104651951890089,L1,-0.00983410486489521,L2,0.00...
Get Checksum: -110011688
GetData ===>> H2,-0.232844982915983,H1,-0.0924779403790097,AX,-0.0355147046446047,L1,0.0120287322974622,L2,-0.0...
GetData ===>> H2,-0.205800700601805,H1,-0.100486223952445,AX,0.103658127709017,L1,-0.000656463061876327,L2,-0.0...
GetData ===>> H2,-0.344236525457288,H1,-0.0402773069986705,AX,-0.0113560966887313,L1,-0.0177970239065059,L2,-0....
Get Checksum: -110011688
GetData ===>> H2,-0.297322862658037,H1,-0.0202194923631048,AX,-0.0108689195356182,L1,-0.00824052325539893,L2,-0...
GetData ===>> H2,-0.244044824510757,H1,0.00107099231272403,AX,-0.107039114775632,L1,-0.0251107793983496,L2,0.02...
GetData ===>> H2,-0.216740970111569,H1,0.0112705597907105,AX,0.0589770563989476,L1,-0.00757855515145077,L2,-0.0...
Get Checksum: -110011688
GetData ===>> H2,-0.123619858149434,H1,0.0637163212008353,AX,0.0114394463840757,L1,-0.00304674230503359,L2,0.01...
GetData ===>> H2,-0.167491995401384,H1,-0.0281500838487545,AX,-0.0820289377668589,L1,0.0031040952985335,L2,-0.0...
GetData ===>> H2,-0.147696048446477,H1,0.0381522929145951,AX,-0.0574760887491983,L1,-0.0145642010574202,L2,-0.0...
Get Checksum: -110011688
GetData ===>> H2,-0.26234402633342,H1,0.00432758337767254,AX,-0.107861861226268,L1,-0.0511605664433091,L2,-0.02...
GetData ===>> H2,-0.291396936912705,H1,-0.0428408877470197,AX,-0.079525248175431,L1,-0.0528186627686235,L2,-0.0...
GetData ===>> H2,-0.18092936077401,H1,0.00703552548719806,AX,-0.0125740289035143,L1,-0.03540816965949,L2,-0.088...
Get Checksum: -110011688
GetData ===>> H2,-0.120503726249421,H1,-0.0439378417731671,AX,-0.110538636040955,L1,-0.0586646825894788,L2,0.00...
15:36:29 -- collecting point 25
GetData ===>> H2,-0.215662499860797,H1,0.00126185187003816,AX,-0.109727499935261,L1,-0.0637972063372921,L2,0.02...
GetData ===>> H2,-0.204426020339157,H1,0.0627972397588163,AX,0.0014505131641808,L1,-0.0202239436529484,L2,-0.02...
Get Checksum: -110011688
GetData ===>> H2,-0.179691963121064,H1,0.0632269391232178,AX,0.020988478992981,L1,0.00462528169638713,L2,-0.038...
GetData ===>> H2,-0.174846324215531,H1,0.0502174145218028,AX,-0.0338795776159761,L1,-0.0116552033540373,L2,-0.0...
GetData ===>> H2,-0.131485320691573,H1,0.0578319586467703,AX,-0.0858423041395322,L1,-0.0387999660894497,L2,-0.0...
Get Checksum: -110011688
GetData ===>> H2,-0.191788906793766,H1,-0.0539767972383086,AX,0.0193988423587026,L1,-0.047589825215605,L2,-0.03...
GetData ===>> H2,-0.211039126479264,H1,0.0263749861003638,AX,-0.0534297225331083,L1,-0.0328526963786658,L2,0.08...
Get Checksum: -110011688
GetData ===>> H2,-0.154814470865001,H1,0.0758676214150491,AX,0.0219283493595237,L1,-0.047137408832274,L2,0.0066...
GetData ===>> H2,-0.189453877814506,H1,0.0700426950697388,AX,-0.0429130211645468,L1,-0.00625808658154359,L2,-0....
GetData ===>> H2,-0.233146416806074,H1,0.0298233144626848,AX,-0.108777303324248,L1,-0.0272471999672374,L2,-0.05...
Get Checksum: -110011688
GetData ===>> H2,-0.26966654095492,H1,0.00862215115347027,AX,-0.0703097245910127,L1,0.0154565062404902,L2,-0.07...
GetData ===>> H2,-0.288935721565305,H1,-0.00705213024365641,AX,-0.0737641992182947,L1,0.039244618327017,L2,-0.0...
GetData ===>> H2,-0.153151080366468,H1,-0.00473812136052558,AX,-0.0199392942060214,L1,0.000418867652154091,L2,-...
Get Checksum: -110011688
GetData ===>> H2,-0.167242308953255,H1,-0.0021854928083485,AX,0.00527890301054806,L1,-0.0431665212552462,L2,0.0...
GetData ===>> H2,-0.146369566816538,H1,0.0547407180884864,AX,-0.124164711481076,L1,-0.0426169139458221,L2,-0.10...
GetData ===>> H2,-0.1949913731106,H1,0.120505661561876,AX,-0.110654512075392,L1,-0.0459236832947885,L2,0.036673...
Get Checksum: -110011688
GetData ===>> H2,-0.204310108287159,H1,0.0914326101989939,AX,-0.0417186601718905,L1,0.0179473262270118,L2,0.049...
GetData ===>> H2,-0.191767338291791,H1,0.0316966775841145,AX,0.0143864354958284,L1,-5.40039719814609E-05,L2,-0....
GetData ===>> H2,-0.230551668899396,H1,0.0932337727314049,AX,0.061702339390376,L1,0.0235689450721762,L2,-0.0191...
Get Checksum: -110011688
GetData ===>> H2,-0.245557238205478,H1,0.0147660892675596,AX,0.0365265132912425,L1,-0.0110546009661731,L2,0.015...
GetData ===>> H2,-0.182845238644939,H1,0.00326589919301692,AX,-0.00426858876080738,L1,-0.043912454331001,L2,0.0...
GetData ===>> H2,-0.233624119220014,H1,-0.0289967715276561,AX,-0.0866536394047195,L1,-0.016863990867678,L2,-0.1...
Get Checksum: -110011688
GetData ===>> H2,-0.361574049064986,H1,0.0489642926893687,AX,-0.115127221521352,L1,-6.60055009229974E-05,L2,-0....
GetData ===>> H2,-0.292989122622127,H1,0.0540007441581782,AX,-0.0387384916426786,L1,-0.00674743573419175,L2,-0....
GetData ===>> H2,-0.1819197212223,H1,-0.0348279893104706,AX,0.00498886820541362,L1,-0.00666827792514287,L2,0.06...
Get Checksum: -110011688
15:36:55 -- collecting point 50
GetData ===>> H2,-0.0473182665490159,H1,-0.0231055848519233,AX,0.0131449764514483,L1,-0.0315833491102859,L2,0.0...
GetData ===>> H2,-0.167037157050787,H1,0.0136565735149087,AX,-0.115301027323195,L1,0.00867412482567983,L2,-0.03...
GetData ===>> H2,-0.240830945637976,H1,0.0995559903426148,AX,-0.0617425620074523,L1,-0.0324371824165576,L2,-0.0...
Get Checksum: -110011688
GetData ===>> H2,-0.21598834067061,H1,0.0679656905212546,AX,-0.134257346725061,L1,-0.0371503373469079,L2,-0.046...
GetData ===>> H2,-0.208890425858466,H1,0.0358611581225301,AX,-0.127292877781815,L1,0.00877612683403738,L2,0.050...
Get Checksum: -110011688
GetData ===>> H2,-0.222381320102905,H1,0.0257664698952055,AX,-0.0463220874453941,L1,-0.0336333851016703,L2,-0.0...
GetData ===>> H2,-0.244346246963122,H1,0.102084989141882,AX,-0.117606821574347,L1,-0.0536966491054564,L2,-0.049...
GetData ===>> H2,-0.195468988966365,H1,-0.0236422457666084,AX,-0.0226416848570106,L1,-0.0398792062792343,L2,-0....
Get Checksum: -110011688
GetData ===>> H2,-0.175308031544907,H1,-0.0443313114830922,AX,-0.138304199538446,L1,-0.0035650412536287,L2,0.00...
GetData ===>> H2,-0.177034542149132,H1,0.00624818674810359,AX,-0.052768838714287,L1,-0.0165917399861039,L2,-0.0...
GetData ===>> H2,-0.130721048461465,H1,-0.012646085380985,AX,0.0207216038763227,L1,-0.0283481839909386,L2,0.016...
Get Checksum: -110011688
measurement finished
estimated time: 62.915 actual time: :63.077
flush and close file /Users/jan/PychronDev/data/isotopes/2d/00e37c-13fe-4f03-8459-bfb5759706d1.h5
activate_detectors ('H1', 'AX', 'CDD') {'peak_center': True}
peak_center () {'detector': 'H1', 'isotope': 'Ar40'}
peak center: mean=2860.02142426 threshold=3
peak center started
setup peak center. detector=['H1', 'AX', 'CDD'], isotope=Ar40
VersionedUnpickler [<apptools.sweet_pickle.versioned_unpickler.VersionedUnpickler object at 0x14c050d70>] using Updater [<apptools.sweet_pickle.updater.Updater object at 0x135a91890>]
VersionedUnpickler [<apptools.sweet_pickle.versioned_unpickler.VersionedUnpickler object at 0x14c050d70>] using Updater [<apptools.sweet_pickle.updater.Updater object at 0x135a91890>]
VersionedUnpickler [<apptools.sweet_pickle.versioned_unpickler.VersionedUnpickler object at 0x14c050d70>] using Updater [<apptools.sweet_pickle.updater.Updater object at 0x135a91890>]
setting integration time = 0.524288
SetIntegrationTime 0.524288 ===>> OK
Mapping mass to dac mass func: "parabolic"
H1 map mass coeffs = [-0.00063987  0.15840543  0.57035999]
H1 map mass to dac 39.9624 >> 5.87875
GetDeflection H1 ===>> 0
GetHighVoltage ===>> 4499.94659342336
do peak center. <pychron.spectrometer.jobs.peak_center.PeakCenter object at 0x135a91e90>
doing pc
starting peak center. center dac= 5.87871538059 step_width=0.001
width = 0.001
get scan parameters. half-width=0.015,window=0.015, i=0, scalar=1
Scan parameters center=5.87872 width=0.03000 (5.86372 - 5.89372)
GetData ===>> H2,-0.244985397415741,H1,0.0632746836108701,AX,0.00117209068505036,L1,0.00168156769421723,L2,0.04...
Moving to starting dac 5.86371538059
setting magnet DAC
current  : 5.239375
requested: 5.863715
Delta Dac: 0.624340
Checking detector protection. dv=0.62434
Checking detector "CDD". Protection Threshold: 0.1 (V)
ProtectDetector CDD,On ===>> OK
GetDeflection CDD ===>> 2000
SetMagnetDAC 5.86371538059 ===>> OK
Magnet settling time: 0.500
GetMagnetMoving ===>> True
GetMagnetMoving ===>> True
GetMagnetMoving ===>> True
GetMagnetMoving ===>> True
GetMagnetMoving ===>> True
GetMagnetMoving ===>> True
GetMagnetMoving ===>> True
GetMagnetMoving ===>> True
GetMagnetMoving ===>> False
ProtectDetector CDD,Off ===>> OK
Get Checksum: -110011688
GetDeflection CDD ===>> 50
Wait until signal near baseline. tol= 0.0474560127082. timeout= 10
GetData ===>> H2,2.02839483859901,H1,0.197270444402897,AX,0.0024017959766283,L1,0.00761363519022725,L2,-0.03160...
GetData ===>> H2,112.237570507975,H1,18.9292707878055,AX,0.185776904472287,L1,0.0110449480160299,L2,0.082453078...
GetData ===>> H2,151.73331068811,H1,80.0797458796971,AX,0.692252851572443,L1,0.00132866790176159,L2,-0.27175215...
GetData ===>> H2,150.833570187062,H1,38.0648599836551,AX,0.290356897160697,L1,-0.0519657224382782,L2,-0.1713392...
GetData ===>> H2,116.774054446794,H1,19.1111579557625,AX,0.155596098958762,L1,-0.0772044548916635,L2,-0.0648826...
GetData ===>> H2,59.7066554298822,H1,10.296662012002,AX,0.0718533335841747,L1,-0.0706157774950198,L2,0.08735374...
Get Checksum: -110011688
GetData ===>> H2,23.9974200964917,H1,5.95502305192317,AX,-0.0161581410070413,L1,-0.0508554756171499,L2,0.024325...
GetData ===>> H2,8.14878999806162,H1,3.88501428297083,AX,-0.0306556296612302,L1,-0.0442321229844894,L2,-0.08024...
GetData ===>> H2,2.70291267034302,H1,2.98518025239229,AX,-0.0233259692968101,L1,0.000116419282571905,L2,-0.0697...
GetData ===>> H2,1.30129550432286,H1,2.34337839780465,AX,0.0126576790973336,L1,-0.0073914693192313,L2,-0.018626...
GetData ===>> H2,1.14907778075498,H1,2.19344060392144,AX,-0.0860277527965719,L1,-0.00667907220848048,L2,0.01145...
GetData ===>> H2,1.11497160408163,H1,2.17473507691779,AX,-0.0578354999617097,L1,-0.0201796514526844,L2,-0.05739...
Get Checksum: -110011688
GetData ===>> H2,1.18332759382577,H1,2.00423079509029,AX,-0.0255527599346714,L1,-0.0310398311689472,L2,-0.06194...
GetData ===>> H2,1.14961432309737,H1,2.03262822080632,AX,-0.0429014254972433,L1,-0.0389053797830449,L2,0.036330...
GetData ===>> H2,0.963984052861546,H1,2.03881414167288,AX,-0.147832004316697,L1,-0.0327123481687443,L2,-0.00774...
GetData ===>> H2,0.84064774572443,H1,1.87404703201957,AX,-0.139283250116249,L1,-0.0360636148034731,L2,0.0474946...
GetData ===>> H2,0.726604912254291,H1,1.94613401478192,AX,-0.0825273497648991,L1,-0.0318079314620666,L2,-0.0601...
GetData ===>> H2,0.685439691273738,H1,1.89477911493452,AX,0.0114510485285104,L1,-0.0456734987597878,L2,-0.03146...
Get Checksum: -110011688
GetData ===>> H2,0.536907222101227,H1,1.86383906758978,AX,0.0221024004231478,L1,-0.0495512574200885,L2,0.160779...
GetData ===>> H2,0.466069933265522,H1,1.96239862825187,AX,-0.0238362799845577,L1,-0.0481439476826029,L2,0.07201...
GetData ===>> H2,0.430642138871682,H1,1.96032625053031,AX,-0.151005740776003,L1,-0.0370077641280525,L2,-0.07824...
Peak center failed to move to a baseline position
_do_sweep sm= 5.86371538059, em= 5.89371538059, stm= 0.001
calculated step values: start=5.86371538059, end=5.89371538059, width=0.001, nsteps=31.0
setting magnet DAC
current  : 5.863715
requested: 5.863715
Delta Dac: 0.000000
Checking detector protection. dv=0.00000
Checking detector "CDD". Protection Threshold: 0.1 (V)
SetMagnetDAC 5.86371538059 ===>> OK
GetData ===>> H2,0.430642138871682,H1,1.96032625053031,AX,-0.151005740776003,L1,-0.0370077641280525,L2,-0.07824...
setting magnet DAC
current  : 5.863715
requested: 5.864750
Delta Dac: 0.001034
Checking detector protection. dv=0.00103
Checking detector "CDD". Protection Threshold: 0.1 (V)
SetMagnetDAC 5.86474986335 ===>> OK
Magnet settling time: 1.049
GetData ===>> H2,0.337532029994115,H1,4.5054375239219,AX,-0.0920546417403801,L1,-0.0274306492956771,L2,0.093212...
setting magnet DAC
current  : 5.864750
requested: 5.865784
Delta Dac: 0.001034
Checking detector protection. dv=0.00103
Checking detector "CDD". Protection Threshold: 0.1 (V)
SetMagnetDAC 5.86578434611 ===>> OK
Magnet settling time: 1.049
Get Checksum: -110011688
GetData ===>> H2,0.320110274064045,H1,16.4022993020487,AX,0.035725762344603,L1,-0.0341956068376304,L2,-0.066293...
setting magnet DAC
current  : 5.865784
requested: 5.866819
Delta Dac: 0.001034
Checking detector protection. dv=0.00103
Checking detector "CDD". Protection Threshold: 0.1 (V)
SetMagnetDAC 5.86681882887 ===>> OK
Magnet settling time: 1.049
GetData ===>> H2,0.255536400016959,H1,65.9456871196259,AX,0.347046433898764,L1,-0.0570751039283678,L2,0.0396342...
setting magnet DAC
current  : 5.866819
requested: 5.867853
Delta Dac: 0.001034
Checking detector protection. dv=0.00103
Checking detector "CDD". Protection Threshold: 0.1 (V)
SetMagnetDAC 5.86785331163 ===>> OK
Magnet settling time: 1.049
GetData ===>> H2,0.112539817063249,H1,227.471988068447,AX,1.52761198333899,L1,-0.0529012015374064,L2,-0.2130332...
setting magnet DAC
current  : 5.867853
requested: 5.868888
Delta Dac: 0.001034
Checking detector protection. dv=0.00103
Checking detector "CDD". Protection Threshold: 0.1 (V)
SetMagnetDAC 5.86888779439 ===>> OK
Magnet settling time: 1.049
Get Checksum: -110011688
GetData ===>> H2,0.111202154230541,H1,619.097253787981,AX,4.77627415067227,L1,0.00770953302072131,L2,-0.1206943...
setting magnet DAC
current  : 5.868888
requested: 5.869922
Delta Dac: 0.001034
Checking detector protection. dv=0.00103
Checking detector "CDD". Protection Threshold: 0.1 (V)
SetMagnetDAC 5.86992227714 ===>> OK
Magnet settling time: 1.049
GetData ===>> H2,0.100391333194055,H1,1265.56257950185,AX,10.8508617159095,L1,0.0325441984759882,L2,-0.12502402...
setting magnet DAC
current  : 5.869922
requested: 5.870957
Delta Dac: 0.001034
Checking detector protection. dv=0.00103
Checking detector "CDD". Protection Threshold: 0.1 (V)
SetMagnetDAC 5.8709567599 ===>> OK
Magnet settling time: 1.049
GetData ===>> H2,0.0418875046701175,H1,1933.64346204086,AX,18.4348824489612,L1,0.11300736210847,L2,-0.015689703...
setting magnet DAC
current  : 5.870957
requested: 5.871991
Delta Dac: 0.001034
Checking detector protection. dv=0.00103
Checking detector "CDD". Protection Threshold: 0.1 (V)
SetMagnetDAC 5.87199124266 ===>> OK
Magnet settling time: 1.049
Get Checksum: -110011688
GetData ===>> H2,0.0333470411126282,H1,2398.8540095648,AX,24.5761331381469,L1,0.172838527551881,L2,-0.008585251...
setting magnet DAC
current  : 5.871991
requested: 5.873026
Delta Dac: 0.001034
Checking detector protection. dv=0.00103
Checking detector "CDD". Protection Threshold: 0.1 (V)
SetMagnetDAC 5.87302572542 ===>> OK
Magnet settling time: 1.049
GetData ===>> H2,-0.0267435493659858,H1,2621.0518923816,AX,28.2310274904865,L1,0.252302914539262,L2,0.005921311...
setting magnet DAC
current  : 5.873026
requested: 5.874060
Delta Dac: 0.001034
Checking detector protection. dv=0.00103
Checking detector "CDD". Protection Threshold: 0.1 (V)
SetMagnetDAC 5.87406020818 ===>> OK
Magnet settling time: 1.049
GetData ===>> H2,-0.015476079705429,H1,2697.5242928048,AX,29.5139309063422,L1,0.278855630988855,L2,-0.026960108...
setting magnet DAC
current  : 5.874060
requested: 5.875095
Delta Dac: 0.001034
Checking detector protection. dv=0.00103
Checking detector "CDD". Protection Threshold: 0.1 (V)
SetMagnetDAC 5.87509469094 ===>> OK
Magnet settling time: 1.049
GetData ===>> H2,-0.0208043355669895,H1,2718.61323559931,AX,30.0946042511301,L1,0.370716821864115,L2,0.11350246...
setting magnet DAC
current  : 5.875095
requested: 5.876129
Delta Dac: 0.001034
Checking detector protection. dv=0.00103
Checking detector "CDD". Protection Threshold: 0.1 (V)
SetMagnetDAC 5.8761291737 ===>> OK
Magnet settling time: 1.049
GetData ===>> H2,-0.0872743942089865,H1,2723.23761398818,AX,30.1558160883872,L1,0.381228504145852,L2,-0.1819067...
setting magnet DAC
current  : 5.876129
requested: 5.877164
Get Checksum: -110011688
Delta Dac: 0.001034
Checking detector protection. dv=0.00103
Checking detector "CDD". Protection Threshold: 0.1 (V)
SetMagnetDAC 5.87716365645 ===>> OK
Magnet settling time: 1.049
GetData ===>> H2,-0.0469269896070941,H1,2724.45936153488,AX,30.2103915086235,L1,0.388362939996347,L2,0.05143655...
setting magnet DAC
current  : 5.877164
requested: 5.878198
Delta Dac: 0.001034
Checking detector protection. dv=0.00103
Checking detector "CDD". Protection Threshold: 0.1 (V)
SetMagnetDAC 5.87819813921 ===>> OK
Magnet settling time: 1.049
GetData ===>> H2,0.0897074836585025,H1,2723.23796247169,AX,30.1738353658414,L1,0.397392002187912,L2,0.071923196...
setting magnet DAC
current  : 5.878198
requested: 5.879233
Delta Dac: 0.001034
Checking detector protection. dv=0.00103
Checking detector "CDD". Protection Threshold: 0.1 (V)
SetMagnetDAC 5.87923262197 ===>> OK
Magnet settling time: 1.049
Get Checksum: -110011688
GetData ===>> H2,-0.0408572551658808,H1,2722.43639005581,AX,30.0576310036986,L1,0.365368623710763,L2,0.09202670...
setting magnet DAC
current  : 5.879233
requested: 5.880267
Delta Dac: 0.001034
Checking detector protection. dv=0.00103
Checking detector "CDD". Protection Threshold: 0.1 (V)
SetMagnetDAC 5.88026710473 ===>> OK
Magnet settling time: 1.049
GetData ===>> H2,-0.103919922747821,H1,2720.77655611648,AX,29.9972925284968,L1,0.369564441193226,L2,0.005055866...
setting magnet DAC
current  : 5.880267
requested: 5.881302
Delta Dac: 0.001034
Checking detector protection. dv=0.00103
Checking detector "CDD". Protection Threshold: 0.1 (V)
SetMagnetDAC 5.88130158749 ===>> OK
Magnet settling time: 1.049
GetData ===>> H2,-0.0792609154081328,H1,2719.41127477661,AX,30.0014968657427,L1,0.391533218179759,L2,-0.0240003...
setting magnet DAC
current  : 5.881302
requested: 5.882336
Delta Dac: 0.001034
Checking detector protection. dv=0.00103
Checking detector "CDD". Protection Threshold: 0.1 (V)
SetMagnetDAC 5.88233607025 ===>> OK
Magnet settling time: 1.049
Get Checksum: -110011688
GetData ===>> H2,0.0487173862748575,H1,2714.77829000115,AX,29.9616557095032,L1,0.408334185146745,L2,0.028471201...
setting magnet DAC
current  : 5.882336
requested: 5.883371
Delta Dac: 0.001034
Checking detector protection. dv=0.00103
Checking detector "CDD". Protection Threshold: 0.1 (V)
SetMagnetDAC 5.88337055301 ===>> OK
Magnet settling time: 1.049
GetData ===>> H2,0.0125007395628235,H1,2698.1282066785,AX,29.6585657898672,L1,0.3304120233958,L2,0.126978569117...
setting magnet DAC
current  : 5.883371
requested: 5.884405
Delta Dac: 0.001034
Checking detector protection. dv=0.00103
Checking detector "CDD". Protection Threshold: 0.1 (V)
SetMagnetDAC 5.88440503576 ===>> OK
Magnet settling time: 1.049
GetData ===>> H2,-0.222141198390292,H1,2633.99641066953,AX,28.2539023127345,L1,0.317985659016043,L2,-0.00068320...
setting magnet DAC
current  : 5.884405
requested: 5.885440
Delta Dac: 0.001034
Checking detector protection. dv=0.00103
Checking detector "CDD". Protection Threshold: 0.1 (V)
SetMagnetDAC 5.88543951852 ===>> OK
Magnet settling time: 1.049
Get Checksum: -110011688
GetData ===>> H2,-0.18296046775221,H1,2432.31648451586,AX,24.5506323866467,L1,0.303703807810562,L2,-0.052342115...
setting magnet DAC
current  : 5.885440
requested: 5.886474
Delta Dac: 0.001034
Checking detector protection. dv=0.00103
Checking detector "CDD". Protection Threshold: 0.1 (V)
SetMagnetDAC 5.88647400128 ===>> OK
Magnet settling time: 1.049
GetData ===>> H2,-0.231040827796274,H1,1985.80651634773,AX,18.1571651685461,L1,0.22327708452978,L2,-0.014983836...
setting magnet DAC
current  : 5.886474
requested: 5.887508
Delta Dac: 0.001034
Checking detector protection. dv=0.00103
Checking detector "CDD". Protection Threshold: 0.1 (V)
SetMagnetDAC 5.88750848404 ===>> OK
Magnet settling time: 1.049
GetData ===>> H2,-0.298017931204866,H1,1323.37071392946,AX,10.4145057654891,L1,0.15531952132006,L2,-0.082291046...
setting magnet DAC
current  : 5.887508
requested: 5.888543
Delta Dac: 0.001034
Checking detector protection. dv=0.00103
Checking detector "CDD". Protection Threshold: 0.1 (V)
SetMagnetDAC 5.8885429668 ===>> OK
Magnet settling time: 1.049
Get Checksum: -110011688
GetData ===>> H2,-0.346453441943572,H1,688.336990953273,AX,4.52476091850738,L1,0.0979220218350056,L2,0.06467602...
setting magnet DAC
current  : 5.888543
requested: 5.889577
Delta Dac: 0.001034
Checking detector protection. dv=0.00103
Checking detector "CDD". Protection Threshold: 0.1 (V)
set states for children of V. state=True
handle state [('V', True)]
update switch state V True args=() kw={'refresh': False} ncanvase=2
refresh_canvas_needed fired
SetMagnetDAC 5.88957744956 ===>> OK
Magnet settling time: 1.049
GetData ===>> H2,-0.244549433450837,H1,271.535045645109,AX,1.53219638130847,L1,0.0217540303540337,L2,0.14187061...
setting magnet DAC
current  : 5.889577
requested: 5.890612
Delta Dac: 0.001034
Checking detector protection. dv=0.00103
Checking detector "CDD". Protection Threshold: 0.1 (V)
SetMagnetDAC 5.89061193232 ===>> OK
Magnet settling time: 1.049
Get Checksum: -860229079
GetData ===>> H2,-0.230637429175249,H1,83.5421740885999,AX,0.385539754858666,L1,-0.0103124898332875,L2,-0.05454...
setting magnet DAC
current  : 5.890612
requested: 5.891646
Delta Dac: 0.001034
Checking detector protection. dv=0.00103
Checking detector "CDD". Protection Threshold: 0.1 (V)
SetMagnetDAC 5.89164641508 ===>> OK
Magnet settling time: 1.049
GetData ===>> H2,-0.205086426808406,H1,21.8698058150959,AX,0.000592046411304785,L1,0.0138560902992824,L2,-0.072...
setting magnet DAC
current  : 5.891646
requested: 5.892681
Delta Dac: 0.001034
Checking detector protection. dv=0.00103
Checking detector "CDD". Protection Threshold: 0.1 (V)
SetMagnetDAC 5.89268089783 ===>> OK
Magnet settling time: 1.049
GetData ===>> H2,-0.256704363791339,H1,2.18579888197092,AX,-0.0282665921425613,L1,0.0129637315084048,L2,-0.0332...
setting magnet DAC
current  : 5.892681
requested: 5.893715
Delta Dac: 0.001034
Checking detector protection. dv=0.00103
Checking detector "CDD". Protection Threshold: 0.1 (V)
SetMagnetDAC 5.89371538059 ===>> OK
Magnet settling time: 1.049
Get Checksum: -860229079
GetData ===>> H2,-0.250210272595312,H1,0.226597152422925,AX,-0.130478869686051,L1,0.00144629979191002,L2,0.0526...
result of _do_sweep=True
result of _calculate_peak_center=([5.8711402302919087, 5.8787755008329912, 5.8864107713740736], [2016.1507435156723, 2724.4373322932588, 2013.0982077888752], 5.8771823144602457, 2724.4373322932588)
Failed to find a valid peak. No peak greater than 1.0. max = 0.0199002578894
new center pos Detector(H1) (Ar40) @ 5.87877550083
GetHighVoltage ===>> 4499.94659342336
GetDeflection H1 ===>> 0
dac uncorrected for HV and deflection 5.87881012059
update mftable H1 Ar40 5.87881012059 message=automated run peakcenter
get initial guess parabolic
get initial guess parabolic
get initial guess parabolic
get initial guess parabolic
get initial guess parabolic
get initial guess parabolic
dump mftable to /Users/jan/PychronDev/setupfiles/spectrometer/mftables/mftable.csv
add to repo msg=modified - automated run peakcenter
sweep finished
locally archiving mftable
setting magnet DAC
current  : 5.893715
requested: 5.878776
Delta Dac: 0.014940
Checking detector protection. dv=0.01494
Checking detector "CDD". Protection Threshold: 0.1 (V)
SetMagnetDAC 5.87877550083 ===>> OK
Magnet settling time: 0.500
setting integration time = 1.048576
SetIntegrationTime 1.048576 ===>> OK
Failed to find a valid peak. No peak greater than 1.0. max = 0.0199002578894
flush and close file /Users/jan/PychronDev/data/isotopes/2d/00e37c-13fe-4f03-8459-bfb5759706d1.h5
finished measure script
executed 296.04
jan_co2_whiff_120_60_large.py completed successfully
Measurement Finished
15:37:52 -- ******* Measurement Finished *******
Post Measurement Started jan_pump_ms.py
15:37:52 -- ******* Post Measurement Started jan_pump_ms.py *******
testing...
no interpolation path defined
executed 0
Pumping spectrometer
open () {'name': 'O'}
opening name=O desc=---
checking ownership. requestor=129.138.12.150
check software interlocks O
interlocks []
actuate state mode=None-script, software_lock=False
doing actuation None-script open_channel True
Open O ===>> OK
GetIndicatorState O ===>> OK
change switch state (True, True)
update switch state O True args=() kw={} ncanvase=2
15:37:53 -- OPEN   VALVE-O (Jan Ion Pump)
---------------------------------------- open O () result=[(True, True)], time=0.12 sec
action=open, ok=True, locked=[False]
executed 0
jan_pump_ms.py completed successfully
setting _ms_pumptime
Post Measurement Finished
15:37:53 -- ******* Post Measurement Finished *******
$$$$$$$$$$$$$$$$$$$$ state at run end truncated
post measurement save measured=True aborted=False
Set filtering
setting fod for Ar40= {'filter_outliers': True, 'std_devs': 2, 'iterations': 1}
setting fod for H1= {'filter_outliers': True, 'std_devs': 2, 'iterations': 1}
setting fod for PM41= {'filter_outliers': False, 'std_devs': 2, 'iterations': 1}
setting fod for H2= {'filter_outliers': True, 'std_devs': 2, 'iterations': 1}
setting fod for Ar36= {'filter_outliers': True, 'std_devs': 2, 'iterations': 1}
setting fod for CDD= {'filter_outliers': True, 'std_devs': 10, 'iterations': 1}
setting fod for Ar37= {'filter_outliers': True, 'std_devs': 2, 'iterations': 1}
setting fod for L2= {'filter_outliers': True, 'std_devs': 2, 'iterations': 1}
setting fod for Ar38= {'filter_outliers': True, 'std_devs': 2, 'iterations': 1}
setting fod for L1= {'filter_outliers': True, 'std_devs': 2, 'iterations': 1}
setting fod for Ar39= {'filter_outliers': True, 'std_devs': 2, 'iterations': 1}
setting fod for AX= {'filter_outliers': True, 'std_devs': 2, 'iterations': 1}
persistence save...
persistence save - db
post measurement save
5230524176 connecting to database sqlite:////Users/jan/PychronDev/.appdata/local_lab.db
connected to db sqlite:////Users/jan/PychronDev/.appdata/local_lab.db
create new session 5230524176
close session 5230524176
No database instance. Not saving post measurement to isotopedb database
$$$$$$$$$$$$$$$ auto_save_detector_ic=False
massspec enabled True
create new session 4969650416
MassSpec Database Version: 16.0
close session 4969650416
saving post measurement to secondary database
saving to massspec database 129.138.12.160/massspecdata
setting labnumber to 65516
setting aliquot to 21
setting step to 
setting uuid to 2d00e37c-13fe-4f03-8459-bfb5759706d1
setting irradpos to 65516
setting extract_device to Fusions CO2
setting tray to 
setting position to 108
setting power_requested to 5.0
setting extract_value to 5.0
setting duration to 30.0
setting duration_at_request to 30.0
setting first_stage_delay to 30.0
setting cleanup to 30.0
setting comment to F:17 DS
setting irradiation to NM-289
setting level to F
setting irradiation_level to F
setting sample to Sierra Ladron1
setting material to DetritalSanidine
setting project to IR943
setting mass_spectrometer to Jan
no attribute chron_dosages
no attribute production_ratios
no attribute interference_corrections
no attribute production_name
no attribute j
Reference Isotope=Ar40
Reference Detector=H1
%%%%%%%%%%%%%%%%%%%% Comment: F:17 DS %%%%%%%%%%%%%%%%%%%
adding isotope PM41 H2
add baseline dbdet= PM41. original det= H2
get baseline data PM41 H2
Get data baseline <pychron.processing.isotope.Baseline object at 0x14a09fa90> len t=60
baseline PM41. v=-0.202628949643, e=0.00618318556952
get signal data PM41 H2
Get data signal PM41 0.25+/-0.09 len t=64
adding isotope Ar40 H1
add baseline dbdet= Ar40. original det= H1
get baseline data Ar40 H1
Get data baseline <pychron.processing.isotope.Baseline object at 0x14a09f850> len t=60
baseline Ar40. v=0.00516114169633, e=0.00775730787143
get signal data Ar40 H1
Get data signal Ar40 2946.47+/-0.16 len t=64
adding isotope Ar39 AX
add baseline dbdet= Ar39. original det= AX
get baseline data Ar39 AX
Get data baseline <pychron.processing.isotope.Baseline object at 0x14a09f5d0> len t=60
baseline Ar39. v=-0.0492688055096, e=0.00688293787764
get signal data Ar39 AX
Get data signal Ar39 31.998+/-0.028 len t=64
adding isotope Ar38 L1
add baseline dbdet= Ar38. original det= L1
get baseline data Ar38 L1
Get data baseline <pychron.processing.isotope.Baseline object at 0x14a09ff90> len t=60
baseline Ar38. v=-0.0170791633302, e=0.00279678925879
get signal data Ar38 L1
Get data signal Ar38 0.418+/-0.008 len t=64
adding isotope Ar37 L2
add baseline dbdet= Ar37. original det= L2
get baseline data Ar37 L2
Get data baseline <pychron.processing.isotope.Baseline object at 0x14a09fd90> len t=60
baseline Ar37. v=-0.0263847745461, e=0.00535893090173
get signal data Ar37 L2
Get data signal Ar37 0.071+/-0.017 len t=64
adding isotope Ar36 CDD
add baseline dbdet= Ar36. original det= CDD
get baseline data Ar36 CDD
Get data baseline <pychron.processing.isotope.Baseline object at 0x14924e8d0> len t=60
baseline Ar36. v=0.000516066776247, e=3.73576630418e-05
get signal data Ar36 CDD
Get data signal Ar36 0.0100+/-0.0004 len t=64
65516-21 added analysis time 0.47665309906s
analysis added to mass spec database
mass spec save time= 0.485
persistence save - dvc
================= post measurement started
create new session 4975699056
close session 4975699056
Get Checksum: -1965264452
---------------- Experiment Queue saving disabled
DVC saving peakcenter
Failed to find a valid peak. No peak greater than 1.0. max = 0.0199002578894
Smart pull ahead: 0 behind: 0
Up-to-date with origin
add to repo msg=modified - ad8224ebc6dbfeb9f5997218dfa5fe690569839d.json
add to repo msg=modified - 16-21.json
add to repo msg=modified - 16-21.dat.json
add to repo msg=modified - 16-21.blan.json
add to repo msg=modified - 16-21.inte.json
add to repo msg=modified - 16-21.icfa.json
add to repo msg=modified - 16-21.base.json
not at valid file /Users/jan/PychronDev/data/.dvc/repositories/Load1782/655/tags/16-21.tags.json
add to repo msg=modified - 16-21.peak.json
add to repo msg=modified - 16-21.extr.json
not at valid file /Users/jan/PychronDev/data/.dvc/repositories/Load1782/655/monitor/16-21.moni.json
commit message=<COLLECTION>
Get Checksum: -1965264452
add to repo msg=modified - 16-21.inte.json
add to repo msg=modified - 16-21.base.json
commit message=<ISOEVO> default collection fits
add to repo msg=modified - 16-21.blan.json
commit message=<BLANKS> preceding bc-02-J-244
add to repo msg=modified - 16-21.icfa.json
commit message=<ICFactor> default
push repository <pychron.git_archive.repo_manager.GitRepoManager object at 0x139432c50>
pushing to remote=origin, url=https://github.com
Get Checksum: -1965264452
Get Checksum: -1965264452
no changes to meta repo
create new session 4975699056
add association Load1782
get identifier "65516"
setting analysis irradiation position=<pychron.dvc.dvc_orm.IrradiationPositionTbl object at 0x1426a5e90>
close session 4975699056
================= post measurement finished
15:38:05 -- ******* Post Run Check *******
loading queue conditionals post_run_actions
loading system conditionals post_run_actions
loading conditionals from /Users/jan/PychronDev/setupfiles/spectrometer/default_conditionals.yaml
loading queue conditionals post_run_terminations
loading system conditionals post_run_terminations
loading conditionals from /Users/jan/PychronDev/setupfiles/spectrometer/default_conditionals.yaml
Checking default post run terminations n=1
GetDeflection CDD ===>> 50
testing CDD==2000
evaluate ot="CDD.deflection==2000" t="CDD==2000", ctx="{'CDD': 50.0}"
15:38:05 -- ******* Post Run Check Passed *******
15:38:05 -- Automated run 65516-21 truncated duration: 349.016 s
----------------- finish -----------------
----------------- stop -----------------
retroactive repository identifiers disabled
finish run. runs completed=27
write rem/ex queues
/Users/jan/PychronDev/experiments/rem/CurrentExperiment.rem.txt
/Users/jan/PychronDev/experiments/rem/CurrentExperiment.ex.txt
doing event level: 3
