do run
loading script "jan_co2_whiff_120_60_large.py"
loading script "jan_pump_ms.py"
loading script "jan_co2.py"
loading script "jan_pump_extraction_line.py"
testing...
no interpolation path defined
executed 266.04
script duration name:co2_whiff_120_60_large seconds:266.0
loading script "jan_co2_whiff_120_60_large.py"
loading script "jan_pump_ms.py"
loading script "jan_co2.py"
loading script "jan_pump_extraction_line.py"
testing...
no interpolation path defined
executed 0
loading script "jan_co2_whiff_120_60_large.py"
loading script "jan_pump_ms.py"
loading script "jan_co2.py"
loading script "jan_pump_extraction_line.py"
testing...
no interpolation path defined
calculate duration
testing...
no interpolation path defined
executed 0
calculate duration
testing...
no interpolation path defined
executed 0
executed 0.0
script duration name:co2 seconds:0.0
loading script "jan_co2_whiff_120_60_large.py"
loading script "jan_pump_ms.py"
loading script "jan_co2.py"
loading script "jan_pump_extraction_line.py"
testing...
no interpolation path defined
calculate duration
testing...
no interpolation path defined
executed 4.0
executed 4.0
Script duration 266.0
Run total estimated duration= 267.000
run duration: 0:04:27
doing event level: 2
15:59:13 -- Setting default integration. t=1.048576
setting integration time = 1.048576
SetIntegrationTime 1.048576 ===>> OK
----------------- start -----------------
**************** Experiment Type: Ar/Ar, Ar/Ar
create new session 4995472560
close session 4995472560
$$$$$ Clearing conditionals
adding conditionals detrital
extract conditionals from file. /Users/jan/PychronDev/scripts/conditionals/detrital.yaml
no attr for this modification cd={'extraction_str': '', 'attr': '', 'mapper': '', 'use_termination': False, 'start_count': 0, 'nskip': 0, 'window': 0, 'frequency': 1, 'teststr': '', 'action': 'Skip Next Run', 'ntrips': 1, 'use_truncation': False}
no attr for this cancelation cd={'mapper': '', 'window': 0, 'frequency': 1, 'attr': '', 'teststr': '', 'start_count': 0, 'ntrips': 1}
adding truncation attr="age" test="age>100.0" start="60"
adding truncation attr="Ar39" test="Ar39<0.5" start="60"
no attr for this termination cd={'mapper': '', 'window': 0, 'frequency': 1, 'attr': '', 'teststr': '', 'start_count': 0, 'ntrips': 1}
Invalid conditional kind="pre_run_terminations"
no attr for this action cd={'mapper': '', 'attr': '', 'start_count': 0, 'window': 0, 'frequency': 1, 'teststr': '', 'action': None, 'ntrips': 1}
Invalid conditional kind="post_run_terminations"
Add queue conditionals
add default conditionals
adding default conditionals from /Users/jan/PychronDev/setupfiles/spectrometer/default_conditionals.yaml
Start automated run 65516-25
loading script "jan_co2_whiff_120_60_large.py"
loading script "jan_pump_ms.py"
loading script "jan_co2.py"
loading script "jan_pump_extraction_line.py"
%%%%%%%%%%%%%%%%%% setting automated run 65516-25
No value "sensitivity_multiplier" in metadata
$$$$$$$$$$$$$$$ auto_save_detector_ic=False
============================= Pre Extraction Check =============================
loading queue conditionals pre_run_terminations
loading system conditionals pre_run_terminations
loading conditionals from /Users/jan/PychronDev/setupfiles/spectrometer/default_conditionals.yaml
15:59:13 -- ******* Pre Extraction Check *******
Get a measurement from the spectrometer
GetData ===>> H2,-0.253405348396785,H1,0.0215069600213671,AX,-0.130756914937911,L1,0.00296363426605384,L2,0.024...
Pre Extraction Termination data. keys=H2,H1,AX,L1,L2,CDD, signals=-0.25341,0.02151,-0.13076,0.00296,0.02446,0.00313
15:59:13 -- testing system defined conditionals
Checking default pre extraction terminations n=2
testing CDD
evaluate ot="CDD.inactive" t="CDD", ctx="{'CDD': False}"
GetDeflection CDD ===>> 50
testing CDD==2000
evaluate ot="CDD.deflection==2000" t="CDD==2000", ctx="{'CDD': 50.0}"
15:59:13 -- ******* Pre Extraction Check Passed *******
=================================================================================
15:59:13 -- stopping status monitor
stop 4969246640
Alive clients [4976046256]
15:59:13 -- starting status monitor
start 4969246640
Monitor already running
start extraction
do extraction
Analysis started at 15:59:13.159645
Extraction Started jan_co2.py
15:59:13 -- ******* Extraction Started jan_co2.py *******
state changed from not run to extraction
DO EXTRACTION <pychron.extraction_line.pyscript_runner.RemotePyScriptRunner object at 0x12bb583b0>
testing...
no interpolation path defined
calculate duration
testing...
no interpolation path defined
executed 0
calculate duration
testing...
no interpolation path defined
executed 0
executed 100.0
Jan CO2 laser analysis
doing GOSUB
testing...
no interpolation path defined
executed 0
Waiting for CO2 access
wait ('FelixCO2Flag', 0) {}
waiting for FelixCO2Flag = 0
Read FelixCO2Flag ===>> 0
finished waiting
CO2 free
wait ('CO2PumpTimeFlag', 0) {}
waiting for CO2PumpTimeFlag = 0
Read CO2PumpTimeFlag ===>> 0
finished waiting
acquire ('JanCO2Flag',) {'clear': True}
acquire JanCO2Flag
Set JanCO2Flag 1 ===>> OK
JanCO2Flag acquired
set extraction state False (0.75, 'red', 1.5)
CO2 acquired
executed 0
WaitForCO2Access.py completed successfully
gosub finished
doing GOSUB
testing...
no interpolation path defined
executed 0
Prepare for CO2 analysis
close () {'description': 'Jan Inlet'}
closing name=--- desc=Jan Inlet
checking ownership. requestor=129.138.12.150
check software interlocks R
interlocks []
actuate state mode=None-script, software_lock=False
doing actuation None-script close_channel False
Close R ===>> OK
GetIndicatorState R ===>> False
change switch state (True, True)
update switch state R False args=() kw={} ncanvase=2
15:59:13 -- CLOSE  VALVE-R (Jan Inlet)
---------------------------------------- close None (Jan Inlet) result=[(True, True)]
action=close, ok=True, locked=[False]
open () {'description': 'Jan Ion Pump'}
opening name=--- desc=Jan Ion Pump
checking ownership. requestor=129.138.12.150
check software interlocks O
interlocks []
actuate state mode=None-script, software_lock=False
doing actuation None-script open_channel False
Open O ===>> OK
GetIndicatorState O ===>> OK
change switch state (True, True)
update switch state O True args=() kw={} ncanvase=2
15:59:13 -- OPEN   VALVE-O (Jan Ion Pump)
---------------------------------------- open None (Jan Ion Pump) result=[(True, True)], time=0.12 sec
action=open, ok=True, locked=[False]
close () {'description': 'Microbone to Minibone'}
closing name=--- desc=Microbone to Minibone
checking ownership. requestor=129.138.12.150
check software interlocks L
interlocks []
actuate state mode=None-script, software_lock=False
doing actuation None-script close_channel False
Close L ===>> OK
GetIndicatorState L ===>> False
change switch state (True, True)
update switch state L False args=() kw={} ncanvase=2
15:59:14 -- CLOSE  VALVE-L (Microbone to Minibone)
---------------------------------------- close None (Microbone to Minibone) result=[(True, True)]
action=close, ok=True, locked=[False]
open () {'description': 'Microbone to Turbo'}
opening name=--- desc=Microbone to Turbo
checking ownership. requestor=129.138.12.150
check software interlocks U
interlocks []
actuate state mode=None-script, software_lock=False
doing actuation None-script open_channel False
Open U ===>> OK
GetIndicatorState U ===>> OK
change switch state (True, True)
update switch state U True args=() kw={} ncanvase=2
15:59:15 -- OPEN   VALVE-U (Microbone to Turbo)
---------------------------------------- open None (Microbone to Turbo) result=[(True, True)], time=0.14 sec
Get Checksum: 2035439760
action=open, ok=True, locked=[False]
open () {'description': 'Microbone to Inlet Pipette'}
opening name=--- desc=Microbone to Inlet Pipette
checking ownership. requestor=129.138.12.150
check software interlocks S
interlocks []
actuate state mode=None-script, software_lock=False
doing actuation None-script open_channel False
Open S ===>> OK
GetIndicatorState S ===>> OK
change switch state (True, True)
update switch state S True args=() kw={} ncanvase=2
15:59:15 -- OPEN   VALVE-S (Microbone to Inlet Pipette)
---------------------------------------- open None (Microbone to Inlet Pipette) result=[(True, True)], time=0.43 sec
action=open, ok=True, locked=[False]
open () {'description': 'Microbone to Getter D-50'}
opening name=--- desc=Microbone to Getter D-50
checking ownership. requestor=129.138.12.150
check software interlocks K
interlocks []
actuate state mode=None-script, software_lock=False
doing actuation None-script open_channel False
Open K ===>> OK
GetIndicatorState K ===>> OK
change switch state (True, True)
update switch state K True args=() kw={} ncanvase=2
15:59:16 -- OPEN   VALVE-K (Microbone to Getter D-50)
---------------------------------------- open None (Microbone to Getter D-50) result=[(True, True)], time=0.40 sec
action=open, ok=True, locked=[False]
open () {'description': 'Microbone to Getter NP-10'}
opening name=--- desc=Microbone to Getter NP-10
checking ownership. requestor=129.138.12.150
check software interlocks M
interlocks []
actuate state mode=None-script, software_lock=False
doing actuation None-script open_channel False
Open M ===>> OK
GetIndicatorState M ===>> OK
change switch state (True, True)
update switch state M True args=() kw={} ncanvase=2
15:59:16 -- OPEN   VALVE-M (Microbone to Getter NP-10)
---------------------------------------- open None (Microbone to Getter NP-10) result=[(True, True)], time=0.15 sec
action=open, ok=True, locked=[False]
close () {'description': 'CO2 Laser to Felix'}
closing name=--- desc=CO2 Laser to Felix
checking ownership. requestor=129.138.12.150
check software interlocks F
interlocks []
actuate state mode=None-script, software_lock=True
VALVE-F(CO2 Laser to Felix) software locked
change switch state (True, False)
---------------------------------------- close None (CO2 Laser to Felix) result=[(True, False)]
action=close, ok=True, locked=[True]
open () {'description': 'CO2 Laser to Jan'}
opening name=--- desc=CO2 Laser to Jan
checking ownership. requestor=129.138.12.150
check software interlocks A
interlocks []
actuate state mode=None-script, software_lock=False
doing actuation None-script open_channel False
Open A ===>> OK
GetIndicatorState A ===>> OK
change switch state (True, True)
update switch state A True args=() kw={} ncanvase=2
15:59:17 -- OPEN   VALVE-A (CO2 Laser to Jan)
---------------------------------------- open None (CO2 Laser to Jan) result=[(True, True)], time=0.13 sec
action=open, ok=True, locked=[False]
open () {'description': 'Microbone to CO2 Laser'}
opening name=--- desc=Microbone to CO2 Laser
checking ownership. requestor=129.138.12.150
check software interlocks T
interlocks []
actuate state mode=None-script, software_lock=False
doing actuation None-script open_channel False
Open T ===>> OK
GetIndicatorState T ===>> OK
change switch state (True, True)
update switch state T True args=() kw={} ncanvase=2
15:59:17 -- OPEN   VALVE-T (Microbone to CO2 Laser)
---------------------------------------- open None (Microbone to CO2 Laser) result=[(True, True)], time=0.41 sec
action=open, ok=True, locked=[False]
executed 0
PrepareForCO2Analysis.py completed successfully
gosub finished
set_motor ('beam', '1.25') {}
setting motor "beam" to 1.25
set motor beam to 1.25
SetMotor beam,1.25 ===>> OK
Get Checksum: 2035439760
GetMotorMoving beam ===>> False
GetMotorMoving beam ===>> False
Block completed
move_to_position ('112',) {'autocenter': True}
FusionsCO2 move to position 112
sending GoToHole 112,True
GoToHole 112,True ===>> OK
GetDriveMoving ===>> OK
GetDriveMoving ===>> OK
GetDriveMoving ===>> OK
GetDriveMoving ===>> OK
GetDriveMoving ===>> False
GetDriveMoving ===>> OK
Get Checksum: 2035439760
GetDriveMoving ===>> OK
GetDriveMoving ===>> OK
GetDriveMoving ===>> OK
GetDriveMoving ===>> OK
GetDriveMoving ===>> False
Block completed
GetAutoCorrecting ===>> False
GetAutoCorrecting ===>> False
Block completed
update position
GetPosition ===>> 1.99390,0.00000,1.00000
got position (1.9939, 0.0, 1.0)
move to position succeeded
sleep (5,) {}
SLEEP 5.0
block started
WaitControl setup for 5.0  
Get Checksum: 2035439760
Get Checksum: 2035439760
Join finished
block finished. duration 5.00867509842
close () {'description': 'Microbone to Turbo'}
closing name=--- desc=Microbone to Turbo
checking ownership. requestor=129.138.12.150
check software interlocks U
interlocks []
actuate state mode=None-script, software_lock=False
doing actuation None-script close_channel True
Close U ===>> OK
GetIndicatorState U ===>> False
change switch state (True, True)
update switch state U False args=() kw={} ncanvase=2
15:59:28 -- CLOSE  VALVE-U (Microbone to Turbo)
---------------------------------------- close None (Microbone to Turbo) result=[(True, True)]
action=close, ok=True, locked=[False]
enable laser
enable () {}
set extraction state FusionsCO2 Enabled (False, 'red', 1.5)
enabling laser
Enable ===>> OK
begin interval
BEGIN INTERVAL Interval 1 waiting for 30.0
block started
set extract to 5.0
WaitControl setup for 30.0  
extract (5.0,) {}
GetPosition ===>> 1.99390,0.00000,1.00000
set extraction state FusionsCO2 ON! 5.0(watts) (0.75, 'red', 1.5)
extract sample to 5.0 (watts)
set laser output
SetLaserOutput 5.0,watts ===>> OK
executing pattern triangle.lp
execute_pattern ('triangle.lp',) {}
executing pattern triangle.lp
Get Checksum: -1640178555
IsPatterning ===>> OK
IsPatterning ===>> OK
IsPatterning ===>> OK
Get Checksum: -1640178555
IsPatterning ===>> OK
IsPatterning ===>> OK
IsPatterning ===>> OK
Get Checksum: -1640178555
IsPatterning ===>> OK
IsPatterning ===>> OK
IsPatterning ===>> OK
Get Checksum: -1640178555
IsPatterning ===>> OK
IsPatterning ===>> OK
IsPatterning ===>> OK
IsPatterning ===>> OK
IsPatterning ===>> OK
Get Checksum: -1640178555
IsPatterning ===>> OK
IsPatterning ===>> OK
IsPatterning ===>> OK
Get Checksum: -1640178555
IsPatterning ===>> OK
IsPatterning ===>> OK
IsPatterning ===>> OK
Get Checksum: -1640178555
IsPatterning ===>> OK
IsPatterning ===>> OK
IsPatterning ===>> OK
Get Checksum: -1640178555
IsPatterning ===>> OK
IsPatterning ===>> OK
IsPatterning ===>> OK
Get Checksum: -1640178555
IsPatterning ===>> OK
IsPatterning ===>> OK
Join finished
block finished. duration 30.0489549637
Interval 1 finished
IsPatterning ===>> OK
Get Checksum: -1640178555
IsPatterning ===>> False
IsPatterning ===>> False
Block completed
COMPLETE INTERVAL waiting for Interval 1 to complete
end_extract () {}
ending extraction. set laser power to 0
set laser power 0
SetLaserPower 0 ===>> OK
disable () {}
%%%%%%%%%%%%%%%%%%%%%%%%%%%%%%%%%%% disable
set extraction state False (0.75, 'red', 1.5)
disabling laser
Disable ===>> OK
sleep (30.0,) {}
SLEEP 30.0
block started
WaitControl setup for 30.0  
Get Checksum: -1640178555
Get Checksum: -1640178555
Get Checksum: -1640178555
Get Checksum: -1640178555
Get Checksum: -1640178555
Get Checksum: -1640178555
Get Checksum: -1640178555
Get Checksum: -1640178555
Get Checksum: -1640178555
Get Checksum: -1640178555
Join finished
block finished. duration 30.0729930401
executed 165.0
jan_co2.py completed successfully
GetAchievedOutput ===>> No Response
Requested Output= 0.000
Achieved Output=  0.000
GetResponseBlob ===>> No Response
GetOutputBlob ===>> No Response
persistence save...
persistence save - db
AutomatedRunPersister post_extraction_save deprecated
persistence save - dvc
no extraction position for 112
create new session 4975699056
close session 4975699056
Extraction Finished
16:00:31 -- ******* Extraction Finished *******
no overlap. not waiting for min ms pumptime
16:00:31 -- Sending spectrometer configuration
======== Sending configuration ========
SetDeflection CDD,50.0 ===>> OK
SetDeflection H2,0.0 ===>> OK
SetDeflection H1,0.0 ===>> OK
SetDeflection L2,825.0 ===>> OK
SetDeflection L1,400.0 ===>> OK
SetDeflection AX,190.0 ===>> OK
SetZFocus 74.64 ===>> OK
SetZSymmetry -50.72 ===>> OK
SetExtractionLens 26.13 ===>> OK
SetIonRepeller -3.81 ===>> OK
SetElectronEnergy 75.08 ===>> OK
SetYSymmetry -2.81 ===>> OK
SetIonCounterVoltage 1590.0 ===>> OK
send trap current 200.0
GetParameter Trap Current Readback ===>> 198.035158395898
SetParameter Trap Current Set,200.0 ===>> OK
updating mftable name mftable
Using mftable located at /Users/jan/PychronDev/setupfiles/spectrometer/mftables/mftable.csv
============ MFtable ===========
Isotope  H2     H1     AX     L1     L2     CDD    
Ar40     5.7761 5.8787 5.9922 6.1160 6.2304 6.3442
Ar39     5.6753 5.7709 5.8846 6.0020 6.1155 6.2307
Ar36     5.3528 5.4399 5.5480 5.6609 5.7705 5.8818
================================
get initial guess parabolic
get initial guess parabolic
get initial guess parabolic
get initial guess parabolic
get initial guess parabolic
get initial guess parabolic
======== Configuration Finished ========
GetYSymmetry ===>> -2.81
GetZSymmetry ===>> -50.72
GetParameter Trap Current Readback ===>> 197.923274125618
GetHighVoltage ===>> 4499.94659342336
start measurement
do measurement
L#=65516 analysis type=unknown
Measurement Started jan_co2_whiff_120_60_large.py
16:00:32 -- ******* Measurement Started jan_co2_whiff_120_60_large.py *******
state changed from extraction to measurement
setting spec, defl, and gains
GetExtractionLens ===>> 26.13
GetYSymmetry ===>> -2.81
GetZSymmetry ===>> -50.72
GetZFocus ===>> 74.64
GetDeflection H2 ===>> 0
GetDeflection H1 ===>> 0
GetDeflection AX ===>> 190
GetDeflection L1 ===>> 400
GetDeflection L2 ===>> 825
GetDeflection CDD ===>> 50
GetGain H2 ===>> 0.0113
GetGain H1 ===>> 0.1
GetGain AX ===>> 0.097049
GetGain L1 ===>> 0.010355
GetGain L2 ===>> 0.095649
GetGain CDD ===>> 0
pre measurement save
New frame /Users/jan/PychronDev/data/isotopes/aa/dab1e1-3234-47e8-b203-c61f255a1c5e.h5
flush and close file /Users/jan/PychronDev/data/isotopes/aa/dab1e1-3234-47e8-b203-c61f255a1c5e.h5
testing...
no interpolation path defined
executed 266.04
co2 whiff measurement script
activate_detectors ('H2', 'H1', 'AX', 'L1', 'L2', 'CDD') {}
activate detectors
*************** Set Analysis View Ar/Ar
create graphs
clearing graphs
clear isotope group
setting isotope det=H2, iso=PM41
setting isotope det=H1, iso=Ar40
setting isotope det=AX, iso=Ar39
setting isotope det=L1, iso=Ar38
setting isotope det=L2, iso=Ar37
setting isotope det=CDD, iso=Ar36
setting previous blanks
 - setting Ar40 blank 0.210+/-0.007
 - setting Ar36 blank 0.00459+/-0.00017
 - setting Ar37 blank 0.039+/-0.005
 - setting Ar38 blank 0.0094+/-0.0021
 - setting PM41 blank 0.05+/-0.07
 - setting Ar39 blank 0.015+/-0.009
load analysis view
position_magnet ('Ar40',) {'detector': 'H1'}
detector Detector(H1)
POSITION Ar40 H1
setting detector H2 to PM41 (40.9624)
setting detector H1 to Ar40 (39.9624)
setting detector AX to Ar39 (38.9624)
setting detector L1 to Ar38 (37.9624)
setting detector L2 to Ar37 (36.9624)
setting detector CDD to Ar36 (35.9624)
Mapping mass to dac mass func: "parabolic"
H1 map mass coeffs = [-0.00063987  0.15840543  0.57026999]
H1 map mass to dac 39.9624 >> 5.87866
GetDeflection H1 ===>> 0
GetHighVoltage ===>> 4499.94659342336
positioning Ar40 (5.87862538112) on H1
setting magnet DAC
current  : 5.878625
requested: 5.878625
Delta Dac: 0.000000
Checking detector protection. dv=0.00000
Checking detector "CDD". Protection Threshold: 0.1 (V)
SetMagnetDAC 5.87862538112 ===>> OK
close ('S',) {}
closing name=S desc=---
checking ownership. requestor=129.138.12.150
check software interlocks S
interlocks []
actuate state mode=None-script, software_lock=False
doing actuation None-script close_channel True
Close S ===>> OK
Get Checksum: -1299730166
State checksums do not match. Local:-1640178555 Remote:-1299730166
State checksum failed
GetIndicatorState S ===>> False
change switch state (True, True)
update switch state S False args=() kw={} ncanvase=2
16:00:33 -- CLOSE  VALVE-S (Microbone to Inlet Pipette)
---------------------------------------- close S () result=[(True, True)]
action=close, ok=True, locked=[False]
equilibrate () {'do_post_equilibration': False, 'inlet': 'R', 'outlet': 'O', 'eqtime': 4}
Equilibration Started
16:00:33 -- ******* Equilibration Started *******
checking ownership. requestor=129.138.12.150
check software interlocks O
interlocks []
actuate state mode=None-script, software_lock=False
doing actuation None-script close_channel True
Close O ===>> OK
GetIndicatorState O ===>> False
change switch state (True, True)
update switch state O False args=() kw={} ncanvase=2
16:00:33 -- CLOSE  VALVE-O (Jan Ion Pump)
waiting 3s before opening inlet value ('R',)
Get Checksum: 1680446728
checking ownership. requestor=129.138.12.150
check software interlocks R
interlocks []
actuate state mode=None-script, software_lock=False
doing actuation None-script open_channel True
Open R ===>> OK
GetIndicatorState R ===>> OK
change switch state (True, True)
update switch state R True args=() kw={} ncanvase=2
16:00:37 -- OPEN   VALVE-R (Jan Inlet)
equilibrating for 4sec
set_time_zero (0,) {}
sniff (4,) {}
py_sniff
build tables- sniff [Detector(H2), Detector(H1), Detector(AX), Detector(L1), Detector(L2), Detector(CDD)]
add group /sniff/PM41 (Group) '' table H2
add group /sniff/Ar40 (Group) '' table H1
add group /sniff/Ar39 (Group) '' table AX
add group /sniff/Ar38 (Group) '' table L1
add group /sniff/Ar37 (Group) '' table L2
add group /sniff/Ar36 (Group) '' table CDD
flush and close file /Users/jan/PychronDev/data/isotopes/aa/dab1e1-3234-47e8-b203-c61f255a1c5e.h5
measuring sniff. ncounts=4
starting measurement
GetData ===>> H2,-0.159181904690286,H1,-0.0362231382892151,AX,-0.0587166315114329,L1,-0.0451084657875151,L2,0.1...
GetData ===>> H2,5.05002183992191,H1,0.809241848064457,AX,6.40011690126371,L1,0.625179718134778,L2,1.4501701257...
Get Checksum: 529246153
GetData ===>> H2,4.45043390342159,H1,0.591259144609979,AX,2.93030140623043,L1,0.961632608382445,L2,0.4494879177...
GetData ===>> H2,1.46408841707285,H1,0.457902572299029,AX,1.08009657573508,L1,0.617956818914013,L2,0.0842993461...
Equilibration Finished
16:00:41 -- ******* Equilibration Finished *******
checking ownership. requestor=129.138.12.150
check software interlocks R
interlocks []
actuate state mode=None-script, software_lock=False
doing actuation None-script close_channel True
measurement finished
estimated time: 4.194 actual time: :4.265
flush and close file /Users/jan/PychronDev/data/isotopes/aa/dab1e1-3234-47e8-b203-c61f255a1c5e.h5
set_fits () {}
using default fits file=/Users/jan/PychronDev/scripts/measurement/fits/nominal_linear.yaml
set "Ar40" to "('Linear', 'SEM')"
No fit for "PM41". defaulting to linear. check the measurement script "jan_co2_whiff_120_60_large.py"
set "PM41" to "linear"
set "Ar36" to "('Linear', 'SEM')"
set "Ar37" to "('linear', 'SEM')"
set "Ar38" to "('linear', 'SEM')"
set "Ar39" to "('Linear', 'SEM')"
set_baseline_fits () {}
using default fits file=/Users/jan/PychronDev/scripts/measurement/fits/nominal_linear.yaml
set "H1" to "('average', 'SEM')"
set "H2" to "('average', 'SEM')"
set "CDD" to "('average', 'SEM')"
set "L2" to "('average', 'SEM')"
set "L1" to "('average', 'SEM')"
set "AX" to "('average', 'SEM')"
whiff () {'ncounts': 1, 'conditionals': [{'action': 'run_remainder', 'attr': 'Ar40', 'teststr': 'Ar40.cur<=175'}, {'action': 'run_pipette', 'attr': 'Ar40', 'teststr': 'Ar40.cur>500'}, {'action': 'run_chamber_split', 'attr': 'Ar40', 'teststr': 'Ar40.cur>=300'}, {'action': 'pump', 'attr': 'Ar40', 'teststr': 'Ar40.cur>175'}]}
build tables- whiff [Detector(H2), Detector(H1), Detector(AX), Detector(L1), Detector(L2), Detector(CDD)]
add group /whiff/PM41 (Group) '' table H2
add group /whiff/Ar40 (Group) '' table H1
add group /whiff/Ar39 (Group) '' table AX
add group /whiff/Ar38 (Group) '' table L1
add group /whiff/Ar37 (Group) '' table L2
add group /whiff/Ar36 (Group) '' table CDD
flush and close file /Users/jan/PychronDev/data/isotopes/aa/dab1e1-3234-47e8-b203-c61f255a1c5e.h5
measuring whiff. ncounts=1
Close R ===>> OK
GetIndicatorState R ===>> False
change switch state (True, True)
update switch state R False args=() kw={} ncanvase=2
16:00:42 -- CLOSE  VALVE-R (Jan Inlet)
starting measurement
GetData ===>> H2,0.375755130674127,H1,0.29854238917626,AX,0.356958871051759,L1,0.260563078514122,L2,0.062171533...
Get Checksum: 1680446728
testing Ar40<=175
evaluate ot="Ar40.cur<=175" t="Ar40<=175", ctx="{'Ar40': 0.29854238917626003}"
condition Ar40<=175 is true trips=1/1
16:00:43 -- Conditional tripped: Ar40.cur<=175 condition Ar40<=175 is True
measurement finished
estimated time: 1.049 actual time: :1.108
flush and close file /Users/jan/PychronDev/data/isotopes/aa/dab1e1-3234-47e8-b203-c61f255a1c5e.h5
WHIFF Result=run_remainder
Whiff result=run_remainder
open ('R',) {}
opening name=R desc=---
checking ownership. requestor=129.138.12.150
check software interlocks R
interlocks []
actuate state mode=None-script, software_lock=False
doing actuation None-script open_channel True
Open R ===>> OK
GetIndicatorState R ===>> OK
change switch state (True, True)
update switch state R True args=() kw={} ncanvase=2
16:00:44 -- OPEN   VALVE-R (Jan Inlet)
---------------------------------------- open R () result=[(True, True)], time=0.41 sec
action=open, ok=True, locked=[False]
open ('S',) {}
opening name=S desc=---
checking ownership. requestor=129.138.12.150
check software interlocks S
interlocks []
actuate state mode=None-script, software_lock=False
doing actuation None-script open_channel True
Open S ===>> OK
set states for children of S. state=True
handle state [('S', True)]
update switch state S True args=() kw={'refresh': False} ncanvase=2
refresh_canvas_needed fired
GetIndicatorState S ===>> OK
change switch state (True, True)
update switch state S True args=() kw={} ncanvase=2
16:00:44 -- OPEN   VALVE-S (Microbone to Inlet Pipette)
---------------------------------------- open S () result=[(True, True)], time=0.46 sec
action=open, ok=True, locked=[False]
sleep (12.0,) {}
SLEEP 12.0
block started
WaitControl setup for 12.0  
Get Checksum: -173909521
Get Checksum: -173909521
Get Checksum: -173909521
Get Checksum: -173909521
Join finished
block finished. duration 12.0326588154
close ('R',) {}
closing name=R desc=---
checking ownership. requestor=129.138.12.150
check software interlocks R
interlocks []
actuate state mode=None-script, software_lock=False
doing actuation None-script close_channel True
Close R ===>> OK
GetIndicatorState R ===>> False
change switch state (True, True)
update switch state R False args=() kw={} ncanvase=2
16:00:57 -- CLOSE  VALVE-R (Jan Inlet)
---------------------------------------- close R () result=[(True, True)]
Get Checksum: -423938523
action=close, ok=True, locked=[False]
post_equilibration () {}
multicollect () {'integration_time': 1, 'ncounts': 120.0}
Post Equilibration Started jan_pump_extraction_line.py
build tables- signal [Detector(H2), Detector(H1), Detector(AX), Detector(L1), Detector(L2), Detector(CDD)]
16:00:58 -- ******* Post Equilibration Started jan_pump_extraction_line.py *******
add group /signal/PM41 (Group) '' table H2
add group /signal/Ar40 (Group) '' table H1
testing...
add group /signal/Ar39 (Group) '' table AX
no interpolation path defined
add group /signal/Ar38 (Group) '' table L1
add group /signal/Ar37 (Group) '' table L2
calculate duration
add group /signal/Ar36 (Group) '' table CDD
testing...
flush and close file /Users/jan/PychronDev/data/isotopes/aa/dab1e1-3234-47e8-b203-c61f255a1c5e.h5
no interpolation path defined
measuring signal. ncounts=120.0
executed 4.0
executed 4.0
Pump after analysis
doing GOSUB
testing...
no interpolation path defined
executed 4.0
Pump Microbone
close () {'description': 'Jan Inlet'}
closing name=--- desc=Jan Inlet
checking ownership. requestor=129.138.12.150
check software interlocks R
interlocks []
actuate state mode=None-script, software_lock=False
doing actuation None-script close_channel False
Close R ===>> OK
GetIndicatorState R ===>> False
change switch state (True, True)
update switch state R False args=() kw={} ncanvase=2
16:00:58 -- CLOSE  VALVE-R (Jan Inlet)
---------------------------------------- close None (Jan Inlet) result=[(True, True)]
starting measurement
GetData ===>> H2,0.00176075256521624,H1,4.88255954851342,AX,0.213290113305834,L1,0.0823697053045914,L2,0.016140...
action=close, ok=True, locked=[False]
is_closed ('F',) {}
is F () closed?
is closed True
open () {'description': 'CO2 Laser to Jan'}
opening name=--- desc=CO2 Laser to Jan
checking ownership. requestor=129.138.12.150
check software interlocks A
interlocks []
actuate state mode=None-script, software_lock=False
doing actuation None-script open_channel False
Open A ===>> OK
GetIndicatorState A ===>> OK
change switch state (True, True)
update switch state A True args=() kw={} ncanvase=2
16:00:59 -- OPEN   VALVE-A (CO2 Laser to Jan)
---------------------------------------- open None (CO2 Laser to Jan) result=[(True, True)], time=0.15 sec
action=open, ok=True, locked=[False]
sleep (1,) {}
SLEEP 1.0
GetData ===>> H2,0.148437807653243,H1,4.89705983667406,AX,0.361119373475309,L1,0.0344971264806954,L2,0.06023269...
close () {'description': 'CO2 Laser to Roughing'}
closing name=--- desc=CO2 Laser to Roughing
checking ownership. requestor=129.138.12.150
check software interlocks G
interlocks []
actuate state mode=None-script, software_lock=True
VALVE-G(CO2 Laser to Roughing) software locked
change switch state (True, False)
---------------------------------------- close None (CO2 Laser to Roughing) result=[(True, False)]
action=close, ok=True, locked=[True]
open () {'description': 'Microbone to Turbo'}
opening name=--- desc=Microbone to Turbo
checking ownership. requestor=129.138.12.150
check software interlocks U
interlocks []
actuate state mode=None-script, software_lock=False
doing actuation None-script open_channel True
Open U ===>> OK
GetIndicatorState U ===>> OK
change switch state (True, True)
update switch state U True args=() kw={} ncanvase=2
16:01:00 -- OPEN   VALVE-U (Microbone to Turbo)
---------------------------------------- open None (Microbone to Turbo) result=[(True, True)], time=0.20 sec
action=open, ok=True, locked=[False]
open () {'description': 'Microbone to Getter NP-10'}
opening name=--- desc=Microbone to Getter NP-10
checking ownership. requestor=129.138.12.150
check software interlocks M
interlocks []
actuate state mode=None-script, software_lock=False
doing actuation None-script open_channel False
Open M ===>> OK
GetData ===>> H2,0.233458360910156,H1,4.93928970878408,AX,0.245435269373173,L1,-0.00631805711936699,L2,0.046182...
GetIndicatorState M ===>> OK
change switch state (True, True)
update switch state M True args=() kw={} ncanvase=2
16:01:00 -- OPEN   VALVE-M (Microbone to Getter NP-10)
---------------------------------------- open None (Microbone to Getter NP-10) result=[(True, True)], time=0.16 sec
Get Checksum: -110011688
action=open, ok=True, locked=[False]
open () {'description': 'Microbone to Getter D-50'}
opening name=--- desc=Microbone to Getter D-50
checking ownership. requestor=129.138.12.150
check software interlocks K
interlocks []
actuate state mode=None-script, software_lock=False
doing actuation None-script open_channel False
Open K ===>> OK
GetIndicatorState K ===>> OK
change switch state (True, True)
update switch state K True args=() kw={} ncanvase=2
16:01:01 -- OPEN   VALVE-K (Microbone to Getter D-50)
---------------------------------------- open None (Microbone to Getter D-50) result=[(True, True)], time=0.41 sec
action=open, ok=True, locked=[False]
open () {'description': 'Microbone to CO2 Laser'}
opening name=--- desc=Microbone to CO2 Laser
checking ownership. requestor=129.138.12.150
check software interlocks T
interlocks []
actuate state mode=None-script, software_lock=False
doing actuation None-script open_channel False
GetData ===>> H2,0.145373683803092,H1,4.96610786033715,AX,0.111837957879617,L1,-0.0118122411813015,L2,0.0688323...
Open T ===>> OK
GetIndicatorState T ===>> OK
change switch state (True, True)
update switch state T True args=() kw={} ncanvase=2
16:01:02 -- OPEN   VALVE-T (Microbone to CO2 Laser)
---------------------------------------- open None (Microbone to CO2 Laser) result=[(True, True)], time=0.42 sec
action=open, ok=True, locked=[False]
open () {'description': 'Microbone to Inlet Pipette'}
opening name=--- desc=Microbone to Inlet Pipette
checking ownership. requestor=129.138.12.150
check software interlocks S
interlocks []
actuate state mode=None-script, software_lock=False
doing actuation None-script open_channel False
Open S ===>> OK
GetIndicatorState S ===>> OK
change switch state (True, True)
update switch state S True args=() kw={} ncanvase=2
16:01:02 -- OPEN   VALVE-S (Microbone to Inlet Pipette)
---------------------------------------- open None (Microbone to Inlet Pipette) result=[(True, True)], time=0.42 sec
GetData ===>> H2,0.0304933168198715,H1,4.9880418611733,AX,0.116409679967027,L1,-0.0013608864450571,L2,0.0411201...
action=open, ok=True, locked=[False]
sleep (1,) {}
SLEEP 1.0
GetData ===>> H2,-0.0277041179831903,H1,4.83446635339708,AX,0.106361456568771,L1,0.00695224679577863,L2,0.10186...
Get Checksum: -110011688
set_resource () {'name': 'CO2PumpTimeFlag', 'value': 30}
Set CO2PumpTimeFlag 30 ===>> OK
release ('JanCO2Flag',) {}
release JanCO2Flag
Set JanCO2Flag 0 ===>> OK
executed 6.0
PumpMicrobone.py completed successfully
gosub finished
get_resource_value () {'name': 'JanMiniboneFlag'}
Read JanMiniboneFlag ===>> 0
Get Resource Value JanMiniboneFlag=0.0
get resource value 0.0
get_resource_value () {'name': 'JanMiniboneFlag'}
Read JanMiniboneFlag ===>> 0
Get Resource Value JanMiniboneFlag=0.0
executed 4.0
jan_pump_extraction_line.py completed successfully
Post Equilibration Finished
16:01:04 -- ******* Post Equilibration Finished *******
GetData ===>> H2,-0.125871218004177,H1,4.91366377967439,AX,0.100200760666036,L1,-0.0219454546643481,L2,0.053013...
GetData ===>> H2,-0.222747685036902,H1,5.01328276825281,AX,0.0824401823175538,L1,-0.0212010212224422,L2,7.97835...
Get Checksum: -110011688
GetData ===>> H2,-0.204768358302002,H1,5.02053578580777,AX,0.119577521893739,L1,-0.00885448374375207,L2,0.02334...
GetData ===>> H2,-0.0404867799785566,H1,5.02805842824705,AX,0.0648104147942435,L1,0.0279463961720308,L2,0.02543...
GetData ===>> H2,-0.0220130611218156,H1,5.05651793966628,AX,0.129777976646346,L1,0.0171822403160817,L2,0.121779...
Get Checksum: -110011688
GetData ===>> H2,-0.0935674197227912,H1,5.06780169881982,AX,0.00669428525792777,L1,0.0558633148555433,L2,0.0716...
GetData ===>> H2,-0.182717073835714,H1,5.10133021727726,AX,0.133131943135927,L1,0.0254399331061942,L2,-0.045853...
GetData ===>> H2,-0.22814480358245,H1,5.12891202546217,AX,0.126157215123596,L1,0.0065803117986258,L2,0.01731458...
Get Checksum: -110011688
GetData ===>> H2,-0.143597232538694,H1,5.06277703312981,AX,0.0929267683652491,L1,-0.00170647989863214,L2,0.0999...
GetData ===>> H2,-0.182010117657207,H1,5.17214046825136,AX,0.151934862472508,L1,0.0345740495384092,L2,-0.006610...
GetData ===>> H2,-0.0306790573744646,H1,5.15142329378941,AX,0.112882240968738,L1,0.0406961208177559,L2,0.048144...
Get Checksum: -110011688
GetData ===>> H2,-0.0386410097864511,H1,5.18559112570241,AX,0.0527497811292963,L1,-0.0382333485439984,L2,0.0299...
GetData ===>> H2,-0.143536428139625,H1,5.17732959414381,AX,0.0796215248666973,L1,-0.0376619069564139,L2,0.07201...
GetData ===>> H2,-0.191094650003798,H1,5.14463269026495,AX,0.0406928455088269,L1,-0.0309342435822678,L2,0.00433...
Get Checksum: -110011688
GetData ===>> H2,-0.195807551575056,H1,5.22063964830537,AX,0.100339981128316,L1,-0.0312001184410724,L2,-0.05143...
GetData ===>> H2,-0.245163007538327,H1,5.24439559528551,AX,0.16872127504343,L1,-0.0328047993912682,L2,0.0029406...
GetData ===>> H2,-0.165302665200842,H1,5.31062294394802,AX,0.0186098352743826,L1,-0.0286524608174679,L2,0.05560...
Get Checksum: -110011688
GetData ===>> H2,-0.126739190635331,H1,5.27501324722952,AX,0.187554289538922,L1,-0.00199446538293283,L2,-0.0121...
16:01:24 -- collecting point 25
GetData ===>> H2,-0.179046897421007,H1,5.27217381649796,AX,0.0465886843346407,L1,0.0041618177802129,L2,-0.06808...
GetData ===>> H2,-0.13724614127415,H1,5.23597795231738,AX,0.0400197212643558,L1,0.0336978825453593,L2,-0.053667...
GetData ===>> H2,-0.112452465315964,H1,5.3437832509345,AX,0.0381512455951242,L1,0.0180878585240279,L2,-0.007100...
GetData ===>> H2,-0.2072520199034,H1,5.39508769826063,AX,0.109981482256141,L1,0.012232805282033,L2,0.0427393012...
Get Checksum: -110011688
GetData ===>> H2,-0.126764877287591,H1,5.2886852256578,AX,0.0773133023670898,L1,-0.0263533854462635,L2,0.028783...
GetData ===>> H2,-0.176011356533958,H1,5.41566342583402,AX,0.117175522417931,L1,-0.0478291907221338,L2,0.056286...
Get Checksum: -110011688
GetData ===>> H2,-0.194618068275218,H1,5.45148482063571,AX,0.177870274996405,L1,-0.0141123847171261,L2,0.117652...
GetData ===>> H2,-0.172442748498914,H1,5.43046808922198,AX,0.0602063235389496,L1,0.0122868252933036,L2,0.001949...
GetData ===>> H2,-0.0864646337772666,H1,5.33061825893115,AX,0.0908734430322822,L1,-8.39803157008536E-06,L2,0.01...
Get Checksum: -110011688
GetData ===>> H2,-0.135430310955688,H1,5.47474785513729,AX,0.11921779839413,L1,-0.0125458510881188,L2,-0.089759...
GetData ===>> H2,-0.195516199499677,H1,5.38225918549717,AX,0.102010642199219,L1,0.0172579055655773,L2,-0.016069...
GetData ===>> H2,-0.165908755180384,H1,5.50909464405678,AX,-0.0122144505017831,L1,-0.00396574483836371,L2,0.121...
Get Checksum: -110011688
GetData ===>> H2,-0.201132846905839,H1,5.44378063654876,AX,-0.0165061060272453,L1,-0.0220521402899794,L2,-0.020...
GetData ===>> H2,-0.153056485432457,H1,5.45758488616881,AX,0.204834634456176,L1,-0.0365548710772457,L2,0.109740...
GetData ===>> H2,-0.168668821755427,H1,5.51403378064179,AX,0.181783244122671,L1,-0.0267811323337225,L2,0.023698...
Get Checksum: -110011688
GetData ===>> H2,-0.0959702254055716,H1,5.58275282110945,AX,0.183327574891518,L1,-0.0272543885019525,L2,-0.0055...
GetData ===>> H2,-0.287627688439389,H1,5.56129234872868,AX,0.134501415944588,L1,0.0235533217833107,L2,-0.000934...
GetData ===>> H2,-0.269775395065128,H1,5.58085185572577,AX,0.00212337077652261,L1,-0.00800068476830877,L2,0.071...
Get Checksum: -110011688
GetData ===>> H2,-0.139899732347192,H1,5.56689616596462,AX,0.0899570010661879,L1,-0.0368532076820989,L2,0.05735...
GetData ===>> H2,-0.212112650250751,H1,5.56765644477137,AX,0.200340056320328,L1,-0.0571399731560163,L2,0.053412...
GetData ===>> H2,-0.192090861505345,H1,5.63907565390085,AX,0.18217803311808,L1,-0.0117594959248209,L2,0.1327367...
Get Checksum: -110011688
GetData ===>> H2,-0.0587742421705395,H1,5.63458868013396,AX,0.215090481701589,L1,0.0405181291642871,L2,0.023197...
GetData ===>> H2,-0.199057776652626,H1,5.61783168532168,AX,0.0421783775511281,L1,0.0407117553697543,L2,0.069106...
GetData ===>> H2,-0.17286904087426,H1,5.72931023572354,AX,0.00349230234487459,L1,-0.0044336120761457,L2,-0.0042...
Get Checksum: -110011688
GetData ===>> H2,-0.149954222312134,H1,5.69219863378374,AX,0.0994002468700984,L1,0.00221694268960876,L2,0.08617...
16:01:50 -- collecting point 50
GetData ===>> H2,-0.151438267503336,H1,5.74968129644373,AX,0.0430836347540312,L1,0.0195593613493013,L2,-0.02131...
GetData ===>> H2,-0.140114641994597,H1,5.65289332912731,AX,0.0988781762002761,L1,-0.0191568425600368,L2,0.04040...
Get Checksum: -110011688
GetData ===>> H2,-0.0568184649434255,H1,5.63628046694105,AX,0.102091855620577,L1,-0.0445876975165294,L2,-0.0025...
GetData ===>> H2,-0.032048083643662,H1,5.68780746821089,AX,0.0848529251065699,L1,-0.0161167824872554,L2,0.05936...
Get Checksum: -110011688
GetData ===>> H2,-0.0579957691592129,H1,5.80110420689011,AX,0.192025052645994,L1,-0.00436403319653097,L2,0.0819...
GetData ===>> H2,-0.0814775133661841,H1,5.78049097738698,AX,0.233084377734032,L1,-0.016317082954078,L2,0.107186...
GetData ===>> H2,-0.0409020370646832,H1,5.75050358652434,AX,0.0183313637126237,L1,-0.0250484653130306,L2,-0.013...
Get Checksum: -110011688
GetData ===>> H2,-0.209489947661791,H1,5.76340335453363,AX,0.138795650439304,L1,-0.00639841707996682,L2,-0.0111...
GetData ===>> H2,-0.157847401950037,H1,5.80558201758026,AX,0.0527381850850972,L1,-0.00173647877087895,L2,0.0446...
GetData ===>> H2,-0.256446284890016,H1,5.89834713796653,AX,0.104400665500492,L1,-0.00890724422589365,L2,-0.1009...
Get Checksum: -110011688
GetData ===>> H2,-0.249058963036677,H1,5.84440604805143,AX,0.117651276063802,L1,-0.0101278527152019,L2,0.018899...
GetData ===>> H2,-0.160373099297012,H1,5.85537857433886,AX,0.14288115195453,L1,0.00399732923799043,L2,0.1206849...
GetData ===>> H2,-0.147015266666796,H1,5.95721859870426,AX,0.0813034299898566,L1,-0.0314408369111381,L2,0.02331...
Get Checksum: -110011688
GetData ===>> H2,-0.247532220793017,H1,5.84625926745053,AX,0.112905447386755,L1,-0.0239986546069349,L2,0.074717...
GetData ===>> H2,-0.251849610069003,H1,5.9758217485095,AX,0.0610992914757446,L1,0.00461207388025633,L2,-0.02125...
testing age>100.0
evaluate ot="age>100.0" t="age>100.0", ctx="{'age': 49.03517284680152}"
testing Ar39<0.5
evaluate ot="Ar39<0.5" t="Ar39<0.5", ctx="{'Ar39': 0.18092651688660283}"
condition Ar39<0.5 is true trips=1/1
16:02:06 -- Conditional tripped: Ar39<0.5 condition Ar39<0.5 is True
16:02:06 -- truncation conditional condition Ar39<0.5 is True. measurement iteration executed 64/120 counts
state changed from measurement to truncated
measurement finished
estimated time: 125.829 actual time: :67.316
flush and close file /Users/jan/PychronDev/data/isotopes/aa/dab1e1-3234-47e8-b203-c61f255a1c5e.h5
baselines () {'settling_time': 15.0, 'detector': 'H1', 'mass': 34.2, 'ncounts': 60.0}
%%%%%%%%%%%%%%%%%%%%%%%%%%%%%%%% Baseline
build tables- baseline [Detector(H2), Detector(H1), Detector(AX), Detector(L1), Detector(L2), Detector(CDD)]
add group baseline table H2
add group baseline table H1
add group baseline table AX
add group baseline table L1
add group baseline table L2
add group baseline table CDD
flush and close file /Users/jan/PychronDev/data/isotopes/aa/dab1e1-3234-47e8-b203-c61f255a1c5e.h5
detector Detector(H1)
POSITION 34.2 H1
Mapping mass to dac mass func: "parabolic"
H1 map mass coeffs = [-0.00063987  0.15840543  0.57026999]
H1 map mass to dac 34.2 >> 5.23931599104
GetDeflection H1 ===>> 0
GetHighVoltage ===>> 4499.94659342336
positioning 34.2 (5.2392851372) on H1
setting magnet DAC
current  : 5.878625
requested: 5.239285
Delta Dac: 0.639340
Checking detector protection. dv=0.63934
Checking detector "CDD". Protection Threshold: 0.1 (V)
ProtectDetector CDD,On ===>> OK
GetDeflection CDD ===>> 2000
SetMagnetDAC 5.2392851372 ===>> OK
Magnet settling time: 0.500
loading system conditionals pre_run_terminations
loading conditionals from /Users/jan/PychronDev/setupfiles/spectrometer/default_conditionals.yaml
loading queue conditionals pre_run_terminations
loading system conditionals None
loading conditionals from /Users/jan/PychronDev/setupfiles/spectrometer/default_conditionals.yaml
loading queue conditionals None
loading system conditionals post_run_terminations
loading conditionals from /Users/jan/PychronDev/setupfiles/spectrometer/default_conditionals.yaml
loading queue conditionals post_run_terminations
Show conditionals active run: <pychron.experiment.automated_run.automated_run.AutomatedRun object at 0x141538dd0>
Show conditionals measuring run: <pychron.experiment.automated_run.automated_run.AutomatedRun object at 0x141538dd0>
active_run same as measuring_run: True
Get Checksum: -110011688
GetMagnetMoving ===>> True
GetMagnetMoving ===>> True
GetMagnetMoving ===>> True
GetMagnetMoving ===>> True
GetMagnetMoving ===>> True
GetMagnetMoving ===>> True
GetMagnetMoving ===>> True
GetMagnetMoving ===>> True
GetMagnetMoving ===>> False
ProtectDetector CDD,Off ===>> OK
GetDeflection CDD ===>> 50
Delaying 15.0s for detectors to settle
Get Checksum: -110011688
Get Checksum: -110011688
Get Checksum: -110011688
Get Checksum: -110011688
Get Checksum: -110011688
Join finished
measuring baseline. ncounts=60.0
starting measurement
GetData ===>> H2,-0.183283686231085,H1,-0.017404875733029,AX,0.0762809994580285,L1,-0.0396360579484251,L2,-0.04...
Get Checksum: -110011688
GetData ===>> H2,-0.244535977505105,H1,-0.0304754764927971,AX,-0.0831764406325231,L1,-0.0175415877297927,L2,-0....
GetData ===>> H2,-0.305562335695603,H1,-0.0302131272061022,AX,-0.0794904742553114,L1,0.00809093317523129,L2,0.0...
GetData ===>> H2,-0.206845076363177,H1,-0.0849457554197073,AX,-0.122032866440274,L1,-0.0246961437992054,L2,-0.0...
Get Checksum: -110011688
GetData ===>> H2,-0.268590038185421,H1,0.018178225522303,AX,-0.105428365663775,L1,-0.076354300754803,L2,-0.0919...
GetData ===>> H2,-0.280642077186251,H1,0.0101133636139618,AX,-0.0274895624470315,L1,-0.060344706491024,L2,-0.06...
GetData ===>> H2,-0.344758664716561,H1,-0.0539887193895748,AX,-0.0211687172815147,L1,-0.0322419926964835,L2,-0....
Get Checksum: -110011688
GetData ===>> H2,-0.272542086918289,H1,-0.0637405633668873,AX,0.0111958016708656,L1,0.0170080922969048,L2,-0.01...
GetData ===>> H2,-0.144541685678835,H1,-0.0425904943816001,AX,0.01247204265167,L1,-0.0132326628742653,L2,0.0264...
GetData ===>> H2,-0.119832780394148,H1,-0.0286747925501317,AX,-0.0136063595141242,L1,0.00260948907664267,L2,-0....
Get Checksum: -110011688
GetData ===>> H2,-0.0174859755130409,H1,-0.103703657385101,AX,-0.185010550236899,L1,0.0126649734812834,L2,0.038...
GetData ===>> H2,-0.156408718446459,H1,-0.0557174162874262,AX,-0.0658001755208078,L1,-0.0408014395800768,L2,0.0...
Get Checksum: -110011688
GetData ===>> H2,-0.187304470408713,H1,-0.0159379043337847,AX,-0.0896323408623766,L1,-0.0421331388474769,L2,0.0...
GetData ===>> H2,-0.091168170639485,H1,-0.0383814073685372,AX,-0.0584963493719644,L1,-0.0333855349739066,L2,-0....
GetData ===>> H2,-0.139887567528401,H1,-0.085827717778275,AX,-0.171530726846067,L1,-0.026674496856901,L2,-0.042...
Get Checksum: -110011688
GetData ===>> H2,-0.183048950250663,H1,0.015207512932647,AX,-0.0548210422179126,L1,-0.00606977677068636,L2,-0.0...
GetData ===>> H2,-0.168540618395726,H1,-0.00373616277384841,AX,-0.0488382264343107,L1,-0.020858155729815,L2,0.0...
GetData ===>> H2,-0.174088921429898,H1,-0.0675194454614612,AX,-0.0356306700572647,L1,-0.0495524540281479,L2,0.0...
Get Checksum: -110011688
GetData ===>> H2,-0.181822577980246,H1,-0.0784142246422757,AX,-0.147243784761828,L1,-0.0447960080638385,L2,-0.0...
GetData ===>> H2,-0.106665619420299,H1,-0.00343795887685057,AX,-0.0836980283704401,L1,-0.0132973861756049,L2,-0...
GetData ===>> H2,-0.11842312385163,H1,-0.0588886033039191,AX,-0.131463609709283,L1,0.0100914452449559,L2,0.0125...
Get Checksum: -110011688
GetData ===>> H2,-0.174707268320072,H1,-0.00381965970579474,AX,-0.081287110530225,L1,-0.00618852031009896,L2,-0...
GetData ===>> H2,-0.136747256316017,H1,0.0622839901568863,AX,-0.00953496961372368,L1,-0.0185297179916244,L2,-0....
GetData ===>> H2,-0.0928250749026505,H1,-0.0436159108599064,AX,-0.0583920050265717,L1,0.0016623619451507,L2,-0....
Get Checksum: -110011688
16:02:49 -- collecting point 25
GetData ===>> H2,-0.241215905648489,H1,-0.0593297003036007,AX,0.0245739591099791,L1,-0.0285350637626509,L2,0.01...
GetData ===>> H2,-0.245282758240976,H1,-0.0902135772941513,AX,-0.0372077859510092,L1,-0.0343960546514431,L2,0.0...
GetData ===>> H2,-0.143136462189869,H1,-0.0132066564015208,AX,-0.0527572442212429,L1,-0.0634491390712117,L2,0.0...
Get Checksum: -110011688
GetData ===>> H2,-0.281564973733175,H1,-0.0549544089243124,AX,-0.15568403980003,L1,-0.0247009373720085,L2,-0.04...
GetData ===>> H2,-0.309292962337285,H1,-0.0478128548457189,AX,-0.103365640807867,L1,-0.0274053465440135,L2,-0.0...
GetData ===>> H2,-0.243812023984421,H1,0.0280335098299613,AX,0.0669327770155846,L1,-0.00855110560463474,L2,0.08...
Get Checksum: -110011688
GetData ===>> H2,-0.224992757780198,H1,0.0152313737267431,AX,-0.0455220111857598,L1,-0.030646803393662,L2,-0.09...
GetData ===>> H2,-0.21963185721049,H1,-0.0817396375667688,AX,-0.111871202104117,L1,-0.0317246617333707,L2,0.007...
GetData ===>> H2,-0.275426302200455,H1,-0.107254630464726,AX,-0.0793861524202634,L1,-0.0427414463404715,L2,-0.1...
Get Checksum: -110011688
GetData ===>> H2,-0.192693398837273,H1,-0.078759882028545,AX,-0.0955315232386907,L1,-0.0183486479851459,L2,-0.0...
GetData ===>> H2,-0.25702023358043,H1,-0.0169755204758591,AX,-0.166708599412908,L1,-0.0266936673630661,L2,-0.03...
Get Checksum: -110011688
GetData ===>> H2,-0.129792791014328,H1,-0.0414339073733892,AX,-0.089006473415439,L1,-0.0437160985057555,L2,0.01...
GetData ===>> H2,-0.224270935407597,H1,-0.0419227756778493,AX,-0.0865145538397409,L1,-0.0154007056975285,L2,0.0...
GetData ===>> H2,-0.206404428932062,H1,0.0177845115574061,AX,-0.0955315232386907,L1,-0.000963679318810422,L2,0....
Get Checksum: -110011688
GetData ===>> H2,-0.212741631254038,H1,-0.0320257082401685,AX,-0.0434116335526696,L1,-0.0225879487361118,L2,-0....
GetData ===>> H2,-0.245122641846718,H1,-0.0248944433773655,AX,-0.053545666599943,L1,-0.0110222321549787,L2,-0.0...
GetData ===>> H2,-0.247867180164247,H1,-0.104239886231272,AX,-0.0302613265387185,L1,-0.0289555305513477,L2,-0.0...
GetData ===>> H2,-0.229337531354849,H1,-0.071143223586234,AX,-0.114640563624306,L1,-0.0151080231265159,L2,-0.13...
GetData ===>> H2,-0.177435422124817,H1,0.00948108681810851,AX,-0.0984056514678645,L1,0.00350147857321087,L2,-0....
Get Checksum: -110011688
GetData ===>> H2,-0.124162118373747,H1,-0.0789505890408158,AX,0.0118919310407473,L1,0.0132760429276983,L2,-0.02...
GetData ===>> H2,-0.198125961116983,H1,-0.0637286423773585,AX,0.0194684609378334,L1,-0.0138714876079435,L2,-0.0...
GetData ===>> H2,-0.182476929550243,H1,-0.0380356104815015,AX,0.0143980379914289,L1,-0.0565211670988084,L2,-0.0...
Get Checksum: -110011688
GetData ===>> H2,-0.137766634714693,H1,0.0207433695649463,AX,-0.0143719009865237,L1,-0.0195009650526193,L2,0.01...
GetData ===>> H2,-0.147636616744835,H1,-0.032991609725763,AX,-0.162338339900102,L1,-0.0598541302792334,L2,-0.07...
GetData ===>> H2,-0.114369047794271,H1,0.00851478471359819,AX,-0.0965629741853777,L1,-0.0315414339672831,L2,-0....
Get Checksum: -110011688
16:03:15 -- collecting point 50
GetData ===>> H2,-0.225135500774038,H1,0.040407679934762,AX,-0.117966010733789,L1,-0.0269500693700576,L2,-0.100...
GetData ===>> H2,-0.253812736227146,H1,-0.0954334529930765,AX,-0.0994138940764999,L1,-0.0391964595818111,L2,0.0...
GetData ===>> H2,-0.2694931785363,H1,-0.127666890055322,AX,-0.159799557861281,L1,-0.000674464272931703,L2,-0.04...
Get Checksum: -110011688
GetData ===>> H2,-0.167979205544045,H1,-0.130314145405985,AX,-0.047354060153416,L1,-0.00138128638804175,L2,-0.0...
GetData ===>> H2,-0.118530004136034,H1,-0.0543940716871248,AX,-0.000405621654278776,L1,-0.0345058141998748,L2,-...
GetData ===>> H2,-0.211270811501155,H1,-0.0379879142653693,AX,-0.0432724861664643,L1,-0.0311330515721691,L2,-0....
Get Checksum: -110011688
GetData ===>> H2,-0.23700782691752,H1,-0.033134705449389,AX,-0.0587746004125869,L1,-0.0306839315468357,L2,0.008...
GetData ===>> H2,-0.170485105047389,H1,-0.0388583666314666,AX,-0.0805684600011997,L1,-0.0165521610508198,L2,-0....
Get Checksum: -110011688
GetData ===>> H2,-0.110079298879445,H1,-0.0511988972754061,AX,-0.0824578040579883,L1,-0.00898638443057427,L2,-0...
GetData ===>> H2,-0.236423991074185,H1,-0.0589601326791865,AX,-0.012458036015831,L1,-0.0230326360862014,L2,-0.0...
GetData ===>> H2,-0.225566412082019,H1,0.00241894572694541,AX,-0.0977566621924248,L1,-0.0274963995055258,L2,-0....
Get Checksum: -110011688
measurement finished
estimated time: 62.915 actual time: :63.105
flush and close file /Users/jan/PychronDev/data/isotopes/aa/dab1e1-3234-47e8-b203-c61f255a1c5e.h5
activate_detectors ('H1', 'AX', 'CDD') {'peak_center': True}
peak_center () {'detector': 'H1', 'isotope': 'Ar40'}
peak center: mean=5.8477411311 threshold=3
peak center started
setup peak center. detector=['H1', 'AX', 'CDD'], isotope=Ar40
VersionedUnpickler [<apptools.sweet_pickle.versioned_unpickler.VersionedUnpickler object at 0x142a238f0>] using Updater [<apptools.sweet_pickle.updater.Updater object at 0x135a91890>]
VersionedUnpickler [<apptools.sweet_pickle.versioned_unpickler.VersionedUnpickler object at 0x142a238f0>] using Updater [<apptools.sweet_pickle.updater.Updater object at 0x135a91890>]
VersionedUnpickler [<apptools.sweet_pickle.versioned_unpickler.VersionedUnpickler object at 0x142f6c110>] using Updater [<apptools.sweet_pickle.updater.Updater object at 0x135a91890>]
setting integration time = 0.524288
SetIntegrationTime 0.524288 ===>> OK
Mapping mass to dac mass func: "parabolic"
H1 map mass coeffs = [-0.00063987  0.15840543  0.57026999]
H1 map mass to dac 39.9624 >> 5.87866
GetDeflection H1 ===>> 0
GetHighVoltage ===>> 4499.94659342336
do peak center. <pychron.spectrometer.jobs.peak_center.PeakCenter object at 0x135a91e90>
doing pc
starting peak center. center dac= 5.87862538112 step_width=0.001
width = 0.001
get scan parameters. half-width=0.015,window=0.015, i=0, scalar=1
Scan parameters center=5.87863 width=0.03000 (5.86363 - 5.89363)
GetData ===>> H2,-0.19291176015173,H1,0.052508877861235,AX,-0.100653902267603,L1,-0.0119429043760833,L2,-0.0395...
Moving to starting dac 5.86362538112
setting magnet DAC
current  : 5.239285
requested: 5.863625
Delta Dac: 0.624340
Checking detector protection. dv=0.62434
Checking detector "CDD". Protection Threshold: 0.1 (V)
ProtectDetector CDD,On ===>> OK
GetDeflection CDD ===>> 2000
SetMagnetDAC 5.86362538112 ===>> OK
Magnet settling time: 0.500
GetMagnetMoving ===>> True
set states for children of V. state=True
handle state [('V', True)]
update switch state V True args=() kw={'refresh': False} ncanvase=2
refresh_canvas_needed fired
GetMagnetMoving ===>> True
GetMagnetMoving ===>> True
GetMagnetMoving ===>> True
GetMagnetMoving ===>> True
GetMagnetMoving ===>> True
GetMagnetMoving ===>> True
GetMagnetMoving ===>> True
GetMagnetMoving ===>> False
ProtectDetector CDD,Off ===>> OK
GetDeflection CDD ===>> 50
Wait until signal near baseline. tol= 0.0393816583959. timeout= 10
GetData ===>> H2,-0.188269552639598,H1,-0.0560393082738696,AX,-0.131753237230658,L1,-0.0148626044398039,L2,0.10...
Peak center baseline intensity achieved
_do_sweep sm= 5.86362538112, em= 5.89362538112, stm= 0.001
calculated step values: start=5.86362538112, end=5.89362538112, width=0.001, nsteps=31.0
setting magnet DAC
current  : 5.863625
requested: 5.863625
Delta Dac: 0.000000
Checking detector protection. dv=0.00000
Checking detector "CDD". Protection Threshold: 0.1 (V)
SetMagnetDAC 5.86362538112 ===>> OK
GetData ===>> H2,0.0725391663517273,H1,0.00265752344310601,AX,-0.187044707860799,L1,-0.0112643962925817,L2,0.02...
setting magnet DAC
current  : 5.863625
requested: 5.864660
Delta Dac: 0.001034
Checking detector protection. dv=0.00103
Checking detector "CDD". Protection Threshold: 0.1 (V)
SetMagnetDAC 5.86465986388 ===>> OK
Magnet settling time: 1.049
Get Checksum: -860229079
GetData ===>> H2,-0.0566936359489692,H1,-0.00609790625774025,AX,-0.148665988891575,L1,-0.0406948481084059,L2,-0...
setting magnet DAC
current  : 5.864660
requested: 5.865694
Delta Dac: 0.001034
Checking detector protection. dv=0.00103
Checking detector "CDD". Protection Threshold: 0.1 (V)
SetMagnetDAC 5.86569434664 ===>> OK
Magnet settling time: 1.049
GetData ===>> H2,-0.302632742493841,H1,0.147394192425154,AX,-0.0763375871828944,L1,-0.03580479696412,L2,-0.0629...
setting magnet DAC
current  : 5.865694
requested: 5.866729
Delta Dac: 0.001034
Checking detector protection. dv=0.00103
Checking detector "CDD". Protection Threshold: 0.1 (V)
SetMagnetDAC 5.8667288294 ===>> OK
Magnet settling time: 1.049
Get Checksum: -860229079
GetData ===>> H2,-0.176464906972163,H1,0.193882557660286,AX,-0.0890180635898927,L1,-0.0360803898038472,L2,-0.09...
setting magnet DAC
current  : 5.866729
requested: 5.867763
Delta Dac: 0.001034
Checking detector protection. dv=0.00103
Checking detector "CDD". Protection Threshold: 0.1 (V)
SetMagnetDAC 5.86776331216 ===>> OK
Magnet settling time: 1.049
GetData ===>> H2,-0.279013923726332,H1,0.425500535712531,AX,0.0440585365395361,L1,-0.019796362147713,L2,-0.1371...
setting magnet DAC
current  : 5.867763
requested: 5.868798
Delta Dac: 0.001034
Checking detector protection. dv=0.00103
Checking detector "CDD". Protection Threshold: 0.1 (V)
SetMagnetDAC 5.86879779492 ===>> OK
Magnet settling time: 1.049
GetData ===>> H2,-0.139904761904764,H1,1.46555159721788,AX,-0.0379847380608609,L1,0.00683689640597048,L2,-0.060...
setting magnet DAC
current  : 5.868798
requested: 5.869832
Delta Dac: 0.001034
Checking detector protection. dv=0.00103
Checking detector "CDD". Protection Threshold: 0.1 (V)
SetMagnetDAC 5.86983227767 ===>> OK
Magnet settling time: 1.049
Get Checksum: -860229079
GetData ===>> H2,-0.261953375340984,H1,3.03926883910417,AX,0.0281363630143104,L1,0.0166464207187771,L2,-0.19782...
setting magnet DAC
current  : 5.869832
requested: 5.870867
Delta Dac: 0.001034
Checking detector protection. dv=0.00103
Checking detector "CDD". Protection Threshold: 0.1 (V)
SetMagnetDAC 5.87086676043 ===>> OK
Magnet settling time: 1.049
GetData ===>> H2,-0.188102502633033,H1,4.7744645107598,AX,0.151397972866995,L1,0.00136947881003813,L2,-0.094668...
setting magnet DAC
current  : 5.870867
requested: 5.871901
Delta Dac: 0.001034
Checking detector protection. dv=0.00103
Checking detector "CDD". Protection Threshold: 0.1 (V)
SetMagnetDAC 5.87190124319 ===>> OK
Magnet settling time: 1.049
GetData ===>> H2,-0.229236179390018,H1,6.0719689715105,AX,0.139430827375822,L1,-0.0435760130413624,L2,0.0392924...
setting magnet DAC
current  : 5.871901
requested: 5.872936
Delta Dac: 0.001034
Checking detector protection. dv=0.00103
Checking detector "CDD". Protection Threshold: 0.1 (V)
SetMagnetDAC 5.87293572595 ===>> OK
Magnet settling time: 1.049
Get Checksum: -860229079
GetData ===>> H2,-0.236493363677969,H1,6.81116902457191,AX,0.176473445720204,L1,-0.0303626099642366,L2,0.126932...
setting magnet DAC
current  : 5.872936
requested: 5.873970
Delta Dac: 0.001034
Checking detector protection. dv=0.00103
Checking detector "CDD". Protection Threshold: 0.1 (V)
SetMagnetDAC 5.87397020871 ===>> OK
Magnet settling time: 1.049
GetData ===>> H2,-0.314196339770193,H1,7.07718179237611,AX,0.104256860004675,L1,0.005743809939703,L2,-0.0954191...
setting magnet DAC
current  : 5.873970
requested: 5.875005
Delta Dac: 0.001034
Checking detector protection. dv=0.00103
Checking detector "CDD". Protection Threshold: 0.1 (V)
SetMagnetDAC 5.87500469147 ===>> OK
Magnet settling time: 1.049
GetData ===>> H2,-0.124648913466249,H1,7.06627358147982,AX,0.242452063961603,L1,0.00721566894870408,L2,0.009064...
setting magnet DAC
current  : 5.875005
requested: 5.876039
Delta Dac: 0.001034
Checking detector protection. dv=0.00103
Checking detector "CDD". Protection Threshold: 0.1 (V)
SetMagnetDAC 5.87603917423 ===>> OK
Magnet settling time: 1.049
Get Checksum: -860229079
GetData ===>> H2,-0.200352212114733,H1,7.1799530011839,AX,0.133424616615927,L1,-0.0136162022883072,L2,-0.077171...
setting magnet DAC
current  : 5.876039
requested: 5.877074
Delta Dac: 0.001034
Checking detector protection. dv=0.00103
Checking detector "CDD". Protection Threshold: 0.1 (V)
SetMagnetDAC 5.87707365698 ===>> OK
Magnet settling time: 1.049
GetData ===>> H2,-0.26019591375426,H1,7.22514827359195,AX,0.193480190971114,L1,0.0266288340790993,L2,0.17595088...
setting magnet DAC
current  : 5.877074
requested: 5.878108
Delta Dac: 0.001034
Checking detector protection. dv=0.00103
Checking detector "CDD". Protection Threshold: 0.1 (V)
SetMagnetDAC 5.87810813974 ===>> OK
Magnet settling time: 1.049
GetData ===>> H2,-0.0545197771212371,H1,7.17560501427734,AX,0.165152729115287,L1,0.0268666310961509,L2,0.116352...
setting magnet DAC
current  : 5.878108
requested: 5.879143
Delta Dac: 0.001034
Checking detector protection. dv=0.00103
Checking detector "CDD". Protection Threshold: 0.1 (V)
SetMagnetDAC 5.8791426225 ===>> OK
Magnet settling time: 1.049
Get Checksum: -860229079
GetData ===>> H2,0.0456029774002922,H1,7.12011008640678,AX,0.292377637813497,L1,-0.00793592739705051,L2,0.08081...
setting magnet DAC
current  : 5.879143
requested: 5.880177
Delta Dac: 0.001034
Checking detector protection. dv=0.00103
Checking detector "CDD". Protection Threshold: 0.1 (V)
SetMagnetDAC 5.88017710526 ===>> OK
Magnet settling time: 1.049
GetData ===>> H2,-0.134258840592477,H1,7.25565200458436,AX,0.247768501444128,L1,-0.0664713939636922,L2,-0.03274...
setting magnet DAC
current  : 5.880177
requested: 5.881212
Delta Dac: 0.001034
Checking detector protection. dv=0.00103
Checking detector "CDD". Protection Threshold: 0.1 (V)
SetMagnetDAC 5.88121158802 ===>> OK
Magnet settling time: 1.049
Get Checksum: -860229079
GetData ===>> H2,-0.117125598129742,H1,7.31344581750977,AX,0.216756168920755,L1,-0.0485245151716857,L2,-0.08099...
setting magnet DAC
current  : 5.881212
requested: 5.882246
Delta Dac: 0.001034
Checking detector protection. dv=0.00103
Checking detector "CDD". Protection Threshold: 0.1 (V)
SetMagnetDAC 5.88224607078 ===>> OK
Magnet settling time: 1.049
GetData ===>> H2,-0.0885363138843841,H1,7.22937475438663,AX,0.220469700583655,L1,-0.0243493744421739,L2,0.07513...
setting magnet DAC
current  : 5.882246
requested: 5.883281
Delta Dac: 0.001034
Checking detector protection. dv=0.00103
Checking detector "CDD". Protection Threshold: 0.1 (V)
SetMagnetDAC 5.88328055354 ===>> OK
Magnet settling time: 1.049
GetData ===>> H2,-0.0863265083473201,H1,7.19576539974318,AX,0.211371799361789,L1,-0.0137504376299199,L2,-0.0433...
setting magnet DAC
current  : 5.883281
requested: 5.884315
Delta Dac: 0.001034
Checking detector protection. dv=0.00103
Checking detector "CDD". Protection Threshold: 0.1 (V)
SetMagnetDAC 5.88431503629 ===>> OK
Magnet settling time: 1.049
Get Checksum: -860229079
GetData ===>> H2,-0.196746301677369,H1,7.16851522213313,AX,0.106551939167511,L1,0.0206065129417333,L2,-0.174823...
setting magnet DAC
current  : 5.884315
requested: 5.885350
Delta Dac: 0.001034
Checking detector protection. dv=0.00103
Checking detector "CDD". Protection Threshold: 0.1 (V)
SetMagnetDAC 5.88534951905 ===>> OK
Magnet settling time: 1.049
GetData ===>> H2,-0.193726959510578,H1,6.73245148859534,AX,0.14434738364257,L1,-0.0382225669279497,L2,0.0049419...
setting magnet DAC
current  : 5.885350
requested: 5.886384
Delta Dac: 0.001034
Checking detector protection. dv=0.00103
Checking detector "CDD". Protection Threshold: 0.1 (V)
SetMagnetDAC 5.88638400181 ===>> OK
Magnet settling time: 1.049
GetData ===>> H2,-0.231406563429462,H1,5.75429602425974,AX,0.224253006486899,L1,-0.0434610696632415,L2,-0.08308...
setting magnet DAC
current  : 5.886384
requested: 5.887418
Delta Dac: 0.001034
Checking detector protection. dv=0.00103
Checking detector "CDD". Protection Threshold: 0.1 (V)
SetMagnetDAC 5.88741848457 ===>> OK
Magnet settling time: 1.049
Get Checksum: -860229079
GetData ===>> H2,-0.214815539114879,H1,4.1965029989157,AX,-0.0981738700807344,L1,0.0256392743966589,L2,-0.01632...
setting magnet DAC
current  : 5.887418
requested: 5.888453
Delta Dac: 0.001034
Checking detector protection. dv=0.00103
Checking detector "CDD". Protection Threshold: 0.1 (V)
SetMagnetDAC 5.88845296733 ===>> OK
Magnet settling time: 1.049
GetData ===>> H2,-0.186278263883611,H1,1.62129438372751,AX,-0.0188954322345617,L1,0.00320614086687972,L2,0.0238...
setting magnet DAC
current  : 5.888453
requested: 5.889487
Delta Dac: 0.001034
Checking detector protection. dv=0.00103
Checking detector "CDD". Protection Threshold: 0.1 (V)
SetMagnetDAC 5.88948745009 ===>> OK
Magnet settling time: 1.049
GetData ===>> H2,-0.146033752783471,H1,0.58260449232026,AX,0.0452423589743335,L1,-0.036377542313281,L2,-0.11160...
setting magnet DAC
current  : 5.889487
requested: 5.890522
Delta Dac: 0.001034
Checking detector protection. dv=0.00103
Checking detector "CDD". Protection Threshold: 0.1 (V)
SetMagnetDAC 5.89052193285 ===>> OK
Magnet settling time: 1.049
Get Checksum: -860229079
GetData ===>> H2,-0.136196059427332,H1,0.162943568762564,AX,0.0336136682553399,L1,-0.0053021079732923,L2,0.0664...
setting magnet DAC
current  : 5.890522
requested: 5.891556
Delta Dac: 0.001034
Checking detector protection. dv=0.00103
Checking detector "CDD". Protection Threshold: 0.1 (V)
SetMagnetDAC 5.89155641561 ===>> OK
Magnet settling time: 1.049
GetData ===>> H2,-0.0725515842101321,H1,0.0159710611649323,AX,0.00446680773388289,L1,-0.0313509068933711,L2,0.0...
setting magnet DAC
current  : 5.891556
requested: 5.892591
Delta Dac: 0.001034
Checking detector protection. dv=0.00103
Checking detector "CDD". Protection Threshold: 0.1 (V)
SetMagnetDAC 5.89259089836 ===>> OK
Magnet settling time: 1.049
Get Checksum: -860229079
GetData ===>> H2,-0.070919059523206,H1,-0.0318826109309221,AX,-0.116436550920116,L1,-0.0349875598620853,L2,-0.0...
setting magnet DAC
current  : 5.892591
requested: 5.893625
Delta Dac: 0.001034
Checking detector protection. dv=0.00103
Checking detector "CDD". Protection Threshold: 0.1 (V)
SetMagnetDAC 5.89362538112 ===>> OK
Magnet settling time: 1.049
GetData ===>> H2,-0.157177389910838,H1,0.00287224387383063,AX,-0.166641251541326,L1,-0.0368256508568356,L2,-0.0...
result of _do_sweep=True
result of _calculate_peak_center=([5.871350832024314, 5.8789861025653964, 5.8866213731064789], [5.3816133916923032, 7.3117085285440915, 5.3968465224527105], 5.8811804913429517, 7.3117085285440915)
Failed to find a valid peak. No peak greater than 1.0. max = 0.291612758603
Failed to find a valid peak. No peak greater than 1.0. max = 0.0199193508986
new center pos Detector(H1) (Ar40) @ 5.87898610257
GetHighVoltage ===>> 4499.94659342336
GetDeflection H1 ===>> 0
dac uncorrected for HV and deflection 5.87902072357
update mftable H1 Ar40 5.87902072357 message=automated run peakcenter
get initial guess parabolic
get initial guess parabolic
get initial guess parabolic
get initial guess parabolic
get initial guess parabolic
get initial guess parabolic
dump mftable to /Users/jan/PychronDev/setupfiles/spectrometer/mftables/mftable.csv
add to repo msg=modified - automated run peakcenter
sweep finished
locally archiving mftable
setting magnet DAC
current  : 5.893625
requested: 5.878986
Delta Dac: 0.014639
Checking detector protection. dv=0.01464
Checking detector "CDD". Protection Threshold: 0.1 (V)
SetMagnetDAC 5.87898610257 ===>> OK
Magnet settling time: 0.500
setting integration time = 1.048576
SetIntegrationTime 1.048576 ===>> OK
Failed to find a valid peak. No peak greater than 1.0. max = 0.291612758603
Failed to find a valid peak. No peak greater than 1.0. max = 0.0199193508986
flush and close file /Users/jan/PychronDev/data/isotopes/aa/dab1e1-3234-47e8-b203-c61f255a1c5e.h5
finished measure script
executed 278.04
jan_co2_whiff_120_60_large.py completed successfully
Measurement Finished
16:04:03 -- ******* Measurement Finished *******
Post Measurement Started jan_pump_ms.py
16:04:03 -- ******* Post Measurement Started jan_pump_ms.py *******
testing...
no interpolation path defined
executed 0
Pumping spectrometer
open () {'name': 'O'}
opening name=O desc=---
checking ownership. requestor=129.138.12.150
check software interlocks O
interlocks []
actuate state mode=None-script, software_lock=False
doing actuation None-script open_channel True
Open O ===>> OK
GetIndicatorState O ===>> OK
change switch state (True, True)
update switch state O True args=() kw={} ncanvase=2
16:04:03 -- OPEN   VALVE-O (Jan Ion Pump)
---------------------------------------- open O () result=[(True, True)], time=0.12 sec
action=open, ok=True, locked=[False]
executed 0
jan_pump_ms.py completed successfully
setting _ms_pumptime
Post Measurement Finished
16:04:03 -- ******* Post Measurement Finished *******
$$$$$$$$$$$$$$$$$$$$ state at run end truncated
post measurement save measured=True aborted=False
Set filtering
setting fod for Ar40= {'filter_outliers': True, 'std_devs': 2, 'iterations': 1}
setting fod for H1= {'filter_outliers': True, 'std_devs': 2, 'iterations': 1}
setting fod for PM41= {'filter_outliers': False, 'std_devs': 2, 'iterations': 1}
setting fod for H2= {'filter_outliers': True, 'std_devs': 2, 'iterations': 1}
setting fod for Ar36= {'filter_outliers': True, 'std_devs': 2, 'iterations': 1}
setting fod for CDD= {'filter_outliers': True, 'std_devs': 10, 'iterations': 1}
setting fod for Ar37= {'filter_outliers': True, 'std_devs': 2, 'iterations': 1}
setting fod for L2= {'filter_outliers': True, 'std_devs': 2, 'iterations': 1}
setting fod for Ar38= {'filter_outliers': True, 'std_devs': 2, 'iterations': 1}
setting fod for L1= {'filter_outliers': True, 'std_devs': 2, 'iterations': 1}
setting fod for Ar39= {'filter_outliers': True, 'std_devs': 2, 'iterations': 1}
setting fod for AX= {'filter_outliers': True, 'std_devs': 2, 'iterations': 1}
persistence save...
persistence save - db
post measurement save
5597516624 connecting to database sqlite:////Users/jan/PychronDev/.appdata/local_lab.db
connected to db sqlite:////Users/jan/PychronDev/.appdata/local_lab.db
create new session 5597516624
close session 5597516624
No database instance. Not saving post measurement to isotopedb database
$$$$$$$$$$$$$$$ auto_save_detector_ic=False
massspec enabled True
create new session 4969650416
MassSpec Database Version: 16.0
close session 4969650416
saving post measurement to secondary database
saving to massspec database 129.138.12.160/massspecdata
setting labnumber to 65516
setting aliquot to 25
setting step to 
setting uuid to aadab1e1-3234-47e8-b203-c61f255a1c5e
setting irradpos to 65516
setting extract_device to Fusions CO2
setting tray to 
setting position to 112
setting power_requested to 5.0
setting extract_value to 5.0
setting duration to 30.0
setting duration_at_request to 30.0
setting first_stage_delay to 30.0
setting cleanup to 30.0
setting comment to F:17 DS
setting irradiation to NM-289
setting level to F
setting irradiation_level to F
setting sample to Sierra Ladron1
setting material to DetritalSanidine
setting project to IR943
setting mass_spectrometer to Jan
no attribute chron_dosages
no attribute production_ratios
no attribute interference_corrections
no attribute production_name
no attribute j
Reference Isotope=Ar40
Reference Detector=H1
Get Checksum: -1965264452
%%%%%%%%%%%%%%%%%%%% Comment: F:17 DS %%%%%%%%%%%%%%%%%%%
adding isotope PM41 H2
add baseline dbdet= PM41. original det= H2
get baseline data PM41 H2
Get data baseline <pychron.processing.isotope.Baseline object at 0x142148110> len t=60
baseline PM41. v=-0.196127201016, e=0.00752556679458
get signal data PM41 H2
Get data signal PM41 0.18+/-0.10 len t=64
adding isotope Ar40 H1
add baseline dbdet= Ar40. original det= H1
get baseline data Ar40 H1
Get data baseline <pychron.processing.isotope.Baseline object at 0x1421482d0> len t=60
baseline Ar40. v=-0.0381491283294, e=0.00491869000153
get signal data Ar40 H1
Get data signal Ar40 4.593+/-0.016 len t=64
adding isotope Ar39 AX
add baseline dbdet= Ar39. original det= AX
get baseline data Ar39 AX
Get data baseline <pychron.processing.isotope.Baseline object at 0x142148490> len t=60
baseline Ar39. v=-0.0689055016135, e=0.00674620834706
get signal data Ar39 AX
Get data signal Ar39 0.183+/-0.024 len t=64
adding isotope Ar38 L1
add baseline dbdet= Ar38. original det= L1
get baseline data Ar38 L1
Get data baseline <pychron.processing.isotope.Baseline object at 0x142148650> len t=60
baseline Ar38. v=-0.0223063658122, e=0.00235619290286
get signal data Ar38 L1
Get data signal Ar38 0.032+/-0.009 len t=64
adding isotope Ar37 L2
add baseline dbdet= Ar37. original det= L2
get baseline data Ar37 L2
Get data baseline <pychron.processing.isotope.Baseline object at 0x142148810> len t=60
baseline Ar37. v=-0.0276352472434, e=0.00534949387887
get signal data Ar37 L2
Get data signal Ar37 0.058+/-0.018 len t=64
adding isotope Ar36 CDD
add baseline dbdet= Ar36. original det= CDD
get baseline data Ar36 CDD
Get data baseline <pychron.processing.isotope.Baseline object at 0x1421489d0> len t=60
baseline Ar36. v=2.48109019143e-05, e=8.04289485875e-06
get signal data Ar36 CDD
Get data signal Ar36 0.0143+/-0.0006 len t=64
65516-25 added analysis time 0.508569955826s
analysis added to mass spec database
mass spec save time= 0.516
persistence save - dvc
================= post measurement started
create new session 4975699056
close session 4975699056
---------------- Experiment Queue saving disabled
DVC saving peakcenter
Failed to find a valid peak. No peak greater than 1.0. max = 0.291612758603
Failed to find a valid peak. No peak greater than 1.0. max = 0.0199193508986
Smart pull ahead: 0 behind: 0
Up-to-date with origin
add to repo msg=modified - ad8224ebc6dbfeb9f5997218dfa5fe690569839d.json
add to repo msg=modified - 16-25.json
add to repo msg=modified - 16-25.dat.json
add to repo msg=modified - 16-25.blan.json
add to repo msg=modified - 16-25.inte.json
Get Checksum: -1965264452
add to repo msg=modified - 16-25.icfa.json
add to repo msg=modified - 16-25.base.json
not at valid file /Users/jan/PychronDev/data/.dvc/repositories/Load1782/655/tags/16-25.tags.json
add to repo msg=modified - 16-25.peak.json
add to repo msg=modified - 16-25.extr.json
not at valid file /Users/jan/PychronDev/data/.dvc/repositories/Load1782/655/monitor/16-25.moni.json
commit message=<COLLECTION>
add to repo msg=modified - 16-25.inte.json
add to repo msg=modified - 16-25.base.json
commit message=<ISOEVO> default collection fits
add to repo msg=modified - 16-25.blan.json
commit message=<BLANKS> preceding bc-02-J-244
Get Checksum: -1965264452
add to repo msg=modified - 16-25.icfa.json
commit message=<ICFactor> default
push repository <pychron.git_archive.repo_manager.GitRepoManager object at 0x1132afbf0>
pushing to remote=origin, url=https://github.com
Get Checksum: -1965264452
no changes to meta repo
create new session 4975699056
add association Load1782
get identifier "65516"
setting analysis irradiation position=<pychron.dvc.dvc_orm.IrradiationPositionTbl object at 0x14dac11d0>
close session 4975699056
================= post measurement finished
16:04:15 -- ******* Post Run Check *******
loading queue conditionals post_run_actions
loading system conditionals post_run_actions
loading conditionals from /Users/jan/PychronDev/setupfiles/spectrometer/default_conditionals.yaml
loading queue conditionals post_run_terminations
loading system conditionals post_run_terminations
loading conditionals from /Users/jan/PychronDev/setupfiles/spectrometer/default_conditionals.yaml
Checking default post run terminations n=1
GetDeflection CDD ===>> 50
testing CDD==2000
evaluate ot="CDD.deflection==2000" t="CDD==2000", ctx="{'CDD': 50.0}"
16:04:16 -- ******* Post Run Check Passed *******
16:04:16 -- Automated run 65516-25 truncated duration: 302.995 s
----------------- finish -----------------
----------------- stop -----------------
retroactive repository identifiers disabled
finish run. runs completed=31
write rem/ex queues
/Users/jan/PychronDev/experiments/rem/CurrentExperiment.rem.txt
/Users/jan/PychronDev/experiments/rem/CurrentExperiment.ex.txt
doing event level: 3
