do run
loading script "jan_co2_whiff_120_60_large.py"
loading script "jan_pump_ms.py"
loading script "jan_co2.py"
loading script "jan_pump_extraction_line.py"
testing...
no interpolation path defined
executed 266.04
script duration name:co2_whiff_120_60_large seconds:266.0
loading script "jan_co2_whiff_120_60_large.py"
loading script "jan_pump_ms.py"
loading script "jan_co2.py"
loading script "jan_pump_extraction_line.py"
testing...
no interpolation path defined
executed 0
loading script "jan_co2_whiff_120_60_large.py"
loading script "jan_pump_ms.py"
loading script "jan_co2.py"
loading script "jan_pump_extraction_line.py"
testing...
no interpolation path defined
calculate duration
testing...
no interpolation path defined
executed 0
calculate duration
testing...
no interpolation path defined
executed 0
executed 0.0
script duration name:co2 seconds:0.0
loading script "jan_co2_whiff_120_60_large.py"
loading script "jan_pump_ms.py"
loading script "jan_co2.py"
loading script "jan_pump_extraction_line.py"
testing...
no interpolation path defined
calculate duration
testing...
no interpolation path defined
executed 4.0
executed 4.0
Script duration 266.0
Run total estimated duration= 267.000
run duration: 0:04:27
doing event level: 2
20:47:41 -- Setting default integration. t=1.048576
setting integration time = 1.048576
SetIntegrationTime 1.048576 ===>> OK
----------------- start -----------------
**************** Experiment Type: Ar/Ar, Ar/Ar
create new session 4985261232
close session 4985261232
$$$$$ Clearing conditionals
adding conditionals detrital
extract conditionals from file. /Users/jan/PychronDev/scripts/conditionals/detrital.yaml
no attr for this modification cd={'extraction_str': '', 'attr': '', 'mapper': '', 'use_termination': False, 'start_count': 0, 'nskip': 0, 'window': 0, 'frequency': 1, 'teststr': '', 'action': 'Skip Next Run', 'ntrips': 1, 'use_truncation': False}
no attr for this cancelation cd={'mapper': '', 'window': 0, 'frequency': 1, 'attr': '', 'teststr': '', 'start_count': 0, 'ntrips': 1}
adding truncation attr="age" test="age>100.0" start="60"
adding truncation attr="Ar39" test="Ar39<0.5" start="60"
no attr for this termination cd={'mapper': '', 'window': 0, 'frequency': 1, 'attr': '', 'teststr': '', 'start_count': 0, 'ntrips': 1}
Invalid conditional kind="pre_run_terminations"
no attr for this action cd={'mapper': '', 'attr': '', 'start_count': 0, 'window': 0, 'frequency': 1, 'teststr': '', 'action': None, 'ntrips': 1}
Invalid conditional kind="post_run_terminations"
Add queue conditionals
add default conditionals
adding default conditionals from /Users/jan/PychronDev/setupfiles/spectrometer/default_conditionals.yaml
Start automated run 65516-40
loading script "jan_co2_whiff_120_60_large.py"
loading script "jan_pump_ms.py"
loading script "jan_co2.py"
loading script "jan_pump_extraction_line.py"
%%%%%%%%%%%%%%%%%% setting automated run 65516-40
No value "sensitivity_multiplier" in metadata
$$$$$$$$$$$$$$$ auto_save_detector_ic=False
============================= Pre Extraction Check =============================
loading queue conditionals pre_run_terminations
loading system conditionals pre_run_terminations
loading conditionals from /Users/jan/PychronDev/setupfiles/spectrometer/default_conditionals.yaml
20:47:41 -- ******* Pre Extraction Check *******
Get a measurement from the spectrometer
GetData ===>> H2,-0.305986454808296,H1,-0.00535837641193453,AX,-0.125427575910241,L1,-0.0434754376574092,L2,0.0...
Pre Extraction Termination data. keys=H2,H1,AX,L1,L2,CDD, signals=-0.30599,-0.00536,-0.12543,-0.04348,0.01758,0.00387
20:47:41 -- testing system defined conditionals
Checking default pre extraction terminations n=2
testing CDD
evaluate ot="CDD.inactive" t="CDD", ctx="{'CDD': False}"
GetDeflection CDD ===>> 50
testing CDD==2000
evaluate ot="CDD.deflection==2000" t="CDD==2000", ctx="{'CDD': 50.0}"
20:47:41 -- ******* Pre Extraction Check Passed *******
=================================================================================
20:47:41 -- stopping status monitor
stop 4976082864
Alive clients [4983386864]
20:47:41 -- starting status monitor
start 4976082864
Monitor already running
start extraction
do extraction
Analysis started at 20:47:41.477468
Extraction Started jan_co2.py
20:47:41 -- ******* Extraction Started jan_co2.py *******
state changed from not run to extraction
DO EXTRACTION <pychron.extraction_line.pyscript_runner.RemotePyScriptRunner object at 0x12bb183b0>
testing...
no interpolation path defined
calculate duration
testing...
no interpolation path defined
executed 0
calculate duration
testing...
no interpolation path defined
executed 0
executed 100.0
Jan CO2 laser analysis
doing GOSUB
testing...
no interpolation path defined
executed 0
Waiting for CO2 access
wait ('FelixCO2Flag', 0) {}
waiting for FelixCO2Flag = 0
Read FelixCO2Flag ===>> 0
finished waiting
CO2 free
wait ('CO2PumpTimeFlag', 0) {}
waiting for CO2PumpTimeFlag = 0
Read CO2PumpTimeFlag ===>> 0
finished waiting
acquire ('JanCO2Flag',) {'clear': True}
acquire JanCO2Flag
Set JanCO2Flag 1 ===>> OK
JanCO2Flag acquired
set extraction state False (0.75, 'red', 1.5)
CO2 acquired
executed 0
WaitForCO2Access.py completed successfully
gosub finished
doing GOSUB
testing...
no interpolation path defined
executed 0
Prepare for CO2 analysis
close () {'description': 'Jan Inlet'}
closing name=--- desc=Jan Inlet
checking ownership. requestor=129.138.12.150
check software interlocks R
interlocks []
actuate state mode=None-script, software_lock=False
doing actuation None-script close_channel False
Close R ===>> OK
Get Checksum: -528452593
GetIndicatorState R ===>> False
change switch state (True, True)
update switch state R False args=() kw={} ncanvase=2
20:47:41 -- CLOSE  VALVE-R (Jan Inlet)
---------------------------------------- close None (Jan Inlet) result=[(True, True)]
action=close, ok=True, locked=[False]
open () {'description': 'Jan Ion Pump'}
opening name=--- desc=Jan Ion Pump
checking ownership. requestor=129.138.12.150
check software interlocks O
interlocks []
actuate state mode=None-script, software_lock=False
doing actuation None-script open_channel False
Open O ===>> OK
GetIndicatorState O ===>> OK
change switch state (True, True)
update switch state O True args=() kw={} ncanvase=2
20:47:42 -- OPEN   VALVE-O (Jan Ion Pump)
---------------------------------------- open None (Jan Ion Pump) result=[(True, True)], time=0.13 sec
action=open, ok=True, locked=[False]
close () {'description': 'Microbone to Minibone'}
closing name=--- desc=Microbone to Minibone
checking ownership. requestor=129.138.12.150
check software interlocks L
interlocks []
actuate state mode=None-script, software_lock=False
doing actuation None-script close_channel False
Close L ===>> OK
GetIndicatorState L ===>> False
change switch state (True, True)
update switch state L False args=() kw={} ncanvase=2
20:47:42 -- CLOSE  VALVE-L (Microbone to Minibone)
---------------------------------------- close None (Microbone to Minibone) result=[(True, True)]
action=close, ok=True, locked=[False]
open () {'description': 'Microbone to Turbo'}
opening name=--- desc=Microbone to Turbo
checking ownership. requestor=129.138.12.150
check software interlocks U
interlocks []
actuate state mode=None-script, software_lock=False
doing actuation None-script open_channel False
Open U ===>> OK
GetIndicatorState U ===>> OK
change switch state (True, True)
update switch state U True args=() kw={} ncanvase=2
20:47:43 -- OPEN   VALVE-U (Microbone to Turbo)
---------------------------------------- open None (Microbone to Turbo) result=[(True, True)], time=0.13 sec
action=open, ok=True, locked=[False]
open () {'description': 'Microbone to Inlet Pipette'}
opening name=--- desc=Microbone to Inlet Pipette
checking ownership. requestor=129.138.12.150
check software interlocks S
interlocks []
actuate state mode=None-script, software_lock=False
doing actuation None-script open_channel False
Open S ===>> OK
GetIndicatorState S ===>> OK
change switch state (True, True)
update switch state S True args=() kw={} ncanvase=2
20:47:44 -- OPEN   VALVE-S (Microbone to Inlet Pipette)
---------------------------------------- open None (Microbone to Inlet Pipette) result=[(True, True)], time=0.41 sec
action=open, ok=True, locked=[False]
open () {'description': 'Microbone to Getter D-50'}
opening name=--- desc=Microbone to Getter D-50
checking ownership. requestor=129.138.12.150
check software interlocks K
interlocks []
actuate state mode=None-script, software_lock=False
doing actuation None-script open_channel False
Open K ===>> OK
GetIndicatorState K ===>> OK
change switch state (True, True)
update switch state K True args=() kw={} ncanvase=2
20:47:44 -- OPEN   VALVE-K (Microbone to Getter D-50)
---------------------------------------- open None (Microbone to Getter D-50) result=[(True, True)], time=0.43 sec
Get Checksum: -528452593
action=open, ok=True, locked=[False]
open () {'description': 'Microbone to Getter NP-10'}
opening name=--- desc=Microbone to Getter NP-10
checking ownership. requestor=129.138.12.150
check software interlocks M
interlocks []
actuate state mode=None-script, software_lock=False
doing actuation None-script open_channel False
Open M ===>> OK
GetIndicatorState M ===>> OK
change switch state (True, True)
update switch state M True args=() kw={} ncanvase=2
20:47:45 -- OPEN   VALVE-M (Microbone to Getter NP-10)
---------------------------------------- open None (Microbone to Getter NP-10) result=[(True, True)], time=0.14 sec
action=open, ok=True, locked=[False]
close () {'description': 'CO2 Laser to Felix'}
closing name=--- desc=CO2 Laser to Felix
checking ownership. requestor=129.138.12.150
check software interlocks F
interlocks []
actuate state mode=None-script, software_lock=True
VALVE-F(CO2 Laser to Felix) software locked
change switch state (True, False)
---------------------------------------- close None (CO2 Laser to Felix) result=[(True, False)]
action=close, ok=True, locked=[True]
open () {'description': 'CO2 Laser to Jan'}
opening name=--- desc=CO2 Laser to Jan
checking ownership. requestor=129.138.12.150
check software interlocks A
interlocks []
actuate state mode=None-script, software_lock=False
doing actuation None-script open_channel False
Open A ===>> OK
GetIndicatorState A ===>> OK
change switch state (True, True)
update switch state A True args=() kw={} ncanvase=2
20:47:45 -- OPEN   VALVE-A (CO2 Laser to Jan)
---------------------------------------- open None (CO2 Laser to Jan) result=[(True, True)], time=0.12 sec
action=open, ok=True, locked=[False]
open () {'description': 'Microbone to CO2 Laser'}
opening name=--- desc=Microbone to CO2 Laser
checking ownership. requestor=129.138.12.150
check software interlocks T
interlocks []
actuate state mode=None-script, software_lock=False
doing actuation None-script open_channel False
Open T ===>> OK
GetIndicatorState T ===>> OK
change switch state (True, True)
update switch state T True args=() kw={} ncanvase=2
20:47:46 -- OPEN   VALVE-T (Microbone to CO2 Laser)
---------------------------------------- open None (Microbone to CO2 Laser) result=[(True, True)], time=0.41 sec
action=open, ok=True, locked=[False]
executed 0
PrepareForCO2Analysis.py completed successfully
gosub finished
set_motor ('beam', '1.25') {}
setting motor "beam" to 1.25
set motor beam to 1.25
SetMotor beam,1.25 ===>> OK
GetMotorMoving beam ===>> False
GetMotorMoving beam ===>> False
Block completed
move_to_position ('128',) {'autocenter': True}
FusionsCO2 move to position 128
sending GoToHole 128,True
GoToHole 128,True ===>> OK
Get Checksum: -528452593
GetDriveMoving ===>> OK
GetDriveMoving ===>> OK
GetDriveMoving ===>> OK
GetDriveMoving ===>> False
GetDriveMoving ===>> OK
GetDriveMoving ===>> OK
GetDriveMoving ===>> OK
GetDriveMoving ===>> OK
GetDriveMoving ===>> OK
GetDriveMoving ===>> False
Block completed
Get Checksum: -528452593
GetAutoCorrecting ===>> False
GetAutoCorrecting ===>> False
Block completed
update position
GetPosition ===>> 0.00000,-1.99390,1.00000
got position (0.0, -1.9939, 1.0)
move to position succeeded
sleep (5,) {}
SLEEP 5.0
block started
WaitControl setup for 5.0  
Get Checksum: -528452593
Join finished
block finished. duration 5.00680303574
close () {'description': 'Microbone to Turbo'}
closing name=--- desc=Microbone to Turbo
checking ownership. requestor=129.138.12.150
check software interlocks U
interlocks []
actuate state mode=None-script, software_lock=False
doing actuation None-script close_channel True
Close U ===>> OK
GetIndicatorState U ===>> False
change switch state (True, True)
update switch state U False args=() kw={} ncanvase=2
20:47:56 -- CLOSE  VALVE-U (Microbone to Turbo)
---------------------------------------- close None (Microbone to Turbo) result=[(True, True)]
Get Checksum: -32145284
action=close, ok=True, locked=[False]
enable laser
enable () {}
set extraction state FusionsCO2 Enabled (False, 'red', 1.5)
enabling laser
Enable ===>> OK
begin interval
BEGIN INTERVAL Interval 1 waiting for 30.0
block started
set extract to 5.0
WaitControl setup for 30.0  
extract (5.0,) {}
GetPosition ===>> 0.00000,-1.99390,1.00000
set extraction state FusionsCO2 ON! 5.0(watts) (0.75, 'red', 1.5)
extract sample to 5.0 (watts)
set laser output
SetLaserOutput 5.0,watts ===>> OK
executing pattern triangle.lp
execute_pattern ('triangle.lp',) {}
executing pattern triangle.lp
set states for children of H. state=False
handle state [('H', False)]
update switch state H False args=() kw={'refresh': False} ncanvase=2
refresh_canvas_needed fired
IsPatterning ===>> OK
Get Checksum: 1986462500
State checksums do not match. Local:-885652682 Remote:1986462500
State checksum failed
IsPatterning ===>> OK
set states for children of C. state=True
set states for children of B. state=True
handle state [('C', True), ('B', True)]
update switch state C True args=() kw={'refresh': True} ncanvase=2
update switch state B True args=() kw={'refresh': False} ncanvase=2
refresh_canvas_needed fired
IsPatterning ===>> OK
IsPatterning ===>> OK
Get Checksum: -1640178555
IsPatterning ===>> OK
IsPatterning ===>> OK
IsPatterning ===>> OK
Get Checksum: -1640178555
IsPatterning ===>> OK
IsPatterning ===>> OK
IsPatterning ===>> OK
Get Checksum: -1640178555
IsPatterning ===>> OK
IsPatterning ===>> OK
IsPatterning ===>> OK
Get Checksum: -1640178555
IsPatterning ===>> OK
IsPatterning ===>> OK
IsPatterning ===>> OK
Get Checksum: -1640178555
IsPatterning ===>> OK
IsPatterning ===>> OK
IsPatterning ===>> OK
Get Checksum: -1640178555
IsPatterning ===>> OK
IsPatterning ===>> OK
IsPatterning ===>> OK
Get Checksum: -1640178555
IsPatterning ===>> OK
IsPatterning ===>> OK
IsPatterning ===>> OK
Get Checksum: -1640178555
IsPatterning ===>> OK
IsPatterning ===>> OK
IsPatterning ===>> OK
Get Checksum: -1640178555
Join finished
block finished. duration 30.0500249863
Interval 1 finished
IsPatterning ===>> False
IsPatterning ===>> False
Block completed
COMPLETE INTERVAL waiting for Interval 1 to complete
end_extract () {}
ending extraction. set laser power to 0
set laser power 0
SetLaserPower 0 ===>> OK
disable () {}
%%%%%%%%%%%%%%%%%%%%%%%%%%%%%%%%%%% disable
set extraction state False (0.75, 'red', 1.5)
disabling laser
Disable ===>> OK
sleep (30.0,) {}
SLEEP 30.0
block started
WaitControl setup for 30.0  
Get Checksum: -1640178555
Get Checksum: -1640178555
Get Checksum: -1640178555
Get Checksum: -1640178555
Get Checksum: -1640178555
Get Checksum: -1640178555
Get Checksum: -1640178555
Get Checksum: -1640178555
Get Checksum: -1640178555
Get Checksum: -1640178555
Join finished
block finished. duration 30.039714098
executed 165.0
jan_co2.py completed successfully
GetAchievedOutput ===>> No Response
Requested Output= 0.000
Achieved Output=  0.000
GetResponseBlob ===>> No Response
GetOutputBlob ===>> No Response
persistence save...
persistence save - db
AutomatedRunPersister post_extraction_save deprecated
persistence save - dvc
no extraction position for 128
create new session 4983034992
close session 4983034992
Extraction Finished
20:48:58 -- ******* Extraction Finished *******
no overlap. not waiting for min ms pumptime
20:48:58 -- Sending spectrometer configuration
======== Sending configuration ========
SetDeflection CDD,50.0 ===>> OK
SetDeflection H2,0.0 ===>> OK
SetDeflection H1,0.0 ===>> OK
SetDeflection L2,825.0 ===>> OK
SetDeflection L1,400.0 ===>> OK
SetDeflection AX,190.0 ===>> OK
SetZFocus 74.64 ===>> OK
SetZSymmetry -50.72 ===>> OK
SetExtractionLens 26.13 ===>> OK
SetIonRepeller -3.81 ===>> OK
SetElectronEnergy 75.08 ===>> OK
SetYSymmetry -2.81 ===>> OK
SetIonCounterVoltage 1590.0 ===>> OK
send trap current 200.0
GetParameter Trap Current Readback ===>> 198.035158395898
SetParameter Trap Current Set,200.0 ===>> OK
updating mftable name mftable
Using mftable located at /Users/jan/PychronDev/setupfiles/spectrometer/mftables/mftable.csv
============ MFtable ===========
Isotope  H2     H1     AX     L1     L2     CDD    
Ar40     5.7766 5.8788 5.9922 6.1165 6.2307 6.3447
Ar39     5.6758 5.7711 5.8847 6.0026 6.1159 6.2312
Ar36     5.3533 5.4401 5.5480 5.6614 5.7708 5.8823
================================
get initial guess parabolic
get initial guess parabolic
get initial guess parabolic
get initial guess parabolic
get initial guess parabolic
get initial guess parabolic
======== Configuration Finished ========
GetYSymmetry ===>> -2.81
GetZSymmetry ===>> -50.72
GetParameter Trap Current Readback ===>> 198.035158395898
GetHighVoltage ===>> 4499.94659342336
start measurement
do measurement
L#=65516 analysis type=unknown
Measurement Started jan_co2_whiff_120_60_large.py
20:48:59 -- ******* Measurement Started jan_co2_whiff_120_60_large.py *******
state changed from extraction to measurement
setting spec, defl, and gains
GetExtractionLens ===>> 26.13
GetYSymmetry ===>> -2.81
GetZSymmetry ===>> -50.72
GetZFocus ===>> 74.64
GetDeflection H2 ===>> 0
GetDeflection H1 ===>> 0
GetDeflection AX ===>> 190
GetDeflection L1 ===>> 400
GetDeflection L2 ===>> 825
GetDeflection CDD ===>> 50
GetGain H2 ===>> 0.0113
GetGain H1 ===>> 0.1
GetGain AX ===>> 0.097049
GetGain L1 ===>> 0.010355
GetGain L2 ===>> 0.095649
GetGain CDD ===>> 0
pre measurement save
New frame /Users/jan/PychronDev/data/isotopes/d0/e0a0e5-5e8a-42b8-b3ac-431792101273.h5
flush and close file /Users/jan/PychronDev/data/isotopes/d0/e0a0e5-5e8a-42b8-b3ac-431792101273.h5
testing...
no interpolation path defined
executed 266.04
co2 whiff measurement script
activate_detectors ('H2', 'H1', 'AX', 'L1', 'L2', 'CDD') {}
activate detectors
*************** Set Analysis View Ar/Ar
create graphs
clearing graphs
clear isotope group
setting isotope det=H2, iso=PM41
setting isotope det=H1, iso=Ar40
setting isotope det=AX, iso=Ar39
setting isotope det=L1, iso=Ar38
setting isotope det=L2, iso=Ar37
setting isotope det=CDD, iso=Ar36
setting previous blanks
 - setting Ar40 blank 0.207+/-0.007
 - setting Ar36 blank 0.00443+/-0.00016
 - setting Ar37 blank 0.048+/-0.005
 - setting Ar38 blank 0.0097+/-0.0019
 - setting PM41 blank 0.01+/-0.06
 - setting Ar39 blank 0.048+/-0.008
load analysis view
position_magnet ('Ar40',) {'detector': 'H1'}
detector Detector(H1)
POSITION Ar40 H1
setting detector H2 to PM41 (40.9624)
setting detector H1 to Ar40 (39.9624)
setting detector AX to Ar39 (38.9624)
setting detector L1 to Ar38 (37.9624)
setting detector L2 to Ar37 (36.9624)
setting detector CDD to Ar36 (35.9624)
Mapping mass to dac mass func: "parabolic"
H1 map mass coeffs = [-0.00063987  0.15840543  0.57041999]
H1 map mass to dac 39.9624 >> 5.87881
GetDeflection H1 ===>> 0
GetHighVoltage ===>> 4499.94659342336
positioning Ar40 (5.87877538024) on H1
setting magnet DAC
current  : 5.878775
requested: 5.878775
Delta Dac: 0.000000
Checking detector protection. dv=0.00000
Checking detector "CDD". Protection Threshold: 0.1 (V)
SetMagnetDAC 5.87877538024 ===>> OK
close ('S',) {}
closing name=S desc=---
checking ownership. requestor=129.138.12.150
check software interlocks S
interlocks []
actuate state mode=None-script, software_lock=False
doing actuation None-script close_channel True
Close S ===>> OK
GetIndicatorState S ===>> False
change switch state (True, True)
update switch state S False args=() kw={} ncanvase=2
20:49:00 -- CLOSE  VALVE-S (Microbone to Inlet Pipette)
---------------------------------------- close S () result=[(True, True)]
Get Checksum: -1299730166
action=close, ok=True, locked=[False]
equilibrate () {'do_post_equilibration': False, 'inlet': 'R', 'outlet': 'O', 'eqtime': 4}
Equilibration Started
20:49:00 -- ******* Equilibration Started *******
checking ownership. requestor=129.138.12.150
check software interlocks O
interlocks []
actuate state mode=None-script, software_lock=False
doing actuation None-script close_channel True
Close O ===>> OK
GetIndicatorState O ===>> False
change switch state (True, True)
update switch state O False args=() kw={} ncanvase=2
20:49:00 -- CLOSE  VALVE-O (Jan Ion Pump)
waiting 3s before opening inlet value ('R',)
Get Checksum: 1680446728
checking ownership. requestor=129.138.12.150
check software interlocks R
interlocks []
actuate state mode=None-script, software_lock=False
doing actuation None-script open_channel True
Open R ===>> OK
GetIndicatorState R ===>> OK
change switch state (True, True)
update switch state R True args=() kw={} ncanvase=2
20:49:04 -- OPEN   VALVE-R (Jan Inlet)
set_time_zero (0,) {}
sniff (4,) {}
equilibrating for 4sec
py_sniff
build tables- sniff [Detector(H2), Detector(H1), Detector(AX), Detector(L1), Detector(L2), Detector(CDD)]
add group /sniff/PM41 (Group) '' table H2
add group /sniff/Ar40 (Group) '' table H1
add group /sniff/Ar39 (Group) '' table AX
add group /sniff/Ar38 (Group) '' table L1
add group /sniff/Ar37 (Group) '' table L2
add group /sniff/Ar36 (Group) '' table CDD
flush and close file /Users/jan/PychronDev/data/isotopes/d0/e0a0e5-5e8a-42b8-b3ac-431792101273.h5
measuring sniff. ncounts=4
starting measurement
GetData ===>> H2,0.879363594781076,H1,1.01725712150251,AX,2.27037869278155,L1,0.0608810685632596,L2,0.528651549...
GetData ===>> H2,6.10382669345019,H1,4.91197760543207,AX,5.28305080773705,L1,0.871483030322029,L2,1.13324676411...
Get Checksum: 529246153
GetData ===>> H2,2.7129894607325,H1,4.85648373510579,AX,1.78145579936036,L1,0.810442033648769,L2,0.386389495166...
GetData ===>> H2,0.897578634897431,H1,4.50346230461507,AX,0.647522114956751,L1,0.541467221990348,L2,0.209700932...
Equilibration Finished
20:49:08 -- ******* Equilibration Finished *******
checking ownership. requestor=129.138.12.150
check software interlocks R
interlocks []
actuate state mode=None-script, software_lock=False
doing actuation None-script close_channel True
Close R ===>> OK
measurement finished
estimated time: 4.194 actual time: :4.255
flush and close file /Users/jan/PychronDev/data/isotopes/d0/e0a0e5-5e8a-42b8-b3ac-431792101273.h5
set_fits () {}
using default fits file=/Users/jan/PychronDev/scripts/measurement/fits/nominal_linear.yaml
set "Ar40" to "('Linear', 'SEM')"
No fit for "PM41". defaulting to linear. check the measurement script "jan_co2_whiff_120_60_large.py"
set "PM41" to "linear"
set "Ar36" to "('Linear', 'SEM')"
set "Ar37" to "('linear', 'SEM')"
set "Ar38" to "('linear', 'SEM')"
set "Ar39" to "('Linear', 'SEM')"
set_baseline_fits () {}
using default fits file=/Users/jan/PychronDev/scripts/measurement/fits/nominal_linear.yaml
set "H1" to "('average', 'SEM')"
set "H2" to "('average', 'SEM')"
set "CDD" to "('average', 'SEM')"
set "L2" to "('average', 'SEM')"
set "L1" to "('average', 'SEM')"
set "AX" to "('average', 'SEM')"
whiff () {'ncounts': 1, 'conditionals': [{'action': 'run_remainder', 'attr': 'Ar40', 'teststr': 'Ar40.cur<=175'}, {'action': 'run_pipette', 'attr': 'Ar40', 'teststr': 'Ar40.cur>500'}, {'action': 'run_chamber_split', 'attr': 'Ar40', 'teststr': 'Ar40.cur>=300'}, {'action': 'pump', 'attr': 'Ar40', 'teststr': 'Ar40.cur>175'}]}
build tables- whiff [Detector(H2), Detector(H1), Detector(AX), Detector(L1), Detector(L2), Detector(CDD)]
add group /whiff/PM41 (Group) '' table H2
add group /whiff/Ar40 (Group) '' table H1
add group /whiff/Ar39 (Group) '' table AX
add group /whiff/Ar38 (Group) '' table L1
add group /whiff/Ar37 (Group) '' table L2
add group /whiff/Ar36 (Group) '' table CDD
flush and close file /Users/jan/PychronDev/data/isotopes/d0/e0a0e5-5e8a-42b8-b3ac-431792101273.h5
measuring whiff. ncounts=1
GetIndicatorState R ===>> False
change switch state (True, True)
update switch state R False args=() kw={} ncanvase=2
20:49:09 -- CLOSE  VALVE-R (Jan Inlet)
starting measurement
GetData ===>> H2,0.343245461144699,H1,4.36685250816919,AX,0.378786053410741,L1,0.345602843856648,L2,0.119898246...
Get Checksum: 1680446728
testing Ar40<=175
evaluate ot="Ar40.cur<=175" t="Ar40<=175", ctx="{'Ar40': 4.36685250816919}"
condition Ar40<=175 is true trips=1/1
20:49:10 -- Conditional tripped: Ar40.cur<=175 condition Ar40<=175 is True
measurement finished
estimated time: 1.049 actual time: :1.108
flush and close file /Users/jan/PychronDev/data/isotopes/d0/e0a0e5-5e8a-42b8-b3ac-431792101273.h5
WHIFF Result=run_remainder
Whiff result=run_remainder
open ('R',) {}
opening name=R desc=---
checking ownership. requestor=129.138.12.150
check software interlocks R
interlocks []
actuate state mode=None-script, software_lock=False
doing actuation None-script open_channel True
Open R ===>> OK
GetIndicatorState R ===>> OK
change switch state (True, True)
update switch state R True args=() kw={} ncanvase=2
20:49:11 -- OPEN   VALVE-R (Jan Inlet)
---------------------------------------- open R () result=[(True, True)], time=0.38 sec
action=open, ok=True, locked=[False]
open ('S',) {}
opening name=S desc=---
checking ownership. requestor=129.138.12.150
check software interlocks S
interlocks []
actuate state mode=None-script, software_lock=False
doing actuation None-script open_channel True
Open S ===>> OK
GetIndicatorState S ===>> OK
change switch state (True, True)
update switch state S True args=() kw={} ncanvase=2
20:49:11 -- OPEN   VALVE-S (Microbone to Inlet Pipette)
---------------------------------------- open S () result=[(True, True)], time=0.43 sec
action=open, ok=True, locked=[False]
sleep (12.0,) {}
SLEEP 12.0
block started
WaitControl setup for 12.0  
Get Checksum: -173909521
Get Checksum: -173909521
Get Checksum: -173909521
Join finished
block finished. duration 12.0349569321
close ('R',) {}
closing name=R desc=---
checking ownership. requestor=129.138.12.150
check software interlocks R
interlocks []
actuate state mode=None-script, software_lock=False
doing actuation None-script close_channel True
Close R ===>> OK
Get Checksum: -423938523
State checksums do not match. Local:-173909521 Remote:-423938523
State checksum failed
GetIndicatorState R ===>> False
change switch state (True, True)
update switch state R False args=() kw={} ncanvase=2
20:49:24 -- CLOSE  VALVE-R (Jan Inlet)
---------------------------------------- close R () result=[(True, True)]
action=close, ok=True, locked=[False]
post_equilibration () {}
multicollect () {'integration_time': 1, 'ncounts': 120.0}
Post Equilibration Started jan_pump_extraction_line.py
build tables- signal [Detector(H2), Detector(H1), Detector(AX), Detector(L1), Detector(L2), Detector(CDD)]
20:49:24 -- ******* Post Equilibration Started jan_pump_extraction_line.py *******
add group /signal/PM41 (Group) '' table H2
add group /signal/Ar40 (Group) '' table H1
testing...
add group /signal/Ar39 (Group) '' table AX
no interpolation path defined
add group /signal/Ar38 (Group) '' table L1
add group /signal/Ar37 (Group) '' table L2
calculate duration
add group /signal/Ar36 (Group) '' table CDD
testing...
flush and close file /Users/jan/PychronDev/data/isotopes/d0/e0a0e5-5e8a-42b8-b3ac-431792101273.h5
no interpolation path defined
measuring signal. ncounts=120.0
executed 4.0
executed 4.0
Pump after analysis
doing GOSUB
testing...
no interpolation path defined
executed 4.0
Pump Microbone
close () {'description': 'Jan Inlet'}
closing name=--- desc=Jan Inlet
checking ownership. requestor=129.138.12.150
check software interlocks R
interlocks []
actuate state mode=None-script, software_lock=False
doing actuation None-script close_channel False
Close R ===>> OK
GetIndicatorState R ===>> False
change switch state (True, True)
update switch state R False args=() kw={} ncanvase=2
20:49:25 -- CLOSE  VALVE-R (Jan Inlet)
---------------------------------------- close None (Jan Inlet) result=[(True, True)]
starting measurement
GetData ===>> H2,0.219091991379055,H1,116.805074070807,AX,0.40086227799255,L1,0.0551750576173794,L2,0.194764098...
action=close, ok=True, locked=[False]
is_closed ('F',) {}
is F () closed?
is closed True
open () {'description': 'CO2 Laser to Jan'}
opening name=--- desc=CO2 Laser to Jan
checking ownership. requestor=129.138.12.150
check software interlocks A
interlocks []
actuate state mode=None-script, software_lock=False
doing actuation None-script open_channel False
Open A ===>> OK
GetIndicatorState A ===>> OK
change switch state (True, True)
update switch state A True args=() kw={} ncanvase=2
20:49:25 -- OPEN   VALVE-A (CO2 Laser to Jan)
---------------------------------------- open None (CO2 Laser to Jan) result=[(True, True)], time=0.14 sec
action=open, ok=True, locked=[False]
sleep (1,) {}
SLEEP 1.0
GetData ===>> H2,0.0986277571692051,H1,116.753414034164,AX,0.202871860365406,L1,0.0240436642391907,L2,0.0545304...
close () {'description': 'CO2 Laser to Roughing'}
closing name=--- desc=CO2 Laser to Roughing
checking ownership. requestor=129.138.12.150
check software interlocks G
interlocks []
actuate state mode=None-script, software_lock=True
VALVE-G(CO2 Laser to Roughing) software locked
change switch state (True, False)
---------------------------------------- close None (CO2 Laser to Roughing) result=[(True, False)]
action=close, ok=True, locked=[True]
open () {'description': 'Microbone to Turbo'}
opening name=--- desc=Microbone to Turbo
checking ownership. requestor=129.138.12.150
check software interlocks U
interlocks []
actuate state mode=None-script, software_lock=False
doing actuation None-script open_channel True
Open U ===>> OK
GetIndicatorState U ===>> OK
change switch state (True, True)
update switch state U True args=() kw={} ncanvase=2
20:49:27 -- OPEN   VALVE-U (Microbone to Turbo)
---------------------------------------- open None (Microbone to Turbo) result=[(True, True)], time=0.20 sec
action=open, ok=True, locked=[False]
open () {'description': 'Microbone to Getter NP-10'}
opening name=--- desc=Microbone to Getter NP-10
checking ownership. requestor=129.138.12.150
check software interlocks M
interlocks []
actuate state mode=None-script, software_lock=False
doing actuation None-script open_channel False
Open M ===>> OK
GetData ===>> H2,-0.0520198267249989,H1,116.778330635624,AX,0.182050307091566,L1,0.0257449508960049,L2,0.041108...
GetIndicatorState M ===>> OK
change switch state (True, True)
update switch state M True args=() kw={} ncanvase=2
20:49:27 -- OPEN   VALVE-M (Microbone to Getter NP-10)
---------------------------------------- open None (Microbone to Getter NP-10) result=[(True, True)], time=0.15 sec
Get Checksum: -110011688
action=open, ok=True, locked=[False]
open () {'description': 'Microbone to Getter D-50'}
opening name=--- desc=Microbone to Getter D-50
checking ownership. requestor=129.138.12.150
check software interlocks K
interlocks []
actuate state mode=None-script, software_lock=False
doing actuation None-script open_channel False
Open K ===>> OK
GetIndicatorState K ===>> OK
change switch state (True, True)
update switch state K True args=() kw={} ncanvase=2
20:49:28 -- OPEN   VALVE-K (Microbone to Getter D-50)
---------------------------------------- open None (Microbone to Getter D-50) result=[(True, True)], time=0.41 sec
action=open, ok=True, locked=[False]
open () {'description': 'Microbone to CO2 Laser'}
opening name=--- desc=Microbone to CO2 Laser
checking ownership. requestor=129.138.12.150
check software interlocks T
interlocks []
actuate state mode=None-script, software_lock=False
doing actuation None-script open_channel False
GetData ===>> H2,-0.147212481466803,H1,116.727651478742,AX,0.144587363820534,L1,0.0673042108706536,L2,0.1638708...
Open T ===>> OK
GetIndicatorState T ===>> OK
change switch state (True, True)
update switch state T True args=() kw={} ncanvase=2
20:49:29 -- OPEN   VALVE-T (Microbone to CO2 Laser)
---------------------------------------- open None (Microbone to CO2 Laser) result=[(True, True)], time=0.40 sec
action=open, ok=True, locked=[False]
open () {'description': 'Microbone to Inlet Pipette'}
opening name=--- desc=Microbone to Inlet Pipette
checking ownership. requestor=129.138.12.150
check software interlocks S
interlocks []
actuate state mode=None-script, software_lock=False
doing actuation None-script open_channel False
Open S ===>> OK
GetIndicatorState S ===>> OK
change switch state (True, True)
update switch state S True args=() kw={} ncanvase=2
20:49:29 -- OPEN   VALVE-S (Microbone to Inlet Pipette)
---------------------------------------- open None (Microbone to Inlet Pipette) result=[(True, True)], time=0.40 sec
GetData ===>> H2,-0.0852539479072308,H1,116.693075042597,AX,0.0918710985212315,L1,0.00835252525463532,L2,-0.025...
action=open, ok=True, locked=[False]
sleep (1,) {}
SLEEP 1.0
Get Checksum: -110011688
GetData ===>> H2,-0.0595282523813959,H1,116.708540030886,AX,-0.0167264832299625,L1,0.0294070855252067,L2,0.0918...
set_resource () {'name': 'CO2PumpTimeFlag', 'value': 30}
Set CO2PumpTimeFlag 30 ===>> OK
release ('JanCO2Flag',) {}
release JanCO2Flag
Set JanCO2Flag 0 ===>> OK
executed 6.0
PumpMicrobone.py completed successfully
gosub finished
get_resource_value () {'name': 'JanMiniboneFlag'}
Read JanMiniboneFlag ===>> 0
Get Resource Value JanMiniboneFlag=0.0
get resource value 0.0
get_resource_value () {'name': 'JanMiniboneFlag'}
Read JanMiniboneFlag ===>> 0
Get Resource Value JanMiniboneFlag=0.0
executed 4.0
jan_pump_extraction_line.py completed successfully
Post Equilibration Finished
20:49:31 -- ******* Post Equilibration Finished *******
GetData ===>> H2,-0.110861835251263,H1,116.675780213662,AX,0.0791111594017708,L1,0.00334540472256127,L2,0.02042...
GetData ===>> H2,-0.0355432440345792,H1,116.648916554123,AX,0.035447241819943,L1,0.0166165704962626,L2,0.041963...
Get Checksum: -110011688
GetData ===>> H2,-0.0122720998933473,H1,116.540264044772,AX,0.0475404083209404,L1,0.0257401473947319,L2,-0.0048...
GetData ===>> H2,-0.123303415026999,H1,116.478271808407,AX,0.0961518526152325,L1,-0.00276478607043014,L2,0.0111...
GetData ===>> H2,-0.198537263976931,H1,116.548342750407,AX,0.18279344268364,L1,-0.0474976679750457,L2,-0.049339...
Get Checksum: -110011688
GetData ===>> H2,-0.156893703523951,H1,116.604112159337,AX,0.15801757131704,L1,-0.0308240591478532,L2,0.0005470...
GetData ===>> H2,-0.0300202906985982,H1,116.335122646634,AX,0.115910725246221,L1,0.0395476488256916,L2,0.172460...
GetData ===>> H2,-0.136206434831574,H1,116.313376354604,AX,-0.0224329191548767,L1,0.0335740955393517,L2,-0.0218...
Get Checksum: -110011688
GetData ===>> H2,-0.12249739183954,H1,116.414287028971,AX,0.0301671076130239,L1,0.0304943313040687,L2,0.0596624...
GetData ===>> H2,-0.133427557933089,H1,116.464631112991,AX,0.138447462211511,L1,0.00268391855746883,L2,0.058305...
GetData ===>> H2,-0.163152066549573,H1,116.188668413018,AX,0.0550574214197594,L1,-0.00162128261411109,L2,0.0907...
Get Checksum: -110011688
GetData ===>> H2,-0.198004590202818,H1,116.24184025942,AX,0.0706789172080207,L1,-0.0178222074037178,L2,0.080481...
GetData ===>> H2,-0.183345742056184,H1,116.470894744224,AX,0.0676750348307566,L1,-0.0543424748331085,L2,0.11810...
GetData ===>> H2,-0.160597278387072,H1,116.496932975627,AX,0.133897917079789,L1,-0.0082956852991263,L2,0.050276...
Get Checksum: -110011688
GetData ===>> H2,0.081956311558526,H1,116.22283885311,AX,0.108739983928031,L1,0.020655019699973,L2,-0.070513996...
GetData ===>> H2,0.0662858195811953,H1,116.149113843492,AX,0.168372979838995,L1,-0.0187311695334113,L2,0.011626...
GetData ===>> H2,-0.0962708789704795,H1,116.017255845007,AX,0.112777812155928,L1,-0.0580770865143492,L2,0.10151...
Get Checksum: -110011688
GetData ===>> H2,-0.175051529796802,H1,116.175130511893,AX,0.0713168192166388,L1,-0.0581034153839103,L2,0.02872...
20:49:50 -- collecting point 25
GetData ===>> H2,-0.183888041531099,H1,116.179429329889,AX,0.093263193027766,L1,-0.0427594076162001,L2,0.055317...
GetData ===>> H2,-0.147593393493445,H1,116.172736045509,AX,-0.0487106817835487,L1,-0.0410673145037622,L2,0.0501...
Get Checksum: -110011688
GetData ===>> H2,-0.160541909265169,H1,116.244743308924,AX,0.155359241531228,L1,-0.0441495129586266,L2,0.047368...
GetData ===>> H2,-0.194636935963111,H1,116.132148756194,AX,0.124312071119346,L1,-0.0103520544893621,L2,0.014681...
Get Checksum: -110011688
GetData ===>> H2,-0.160271812109131,H1,116.009660784441,AX,0.0984489201904906,L1,-0.0279552459635512,L2,-0.0399...
GetData ===>> H2,-0.168463695683493,H1,115.896249449128,AX,0.137855545080644,L1,0.00490985430491007,L2,0.061099...
GetData ===>> H2,-0.269372226433519,H1,115.897718378119,AX,0.129383399945964,L1,0.0050995738438688,L2,0.0496724...
Get Checksum: -110011688
GetData ===>> H2,-0.228859647647069,H1,115.784913007609,AX,0.0127504974528867,L1,-0.0124271825228074,L2,0.01016...
GetData ===>> H2,-0.0394784293502692,H1,115.875893005546,AX,0.159666004389941,L1,-0.00725475055067364,L2,0.0202...
GetData ===>> H2,-0.168672870258942,H1,115.80359389724,AX,0.183513360693656,L1,0.0134405217799591,L2,-0.0180065...
Get Checksum: -110011688
GetData ===>> H2,-0.259892226751042,H1,115.69462807554,AX,0.0672343185706076,L1,-0.0171806081784324,L2,-0.03482...
GetData ===>> H2,-0.112552633710269,H1,115.697921552056,AX,0.181690352826802,L1,0.00905693769794706,L2,0.008560...
GetData ===>> H2,-0.183519766359946,H1,115.786890214996,AX,0.0808394532613232,L1,-0.0120519888632584,L2,0.02385...
Get Checksum: -110011688
GetData ===>> H2,-0.129904970511411,H1,115.664557106351,AX,0.122571401269721,L1,-0.0141747054184069,L2,0.058487...
GetData ===>> H2,-0.106880750589464,H1,115.580290523588,AX,0.0149317542862102,L1,0.00258668015230119,L2,0.06220...
GetData ===>> H2,-0.132994776192784,H1,115.591920108077,AX,0.086929323730476,L1,0.0023573933088263,L2,-0.012103...
Get Checksum: -110011688
GetData ===>> H2,-0.17513388099119,H1,115.657200187784,AX,0.126482149762848,L1,-0.00631805711936699,L2,0.102479...
GetData ===>> H2,-0.153115945197404,H1,115.556281340563,AX,0.0893653785549562,L1,0.00413780468689098,L2,0.06608...
GetData ===>> H2,-0.227499924278145,H1,115.533893621177,AX,0.178613378706384,L1,-0.0150336516086164,L2,0.053515...
Get Checksum: -110011688
GetData ===>> H2,-0.175532128317301,H1,115.505415010353,AX,0.166608303273418,L1,-0.011621637699076,L2,-0.001504...
GetData ===>> H2,-0.0519343364631954,H1,115.403537834613,AX,0.108589148760757,L1,-0.0195057611017521,L2,-0.0237...
GetData ===>> H2,-0.117388091835342,H1,115.368879045237,AX,0.172622266403924,L1,0.0281421835348789,L2,0.0098708...
Get Checksum: -110011688
GetData ===>> H2,-0.207048549963647,H1,115.403519026911,AX,0.0982748980228446,L1,0.0161013701981459,L2,-0.00706...
GetData ===>> H2,-0.28346487667104,H1,115.312459614435,AX,0.0871033256256196,L1,0.00378842065526987,L2,0.049809...
GetData ===>> H2,-0.269346691934888,H1,115.290186920787,AX,0.189876738276775,L1,0.00983580878898575,L2,0.086761...
Get Checksum: -110011688
20:50:17 -- collecting point 50
GetData ===>> H2,-0.211129376441755,H1,115.108405374564,AX,0.139062595590152,L1,-0.0183714318075706,L2,0.100153...
GetData ===>> H2,-0.253557280231176,H1,115.176380151523,AX,0.158679262931887,L1,-0.0163062884197932,L2,-0.08556...
Get Checksum: -110011688
GetData ===>> H2,-0.156249303778118,H1,115.283364775436,AX,0.0476680793194861,L1,-0.0175487832038163,L2,-0.0724...
GetData ===>> H2,-0.241521441490233,H1,115.238969907725,AX,0.0443138695726747,L1,0.00240781195758166,L2,0.01691...
GetData ===>> H2,-0.100621339497988,H1,115.334415861848,AX,0.124509348998174,L1,-0.00140768625290838,L2,0.03995...
Get Checksum: -110011688
GetData ===>> H2,-0.31563755571415,H1,115.24741108791,AX,0.149706178734194,L1,-0.0255098200615984,L2,0.05914924...
GetData ===>> H2,-0.242591424751818,H1,115.073923724524,AX,0.121631452485313,L1,-0.0111936657854715,L2,-0.03244...
GetData ===>> H2,-0.21136240659579,H1,115.103052055862,AX,0.0996438808070672,L1,0.0175029207474447,L2,0.0060409...
Get Checksum: -110011688
GetData ===>> H2,-0.0604313715352838,H1,114.94957540065,AX,0.100514006986049,L1,0.0168915949569296,L2,-0.009881...
GetData ===>> H2,-0.171266314159436,H1,115.002402059685,AX,0.100664829647586,L1,0.0664461695018239,L2,-0.145348...
GetData ===>> H2,-0.228863686185621,H1,114.943341783666,AX,-0.0131771896911674,L1,0.0501445038575185,L2,0.00931...
Get Checksum: -110011688
GetData ===>> H2,-0.1289237002283,H1,114.796513015296,AX,0.0868133226397855,L1,-0.00454637682540827,L2,0.044506...
GetData ===>> H2,-0.156072323850658,H1,114.878819770433,AX,0.0641725554078016,L1,-0.0342535823170712,L2,-0.0265...
GetData ===>> H2,-0.211781309998661,H1,114.857093668636,AX,0.0783108189451971,L1,-0.00915785273949277,L2,-0.026...
Get Checksum: -110011688
GetData ===>> H2,-0.277181725529395,H1,114.897066766552,AX,0.274378262413068,L1,-0.0225328109292876,L2,-0.00273...
testing age>100.0
evaluate ot="age>100.0" t="age>100.0", ctx="{'age': 2559.37789854867}"
condition age>100.0 is true trips=1/1
20:50:32 -- Conditional tripped: age>100.0 condition age>100.0 is True
20:50:32 -- truncation conditional condition age>100.0 is True. measurement iteration executed 64/120 counts
state changed from measurement to truncated
measurement finished
estimated time: 125.829 actual time: :67.340
flush and close file /Users/jan/PychronDev/data/isotopes/d0/e0a0e5-5e8a-42b8-b3ac-431792101273.h5
baselines () {'settling_time': 15.0, 'detector': 'H1', 'mass': 34.2, 'ncounts': 60.0}
%%%%%%%%%%%%%%%%%%%%%%%%%%%%%%%% Baseline
build tables- baseline [Detector(H2), Detector(H1), Detector(AX), Detector(L1), Detector(L2), Detector(CDD)]
add group baseline table H2
add group baseline table H1
add group baseline table AX
add group baseline table L1
add group baseline table L2
add group baseline table CDD
flush and close file /Users/jan/PychronDev/data/isotopes/d0/e0a0e5-5e8a-42b8-b3ac-431792101273.h5
detector Detector(H1)
POSITION 34.2 H1
Mapping mass to dac mass func: "parabolic"
H1 map mass coeffs = [-0.00063987  0.15840543  0.57041999]
H1 map mass to dac 34.2 >> 5.23946599104
GetDeflection H1 ===>> 0
GetHighVoltage ===>> 4499.94659342336
positioning 34.2 (5.23943513632) on H1
setting magnet DAC
current  : 5.878775
requested: 5.239435
Delta Dac: 0.639340
Checking detector protection. dv=0.63934
Checking detector "CDD". Protection Threshold: 0.1 (V)
ProtectDetector CDD,On ===>> OK
GetDeflection CDD ===>> 2000
SetMagnetDAC 5.23943513632 ===>> OK
Magnet settling time: 0.500
loading system conditionals pre_run_terminations
loading conditionals from /Users/jan/PychronDev/setupfiles/spectrometer/default_conditionals.yaml
loading queue conditionals pre_run_terminations
loading system conditionals None
loading conditionals from /Users/jan/PychronDev/setupfiles/spectrometer/default_conditionals.yaml
loading queue conditionals None
loading system conditionals post_run_terminations
loading conditionals from /Users/jan/PychronDev/setupfiles/spectrometer/default_conditionals.yaml
loading queue conditionals post_run_terminations
Show conditionals active run: <pychron.experiment.automated_run.automated_run.AutomatedRun object at 0x147a72ef0>
Show conditionals measuring run: <pychron.experiment.automated_run.automated_run.AutomatedRun object at 0x147a72ef0>
active_run same as measuring_run: True
GetMagnetMoving ===>> True
GetMagnetMoving ===>> True
GetMagnetMoving ===>> True
GetMagnetMoving ===>> True
Get Checksum: -110011688
GetMagnetMoving ===>> True
GetMagnetMoving ===>> True
GetMagnetMoving ===>> True
GetMagnetMoving ===>> True
GetMagnetMoving ===>> False
ProtectDetector CDD,Off ===>> OK
GetDeflection CDD ===>> 50
Delaying 15.0s for detectors to settle
Get Checksum: -110011688
Get Checksum: -110011688
Get Checksum: -110011688
Get Checksum: -110011688
Get Checksum: -110011688
Join finished
measuring baseline. ncounts=60.0
starting measurement
GetData ===>> H2,-0.167633706883496,H1,0.00303924897167036,AX,0.0238081173147311,L1,-0.0348713198627216,L2,-0.1...
GetData ===>> H2,-0.155435983877814,H1,-0.0622981133268972,AX,-0.0303657010501131,L1,-0.0191784255013595,L2,-0....
Get Checksum: -110011688
GetData ===>> H2,-0.185182979972697,H1,-0.0608079571530194,AX,0.0414356086966877,L1,-0.0399810154094589,L2,0.09...
GetData ===>> H2,-0.243896801610414,H1,-0.087281746855372,AX,-0.0665421208368379,L1,-0.0445374150132495,L2,-0.0...
GetData ===>> H2,-0.141418880499409,H1,-0.0453686333030444,AX,-0.0795716133829776,L1,-0.0395510145328732,L2,-0....
Get Checksum: -110011688
GetData ===>> H2,-0.0984618886219078,H1,-0.0302846770797725,AX,-0.0651857477737032,L1,-0.0118613899214949,L2,-0...
GetData ===>> H2,-0.281330798087836,H1,-0.0975904453957675,AX,-0.0245437517393044,L1,-0.0286524608174679,L2,0.0...
GetData ===>> H2,-0.321337932033383,H1,-0.0168801079463375,AX,-0.0306324354041198,L1,-0.0288788655528622,L2,-0....
GetData ===>> H2,-0.159187307216026,H1,-0.0612609669774276,AX,-0.121905417702403,L1,-0.0439447808368206,L2,-0.0...
GetData ===>> H2,-0.184292725705959,H1,-0.020791947076426,AX,-0.130316676255465,L1,-0.0296838188865332,L2,-0.06...
Get Checksum: -110011688
GetData ===>> H2,-0.103543729447143,H1,-0.0405157823966327,AX,-0.0246713280658488,L1,-0.0233934057180255,L2,0.1...
GetData ===>> H2,-0.143664792599769,H1,0.0148615320572311,AX,-0.0216674410826574,L1,-0.0700675260802995,L2,-0.0...
Get Checksum: -110011688
GetData ===>> H2,-0.247401731922282,H1,-0.0840995409841615,AX,-0.0571398641550774,L1,-0.0545112805209298,L2,0.0...
GetData ===>> H2,-0.220871286335697,H1,-0.150035185146291,AX,-0.0191274025290642,L1,0.00420023884861011,L2,-0.0...
GetData ===>> H2,-0.290716229003443,H1,-0.0181920222544594,AX,-0.081159608404323,L1,0.00672788436378249,L2,-0.0...
Get Checksum: -110011688
GetData ===>> H2,-0.288484507579367,H1,0.0118431978979984,AX,-0.147510452375484,L1,-0.049390910650298,L2,-0.013...
GetData ===>> H2,-0.233381906436191,H1,0.0352764498285697,AX,-0.148948126044318,L1,-0.0702982239913166,L2,0.006...
GetData ===>> H2,-0.119980229556193,H1,-0.00888898580677626,AX,-0.0409533337720397,L1,-0.0549362751847698,L2,-0...
Get Checksum: -110011688
GetData ===>> H2,-0.102215955767107,H1,-0.0312863699403863,AX,-0.0420433422808574,L1,-0.0134016617299855,L2,-0....
GetData ===>> H2,-0.234497387749707,H1,-0.000479728100421917,AX,-0.0899105028798639,L1,0.00233458495539852,L2,0...
GetData ===>> H2,-0.249458437717057,H1,-0.0465370978784517,AX,-0.0733816627644903,L1,-0.0220617299537138,L2,-0....
Get Checksum: -110011688
GetData ===>> H2,-0.237474604833127,H1,-0.0255384246198308,AX,-0.080881421367905,L1,-0.0328526963786658,L2,0.00...
GetData ===>> H2,-0.177376033394241,H1,-0.0738490512769417,AX,-0.0609889865829695,L1,-0.0336812781417284,L2,-0....
GetData ===>> H2,-0.216712696923891,H1,-0.0250375506782195,AX,-0.118869771139256,L1,-0.0516929576509426,L2,-0.0...
Get Checksum: -110011688
20:51:16 -- collecting point 25
GetData ===>> H2,-0.124429858258138,H1,0.0534159299208749,AX,-0.105428365663775,L1,-0.00984729372770252,L2,-0.0...
GetData ===>> H2,-0.142845937537994,H1,-0.0251448810195896,AX,-0.116564006823013,L1,-0.0203330453642476,L2,-0.0...
GetData ===>> H2,-0.176413622592512,H1,-0.0877584731006962,AX,0.0514982871236607,L1,-0.014561804207284,L2,-0.06...
Get Checksum: -110011688
GetData ===>> H2,-0.29726113635061,H1,-0.066601559777779,AX,0.0348669932861357,L1,-0.0233598462981286,L2,-0.054...
GetData ===>> H2,-0.264229218221154,H1,-0.00801827276142293,AX,-0.104559245353758,L1,-0.0384537701590377,L2,-0....
GetData ===>> H2,-0.306929928321595,H1,0.0229029138808957,AX,-0.0414983395524773,L1,-0.0429773352038393,L2,-0.0...
Get Checksum: -110011688
GetData ===>> H2,-0.239331360897016,H1,-0.0451301694686322,AX,0.00248300347665228,L1,-0.0388562667224467,L2,-0....
GetData ===>> H2,-0.288358271860849,H1,-0.0460005597163747,AX,-0.0688722560621805,L1,-0.0175667718663653,L2,-0....
GetData ===>> H2,-0.268403218877598,H1,-0.00287733314554544,AX,0.0168577982918358,L1,-0.0153791146511621,L2,-0....
Get Checksum: -110011688
GetData ===>> H2,-0.280374901220207,H1,-0.0626915108544289,AX,-0.0973394525150568,L1,-0.0277599692206002,L2,-0....
GetData ===>> H2,-0.227109478419315,H1,-0.118049767884076,AX,-0.0327662839194201,L1,-0.0304599628645633,L2,0.00...
Get Checksum: -110011688
GetData ===>> H2,-0.129594108942827,H1,0.0145155523775255,AX,-0.0460322055024893,L1,-0.0259364045823066,L2,0.01...
GetData ===>> H2,-0.123917360731834,H1,-0.00992667502341933,AX,-0.0617193751583559,L1,-0.0230614022458674,L2,-0...
GetData ===>> H2,-0.270768472319444,H1,-0.0610702262487049,AX,0.0196425076035659,L1,-0.037563668442365,L2,-0.02...
Get Checksum: -110011688
GetData ===>> H2,-0.274593488588969,H1,-0.0356865448297271,AX,-0.0805452776377431,L1,-0.0388562667224467,L2,0.0...
GetData ===>> H2,-0.174473704575843,H1,-0.0203626063483895,AX,-0.159150360946907,L1,-0.0311067037512779,L2,-0.0...
GetData ===>> H2,-0.182692789813628,H1,-0.016951667351983,AX,-0.158338858710276,L1,-0.0105510743398838,L2,-0.02...
Get Checksum: -110011688
GetData ===>> H2,-0.210163529747852,H1,-0.126808305707615,AX,-0.0366163704858931,L1,-0.00884968732257631,L2,0.0...
GetData ===>> H2,-0.26688166871425,H1,0.0357298967796684,AX,-0.00778340760651158,L1,-0.0129378070116506,L2,0.01...
GetData ===>> H2,-0.251299604593896,H1,-0.0366285625505779,AX,-0.134338517347237,L1,-0.0617504933508845,L2,0.02...
Get Checksum: -110011688
GetData ===>> H2,-0.349662953157531,H1,-0.0140176897679865,AX,-0.0729295722892291,L1,-0.0543209249666051,L2,-0....
GetData ===>> H2,-0.116649305395833,H1,-0.0254191691467785,AX,-0.101256517364087,L1,-0.0477394293255218,L2,0.03...
GetData ===>> H2,-0.051437666055926,H1,-0.0984842131517059,AX,-0.102473324931065,L1,-0.0389868350617695,L2,-0.1...
Get Checksum: -110011688
GetData ===>> H2,-0.070223402664678,H1,-0.0848980815572496,AX,-0.0423332361056071,L1,-0.0281517168964724,L2,0.0...
GetData ===>> H2,-0.155079293619626,H1,-0.107206967231055,AX,-0.0804525481284492,L1,-0.0228312706650592,L2,0.00...
20:51:42 -- collecting point 50
GetData ===>> H2,-0.135554710690041,H1,0.00130956681625456,AX,-0.0721297147643881,L1,-0.0313641908594667,L2,0.1...
Get Checksum: -110011688
GetData ===>> H2,-0.25278818832541,H1,-0.0492555136913485,AX,-0.0678636969180212,L1,-0.0276269871823229,L2,-0.0...
GetData ===>> H2,-0.23650067169682,H1,-0.0954930390431262,AX,-0.0267589169248501,L1,0.0148741226708352,L2,0.009...
GetData ===>> H2,-0.118420418008586,H1,0.0105905562928889,AX,-0.0391791448787674,L1,-0.027030343421072,L2,0.004...
Get Checksum: -110011688
GetData ===>> H2,-0.25925660758409,H1,-0.033945577351857,AX,-0.0381354892442388,L1,-0.0810525636777261,L2,-0.05...
GetData ===>> H2,-0.267805107476024,H1,0.000235986028207691,AX,-0.00795740524241119,L1,-0.0372126376143639,L2,-...
GetData ===>> H2,-0.194393001286586,H1,0.0151478609722979,AX,-0.0327082995238262,L1,-0.0292082813282566,L2,-0.0...
Get Checksum: -110011688
GetData ===>> H2,-0.146373619440708,H1,-0.00113579488958386,AX,-0.119460686864818,L1,0.00249064314276889,L2,-0....
GetData ===>> H2,-0.177127677146341,H1,-0.0581136984612261,AX,-0.00810820294195027,L1,-0.0201675939540711,L2,0....
Get Checksum: -110011688
GetData ===>> H2,-0.131845119530815,H1,-0.0293306745584808,AX,-0.0812291550391856,L1,0.00682626727493381,L2,-0....
GetData ===>> H2,-0.0490204989192264,H1,-0.0470259412551187,AX,-0.10909017396487,L1,-0.0346280503595552,L2,-0.0...
measurement finished
estimated time: 62.915 actual time: :63.110
flush and close file /Users/jan/PychronDev/data/isotopes/d0/e0a0e5-5e8a-42b8-b3ac-431792101273.h5
activate_detectors ('H1', 'AX', 'CDD') {'peak_center': True}
peak_center () {'detector': 'H1', 'isotope': 'Ar40'}
peak center: mean=114.974919933 threshold=3
peak center started
setup peak center. detector=['H1', 'AX', 'CDD'], isotope=Ar40
VersionedUnpickler [<apptools.sweet_pickle.versioned_unpickler.VersionedUnpickler object at 0x1398d4590>] using Updater [<apptools.sweet_pickle.updater.Updater object at 0x12ce00cb0>]
VersionedUnpickler [<apptools.sweet_pickle.versioned_unpickler.VersionedUnpickler object at 0x1398d4590>] using Updater [<apptools.sweet_pickle.updater.Updater object at 0x12ce00cb0>]
VersionedUnpickler [<apptools.sweet_pickle.versioned_unpickler.VersionedUnpickler object at 0x134728c50>] using Updater [<apptools.sweet_pickle.updater.Updater object at 0x12ce00cb0>]
setting integration time = 0.524288
SetIntegrationTime 0.524288 ===>> OK
Mapping mass to dac mass func: "parabolic"
H1 map mass coeffs = [-0.00063987  0.15840543  0.57041999]
H1 map mass to dac 39.9624 >> 5.87881
GetDeflection H1 ===>> 0
GetHighVoltage ===>> 4499.94659342336
do peak center. <pychron.spectrometer.jobs.peak_center.PeakCenter object at 0x12ce00b30>
doing pc
starting peak center. center dac= 5.87877538024 step_width=0.001
width = 0.001
get scan parameters. half-width=0.015,window=0.015, i=0, scalar=1
Scan parameters center=5.87878 width=0.03000 (5.86378 - 5.89378)
GetData ===>> H2,-0.130733442579862,H1,0.00312275162512878,AX,-0.0146154811014608,L1,-0.0187287713244905,L2,-0....
Moving to starting dac 5.86377538024
setting magnet DAC
current  : 5.239435
requested: 5.863775
Delta Dac: 0.624340
Checking detector protection. dv=0.62434
Checking detector "CDD". Protection Threshold: 0.1 (V)
ProtectDetector CDD,On ===>> OK
GetDeflection CDD ===>> 2000
SetMagnetDAC 5.86377538024 ===>> OK
Magnet settling time: 0.500
GetMagnetMoving ===>> True
Get Checksum: -110011688
GetMagnetMoving ===>> True
GetMagnetMoving ===>> True
GetMagnetMoving ===>> True
GetMagnetMoving ===>> True
GetMagnetMoving ===>> True
GetMagnetMoving ===>> True
GetMagnetMoving ===>> True
GetMagnetMoving ===>> True
GetMagnetMoving ===>> False
ProtectDetector CDD,Off ===>> OK
GetDeflection CDD ===>> 50
Wait until signal near baseline. tol= 0.00234206371885. timeout= 10
GetData ===>> H2,4.29522691264605,H1,0.162347305845434,AX,-0.212120504348789,L1,0.0670117706339741,L2,0.0099297...
GetData ===>> H2,7.54130878112054,H1,3.38074803772968,AX,-0.168887925802124,L1,0.02953082139919,L2,-0.247040011...
Get Checksum: -110011688
GetData ===>> H2,4.31742412875112,H1,1.61079975739871,AX,-0.0245785452995002,L1,0.00528839225110777,L2,-0.04533...
GetData ===>> H2,1.76707549109957,H1,0.809649154487668,AX,-0.127327634620094,L1,-0.00392975415027896,L2,-0.1609...
GetData ===>> H2,0.541490819560693,H1,0.420359343101828,AX,-0.114374059458539,L1,-0.00899837531639779,L2,-0.033...
GetData ===>> H2,0.00114897547137234,H1,0.140288072480544,AX,-0.152580987569595,L1,-0.0180330432386929,L2,-0.04...
GetData ===>> H2,-0.0656719900033058,H1,0.0960173316981951,AX,-0.0686172191051884,L1,-0.0379805765028231,L2,-0....
GetData ===>> H2,-0.0750758414186529,H1,0.0258261281831597,AX,-0.113771525610021,L1,-0.0141531329116399,L2,0.18...
Get Checksum: -110011688
GetData ===>> H2,-0.0845144723189639,H1,0.131894915733155,AX,-0.115694985990987,L1,-0.0045103882128602,L2,0.001...
GetData ===>> H2,-0.200044797102959,H1,0.121523662265966,AX,0.0308053503784745,L1,-0.0125566390701248,L2,0.0828...
GetData ===>> H2,-0.265781758883187,H1,0.110176118723771,AX,-0.103620586698083,L1,-0.03866580160769,L2,-0.03042...
GetData ===>> H2,-0.265781758883187,H1,0.110176118723771,AX,-0.103620586698083,L1,-0.03866580160769,L2,-0.03042...
GetData ===>> H2,-0.251173193679899,H1,0.0900350114882322,AX,-0.0800004905053418,L1,-0.0289817031527554,L2,0.04...
GetData ===>> H2,-0.207115924521266,H1,0.0509096218774598,AX,0.112162360371075,L1,-0.0541451819857348,L2,-0.115...
Get Checksum: -110011688
GetData ===>> H2,-0.238751127017631,H1,0.0688131986684716,AX,-0.025831105182177,L1,-0.0257069755033277,L2,0.023...
GetData ===>> H2,-0.228996793044349,H1,0.158388210089711,AX,0.0297377466523518,L1,-0.0322481867939385,L2,0.0497...
GetData ===>> H2,-0.195402893888798,H1,0.128413869553001,AX,-0.120932167288993,L1,-0.0701691740600483,L2,-0.057...
GetData ===>> H2,-0.221643279341571,H1,-0.00354531238213591,AX,-0.090756574128223,L1,-0.0499389509743089,L2,-0....
Peak center baseline intensity achieved
_do_sweep sm= 5.86377538024, em= 5.89377538024, stm= 0.001
calculated step values: start=5.86377538024, end=5.89377538024, width=0.001, nsteps=31.0
setting magnet DAC
current  : 5.863775
requested: 5.863775
Delta Dac: 0.000000
Checking detector protection. dv=0.00000
Checking detector "CDD". Protection Threshold: 0.1 (V)
SetMagnetDAC 5.86377538024 ===>> OK
GetData ===>> H2,-0.221643279341571,H1,-0.00354531238213591,AX,-0.090756574128223,L1,-0.0499389509743089,L2,-0....
setting magnet DAC
current  : 5.863775
requested: 5.864810
Delta Dac: 0.001034
Checking detector protection. dv=0.00103
Checking detector "CDD". Protection Threshold: 0.1 (V)
SetMagnetDAC 5.864809863 ===>> OK
Magnet settling time: 1.049
GetData ===>> H2,-0.256483921764069,H1,0.0686460838182025,AX,-0.0350856314162261,L1,-0.0109071422054144,L2,-0.0...
setting magnet DAC
current  : 5.864810
requested: 5.865844
Delta Dac: 0.001034
Checking detector protection. dv=0.00103
Checking detector "CDD". Protection Threshold: 0.1 (V)
SetMagnetDAC 5.86584434576 ===>> OK
Magnet settling time: 1.049
Get Checksum: -110011688
GetData ===>> H2,-0.155083346981061,H1,0.452931110508792,AX,-0.0892035061940617,L1,-0.0528796697500731,L2,0.017...
setting magnet DAC
current  : 5.865844
requested: 5.866879
Delta Dac: 0.001034
Checking detector protection. dv=0.00103
Checking detector "CDD". Protection Threshold: 0.1 (V)
SetMagnetDAC 5.86687882852 ===>> OK
Magnet settling time: 1.049
GetData ===>> H2,-0.238912680048248,H1,3.16269644083149,AX,-0.0416954685512394,L1,-0.0657689484241857,L2,0.0129...
setting magnet DAC
current  : 5.866879
requested: 5.867913
Delta Dac: 0.001034
Checking detector protection. dv=0.00103
Checking detector "CDD". Protection Threshold: 0.1 (V)
SetMagnetDAC 5.86791331127 ===>> OK
Magnet settling time: 1.049
GetData ===>> H2,-0.158430928553302,H1,10.8479959190403,AX,-0.0708197889646026,L1,-0.0259463923077941,L2,0.0962...
setting magnet DAC
current  : 5.867913
requested: 5.868948
Delta Dac: 0.001034
Checking detector protection. dv=0.00103
Checking detector "CDD". Protection Threshold: 0.1 (V)
SetMagnetDAC 5.86894779403 ===>> OK
Magnet settling time: 1.049
Get Checksum: -110011688
GetData ===>> H2,-0.167029058873161,H1,29.1171446349085,AX,-0.0424375976711433,L1,0.0284737094549853,L2,-0.0808...
setting magnet DAC
current  : 5.868948
requested: 5.869982
Delta Dac: 0.001034
Checking detector protection. dv=0.00103
Checking detector "CDD". Protection Threshold: 0.1 (V)
SetMagnetDAC 5.86998227679 ===>> OK
Magnet settling time: 1.049
GetData ===>> H2,-0.159200813519115,H1,56.9010945630891,AX,0.106343293372362,L1,0.00386886195285408,L2,-0.07607...
setting magnet DAC
current  : 5.869982
requested: 5.871017
Delta Dac: 0.001034
Checking detector protection. dv=0.00103
Checking detector "CDD". Protection Threshold: 0.1 (V)
SetMagnetDAC 5.87101675955 ===>> OK
Magnet settling time: 1.049
Get Checksum: -110011688
GetData ===>> H2,-0.127620615156722,H1,83.7366868828635,AX,0.166822916056101,L1,-0.0253645995703502,L2,0.033574...
setting magnet DAC
current  : 5.871017
requested: 5.872051
Delta Dac: 0.001034
Checking detector protection. dv=0.00103
Checking detector "CDD". Protection Threshold: 0.1 (V)
SetMagnetDAC 5.87205124231 ===>> OK
Magnet settling time: 1.049
GetData ===>> H2,-0.179126676994598,H1,100.832477093608,AX,0.154784292511029,L1,-0.107869376547466,L2,0.0972242...
setting magnet DAC
current  : 5.872051
requested: 5.873086
Delta Dac: 0.001034
Checking detector protection. dv=0.00103
Checking detector "CDD". Protection Threshold: 0.1 (V)
SetMagnetDAC 5.87308572507 ===>> OK
Magnet settling time: 1.049
GetData ===>> H2,-0.151573993288925,H1,107.992122315656,AX,0.0989946099351256,L1,-0.0284814665483233,L2,-0.0507...
setting magnet DAC
current  : 5.873086
requested: 5.874120
Delta Dac: 0.001034
Checking detector protection. dv=0.00103
Checking detector "CDD". Protection Threshold: 0.1 (V)
SetMagnetDAC 5.87412020783 ===>> OK
Magnet settling time: 1.049
Get Checksum: -110011688
GetData ===>> H2,-0.0854679263769344,H1,110.163591757969,AX,0.304921102923857,L1,-0.00713961751587656,L2,-0.062...
setting magnet DAC
current  : 5.874120
requested: 5.875155
Delta Dac: 0.001034
Checking detector protection. dv=0.00103
Checking detector "CDD". Protection Threshold: 0.1 (V)
SetMagnetDAC 5.87515469058 ===>> OK
Magnet settling time: 1.049
GetData ===>> H2,-0.0838616352201258,H1,111.018452660756,AX,0.15248807661723,L1,0.0286683058320595,L2,-0.122768...
setting magnet DAC
current  : 5.875155
requested: 5.876189
Delta Dac: 0.001034
Checking detector protection. dv=0.00103
Checking detector "CDD". Protection Threshold: 0.1 (V)
SetMagnetDAC 5.87618917334 ===>> OK
Magnet settling time: 1.049
GetData ===>> H2,-0.163017049878756,H1,111.238194277919,AX,0.13015498188503,L1,-0.0148170655399594,L2,0.0402038...
setting magnet DAC
current  : 5.876189
requested: 5.877224
Delta Dac: 0.001034
Checking detector protection. dv=0.00103
Checking detector "CDD". Protection Threshold: 0.1 (V)
SetMagnetDAC 5.8772236561 ===>> OK
Magnet settling time: 1.049
Get Checksum: -110011688
GetData ===>> H2,-0.154286158010022,H1,111.027540681451,AX,0.113089733843954,L1,0.00848154381026243,L2,0.025076...
setting magnet DAC
current  : 5.877224
requested: 5.878258
Delta Dac: 0.001034
Checking detector protection. dv=0.00103
Checking detector "CDD". Protection Threshold: 0.1 (V)
SetMagnetDAC 5.87825813886 ===>> OK
Magnet settling time: 1.049
GetData ===>> H2,-0.120302176116809,H1,111.196610941475,AX,0.224044108464834,L1,0.000759733051197983,L2,-0.0040...
setting magnet DAC
current  : 5.878258
requested: 5.879293
Delta Dac: 0.001034
Checking detector protection. dv=0.00103
Checking detector "CDD". Protection Threshold: 0.1 (V)
SetMagnetDAC 5.87929262162 ===>> OK
Magnet settling time: 1.049
GetData ===>> H2,-0.179315431251994,H1,111.156892719186,AX,0.257496707715587,L1,-0.00674143895226447,L2,0.01997...
setting magnet DAC
current  : 5.879293
requested: 5.880327
Delta Dac: 0.001034
Checking detector protection. dv=0.00103
Checking detector "CDD". Protection Threshold: 0.1 (V)
SetMagnetDAC 5.88032710438 ===>> OK
Magnet settling time: 1.049
Get Checksum: -110011688
GetData ===>> H2,-0.191205996908506,H1,110.964491879658,AX,0.149356960348592,L1,-0.0145582089310035,L2,0.086966...
setting magnet DAC
current  : 5.880327
requested: 5.881362
Delta Dac: 0.001034
Checking detector protection. dv=0.00103
Checking detector "CDD". Protection Threshold: 0.1 (V)
SetMagnetDAC 5.88136158714 ===>> OK
Magnet settling time: 1.049
GetData ===>> H2,-0.181736599667433,H1,110.943506005349,AX,0.144602494749176,L1,-0.0163940295395743,L2,-0.00537...
setting magnet DAC
current  : 5.881362
requested: 5.882396
Delta Dac: 0.001034
Checking detector protection. dv=0.00103
Checking detector "CDD". Protection Threshold: 0.1 (V)
SetMagnetDAC 5.88239606989 ===>> OK
Magnet settling time: 1.049
Get Checksum: -110011688
GetData ===>> H2,-0.180280725261753,H1,110.814093898099,AX,0.240084137123869,L1,-0.0103628448231139,L2,0.026944...
setting magnet DAC
current  : 5.882396
requested: 5.883431
Delta Dac: 0.001034
Checking detector protection. dv=0.00103
Checking detector "CDD". Protection Threshold: 0.1 (V)
SetMagnetDAC 5.88343055265 ===>> OK
Magnet settling time: 1.049
GetData ===>> H2,-0.152253748080583,H1,110.099333787997,AX,0.272172116016361,L1,0.0173279257481971,L2,0.0624427...
setting magnet DAC
current  : 5.883431
requested: 5.884465
Delta Dac: 0.001034
Checking detector protection. dv=0.00103
Checking detector "CDD". Protection Threshold: 0.1 (V)
SetMagnetDAC 5.88446503541 ===>> OK
Magnet settling time: 1.049
GetData ===>> H2,-0.145647751099214,H1,107.341666215112,AX,0.184245600808746,L1,-0.0278950331025141,L2,-0.00708...
setting magnet DAC
current  : 5.884465
requested: 5.885500
Delta Dac: 0.001034
Checking detector protection. dv=0.00103
Checking detector "CDD". Protection Threshold: 0.1 (V)
SetMagnetDAC 5.88549951817 ===>> OK
Magnet settling time: 1.049
Get Checksum: -110011688
GetData ===>> H2,-0.100284938212294,H1,98.204969700391,AX,0.253410278458477,L1,-0.042618111380042,L2,-0.0108168...
setting magnet DAC
current  : 5.885500
requested: 5.886534
Delta Dac: 0.001034
Checking detector protection. dv=0.00103
Checking detector "CDD". Protection Threshold: 0.1 (V)
SetMagnetDAC 5.88653400093 ===>> OK
Magnet settling time: 1.049
GetData ===>> H2,-0.254687965296016,H1,78.6519767114731,AX,0.0790377346092463,L1,-0.033985093126319,L2,-0.08285...
setting magnet DAC
current  : 5.886534
requested: 5.887568
Delta Dac: 0.001034
Checking detector protection. dv=0.00103
Checking detector "CDD". Protection Threshold: 0.1 (V)
SetMagnetDAC 5.88756848369 ===>> OK
Magnet settling time: 1.049
GetData ===>> H2,-0.14283467075979,H1,51.053018390153,AX,0.180394246465627,L1,-0.0479093768915441,L2,0.03979370...
setting magnet DAC
current  : 5.887568
requested: 5.888603
Delta Dac: 0.001034
Checking detector protection. dv=0.00103
Checking detector "CDD". Protection Threshold: 0.1 (V)
SetMagnetDAC 5.88860296645 ===>> OK
Magnet settling time: 1.049
Get Checksum: -110011688
GetData ===>> H2,-0.1035305157402,H1,25.4821362891848,AX,0.0243302815216438,L1,-0.0348197903608549,L2,-0.049428...
setting magnet DAC
current  : 5.888603
requested: 5.889637
Delta Dac: 0.001034
Checking detector protection. dv=0.00103
Checking detector "CDD". Protection Threshold: 0.1 (V)
SetMagnetDAC 5.8896374492 ===>> OK
Magnet settling time: 1.049
GetData ===>> H2,-0.100717735451369,H1,9.74367646479231,AX,-0.0239290634585393,L1,-0.0136473642236252,L2,0.1757...
setting magnet DAC
current  : 5.889637
requested: 5.890672
Delta Dac: 0.001034
Checking detector protection. dv=0.00103
Checking detector "CDD". Protection Threshold: 0.1 (V)
SetMagnetDAC 5.89067193196 ===>> OK
Magnet settling time: 1.049
GetData ===>> H2,-0.0824583149188925,H1,2.94333825390585,AX,-0.13166055651769,L1,-0.0334348660177899,L2,-0.0766...
setting magnet DAC
current  : 5.890672
requested: 5.891706
Delta Dac: 0.001034
Checking detector protection. dv=0.00103
Checking detector "CDD". Protection Threshold: 0.1 (V)
SetMagnetDAC 5.89170641472 ===>> OK
Magnet settling time: 1.049
Get Checksum: -110011688
GetData ===>> H2,-0.164048536439856,H1,0.737749213627281,AX,0.0240053790192842,L1,-0.0372090433786604,L2,-0.075...
setting magnet DAC
current  : 5.891706
requested: 5.892741
Delta Dac: 0.001034
Checking detector protection. dv=0.00103
Checking detector "CDD". Protection Threshold: 0.1 (V)
SetMagnetDAC 5.89274089748 ===>> OK
Magnet settling time: 1.049
GetData ===>> H2,-0.126501248356171,H1,0.167212914923964,AX,0.0549373214684383,L1,0.0214251260260468,L2,0.03990...
setting magnet DAC
current  : 5.892741
requested: 5.893775
Delta Dac: 0.001034
Checking detector protection. dv=0.00103
Checking detector "CDD". Protection Threshold: 0.1 (V)
SetMagnetDAC 5.89377538024 ===>> OK
Magnet settling time: 1.049
Get Checksum: -110011688
GetData ===>> H2,-0.221304143539338,H1,-0.0657909524327092,AX,-0.0754102480124315,L1,0.00900903861800293,L2,0.0...
result of _do_sweep=True
result of _calculate_peak_center=([5.8709597489766505, 5.8786551397582132, 5.8863505305397759], [82.257771474452682, 111.23202918244742, 82.119792101296483], 5.8761601497782534, 111.23202918244742)
Failed to find a valid peak. No peak greater than 1.0. max = 0.304095746239
Failed to find a valid peak. No peak greater than 1.0. max = 0.0252803111338
new center pos Detector(H1) (Ar40) @ 5.87865513976
GetHighVoltage ===>> 4499.94659342336
GetDeflection H1 ===>> 0
dac uncorrected for HV and deflection 5.87868975881
update mftable H1 Ar40 5.87868975881 message=automated run peakcenter
get initial guess parabolic
get initial guess parabolic
get initial guess parabolic
get initial guess parabolic
get initial guess parabolic
get initial guess parabolic
dump mftable to /Users/jan/PychronDev/setupfiles/spectrometer/mftables/mftable.csv
add to repo msg=modified - automated run peakcenter
locally archiving mftable
setting magnet DAC
current  : 5.893775
requested: 5.878655
Delta Dac: 0.015120
Checking detector protection. dv=0.01512
Checking detector "CDD". Protection Threshold: 0.1 (V)
sweep finished
SetMagnetDAC 5.87865513976 ===>> OK
Magnet settling time: 0.500
setting integration time = 1.048576
SetIntegrationTime 1.048576 ===>> OK
Failed to find a valid peak. No peak greater than 1.0. max = 0.304095746239
Failed to find a valid peak. No peak greater than 1.0. max = 0.0252803111338
flush and close file /Users/jan/PychronDev/data/isotopes/d0/e0a0e5-5e8a-42b8-b3ac-431792101273.h5
finished measure script
executed 278.04
jan_co2_whiff_120_60_large.py completed successfully
Measurement Finished
20:52:39 -- ******* Measurement Finished *******
Post Measurement Started jan_pump_ms.py
20:52:39 -- ******* Post Measurement Started jan_pump_ms.py *******
testing...
no interpolation path defined
executed 0
Pumping spectrometer
open () {'name': 'O'}
opening name=O desc=---
checking ownership. requestor=129.138.12.150
check software interlocks O
interlocks []
actuate state mode=None-script, software_lock=False
doing actuation None-script open_channel True
Open O ===>> OK
GetIndicatorState O ===>> OK
change switch state (True, True)
update switch state O True args=() kw={} ncanvase=2
20:52:39 -- OPEN   VALVE-O (Jan Ion Pump)
---------------------------------------- open O () result=[(True, True)], time=0.09 sec
action=open, ok=True, locked=[False]
executed 0
jan_pump_ms.py completed successfully
setting _ms_pumptime
Post Measurement Finished
20:52:39 -- ******* Post Measurement Finished *******
$$$$$$$$$$$$$$$$$$$$ state at run end truncated
post measurement save measured=True aborted=False
Set filtering
setting fod for Ar40= {'filter_outliers': True, 'std_devs': 2, 'iterations': 1}
setting fod for H1= {'filter_outliers': True, 'std_devs': 2, 'iterations': 1}
setting fod for PM41= {'filter_outliers': False, 'std_devs': 2, 'iterations': 1}
setting fod for H2= {'filter_outliers': True, 'std_devs': 2, 'iterations': 1}
setting fod for Ar36= {'filter_outliers': True, 'std_devs': 2, 'iterations': 1}
setting fod for CDD= {'filter_outliers': True, 'std_devs': 10, 'iterations': 1}
setting fod for Ar37= {'filter_outliers': True, 'std_devs': 2, 'iterations': 1}
setting fod for L2= {'filter_outliers': True, 'std_devs': 2, 'iterations': 1}
setting fod for Ar38= {'filter_outliers': True, 'std_devs': 2, 'iterations': 1}
setting fod for L1= {'filter_outliers': True, 'std_devs': 2, 'iterations': 1}
setting fod for Ar39= {'filter_outliers': True, 'std_devs': 2, 'iterations': 1}
setting fod for AX= {'filter_outliers': True, 'std_devs': 2, 'iterations': 1}
persistence save...
persistence save - db
post measurement save
5385275536 connecting to database sqlite:////Users/jan/PychronDev/.appdata/local_lab.db
connected to db sqlite:////Users/jan/PychronDev/.appdata/local_lab.db
create new session 5385275536
close session 5385275536
No database instance. Not saving post measurement to isotopedb database
$$$$$$$$$$$$$$$ auto_save_detector_ic=False
massspec enabled True
create new session 5010684144
MassSpec Database Version: 16.0
close session 5010684144
saving post measurement to secondary database
saving to massspec database 129.138.12.160/massspecdata
setting labnumber to 65516
setting aliquot to 40
setting step to 
setting uuid to d0e0a0e5-5e8a-42b8-b3ac-431792101273
setting irradpos to 65516
setting extract_device to Fusions CO2
setting tray to 
setting position to 128
setting power_requested to 5.0
setting extract_value to 5.0
setting duration to 30.0
setting duration_at_request to 30.0
setting first_stage_delay to 30.0
setting cleanup to 30.0
setting comment to F:17 DS
setting irradiation to NM-289
setting level to F
setting irradiation_level to F
setting sample to Sierra Ladron1
setting material to DetritalSanidine
setting project to IR943
setting mass_spectrometer to Jan
no attribute chron_dosages
no attribute production_ratios
no attribute interference_corrections
no attribute production_name
no attribute j
Reference Isotope=Ar40
Reference Detector=H1
%%%%%%%%%%%%%%%%%%%% Comment: F:17 DS %%%%%%%%%%%%%%%%%%%
adding isotope PM41 H2
add baseline dbdet= PM41. original det= H2
get baseline data PM41 H2
Get data baseline <pychron.processing.isotope.Baseline object at 0x13793db90> len t=60
baseline PM41. v=-0.202913110829, e=0.00863480298533
get signal data PM41 H2
Get data signal PM41 0.20+/-0.09 len t=64
adding isotope Ar40 H1
add baseline dbdet= Ar40. original det= H1
get baseline data Ar40 H1
Get data baseline <pychron.processing.isotope.Baseline object at 0x13793dd50> len t=60
baseline Ar40. v=-0.034364237848, e=0.00495035779719
get signal data Ar40 H1
Get data signal Ar40 117.506+/-0.027 len t=64
adding isotope Ar39 AX
add baseline dbdet= Ar39. original det= AX
get baseline data Ar39 AX
Get data baseline <pychron.processing.isotope.Baseline object at 0x13793df10> len t=60
baseline Ar39. v=-0.0640047706212, e=0.00620891163468
get signal data Ar39 AX
Get data signal Ar39 0.170+/-0.021 len t=64
adding isotope Ar38 L1
add baseline dbdet= Ar38. original det= L1
get baseline data Ar38 L1
Get data baseline <pychron.processing.isotope.Baseline object at 0x137933110> len t=60
baseline Ar38. v=-0.027927143453, e=0.00215526401079
get signal data Ar38 L1
Get data signal Ar38 0.042+/-0.009 len t=64
adding isotope Ar37 L2
add baseline dbdet= Ar37. original det= L2
get baseline data Ar37 L2
Get data baseline <pychron.processing.isotope.Baseline object at 0x1379332d0> len t=60
baseline Ar37. v=-0.0260196872679, e=0.00516493640813
get signal data Ar37 L2
Get data signal Ar37 0.093+/-0.019 len t=64
adding isotope Ar36 CDD
add baseline dbdet= Ar36. original det= CDD
get baseline data Ar36 CDD
Get data baseline <pychron.processing.isotope.Baseline object at 0x137933490> len t=60
baseline Ar36. v=5.95461647646e-05, e=1.28556528914e-05
get signal data Ar36 CDD
Get data signal Ar36 0.0200+/-0.0007 len t=64
65516-40 added analysis time 0.500240087509s
analysis added to mass spec database
mass spec save time= 0.527
persistence save - dvc
================= post measurement started
create new session 4983034992
close session 4983034992
---------------- Experiment Queue saving disabled
DVC saving peakcenter
Failed to find a valid peak. No peak greater than 1.0. max = 0.304095746239
Failed to find a valid peak. No peak greater than 1.0. max = 0.0252803111338
Smart pull ahead: 0 behind: 0
Up-to-date with origin
add to repo msg=modified - ad8224ebc6dbfeb9f5997218dfa5fe690569839d.json
add to repo msg=modified - 16-40.json
add to repo msg=modified - 16-40.dat.json
add to repo msg=modified - 16-40.blan.json
add to repo msg=modified - 16-40.inte.json
add to repo msg=modified - 16-40.icfa.json
Get Checksum: 2035439760
add to repo msg=modified - 16-40.base.json
not at valid file /Users/jan/PychronDev/data/.dvc/repositories/Load1782/655/tags/16-40.tags.json
add to repo msg=modified - 16-40.peak.json
add to repo msg=modified - 16-40.extr.json
not at valid file /Users/jan/PychronDev/data/.dvc/repositories/Load1782/655/monitor/16-40.moni.json
commit message=<COLLECTION>
add to repo msg=modified - 16-40.inte.json
add to repo msg=modified - 16-40.base.json
commit message=<ISOEVO> default collection fits
add to repo msg=modified - 16-40.blan.json
commit message=<BLANKS> preceding bc-02-J-245
add to repo msg=modified - 16-40.icfa.json
Get Checksum: 2035439760
commit message=<ICFactor> default
push repository <pychron.git_archive.repo_manager.GitRepoManager object at 0x1329810b0>
pushing to remote=origin, url=https://github.com
Get Checksum: 2035439760
no changes to meta repo
create new session 4983034992
add association Load1782
get identifier "65516"
setting analysis irradiation position=<pychron.dvc.dvc_orm.IrradiationPositionTbl object at 0x1372dc290>
close session 4983034992
================= post measurement finished
20:52:51 -- ******* Post Run Check *******
loading queue conditionals post_run_actions
loading system conditionals post_run_actions
loading conditionals from /Users/jan/PychronDev/setupfiles/spectrometer/default_conditionals.yaml
loading queue conditionals post_run_terminations
loading system conditionals post_run_terminations
loading conditionals from /Users/jan/PychronDev/setupfiles/spectrometer/default_conditionals.yaml
Checking default post run terminations n=1
GetDeflection CDD ===>> 50
testing CDD==2000
evaluate ot="CDD.deflection==2000" t="CDD==2000", ctx="{'CDD': 50.0}"
20:52:51 -- ******* Post Run Check Passed *******
20:52:51 -- Automated run 65516-40 truncated duration: 310.240 s
----------------- finish -----------------
----------------- stop -----------------
retroactive repository identifiers disabled
finish run. runs completed=19
write rem/ex queues
/Users/jan/PychronDev/experiments/rem/CurrentExperiment.rem.txt
/Users/jan/PychronDev/experiments/rem/CurrentExperiment.ex.txt
doing event level: 3
