do run
loading script "jan_co2_whiff_120_60_large.py"
loading script "jan_pump_ms.py"
loading script "jan_co2.py"
loading script "jan_pump_extraction_line.py"
testing...
no interpolation path defined
executed 266.04
script duration name:co2_whiff_120_60_large seconds:266.0
loading script "jan_co2_whiff_120_60_large.py"
loading script "jan_pump_ms.py"
loading script "jan_co2.py"
loading script "jan_pump_extraction_line.py"
testing...
no interpolation path defined
executed 0
loading script "jan_co2_whiff_120_60_large.py"
loading script "jan_pump_ms.py"
loading script "jan_co2.py"
loading script "jan_pump_extraction_line.py"
testing...
no interpolation path defined
calculate duration
testing...
no interpolation path defined
executed 0
calculate duration
testing...
no interpolation path defined
executed 0
executed 0.0
script duration name:co2 seconds:0.0
loading script "jan_co2_whiff_120_60_large.py"
loading script "jan_pump_ms.py"
loading script "jan_co2.py"
loading script "jan_pump_extraction_line.py"
testing...
no interpolation path defined
calculate duration
testing...
no interpolation path defined
executed 4.0
executed 4.0
Script duration 266.0
Run total estimated duration= 267.000
run duration: 0:04:27
doing event level: 2
01:16:17 -- Setting default integration. t=1.048576
setting integration time = 1.048576
SetIntegrationTime 1.048576 ===>> OK
----------------- start -----------------
**************** Experiment Type: Ar/Ar, Ar/Ar
create new session 4985261232
close session 4985261232
$$$$$ Clearing conditionals
adding conditionals detrital
extract conditionals from file. /Users/jan/PychronDev/scripts/conditionals/detrital.yaml
no attr for this modification cd={'extraction_str': '', 'attr': '', 'mapper': '', 'use_termination': False, 'start_count': 0, 'nskip': 0, 'window': 0, 'frequency': 1, 'teststr': '', 'action': 'Skip Next Run', 'ntrips': 1, 'use_truncation': False}
no attr for this cancelation cd={'mapper': '', 'window': 0, 'frequency': 1, 'attr': '', 'teststr': '', 'start_count': 0, 'ntrips': 1}
adding truncation attr="age" test="age>100.0" start="60"
adding truncation attr="Ar39" test="Ar39<0.5" start="60"
no attr for this termination cd={'mapper': '', 'window': 0, 'frequency': 1, 'attr': '', 'teststr': '', 'start_count': 0, 'ntrips': 1}
Invalid conditional kind="pre_run_terminations"
no attr for this action cd={'mapper': '', 'attr': '', 'start_count': 0, 'window': 0, 'frequency': 1, 'teststr': '', 'action': None, 'ntrips': 1}
Invalid conditional kind="post_run_terminations"
Add queue conditionals
add default conditionals
adding default conditionals from /Users/jan/PychronDev/setupfiles/spectrometer/default_conditionals.yaml
Start automated run 65517-24
loading script "jan_co2_whiff_120_60_large.py"
loading script "jan_pump_ms.py"
loading script "jan_co2.py"
loading script "jan_pump_extraction_line.py"
%%%%%%%%%%%%%%%%%% setting automated run 65517-24
No value "sensitivity_multiplier" in metadata
$$$$$$$$$$$$$$$ auto_save_detector_ic=False
============================= Pre Extraction Check =============================
loading queue conditionals pre_run_terminations
loading system conditionals pre_run_terminations
loading conditionals from /Users/jan/PychronDev/setupfiles/spectrometer/default_conditionals.yaml
01:16:17 -- ******* Pre Extraction Check *******
Get a measurement from the spectrometer
GetData ===>> H2,-0.0996289907779813,H1,-0.0507696869701533,AX,-0.0939089940016815,L1,-0.0185069345276516,L2,-0...
Pre Extraction Termination data. keys=H2,H1,AX,L1,L2,CDD, signals=-0.09963,-0.05077,-0.09391,-0.01851,-0.08223,0.00238
01:16:17 -- testing system defined conditionals
Checking default pre extraction terminations n=2
testing CDD
evaluate ot="CDD.inactive" t="CDD", ctx="{'CDD': False}"
GetDeflection CDD ===>> 50
testing CDD==2000
evaluate ot="CDD.deflection==2000" t="CDD==2000", ctx="{'CDD': 50.0}"
01:16:17 -- ******* Pre Extraction Check Passed *******
=================================================================================
01:16:17 -- stopping status monitor
stop 4976082864
Alive clients [4983386864]
01:16:17 -- starting status monitor
start 4976082864
Monitor already running
start extraction
do extraction
Analysis started at 01:16:17.955721
Extraction Started jan_co2.py
01:16:17 -- ******* Extraction Started jan_co2.py *******
state changed from not run to extraction
DO EXTRACTION <pychron.extraction_line.pyscript_runner.RemotePyScriptRunner object at 0x12bb183b0>
testing...
no interpolation path defined
calculate duration
testing...
no interpolation path defined
executed 0
calculate duration
testing...
no interpolation path defined
executed 0
executed 100.0
Jan CO2 laser analysis
doing GOSUB
testing...
no interpolation path defined
executed 0
Waiting for CO2 access
wait ('FelixCO2Flag', 0) {}
waiting for FelixCO2Flag = 0
Read FelixCO2Flag ===>> 0
finished waiting
CO2 free
wait ('CO2PumpTimeFlag', 0) {}
waiting for CO2PumpTimeFlag = 0
Read CO2PumpTimeFlag ===>> 0
finished waiting
acquire ('JanCO2Flag',) {'clear': True}
acquire JanCO2Flag
Set JanCO2Flag 1 ===>> OK
JanCO2Flag acquired
set extraction state False (0.75, 'red', 1.5)
CO2 acquired
executed 0
WaitForCO2Access.py completed successfully
gosub finished
doing GOSUB
testing...
no interpolation path defined
executed 0
Prepare for CO2 analysis
close () {'description': 'Jan Inlet'}
closing name=--- desc=Jan Inlet
checking ownership. requestor=129.138.12.150
check software interlocks R
interlocks []
actuate state mode=None-script, software_lock=False
doing actuation None-script close_channel False
Close R ===>> OK
GetIndicatorState R ===>> False
change switch state (True, True)
update switch state R False args=() kw={} ncanvase=2
01:16:18 -- CLOSE  VALVE-R (Jan Inlet)
---------------------------------------- close None (Jan Inlet) result=[(True, True)]
action=close, ok=True, locked=[False]
open () {'description': 'Jan Ion Pump'}
opening name=--- desc=Jan Ion Pump
checking ownership. requestor=129.138.12.150
check software interlocks O
interlocks []
actuate state mode=None-script, software_lock=False
doing actuation None-script open_channel False
Open O ===>> OK
GetIndicatorState O ===>> OK
change switch state (True, True)
update switch state O True args=() kw={} ncanvase=2
01:16:18 -- OPEN   VALVE-O (Jan Ion Pump)
---------------------------------------- open None (Jan Ion Pump) result=[(True, True)], time=0.12 sec
action=open, ok=True, locked=[False]
close () {'description': 'Microbone to Minibone'}
closing name=--- desc=Microbone to Minibone
checking ownership. requestor=129.138.12.150
check software interlocks L
interlocks []
actuate state mode=None-script, software_lock=False
doing actuation None-script close_channel False
Close L ===>> OK
GetIndicatorState L ===>> False
change switch state (True, True)
update switch state L False args=() kw={} ncanvase=2
01:16:19 -- CLOSE  VALVE-L (Microbone to Minibone)
---------------------------------------- close None (Microbone to Minibone) result=[(True, True)]
action=close, ok=True, locked=[False]
open () {'description': 'Microbone to Turbo'}
opening name=--- desc=Microbone to Turbo
checking ownership. requestor=129.138.12.150
check software interlocks U
interlocks []
actuate state mode=None-script, software_lock=False
doing actuation None-script open_channel False
Open U ===>> OK
GetIndicatorState U ===>> OK
change switch state (True, True)
update switch state U True args=() kw={} ncanvase=2
01:16:19 -- OPEN   VALVE-U (Microbone to Turbo)
---------------------------------------- open None (Microbone to Turbo) result=[(True, True)], time=0.12 sec
action=open, ok=True, locked=[False]
open () {'description': 'Microbone to Inlet Pipette'}
opening name=--- desc=Microbone to Inlet Pipette
checking ownership. requestor=129.138.12.150
check software interlocks S
interlocks []
actuate state mode=None-script, software_lock=False
doing actuation None-script open_channel False
Open S ===>> OK
GetIndicatorState S ===>> OK
change switch state (True, True)
update switch state S True args=() kw={} ncanvase=2
01:16:20 -- OPEN   VALVE-S (Microbone to Inlet Pipette)
---------------------------------------- open None (Microbone to Inlet Pipette) result=[(True, True)], time=0.43 sec
Get Checksum: 192129876
action=open, ok=True, locked=[False]
open () {'description': 'Microbone to Getter D-50'}
opening name=--- desc=Microbone to Getter D-50
checking ownership. requestor=129.138.12.150
check software interlocks K
interlocks []
actuate state mode=None-script, software_lock=False
doing actuation None-script open_channel False
Open K ===>> OK
GetIndicatorState K ===>> OK
change switch state (True, True)
update switch state K True args=() kw={} ncanvase=2
01:16:21 -- OPEN   VALVE-K (Microbone to Getter D-50)
---------------------------------------- open None (Microbone to Getter D-50) result=[(True, True)], time=0.43 sec
action=open, ok=True, locked=[False]
open () {'description': 'Microbone to Getter NP-10'}
opening name=--- desc=Microbone to Getter NP-10
checking ownership. requestor=129.138.12.150
check software interlocks M
interlocks []
actuate state mode=None-script, software_lock=False
doing actuation None-script open_channel False
Open M ===>> OK
GetIndicatorState M ===>> OK
change switch state (True, True)
update switch state M True args=() kw={} ncanvase=2
01:16:21 -- OPEN   VALVE-M (Microbone to Getter NP-10)
---------------------------------------- open None (Microbone to Getter NP-10) result=[(True, True)], time=0.13 sec
action=open, ok=True, locked=[False]
close () {'description': 'CO2 Laser to Felix'}
closing name=--- desc=CO2 Laser to Felix
checking ownership. requestor=129.138.12.150
check software interlocks F
interlocks []
actuate state mode=None-script, software_lock=True
VALVE-F(CO2 Laser to Felix) software locked
change switch state (True, False)
---------------------------------------- close None (CO2 Laser to Felix) result=[(True, False)]
action=close, ok=True, locked=[True]
open () {'description': 'CO2 Laser to Jan'}
opening name=--- desc=CO2 Laser to Jan
checking ownership. requestor=129.138.12.150
check software interlocks A
interlocks []
actuate state mode=None-script, software_lock=False
doing actuation None-script open_channel False
Open A ===>> OK
GetIndicatorState A ===>> OK
change switch state (True, True)
update switch state A True args=() kw={} ncanvase=2
01:16:21 -- OPEN   VALVE-A (CO2 Laser to Jan)
---------------------------------------- open None (CO2 Laser to Jan) result=[(True, True)], time=0.13 sec
action=open, ok=True, locked=[False]
open () {'description': 'Microbone to CO2 Laser'}
opening name=--- desc=Microbone to CO2 Laser
checking ownership. requestor=129.138.12.150
check software interlocks T
interlocks []
actuate state mode=None-script, software_lock=False
doing actuation None-script open_channel False
Open T ===>> OK
GetIndicatorState T ===>> OK
change switch state (True, True)
update switch state T True args=() kw={} ncanvase=2
01:16:22 -- OPEN   VALVE-T (Microbone to CO2 Laser)
---------------------------------------- open None (Microbone to CO2 Laser) result=[(True, True)], time=0.42 sec
action=open, ok=True, locked=[False]
executed 0
PrepareForCO2Analysis.py completed successfully
gosub finished
set_motor ('beam', '1.25') {}
setting motor "beam" to 1.25
set motor beam to 1.25
SetMotor beam,1.25 ===>> OK
Get Checksum: 192129876
GetMotorMoving beam ===>> False
GetMotorMoving beam ===>> False
Block completed
move_to_position ('153',) {'autocenter': True}
FusionsCO2 move to position 153
sending GoToHole 153,True
GoToHole 153,True ===>> OK
GetDriveMoving ===>> OK
GetDriveMoving ===>> OK
GetDriveMoving ===>> OK
GetDriveMoving ===>> False
GetDriveMoving ===>> OK
GetDriveMoving ===>> OK
GetDriveMoving ===>> OK
Get Checksum: 192129876
GetDriveMoving ===>> OK
GetDriveMoving ===>> OK
GetDriveMoving ===>> False
Block completed
GetAutoCorrecting ===>> False
GetAutoCorrecting ===>> False
Block completed
update position
GetPosition ===>> 15.95120,-3.98780,1.00000
got position (15.9512, -3.9878, 1.0)
move to position succeeded
sleep (5,) {}
SLEEP 5.0
block started
WaitControl setup for 5.0  
Get Checksum: 192129876
Get Checksum: 192129876
Join finished
block finished. duration 5.01699399948
close () {'description': 'Microbone to Turbo'}
closing name=--- desc=Microbone to Turbo
checking ownership. requestor=129.138.12.150
check software interlocks U
interlocks []
actuate state mode=None-script, software_lock=False
doing actuation None-script close_channel True
Close U ===>> OK
GetIndicatorState U ===>> False
change switch state (True, True)
update switch state U False args=() kw={} ncanvase=2
01:16:33 -- CLOSE  VALVE-U (Microbone to Turbo)
---------------------------------------- close None (Microbone to Turbo) result=[(True, True)]
action=close, ok=True, locked=[False]
enable laser
enable () {}
set extraction state FusionsCO2 Enabled (False, 'red', 1.5)
enabling laser
Enable ===>> OK
begin interval
BEGIN INTERVAL Interval 1 waiting for 30.0
block started
WaitControl setup for 30.0  
set extract to 5.0
extract (5.0,) {}
GetPosition ===>> 15.95120,-3.98780,1.00000
set extraction state FusionsCO2 ON! 5.0(watts) (0.75, 'red', 1.5)
extract sample to 5.0 (watts)
set laser output
SetLaserOutput 5.0,watts ===>> OK
executing pattern triangle.lp
execute_pattern ('triangle.lp',) {}
executing pattern triangle.lp
IsPatterning ===>> OK
Get Checksum: 38271967
IsPatterning ===>> OK
IsPatterning ===>> OK
IsPatterning ===>> OK
Get Checksum: 38271967
IsPatterning ===>> OK
IsPatterning ===>> OK
IsPatterning ===>> OK
Get Checksum: 38271967
IsPatterning ===>> OK
IsPatterning ===>> OK
Get Checksum: 38271967
IsPatterning ===>> OK
IsPatterning ===>> OK
IsPatterning ===>> OK
Get Checksum: 38271967
IsPatterning ===>> OK
IsPatterning ===>> OK
IsPatterning ===>> OK
Get Checksum: 38271967
IsPatterning ===>> OK
IsPatterning ===>> OK
IsPatterning ===>> OK
Get Checksum: 38271967
IsPatterning ===>> OK
IsPatterning ===>> OK
IsPatterning ===>> OK
Get Checksum: 38271967
IsPatterning ===>> OK
IsPatterning ===>> OK
IsPatterning ===>> OK
Get Checksum: 38271967
IsPatterning ===>> OK
IsPatterning ===>> OK
IsPatterning ===>> OK
IsPatterning ===>> OK
Join finished
block finished. duration 30.0589249134
Interval 1 finished
IsPatterning ===>> OK
Get Checksum: 38271967
IsPatterning ===>> OK
IsPatterning ===>> False
IsPatterning ===>> False
Block completed
COMPLETE INTERVAL waiting for Interval 1 to complete
end_extract () {}
ending extraction. set laser power to 0
set laser power 0
SetLaserPower 0 ===>> OK
disable () {}
%%%%%%%%%%%%%%%%%%%%%%%%%%%%%%%%%%% disable
set extraction state False (0.75, 'red', 1.5)
disabling laser
Disable ===>> OK
sleep (30.0,) {}
SLEEP 30.0
block started
WaitControl setup for 30.0  
Get Checksum: 38271967
Get Checksum: 38271967
Get Checksum: 38271967
Get Checksum: 38271967
Get Checksum: 38271967
Get Checksum: 38271967
Get Checksum: 38271967
Get Checksum: 38271967
set states for children of V. state=True
handle state [('V', True)]
update switch state V True args=() kw={'refresh': False} ncanvase=2
refresh_canvas_needed fired
Get Checksum: 777293942
Get Checksum: 777293942
Join finished
block finished. duration 30.0891191959
executed 165.0
jan_co2.py completed successfully
GetAchievedOutput ===>> No Response
Requested Output= 0.000
Achieved Output=  0.000
GetResponseBlob ===>> No Response
GetOutputBlob ===>> No Response
persistence save...
persistence save - db
AutomatedRunPersister post_extraction_save deprecated
persistence save - dvc
no extraction position for 153
create new session 4983034992
close session 4983034992
Extraction Finished
01:17:37 -- ******* Extraction Finished *******
no overlap. not waiting for min ms pumptime
01:17:37 -- Sending spectrometer configuration
======== Sending configuration ========
SetDeflection CDD,50.0 ===>> OK
SetDeflection H2,0.0 ===>> OK
SetDeflection H1,0.0 ===>> OK
SetDeflection L2,825.0 ===>> OK
SetDeflection L1,400.0 ===>> OK
SetDeflection AX,190.0 ===>> OK
SetZFocus 74.64 ===>> OK
SetZSymmetry -50.72 ===>> OK
SetExtractionLens 26.13 ===>> OK
SetIonRepeller -3.81 ===>> OK
SetElectronEnergy 75.08 ===>> OK
SetYSymmetry -2.81 ===>> OK
SetIonCounterVoltage 1590.0 ===>> OK
send trap current 200.0
GetParameter Trap Current Readback ===>> 198.147042666178
SetParameter Trap Current Set,200.0 ===>> OK
updating mftable name mftable
Using mftable located at /Users/jan/PychronDev/setupfiles/spectrometer/mftables/mftable.csv
============ MFtable ===========
Isotope  H2     H1     AX     L1     L2     CDD    
Ar40     5.7768 5.8789 5.9921 6.1167 6.2306 6.3449
Ar39     5.6760 5.7711 5.8846 6.0028 6.1157 6.2314
Ar36     5.3536 5.4402 5.5479 5.6616 5.7707 5.8825
================================
get initial guess parabolic
get initial guess parabolic
get initial guess parabolic
get initial guess parabolic
get initial guess parabolic
get initial guess parabolic
======== Configuration Finished ========
GetYSymmetry ===>> -2.81
GetZSymmetry ===>> -50.72
GetParameter Trap Current Readback ===>> 198.035158395898
GetHighVoltage ===>> 4499.94659342336
start measurement
do measurement
L#=65517 analysis type=unknown
Measurement Started jan_co2_whiff_120_60_large.py
01:17:37 -- ******* Measurement Started jan_co2_whiff_120_60_large.py *******
state changed from extraction to measurement
setting spec, defl, and gains
GetExtractionLens ===>> 26.13
GetYSymmetry ===>> -2.81
GetZSymmetry ===>> -50.72
GetZFocus ===>> 74.64
GetDeflection H2 ===>> 0
GetDeflection H1 ===>> 0
GetDeflection AX ===>> 190
GetDeflection L1 ===>> 400
GetDeflection L2 ===>> 825
GetDeflection CDD ===>> 50
GetGain H2 ===>> 0.0113
GetGain H1 ===>> 0.1
GetGain AX ===>> 0.097049
GetGain L1 ===>> 0.010355
GetGain L2 ===>> 0.095649
GetGain CDD ===>> 0
pre measurement save
New frame /Users/jan/PychronDev/data/isotopes/10/4630b7-0679-4962-89f8-572fc0deaa0b.h5
flush and close file /Users/jan/PychronDev/data/isotopes/10/4630b7-0679-4962-89f8-572fc0deaa0b.h5
testing...
no interpolation path defined
executed 266.04
co2 whiff measurement script
activate_detectors ('H2', 'H1', 'AX', 'L1', 'L2', 'CDD') {}
activate detectors
*************** Set Analysis View Ar/Ar
create graphs
Get Checksum: 777293942
clearing graphs
clear isotope group
setting isotope det=H2, iso=PM41
setting isotope det=H1, iso=Ar40
setting isotope det=AX, iso=Ar39
setting isotope det=L1, iso=Ar38
setting isotope det=L2, iso=Ar37
setting isotope det=CDD, iso=Ar36
setting previous blanks
 - setting Ar40 blank 0.282+/-0.007
 - setting Ar36 blank 0.00465+/-0.00019
 - setting Ar37 blank 0.041+/-0.005
 - setting Ar38 blank 0.0063+/-0.0023
 - setting PM41 blank 0.03+/-0.07
 - setting Ar39 blank 0.041+/-0.009
load analysis view
position_magnet ('Ar40',) {'detector': 'H1'}
detector Detector(H1)
POSITION Ar40 H1
setting detector H2 to PM41 (40.9624)
setting detector H1 to Ar40 (39.9624)
setting detector AX to Ar39 (38.9624)
setting detector L1 to Ar38 (37.9624)
setting detector L2 to Ar37 (36.9624)
setting detector CDD to Ar36 (35.9624)
Mapping mass to dac mass func: "parabolic"
H1 map mass coeffs = [-0.00063987  0.15840543  0.57047999]
H1 map mass to dac 39.9624 >> 5.87887
GetDeflection H1 ===>> 0
GetHighVoltage ===>> 4499.94659342336
positioning Ar40 (5.87883537989) on H1
setting magnet DAC
current  : 5.878836
requested: 5.878835
Delta Dac: 0.000000
Checking detector protection. dv=0.00000
Checking detector "CDD". Protection Threshold: 0.1 (V)
SetMagnetDAC 5.87883537989 ===>> OK
Magnet settling time: 0.500
close ('S',) {}
closing name=S desc=---
checking ownership. requestor=129.138.12.150
check software interlocks S
interlocks []
actuate state mode=None-script, software_lock=False
doing actuation None-script close_channel True
Close S ===>> OK
GetIndicatorState S ===>> False
change switch state (True, True)
update switch state S False args=() kw={} ncanvase=2
01:17:39 -- CLOSE  VALVE-S (Microbone to Inlet Pipette)
---------------------------------------- close S () result=[(True, True)]
action=close, ok=True, locked=[False]
equilibrate () {'do_post_equilibration': False, 'inlet': 'R', 'outlet': 'O', 'eqtime': 4}
Equilibration Started
01:17:39 -- ******* Equilibration Started *******
checking ownership. requestor=129.138.12.150
check software interlocks O
interlocks []
actuate state mode=None-script, software_lock=False
doing actuation None-script close_channel True
Close O ===>> OK
GetIndicatorState O ===>> False
change switch state (True, True)
update switch state O False args=() kw={} ncanvase=2
01:17:40 -- CLOSE  VALVE-O (Jan Ion Pump)
waiting 3s before opening inlet value ('R',)
Get Checksum: -853324191
checking ownership. requestor=129.138.12.150
check software interlocks R
interlocks []
actuate state mode=None-script, software_lock=False
doing actuation None-script open_channel True
Open R ===>> OK
GetIndicatorState R ===>> OK
change switch state (True, True)
update switch state R True args=() kw={} ncanvase=2
01:17:43 -- OPEN   VALVE-R (Jan Inlet)
equilibrating for 4sec
set_time_zero (0,) {}
sniff (4,) {}
py_sniff
build tables- sniff [Detector(H2), Detector(H1), Detector(AX), Detector(L1), Detector(L2), Detector(CDD)]
add group /sniff/PM41 (Group) '' table H2
add group /sniff/Ar40 (Group) '' table H1
add group /sniff/Ar39 (Group) '' table AX
add group /sniff/Ar38 (Group) '' table L1
add group /sniff/Ar37 (Group) '' table L2
add group /sniff/Ar36 (Group) '' table CDD
flush and close file /Users/jan/PychronDev/data/isotopes/10/4630b7-0679-4962-89f8-572fc0deaa0b.h5
measuring sniff. ncounts=4
starting measurement
GetData ===>> H2,-0.272094678634644,H1,-0.0128369184212883,AX,-0.0235463310584001,L1,0.0070458326025854,L2,0.05...
Get Checksum: -916208324
GetData ===>> H2,3.19356103761158,H1,1.7033297247959,AX,6.1295913392284,L1,0.412291891042842,L2,1.2878494785263...
GetData ===>> H2,5.08056706471808,H1,2.97202563260017,AX,5.85584808035097,L1,0.989889660464665,L2,0.69714476353...
Get Checksum: -916208324
GetData ===>> H2,1.76764524961245,H1,2.65637360033544,AX,3.28165261917747,L1,0.721379117039378,L2,0.28225504392...
Equilibration Finished
01:17:47 -- ******* Equilibration Finished *******
checking ownership. requestor=129.138.12.150
check software interlocks R
interlocks []
actuate state mode=None-script, software_lock=False
doing actuation None-script close_channel True
Close R ===>> OK
set states for children of R. state=False
handle state [('R', False)]
update switch state R False args=() kw={'refresh': False} ncanvase=2
refresh_canvas_needed fired
measurement finished
estimated time: 4.194 actual time: :4.266
flush and close file /Users/jan/PychronDev/data/isotopes/10/4630b7-0679-4962-89f8-572fc0deaa0b.h5
set_fits () {}
using default fits file=/Users/jan/PychronDev/scripts/measurement/fits/nominal_linear.yaml
GetIndicatorState R ===>> False
change switch state (True, True)
update switch state R False args=() kw={} ncanvase=2
set "Ar40" to "('Linear', 'SEM')"
No fit for "PM41". defaulting to linear. check the measurement script "jan_co2_whiff_120_60_large.py"
set "PM41" to "linear"
set "Ar36" to "('Linear', 'SEM')"
set "Ar37" to "('linear', 'SEM')"
01:17:48 -- CLOSE  VALVE-R (Jan Inlet)
set "Ar38" to "('linear', 'SEM')"
set "Ar39" to "('Linear', 'SEM')"
set_baseline_fits () {}
using default fits file=/Users/jan/PychronDev/scripts/measurement/fits/nominal_linear.yaml
set "H1" to "('average', 'SEM')"
set "H2" to "('average', 'SEM')"
set "CDD" to "('average', 'SEM')"
set "L2" to "('average', 'SEM')"
set "L1" to "('average', 'SEM')"
set "AX" to "('average', 'SEM')"
whiff () {'ncounts': 1, 'conditionals': [{'action': 'run_remainder', 'attr': 'Ar40', 'teststr': 'Ar40.cur<=175'}, {'action': 'run_pipette', 'attr': 'Ar40', 'teststr': 'Ar40.cur>500'}, {'action': 'run_chamber_split', 'attr': 'Ar40', 'teststr': 'Ar40.cur>=300'}, {'action': 'pump', 'attr': 'Ar40', 'teststr': 'Ar40.cur>175'}]}
build tables- whiff [Detector(H2), Detector(H1), Detector(AX), Detector(L1), Detector(L2), Detector(CDD)]
add group /whiff/PM41 (Group) '' table H2
add group /whiff/Ar40 (Group) '' table H1
add group /whiff/Ar39 (Group) '' table AX
add group /whiff/Ar38 (Group) '' table L1
add group /whiff/Ar37 (Group) '' table L2
add group /whiff/Ar36 (Group) '' table CDD
flush and close file /Users/jan/PychronDev/data/isotopes/10/4630b7-0679-4962-89f8-572fc0deaa0b.h5
measuring whiff. ncounts=1
starting measurement
GetData ===>> H2,0.424236276590801,H1,2.52955414993641,AX,2.27320814864004,L1,0.313685115524143,L2,0.1388829005...
testing Ar40<=175
evaluate ot="Ar40.cur<=175" t="Ar40<=175", ctx="{'Ar40': 2.52955414993641}"
condition Ar40<=175 is true trips=1/1
01:17:49 -- Conditional tripped: Ar40.cur<=175 condition Ar40<=175 is True
measurement finished
estimated time: 1.049 actual time: :1.102
flush and close file /Users/jan/PychronDev/data/isotopes/10/4630b7-0679-4962-89f8-572fc0deaa0b.h5
WHIFF Result=run_remainder
Whiff result=run_remainder
open ('R',) {}
opening name=R desc=---
checking ownership. requestor=129.138.12.150
check software interlocks R
interlocks []
actuate state mode=None-script, software_lock=False
doing actuation None-script open_channel True
Open R ===>> OK
set states for children of R. state=True
handle state [('R', True)]
update switch state R True args=() kw={'refresh': False} ncanvase=2
refresh_canvas_needed fired
GetIndicatorState R ===>> OK
change switch state (True, True)
update switch state R True args=() kw={} ncanvase=2
01:17:50 -- OPEN   VALVE-R (Jan Inlet)
---------------------------------------- open R () result=[(True, True)], time=0.43 sec
Get Checksum: -916208324
action=open, ok=True, locked=[False]
open ('S',) {}
opening name=S desc=---
checking ownership. requestor=129.138.12.150
check software interlocks S
interlocks []
actuate state mode=None-script, software_lock=False
doing actuation None-script open_channel True
Open S ===>> OK
GetIndicatorState S ===>> OK
change switch state (True, True)
update switch state S True args=() kw={} ncanvase=2
01:17:51 -- OPEN   VALVE-S (Microbone to Inlet Pipette)
---------------------------------------- open S () result=[(True, True)], time=0.46 sec
action=open, ok=True, locked=[False]
sleep (12.0,) {}
SLEEP 12.0
block started
WaitControl setup for 12.0  
Get Checksum: -612364762
Get Checksum: -612364762
Get Checksum: -612364762
Get Checksum: -612364762
Join finished
block finished. duration 12.0280489922
close ('R',) {}
closing name=R desc=---
checking ownership. requestor=129.138.12.150
check software interlocks R
interlocks []
actuate state mode=None-script, software_lock=False
doing actuation None-script close_channel True
Close R ===>> OK
GetIndicatorState R ===>> False
change switch state (True, True)
update switch state R False args=() kw={} ncanvase=2
01:18:04 -- CLOSE  VALVE-R (Jan Inlet)
---------------------------------------- close R () result=[(True, True)]
action=close, ok=True, locked=[False]
post_equilibration () {}
multicollect () {'integration_time': 1, 'ncounts': 120.0}
Post Equilibration Started jan_pump_extraction_line.py
build tables- signal [Detector(H2), Detector(H1), Detector(AX), Detector(L1), Detector(L2), Detector(CDD)]
01:18:04 -- ******* Post Equilibration Started jan_pump_extraction_line.py *******
add group /signal/PM41 (Group) '' table H2
add group /signal/Ar40 (Group) '' table H1
testing...
add group /signal/Ar39 (Group) '' table AX
no interpolation path defined
add group /signal/Ar38 (Group) '' table L1
add group /signal/Ar37 (Group) '' table L2
calculate duration
add group /signal/Ar36 (Group) '' table CDD
testing...
flush and close file /Users/jan/PychronDev/data/isotopes/10/4630b7-0679-4962-89f8-572fc0deaa0b.h5
no interpolation path defined
measuring signal. ncounts=120.0
executed 4.0
executed 4.0
Pump after analysis
doing GOSUB
testing...
no interpolation path defined
executed 4.0
Pump Microbone
close () {'description': 'Jan Inlet'}
closing name=--- desc=Jan Inlet
checking ownership. requestor=129.138.12.150
check software interlocks R
interlocks []
actuate state mode=None-script, software_lock=False
doing actuation None-script close_channel False
Close R ===>> OK
GetIndicatorState R ===>> False
change switch state (True, True)
update switch state R False args=() kw={} ncanvase=2
01:18:04 -- CLOSE  VALVE-R (Jan Inlet)
---------------------------------------- close None (Jan Inlet) result=[(True, True)]
starting measurement
GetData ===>> H2,0.142902990716757,H1,63.4744164320829,AX,55.4536239502821,L1,0.746541477548143,L2,0.2728654477...
action=close, ok=True, locked=[False]
is_closed ('F',) {}
is F () closed?
is closed True
open () {'description': 'CO2 Laser to Jan'}
opening name=--- desc=CO2 Laser to Jan
checking ownership. requestor=129.138.12.150
check software interlocks A
interlocks []
actuate state mode=None-script, software_lock=False
doing actuation None-script open_channel False
Open A ===>> OK
GetIndicatorState A ===>> OK
change switch state (True, True)
update switch state A True args=() kw={} ncanvase=2
01:18:05 -- OPEN   VALVE-A (CO2 Laser to Jan)
---------------------------------------- open None (CO2 Laser to Jan) result=[(True, True)], time=0.15 sec
action=open, ok=True, locked=[False]
sleep (1,) {}
SLEEP 1.0
Get Checksum: 1076709024
GetData ===>> H2,0.199909318457619,H1,63.404998488274,AX,55.6369044142057,L1,0.760988524347319,L2,0.26195961175...
close () {'description': 'CO2 Laser to Roughing'}
closing name=--- desc=CO2 Laser to Roughing
checking ownership. requestor=129.138.12.150
check software interlocks G
interlocks []
actuate state mode=None-script, software_lock=True
VALVE-G(CO2 Laser to Roughing) software locked
change switch state (True, False)
---------------------------------------- close None (CO2 Laser to Roughing) result=[(True, False)]
action=close, ok=True, locked=[True]
open () {'description': 'Microbone to Turbo'}
opening name=--- desc=Microbone to Turbo
checking ownership. requestor=129.138.12.150
check software interlocks U
interlocks []
actuate state mode=None-script, software_lock=False
doing actuation None-script open_channel True
Open U ===>> OK
GetIndicatorState U ===>> OK
change switch state (True, True)
update switch state U True args=() kw={} ncanvase=2
01:18:06 -- OPEN   VALVE-U (Microbone to Turbo)
---------------------------------------- open None (Microbone to Turbo) result=[(True, True)], time=0.13 sec
action=open, ok=True, locked=[False]
open () {'description': 'Microbone to Getter NP-10'}
opening name=--- desc=Microbone to Getter NP-10
checking ownership. requestor=129.138.12.150
check software interlocks M
interlocks []
actuate state mode=None-script, software_lock=False
doing actuation None-script open_channel False
Open M ===>> OK
GetIndicatorState M ===>> OK
change switch state (True, True)
update switch state M True args=() kw={} ncanvase=2
01:18:07 -- OPEN   VALVE-M (Microbone to Getter NP-10)
---------------------------------------- open None (Microbone to Getter NP-10) result=[(True, True)], time=0.16 sec
GetData ===>> H2,0.0982480295929134,H1,63.490519707345,AX,55.3823237153842,L1,0.773410699682267,L2,0.3767041685...
action=open, ok=True, locked=[False]
open () {'description': 'Microbone to Getter D-50'}
opening name=--- desc=Microbone to Getter D-50
checking ownership. requestor=129.138.12.150
check software interlocks K
interlocks []
actuate state mode=None-script, software_lock=False
doing actuation None-script open_channel False
Open K ===>> OK
GetIndicatorState K ===>> OK
change switch state (True, True)
update switch state K True args=() kw={} ncanvase=2
01:18:07 -- OPEN   VALVE-K (Microbone to Getter D-50)
---------------------------------------- open None (Microbone to Getter D-50) result=[(True, True)], time=0.40 sec
action=open, ok=True, locked=[False]
open () {'description': 'Microbone to CO2 Laser'}
opening name=--- desc=Microbone to CO2 Laser
checking ownership. requestor=129.138.12.150
check software interlocks T
interlocks []
actuate state mode=None-script, software_lock=False
doing actuation None-script open_channel False
GetData ===>> H2,-0.0365492278794924,H1,63.491949459043,AX,55.2355613597956,L1,0.755671384280171,L2,0.349971807...
Open T ===>> OK
GetIndicatorState T ===>> OK
change switch state (True, True)
update switch state T True args=() kw={} ncanvase=2
01:18:08 -- OPEN   VALVE-T (Microbone to CO2 Laser)
---------------------------------------- open None (Microbone to CO2 Laser) result=[(True, True)], time=0.43 sec
action=open, ok=True, locked=[False]
open () {'description': 'Microbone to Inlet Pipette'}
opening name=--- desc=Microbone to Inlet Pipette
checking ownership. requestor=129.138.12.150
check software interlocks S
interlocks []
actuate state mode=None-script, software_lock=False
doing actuation None-script open_channel False
Open S ===>> OK
Get Checksum: -1097334291
GetIndicatorState S ===>> OK
change switch state (True, True)
update switch state S True args=() kw={} ncanvase=2
01:18:09 -- OPEN   VALVE-S (Microbone to Inlet Pipette)
---------------------------------------- open None (Microbone to Inlet Pipette) result=[(True, True)], time=0.41 sec
GetData ===>> H2,-0.0805548866303508,H1,63.5499853243777,AX,55.3440562491381,L1,0.737725993435838,L2,0.33441086...
action=open, ok=True, locked=[False]
sleep (1,) {}
SLEEP 1.0
GetData ===>> H2,-0.114217465479851,H1,63.5993261942879,AX,55.0742148326959,L1,0.704475575205305,L2,0.236602238...
set_resource () {'name': 'CO2PumpTimeFlag', 'value': 30}
Set CO2PumpTimeFlag 30 ===>> OK
release ('JanCO2Flag',) {}
release JanCO2Flag
Set JanCO2Flag 0 ===>> OK
executed 6.0
PumpMicrobone.py completed successfully
gosub finished
get_resource_value () {'name': 'JanMiniboneFlag'}
Read JanMiniboneFlag ===>> 0
Get Resource Value JanMiniboneFlag=0.0
get resource value 0.0
get_resource_value () {'name': 'JanMiniboneFlag'}
Read JanMiniboneFlag ===>> 0
Get Resource Value JanMiniboneFlag=0.0
executed 4.0
jan_pump_extraction_line.py completed successfully
Post Equilibration Finished
01:18:10 -- ******* Post Equilibration Finished *******
GetData ===>> H2,-0.0806754691194578,H1,63.5891288001883,AX,55.2521757456798,L1,0.721897293382132,L2,0.45696739...
Get Checksum: -1097334291
GetData ===>> H2,-0.151315392156753,H1,63.5656419384987,AX,55.0211237702606,L1,0.739790191769629,L2,0.418239190...
GetData ===>> H2,-0.0823309780591954,H1,63.5037337173849,AX,55.0687546341805,L1,0.753435351500136,L2,0.26357943...
GetData ===>> H2,-0.0719333133829094,H1,63.5122818918401,AX,55.1270735628533,L1,0.715925923647343,L2,0.40074796...
Get Checksum: -1097334291
GetData ===>> H2,-0.152486196392696,H1,63.5777314995886,AX,54.9969710787822,L1,0.692297663448734,L2,0.348533199...
GetData ===>> H2,-0.137782857503095,H1,63.5421262790578,AX,54.9338806437747,L1,0.685892327442087,L2,0.328429193...
GetData ===>> H2,-0.198364653449968,H1,63.4495034350809,AX,55.0745272763448,L1,0.6883939235791,L2,0.29657509453...
Get Checksum: -1097334291
GetData ===>> H2,-0.128211347572213,H1,63.558127789311,AX,55.1016831035595,L1,0.672274374357336,L2,0.2495476890...
GetData ===>> H2,-0.118129536120646,H1,63.4662163004298,AX,55.1435816183005,L1,0.692585692038098,L2,0.274120383...
GetData ===>> H2,-0.080919339908895,H1,63.4993655627791,AX,54.9375542181692,L1,0.680701199836715,L2,0.174924192...
Get Checksum: -1097334291
GetData ===>> H2,-0.0726383563743266,H1,63.3761316269067,AX,54.8936271380931,L1,0.657663029674379,L2,0.23232172...
GetData ===>> H2,-0.0991280451391924,H1,63.3629051421466,AX,54.8418971908528,L1,0.693144390888112,L2,0.39926290...
GetData ===>> H2,-0.218749354729293,H1,63.3948111924083,AX,54.8518408746937,L1,0.711906432810076,L2,0.342607730...
Get Checksum: -1097334291
GetData ===>> H2,-0.156126363816229,H1,63.4373470991552,AX,54.8355913602923,L1,0.692896076588614,L2,0.140399554...
GetData ===>> H2,-0.140886390872872,H1,63.4819101018425,AX,54.6858472311224,L1,0.640032937812506,L2,0.261332221...
GetData ===>> H2,-0.116339433770767,H1,63.3467115748102,AX,54.7244142335852,L1,0.641166650564248,L2,0.330301279...
Get Checksum: -1097334291
GetData ===>> H2,-0.0981315038303116,H1,63.4235273037633,AX,54.8359482855879,L1,0.656927366015433,L2,0.25083776...
GetData ===>> H2,-0.12613756557474,H1,63.5443896360899,AX,54.860848042876,L1,0.675814723183919,L2,0.45017303670...
01:18:30 -- collecting point 25
GetData ===>> H2,-0.117710111906995,H1,63.4433151860123,AX,54.6841687380435,L1,0.68115756797403,L2,0.2532581277...
Get Checksum: -1097334291
GetData ===>> H2,-0.171563132512924,H1,63.4407080411489,AX,54.7655050757713,L1,0.711766014791595,L2,0.345975726...
GetData ===>> H2,-0.195953224799543,H1,63.4850050960273,AX,54.8381196031368,L1,0.683060144162193,L2,0.310965763...
GetData ===>> H2,-0.169964269040182,H1,63.2258645671543,AX,54.6522590068586,L1,0.680774366207802,L2,0.234661712...
Get Checksum: -1097334291
GetData ===>> H2,-0.143912058991272,H1,63.3916532329733,AX,54.6689890570063,L1,0.693449825594709,L2,0.315200067...
GetData ===>> H2,-0.178326215710259,H1,63.3567164828433,AX,54.6764746961333,L1,0.658866955203452,L2,0.298035745...
GetData ===>> H2,-0.183685694018803,H1,63.3229824051454,AX,54.5367976022922,L1,0.656666107510902,L2,0.424603544...
Get Checksum: -1097334291
GetData ===>> H2,-0.266532167074698,H1,63.2222085459969,AX,54.5839020878297,L1,0.654796970522048,L2,0.328257967...
GetData ===>> H2,-0.153729443653145,H1,63.3531981868322,AX,54.6067182256231,L1,0.651535461968165,L2,0.412400811...
GetData ===>> H2,-0.108354086640024,H1,63.2666682553465,AX,54.5330709898005,L1,0.706360737678489,L2,0.358044400...
Get Checksum: -1097334291
GetData ===>> H2,-0.197850851842419,H1,63.2944847823058,AX,54.442151979049,L1,0.709625184901283,L2,0.3103266398...
GetData ===>> H2,-0.316161864221957,H1,63.2902459931448,AX,54.4137973774455,L1,0.688036515909094,L2,0.365603795...
Get Checksum: -1097334291
GetData ===>> H2,-0.247692303017554,H1,63.3100438774254,AX,54.2941408348575,L1,0.694209726403545,L2,0.304837197...
GetData ===>> H2,-0.186886407754781,H1,63.1941234239162,AX,54.4124911429644,L1,0.690488976298625,L2,0.233817025...
GetData ===>> H2,-0.19126990330906,H1,63.2007328157427,AX,54.3427610815818,L1,0.710627828790142,L2,0.2957991325...
GetData ===>> H2,-0.21261907024865,H1,63.2151635382046,AX,54.5033511613537,L1,0.711485184427936,L2,0.3425848966...
GetData ===>> H2,-0.155460303259418,H1,63.2049967970777,AX,54.3354475494279,L1,0.668978243778989,L2,0.312266850...
Get Checksum: -1097334291
GetData ===>> H2,-0.153259187895959,H1,63.2923339722435,AX,54.4288349041461,L1,0.678843690331685,L2,0.258532906...
GetData ===>> H2,-0.171793835951934,H1,63.2927264532124,AX,54.379691336776,L1,0.644873120635554,L2,0.3595516640...
GetData ===>> H2,-0.164309093451228,H1,63.2466728687993,AX,54.3784151388359,L1,0.69535589080805,L2,0.3022352426...
Get Checksum: -1097334291
GetData ===>> H2,-0.192340237670293,H1,63.0766697503018,AX,54.3020303225214,L1,0.699270174859959,L2,0.364907209...
GetData ===>> H2,-0.181524396989995,H1,63.0968106720051,AX,54.4507190105431,L1,0.684283235251366,L2,0.222391654...
GetData ===>> H2,-0.115266319520211,H1,63.0778304362565,AX,54.3288761212433,L1,0.692728467782668,L2,0.278181922...
Get Checksum: -1097334291
GetData ===>> H2,-0.168644530703941,H1,63.2090759507883,AX,54.2955199761498,L1,0.698794829043099,L2,0.355874895...
GetData ===>> H2,-0.302837950359956,H1,63.1669357806498,AX,54.1819319447391,L1,0.691050045366851,L2,0.325096057...
01:18:56 -- collecting point 50
GetData ===>> H2,-0.165436304753185,H1,63.2159951119369,AX,54.1190959663474,L1,0.654096750410131,L2,0.352232521...
Get Checksum: -1097334291
GetData ===>> H2,-0.110394756879099,H1,63.063636263446,AX,54.0242872913991,L1,0.64821923982272,L2,0.31295164050...
GetData ===>> H2,-0.164812640022799,H1,63.149467699406,AX,54.0662477662713,L1,0.656564461449776,L2,0.3052708630...
GetData ===>> H2,-0.146211513343951,H1,63.229018555353,AX,54.1558242559098,L1,0.692419329726113,L2,0.3144924352...
Get Checksum: -1097334291
GetData ===>> H2,-0.128205940549953,H1,63.0666788633232,AX,54.0349872757031,L1,0.712547657708523,L2,0.271907144...
GetData ===>> H2,-0.15905089265258,H1,63.0387021412269,AX,54.1053589931876,L1,0.712140052818922,L2,0.3000099428...
GetData ===>> H2,-0.212149016272466,H1,63.1466115040374,AX,54.2796063633263,L1,0.690197281976619,L2,0.314515262...
Get Checksum: -1097334291
GetData ===>> H2,-0.198649189708058,H1,63.1923337644333,AX,53.9931410547708,L1,0.680233691266868,L2,0.364119274...
GetData ===>> H2,-0.164735691995257,H1,63.0391725526462,AX,54.0061498090271,L1,0.663192080035581,L2,0.377983306...
Get Checksum: -1097334291
GetData ===>> H2,-0.088124690324533,H1,62.9920704329635,AX,54.0512316708654,L1,0.684698821213235,L2,0.256443511...
GetData ===>> H2,-0.148255231476426,H1,63.0885751096614,AX,54.0524767668019,L1,0.67764975208174,L2,0.2924785427...
GetData ===>> H2,-0.1954635934643,H1,63.0885437370756,AX,53.923260820432,L1,0.683649343536507,L2,0.297933043122...
Get Checksum: -1097334291
GetData ===>> H2,-0.0839198773969198,H1,63.1148993439591,AX,54.0907547256207,L1,0.649770064476366,L2,0.20834294...
GetData ===>> H2,-0.0972391460795096,H1,63.1584290221561,AX,53.952612251398,L1,0.665821980885624,L2,0.259731760...
GetData ===>> H2,-0.203349070757095,H1,63.0576767355143,AX,53.9819113569913,L1,0.709914662021202,L2,0.240026790...
Get Checksum: -1097334291
testing age>100.0
evaluate ot="age>100.0" t="age>100.0", ctx="{'age': 7.064531523943548}"
testing Ar39<0.5
evaluate ot="Ar39<0.5" t="Ar39<0.5", ctx="{'Ar39': 55.78832493199623}"
GetData ===>> H2,-0.109126102162943,H1,62.9249351274291,AX,54.0154108563275,L1,0.695620408194829,L2,0.332869749...
GetData ===>> H2,-0.235390769816428,H1,63.054069783893,AX,53.9269626876119,L1,0.688267340293175,L2,0.1829897196...
GetData ===>> H2,-0.331931120351335,H1,63.1271219785191,AX,53.9171455773416,L1,0.681757821744886,L2,0.248097802...
Get Checksum: -1097334291
GetData ===>> H2,-0.234878160132019,H1,63.1740147015527,AX,53.8877457539338,L1,0.680066286141231,L2,0.374088841...
GetData ===>> H2,-0.136902737721252,H1,62.9072200053003,AX,53.6782094198461,L1,0.692329942118519,L2,0.331477059...
testing age>100.0
evaluate ot="age>100.0" t="age>100.0", ctx="{'age': 7.090668830651487}"
testing Ar39<0.5
evaluate ot="Ar39<0.5" t="Ar39<0.5", ctx="{'Ar39': 55.772043488967306}"
GetData ===>> H2,-0.186817628226204,H1,62.9823610604533,AX,53.6548866601754,L1,0.687990599840612,L2,0.261183930...
Get Checksum: -1097334291
GetData ===>> H2,-0.231446708926099,H1,62.8835513086202,AX,53.7648796105361,L1,0.704376234861897,L2,0.308123977...
GetData ===>> H2,-0.245776548283151,H1,62.8958396897948,AX,53.9241640658557,L1,0.676208031766097,L2,0.350862385...
GetData ===>> H2,-0.229311954992296,H1,62.9114212521101,AX,53.7637252627938,L1,0.672012679486198,L2,0.281399331...
Get Checksum: -1097334291
GetData ===>> H2,-0.131933038565299,H1,62.90663999296,AX,53.7899967293006,L1,0.663977758333508,L2,0.17819823567...
testing age>100.0
evaluate ot="age>100.0" t="age>100.0", ctx="{'age': 7.095004700415041}"
testing Ar39<0.5
evaluate ot="Ar39<0.5" t="Ar39<0.5", ctx="{'Ar39': 55.75821829983985}"
01:19:22 -- collecting point 75
GetData ===>> H2,-0.172473776649898,H1,62.9417431829545,AX,53.7956661745275,L1,0.693822319064797,L2,0.348122172...
GetData ===>> H2,-0.158193199119275,H1,62.9085681519709,AX,53.7555859357595,L1,0.691562730033899,L2,0.441013413...
Get Checksum: -1097334291
GetData ===>> H2,-0.262080450869299,H1,62.7750518748206,AX,53.7511909209066,L1,0.684373794360987,L2,0.232173332...
GetData ===>> H2,-0.185456786525489,H1,62.8639769089875,AX,53.7540913172997,L1,0.67033104388716,L2,0.2725117871...
GetData ===>> H2,-0.164959784795794,H1,62.7003193254672,AX,53.607470318731,L1,0.658149785249241,L2,0.3511478290...
Get Checksum: -1097334291
testing age>100.0
evaluate ot="age>100.0" t="age>100.0", ctx="{'age': 7.094185474498933}"
testing Ar39<0.5
evaluate ot="Ar39<0.5" t="Ar39<0.5", ctx="{'Ar39': 55.73669642518501}"
GetData ===>> H2,-0.164579094395521,H1,62.7674043297254,AX,53.5673913758761,L1,0.662850068275041,L2,0.329799008...
GetData ===>> H2,-0.245535710606285,H1,62.8070259375541,AX,53.6922555045478,L1,0.684244778881425,L2,0.259663253...
Get Checksum: -1097334291
GetData ===>> H2,-0.164093088063347,H1,62.9411630183937,AX,53.7165327789976,L1,0.663385396005103,L2,0.225884181...
GetData ===>> H2,-0.116969993325998,H1,62.7957714346948,AX,53.367898946181,L1,0.651051031828151,L2,0.3043464722...
GetData ===>> H2,-0.171664318810284,H1,62.8616262962978,AX,53.5405218952236,L1,0.676070310035324,L2,0.266876210...
Get Checksum: -1097334291
testing age>100.0
evaluate ot="age>100.0" t="age>100.0", ctx="{'age': 7.090399853383076}"
testing Ar39<0.5
evaluate ot="Ar39<0.5" t="Ar39<0.5", ctx="{'Ar39': 55.730607532624674}"
GetData ===>> H2,-0.152747019347618,H1,62.89124708647,AX,53.5457593345175,L1,0.655707946909794,L2,0.47100299148...
GetData ===>> H2,-0.17433599421516,H1,62.8636164789816,AX,53.60497055243,L1,0.704884122321639,L2,0.328942871844...
GetData ===>> H2,-0.218505475480548,H1,62.8440920511364,AX,53.5434956683814,L1,0.710759533913307,L2,0.393734092...
Get Checksum: -1097334291
GetData ===>> H2,-0.192334845811336,H1,62.8174191821046,AX,53.492374441857,L1,0.681028592342022,L2,0.2121659052...
GetData ===>> H2,-0.171571227449982,H1,62.6725835237603,AX,53.4899490736314,L1,0.645899628144627,L2,0.319708494...
testing age>100.0
evaluate ot="age>100.0" t="age>100.0", ctx="{'age': 7.099760395861111}"
testing Ar39<0.5
evaluate ot="Ar39<0.5" t="Ar39<0.5", ctx="{'Ar39': 55.714710227279625}"
GetData ===>> H2,-0.207194078505272,H1,62.6613092075322,AX,53.4498486375434,L1,0.681033552913708,L2,0.282631559...
Get Checksum: -1097334291
GetData ===>> H2,-0.130868496138071,H1,62.8017747613418,AX,53.2860601997247,L1,0.654340892598982,L2,0.298674787...
GetData ===>> H2,-0.149928563771625,H1,62.7208234626806,AX,53.4351838682989,L1,0.632979560731943,L2,0.321888594...
GetData ===>> H2,-0.0598076031970164,H1,62.7054254807476,AX,53.3986625279343,L1,0.637186824310945,L2,0.21834002...
Get Checksum: -1097334291
GetData ===>> H2,-0.233673906759865,H1,62.6885414660385,AX,53.4114607702464,L1,0.664374337739175,L2,0.209598226...
testing age>100.0
evaluate ot="age>100.0" t="age>100.0", ctx="{'age': 7.100736216553968}"
testing Ar39<0.5
evaluate ot="Ar39<0.5" t="Ar39<0.5", ctx="{'Ar39': 55.70824321562223}"
GetData ===>> H2,-0.225418288173287,H1,62.7040314493467,AX,53.1545579220995,L1,0.670906440232327,L2,0.337778572...
GetData ===>> H2,-0.246155958111817,H1,62.6171018025286,AX,53.3294779683345,L1,0.690671444559813,L2,0.278809422...
Get Checksum: -1097334291
GetData ===>> H2,-0.260985739934135,H1,62.6455737580907,AX,53.3205360343223,L1,0.661241772451117,L2,0.267149995...
GetData ===>> H2,-0.178187202537897,H1,62.5070755935201,AX,53.3638508969152,L1,0.671160666424323,L2,0.238930920...
GetData ===>> H2,-0.168676918761011,H1,62.5522210684308,AX,53.2402501041454,L1,0.663359372492251,L2,0.242994834...
Get Checksum: -1097334291
testing age>100.0
evaluate ot="age>100.0" t="age>100.0", ctx="{'age': 7.1030893447674}"
testing Ar39<0.5
evaluate ot="Ar39<0.5" t="Ar39<0.5", ctx="{'Ar39': 55.704764892621746}"
01:19:48 -- collecting point 100
GetData ===>> H2,-0.18498200444609,H1,62.5634942038709,AX,53.3116390804664,L1,0.658999494616459,L2,0.2906756590...
GetData ===>> H2,-0.286354426191721,H1,62.6599626177488,AX,53.1604959139449,L1,0.641900659392167,L2,0.363468376...
GetData ===>> H2,-0.284957432918941,H1,62.5402131117711,AX,53.229867260171,L1,0.607469951179149,L2,0.3388973628...
Get Checksum: -1097334291
GetData ===>> H2,-0.126763525359976,H1,62.5530508634753,AX,53.0496412633011,L1,0.60120737711338,L2,0.3100869694...
GetData ===>> H2,-0.132923095123595,H1,62.5211310163755,AX,53.1406003304703,L1,0.63104854481504,L2,0.2135695985...
testing age>100.0
evaluate ot="age>100.0" t="age>100.0", ctx="{'age': 7.11102456675806}"
testing Ar39<0.5
evaluate ot="Ar39<0.5" t="Ar39<0.5", ctx="{'Ar39': 55.70250013752512}"
GetData ===>> H2,-0.129011558464043,H1,62.4566574879396,AX,53.2083215724827,L1,0.637402111725566,L2,0.229821985...
Get Checksum: -1097334291
GetData ===>> H2,-0.12439875748465,H1,62.6114941407984,AX,53.3286798190902,L1,0.653066954826818,L2,0.2353465996...
GetData ===>> H2,-0.129089954469379,H1,62.6458555704672,AX,53.0421885627637,L1,0.695107523788676,L2,0.312175545...
Get Checksum: -1097334291
GetData ===>> H2,-0.199465000442779,H1,62.5635724929158,AX,53.2044086040795,L1,0.685109461246225,L2,0.194935248...
GetData ===>> H2,-0.162059735543115,H1,62.5972880912291,AX,53.0987812791314,L1,0.684940737097484,L2,0.318133374...
testing age>100.0
evaluate ot="age>100.0" t="age>100.0", ctx="{'age': 7.116751021722746}"
testing Ar39<0.5
evaluate ot="Ar39<0.5" t="Ar39<0.5", ctx="{'Ar39': 55.6870670743454}"
GetData ===>> H2,-0.211194032688422,H1,62.5796227322252,AX,53.0423361366403,L1,0.655412955341679,L2,0.270024791...
Get Checksum: -1097334291
GetData ===>> H2,-0.217582459413063,H1,62.4967462860932,AX,53.0134445243707,L1,0.658930127984016,L2,0.320073743...
GetData ===>> H2,-0.150109522765348,H1,62.5915716468777,AX,53.1080387297063,L1,0.68187936494478,L2,0.2725231955...
GetData ===>> H2,-0.171691301670251,H1,62.5212562384829,AX,53.1874144653018,L1,0.654093032553093,L2,0.303524798...
Get Checksum: -1097334291
GetData ===>> H2,-0.0866311945639858,H1,62.3251591079173,AX,53.1651194727809,L1,0.658437142746842,L2,0.25918371...
testing age>100.0
evaluate ot="age>100.0" t="age>100.0", ctx="{'age': 7.1180100995573214}"
testing Ar39<0.5
evaluate ot="Ar39<0.5" t="Ar39<0.5", ctx="{'Ar39': 55.670821965489864}"
GetData ===>> H2,-0.0569079877436506,H1,62.3654558985195,AX,53.0539655109638,L1,0.668747628127987,L2,0.21717592...
GetData ===>> H2,-0.0875649589872706,H1,62.411352362644,AX,52.9463273055497,L1,0.672751891437374,L2,0.370297314...
Get Checksum: -1097334291
GetData ===>> H2,-0.0471132756312901,H1,62.4239520506262,AX,52.8213250278042,L1,0.689386787023637,L2,0.25874984...
GetData ===>> H2,-0.116220354215843,H1,62.3728095201235,AX,53.0787332232193,L1,0.691079837489825,L2,0.296974489...
GetData ===>> H2,-0.19189944472122,H1,62.3791621291056,AX,52.9301399560207,L1,0.671331807553913,L2,0.2750444822...
Get Checksum: -1097334291
testing age>100.0
evaluate ot="age>100.0" t="age>100.0", ctx="{'age': 7.121499403184853}"
testing Ar39<0.5
evaluate ot="Ar39<0.5" t="Ar39<0.5", ctx="{'Ar39': 55.66257068355644}"
GetData ===>> H2,-0.272399670591731,H1,62.4101002857816,AX,52.8951016678163,L1,0.668405433678418,L2,0.289477558...
measurement finished
estimated time: 125.829 actual time: :126.157
flush and close file /Users/jan/PychronDev/data/isotopes/10/4630b7-0679-4962-89f8-572fc0deaa0b.h5
baselines () {'settling_time': 15.0, 'detector': 'H1', 'mass': 34.2, 'ncounts': 60.0}
%%%%%%%%%%%%%%%%%%%%%%%%%%%%%%%% Baseline
build tables- baseline [Detector(H2), Detector(H1), Detector(AX), Detector(L1), Detector(L2), Detector(CDD)]
add group baseline table H2
add group baseline table H1
add group baseline table AX
add group baseline table L1
add group baseline table L2
add group baseline table CDD
flush and close file /Users/jan/PychronDev/data/isotopes/10/4630b7-0679-4962-89f8-572fc0deaa0b.h5
detector Detector(H1)
POSITION 34.2 H1
Mapping mass to dac mass func: "parabolic"
H1 map mass coeffs = [-0.00063987  0.15840543  0.57047999]
H1 map mass to dac 34.2 >> 5.23952599104
GetDeflection H1 ===>> 0
GetHighVoltage ===>> 4499.94659342336
positioning 34.2 (5.23949513597) on H1
setting magnet DAC
current  : 5.878835
requested: 5.239495
Delta Dac: 0.639340
Checking detector protection. dv=0.63934
Checking detector "CDD". Protection Threshold: 0.1 (V)
ProtectDetector CDD,On ===>> OK
GetDeflection CDD ===>> 2000
SetMagnetDAC 5.23949513597 ===>> OK
Magnet settling time: 0.500
GetMagnetMoving ===>> True
GetMagnetMoving ===>> True
GetMagnetMoving ===>> True
Get Checksum: -1097334291
GetMagnetMoving ===>> True
GetMagnetMoving ===>> True
GetMagnetMoving ===>> True
GetMagnetMoving ===>> True
GetMagnetMoving ===>> True
GetMagnetMoving ===>> False
ProtectDetector CDD,Off ===>> OK
GetDeflection CDD ===>> 50
Delaying 15.0s for detectors to settle
Get Checksum: -1097334291
Get Checksum: -1097334291
Get Checksum: -1097334291
Get Checksum: -1097334291
Join finished
measuring baseline. ncounts=60.0
starting measurement
GetData ===>> H2,-0.276706297384048,H1,0.000892061808222167,AX,-0.0837559823909616,L1,-0.0624180236264569,L2,0....
Get Checksum: -1097334291
GetData ===>> H2,-0.100129914333578,H1,-0.0197901491795214,AX,-0.129250826983748,L1,-0.0360899755057821,L2,-0.0...
GetData ===>> H2,-0.136432230936322,H1,-0.0692955899531221,AX,-0.0938394564297258,L1,0.0074873773672472,L2,-0.0...
GetData ===>> H2,-0.188425071872387,H1,-0.0558008698648081,AX,-0.104547657030511,L1,-0.0244600575118025,L2,0.01...
Get Checksum: -1097334291
GetData ===>> H2,-0.242584695614158,H1,-0.05468020173216,AX,0.0307821414773421,L1,-0.0521978059422684,L2,0.0432...
GetData ===>> H2,-0.138798087520871,H1,0.0262318054840229,AX,-0.0264805743307414,L1,-0.0550140891611802,L2,-0.1...
GetData ===>> H2,0.0033501667548699,H1,0.00526998663807916,AX,-0.0967484024094162,L1,-0.0499832236690241,L2,-0....
Get Checksum: -1097334291
GetData ===>> H2,-0.0638479307683946,H1,-0.000789869300299295,AX,-0.111720565116365,L1,-0.0563643649244738,L2,0...
GetData ===>> H2,-0.173994411289046,H1,-0.0335878405576693,AX,-0.0462293253175829,L1,-0.0187359659495286,L2,-0....
Get Checksum: -1097334291
GetData ===>> H2,-0.277070256887739,H1,-0.0242862350659621,AX,-0.102844158497117,L1,-0.025395981246204,L2,0.000...
GetData ===>> H2,-0.208775906842386,H1,-0.0176195526709886,AX,1.20055939657129E-05,L1,-0.0627338289349842,L2,-0...
GetData ===>> H2,-0.1846636734919,H1,-0.0374274820233332,AX,-0.0747263297116288,L1,-0.0586144211336165,L2,0.010...
Get Checksum: -1097334291
GetData ===>> H2,-0.19476092284378,H1,-0.00195885441673911,AX,0.040217015819425,L1,-0.0535794292112119,L2,0.005...
GetData ===>> H2,-0.301743465196119,H1,0.0745080361397089,AX,-0.0816348427516319,L1,-0.0481642928502357,L2,0.00...
GetData ===>> H2,-0.21393350141906,H1,-0.107707430052106,AX,-0.0561775597583511,L1,-0.0232651601883711,L2,-0.00...
Get Checksum: -1097334291
GetData ===>> H2,-0.177614936166851,H1,-0.0508769897190174,AX,-0.0496846548808575,L1,-0.0107285104063697,L2,-0....
GetData ===>> H2,-0.148923783686429,H1,-0.0986152984178144,AX,-0.0594818182265234,L1,-0.00439282451537948,L2,0....
GetData ===>> H2,-0.175497029115702,H1,-0.0466682512138437,AX,0.0608093659231495,L1,-0.000373239771865989,L2,-0...
Get Checksum: -1097334291
GetData ===>> H2,-0.169126293497675,H1,0.00893232151553138,AX,0.00179854238300603,L1,-0.0292573933013085,L2,0.0...
GetData ===>> H2,-0.144043121504494,H1,-0.0950163496491683,AX,-0.0616498145778379,L1,0.00745138114557845,L2,0.0...
GetData ===>> H2,-0.146564091143309,H1,-0.0827527342359023,AX,-0.142745107864131,L1,0.0231459230283659,L2,-0.08...
Get Checksum: -1097334291
GetData ===>> H2,-0.155218458199575,H1,-0.046262867621638,AX,-0.072187675675527,L1,0.0120827512146885,L2,-0.117...
GetData ===>> H2,-0.229361761539649,H1,-0.0268025238980173,AX,-0.0815537053444544,L1,-0.000727267639735933,L2,0...
GetData ===>> H2,-0.265397556344716,H1,-0.0483374604685281,AX,-0.134500858388468,L1,-0.0253492470436659,L2,-0.0...
Get Checksum: -1097334291
01:20:54 -- collecting point 25
GetData ===>> H2,-0.2977361518282,H1,-0.054894798729088,AX,-0.116552419929641,L1,-0.0159284724240346,L2,-0.0762...
GetData ===>> H2,-0.204458367676554,H1,-0.0290206217811172,AX,-0.0217486284363279,L1,-0.0072355618029843,L2,-0....
GetData ===>> H2,-0.210414092045103,H1,-0.0211497296096262,AX,0.00920025839984377,L1,-0.0230961612456995,L2,0.0...
Get Checksum: -1097334291
GetData ===>> H2,-0.239500982803512,H1,-0.0348995358850466,AX,-0.0338679808723329,L1,-0.0439220325657861,L2,0.0...
GetData ===>> H2,-0.196882521873528,H1,-0.0808695581220541,AX,-0.0903509244478427,L1,-0.0575277548078899,L2,-0....
GetData ===>> H2,-0.229046765084044,H1,-0.151167774926963,AX,-0.139521701106337,L1,-0.0103016994455465,L2,-0.02...
Get Checksum: -1097334291
GetData ===>> H2,-0.292167550672636,H1,-0.0324192247854736,AX,-0.156866544509318,L1,-0.035892268553472,L2,-0.08...
GetData ===>> H2,-0.204878874644502,H1,-0.0496251171564708,AX,-0.0850077808084078,L1,-0.00418408558831384,L2,0....
Get Checksum: -1097334291
GetData ===>> H2,-0.243065145964659,H1,-0.0586382500878056,AX,-0.029600285366942,L1,-0.00918902848184423,L2,0.0...
GetData ===>> H2,-0.143137813449927,H1,-0.0254310947004786,AX,0.0377102441459621,L1,-0.0405954415598599,L2,0.00...
GetData ===>> H2,-0.188603063338459,H1,-0.130719574724058,AX,-0.0933758713464335,L1,-0.0702886614889659,L2,-0.0...
Get Checksum: -1097334291
GetData ===>> H2,-0.206478545144408,H1,-0.0775083582409185,AX,-0.0777169878480383,L1,-0.0449827655726215,L2,-0....
GetData ===>> H2,-0.312715194661995,H1,-0.0402653832138221,AX,-0.0964934385102262,L1,-0.00500821926774603,L2,0....
GetData ===>> H2,-0.31829639249053,H1,-0.0517354075682651,AX,-0.0738917110353921,L1,-0.0214911290505176,L2,-0.0...
Get Checksum: -1097334291
GetData ===>> H2,-0.315976816949328,H1,0.000569987706122843,AX,-0.0822143936923168,L1,-0.0293783754311965,L2,-0...
GetData ===>> H2,-0.312218894614765,H1,-0.0138030051046066,AX,-0.0839530258024803,L1,-0.0338979912959916,L2,0.0...
GetData ===>> H2,-0.258998587049386,H1,0.0558626244782758,AX,0.0404723387782662,L1,-0.0238452484332491,L2,-0.05...
Get Checksum: -1097334291
GetData ===>> H2,-0.118382536138269,H1,-0.0519500108800528,AX,-0.11443199520891,L1,-0.0220881014818478,L2,-0.06...
GetData ===>> H2,-0.113348534956676,H1,-0.0613921010175876,AX,-0.142188556053523,L1,-0.0350366918288261,L2,0.02...
GetData ===>> H2,-0.170678051167956,H1,-0.140616310203634,AX,-0.177210329906373,L1,-0.0251431346365283,L2,-0.01...
Get Checksum: -1097334291
GetData ===>> H2,-0.197345118812952,H1,-0.0688426165004195,AX,-0.0406286480265148,L1,-0.0399067547338972,L2,-0....
GetData ===>> H2,-0.137343482122629,H1,-0.0357461664672652,AX,-0.0919155638959651,L1,-0.0290202161891883,L2,-0....
GetData ===>> H2,-0.193709686655699,H1,-0.00571621411638008,AX,-0.0911042725081953,L1,-0.0366806767493202,L2,-0...
Get Checksum: -1097334291
GetData ===>> H2,-0.157721777709604,H1,0.00863408076503554,AX,-0.0240102489256629,L1,-0.0435748157212806,L2,-0....
GetData ===>> H2,-0.0759433407711219,H1,-0.0099624572183153,AX,-0.0809509682015805,L1,-0.00484867609200745,L2,0...
01:21:20 -- collecting point 50
GetData ===>> H2,-0.178273579855455,H1,-0.010236786954265,AX,-0.0559920542023116,L1,-0.00584547959703635,L2,-0....
Get Checksum: -1097334291
GetData ===>> H2,-0.132185971065573,H1,-0.0544656042750667,AX,-0.182286918833531,L1,-0.026962050612383,L2,0.025...
GetData ===>> H2,-0.111466977794281,H1,-0.017345243168587,AX,0.0048264490920098,L1,-0.0456076596888359,L2,-0.05...
GetData ===>> H2,-0.115554568240342,H1,0.0108530132359121,AX,0.0298421856306555,L1,-0.0353985833073785,L2,-0.13...
Get Checksum: -1097334291
GetData ===>> H2,-0.307608965593887,H1,-0.0360800469813015,AX,-0.109669561383234,L1,-0.0232172175144068,L2,-0.0...
GetData ===>> H2,-0.254222798235459,H1,0.0144439705241474,AX,-0.0360829338462887,L1,-0.0249753656054667,L2,-0.1...
Get Checksum: -1097334291
GetData ===>> H2,-0.217845223485638,H1,-0.0150911061777002,AX,-0.141318937474211,L1,-0.0433700718897474,L2,-0.0...
GetData ===>> H2,-0.207028337518089,H1,-0.127869610284281,AX,-0.0607455225062446,L1,0.00628757262009116,L2,-0.0...
GetData ===>> H2,-0.184631300351048,H1,-0.0507816095035139,AX,-0.18399064613477,L1,-0.0362804894354512,L2,0.037...
Get Checksum: -1097334291
GetData ===>> H2,-0.0353626734305496,H1,-0.0535356766433679,AX,-0.0243465879966697,L1,-0.0660778845770045,L2,-0...
GetData ===>> H2,-0.0660092267913078,H1,-0.0835274482969826,AX,0.0168113871448281,L1,-0.049063029436994,L2,0.04...
measurement finished
estimated time: 62.915 actual time: :63.115
flush and close file /Users/jan/PychronDev/data/isotopes/10/4630b7-0679-4962-89f8-572fc0deaa0b.h5
activate_detectors ('H1', 'AX', 'CDD') {'peak_center': True}
peak_center () {'detector': 'H1', 'isotope': 'Ar40'}
peak center: mean=62.4297565526 threshold=3
peak center started
setup peak center. detector=['H1', 'AX', 'CDD'], isotope=Ar40
VersionedUnpickler [<apptools.sweet_pickle.versioned_unpickler.VersionedUnpickler object at 0x14bb2fd70>] using Updater [<apptools.sweet_pickle.updater.Updater object at 0x12ce00cb0>]
VersionedUnpickler [<apptools.sweet_pickle.versioned_unpickler.VersionedUnpickler object at 0x14bb2fd70>] using Updater [<apptools.sweet_pickle.updater.Updater object at 0x12ce00cb0>]
VersionedUnpickler [<apptools.sweet_pickle.versioned_unpickler.VersionedUnpickler object at 0x14bb2fd70>] using Updater [<apptools.sweet_pickle.updater.Updater object at 0x12ce00cb0>]
setting integration time = 0.524288
SetIntegrationTime 0.524288 ===>> OK
Mapping mass to dac mass func: "parabolic"
H1 map mass coeffs = [-0.00063987  0.15840543  0.57047999]
H1 map mass to dac 39.9624 >> 5.87887
GetDeflection H1 ===>> 0
GetHighVoltage ===>> 4499.94659342336
do peak center. <pychron.spectrometer.jobs.peak_center.PeakCenter object at 0x12ce00b30>
doing pc
starting peak center. center dac= 5.87883537989 step_width=0.001
width = 0.001
get scan parameters. half-width=0.015,window=0.015, i=0, scalar=1
Scan parameters center=5.87884 width=0.03000 (5.86384 - 5.89384)
GetData ===>> H2,-0.233463990239164,H1,0.0101014338260931,AX,-0.0657074319585435,L1,-0.0134987448955606,L2,-0.0...
Moving to starting dac 5.86383537989
setting magnet DAC
current  : 5.239495
requested: 5.863835
Delta Dac: 0.624340
Checking detector protection. dv=0.62434
Checking detector "CDD". Protection Threshold: 0.1 (V)
ProtectDetector CDD,On ===>> OK
GetDeflection CDD ===>> 2000
SetMagnetDAC 5.86383537989 ===>> OK
Magnet settling time: 0.500
GetMagnetMoving ===>> True
Get Checksum: -1097334291
GetMagnetMoving ===>> True
GetMagnetMoving ===>> True
GetMagnetMoving ===>> True
GetMagnetMoving ===>> True
GetMagnetMoving ===>> True
GetMagnetMoving ===>> True
GetMagnetMoving ===>> True
GetMagnetMoving ===>> False
ProtectDetector CDD,Off ===>> OK
GetDeflection CDD ===>> 50
Wait until signal near baseline. tol= 0.00757607536957. timeout= 10
GetData ===>> H2,0.520142387653947,H1,0.317614683817236,AX,-0.0780995072582734,L1,0.0257017194669492,L2,0.06955...
GetData ===>> H2,3.68046898537879,H1,4.58457518343203,AX,0.24082700993845,L1,0.0144342466448475,L2,-0.023704350...
Get Checksum: -1097334291
GetData ===>> H2,4.32971557584214,H1,4.40679631764922,AX,1.3122699685888,L1,-0.0395929374332857,L2,-0.067294995...
GetData ===>> H2,2.2388532258443,H1,2.15463531090772,AX,0.599114057101162,L1,-0.0433652825104183,L2,-0.09930951...
GetData ===>> H2,0.867562935013895,H1,1.03827762616489,AX,0.180487048394737,L1,-0.035598696511228,L2,-0.0983540...
GetData ===>> H2,0.198330886922802,H1,0.41246872283327,AX,0.0545202514432483,L1,-0.0091566536705526,L2,-0.01862...
GetData ===>> H2,-0.119693445939911,H1,0.236812211593729,AX,0.104929150320096,L1,0.0083472768144794,L2,-0.15874...
GetData ===>> H2,-0.134123736285195,H1,0.122095841364733,AX,-0.0269212830704327,L1,0.0244504900914694,L2,-0.027...
Get Checksum: -1097334291
GetData ===>> H2,-0.163643513646086,H1,0.120212430826006,AX,0.0187606743696463,L1,-0.0100990777943419,L2,-0.106...
GetData ===>> H2,-0.138527308205616,H1,0.0652560999247377,AX,0.0462637075431575,L1,-0.0134915535820809,L2,-0.16...
GetData ===>> H2,-0.139224158629518,H1,0.0812885968649148,AX,-0.14857332429194,L1,0.00112701642949662,L2,0.0148...
GetData ===>> H2,-0.176232950060898,H1,0.031792136516118,AX,-0.12076995794018,L1,-0.0250150289007028,L2,0.06260...
GetData ===>> H2,-0.156072323850658,H1,0.0110796811495951,AX,0.0347973636944551,L1,-0.0331047152974098,L2,-0.05...
GetData ===>> H2,0.0147953137087548,H1,0.0454198329977508,AX,-0.0485599469807572,L1,-0.0213102698266689,L2,-0.1...
Get Checksum: -1097334291
GetData ===>> H2,-0.0411992215691738,H1,-0.00168450199298213,AX,0.0179252607795866,L1,-0.0395450255328224,L2,0....
Peak center baseline intensity achieved
_do_sweep sm= 5.86383537989, em= 5.89383537989, stm= 0.001
calculated step values: start=5.86383537989, end=5.89383537989, width=0.001, nsteps=31.0
setting magnet DAC
current  : 5.863835
requested: 5.863835
Delta Dac: 0.000000
Checking detector protection. dv=0.00000
Checking detector "CDD". Protection Threshold: 0.1 (V)
SetMagnetDAC 5.86383537989 ===>> OK
GetData ===>> H2,-0.0411992215691738,H1,-0.00168450199298213,AX,0.0179252607795866,L1,-0.0395450255328224,L2,0....
setting magnet DAC
current  : 5.863835
requested: 5.864870
Delta Dac: 0.001034
Checking detector protection. dv=0.00103
Checking detector "CDD". Protection Threshold: 0.1 (V)
SetMagnetDAC 5.86486986264 ===>> OK
Magnet settling time: 1.049
GetData ===>> H2,-0.103306059803976,H1,-0.0387272030607509,AX,-0.090455234527152,L1,-0.0298528692191201,L2,0.02...
setting magnet DAC
current  : 5.864870
requested: 5.865904
Delta Dac: 0.001034
Checking detector protection. dv=0.00103
Checking detector "CDD". Protection Threshold: 0.1 (V)
SetMagnetDAC 5.8659043454 ===>> OK
Magnet settling time: 1.049
GetData ===>> H2,-0.163281681040053,H1,0.317758008469826,AX,0.252806615933271,L1,-0.039041936787757,L2,-0.13491...
setting magnet DAC
current  : 5.865904
requested: 5.866939
Delta Dac: 0.001034
Checking detector protection. dv=0.00103
Checking detector "CDD". Protection Threshold: 0.1 (V)
SetMagnetDAC 5.86693882816 ===>> OK
Magnet settling time: 1.049
Get Checksum: -1097334291
GetData ===>> H2,-0.35040425237273,H1,1.45466900008568,AX,0.798505978058636,L1,-0.0472391444506492,L2,0.0407050...
setting magnet DAC
current  : 5.866939
requested: 5.867973
Delta Dac: 0.001034
Checking detector protection. dv=0.00103
Checking detector "CDD". Protection Threshold: 0.1 (V)
SetMagnetDAC 5.86797331092 ===>> OK
Magnet settling time: 1.049
GetData ===>> H2,-0.293374381643986,H1,5.13986020746138,AX,2.72430230146115,L1,-0.0475670851958456,L2,-0.071140...
setting magnet DAC
current  : 5.867973
requested: 5.869008
Delta Dac: 0.001034
Checking detector protection. dv=0.00103
Checking detector "CDD". Protection Threshold: 0.1 (V)
SetMagnetDAC 5.86900779368 ===>> OK
Magnet settling time: 1.049
GetData ===>> H2,-0.159452027822651,H1,13.3010078748751,AX,7.74829467324127,L1,-0.000601259147302015,L2,-0.0213...
setting magnet DAC
current  : 5.869008
requested: 5.870042
Delta Dac: 0.001034
Checking detector protection. dv=0.00103
Checking detector "CDD". Protection Threshold: 0.1 (V)
SetMagnetDAC 5.87004227644 ===>> OK
Magnet settling time: 1.049
Get Checksum: -1097334291
GetData ===>> H2,-0.119447239131636,H1,26.7838473952556,AX,17.1833810252166,L1,0.077730479150049,L2,0.027514431...
setting magnet DAC
current  : 5.870042
requested: 5.871077
Delta Dac: 0.001034
Checking detector protection. dv=0.00103
Checking detector "CDD". Protection Threshold: 0.1 (V)
SetMagnetDAC 5.8710767592 ===>> OK
Magnet settling time: 1.049
GetData ===>> H2,-0.157409737281355,H1,48.417049786446,AX,35.4876775962298,L1,0.242357378023209,L2,0.0304531121...
setting magnet DAC
current  : 5.871077
requested: 5.872111
Delta Dac: 0.001034
Checking detector protection. dv=0.00103
Checking detector "CDD". Protection Threshold: 0.1 (V)
SetMagnetDAC 5.87211124195 ===>> OK
Magnet settling time: 1.049
GetData ===>> H2,-0.178824663638101,H1,56.4127286633773,AX,44.2558428295572,L1,0.360376322079408,L2,0.215292860...
setting magnet DAC
current  : 5.872111
requested: 5.873146
Delta Dac: 0.001034
Checking detector protection. dv=0.00103
Checking detector "CDD". Protection Threshold: 0.1 (V)
SetMagnetDAC 5.87314572471 ===>> OK
Magnet settling time: 1.049
Get Checksum: -1097334291
GetData ===>> H2,-0.114221525746793,H1,59.5680945130546,AX,48.4346745465648,L1,0.469797635534026,L2,0.172756769...
setting magnet DAC
current  : 5.873146
requested: 5.874180
Delta Dac: 0.001034
Checking detector protection. dv=0.00103
Checking detector "CDD". Protection Threshold: 0.1 (V)
SetMagnetDAC 5.87418020747 ===>> OK
Magnet settling time: 1.049
GetData ===>> H2,-0.136160938459606,H1,60.7526916103472,AX,49.9707671936196,L1,0.559219509233616,L2,0.249787436...
setting magnet DAC
current  : 5.874180
requested: 5.875215
Delta Dac: 0.001034
Checking detector protection. dv=0.00103
Checking detector "CDD". Protection Threshold: 0.1 (V)
SetMagnetDAC 5.87521469023 ===>> OK
Magnet settling time: 1.049
Get Checksum: -1097334291
GetData ===>> H2,-0.15310513435425,H1,60.7584078489432,AX,50.4359425230162,L1,0.606843548977475,L2,0.4241305402...
setting magnet DAC
current  : 5.875215
requested: 5.876249
Delta Dac: 0.001034
Checking detector protection. dv=0.00103
Checking detector "CDD". Protection Threshold: 0.1 (V)
SetMagnetDAC 5.87624917299 ===>> OK
Magnet settling time: 1.049
GetData ===>> H2,-0.227748674209729,H1,60.9858935786638,AX,50.375586367957,L1,0.59845995416252,L2,0.26544830491...
setting magnet DAC
current  : 5.876249
requested: 5.877284
Delta Dac: 0.001034
Checking detector protection. dv=0.00103
Checking detector "CDD". Protection Threshold: 0.1 (V)
SetMagnetDAC 5.87728365575 ===>> OK
Magnet settling time: 1.049
GetData ===>> H2,-0.0818405823654529,H1,60.9217992626168,AX,50.3607485977888,L1,0.668699273881668,L2,0.28414071...
setting magnet DAC
current  : 5.877284
requested: 5.878318
Delta Dac: 0.001034
Checking detector protection. dv=0.00103
Checking detector "CDD". Protection Threshold: 0.1 (V)
SetMagnetDAC 5.87831813851 ===>> OK
Magnet settling time: 1.049
Get Checksum: -1097334291
GetData ===>> H2,-0.122298582019436,H1,60.8464198174247,AX,50.5548222876564,L1,0.695790599086132,L2,0.342520997...
setting magnet DAC
current  : 5.878318
requested: 5.879353
Delta Dac: 0.001034
Checking detector protection. dv=0.00103
Checking detector "CDD". Protection Threshold: 0.1 (V)
SetMagnetDAC 5.87935262127 ===>> OK
Magnet settling time: 1.049
GetData ===>> H2,-0.161909852492807,H1,60.7429062397139,AX,50.3788871398863,L1,0.666688432180041,L2,0.199316790...
setting magnet DAC
current  : 5.879353
requested: 5.880387
Delta Dac: 0.001034
Checking detector protection. dv=0.00103
Checking detector "CDD". Protection Threshold: 0.1 (V)
SetMagnetDAC 5.88038710402 ===>> OK
Magnet settling time: 1.049
GetData ===>> H2,-0.238138286639771,H1,60.9074912358652,AX,50.6701920914661,L1,0.626985919078143,L2,0.289338768...
setting magnet DAC
current  : 5.880387
requested: 5.881422
Delta Dac: 0.001034
Checking detector protection. dv=0.00103
Checking detector "CDD". Protection Threshold: 0.1 (V)
SetMagnetDAC 5.88142158678 ===>> OK
Magnet settling time: 1.049
Get Checksum: -1097334291
GetData ===>> H2,-0.174358240203752,H1,60.9250654450652,AX,50.4084285992604,L1,0.609810041265356,L2,0.163631315...
setting magnet DAC
current  : 5.881422
requested: 5.882456
Delta Dac: 0.001034
Checking detector protection. dv=0.00103
Checking detector "CDD". Protection Threshold: 0.1 (V)
SetMagnetDAC 5.88245606954 ===>> OK
Magnet settling time: 1.049
GetData ===>> H2,-0.190176981132571,H1,60.7133182016006,AX,50.233153720767,L1,0.566248900468603,L2,0.2102715224...
setting magnet DAC
current  : 5.882456
requested: 5.883491
Delta Dac: 0.001034
Checking detector protection. dv=0.00103
Checking detector "CDD". Protection Threshold: 0.1 (V)
SetMagnetDAC 5.8834905523 ===>> OK
Magnet settling time: 1.049
GetData ===>> H2,-0.21486401552765,H1,60.4486612521258,AX,49.5638215536564,L1,0.619058292305466,L2,0.1911472022...
setting magnet DAC
current  : 5.883491
requested: 5.884525
Delta Dac: 0.001034
Checking detector protection. dv=0.00103
Checking detector "CDD". Protection Threshold: 0.1 (V)
SetMagnetDAC 5.88452503506 ===>> OK
Magnet settling time: 1.049
Get Checksum: -1097334291
GetData ===>> H2,-0.234383103555502,H1,58.1631001857223,AX,46.4247545673886,L1,0.586212450860739,L2,0.272149799...
setting magnet DAC
current  : 5.884525
requested: 5.885560
Delta Dac: 0.001034
Checking detector protection. dv=0.00103
Checking detector "CDD". Protection Threshold: 0.1 (V)
SetMagnetDAC 5.88555951782 ===>> OK
Magnet settling time: 1.049
GetData ===>> H2,-0.253125680911828,H1,52.1117660608755,AX,38.3821654167399,L1,0.50979763997308,L2,0.2153385097...
setting magnet DAC
current  : 5.885560
requested: 5.886594
Delta Dac: 0.001034
Checking detector protection. dv=0.00103
Checking detector "CDD". Protection Threshold: 0.1 (V)
SetMagnetDAC 5.88659400058 ===>> OK
Magnet settling time: 1.049
GetData ===>> H2,-0.214363082572136,H1,39.5693887345792,AX,25.473641107825,L1,0.40254641292282,L2,0.12640847545...
setting magnet DAC
current  : 5.886594
Get Checksum: -1097334291
requested: 5.887628
Delta Dac: 0.001034
Checking detector protection. dv=0.00103
Checking detector "CDD". Protection Threshold: 0.1 (V)
SetMagnetDAC 5.88762848333 ===>> OK
Magnet settling time: 1.049
GetData ===>> H2,-0.176073814083299,H1,23.4867661245542,AX,12.7533358189832,L1,0.242274923287965,L2,0.066681478...
setting magnet DAC
current  : 5.887628
requested: 5.888663
Delta Dac: 0.001034
Checking detector protection. dv=0.00103
Checking detector "CDD". Protection Threshold: 0.1 (V)
SetMagnetDAC 5.88866296609 ===>> OK
Magnet settling time: 1.049
GetData ===>> H2,-0.227767504613028,H1,10.5452947325824,AX,4.8370162810881,L1,0.132294798259094,L2,-0.149061517...
setting magnet DAC
current  : 5.888663
requested: 5.889697
Delta Dac: 0.001034
Checking detector protection. dv=0.00103
Checking detector "CDD". Protection Threshold: 0.1 (V)
SetMagnetDAC 5.88969744885 ===>> OK
Magnet settling time: 1.049
GetData ===>> H2,-0.180116253606997,H1,3.69545117823467,AX,1.38361663603313,L1,0.0880332702515141,L2,0.06588385...
setting magnet DAC
current  : 5.889697
requested: 5.890732
Delta Dac: 0.001034
Checking detector protection. dv=0.00103
Checking detector "CDD". Protection Threshold: 0.1 (V)
SetMagnetDAC 5.89073193161 ===>> OK
Magnet settling time: 1.049
GetData ===>> H2,-0.229817140890123,H1,1.08234101274232,AX,0.189164419294896,L1,0.0462208864104299,L2,-0.046128...
setting magnet DAC
current  : 5.890732
requested: 5.891766
Delta Dac: 0.001034
Checking detector protection. dv=0.00103
Checking detector "CDD". Protection Threshold: 0.1 (V)
SetMagnetDAC 5.89176641437 ===>> OK
Magnet settling time: 1.049
Get Checksum: -1097334291
GetData ===>> H2,-0.261313841494006,H1,0.184172840873065,AX,-0.0257383235215182,L1,0.0455315558946535,L2,-0.037...
setting magnet DAC
current  : 5.891766
requested: 5.892801
Delta Dac: 0.001034
Checking detector protection. dv=0.00103
Checking detector "CDD". Protection Threshold: 0.1 (V)
SetMagnetDAC 5.89280089713 ===>> OK
Magnet settling time: 1.049
GetData ===>> H2,-0.270266702728208,H1,-0.060617215560854,AX,-0.0976639490853527,L1,0.0316309588289985,L2,0.043...
setting magnet DAC
current  : 5.892801
requested: 5.893835
Delta Dac: 0.001034
Checking detector protection. dv=0.00103
Checking detector "CDD". Protection Threshold: 0.1 (V)
SetMagnetDAC 5.89383537989 ===>> OK
Magnet settling time: 1.049
GetData ===>> H2,-0.0749213111546447,H1,0.0392382136562343,AX,-0.0406750317707755,L1,-0.00766729977909219,L2,-0...
result of _do_sweep=True
result of _calculate_peak_center=([5.8708995081423545, 5.8785347786834361, 5.8861700492245177], [44.710358795578578, 60.983966895816714, 44.709501286136515], 5.8762802696653997, 60.983966895816714)
Failed to find a valid peak. No peak greater than 1.0. max = 0.040107845408
new center pos Detector(H1) (Ar40) @ 5.87853477868
GetHighVoltage ===>> 4499.94659342336
GetDeflection H1 ===>> 0
dac uncorrected for HV and deflection 5.87856939703
update mftable H1 Ar40 5.87856939703 message=automated run peakcenter
get initial guess parabolic
get initial guess parabolic
get initial guess parabolic
get initial guess parabolic
get initial guess parabolic
get initial guess parabolic
dump mftable to /Users/jan/PychronDev/setupfiles/spectrometer/mftables/mftable.csv
add to repo msg=modified - automated run peakcenter
sweep finished
Get Checksum: -1097334291
locally archiving mftable
setting magnet DAC
current  : 5.893835
requested: 5.878535
Delta Dac: 0.015301
Checking detector protection. dv=0.01530
Checking detector "CDD". Protection Threshold: 0.1 (V)
SetMagnetDAC 5.87853477868 ===>> OK
Magnet settling time: 0.500
setting integration time = 1.048576
SetIntegrationTime 1.048576 ===>> OK
Failed to find a valid peak. No peak greater than 1.0. max = 0.040107845408
flush and close file /Users/jan/PychronDev/data/isotopes/10/4630b7-0679-4962-89f8-572fc0deaa0b.h5
finished measure script
executed 278.04
jan_co2_whiff_120_60_large.py completed successfully
Measurement Finished
01:22:15 -- ******* Measurement Finished *******
Post Measurement Started jan_pump_ms.py
01:22:15 -- ******* Post Measurement Started jan_pump_ms.py *******
testing...
no interpolation path defined
executed 0
Pumping spectrometer
open () {'name': 'O'}
opening name=O desc=---
checking ownership. requestor=129.138.12.150
check software interlocks O
interlocks []
actuate state mode=None-script, software_lock=False
doing actuation None-script open_channel True
Open O ===>> OK
GetIndicatorState O ===>> OK
change switch state (True, True)
update switch state O True args=() kw={} ncanvase=2
01:22:15 -- OPEN   VALVE-O (Jan Ion Pump)
---------------------------------------- open O () result=[(True, True)], time=0.11 sec
action=open, ok=True, locked=[False]
executed 0
jan_pump_ms.py completed successfully
setting _ms_pumptime
Post Measurement Finished
01:22:15 -- ******* Post Measurement Finished *******
$$$$$$$$$$$$$$$$$$$$ state at run end measurement
state changed from measurement to success
post measurement save measured=True aborted=False
Set filtering
setting fod for Ar40= {'filter_outliers': True, 'std_devs': 2, 'iterations': 1}
setting fod for H1= {'filter_outliers': True, 'std_devs': 2, 'iterations': 1}
setting fod for PM41= {'filter_outliers': False, 'std_devs': 2, 'iterations': 1}
setting fod for H2= {'filter_outliers': True, 'std_devs': 2, 'iterations': 1}
setting fod for Ar36= {'filter_outliers': True, 'std_devs': 2, 'iterations': 1}
setting fod for CDD= {'filter_outliers': True, 'std_devs': 10, 'iterations': 1}
setting fod for Ar37= {'filter_outliers': True, 'std_devs': 2, 'iterations': 1}
setting fod for L2= {'filter_outliers': True, 'std_devs': 2, 'iterations': 1}
setting fod for Ar38= {'filter_outliers': True, 'std_devs': 2, 'iterations': 1}
setting fod for L1= {'filter_outliers': True, 'std_devs': 2, 'iterations': 1}
setting fod for Ar39= {'filter_outliers': True, 'std_devs': 2, 'iterations': 1}
setting fod for AX= {'filter_outliers': True, 'std_devs': 2, 'iterations': 1}
persistence save...
persistence save - db
post measurement save
5517406576 connecting to database sqlite:////Users/jan/PychronDev/.appdata/local_lab.db
connected to db sqlite:////Users/jan/PychronDev/.appdata/local_lab.db
create new session 5517406576
close session 5517406576
No database instance. Not saving post measurement to isotopedb database
$$$$$$$$$$$$$$$ auto_save_detector_ic=False
massspec enabled True
create new session 5010684144
MassSpec Database Version: 16.0
close session 5010684144
saving post measurement to secondary database
saving to massspec database 129.138.12.160/massspecdata
setting labnumber to 65517
setting aliquot to 24
setting step to 
setting uuid to 104630b7-0679-4962-89f8-572fc0deaa0b
setting irradpos to 65517
setting extract_device to Fusions CO2
setting tray to 
setting position to 153
setting power_requested to 5.0
setting extract_value to 5.0
setting duration to 30.0
setting duration_at_request to 30.0
setting first_stage_delay to 30.0
setting cleanup to 30.0
setting comment to F:18
setting irradiation to NM-289
setting level to F
setting irradiation_level to F
setting sample to Sierra Ladron1
setting material to DetritalSanidine
setting project to IR943
setting mass_spectrometer to Jan
no attribute chron_dosages
no attribute production_ratios
no attribute interference_corrections
no attribute production_name
no attribute j
Reference Isotope=Ar40
Reference Detector=H1
%%%%%%%%%%%%%%%%%%%% Comment: F:18 %%%%%%%%%%%%%%%%%%%
adding isotope PM41 H2
add baseline dbdet= PM41. original det= H2
get baseline data PM41 H2
Get data baseline <pychron.processing.isotope.Baseline object at 0x158aeee50> len t=60
baseline PM41. v=-0.197025666123, e=0.00870128794942
get signal data PM41 H2
Get data signal PM41 0.10+/-0.07 len t=120
adding isotope Ar40 H1
add baseline dbdet= Ar40. original det= H1
get baseline data Ar40 H1
Get data baseline <pychron.processing.isotope.Baseline object at 0x158af4050> len t=60
baseline Ar40. v=-0.0364330091768, e=0.00424240245165
get signal data Ar40 H1
Get data signal Ar40 63.869+/-0.016 len t=120
adding isotope Ar39 AX
add baseline dbdet= Ar39. original det= AX
get baseline data Ar39 AX
Get data baseline <pychron.processing.isotope.Baseline object at 0x158af4210> len t=60
baseline Ar39. v=-0.070103765865, e=0.00741463525157
get signal data Ar39 AX
Get data signal Ar39 55.695+/-0.021 len t=120
adding isotope Ar38 L1
add baseline dbdet= Ar38. original det= L1
get baseline data Ar38 L1
Get data baseline <pychron.processing.isotope.Baseline object at 0x158af43d0> len t=60
baseline Ar38. v=-0.0293965731576, e=0.00269204125219
get signal data Ar38 L1
Get data signal Ar38 0.735+/-0.005 len t=120
adding isotope Ar37 L2
add baseline dbdet= Ar37. original det= L2
get baseline data Ar37 L2
Get data baseline <pychron.processing.isotope.Baseline object at 0x158af4590> len t=60
baseline Ar37. v=-0.0136510732169, e=0.00541480129317
get signal data Ar37 L2
Get data signal Ar37 0.344+/-0.013 len t=120
adding isotope Ar36 CDD
add baseline dbdet= Ar36. original det= CDD
get baseline data Ar36 CDD
Get data baseline <pychron.processing.isotope.Baseline object at 0x158af4750> len t=60
baseline Ar36. v=3.96974429871e-05, e=8.57043518288e-06
get signal data Ar36 CDD
Get data signal Ar36 0.0313+/-0.0005 len t=120
65517-24 added analysis time 0.514838933945s
analysis added to mass spec database
mass spec save time= 0.526
persistence save - dvc
================= post measurement started
create new session 4983034992
close session 4983034992
---------------- Experiment Queue saving disabled
DVC saving peakcenter
Failed to find a valid peak. No peak greater than 1.0. max = 0.040107845408
Smart pull ahead: 0 behind: 0
Up-to-date with origin
add to repo msg=modified - ad8224ebc6dbfeb9f5997218dfa5fe690569839d.json
Get Checksum: -1404555142
add to repo msg=modified - 17-24.json
add to repo msg=modified - 17-24.dat.json
add to repo msg=modified - 17-24.blan.json
add to repo msg=modified - 17-24.inte.json
add to repo msg=modified - 17-24.icfa.json
add to repo msg=modified - 17-24.base.json
not at valid file /Users/jan/PychronDev/data/.dvc/repositories/Load1782/655/tags/17-24.tags.json
add to repo msg=modified - 17-24.peak.json
add to repo msg=modified - 17-24.extr.json
not at valid file /Users/jan/PychronDev/data/.dvc/repositories/Load1782/655/monitor/17-24.moni.json
commit message=<COLLECTION>
add to repo msg=modified - 17-24.inte.json
add to repo msg=modified - 17-24.base.json
commit message=<ISOEVO> default collection fits
Get Checksum: -1404555142
add to repo msg=modified - 17-24.blan.json
commit message=<BLANKS> preceding bc-02-J-247
add to repo msg=modified - 17-24.icfa.json
commit message=<ICFactor> default
push repository <pychron.git_archive.repo_manager.GitRepoManager object at 0x147677a10>
pushing to remote=origin, url=https://github.com
Get Checksum: -1404555142
no changes to meta repo
Get Checksum: -1404555142
create new session 4983034992
add association Load1782
get identifier "65517"
setting analysis irradiation position=<pychron.dvc.dvc_orm.IrradiationPositionTbl object at 0x1531c2850>
close session 4983034992
================= post measurement finished
01:22:27 -- ******* Post Run Check *******
loading queue conditionals post_run_actions
loading system conditionals post_run_actions
loading conditionals from /Users/jan/PychronDev/setupfiles/spectrometer/default_conditionals.yaml
loading queue conditionals post_run_terminations
loading system conditionals post_run_terminations
loading conditionals from /Users/jan/PychronDev/setupfiles/spectrometer/default_conditionals.yaml
Checking default post run terminations n=1
GetDeflection CDD ===>> 50
testing CDD==2000
evaluate ot="CDD.deflection==2000" t="CDD==2000", ctx="{'CDD': 50.0}"
01:22:27 -- ******* Post Run Check Passed *******
01:22:27 -- Automated run 65517-24 success duration: 369.909 s
----------------- finish -----------------
----------------- stop -----------------
retroactive repository identifiers disabled
finish run. runs completed=53
update duration runid=65517-24, duration=369.909147978, md5=3d9034cf
loading script "jan_co2_whiff_120_60_large.py"
loading script "jan_pump_ms.py"
loading script "jan_co2.py"
loading script "jan_pump_extraction_line.py"
testing...
no interpolation path defined
executed 266.04
script duration name:co2_whiff_120_60_large seconds:266.0
loading script "jan_co2_whiff_120_60_large.py"
loading script "jan_pump_ms.py"
loading script "jan_co2.py"
loading script "jan_pump_extraction_line.py"
testing...
no interpolation path defined
executed 0
loading script "jan_co2_whiff_120_60_large.py"
loading script "jan_pump_ms.py"
loading script "jan_co2.py"
loading script "jan_pump_extraction_line.py"
testing...
no interpolation path defined
calculate duration
testing...
no interpolation path defined
executed 0
calculate duration
testing...
no interpolation path defined
executed 0
executed 0.0
script duration name:co2 seconds:0.0
loading script "jan_co2_whiff_120_60_large.py"
loading script "jan_pump_ms.py"
loading script "jan_co2.py"
loading script "jan_pump_extraction_line.py"
testing...
no interpolation path defined
calculate duration
testing...
no interpolation path defined
executed 4.0
executed 4.0
Script duration 266.0
Run total estimated duration= 267.000
co2_whiff_120_60_large in script context. using previous estimated duration
script duration name:co2_whiff_120_60_large seconds:266.0
pump_ms in script context. using previous estimated duration
co2 in script context. using previous estimated duration
script duration name:co2 seconds:0.0
pump_extraction_line in script context. using previous estimated duration
Script duration 266.0
Run total estimated duration= 267.000
script duration name:co2_whiff_120_60_large seconds:266.0
script duration name:co2 seconds:0.0
Script duration 266.0
Run total estimated duration= 267.000
script duration name:co2_whiff_120_60_large seconds:266.0
script duration name:co2 seconds:0.0
Script duration 266.0
Run total estimated duration= 267.000
script duration name:co2_whiff_120_60_large seconds:266.0
script duration name:co2 seconds:0.0
Script duration 266.0
Run total estimated duration= 267.000
script duration name:co2_whiff_120_60_large seconds:266.0
script duration name:co2 seconds:0.0
Script duration 266.0
Run total estimated duration= 267.000
script duration name:co2_whiff_120_60_large seconds:266.0
script duration name:co2 seconds:0.0
Script duration 266.0
Run total estimated duration= 267.000
loading script "jan_unknown400_120.py"
loading script "jan_pump_ms.py"
loading script "jan_sniffair_x2.py"
loading script "jan_pump_extraction_line.py"
testing...
no interpolation path defined
executed 556.052928
script duration name:unknown400_120 seconds:556.0
loading script "jan_unknown400_120.py"
loading script "jan_pump_ms.py"
loading script "jan_sniffair_x2.py"
loading script "jan_pump_extraction_line.py"
testing...
no interpolation path defined
calculate duration
testing...
no interpolation path defined
executed 0
calculate duration
testing...
no interpolation path defined
executed 0
calculate duration
testing...
no interpolation path defined
executed 32.0
calculate duration
testing...
no interpolation path defined
executed 34.0
calculate duration
testing...
no interpolation path defined
executed 4.0
calculate duration
testing...
no interpolation path defined
executed 36.0
calculate duration
testing...
no interpolation path defined
executed 34.0
calculate duration
testing...
no interpolation path defined
executed 4.0
calculate duration
testing...
no interpolation path defined
executed 36.0
calculate duration
testing...
no interpolation path defined
executed 70.0
executed 250.0
script duration name:sniffair_x2 seconds:250.0
Script duration 806.0
Run total estimated duration= 807.000
script duration name:co2_whiff_120_60_large seconds:266.0
script duration name:co2 seconds:0.0
Script duration 266.0
Run total estimated duration= 267.000
script duration name:co2_whiff_120_60_large seconds:266.0
script duration name:co2 seconds:0.0
Script duration 266.0
Run total estimated duration= 267.000
script duration name:co2_whiff_120_60_large seconds:266.0
script duration name:co2 seconds:0.0
Script duration 266.0
Run total estimated duration= 267.000
script duration name:co2_whiff_120_60_large seconds:266.0
script duration name:co2 seconds:0.0
Script duration 266.0
Run total estimated duration= 267.000
script duration name:co2_whiff_120_60_large seconds:266.0
script duration name:co2 seconds:0.0
Script duration 266.0
Run total estimated duration= 267.000
unknown400_120 in script context. using previous estimated duration
script duration name:unknown400_120 seconds:556.0
script duration name:co2 seconds:0.0
Script duration 556.0
Run total estimated duration= 557.000
script duration name:unknown400_120 seconds:556.0
loading script "jan_unknown400_120.py"
loading script "jan_pump_ms.py"
loading script "jan_cocktail_x1.py"
loading script "jan_pump_extraction_line.py"
testing...
no interpolation path defined
calculate duration
testing...
no interpolation path defined
executed 0
calculate duration
testing...
no interpolation path defined
executed 0
calculate duration
testing...
no interpolation path defined
executed 32.0
calculate duration
testing...
no interpolation path defined
executed 34.0
calculate duration
testing...
no interpolation path defined
executed 4.0
calculate duration
testing...
no interpolation path defined
executed 38.0
executed 108.0
script duration name:cocktail_x1 seconds:108.0
Script duration 664.0
Run total estimated duration= 665.000
loading script "jan_unknown120_60.py"
loading script "jan_pump_ms.py"
loading script "jan_cocktail_x1.py"
loading script "jan_pump_extraction_line.py"
testing...
no interpolation path defined
executed 213.652928
script duration name:unknown120_60 seconds:214.0
cocktail_x1 in script context. using previous estimated duration
script duration name:cocktail_x1 seconds:108.0
Script duration 322.0
Run total estimated duration= 323.000
loading script "jan_ic_peak_hop3.py"
loading script "jan_pump_ms.py"
loading script "jan_air_x1.py"
loading script "jan_pump_extraction_line.py"
testing...
no interpolation path defined
executed 133.8
script duration name:ic_peak_hop3 seconds:134.0
loading script "jan_ic_peak_hop3.py"
loading script "jan_pump_ms.py"
loading script "jan_air_x1.py"
loading script "jan_pump_extraction_line.py"
testing...
no interpolation path defined
calculate duration
testing...
no interpolation path defined
executed 0
calculate duration
testing...
no interpolation path defined
executed 0
calculate duration
testing...
no interpolation path defined
executed 32.0
calculate duration
testing...
no interpolation path defined
executed 34.0
calculate duration
testing...
no interpolation path defined
executed 4.0
calculate duration
testing...
no interpolation path defined
executed 36.0
executed 106.0
script duration name:air_x1 seconds:106.0
Script duration 240.0
Run total estimated duration= 241.000
script duration name:co2_whiff_120_60_large seconds:266.0
script duration name:co2 seconds:0.0
Script duration 266.0
Run total estimated duration= 267.000
script duration name:co2_whiff_120_60_large seconds:266.0
script duration name:co2 seconds:0.0
Script duration 266.0
Run total estimated duration= 267.000
script duration name:co2_whiff_120_60_large seconds:266.0
script duration name:co2 seconds:0.0
Script duration 266.0
Run total estimated duration= 267.000
script duration name:co2_whiff_120_60_large seconds:266.0
script duration name:co2 seconds:0.0
Script duration 266.0
Run total estimated duration= 267.000
script duration name:co2_whiff_120_60_large seconds:266.0
script duration name:co2 seconds:0.0
Script duration 266.0
Run total estimated duration= 267.000
script duration name:co2_whiff_120_60_large seconds:266.0
script duration name:co2 seconds:0.0
Script duration 266.0
Run total estimated duration= 267.000
script duration name:co2_whiff_120_60_large seconds:266.0
script duration name:co2 seconds:0.0
Script duration 266.0
Run total estimated duration= 267.000
script duration name:co2_whiff_120_60_large seconds:266.0
script duration name:co2 seconds:0.0
Script duration 266.0
Run total estimated duration= 267.000
script duration name:co2_whiff_120_60_large seconds:266.0
script duration name:co2 seconds:0.0
Script duration 266.0
Run total estimated duration= 267.000
script duration name:co2_whiff_120_60_large seconds:266.0
script duration name:co2 seconds:0.0
Script duration 266.0
Run total estimated duration= 267.000
script duration name:co2_whiff_120_60_large seconds:266.0
script duration name:co2 seconds:0.0
Script duration 266.0
Run total estimated duration= 267.000
script duration name:co2_whiff_120_60_large seconds:266.0
script duration name:co2 seconds:0.0
Script duration 266.0
Run total estimated duration= 267.000
script duration name:co2_whiff_120_60_large seconds:266.0
script duration name:co2 seconds:0.0
Script duration 266.0
Run total estimated duration= 267.000
script duration name:co2_whiff_120_60_large seconds:266.0
script duration name:co2 seconds:0.0
Script duration 266.0
Run total estimated duration= 267.000
script duration name:co2_whiff_120_60_large seconds:266.0
script duration name:co2 seconds:0.0
Script duration 266.0
Run total estimated duration= 267.000
script duration name:unknown400_120 seconds:556.0
script duration name:co2 seconds:0.0
Script duration 556.0
Run total estimated duration= 557.000
script duration name:unknown400_120 seconds:556.0
script duration name:cocktail_x1 seconds:108.0
Script duration 664.0
Run total estimated duration= 665.000
unknown120_60 in script context. using previous estimated duration
script duration name:unknown120_60 seconds:214.0
script duration name:cocktail_x1 seconds:108.0
Script duration 322.0
Run total estimated duration= 323.000
ic_peak_hop3 in script context. using previous estimated duration
script duration name:ic_peak_hop3 seconds:134.0
air_x1 in script context. using previous estimated duration
script duration name:air_x1 seconds:106.0
Script duration 240.0
Run total estimated duration= 241.000
script duration name:unknown400_120 seconds:556.0
sniffair_x2 in script context. using previous estimated duration
script duration name:sniffair_x2 seconds:250.0
Script duration 806.0
Run total estimated duration= 807.000
script duration name:co2_whiff_120_60_large seconds:266.0
script duration name:co2 seconds:0.0
Script duration 266.0
Run total estimated duration= 267.000
script duration name:co2_whiff_120_60_large seconds:266.0
script duration name:co2 seconds:0.0
Script duration 266.0
Run total estimated duration= 267.000
script duration name:co2_whiff_120_60_large seconds:266.0
script duration name:co2 seconds:0.0
Script duration 266.0
Run total estimated duration= 267.000
script duration name:co2_whiff_120_60_large seconds:266.0
script duration name:co2 seconds:0.0
Script duration 266.0
Run total estimated duration= 267.000
script duration name:co2_whiff_120_60_large seconds:266.0
script duration name:co2 seconds:0.0
Script duration 266.0
Run total estimated duration= 267.000
script duration name:co2_whiff_120_60_large seconds:266.0
script duration name:co2 seconds:0.0
Script duration 266.0
Run total estimated duration= 267.000
script duration name:co2_whiff_120_60_large seconds:266.0
script duration name:co2 seconds:0.0
Script duration 266.0
Run total estimated duration= 267.000
script duration name:co2_whiff_120_60_large seconds:266.0
script duration name:co2 seconds:0.0
Script duration 266.0
Run total estimated duration= 267.000
script duration name:co2_whiff_120_60_large seconds:266.0
script duration name:co2 seconds:0.0
Script duration 266.0
Run total estimated duration= 267.000
script duration name:co2_whiff_120_60_large seconds:266.0
script duration name:co2 seconds:0.0
Script duration 266.0
Run total estimated duration= 267.000
script duration name:co2_whiff_120_60_large seconds:266.0
script duration name:co2 seconds:0.0
Script duration 266.0
Run total estimated duration= 267.000
script duration name:co2_whiff_120_60_large seconds:266.0
script duration name:co2 seconds:0.0
Script duration 266.0
Run total estimated duration= 267.000
script duration name:co2_whiff_120_60_large seconds:266.0
script duration name:co2 seconds:0.0
Script duration 266.0
Run total estimated duration= 267.000
script duration name:co2_whiff_120_60_large seconds:266.0
script duration name:co2 seconds:0.0
Script duration 266.0
Run total estimated duration= 267.000
script duration name:co2_whiff_120_60_large seconds:266.0
script duration name:co2 seconds:0.0
Script duration 266.0
Run total estimated duration= 267.000
script duration name:unknown400_120 seconds:556.0
script duration name:co2 seconds:0.0
Script duration 556.0
Run total estimated duration= 557.000
script duration name:unknown400_120 seconds:556.0
script duration name:cocktail_x1 seconds:108.0
Script duration 664.0
Run total estimated duration= 665.000
script duration name:unknown120_60 seconds:214.0
script duration name:cocktail_x1 seconds:108.0
Script duration 322.0
Run total estimated duration= 323.000
script duration name:ic_peak_hop3 seconds:134.0
script duration name:air_x1 seconds:106.0
Script duration 240.0
Run total estimated duration= 241.000
script duration name:co2_whiff_120_60_large seconds:266.0
script duration name:co2 seconds:0.0
Script duration 266.0
Run total estimated duration= 267.000
script duration name:co2_whiff_120_60_large seconds:266.0
script duration name:co2 seconds:0.0
Script duration 266.0
Run total estimated duration= 267.000
script duration name:co2_whiff_120_60_large seconds:266.0
script duration name:co2 seconds:0.0
Script duration 266.0
Run total estimated duration= 267.000
script duration name:co2_whiff_120_60_large seconds:266.0
script duration name:co2 seconds:0.0
Script duration 266.0
Run total estimated duration= 267.000
script duration name:co2_whiff_120_60_large seconds:266.0
script duration name:co2 seconds:0.0
Script duration 266.0
Run total estimated duration= 267.000
script duration name:unknown400_120 seconds:556.0
script duration name:sniffair_x2 seconds:250.0
Script duration 806.0
Run total estimated duration= 807.000
script duration name:co2_whiff_120_60_large seconds:266.0
script duration name:co2 seconds:0.0
Script duration 266.0
Run total estimated duration= 267.000
script duration name:co2_whiff_120_60_large seconds:266.0
script duration name:co2 seconds:0.0
Script duration 266.0
Run total estimated duration= 267.000
nruns=64 before=5.0, run_dur=20862.0, btw=1890.0
write rem/ex queues
/Users/jan/PychronDev/experiments/rem/CurrentExperiment.rem.txt
/Users/jan/PychronDev/experiments/rem/CurrentExperiment.ex.txt
doing event level: 3
