do run
loading script "jan_co2_whiff_120_60_large.py"
loading script "jan_pump_ms.py"
loading script "jan_co2.py"
loading script "jan_pump_extraction_line.py"
testing...
no interpolation path defined
executed 266.04
script duration name:co2_whiff_120_60_large seconds:266.0
loading script "jan_co2_whiff_120_60_large.py"
loading script "jan_pump_ms.py"
loading script "jan_co2.py"
loading script "jan_pump_extraction_line.py"
testing...
no interpolation path defined
executed 0
loading script "jan_co2_whiff_120_60_large.py"
loading script "jan_pump_ms.py"
loading script "jan_co2.py"
loading script "jan_pump_extraction_line.py"
testing...
no interpolation path defined
calculate duration
testing...
no interpolation path defined
executed 0
calculate duration
testing...
no interpolation path defined
executed 0
executed 0.0
script duration name:co2 seconds:0.0
loading script "jan_co2_whiff_120_60_large.py"
loading script "jan_pump_ms.py"
loading script "jan_co2.py"
loading script "jan_pump_extraction_line.py"
testing...
no interpolation path defined
calculate duration
testing...
no interpolation path defined
executed 4.0
executed 4.0
Script duration 266.0
Run total estimated duration= 267.000
run duration: 0:04:27
doing event level: 2
01:36:54 -- Setting default integration. t=1.048576
setting integration time = 1.048576
SetIntegrationTime 1.048576 ===>> OK
----------------- start -----------------
**************** Experiment Type: Ar/Ar, Ar/Ar
create new session 4985261232
close session 4985261232
$$$$$ Clearing conditionals
adding conditionals detrital
extract conditionals from file. /Users/jan/PychronDev/scripts/conditionals/detrital.yaml
no attr for this modification cd={'extraction_str': '', 'attr': '', 'mapper': '', 'use_termination': False, 'start_count': 0, 'nskip': 0, 'window': 0, 'frequency': 1, 'teststr': '', 'action': 'Skip Next Run', 'ntrips': 1, 'use_truncation': False}
no attr for this cancelation cd={'mapper': '', 'window': 0, 'frequency': 1, 'attr': '', 'teststr': '', 'start_count': 0, 'ntrips': 1}
adding truncation attr="age" test="age>100.0" start="60"
adding truncation attr="Ar39" test="Ar39<0.5" start="60"
no attr for this termination cd={'mapper': '', 'window': 0, 'frequency': 1, 'attr': '', 'teststr': '', 'start_count': 0, 'ntrips': 1}
Invalid conditional kind="pre_run_terminations"
no attr for this action cd={'mapper': '', 'attr': '', 'start_count': 0, 'window': 0, 'frequency': 1, 'teststr': '', 'action': None, 'ntrips': 1}
Invalid conditional kind="post_run_terminations"
Add queue conditionals
add default conditionals
adding default conditionals from /Users/jan/PychronDev/setupfiles/spectrometer/default_conditionals.yaml
Start automated run 65517-27
loading script "jan_co2_whiff_120_60_large.py"
loading script "jan_pump_ms.py"
loading script "jan_co2.py"
loading script "jan_pump_extraction_line.py"
%%%%%%%%%%%%%%%%%% setting automated run 65517-27
No value "sensitivity_multiplier" in metadata
$$$$$$$$$$$$$$$ auto_save_detector_ic=False
============================= Pre Extraction Check =============================
loading queue conditionals pre_run_terminations
loading system conditionals pre_run_terminations
loading conditionals from /Users/jan/PychronDev/setupfiles/spectrometer/default_conditionals.yaml
01:36:54 -- ******* Pre Extraction Check *******
Get a measurement from the spectrometer
GetData ===>> H2,-0.156831561748354,H1,-0.0333135748161738,AX,-0.169235609471574,L1,0.0142797658941893,L2,-0.03...
Pre Extraction Termination data. keys=H2,H1,AX,L1,L2,CDD, signals=-0.15683,-0.03331,-0.16924,0.01428,-0.03020,0.00313
01:36:54 -- testing system defined conditionals
Checking default pre extraction terminations n=2
testing CDD
evaluate ot="CDD.inactive" t="CDD", ctx="{'CDD': False}"
GetDeflection CDD ===>> 50
testing CDD==2000
evaluate ot="CDD.deflection==2000" t="CDD==2000", ctx="{'CDD': 50.0}"
01:36:54 -- ******* Pre Extraction Check Passed *******
=================================================================================
01:36:54 -- stopping status monitor
stop 4976082864
Alive clients [4983386864]
01:36:54 -- starting status monitor
start 4976082864
Monitor already running
start extraction
do extraction
Analysis started at 01:36:54.969706
Extraction Started jan_co2.py
01:36:54 -- ******* Extraction Started jan_co2.py *******
state changed from not run to extraction
DO EXTRACTION <pychron.extraction_line.pyscript_runner.RemotePyScriptRunner object at 0x12bb183b0>
testing...
no interpolation path defined
calculate duration
testing...
no interpolation path defined
executed 0
calculate duration
testing...
no interpolation path defined
executed 0
executed 100.0
Jan CO2 laser analysis
doing GOSUB
testing...
no interpolation path defined
executed 0
Waiting for CO2 access
wait ('FelixCO2Flag', 0) {}
waiting for FelixCO2Flag = 0
Read FelixCO2Flag ===>> 0
finished waiting
CO2 free
wait ('CO2PumpTimeFlag', 0) {}
waiting for CO2PumpTimeFlag = 0
Read CO2PumpTimeFlag ===>> 0
finished waiting
acquire ('JanCO2Flag',) {'clear': True}
acquire JanCO2Flag
Set JanCO2Flag 1 ===>> OK
JanCO2Flag acquired
set extraction state False (0.75, 'red', 1.5)
CO2 acquired
executed 0
WaitForCO2Access.py completed successfully
gosub finished
doing GOSUB
testing...
no interpolation path defined
executed 0
Prepare for CO2 analysis
close () {'description': 'Jan Inlet'}
closing name=--- desc=Jan Inlet
checking ownership. requestor=129.138.12.150
check software interlocks R
interlocks []
actuate state mode=None-script, software_lock=False
doing actuation None-script close_channel False
Close R ===>> OK
GetIndicatorState R ===>> False
change switch state (True, True)
update switch state R False args=() kw={} ncanvase=2
01:36:55 -- CLOSE  VALVE-R (Jan Inlet)
---------------------------------------- close None (Jan Inlet) result=[(True, True)]
Get Checksum: 2035211824
action=close, ok=True, locked=[False]
open () {'description': 'Jan Ion Pump'}
opening name=--- desc=Jan Ion Pump
checking ownership. requestor=129.138.12.150
check software interlocks O
interlocks []
actuate state mode=None-script, software_lock=False
doing actuation None-script open_channel False
Open O ===>> OK
GetIndicatorState O ===>> OK
change switch state (True, True)
update switch state O True args=() kw={} ncanvase=2
01:36:55 -- OPEN   VALVE-O (Jan Ion Pump)
---------------------------------------- open None (Jan Ion Pump) result=[(True, True)], time=0.09 sec
action=open, ok=True, locked=[False]
close () {'description': 'Microbone to Minibone'}
closing name=--- desc=Microbone to Minibone
checking ownership. requestor=129.138.12.150
check software interlocks L
interlocks []
actuate state mode=None-script, software_lock=False
doing actuation None-script close_channel False
Close L ===>> OK
GetIndicatorState L ===>> False
change switch state (True, True)
update switch state L False args=() kw={} ncanvase=2
01:36:56 -- CLOSE  VALVE-L (Microbone to Minibone)
---------------------------------------- close None (Microbone to Minibone) result=[(True, True)]
action=close, ok=True, locked=[False]
open () {'description': 'Microbone to Turbo'}
opening name=--- desc=Microbone to Turbo
checking ownership. requestor=129.138.12.150
check software interlocks U
interlocks []
actuate state mode=None-script, software_lock=False
doing actuation None-script open_channel False
Open U ===>> OK
GetIndicatorState U ===>> OK
change switch state (True, True)
update switch state U True args=() kw={} ncanvase=2
01:36:56 -- OPEN   VALVE-U (Microbone to Turbo)
---------------------------------------- open None (Microbone to Turbo) result=[(True, True)], time=0.12 sec
action=open, ok=True, locked=[False]
open () {'description': 'Microbone to Inlet Pipette'}
opening name=--- desc=Microbone to Inlet Pipette
checking ownership. requestor=129.138.12.150
check software interlocks S
interlocks []
actuate state mode=None-script, software_lock=False
doing actuation None-script open_channel False
Open S ===>> OK
GetIndicatorState S ===>> OK
change switch state (True, True)
update switch state S True args=() kw={} ncanvase=2
01:36:57 -- OPEN   VALVE-S (Microbone to Inlet Pipette)
---------------------------------------- open None (Microbone to Inlet Pipette) result=[(True, True)], time=0.43 sec
action=open, ok=True, locked=[False]
open () {'description': 'Microbone to Getter D-50'}
opening name=--- desc=Microbone to Getter D-50
checking ownership. requestor=129.138.12.150
check software interlocks K
interlocks []
actuate state mode=None-script, software_lock=False
doing actuation None-script open_channel False
Open K ===>> OK
GetIndicatorState K ===>> OK
change switch state (True, True)
update switch state K True args=() kw={} ncanvase=2
01:36:58 -- OPEN   VALVE-K (Microbone to Getter D-50)
---------------------------------------- open None (Microbone to Getter D-50) result=[(True, True)], time=0.43 sec
action=open, ok=True, locked=[False]
open () {'description': 'Microbone to Getter NP-10'}
opening name=--- desc=Microbone to Getter NP-10
checking ownership. requestor=129.138.12.150
check software interlocks M
interlocks []
actuate state mode=None-script, software_lock=False
doing actuation None-script open_channel False
Open M ===>> OK
GetIndicatorState M ===>> OK
change switch state (True, True)
update switch state M True args=() kw={} ncanvase=2
01:36:58 -- OPEN   VALVE-M (Microbone to Getter NP-10)
---------------------------------------- open None (Microbone to Getter NP-10) result=[(True, True)], time=0.15 sec
Get Checksum: 2035211824
action=open, ok=True, locked=[False]
close () {'description': 'CO2 Laser to Felix'}
closing name=--- desc=CO2 Laser to Felix
checking ownership. requestor=129.138.12.150
check software interlocks F
interlocks []
actuate state mode=None-script, software_lock=True
VALVE-F(CO2 Laser to Felix) software locked
change switch state (True, False)
---------------------------------------- close None (CO2 Laser to Felix) result=[(True, False)]
action=close, ok=True, locked=[True]
open () {'description': 'CO2 Laser to Jan'}
opening name=--- desc=CO2 Laser to Jan
checking ownership. requestor=129.138.12.150
check software interlocks A
interlocks []
actuate state mode=None-script, software_lock=False
doing actuation None-script open_channel False
Open A ===>> OK
GetIndicatorState A ===>> OK
change switch state (True, True)
update switch state A True args=() kw={} ncanvase=2
01:36:58 -- OPEN   VALVE-A (CO2 Laser to Jan)
---------------------------------------- open None (CO2 Laser to Jan) result=[(True, True)], time=0.14 sec
action=open, ok=True, locked=[False]
open () {'description': 'Microbone to CO2 Laser'}
opening name=--- desc=Microbone to CO2 Laser
checking ownership. requestor=129.138.12.150
check software interlocks T
interlocks []
actuate state mode=None-script, software_lock=False
doing actuation None-script open_channel False
Open T ===>> OK
GetIndicatorState T ===>> OK
change switch state (True, True)
update switch state T True args=() kw={} ncanvase=2
01:36:59 -- OPEN   VALVE-T (Microbone to CO2 Laser)
---------------------------------------- open None (Microbone to CO2 Laser) result=[(True, True)], time=0.41 sec
action=open, ok=True, locked=[False]
executed 0
PrepareForCO2Analysis.py completed successfully
gosub finished
set_motor ('beam', '1.25') {}
setting motor "beam" to 1.25
set motor beam to 1.25
SetMotor beam,1.25 ===>> OK
GetMotorMoving beam ===>> False
GetMotorMoving beam ===>> False
Block completed
move_to_position ('156',) {'autocenter': True}
FusionsCO2 move to position 156
sending GoToHole 156,True
GoToHole 156,True ===>> OK
Get Checksum: 2035211824
GetDriveMoving ===>> OK
GetDriveMoving ===>> OK
GetDriveMoving ===>> OK
GetDriveMoving ===>> False
GetDriveMoving ===>> False
Block completed
GetAutoCorrecting ===>> OK
GetAutoCorrecting ===>> OK
GetAutoCorrecting ===>> OK
Get Checksum: 2035211824
GetAutoCorrecting ===>> OK
GetAutoCorrecting ===>> OK
GetAutoCorrecting ===>> OK
GetAutoCorrecting ===>> OK
GetAutoCorrecting ===>> OK
GetAutoCorrecting ===>> OK
Get Checksum: 2035211824
GetAutoCorrecting ===>> OK
GetAutoCorrecting ===>> OK
GetAutoCorrecting ===>> OK
GetAutoCorrecting ===>> OK
GetAutoCorrecting ===>> False
GetAutoCorrecting ===>> False
Block completed
update position
GetPosition ===>> -9.96950,-5.98170,1.00000
got position (-9.9695, -5.9817, 1.0)
move to position succeeded
sleep (5,) {}
SLEEP 5.0
block started
WaitControl setup for 5.0  
Get Checksum: 2035211824
Get Checksum: 2035211824
Join finished
block finished. duration 5.00818705559
close () {'description': 'Microbone to Turbo'}
closing name=--- desc=Microbone to Turbo
checking ownership. requestor=129.138.12.150
check software interlocks U
interlocks []
actuate state mode=None-script, software_lock=False
doing actuation None-script close_channel True
Close U ===>> OK
GetIndicatorState U ===>> False
change switch state (True, True)
update switch state U False args=() kw={} ncanvase=2
01:37:15 -- CLOSE  VALVE-U (Microbone to Turbo)
---------------------------------------- close None (Microbone to Turbo) result=[(True, True)]
action=close, ok=True, locked=[False]
enable laser
enable () {}
set extraction state FusionsCO2 Enabled (False, 'red', 1.5)
enabling laser
Enable ===>> OK
begin interval
BEGIN INTERVAL Interval 1 waiting for 30.0
block started
set extract to 5.0
WaitControl setup for 30.0  
extract (5.0,) {}
GetPosition ===>> -9.96950,-5.98170,1.00000
set extraction state FusionsCO2 ON! 5.0(watts) (0.75, 'red', 1.5)
extract sample to 5.0 (watts)
set laser output
SetLaserOutput 5.0,watts ===>> OK
executing pattern triangle.lp
execute_pattern ('triangle.lp',) {}
executing pattern triangle.lp
Get Checksum: 1223320555
IsPatterning ===>> OK
IsPatterning ===>> OK
Get Checksum: 1223320555
IsPatterning ===>> OK
IsPatterning ===>> OK
IsPatterning ===>> OK
Get Checksum: 1223320555
IsPatterning ===>> OK
IsPatterning ===>> OK
IsPatterning ===>> OK
Get Checksum: 1223320555
IsPatterning ===>> OK
IsPatterning ===>> OK
IsPatterning ===>> OK
Get Checksum: 1223320555
IsPatterning ===>> OK
IsPatterning ===>> OK
IsPatterning ===>> OK
IsPatterning ===>> OK
IsPatterning ===>> OK
Get Checksum: 1223320555
IsPatterning ===>> OK
IsPatterning ===>> OK
IsPatterning ===>> OK
Get Checksum: 1223320555
IsPatterning ===>> OK
IsPatterning ===>> OK
IsPatterning ===>> OK
Get Checksum: 1223320555
IsPatterning ===>> OK
IsPatterning ===>> OK
IsPatterning ===>> OK
Get Checksum: 1223320555
IsPatterning ===>> OK
IsPatterning ===>> OK
IsPatterning ===>> OK
Get Checksum: 1223320555
IsPatterning ===>> OK
Join finished
block finished. duration 30.0599710941
Interval 1 finished
IsPatterning ===>> False
IsPatterning ===>> False
Block completed
COMPLETE INTERVAL waiting for Interval 1 to complete
end_extract () {}
ending extraction. set laser power to 0
set laser power 0
SetLaserPower 0 ===>> OK
disable () {}
%%%%%%%%%%%%%%%%%%%%%%%%%%%%%%%%%%% disable
set extraction state False (0.75, 'red', 1.5)
disabling laser
Disable ===>> OK
sleep (30.0,) {}
SLEEP 30.0
block started
WaitControl setup for 30.0  
Get Checksum: 1223320555
Get Checksum: 1223320555
Get Checksum: 1223320555
Get Checksum: 1223320555
Get Checksum: 1223320555
Get Checksum: 1223320555
Get Checksum: 1223320555
Get Checksum: 1223320555
Get Checksum: 1223320555
Get Checksum: 1223320555
Join finished
block finished. duration 30.0715329647
executed 165.0
jan_co2.py completed successfully
GetAchievedOutput ===>> No Response
Requested Output= 0.000
Achieved Output=  0.000
GetResponseBlob ===>> No Response
GetOutputBlob ===>> No Response
persistence save...
persistence save - db
AutomatedRunPersister post_extraction_save deprecated
persistence save - dvc
no extraction position for 156
create new session 4983034992
close session 4983034992
Extraction Finished
01:38:18 -- ******* Extraction Finished *******
no overlap. not waiting for min ms pumptime
01:38:18 -- Sending spectrometer configuration
======== Sending configuration ========
SetDeflection CDD,50.0 ===>> OK
SetDeflection H2,0.0 ===>> OK
SetDeflection H1,0.0 ===>> OK
SetDeflection L2,825.0 ===>> OK
SetDeflection L1,400.0 ===>> OK
SetDeflection AX,190.0 ===>> OK
SetZFocus 74.64 ===>> OK
SetZSymmetry -50.72 ===>> OK
SetExtractionLens 26.13 ===>> OK
SetIonRepeller -3.81 ===>> OK
SetElectronEnergy 75.08 ===>> OK
SetYSymmetry -2.81 ===>> OK
SetIonCounterVoltage 1590.0 ===>> OK
send trap current 200.0
GetParameter Trap Current Readback ===>> 198.258926936459
SetParameter Trap Current Set,200.0 ===>> OK
updating mftable name mftable
Using mftable located at /Users/jan/PychronDev/setupfiles/spectrometer/mftables/mftable.csv
============ MFtable ===========
Isotope  H2     H1     AX     L1     L2     CDD    
Ar40     5.7766 5.8786 5.9919 6.1165 6.2304 6.3447
Ar39     5.6758 5.7709 5.8843 6.0025 6.1155 6.2312
Ar36     5.3533 5.4399 5.5477 5.6614 5.7705 5.8823
================================
get initial guess parabolic
get initial guess parabolic
get initial guess parabolic
get initial guess parabolic
get initial guess parabolic
get initial guess parabolic
======== Configuration Finished ========
GetYSymmetry ===>> -2.81
GetZSymmetry ===>> -50.72
GetParameter Trap Current Readback ===>> 198.035158395898
GetHighVoltage ===>> 4499.94659342336
start measurement
do measurement
L#=65517 analysis type=unknown
Measurement Started jan_co2_whiff_120_60_large.py
01:38:19 -- ******* Measurement Started jan_co2_whiff_120_60_large.py *******
state changed from extraction to measurement
setting spec, defl, and gains
GetExtractionLens ===>> 26.13
GetYSymmetry ===>> -2.81
GetZSymmetry ===>> -50.72
GetZFocus ===>> 74.64
GetDeflection H2 ===>> 0
GetDeflection H1 ===>> 0
GetDeflection AX ===>> 190
GetDeflection L1 ===>> 400
GetDeflection L2 ===>> 825
GetDeflection CDD ===>> 50
GetGain H2 ===>> 0.0113
GetGain H1 ===>> 0.1
GetGain AX ===>> 0.097049
GetGain L1 ===>> 0.010355
GetGain L2 ===>> 0.095649
GetGain CDD ===>> 0
pre measurement save
New frame /Users/jan/PychronDev/data/isotopes/d3/ed6dd8-2958-41e4-9065-257ad5456f52.h5
flush and close file /Users/jan/PychronDev/data/isotopes/d3/ed6dd8-2958-41e4-9065-257ad5456f52.h5
testing...
no interpolation path defined
executed 266.04
co2 whiff measurement script
activate_detectors ('H2', 'H1', 'AX', 'L1', 'L2', 'CDD') {}
activate detectors
*************** Set Analysis View Ar/Ar
create graphs
Get Checksum: 1223320555
clearing graphs
clear isotope group
setting isotope det=H2, iso=PM41
setting isotope det=H1, iso=Ar40
setting isotope det=AX, iso=Ar39
setting isotope det=L1, iso=Ar38
setting isotope det=L2, iso=Ar37
setting isotope det=CDD, iso=Ar36
setting previous blanks
 - setting Ar40 blank 0.282+/-0.007
 - setting Ar36 blank 0.00465+/-0.00019
 - setting Ar37 blank 0.041+/-0.005
 - setting Ar38 blank 0.0063+/-0.0023
 - setting PM41 blank 0.03+/-0.07
 - setting Ar39 blank 0.041+/-0.009
load analysis view
position_magnet ('Ar40',) {'detector': 'H1'}
detector Detector(H1)
POSITION Ar40 H1
setting detector H2 to PM41 (40.9624)
setting detector H1 to Ar40 (39.9624)
setting detector AX to Ar39 (38.9624)
setting detector L1 to Ar38 (37.9624)
setting detector L2 to Ar37 (36.9624)
setting detector CDD to Ar36 (35.9624)
Mapping mass to dac mass func: "parabolic"
H1 map mass coeffs = [-0.00063987  0.15840543  0.57023999]
H1 map mass to dac 39.9624 >> 5.87863
GetDeflection H1 ===>> 0
GetHighVoltage ===>> 4499.94659342336
positioning Ar40 (5.8785953813) on H1
setting magnet DAC
current  : 5.878595
requested: 5.878595
Delta Dac: 0.000000
Checking detector protection. dv=0.00000
Checking detector "CDD". Protection Threshold: 0.1 (V)
SetMagnetDAC 5.8785953813 ===>> OK
Magnet settling time: 0.500
close ('S',) {}
closing name=S desc=---
checking ownership. requestor=129.138.12.150
check software interlocks S
interlocks []
actuate state mode=None-script, software_lock=False
doing actuation None-script close_channel True
Close S ===>> OK
GetIndicatorState S ===>> False
change switch state (True, True)
update switch state S False args=() kw={} ncanvase=2
01:38:21 -- CLOSE  VALVE-S (Microbone to Inlet Pipette)
---------------------------------------- close S () result=[(True, True)]
action=close, ok=True, locked=[False]
equilibrate () {'do_post_equilibration': False, 'inlet': 'R', 'outlet': 'O', 'eqtime': 4}
Equilibration Started
01:38:21 -- ******* Equilibration Started *******
checking ownership. requestor=129.138.12.150
check software interlocks O
interlocks []
actuate state mode=None-script, software_lock=False
doing actuation None-script close_channel True
Close O ===>> OK
GetIndicatorState O ===>> False
change switch state (True, True)
update switch state O False args=() kw={} ncanvase=2
01:38:21 -- CLOSE  VALVE-O (Jan Ion Pump)
waiting 3s before opening inlet value ('R',)
Get Checksum: -997610518
checking ownership. requestor=129.138.12.150
check software interlocks R
interlocks []
actuate state mode=None-script, software_lock=False
doing actuation None-script open_channel True
Open R ===>> OK
GetIndicatorState R ===>> OK
change switch state (True, True)
update switch state R True args=() kw={} ncanvase=2
01:38:24 -- OPEN   VALVE-R (Jan Inlet)
set_time_zero (0,) {}
sniff (4,) {}
equilibrating for 4sec
py_sniff
build tables- sniff [Detector(H2), Detector(H1), Detector(AX), Detector(L1), Detector(L2), Detector(CDD)]
add group /sniff/PM41 (Group) '' table H2
add group /sniff/Ar40 (Group) '' table H1
add group /sniff/Ar39 (Group) '' table AX
add group /sniff/Ar38 (Group) '' table L1
add group /sniff/Ar37 (Group) '' table L2
add group /sniff/Ar36 (Group) '' table CDD
flush and close file /Users/jan/PychronDev/data/isotopes/d3/ed6dd8-2958-41e4-9065-257ad5456f52.h5
measuring sniff. ncounts=4
Get Checksum: -1252573911
starting measurement
GetData ===>> H2,1.95884171859132,H1,0.468454157924136,AX,3.77629496349457,L1,0.25103230760224,L2,0.93401917809...
GetData ===>> H2,5.75409559473143,H1,0.882665762906521,AX,4.54110178051925,L1,0.944912265883331,L2,0.9238709264...
GetData ===>> H2,2.23074608735609,H1,0.560908629001289,AX,1.49700024608945,L1,0.795329789927938,L2,0.2215242497...
Get Checksum: -1252573911
GetData ===>> H2,0.75338847303343,H1,0.461296166211578,AX,0.623501181960637,L1,0.496450289368602,L2,0.179384676...
Equilibration Finished
01:38:28 -- ******* Equilibration Finished *******
checking ownership. requestor=129.138.12.150
check software interlocks R
interlocks []
actuate state mode=None-script, software_lock=False
doing actuation None-script close_channel True
Close R ===>> OK
set states for children of R. state=False
handle state [('R', False)]
update switch state R False args=() kw={'refresh': False} ncanvase=2
refresh_canvas_needed fired
measurement finished
estimated time: 4.194 actual time: :4.265
flush and close file /Users/jan/PychronDev/data/isotopes/d3/ed6dd8-2958-41e4-9065-257ad5456f52.h5
set_fits () {}
GetIndicatorState R ===>> False
change switch state (True, True)
update switch state R False args=() kw={} ncanvase=2
using default fits file=/Users/jan/PychronDev/scripts/measurement/fits/nominal_linear.yaml
set "Ar40" to "('Linear', 'SEM')"
No fit for "PM41". defaulting to linear. check the measurement script "jan_co2_whiff_120_60_large.py"
set "PM41" to "linear"
set "Ar36" to "('Linear', 'SEM')"
set "Ar37" to "('linear', 'SEM')"
01:38:29 -- CLOSE  VALVE-R (Jan Inlet)
set "Ar38" to "('linear', 'SEM')"
set "Ar39" to "('Linear', 'SEM')"
set_baseline_fits () {}
using default fits file=/Users/jan/PychronDev/scripts/measurement/fits/nominal_linear.yaml
set "H1" to "('average', 'SEM')"
set "H2" to "('average', 'SEM')"
set "CDD" to "('average', 'SEM')"
set "L2" to "('average', 'SEM')"
set "L1" to "('average', 'SEM')"
set "AX" to "('average', 'SEM')"
whiff () {'ncounts': 1, 'conditionals': [{'action': 'run_remainder', 'attr': 'Ar40', 'teststr': 'Ar40.cur<=175'}, {'action': 'run_pipette', 'attr': 'Ar40', 'teststr': 'Ar40.cur>500'}, {'action': 'run_chamber_split', 'attr': 'Ar40', 'teststr': 'Ar40.cur>=300'}, {'action': 'pump', 'attr': 'Ar40', 'teststr': 'Ar40.cur>175'}]}
build tables- whiff [Detector(H2), Detector(H1), Detector(AX), Detector(L1), Detector(L2), Detector(CDD)]
add group /whiff/PM41 (Group) '' table H2
add group /whiff/Ar40 (Group) '' table H1
add group /whiff/Ar39 (Group) '' table AX
add group /whiff/Ar38 (Group) '' table L1
add group /whiff/Ar37 (Group) '' table L2
add group /whiff/Ar36 (Group) '' table CDD
flush and close file /Users/jan/PychronDev/data/isotopes/d3/ed6dd8-2958-41e4-9065-257ad5456f52.h5
measuring whiff. ncounts=1
starting measurement
GetData ===>> H2,0.415443097432623,H1,0.429147355326554,AX,0.386737103575802,L1,0.292601291585185,L2,-0.0076703...
testing Ar40<=175
evaluate ot="Ar40.cur<=175" t="Ar40<=175", ctx="{'Ar40': 0.42914735532655401}"
condition Ar40<=175 is true trips=1/1
01:38:31 -- Conditional tripped: Ar40.cur<=175 condition Ar40<=175 is True
measurement finished
estimated time: 1.049 actual time: :1.104
flush and close file /Users/jan/PychronDev/data/isotopes/d3/ed6dd8-2958-41e4-9065-257ad5456f52.h5
WHIFF Result=run_remainder
Whiff result=run_remainder
open ('R',) {}
opening name=R desc=---
checking ownership. requestor=129.138.12.150
check software interlocks R
interlocks []
actuate state mode=None-script, software_lock=False
doing actuation None-script open_channel True
Open R ===>> OK
set states for children of R. state=True
handle state [('R', True)]
update switch state R True args=() kw={'refresh': False} ncanvase=2
refresh_canvas_needed fired
Get Checksum: -1252573911
GetIndicatorState R ===>> OK
change switch state (True, True)
update switch state R True args=() kw={} ncanvase=2
01:38:31 -- OPEN   VALVE-R (Jan Inlet)
---------------------------------------- open R () result=[(True, True)], time=0.38 sec
action=open, ok=True, locked=[False]
open ('S',) {}
opening name=S desc=---
checking ownership. requestor=129.138.12.150
check software interlocks S
interlocks []
actuate state mode=None-script, software_lock=False
doing actuation None-script open_channel True
Open S ===>> OK
GetIndicatorState S ===>> OK
change switch state (True, True)
update switch state S True args=() kw={} ncanvase=2
01:38:32 -- OPEN   VALVE-S (Microbone to Inlet Pipette)
---------------------------------------- open S () result=[(True, True)], time=0.42 sec
action=open, ok=True, locked=[False]
sleep (12.0,) {}
SLEEP 12.0
block started
WaitControl setup for 12.0  
Get Checksum: 594863745
Get Checksum: 594863745
Get Checksum: 594863745
Get Checksum: 594863745
Join finished
block finished. duration 12.0293939114
close ('R',) {}
closing name=R desc=---
checking ownership. requestor=129.138.12.150
check software interlocks R
interlocks []
actuate state mode=None-script, software_lock=False
doing actuation None-script close_channel True
Close R ===>> OK
GetIndicatorState R ===>> False
change switch state (True, True)
update switch state R False args=() kw={} ncanvase=2
01:38:45 -- CLOSE  VALVE-R (Jan Inlet)
---------------------------------------- close R () result=[(True, True)]
action=close, ok=True, locked=[False]
post_equilibration () {}
multicollect () {'integration_time': 1, 'ncounts': 120.0}
Post Equilibration Started jan_pump_extraction_line.py
01:38:45 -- ******* Post Equilibration Started jan_pump_extraction_line.py *******
build tables- signal [Detector(H2), Detector(H1), Detector(AX), Detector(L1), Detector(L2), Detector(CDD)]
testing...
add group /signal/PM41 (Group) '' table H2
no interpolation path defined
add group /signal/Ar40 (Group) '' table H1
calculate duration
add group /signal/Ar39 (Group) '' table AX
testing...
add group /signal/Ar38 (Group) '' table L1
no interpolation path defined
add group /signal/Ar37 (Group) '' table L2
executed 4.0
add group /signal/Ar36 (Group) '' table CDD
executed 4.0
flush and close file /Users/jan/PychronDev/data/isotopes/d3/ed6dd8-2958-41e4-9065-257ad5456f52.h5
Pump after analysis
measuring signal. ncounts=120.0
doing GOSUB
testing...
no interpolation path defined
executed 4.0
Pump Microbone
close () {'description': 'Jan Inlet'}
closing name=--- desc=Jan Inlet
checking ownership. requestor=129.138.12.150
check software interlocks R
interlocks []
actuate state mode=None-script, software_lock=False
doing actuation None-script close_channel False
Close R ===>> OK
GetIndicatorState R ===>> False
change switch state (True, True)
update switch state R False args=() kw={} ncanvase=2
01:38:46 -- CLOSE  VALVE-R (Jan Inlet)
---------------------------------------- close None (Jan Inlet) result=[(True, True)]
starting measurement
GetData ===>> H2,0.0859710341706337,H1,8.9941496195842,AX,2.01124023290265,L1,0.121983381470095,L2,0.1074604942...
action=close, ok=True, locked=[False]
is_closed ('F',) {}
is F () closed?
is closed True
open () {'description': 'CO2 Laser to Jan'}
opening name=--- desc=CO2 Laser to Jan
checking ownership. requestor=129.138.12.150
check software interlocks A
interlocks []
actuate state mode=None-script, software_lock=False
doing actuation None-script open_channel False
Open A ===>> OK
GetIndicatorState A ===>> OK
change switch state (True, True)
update switch state A True args=() kw={} ncanvase=2
01:38:46 -- OPEN   VALVE-A (CO2 Laser to Jan)
---------------------------------------- open None (CO2 Laser to Jan) result=[(True, True)], time=0.15 sec
action=open, ok=True, locked=[False]
sleep (1,) {}
SLEEP 1.0
Get Checksum: 1281862853
GetData ===>> H2,0.345225348887558,H1,9.08914776560785,AX,2.26272514170955,L1,0.0961930364567941,L2,0.104348458...
close () {'description': 'CO2 Laser to Roughing'}
closing name=--- desc=CO2 Laser to Roughing
checking ownership. requestor=129.138.12.150
check software interlocks G
interlocks []
actuate state mode=None-script, software_lock=True
VALVE-G(CO2 Laser to Roughing) software locked
change switch state (True, False)
---------------------------------------- close None (CO2 Laser to Roughing) result=[(True, False)]
action=close, ok=True, locked=[True]
open () {'description': 'Microbone to Turbo'}
opening name=--- desc=Microbone to Turbo
checking ownership. requestor=129.138.12.150
check software interlocks U
interlocks []
actuate state mode=None-script, software_lock=False
doing actuation None-script open_channel True
Open U ===>> OK
GetIndicatorState U ===>> OK
change switch state (True, True)
update switch state U True args=() kw={} ncanvase=2
01:38:47 -- OPEN   VALVE-U (Microbone to Turbo)
---------------------------------------- open None (Microbone to Turbo) result=[(True, True)], time=0.17 sec
action=open, ok=True, locked=[False]
open () {'description': 'Microbone to Getter NP-10'}
opening name=--- desc=Microbone to Getter NP-10
checking ownership. requestor=129.138.12.150
check software interlocks M
interlocks []
actuate state mode=None-script, software_lock=False
doing actuation None-script open_channel False
Open M ===>> OK
GetData ===>> H2,0.208467166637139,H1,9.05407319163862,AX,1.9692711062308,L1,0.0881539380934661,L2,-0.016023740...
GetIndicatorState M ===>> OK
change switch state (True, True)
update switch state M True args=() kw={} ncanvase=2
01:38:48 -- OPEN   VALVE-M (Microbone to Getter NP-10)
---------------------------------------- open None (Microbone to Getter NP-10) result=[(True, True)], time=0.18 sec
action=open, ok=True, locked=[False]
open () {'description': 'Microbone to Getter D-50'}
opening name=--- desc=Microbone to Getter D-50
checking ownership. requestor=129.138.12.150
check software interlocks K
interlocks []
actuate state mode=None-script, software_lock=False
doing actuation None-script open_channel False
Open K ===>> OK
GetIndicatorState K ===>> OK
change switch state (True, True)
update switch state K True args=() kw={} ncanvase=2
01:38:49 -- OPEN   VALVE-K (Microbone to Getter D-50)
---------------------------------------- open None (Microbone to Getter D-50) result=[(True, True)], time=0.40 sec
action=open, ok=True, locked=[False]
open () {'description': 'Microbone to CO2 Laser'}
opening name=--- desc=Microbone to CO2 Laser
checking ownership. requestor=129.138.12.150
check software interlocks T
interlocks []
actuate state mode=None-script, software_lock=False
doing actuation None-script open_channel False
GetData ===>> H2,0.130471360630885,H1,9.08626806654655,AX,2.09235299927347,L1,0.0434590019472871,L2,0.078190843...
Open T ===>> OK
GetIndicatorState T ===>> OK
change switch state (True, True)
update switch state T True args=() kw={} ncanvase=2
01:38:49 -- OPEN   VALVE-T (Microbone to CO2 Laser)
---------------------------------------- open None (Microbone to CO2 Laser) result=[(True, True)], time=0.40 sec
action=open, ok=True, locked=[False]
open () {'description': 'Microbone to Inlet Pipette'}
opening name=--- desc=Microbone to Inlet Pipette
checking ownership. requestor=129.138.12.150
check software interlocks S
interlocks []
actuate state mode=None-script, software_lock=False
doing actuation None-script open_channel False
Open S ===>> OK
Get Checksum: 799532470
GetIndicatorState S ===>> OK
change switch state (True, True)
update switch state S True args=() kw={} ncanvase=2
01:38:50 -- OPEN   VALVE-S (Microbone to Inlet Pipette)
---------------------------------------- open None (Microbone to Inlet Pipette) result=[(True, True)], time=0.41 sec
GetData ===>> H2,-0.0084889517216111,H1,9.1641974709096,AX,1.96448012576463,L1,0.0316105320455117,L2,-0.0274301...
action=open, ok=True, locked=[False]
sleep (1,) {}
SLEEP 1.0
GetData ===>> H2,-0.0847392996553867,H1,9.08207955482767,AX,1.9511626607961,L1,0.0256128554448787,L2,0.03511117...
set_resource () {'name': 'CO2PumpTimeFlag', 'value': 30}
Set CO2PumpTimeFlag 30 ===>> OK
release ('JanCO2Flag',) {}
release JanCO2Flag
Set JanCO2Flag 0 ===>> OK
executed 6.0
PumpMicrobone.py completed successfully
gosub finished
get_resource_value () {'name': 'JanMiniboneFlag'}
Read JanMiniboneFlag ===>> 0
Get Resource Value JanMiniboneFlag=0.0
get resource value 0.0
get_resource_value () {'name': 'JanMiniboneFlag'}
Read JanMiniboneFlag ===>> 0
Get Resource Value JanMiniboneFlag=0.0
executed 4.0
jan_pump_extraction_line.py completed successfully
Post Equilibration Finished
01:38:51 -- ******* Post Equilibration Finished *******
GetData ===>> H2,-0.0886505145150193,H1,9.11449502878072,AX,1.94882028534673,L1,0.0289650124739071,L2,0.1370127...
Get Checksum: 799532470
GetData ===>> H2,-0.137066328899225,H1,9.04218490622786,AX,1.80343615071597,L1,0.00901853575028799,L2,0.0675776...
GetData ===>> H2,-0.0507726908833788,H1,9.17722253987276,AX,1.89269552161274,L1,0.0103122819592104,L2,0.0733947...
GetData ===>> H2,-0.102294462502532,H1,9.11066698652625,AX,1.85539861824052,L1,-0.00447319984475413,L2,0.035897...
Get Checksum: 799532470
GetData ===>> H2,-0.141318871664028,H1,9.19279486401236,AX,1.92901773136644,L1,0.0167174519596386,L2,0.09028286...
GetData ===>> H2,-0.138415528155669,H1,9.17288067015056,AX,1.74635361786672,L1,-0.0216014157820262,L2,0.0540058...
GetData ===>> H2,-0.103430042362393,H1,9.28653282990173,AX,1.93895949671406,L1,-0.000891676349523297,L2,-0.0045...
Get Checksum: 799532470
GetData ===>> H2,-0.0448051762460014,H1,9.19194631232452,AX,1.89058665082398,L1,0.0296497534273888,L2,-0.032899...
GetData ===>> H2,-0.0917846268485704,H1,9.22525712946494,AX,1.81943878621934,L1,-0.0142370257337364,L2,-0.02062...
GetData ===>> H2,-0.024262272003663,H1,9.21293750696208,AX,1.94117281805297,L1,0.0217219593761486,L2,0.08013959...
Get Checksum: 799532470
GetData ===>> H2,-0.121730534775695,H1,9.14881650233037,AX,1.9459158172933,L1,0.00716701551598828,L2,0.07443274...
GetData ===>> H2,-0.223725497996074,H1,9.22499499474501,AX,1.92288220831624,L1,0.0023573933088263,L2,0.08075499...
GetData ===>> H2,-0.148745506951386,H1,9.30218211582432,AX,1.81604371520618,L1,0.015401268416031,L2,0.089359669...
Get Checksum: 799532470
GetData ===>> H2,-0.0809870808667759,H1,9.30744898826037,AX,1.94846893384268,L1,0.0336401952079188,L2,0.0308469...
GetData ===>> H2,-0.119452650327665,H1,9.37649196317538,AX,1.91178303659557,L1,0.00519467487399481,L2,0.0496724...
GetData ===>> H2,-0.229550216758721,H1,9.35919573554667,AX,1.95316543606215,L1,0.00601883594579339,L2,0.0241090...
Get Checksum: 799532470
GetData ===>> H2,-0.171993505310574,H1,9.30561428936951,AX,2.00129115685671,L1,0.023487223521383,L2,0.019959350...
GetData ===>> H2,-0.165337762609636,H1,9.28459867062343,AX,1.89154735301631,L1,0.000160825815516714,L2,-0.00990...
01:39:11 -- collecting point 25
GetData ===>> H2,-0.166346091731033,H1,9.35955786556251,AX,1.92212114913878,L1,-0.0162223305355933,L2,-0.110370...
Get Checksum: 799532470
GetData ===>> H2,-0.151868995839136,H1,9.35849645354063,AX,1.86005995714578,L1,0.0341605949999789,L2,0.00185783...
GetData ===>> H2,-0.0837790120854594,H1,9.38209980072184,AX,1.97174282802522,L1,0.0149221530320785,L2,-0.005413...
GetData ===>> H2,-0.0950140400280535,H1,9.5279197314053,AX,1.85503555841137,L1,-0.0145630026324257,L2,0.0249640...
GetData ===>> H2,-0.130067155775499,H1,9.48789029796771,AX,1.95287263011434,L1,0.0225090199089439,L2,0.05648058...
Get Checksum: 799532470
GetData ===>> H2,-0.143521564792486,H1,9.54312842482376,AX,1.92006046463457,L1,0.0366560025489392,L2,0.00209718...
GetData ===>> H2,-0.122647511233242,H1,9.43623943555438,AX,1.82248274273452,L1,0.0539671111327574,L2,-0.0114653...
GetData ===>> H2,-0.207388113647797,H1,9.52724495141239,AX,1.89319931410817,L1,-0.00127328622011605,L2,0.020061...
Get Checksum: 799532470
GetData ===>> H2,-0.182096465816572,H1,9.52979414305719,AX,1.96357818244867,L1,0.0104935157049816,L2,0.06289005...
GetData ===>> H2,-0.168170844789218,H1,9.56263927166601,AX,1.89376169017656,L1,0.0162803062443327,L2,0.02343642...
GetData ===>> H2,-0.289368118015202,H1,9.60042138891455,AX,1.92106738462029,L1,-0.0171926010625415,L2,0.0915707...
Get Checksum: 799532470
GetData ===>> H2,-0.286021312749521,H1,9.50048218004624,AX,1.88844267857443,L1,-0.00425606501754726,L2,0.060951...
GetData ===>> H2,-0.0749348665249542,H1,9.51070170392325,AX,1.92591479493921,L1,0.00477176954562617,L2,0.007613...
GetData ===>> H2,-0.240976316694574,H1,9.53835438214627,AX,1.95970109177164,L1,0.0122087964810953,L2,0.04406202...
Get Checksum: 799532470
GetData ===>> H2,-0.174186131037723,H1,9.51326298764072,AX,1.96166890116611,L1,-0.0247273019815691,L2,-0.060240...
GetData ===>> H2,-0.217462529165264,H1,9.62051984177228,AX,1.85536348335972,L1,-0.0266337594099727,L2,-0.071527...
GetData ===>> H2,-0.104527616570027,H1,9.66592633808443,AX,1.87673952338557,L1,-0.0118146386863921,L2,0.0274836...
Get Checksum: 799532470
GetData ===>> H2,-0.0274188090225604,H1,9.60783688298987,AX,1.93278822366871,L1,-0.00445160653572256,L2,0.06785...
GetData ===>> H2,-0.163630012636961,H1,9.60569846581965,AX,1.88968453658255,L1,-0.0298131803766189,L2,0.0078988...
GetData ===>> H2,-0.0920122329983474,H1,9.66936418374862,AX,1.9156348223404,L1,0.0315396394119769,L2,0.05442781...
Get Checksum: 799532470
GetData ===>> H2,-0.15329702528772,H1,9.70677522494741,AX,1.89776871280577,L1,0.0365970961245113,L2,-0.00777287...
GetData ===>> H2,-0.132617431142191,H1,9.64380180838995,AX,1.85760042916436,L1,0.0244414840966657,L2,0.02700482...
GetData ===>> H2,-0.215926404710665,H1,9.67043931496649,AX,1.96031017142327,L1,0.0511306894152267,L2,-0.0067813...
Get Checksum: 799532470
GetData ===>> H2,-0.0379759163614065,H1,9.70000974076168,AX,1.8245316127204,L1,0.0133612834575987,L2,0.00311160...
GetData ===>> H2,-0.0763350492661665,H1,9.74936651985747,AX,1.8534076614751,L1,0.0064795317769365,L2,0.17664675...
Get Checksum: 799532470
01:39:37 -- collecting point 50
GetData ===>> H2,-0.174935427095692,H1,9.69216932779104,AX,1.98393834604229,L1,-0.00636243508736501,L2,0.067748...
GetData ===>> H2,-0.08784415045968,H1,9.73835742184115,AX,1.94201600119418,L1,0.00487503275233577,L2,0.02228498...
GetData ===>> H2,-0.161457490726175,H1,9.80282572427427,AX,1.83947209349578,L1,0.000566494560013072,L2,-0.02929...
Get Checksum: 799532470
GetData ===>> H2,-0.161674896694678,H1,9.7048493310713,AX,1.86616219476716,L1,-0.0155446448227267,L2,-0.0036015...
GetData ===>> H2,-0.200449288803997,H1,9.74037150007019,AX,1.80358832151382,L1,0.0323158808122261,L2,0.04619439...
GetData ===>> H2,-0.105400457475648,H1,9.82445083882924,AX,1.89364452823027,L1,0.0114165381411278,L2,0.04512250...
Get Checksum: 799532470
GetData ===>> H2,-0.0442642477404629,H1,9.76603248764276,AX,1.87922295935133,L1,-0.0317641810098681,L2,0.024428...
GetData ===>> H2,-0.129667094597787,H1,9.73534263161626,AX,1.92392428351655,L1,-0.0280426999626042,L2,0.1073009...
GetData ===>> H2,-0.114485439983806,H1,9.88817638589599,AX,1.95700713087248,L1,-0.00188407192078906,L2,-0.05857...
Get Checksum: 799532470
GetData ===>> H2,-0.121861729163456,H1,9.87450961118885,AX,1.94178178292956,L1,0.0481904573047819,L2,0.00418302...
GetData ===>> H2,-0.19457494201332,H1,9.83625960586514,AX,1.82290422106962,L1,-0.000652862815804815,L2,0.008822...
GetData ===>> H2,-0.150520045893506,H1,9.8695414534091,AX,1.96749056789497,L1,-0.0266529299937934,L2,0.05693675...
Get Checksum: 799532470
GetData ===>> H2,-0.140549855349008,H1,9.84596780716751,AX,1.94645454278922,L1,0.012906275456174,L2,0.028703565...
GetData ===>> H2,-0.209387559671803,H1,9.90411068597228,AX,2.0108183435185,L1,0.0363061755621666,L2,0.022752396...
GetData ===>> H2,-0.313357669521614,H1,9.97398477096854,AX,1.80981582097495,L1,0.0342519381489145,L2,-0.0072942...
Get Checksum: 799532470
testing age>100.0
evaluate ot="age>100.0" t="age>100.0", ctx="{'age': 21.35371215249446}"
testing Ar39<0.5
evaluate ot="Ar39<0.5" t="Ar39<0.5", ctx="{'Ar39': 1.9872090480499685}"
GetData ===>> H2,-0.218249463978531,H1,9.97861964190248,AX,1.9912962200467,L1,0.00799493778555977,L2,-0.0124682...
GetData ===>> H2,-0.173439653973735,H1,9.94782037486333,AX,1.92819807826299,L1,0.00646513471328823,L2,0.0455900...
GetData ===>> H2,-0.209759385310973,H1,9.90315931663088,AX,1.81515399185925,L1,-0.014023696899883,L2,0.03492874...
Get Checksum: 799532470
GetData ===>> H2,-0.235817254107993,H1,9.88536028412044,AX,1.89706571456376,L1,-0.0476759974549543,L2,0.0419753...
GetData ===>> H2,-0.169431264396241,H1,9.93423349093006,AX,1.9736757343328,L1,-0.0168999706093018,L2,0.04890837...
testing age>100.0
evaluate ot="age>100.0" t="age>100.0", ctx="{'age': 21.68747350280178}"
testing Ar39<0.5
evaluate ot="Ar39<0.5" t="Ar39<0.5", ctx="{'Ar39': 1.9777419996127183}"
GetData ===>> H2,-0.209836173865453,H1,9.95824026324132,AX,1.82413354320764,L1,0.0099210202202874,L2,0.02196577...
Get Checksum: 799532470
GetData ===>> H2,-0.147836522139368,H1,9.86257141153482,AX,1.8804178424121,L1,0.0231098708340846,L2,0.101681080...
GetData ===>> H2,-0.132156214593464,H1,10.0853711182909,AX,2.01965496031218,L1,0.00813293144584301,L2,0.0606318...
Get Checksum: 799532470
GetData ===>> H2,-0.148499696553191,H1,10.058563944016,AX,1.96027503211006,L1,0.0242888444102348,L2,0.090248672...
GetData ===>> H2,-0.175108230683377,H1,9.97486162276402,AX,1.9504833661704,L1,0.0443997810299676,L2,-0.02336230...
testing age>100.0
evaluate ot="age>100.0" t="age>100.0", ctx="{'age': 22.16834244388664}"
testing Ar39<0.5
evaluate ot="Ar39<0.5" t="Ar39<0.5", ctx="{'Ar39': 1.9685706318542717}"
01:40:03 -- collecting point 75
GetData ===>> H2,-0.153449724906914,H1,10.0990905172067,AX,1.96040387631996,L1,0.0567237023745067,L2,0.04976364...
Get Checksum: 799532470
GetData ===>> H2,-0.162069187560916,H1,10.0946174206117,AX,2.02108483235409,L1,0.0311659593590649,L2,0.04113152...
GetData ===>> H2,-0.251169159265711,H1,10.0746850094632,AX,1.8420482680796,L1,0.0189334959350043,L2,0.024633473...
GetData ===>> H2,-0.21892586073764,H1,10.092963550729,AX,1.87468956456262,L1,0.0168519621482521,L2,-0.052460347...
Get Checksum: 799532470
GetData ===>> H2,-0.218114718753785,H1,10.084368857943,AX,1.83058480962112,L1,0.0277722326942811,L2,0.060996820...
testing age>100.0
evaluate ot="age>100.0" t="age>100.0", ctx="{'age': 22.366991526898875}"
testing Ar39<0.5
evaluate ot="Ar39<0.5" t="Ar39<0.5", ctx="{'Ar39': 1.9670650159413916}"
GetData ===>> H2,-0.182185511666184,H1,9.97863216885764,AX,1.88751715309408,L1,-0.000694865606568961,L2,0.03541...
GetData ===>> H2,-0.163114262043906,H1,10.0663799094573,AX,1.92879525341977,L1,0.000534088468026497,L2,0.029752...
Get Checksum: 799532470
GetData ===>> H2,-0.195381311739033,H1,10.1702471051741,AX,1.89519107716664,L1,0.0385447969548627,L2,0.13484620...
GetData ===>> H2,-0.169975063811848,H1,10.187489233631,AX,1.7795599611184,L1,-0.000458447616365596,L2,0.0469584...
GetData ===>> H2,-0.183065139095213,H1,10.1179372491503,AX,1.87976182638417,L1,-0.0407271849664627,L2,0.0141113...
Get Checksum: 799532470
testing age>100.0
evaluate ot="age>100.0" t="age>100.0", ctx="{'age': 22.552759103824716}"
testing Ar39<0.5
evaluate ot="Ar39<0.5" t="Ar39<0.5", ctx="{'Ar39': 1.9711967955391043}"
GetData ===>> H2,-0.204699621983343,H1,10.0769148463688,AX,1.99646346382318,L1,-0.000127213076022969,L2,0.00039...
GetData ===>> H2,-0.169788852558917,H1,10.1131751229593,AX,1.9433042116241,L1,0.00123384319461503,L2,0.04889697...
GetData ===>> H2,-0.113081887181049,H1,10.1289034913549,AX,2.00711516992333,L1,0.00243302137660543,L2,0.0651254...
Get Checksum: 799532470
GetData ===>> H2,-0.13239561672561,H1,10.1954956496944,AX,1.90439599142375,L1,0.00327457200361192,L2,0.04566984...
GetData ===>> H2,-0.148938639954493,H1,10.1868627792064,AX,1.85708510729212,L1,0.0274251158381571,L2,-0.0485302...
testing age>100.0
evaluate ot="age>100.0" t="age>100.0", ctx="{'age': 22.902191041145727}"
testing Ar39<0.5
evaluate ot="Ar39<0.5" t="Ar39<0.5", ctx="{'Ar39': 1.9621152139532905}"
GetData ===>> H2,-0.133396452296099,H1,10.1972373451523,AX,1.87306134202416,L1,0.0546203949243905,L2,-0.0183142...
Get Checksum: 799532470
GetData ===>> H2,-0.132808133972772,H1,10.2695744925746,AX,1.88059356173459,L1,0.0255311973042769,L2,-0.0278517...
GetData ===>> H2,-0.214139540811523,H1,10.2548297739255,AX,1.92582112290967,L1,0.0017163782077436,L2,-0.0887236...
GetData ===>> H2,-0.139746995342689,H1,10.2281039694003,AX,1.95303660133769,L1,0.00876052645997981,L2,0.0991733...
Get Checksum: 799532470
GetData ===>> H2,-0.0133783962374503,H1,10.3030837796077,AX,1.94661850330869,L1,0.0333060958669773,L2,-0.028489...
testing age>100.0
evaluate ot="age>100.0" t="age>100.0", ctx="{'age': 23.390408812711076}"
testing Ar39<0.5
evaluate ot="Ar39<0.5" t="Ar39<0.5", ctx="{'Ar39': 1.9587744092751893}"
GetData ===>> H2,-0.173974159013403,H1,10.2363015009908,AX,1.90430233989815,L1,0.059748275446269,L2,0.061726737...
GetData ===>> H2,-0.195091098671688,H1,10.3161668347773,AX,1.80577726599471,L1,0.0423799809825804,L2,0.03400520...
Get Checksum: 799532470
GetData ===>> H2,-0.0954582834665758,H1,10.3006003152027,AX,1.90927770074322,L1,0.0332892710129786,L2,-0.083041...
GetData ===>> H2,-0.17558342695474,H1,10.325387414267,AX,1.95938484036383,L1,0.0315396394119769,L2,-0.000934601...
Get Checksum: 799532470
GetData ===>> H2,-0.24763311321583,H1,10.302607150582,AX,2.00409179614602,L1,0.0417629338913978,L2,-0.001116962...
testing age>100.0
evaluate ot="age>100.0" t="age>100.0", ctx="{'age': 23.509669553342693}"
testing Ar39<0.5
evaluate ot="Ar39<0.5" t="Ar39<0.5", ctx="{'Ar39': 1.955786972195116}"
01:40:30 -- collecting point 100
GetData ===>> H2,-0.20767511785888,H1,10.3583748479057,AX,1.93883068060446,L1,-0.0204865051093979,L2,0.04271649...
GetData ===>> H2,-0.202630598059448,H1,10.3771923223651,AX,2.01585769612823,L1,-0.00620531221273565,L2,0.048269...
Get Checksum: 799532470
GetData ===>> H2,-0.270490311999793,H1,10.2804212039245,AX,1.97521037185478,L1,0.0212833950523647,L2,0.08590631...
GetData ===>> H2,-0.196954003102553,H1,10.3364029884155,AX,1.96292222887017,L1,0.0410581270424397,L2,0.08826552...
GetData ===>> H2,-0.198633007743115,H1,10.4041450302574,AX,1.90431404633398,L1,-0.00490265714875391,L2,-0.03483...
Get Checksum: 799532470
testing age>100.0
evaluate ot="age>100.0" t="age>100.0", ctx="{'age': 23.6973038963008}"
testing Ar39<0.5
evaluate ot="Ar39<0.5" t="Ar39<0.5", ctx="{'Ar39': 1.9475986600598925}"
GetData ===>> H2,-0.07296374609575,H1,10.3719756570221,AX,1.92598504901992,L1,0.00575850412924598,L2,-0.0376276...
GetData ===>> H2,-0.189099267192692,H1,10.402501833838,AX,1.85548059967789,L1,0.0523238621831495,L2,0.077791981...
GetData ===>> H2,-0.239461943066613,H1,10.4121606842132,AX,1.8629997594462,L1,0.00824932756800484,L2,0.03390259...
Get Checksum: 799532470
GetData ===>> H2,-0.142598647901404,H1,10.364285822422,AX,1.9080952980586,L1,-0.0139637722565634,L2,0.073543044...
GetData ===>> H2,-0.128182960676597,H1,10.4425479360724,AX,1.96329705895062,L1,-0.0244948116785995,L2,0.0391703...
testing age>100.0
evaluate ot="age>100.0" t="age>100.0", ctx="{'age': 23.651301763226563}"
testing Ar39<0.5
evaluate ot="Ar39<0.5" t="Ar39<0.5", ctx="{'Ar39': 1.9485293649158126}"
GetData ===>> H2,-0.0956506029839396,H1,10.478743039141,AX,2.02943007405375,L1,-0.0053716803701766,L2,-0.004923...
Get Checksum: 799532470
GetData ===>> H2,-0.0720621225760728,H1,10.5244816139016,AX,1.82970666315382,L1,0.00487623349352483,L2,-0.00662...
GetData ===>> H2,-0.155215755990989,H1,10.5275834659419,AX,1.97217626431651,L1,-0.0165833444673867,L2,0.0374143...
GetData ===>> H2,-0.152392947351595,H1,10.4907313298131,AX,1.8414159280635,L1,-0.0144994859032747,L2,0.01790736...
Get Checksum: 799532470
GetData ===>> H2,-0.143889089116465,H1,10.5167964467999,AX,1.89637443786218,L1,0.00355550470038377,L2,0.0860202...
testing age>100.0
evaluate ot="age>100.0" t="age>100.0", ctx="{'age': 23.748684316128273}"
testing Ar39<0.5
evaluate ot="Ar39<0.5" t="Ar39<0.5", ctx="{'Ar39': 1.9480679846620725}"
GetData ===>> H2,-0.087842795177834,H1,10.5619611138221,AX,1.9245916857962,L1,0.0427119751453822,L2,0.053481279...
GetData ===>> H2,-0.23085720181219,H1,10.4557494245095,AX,1.83482344026699,L1,0.0595291951587885,L2,-0.05833812...
Get Checksum: 799532470
GetData ===>> H2,-0.223888458597658,H1,10.5690402004783,AX,1.89057493500153,L1,0.0618213472231135,L2,0.04605755...
GetData ===>> H2,-0.145587383235411,H1,10.5895017394065,AX,1.91497918857588,L1,0.0193046858965202,L2,0.00371570...
GetData ===>> H2,-0.183624989059863,H1,10.534880085238,AX,1.92295246022966,L1,0.011428541590612,L2,-0.016422590...
Get Checksum: 799532470
testing age>100.0
evaluate ot="age>100.0" t="age>100.0", ctx="{'age': 23.814696435183347}"
testing Ar39<0.5
evaluate ot="Ar39<0.5" t="Ar39<0.5", ctx="{'Ar39': 1.9493811123224172}"
GetData ===>> H2,-0.19250468813445,H1,10.5671072297906,AX,1.94214482147757,L1,0.0169984842179179,L2,0.045304950...
measurement finished
estimated time: 125.829 actual time: :126.109
flush and close file /Users/jan/PychronDev/data/isotopes/d3/ed6dd8-2958-41e4-9065-257ad5456f52.h5
baselines () {'settling_time': 15.0, 'detector': 'H1', 'mass': 34.2, 'ncounts': 60.0}
%%%%%%%%%%%%%%%%%%%%%%%%%%%%%%%% Baseline
build tables- baseline [Detector(H2), Detector(H1), Detector(AX), Detector(L1), Detector(L2), Detector(CDD)]
add group baseline table H2
add group baseline table H1
add group baseline table AX
add group baseline table L1
add group baseline table L2
add group baseline table CDD
flush and close file /Users/jan/PychronDev/data/isotopes/d3/ed6dd8-2958-41e4-9065-257ad5456f52.h5
detector Detector(H1)
POSITION 34.2 H1
Mapping mass to dac mass func: "parabolic"
H1 map mass coeffs = [-0.00063987  0.15840543  0.57023999]
H1 map mass to dac 34.2 >> 5.23928599104
GetDeflection H1 ===>> 0
GetHighVoltage ===>> 4499.94659342336
positioning 34.2 (5.23925513738) on H1
setting magnet DAC
current  : 5.878595
requested: 5.239255
Delta Dac: 0.639340
Checking detector protection. dv=0.63934
Checking detector "CDD". Protection Threshold: 0.1 (V)
ProtectDetector CDD,On ===>> OK
GetDeflection CDD ===>> 2000
SetMagnetDAC 5.23925513738 ===>> OK
Magnet settling time: 0.500
GetMagnetMoving ===>> True
GetMagnetMoving ===>> True
Get Checksum: 799532470
GetMagnetMoving ===>> True
GetMagnetMoving ===>> True
GetMagnetMoving ===>> True
GetMagnetMoving ===>> True
GetMagnetMoving ===>> True
GetMagnetMoving ===>> True
GetMagnetMoving ===>> False
ProtectDetector CDD,Off ===>> OK
GetDeflection CDD ===>> 50
Delaying 15.0s for detectors to settle
Get Checksum: 799532470
Get Checksum: 799532470
Get Checksum: 799532470
Get Checksum: 799532470
Join finished
measuring baseline. ncounts=60.0
Get Checksum: 799532470
starting measurement
GetData ===>> H2,-0.29750669770025,H1,-0.0247155589635504,AX,-0.127362391446003,L1,-0.0155422458541771,L2,-0.07...
GetData ===>> H2,-0.224371939446781,H1,-0.0772461322257055,AX,-0.138965130851849,L1,-0.0163446689335339,L2,-0.0...
GetData ===>> H2,-0.175441680153696,H1,-0.0447486261516026,AX,-0.0829562138592593,L1,-0.0128455129541938,L2,-0....
Get Checksum: 799532470
GetData ===>> H2,-0.0943178431263172,H1,-0.000467799573544547,AX,-0.00344496599012518,L1,0.0137730894129953,L2,...
GetData ===>> H2,-0.187018571166038,H1,0.007107102043258,AX,0.00967593651264179,L1,-0.00651955550971981,L2,-0.0...
GetData ===>> H2,-0.189900159042887,H1,-0.0563492773563155,AX,-0.0810552883588935,L1,-0.0471386057278918,L2,0.0...
Get Checksum: 799532470
GetData ===>> H2,-0.238670349635693,H1,0.00423215063085642,AX,-0.140808757622516,L1,-0.00647277945712938,L2,0.0...
GetData ===>> H2,-0.185308419264713,H1,0.0739117326319374,AX,-0.0740539985608915,L1,-0.0131331799513247,L2,-0.0...
GetData ===>> H2,-0.179785076264403,H1,-0.0444863142773809,AX,-0.0897482417996374,L1,-0.0269560599930035,L2,-0....
Get Checksum: 799532470
GetData ===>> H2,-0.160816051295814,H1,-0.114344283576639,AX,-0.0368482985476135,L1,-0.00984369676683289,L2,0.0...
GetData ===>> H2,-0.248420043169201,H1,-0.0419108520890664,AX,-0.149029284408099,L1,-0.0322934848311055,L2,0.02...
GetData ===>> H2,-0.195161175567202,H1,0.00558014661364861,AX,-0.192450890598896,L1,-0.0263929258376552,L2,-0.0...
Get Checksum: 799532470
GetData ===>> H2,-0.280595086897381,H1,-0.0267786731160456,AX,-0.144890121512502,L1,-0.0411715068122339,L2,0.01...
GetData ===>> H2,-0.267275517199276,H1,-0.0282693360678764,AX,-0.0171208411895167,L1,0.000835349122319081,L2,0....
GetData ===>> H2,-0.172937839722356,H1,0.0185480794453021,AX,-0.0729991248067665,L1,0.0082541274369663,L2,-0.08...
Get Checksum: 799532470
GetData ===>> H2,-0.0754770680923266,H1,0.0415771598736071,AX,-0.199948601637144,L1,-0.0299952418766714,L2,0.00...
GetData ===>> H2,-0.143810720958199,H1,-0.0607483504445614,AX,-0.144159662716697,L1,-0.0568766560903812,L2,-0.0...
GetData ===>> H2,-0.13814516039943,H1,-0.0403369259014184,AX,-0.0432376992888067,L1,-0.0708851051316607,L2,-0.0...
Get Checksum: 799532470
GetData ===>> H2,-0.292709902274853,H1,0.0435939481856497,AX,-0.180096368444199,L1,-0.0451431827125821,L2,-0.00...
GetData ===>> H2,-0.20420767339203,H1,-0.0289848463988161,AX,-0.0422288744281873,L1,-0.0564948340802869,L2,-0.1...
Get Checksum: 799532470
GetData ===>> H2,-0.226255835998042,H1,-0.0644558201381649,AX,-0.0567688563581715,L1,-0.0282152097309347,L2,0.0...
GetData ===>> H2,-0.178851211230613,H1,-0.0912623413043655,AX,0.00761081424855453,L1,-0.0380201099902279,L2,0.0...
GetData ===>> H2,-0.0760531289416624,H1,0.0191326900459422,AX,-0.0625077249289428,L1,0.0325454001615757,L2,-0.0...
Get Checksum: 799532470
GetData ===>> H2,-0.17237934288259,H1,-0.0544536821806883,AX,-0.108985883863141,L1,0.00529544204172193,L2,-0.06...
01:41:35 -- collecting point 25
GetData ===>> H2,-0.179973999129892,H1,0.0192997222731918,AX,-0.109263990552738,L1,-0.0214383827949805,L2,-0.06...
GetData ===>> H2,-0.157120653201483,H1,0.0505993214365621,AX,-0.076268037051673,L1,-0.00580349828741292,L2,-0.0...
Get Checksum: 799532470
GetData ===>> H2,-0.162375698722178,H1,-0.0159617576992897,AX,-0.0293683400320669,L1,-0.0344111400744373,L2,-0....
GetData ===>> H2,-0.216705965202125,H1,-0.00177992900829409,AX,-0.0476787234615187,L1,-0.0287902209197435,L2,0....
GetData ===>> H2,-0.10752882552529,H1,-0.015341568350302,AX,-0.0661479630920853,L1,-0.00480549103821249,L2,-0.0...
Get Checksum: 799532470
GetData ===>> H2,-0.13900761103369,H1,-0.0629180117595716,AX,0.0456950007681232,L1,-0.0323533590746406,L2,-0.02...
GetData ===>> H2,-0.147251653861239,H1,-0.0457144048537248,AX,-0.0671101688957598,L1,-0.0413295896312124,L2,0.0...
GetData ===>> H2,-0.22419147826235,H1,-0.0551451613105101,AX,0.0325576383930763,L1,-0.0197143870261024,L2,0.008...
Get Checksum: 799532470
GetData ===>> H2,-0.213534878601827,H1,-0.0262658799282665,AX,-0.0277910970953181,L1,-0.0291986984762807,L2,-0....
GetData ===>> H2,-0.11678867721244,H1,-0.0324669236555718,AX,-0.0683389962078733,L1,-0.0366363454064425,L2,0.04...
GetData ===>> H2,-0.189966223348767,H1,-0.0279354294962396,AX,-0.029600285366942,L1,-0.0363523805460418,L2,-0.0...
Get Checksum: 799532470
GetData ===>> H2,-0.272446695049394,H1,0.0554329567160618,AX,-0.134095005277455,L1,-0.0161095859890923,L2,-0.04...
GetData ===>> H2,-0.236842364984964,H1,-0.0206011292024353,AX,-0.0271068440480585,L1,-0.00172447923270212,L2,-0...
GetData ===>> H2,-0.199730631903287,H1,-0.0240238695553117,AX,-0.149261165074322,L1,-0.00676302735047671,L2,-0....
Get Checksum: 799532470
GetData ===>> H2,-0.2507038471558,H1,-0.0121690011884333,AX,-0.116007834384769,L1,-0.0578891921227564,L2,-0.033...
GetData ===>> H2,-0.299880181455541,H1,-0.0291160227379404,AX,-0.110318471195241,L1,-0.0135370984806659,L2,-0.0...
GetData ===>> H2,-0.215010790065528,H1,-0.0755774051188539,AX,0.0239009463023181,L1,-0.0244924148433649,L2,0.02...
Get Checksum: 799532470
GetData ===>> H2,-0.145205052804734,H1,-0.0573149441122077,AX,0.0125300540029082,L1,-0.00373900135552404,L2,0.0...
GetData ===>> H2,-0.232862477066961,H1,-0.104073059787102,AX,-0.233663772754998,L1,-0.0218651400198816,L2,-0.03...
Get Checksum: 799532470
GetData ===>> H2,-0.229416952322153,H1,-0.0710836230338295,AX,-0.0260166682383099,L1,0.00806693424205576,L2,-0....
GetData ===>> H2,-0.293300552538253,H1,-0.0985557142272551,AX,-0.165445069760977,L1,0.0165937522100516,L2,-0.07...
GetData ===>> H2,-0.211843268670038,H1,-0.0417200744755817,AX,-0.108012504188925,L1,0.00599244255192632,L2,0.00...
Get Checksum: 799532470
GetData ===>> H2,-0.136383556706878,H1,-0.0623815614164912,AX,-0.0494643522952428,L1,0.0141572967323524,L2,-0.0...
GetData ===>> H2,-0.211856737901496,H1,-0.000718298339452539,AX,-0.00702941425675396,L1,-0.00187567236868686,L2...
GetData ===>> H2,-0.113230777573898,H1,-0.0352691923722446,AX,-0.0448958599596011,L1,-0.019950584718606,L2,0.01...
Get Checksum: 799532470
01:42:02 -- collecting point 50
GetData ===>> H2,-0.16001386331572,H1,-0.0578752649946999,AX,-0.0650234454568713,L1,-0.0490534561020883,L2,-0.0...
GetData ===>> H2,-0.212052039954646,H1,-0.053011098269695,AX,-0.104431773722053,L1,-0.0127843826579669,L2,0.000...
GetData ===>> H2,-0.282895208132389,H1,-0.117954451679591,AX,0.0261752841502105,L1,-0.0239135624089339,L2,0.067...
Get Checksum: 799532470
GetData ===>> H2,-0.196363257880945,H1,0.015207512932647,AX,-0.0781922390100641,L1,-0.0365716452578281,L2,0.034...
GetData ===>> H2,-0.236316368269611,H1,-0.000861440209942543,AX,-0.0399212931875504,L1,-0.0279217017621094,L2,-...
GetData ===>> H2,-0.163959432667377,H1,0.0567100301910763,AX,-0.0974089875854944,L1,-0.0243929456774461,L2,0.02...
Get Checksum: 799532470
GetData ===>> H2,-0.16619356577707,H1,-0.0120974383633897,AX,-0.0551108979818064,L1,-0.0255230013148779,L2,-0.0...
GetData ===>> H2,-0.187323350293205,H1,0.0877826715574904,AX,-0.0815421142807511,L1,-0.0238548363876497,L2,-0.0...
GetData ===>> H2,-0.24645059737462,H1,-0.0383814073685372,AX,-0.0556210420292789,L1,-0.0413786906067274,L2,-0.0...
Get Checksum: 799532470
GetData ===>> H2,-0.198150235143575,H1,-0.0218772168162794,AX,-0.0474584163348828,L1,-0.0403343449784099,L2,0.0...
GetData ===>> H2,-0.258072621030584,H1,-0.0202910493813267,AX,-0.0457307273659202,L1,-0.0245151847550291,L2,0.0...
measurement finished
estimated time: 62.915 actual time: :63.128
flush and close file /Users/jan/PychronDev/data/isotopes/d3/ed6dd8-2958-41e4-9065-257ad5456f52.h5
activate_detectors ('H1', 'AX', 'CDD') {'peak_center': True}
peak_center () {'detector': 'H1', 'isotope': 'Ar40'}
peak center: mean=10.533783265 threshold=3
peak center started
setup peak center. detector=['H1', 'AX', 'CDD'], isotope=Ar40
VersionedUnpickler [<apptools.sweet_pickle.versioned_unpickler.VersionedUnpickler object at 0x15848aa70>] using Updater [<apptools.sweet_pickle.updater.Updater object at 0x12ce00cb0>]
VersionedUnpickler [<apptools.sweet_pickle.versioned_unpickler.VersionedUnpickler object at 0x15848aa70>] using Updater [<apptools.sweet_pickle.updater.Updater object at 0x12ce00cb0>]
VersionedUnpickler [<apptools.sweet_pickle.versioned_unpickler.VersionedUnpickler object at 0x15848aa70>] using Updater [<apptools.sweet_pickle.updater.Updater object at 0x12ce00cb0>]
setting integration time = 0.524288
SetIntegrationTime 0.524288 ===>> OK
Mapping mass to dac mass func: "parabolic"
H1 map mass coeffs = [-0.00063987  0.15840543  0.57023999]
H1 map mass to dac 39.9624 >> 5.87863
GetDeflection H1 ===>> 0
GetHighVoltage ===>> 4499.94659342336
do peak center. <pychron.spectrometer.jobs.peak_center.PeakCenter object at 0x12ce00b30>
doing pc
starting peak center. center dac= 5.8785953813 step_width=0.001
width = 0.001
get scan parameters. half-width=0.015,window=0.015, i=0, scalar=1
Scan parameters center=5.87860 width=0.03000 (5.86360 - 5.89360)
GetData ===>> H2,-0.193902420601149,H1,-0.0117276962857681,AX,-0.157886733098516,L1,-0.0613389471930576,L2,-0.0...
Moving to starting dac 5.8635953813
setting magnet DAC
current  : 5.239255
requested: 5.863595
Delta Dac: 0.624340
Checking detector protection. dv=0.62434
Checking detector "CDD". Protection Threshold: 0.1 (V)
ProtectDetector CDD,On ===>> OK
GetDeflection CDD ===>> 2000
SetMagnetDAC 5.8635953813 ===>> OK
Magnet settling time: 0.500
Get Checksum: 799532470
GetMagnetMoving ===>> True
GetMagnetMoving ===>> True
GetMagnetMoving ===>> True
GetMagnetMoving ===>> True
GetMagnetMoving ===>> True
GetMagnetMoving ===>> True
GetMagnetMoving ===>> True
GetMagnetMoving ===>> True
GetMagnetMoving ===>> False
ProtectDetector CDD,Off ===>> OK
GetDeflection CDD ===>> 50
Wait until signal near baseline. tol= -0.00879577221433. timeout= 10
GetData ===>> H2,-0.196061129682641,H1,-0.013516758170584,AX,0.0357489724242615,L1,0.0168767834602895,L2,0.0955...
Peak center baseline intensity achieved
_do_sweep sm= 5.8635953813, em= 5.8935953813, stm= 0.001
calculated step values: start=5.8635953813, end=5.8935953813, width=0.001, nsteps=31.0
setting magnet DAC
current  : 5.863595
requested: 5.863595
Delta Dac: 0.000000
Checking detector protection. dv=0.00000
Checking detector "CDD". Protection Threshold: 0.1 (V)
SetMagnetDAC 5.8635953813 ===>> OK
GetData ===>> H2,0.42903567918236,H1,0.253282607093097,AX,0.00414197152020224,L1,-0.00368501405934456,L2,-0.004...
setting magnet DAC
current  : 5.863595
requested: 5.864630
Delta Dac: 0.001034
Checking detector protection. dv=0.00103
Checking detector "CDD". Protection Threshold: 0.1 (V)
SetMagnetDAC 5.86462986406 ===>> OK
Magnet settling time: 1.049
Get Checksum: 799532470
GetData ===>> H2,0.119894288742382,H1,0.191305931758845,AX,-0.0273387947725626,L1,-0.0503050922591787,L2,-0.049...
setting magnet DAC
current  : 5.864630
requested: 5.865664
Delta Dac: 0.001034
Checking detector protection. dv=0.00103
Checking detector "CDD". Protection Threshold: 0.1 (V)
SetMagnetDAC 5.86566434682 ===>> OK
Magnet settling time: 1.049
GetData ===>> H2,-0.127485431791009,H1,0.0879615416651937,AX,-0.0640264395716937,L1,-0.0148961592867687,L2,0.08...
setting magnet DAC
current  : 5.865664
requested: 5.866699
Delta Dac: 0.001034
Checking detector protection. dv=0.00103
Checking detector "CDD". Protection Threshold: 0.1 (V)
SetMagnetDAC 5.86669882958 ===>> OK
Magnet settling time: 1.049
GetData ===>> H2,-0.287302671033375,H1,0.22466404577759,AX,-0.15070458774887,L1,-0.0288931463321732,L2,-0.19128...
setting magnet DAC
current  : 5.866699
requested: 5.867733
Delta Dac: 0.001034
Checking detector protection. dv=0.00103
Checking detector "CDD". Protection Threshold: 0.1 (V)
SetMagnetDAC 5.86773331233 ===>> OK
Magnet settling time: 1.049
Get Checksum: 799532470
GetData ===>> H2,-0.313156557857508,H1,0.742465920567681,AX,-0.0246945237436552,L1,-0.0221605452650665,L2,0.053...
setting magnet DAC
current  : 5.867733
requested: 5.868768
Delta Dac: 0.001034
Checking detector protection. dv=0.00103
Checking detector "CDD". Protection Threshold: 0.1 (V)
SetMagnetDAC 5.86876779509 ===>> OK
Magnet settling time: 1.049
GetData ===>> H2,-0.205242762287107,H1,2.34217125398299,AX,0.235928796740202,L1,-0.0157973047510808,L2,-0.00207...
setting magnet DAC
current  : 5.868768
requested: 5.869802
Delta Dac: 0.001034
Checking detector protection. dv=0.00103
Checking detector "CDD". Protection Threshold: 0.1 (V)
SetMagnetDAC 5.86980227785 ===>> OK
Magnet settling time: 1.049
Get Checksum: 799532470
GetData ===>> H2,-0.0948600498472387,H1,4.81881681182876,AX,0.766259456555724,L1,-0.0562763364995723,L2,-0.0094...
setting magnet DAC
current  : 5.869802
requested: 5.870837
Delta Dac: 0.001034
Checking detector protection. dv=0.00103
Checking detector "CDD". Protection Threshold: 0.1 (V)
SetMagnetDAC 5.87083676061 ===>> OK
Magnet settling time: 1.049
GetData ===>> H2,-0.186520794103399,H1,7.64896816812122,AX,1.09073411979694,L1,-0.068184294825258,L2,-0.0820179...
setting magnet DAC
current  : 5.870837
requested: 5.871871
Delta Dac: 0.001034
Checking detector protection. dv=0.00103
Checking detector "CDD". Protection Threshold: 0.1 (V)
SetMagnetDAC 5.87187124337 ===>> OK
Magnet settling time: 1.049
GetData ===>> H2,-0.221855906916265,H1,9.81927241281555,AX,1.62933172217801,L1,-0.00455597376702346,L2,0.054581...
setting magnet DAC
current  : 5.871871
requested: 5.872906
Delta Dac: 0.001034
Checking detector protection. dv=0.00103
Checking detector "CDD". Protection Threshold: 0.1 (V)
SetMagnetDAC 5.87290572613 ===>> OK
Magnet settling time: 1.049
Get Checksum: 799532470
GetData ===>> H2,-0.0746068220289239,H1,10.7840977638994,AX,1.85213112806647,L1,-0.0103436619995538,L2,0.024051...
setting magnet DAC
current  : 5.872906
requested: 5.873940
Delta Dac: 0.001034
Checking detector protection. dv=0.00103
Checking detector "CDD". Protection Threshold: 0.1 (V)
SetMagnetDAC 5.87394020889 ===>> OK
Magnet settling time: 1.049
GetData ===>> H2,-0.185070925030109,H1,11.2802833931059,AX,1.86410074389916,L1,-0.0376523227534064,L2,-0.003666...
setting magnet DAC
current  : 5.873940
requested: 5.874975
Delta Dac: 0.001034
Checking detector protection. dv=0.00103
Checking detector "CDD". Protection Threshold: 0.1 (V)
SetMagnetDAC 5.87497469164 ===>> OK
Magnet settling time: 1.049
GetData ===>> H2,-0.448433548450673,H1,11.2804093050904,AX,1.77542903291017,L1,-0.0569818379539841,L2,-0.002095...
setting magnet DAC
current  : 5.874975
requested: 5.876009
Delta Dac: 0.001034
Checking detector protection. dv=0.00103
Checking detector "CDD". Protection Threshold: 0.1 (V)
SetMagnetDAC 5.8760091744 ===>> OK
Magnet settling time: 1.049
Get Checksum: 799532470
GetData ===>> H2,-0.272750110904413,H1,11.3247900265108,AX,1.91929253881966,L1,0.0553715839459453,L2,0.07301715...
setting magnet DAC
current  : 5.876009
requested: 5.877044
Delta Dac: 0.001034
Checking detector protection. dv=0.00103
Checking detector "CDD". Protection Threshold: 0.1 (V)
SetMagnetDAC 5.87704365716 ===>> OK
Magnet settling time: 1.049
GetData ===>> H2,-0.217120631781456,H1,11.374331030199,AX,1.95106731357803,L1,0.0373472771075549,L2,-0.00047824...
setting magnet DAC
current  : 5.877044
requested: 5.878078
Delta Dac: 0.001034
Checking detector protection. dv=0.00103
Checking detector "CDD". Protection Threshold: 0.1 (V)
SetMagnetDAC 5.87807813992 ===>> OK
Magnet settling time: 1.049
GetData ===>> H2,-0.21447350518443,H1,11.40052204327,AX,1.98399943622357,L1,0.0570185326380055,L2,0.00806218404...
setting magnet DAC
current  : 5.878078
requested: 5.879113
Delta Dac: 0.001034
Checking detector protection. dv=0.00103
Checking detector "CDD". Protection Threshold: 0.1 (V)
SetMagnetDAC 5.87911262268 ===>> OK
Magnet settling time: 1.049
Get Checksum: 799532470
GetData ===>> H2,-0.154007804249136,H1,11.4538315778936,AX,1.89610495843121,L1,-0.00428725594373378,L2,0.099435...
setting magnet DAC
current  : 5.879113
requested: 5.880147
Delta Dac: 0.001034
Checking detector protection. dv=0.00103
Checking detector "CDD". Protection Threshold: 0.1 (V)
SetMagnetDAC 5.88014710544 ===>> OK
Magnet settling time: 1.049
GetData ===>> H2,-0.0816807250552298,H1,11.3703487491797,AX,1.91798245929848,L1,0.0283920281439883,L2,-0.032310...
setting magnet DAC
current  : 5.880147
requested: 5.881182
Delta Dac: 0.001034
Checking detector protection. dv=0.00103
Checking detector "CDD". Protection Threshold: 0.1 (V)
SetMagnetDAC 5.8811815882 ===>> OK
Magnet settling time: 1.049
Get Checksum: 799532470
GetData ===>> H2,-0.149747335382763,H1,11.5220624337327,AX,1.95815837400963,L1,0.0563068255020185,L2,0.07039623...
setting magnet DAC
current  : 5.881182
requested: 5.882216
Delta Dac: 0.001034
Checking detector protection. dv=0.00103
Checking detector "CDD". Protection Threshold: 0.1 (V)
SetMagnetDAC 5.88221607095 ===>> OK
Magnet settling time: 1.049
GetData ===>> H2,-0.0838968514557061,H1,11.44028730169,AX,1.96979069287691,L1,0.00815067479914379,L2,0.02466695...
setting magnet DAC
current  : 5.882216
requested: 5.883251
Delta Dac: 0.001034
Checking detector protection. dv=0.00103
Checking detector "CDD". Protection Threshold: 0.1 (V)
SetMagnetDAC 5.88325055371 ===>> OK
Magnet settling time: 1.049
GetData ===>> H2,-0.295403821426278,H1,11.4847856208818,AX,1.83002279497792,L1,-0.0165378133543692,L2,0.0229357...
setting magnet DAC
current  : 5.883251
requested: 5.884285
Delta Dac: 0.001034
Checking detector protection. dv=0.00103
Checking detector "CDD". Protection Threshold: 0.1 (V)
SetMagnetDAC 5.88428503647 ===>> OK
Magnet settling time: 1.049
GetData ===>> H2,-0.0666332456971148,H1,11.2034798488798,AX,1.7685016339116,L1,-0.00400413476384747,L2,0.027218...
setting magnet DAC
current  : 5.884285
requested: 5.885320
Delta Dac: 0.001034
Checking detector protection. dv=0.00103
Checking detector "CDD". Protection Threshold: 0.1 (V)
SetMagnetDAC 5.88531951923 ===>> OK
Magnet settling time: 1.049
GetData ===>> H2,-0.15761236191409,H1,10.3946132239994,AX,1.67481911880997,L1,0.00103339390416392,L2,-0.0488596...
setting magnet DAC
current  : 5.885320
requested: 5.886354
Delta Dac: 0.001034
Checking detector protection. dv=0.00103
Checking detector "CDD". Protection Threshold: 0.1 (V)
SetMagnetDAC 5.88635400199 ===>> OK
Magnet settling time: 1.049
Get Checksum: 799532470
GetData ===>> H2,-0.243849703007891,H1,8.55984201584674,AX,1.18858704252944,L1,-0.0288237363870787,L2,0.0731994...
setting magnet DAC
current  : 5.886354
requested: 5.887388
Delta Dac: 0.001034
Checking detector protection. dv=0.00103
Checking detector "CDD". Protection Threshold: 0.1 (V)
SetMagnetDAC 5.88738848475 ===>> OK
Magnet settling time: 1.049
GetData ===>> H2,-0.279180267201347,H1,5.86072292414832,AX,0.650384082458595,L1,-0.00103088162563889,L2,-0.0842...
setting magnet DAC
current  : 5.887388
requested: 5.888423
Delta Dac: 0.001034
Checking detector protection. dv=0.00103
Checking detector "CDD". Protection Threshold: 0.1 (V)
SetMagnetDAC 5.88842296751 ===>> OK
Magnet settling time: 1.049
GetData ===>> H2,-0.235426185859349,H1,3.07720128673894,AX,0.162670698638444,L1,-0.022479080655505,L2,0.0721511...
setting magnet DAC
current  : 5.888423
requested: 5.889457
Delta Dac: 0.001034
Checking detector protection. dv=0.00103
Checking detector "CDD". Protection Threshold: 0.1 (V)
Get Checksum: 799532470
SetMagnetDAC 5.88945745026 ===>> OK
Magnet settling time: 1.049
GetData ===>> H2,-0.15092107108439,H1,1.24205762209126,AX,0.228756028266358,L1,-0.0288189494766528,L2,0.0406138...
setting magnet DAC
current  : 5.889457
requested: 5.890492
Delta Dac: 0.001034
Checking detector protection. dv=0.00103
Checking detector "CDD". Protection Threshold: 0.1 (V)
SetMagnetDAC 5.89049193302 ===>> OK
Magnet settling time: 1.049
GetData ===>> H2,-0.0598533936823904,H1,0.449488279433052,AX,-0.0509021075445903,L1,-0.0397127161852027,L2,-0.0...
setting magnet DAC
current  : 5.890492
requested: 5.891526
Delta Dac: 0.001034
Checking detector protection. dv=0.00103
Checking detector "CDD". Protection Threshold: 0.1 (V)
SetMagnetDAC 5.89152641578 ===>> OK
Magnet settling time: 1.049
Get Checksum: 799532470
GetData ===>> H2,-0.140272054642922,H1,-0.0660055256042956,AX,-0.0483512368684226,L1,-0.0525686498952844,L2,0.0...
setting magnet DAC
current  : 5.891526
requested: 5.892561
Delta Dac: 0.001034
Checking detector protection. dv=0.00103
Checking detector "CDD". Protection Threshold: 0.1 (V)
SetMagnetDAC 5.89256089854 ===>> OK
Magnet settling time: 1.049
GetData ===>> H2,-0.189748645942252,H1,-0.0107258076624593,AX,0.0171130599958068,L1,0.0170039651463958,L2,-0.08...
setting magnet DAC
current  : 5.892561
requested: 5.893595
Delta Dac: 0.001034
Checking detector protection. dv=0.00103
Checking detector "CDD". Protection Threshold: 0.1 (V)
SetMagnetDAC 5.8935953813 ===>> OK
Magnet settling time: 1.049
GetData ===>> H2,-0.248876033885039,H1,0.0408850170354082,AX,-0.0717008029486627,L1,-0.00600260808778444,L2,0.0...
result of _do_sweep=True
result of _calculate_peak_center=([5.8712607119605025, 5.8788058021408629, 5.8863508923212233], [8.5384014708063987, 11.519768141450911, 8.5540983195923133], 5.8812106117601015, 11.519768141450911)
Failed to find a valid peak. No peak greater than 1.0. max = 0.0178388100536
new center pos Detector(H1) (Ar40) @ 5.87880580214
GetHighVoltage ===>> 4499.94659342336
GetDeflection H1 ===>> 0
dac uncorrected for HV and deflection 5.87884042208
update mftable H1 Ar40 5.87884042208 message=automated run peakcenter
get initial guess parabolic
get initial guess parabolic
get initial guess parabolic
get initial guess parabolic
get initial guess parabolic
get initial guess parabolic
dump mftable to /Users/jan/PychronDev/setupfiles/spectrometer/mftables/mftable.csv
add to repo msg=modified - automated run peakcenter
sweep finished
Get Checksum: 799532470
locally archiving mftable
setting magnet DAC
current  : 5.893595
requested: 5.878806
Delta Dac: 0.014790
Checking detector protection. dv=0.01479
Checking detector "CDD". Protection Threshold: 0.1 (V)
SetMagnetDAC 5.87880580214 ===>> OK
Magnet settling time: 0.500
setting integration time = 1.048576
SetIntegrationTime 1.048576 ===>> OK
Failed to find a valid peak. No peak greater than 1.0. max = 0.0178388100536
flush and close file /Users/jan/PychronDev/data/isotopes/d3/ed6dd8-2958-41e4-9065-257ad5456f52.h5
finished measure script
executed 278.04
jan_co2_whiff_120_60_large.py completed successfully
Measurement Finished
01:42:50 -- ******* Measurement Finished *******
Post Measurement Started jan_pump_ms.py
01:42:50 -- ******* Post Measurement Started jan_pump_ms.py *******
testing...
no interpolation path defined
executed 0
Pumping spectrometer
open () {'name': 'O'}
opening name=O desc=---
checking ownership. requestor=129.138.12.150
check software interlocks O
interlocks []
actuate state mode=None-script, software_lock=False
doing actuation None-script open_channel True
Open O ===>> OK
GetIndicatorState O ===>> OK
change switch state (True, True)
update switch state O True args=() kw={} ncanvase=2
01:42:50 -- OPEN   VALVE-O (Jan Ion Pump)
---------------------------------------- open O () result=[(True, True)], time=0.13 sec
action=open, ok=True, locked=[False]
executed 0
jan_pump_ms.py completed successfully
setting _ms_pumptime
Post Measurement Finished
01:42:50 -- ******* Post Measurement Finished *******
$$$$$$$$$$$$$$$$$$$$ state at run end measurement
state changed from measurement to success
post measurement save measured=True aborted=False
Set filtering
setting fod for Ar40= {'filter_outliers': True, 'std_devs': 2, 'iterations': 1}
setting fod for H1= {'filter_outliers': True, 'std_devs': 2, 'iterations': 1}
setting fod for PM41= {'filter_outliers': False, 'std_devs': 2, 'iterations': 1}
setting fod for H2= {'filter_outliers': True, 'std_devs': 2, 'iterations': 1}
setting fod for Ar36= {'filter_outliers': True, 'std_devs': 2, 'iterations': 1}
setting fod for CDD= {'filter_outliers': True, 'std_devs': 10, 'iterations': 1}
setting fod for Ar37= {'filter_outliers': True, 'std_devs': 2, 'iterations': 1}
setting fod for L2= {'filter_outliers': True, 'std_devs': 2, 'iterations': 1}
setting fod for Ar38= {'filter_outliers': True, 'std_devs': 2, 'iterations': 1}
setting fod for L1= {'filter_outliers': True, 'std_devs': 2, 'iterations': 1}
setting fod for Ar39= {'filter_outliers': True, 'std_devs': 2, 'iterations': 1}
setting fod for AX= {'filter_outliers': True, 'std_devs': 2, 'iterations': 1}
persistence save...
persistence save - db
post measurement save
5547742800 connecting to database sqlite:////Users/jan/PychronDev/.appdata/local_lab.db
connected to db sqlite:////Users/jan/PychronDev/.appdata/local_lab.db
create new session 5547742800
close session 5547742800
No database instance. Not saving post measurement to isotopedb database
$$$$$$$$$$$$$$$ auto_save_detector_ic=False
massspec enabled True
create new session 5010684144
MassSpec Database Version: 16.0
close session 5010684144
saving post measurement to secondary database
saving to massspec database 129.138.12.160/massspecdata
setting labnumber to 65517
setting aliquot to 27
setting step to 
setting uuid to d3ed6dd8-2958-41e4-9065-257ad5456f52
setting irradpos to 65517
setting extract_device to Fusions CO2
setting tray to 
setting position to 156
setting power_requested to 5.0
setting extract_value to 5.0
setting duration to 30.0
setting duration_at_request to 30.0
setting first_stage_delay to 30.0
setting cleanup to 30.0
setting comment to F:18
setting irradiation to NM-289
setting level to F
setting irradiation_level to F
setting sample to Sierra Ladron1
setting material to DetritalSanidine
setting project to IR943
setting mass_spectrometer to Jan
no attribute chron_dosages
no attribute production_ratios
no attribute interference_corrections
no attribute production_name
no attribute j
Reference Isotope=Ar40
Reference Detector=H1
%%%%%%%%%%%%%%%%%%%% Comment: F:18 %%%%%%%%%%%%%%%%%%%
adding isotope PM41 H2
add baseline dbdet= PM41. original det= H2
get baseline data PM41 H2
Get data baseline <pychron.processing.isotope.Baseline object at 0x15887ef50> len t=60
baseline PM41. v=-0.20111786874, e=0.00667037311541
get signal data PM41 H2
Get data signal PM41 0.14+/-0.08 len t=120
adding isotope Ar40 H1
add baseline dbdet= Ar40. original det= H1
get baseline data Ar40 H1
Get data baseline <pychron.processing.isotope.Baseline object at 0x15887e650> len t=60
baseline Ar40. v=-0.0277730855511, e=0.00518634010196
get signal data Ar40 H1
Get data signal Ar40 8.842+/-0.011 len t=120
adding isotope Ar39 AX
add baseline dbdet= Ar39. original det= AX
get baseline data Ar39 AX
Get data baseline <pychron.processing.isotope.Baseline object at 0x15887eb10> len t=60
baseline Ar39. v=-0.0682971495275, e=0.00729685364847
get signal data Ar39 AX
Get data signal Ar39 1.979+/-0.014 len t=120
adding isotope Ar38 L1
add baseline dbdet= Ar38. original det= L1
get baseline data Ar38 L1
Get data baseline <pychron.processing.isotope.Baseline object at 0x15887e2d0> len t=60
baseline Ar38. v=-0.0211285252591, e=0.00243036061313
get signal data Ar38 L1
Get data signal Ar38 0.028+/-0.006 len t=120
adding isotope Ar37 L2
add baseline dbdet= Ar37. original det= L2
get baseline data Ar37 L2
Get data baseline <pychron.processing.isotope.Baseline object at 0x14976c0d0> len t=60
baseline Ar37. v=-0.0183102455234, e=0.00595713940081
get signal data Ar37 L2
Get data signal Ar37 0.058+/-0.010 len t=120
adding isotope Ar36 CDD
add baseline dbdet= Ar36. original det= CDD
get baseline data Ar36 CDD
Get data baseline <pychron.processing.isotope.Baseline object at 0x14976c6d0> len t=60
baseline Ar36. v=2.48109019143e-05, e=8.04289485875e-06
get signal data Ar36 CDD
Get data signal Ar36 0.01090+/-0.00030 len t=120
65517-27 added analysis time 0.513546943665s
analysis added to mass spec database
mass spec save time= 0.523
persistence save - dvc
================= post measurement started
create new session 4983034992
close session 4983034992
---------------- Experiment Queue saving disabled
DVC saving peakcenter
Failed to find a valid peak. No peak greater than 1.0. max = 0.0178388100536
Get Checksum: 2035211824
Smart pull ahead: 0 behind: 0
Up-to-date with origin
add to repo msg=modified - ad8224ebc6dbfeb9f5997218dfa5fe690569839d.json
add to repo msg=modified - 17-27.json
add to repo msg=modified - 17-27.dat.json
add to repo msg=modified - 17-27.blan.json
add to repo msg=modified - 17-27.inte.json
add to repo msg=modified - 17-27.icfa.json
add to repo msg=modified - 17-27.base.json
not at valid file /Users/jan/PychronDev/data/.dvc/repositories/Load1782/655/tags/17-27.tags.json
add to repo msg=modified - 17-27.peak.json
add to repo msg=modified - 17-27.extr.json
not at valid file /Users/jan/PychronDev/data/.dvc/repositories/Load1782/655/monitor/17-27.moni.json
commit message=<COLLECTION>
add to repo msg=modified - 17-27.inte.json
add to repo msg=modified - 17-27.base.json
commit message=<ISOEVO> default collection fits
Get Checksum: 2035211824
add to repo msg=modified - 17-27.blan.json
commit message=<BLANKS> preceding bc-02-J-247
add to repo msg=modified - 17-27.icfa.json
commit message=<ICFactor> default
push repository <pychron.git_archive.repo_manager.GitRepoManager object at 0x1516a6d10>
pushing to remote=origin, url=https://github.com
Get Checksum: 2035211824
no changes to meta repo
Get Checksum: 2035211824
create new session 4983034992
add association Load1782
get identifier "65517"
setting analysis irradiation position=<pychron.dvc.dvc_orm.IrradiationPositionTbl object at 0x14e9310d0>
close session 4983034992
================= post measurement finished
01:43:02 -- ******* Post Run Check *******
loading queue conditionals post_run_actions
loading system conditionals post_run_actions
loading conditionals from /Users/jan/PychronDev/setupfiles/spectrometer/default_conditionals.yaml
loading queue conditionals post_run_terminations
loading system conditionals post_run_terminations
loading conditionals from /Users/jan/PychronDev/setupfiles/spectrometer/default_conditionals.yaml
Checking default post run terminations n=1
GetDeflection CDD ===>> 50
testing CDD==2000
evaluate ot="CDD.deflection==2000" t="CDD==2000", ctx="{'CDD': 50.0}"
01:43:02 -- ******* Post Run Check Passed *******
01:43:02 -- Automated run 65517-27 success duration: 368.071 s
----------------- finish -----------------
----------------- stop -----------------
retroactive repository identifiers disabled
finish run. runs completed=56
update duration runid=65517-27, duration=368.070909977, md5=3d9034cf
loading script "jan_co2_whiff_120_60_large.py"
loading script "jan_pump_ms.py"
loading script "jan_co2.py"
loading script "jan_pump_extraction_line.py"
testing...
no interpolation path defined
executed 266.04
script duration name:co2_whiff_120_60_large seconds:266.0
loading script "jan_co2_whiff_120_60_large.py"
loading script "jan_pump_ms.py"
loading script "jan_co2.py"
loading script "jan_pump_extraction_line.py"
testing...
no interpolation path defined
executed 0
loading script "jan_co2_whiff_120_60_large.py"
loading script "jan_pump_ms.py"
loading script "jan_co2.py"
loading script "jan_pump_extraction_line.py"
testing...
no interpolation path defined
calculate duration
testing...
no interpolation path defined
executed 0
calculate duration
testing...
no interpolation path defined
executed 0
executed 0.0
script duration name:co2 seconds:0.0
loading script "jan_co2_whiff_120_60_large.py"
loading script "jan_pump_ms.py"
loading script "jan_co2.py"
loading script "jan_pump_extraction_line.py"
testing...
no interpolation path defined
calculate duration
testing...
no interpolation path defined
executed 4.0
executed 4.0
Script duration 266.0
Run total estimated duration= 267.000
co2_whiff_120_60_large in script context. using previous estimated duration
script duration name:co2_whiff_120_60_large seconds:266.0
pump_ms in script context. using previous estimated duration
co2 in script context. using previous estimated duration
script duration name:co2 seconds:0.0
pump_extraction_line in script context. using previous estimated duration
Script duration 266.0
Run total estimated duration= 267.000
script duration name:co2_whiff_120_60_large seconds:266.0
script duration name:co2 seconds:0.0
Script duration 266.0
Run total estimated duration= 267.000
script duration name:co2_whiff_120_60_large seconds:266.0
script duration name:co2 seconds:0.0
Script duration 266.0
Run total estimated duration= 267.000
loading script "jan_unknown400_120.py"
loading script "jan_pump_ms.py"
loading script "jan_sniffair_x2.py"
loading script "jan_pump_extraction_line.py"
testing...
no interpolation path defined
executed 556.052928
script duration name:unknown400_120 seconds:556.0
loading script "jan_unknown400_120.py"
loading script "jan_pump_ms.py"
loading script "jan_sniffair_x2.py"
loading script "jan_pump_extraction_line.py"
testing...
no interpolation path defined
calculate duration
testing...
no interpolation path defined
executed 0
calculate duration
testing...
no interpolation path defined
executed 0
calculate duration
testing...
no interpolation path defined
executed 32.0
calculate duration
testing...
no interpolation path defined
executed 34.0
calculate duration
testing...
no interpolation path defined
executed 4.0
calculate duration
testing...
no interpolation path defined
executed 36.0
calculate duration
testing...
no interpolation path defined
executed 34.0
calculate duration
testing...
no interpolation path defined
executed 4.0
calculate duration
testing...
no interpolation path defined
executed 36.0
calculate duration
testing...
no interpolation path defined
executed 70.0
executed 250.0
script duration name:sniffair_x2 seconds:250.0
Script duration 806.0
Run total estimated duration= 807.000
script duration name:co2_whiff_120_60_large seconds:266.0
script duration name:co2 seconds:0.0
Script duration 266.0
Run total estimated duration= 267.000
script duration name:co2_whiff_120_60_large seconds:266.0
script duration name:co2 seconds:0.0
Script duration 266.0
Run total estimated duration= 267.000
script duration name:co2_whiff_120_60_large seconds:266.0
script duration name:co2 seconds:0.0
Script duration 266.0
Run total estimated duration= 267.000
script duration name:co2_whiff_120_60_large seconds:266.0
script duration name:co2 seconds:0.0
Script duration 266.0
Run total estimated duration= 267.000
script duration name:co2_whiff_120_60_large seconds:266.0
script duration name:co2 seconds:0.0
Script duration 266.0
Run total estimated duration= 267.000
unknown400_120 in script context. using previous estimated duration
script duration name:unknown400_120 seconds:556.0
script duration name:co2 seconds:0.0
Script duration 556.0
Run total estimated duration= 557.000
script duration name:unknown400_120 seconds:556.0
loading script "jan_unknown400_120.py"
loading script "jan_pump_ms.py"
loading script "jan_cocktail_x1.py"
loading script "jan_pump_extraction_line.py"
testing...
no interpolation path defined
calculate duration
testing...
no interpolation path defined
executed 0
calculate duration
testing...
no interpolation path defined
executed 0
calculate duration
testing...
no interpolation path defined
executed 32.0
calculate duration
testing...
no interpolation path defined
executed 34.0
calculate duration
testing...
no interpolation path defined
executed 4.0
calculate duration
testing...
no interpolation path defined
executed 38.0
executed 108.0
script duration name:cocktail_x1 seconds:108.0
Script duration 664.0
Run total estimated duration= 665.000
loading script "jan_unknown120_60.py"
loading script "jan_pump_ms.py"
loading script "jan_cocktail_x1.py"
loading script "jan_pump_extraction_line.py"
testing...
no interpolation path defined
executed 213.652928
script duration name:unknown120_60 seconds:214.0
cocktail_x1 in script context. using previous estimated duration
script duration name:cocktail_x1 seconds:108.0
Script duration 322.0
Run total estimated duration= 323.000
loading script "jan_ic_peak_hop3.py"
loading script "jan_pump_ms.py"
loading script "jan_air_x1.py"
loading script "jan_pump_extraction_line.py"
testing...
no interpolation path defined
executed 133.8
script duration name:ic_peak_hop3 seconds:134.0
loading script "jan_ic_peak_hop3.py"
loading script "jan_pump_ms.py"
loading script "jan_air_x1.py"
loading script "jan_pump_extraction_line.py"
testing...
no interpolation path defined
calculate duration
testing...
no interpolation path defined
executed 0
calculate duration
testing...
no interpolation path defined
executed 0
calculate duration
testing...
no interpolation path defined
executed 32.0
calculate duration
testing...
no interpolation path defined
executed 34.0
calculate duration
testing...
no interpolation path defined
executed 4.0
calculate duration
testing...
no interpolation path defined
executed 36.0
executed 106.0
script duration name:air_x1 seconds:106.0
Script duration 240.0
Run total estimated duration= 241.000
script duration name:co2_whiff_120_60_large seconds:266.0
script duration name:co2 seconds:0.0
Script duration 266.0
Run total estimated duration= 267.000
script duration name:co2_whiff_120_60_large seconds:266.0
script duration name:co2 seconds:0.0
Script duration 266.0
Run total estimated duration= 267.000
script duration name:co2_whiff_120_60_large seconds:266.0
script duration name:co2 seconds:0.0
Script duration 266.0
Run total estimated duration= 267.000
script duration name:co2_whiff_120_60_large seconds:266.0
script duration name:co2 seconds:0.0
Script duration 266.0
Run total estimated duration= 267.000
script duration name:co2_whiff_120_60_large seconds:266.0
script duration name:co2 seconds:0.0
Script duration 266.0
Run total estimated duration= 267.000
script duration name:co2_whiff_120_60_large seconds:266.0
script duration name:co2 seconds:0.0
Script duration 266.0
Run total estimated duration= 267.000
script duration name:co2_whiff_120_60_large seconds:266.0
script duration name:co2 seconds:0.0
Script duration 266.0
Run total estimated duration= 267.000
script duration name:co2_whiff_120_60_large seconds:266.0
script duration name:co2 seconds:0.0
Script duration 266.0
Run total estimated duration= 267.000
script duration name:co2_whiff_120_60_large seconds:266.0
script duration name:co2 seconds:0.0
Script duration 266.0
Run total estimated duration= 267.000
script duration name:co2_whiff_120_60_large seconds:266.0
script duration name:co2 seconds:0.0
Script duration 266.0
Run total estimated duration= 267.000
script duration name:co2_whiff_120_60_large seconds:266.0
script duration name:co2 seconds:0.0
Script duration 266.0
Run total estimated duration= 267.000
script duration name:co2_whiff_120_60_large seconds:266.0
script duration name:co2 seconds:0.0
Script duration 266.0
Run total estimated duration= 267.000
script duration name:co2_whiff_120_60_large seconds:266.0
script duration name:co2 seconds:0.0
Script duration 266.0
Run total estimated duration= 267.000
script duration name:co2_whiff_120_60_large seconds:266.0
script duration name:co2 seconds:0.0
Script duration 266.0
Run total estimated duration= 267.000
script duration name:co2_whiff_120_60_large seconds:266.0
script duration name:co2 seconds:0.0
Script duration 266.0
Run total estimated duration= 267.000
script duration name:unknown400_120 seconds:556.0
script duration name:co2 seconds:0.0
Script duration 556.0
Run total estimated duration= 557.000
script duration name:unknown400_120 seconds:556.0
script duration name:cocktail_x1 seconds:108.0
Script duration 664.0
Run total estimated duration= 665.000
unknown120_60 in script context. using previous estimated duration
script duration name:unknown120_60 seconds:214.0
script duration name:cocktail_x1 seconds:108.0
Script duration 322.0
Run total estimated duration= 323.000
ic_peak_hop3 in script context. using previous estimated duration
script duration name:ic_peak_hop3 seconds:134.0
air_x1 in script context. using previous estimated duration
script duration name:air_x1 seconds:106.0
Script duration 240.0
Run total estimated duration= 241.000
script duration name:unknown400_120 seconds:556.0
sniffair_x2 in script context. using previous estimated duration
script duration name:sniffair_x2 seconds:250.0
Script duration 806.0
Run total estimated duration= 807.000
script duration name:co2_whiff_120_60_large seconds:266.0
script duration name:co2 seconds:0.0
Script duration 266.0
Run total estimated duration= 267.000
script duration name:co2_whiff_120_60_large seconds:266.0
script duration name:co2 seconds:0.0
Script duration 266.0
Run total estimated duration= 267.000
script duration name:co2_whiff_120_60_large seconds:266.0
script duration name:co2 seconds:0.0
Script duration 266.0
Run total estimated duration= 267.000
script duration name:co2_whiff_120_60_large seconds:266.0
script duration name:co2 seconds:0.0
Script duration 266.0
Run total estimated duration= 267.000
script duration name:co2_whiff_120_60_large seconds:266.0
script duration name:co2 seconds:0.0
Script duration 266.0
Run total estimated duration= 267.000
script duration name:co2_whiff_120_60_large seconds:266.0
script duration name:co2 seconds:0.0
Script duration 266.0
Run total estimated duration= 267.000
script duration name:co2_whiff_120_60_large seconds:266.0
script duration name:co2 seconds:0.0
Script duration 266.0
Run total estimated duration= 267.000
script duration name:co2_whiff_120_60_large seconds:266.0
script duration name:co2 seconds:0.0
Script duration 266.0
Run total estimated duration= 267.000
script duration name:co2_whiff_120_60_large seconds:266.0
script duration name:co2 seconds:0.0
Script duration 266.0
Run total estimated duration= 267.000
script duration name:co2_whiff_120_60_large seconds:266.0
script duration name:co2 seconds:0.0
Script duration 266.0
Run total estimated duration= 267.000
script duration name:co2_whiff_120_60_large seconds:266.0
script duration name:co2 seconds:0.0
Script duration 266.0
Run total estimated duration= 267.000
script duration name:co2_whiff_120_60_large seconds:266.0
script duration name:co2 seconds:0.0
Script duration 266.0
Run total estimated duration= 267.000
script duration name:co2_whiff_120_60_large seconds:266.0
script duration name:co2 seconds:0.0
Script duration 266.0
Run total estimated duration= 267.000
script duration name:co2_whiff_120_60_large seconds:266.0
script duration name:co2 seconds:0.0
Script duration 266.0
Run total estimated duration= 267.000
script duration name:co2_whiff_120_60_large seconds:266.0
script duration name:co2 seconds:0.0
Script duration 266.0
Run total estimated duration= 267.000
script duration name:unknown400_120 seconds:556.0
script duration name:co2 seconds:0.0
Script duration 556.0
Run total estimated duration= 557.000
script duration name:unknown400_120 seconds:556.0
script duration name:cocktail_x1 seconds:108.0
Script duration 664.0
Run total estimated duration= 665.000
script duration name:unknown120_60 seconds:214.0
script duration name:cocktail_x1 seconds:108.0
Script duration 322.0
Run total estimated duration= 323.000
script duration name:ic_peak_hop3 seconds:134.0
script duration name:air_x1 seconds:106.0
Script duration 240.0
Run total estimated duration= 241.000
script duration name:co2_whiff_120_60_large seconds:266.0
script duration name:co2 seconds:0.0
Script duration 266.0
Run total estimated duration= 267.000
script duration name:co2_whiff_120_60_large seconds:266.0
script duration name:co2 seconds:0.0
Script duration 266.0
Run total estimated duration= 267.000
script duration name:co2_whiff_120_60_large seconds:266.0
script duration name:co2 seconds:0.0
Script duration 266.0
Run total estimated duration= 267.000
script duration name:co2_whiff_120_60_large seconds:266.0
script duration name:co2 seconds:0.0
Script duration 266.0
Run total estimated duration= 267.000
script duration name:co2_whiff_120_60_large seconds:266.0
script duration name:co2 seconds:0.0
Script duration 266.0
Run total estimated duration= 267.000
script duration name:unknown400_120 seconds:556.0
script duration name:sniffair_x2 seconds:250.0
Script duration 806.0
Run total estimated duration= 807.000
script duration name:co2_whiff_120_60_large seconds:266.0
script duration name:co2 seconds:0.0
Script duration 266.0
Run total estimated duration= 267.000
script duration name:co2_whiff_120_60_large seconds:266.0
script duration name:co2 seconds:0.0
Script duration 266.0
Run total estimated duration= 267.000
nruns=61 before=5.0, run_dur=20061.0, btw=1800.0
write rem/ex queues
/Users/jan/PychronDev/experiments/rem/CurrentExperiment.rem.txt
/Users/jan/PychronDev/experiments/rem/CurrentExperiment.ex.txt
doing event level: 3
