do run
loading script "jan_co2_whiff_120_60_large.py"
loading script "jan_pump_ms.py"
loading script "jan_co2.py"
loading script "jan_pump_extraction_line.py"
testing...
no interpolation path defined
executed 266.04
script duration name:co2_whiff_120_60_large seconds:266.0
loading script "jan_co2_whiff_120_60_large.py"
loading script "jan_pump_ms.py"
loading script "jan_co2.py"
loading script "jan_pump_extraction_line.py"
testing...
no interpolation path defined
executed 0
loading script "jan_co2_whiff_120_60_large.py"
loading script "jan_pump_ms.py"
loading script "jan_co2.py"
loading script "jan_pump_extraction_line.py"
testing...
no interpolation path defined
calculate duration
testing...
no interpolation path defined
executed 0
calculate duration
testing...
no interpolation path defined
executed 0
executed 0.0
script duration name:co2 seconds:0.0
loading script "jan_co2_whiff_120_60_large.py"
loading script "jan_pump_ms.py"
loading script "jan_co2.py"
loading script "jan_pump_extraction_line.py"
testing...
no interpolation path defined
calculate duration
testing...
no interpolation path defined
executed 4.0
executed 4.0
Script duration 266.0
Run total estimated duration= 267.000
run duration: 0:04:27
doing event level: 2
02:24:17 -- Setting default integration. t=1.048576
setting integration time = 1.048576
SetIntegrationTime 1.048576 ===>> OK
----------------- start -----------------
**************** Experiment Type: Ar/Ar, Ar/Ar
create new session 4985261232
close session 4985261232
$$$$$ Clearing conditionals
adding conditionals detrital
extract conditionals from file. /Users/jan/PychronDev/scripts/conditionals/detrital.yaml
no attr for this modification cd={'extraction_str': '', 'attr': '', 'mapper': '', 'use_termination': False, 'start_count': 0, 'nskip': 0, 'window': 0, 'frequency': 1, 'teststr': '', 'action': 'Skip Next Run', 'ntrips': 1, 'use_truncation': False}
no attr for this cancelation cd={'mapper': '', 'window': 0, 'frequency': 1, 'attr': '', 'teststr': '', 'start_count': 0, 'ntrips': 1}
adding truncation attr="age" test="age>100.0" start="60"
adding truncation attr="Ar39" test="Ar39<0.5" start="60"
no attr for this termination cd={'mapper': '', 'window': 0, 'frequency': 1, 'attr': '', 'teststr': '', 'start_count': 0, 'ntrips': 1}
Invalid conditional kind="pre_run_terminations"
no attr for this action cd={'mapper': '', 'attr': '', 'start_count': 0, 'window': 0, 'frequency': 1, 'teststr': '', 'action': None, 'ntrips': 1}
Invalid conditional kind="post_run_terminations"
Add queue conditionals
add default conditionals
adding default conditionals from /Users/jan/PychronDev/setupfiles/spectrometer/default_conditionals.yaml
Start automated run 65517-32
loading script "jan_co2_whiff_120_60_large.py"
loading script "jan_pump_ms.py"
loading script "jan_co2.py"
loading script "jan_pump_extraction_line.py"
%%%%%%%%%%%%%%%%%% setting automated run 65517-32
No value "sensitivity_multiplier" in metadata
$$$$$$$$$$$$$$$ auto_save_detector_ic=False
============================= Pre Extraction Check =============================
loading queue conditionals pre_run_terminations
loading system conditionals pre_run_terminations
loading conditionals from /Users/jan/PychronDev/setupfiles/spectrometer/default_conditionals.yaml
02:24:17 -- ******* Pre Extraction Check *******
Get a measurement from the spectrometer
GetData ===>> H2,-0.185803418819715,H1,-0.000372371307366493,AX,-0.144264014309088,L1,-0.0462791979703525,L2,-0...
Pre Extraction Termination data. keys=H2,H1,AX,L1,L2,CDD, signals=-0.18580,-0.00037,-0.14426,-0.04628,-0.03191,0.00298
02:24:17 -- testing system defined conditionals
Checking default pre extraction terminations n=2
testing CDD
evaluate ot="CDD.inactive" t="CDD", ctx="{'CDD': False}"
GetDeflection CDD ===>> 50
testing CDD==2000
evaluate ot="CDD.deflection==2000" t="CDD==2000", ctx="{'CDD': 50.0}"
02:24:17 -- ******* Pre Extraction Check Passed *******
=================================================================================
02:24:17 -- stopping status monitor
stop 4976082864
Alive clients [4983386864]
02:24:17 -- starting status monitor
start 4976082864
Monitor already running
start extraction
do extraction
Analysis started at 02:24:17.475475
Extraction Started jan_co2.py
02:24:17 -- ******* Extraction Started jan_co2.py *******
state changed from not run to extraction
DO EXTRACTION <pychron.extraction_line.pyscript_runner.RemotePyScriptRunner object at 0x12bb183b0>
testing...
no interpolation path defined
calculate duration
testing...
no interpolation path defined
executed 0
calculate duration
testing...
no interpolation path defined
executed 0
executed 100.0
Jan CO2 laser analysis
doing GOSUB
testing...
no interpolation path defined
executed 0
Waiting for CO2 access
wait ('FelixCO2Flag', 0) {}
waiting for FelixCO2Flag = 0
Read FelixCO2Flag ===>> 0
finished waiting
CO2 free
wait ('CO2PumpTimeFlag', 0) {}
waiting for CO2PumpTimeFlag = 0
Read CO2PumpTimeFlag ===>> 0
finished waiting
acquire ('JanCO2Flag',) {'clear': True}
acquire JanCO2Flag
Set JanCO2Flag 1 ===>> OK
JanCO2Flag acquired
set extraction state False (0.75, 'red', 1.5)
CO2 acquired
executed 0
WaitForCO2Access.py completed successfully
gosub finished
doing GOSUB
testing...
no interpolation path defined
executed 0
Prepare for CO2 analysis
close () {'description': 'Jan Inlet'}
closing name=--- desc=Jan Inlet
checking ownership. requestor=129.138.12.150
check software interlocks R
interlocks []
actuate state mode=None-script, software_lock=False
doing actuation None-script close_channel False
Close R ===>> OK
GetIndicatorState R ===>> False
change switch state (True, True)
update switch state R False args=() kw={} ncanvase=2
02:24:17 -- CLOSE  VALVE-R (Jan Inlet)
---------------------------------------- close None (Jan Inlet) result=[(True, True)]
action=close, ok=True, locked=[False]
open () {'description': 'Jan Ion Pump'}
opening name=--- desc=Jan Ion Pump
checking ownership. requestor=129.138.12.150
check software interlocks O
interlocks []
actuate state mode=None-script, software_lock=False
doing actuation None-script open_channel False
Open O ===>> OK
GetIndicatorState O ===>> OK
change switch state (True, True)
update switch state O True args=() kw={} ncanvase=2
02:24:18 -- OPEN   VALVE-O (Jan Ion Pump)
---------------------------------------- open None (Jan Ion Pump) result=[(True, True)], time=0.12 sec
Get Checksum: -1965264452
action=open, ok=True, locked=[False]
close () {'description': 'Microbone to Minibone'}
closing name=--- desc=Microbone to Minibone
checking ownership. requestor=129.138.12.150
check software interlocks L
interlocks []
actuate state mode=None-script, software_lock=False
doing actuation None-script close_channel False
Close L ===>> OK
GetIndicatorState L ===>> False
change switch state (True, True)
update switch state L False args=() kw={} ncanvase=2
02:24:18 -- CLOSE  VALVE-L (Microbone to Minibone)
---------------------------------------- close None (Microbone to Minibone) result=[(True, True)]
action=close, ok=True, locked=[False]
open () {'description': 'Microbone to Turbo'}
opening name=--- desc=Microbone to Turbo
checking ownership. requestor=129.138.12.150
check software interlocks U
interlocks []
actuate state mode=None-script, software_lock=False
doing actuation None-script open_channel False
Open U ===>> OK
GetIndicatorState U ===>> OK
change switch state (True, True)
update switch state U True args=() kw={} ncanvase=2
02:24:19 -- OPEN   VALVE-U (Microbone to Turbo)
---------------------------------------- open None (Microbone to Turbo) result=[(True, True)], time=0.14 sec
action=open, ok=True, locked=[False]
open () {'description': 'Microbone to Inlet Pipette'}
opening name=--- desc=Microbone to Inlet Pipette
checking ownership. requestor=129.138.12.150
check software interlocks S
interlocks []
actuate state mode=None-script, software_lock=False
doing actuation None-script open_channel False
Open S ===>> OK
GetIndicatorState S ===>> OK
change switch state (True, True)
update switch state S True args=() kw={} ncanvase=2
02:24:20 -- OPEN   VALVE-S (Microbone to Inlet Pipette)
---------------------------------------- open None (Microbone to Inlet Pipette) result=[(True, True)], time=0.43 sec
action=open, ok=True, locked=[False]
open () {'description': 'Microbone to Getter D-50'}
opening name=--- desc=Microbone to Getter D-50
checking ownership. requestor=129.138.12.150
check software interlocks K
interlocks []
actuate state mode=None-script, software_lock=False
doing actuation None-script open_channel False
Open K ===>> OK
GetIndicatorState K ===>> OK
change switch state (True, True)
update switch state K True args=() kw={} ncanvase=2
02:24:20 -- OPEN   VALVE-K (Microbone to Getter D-50)
---------------------------------------- open None (Microbone to Getter D-50) result=[(True, True)], time=0.40 sec
action=open, ok=True, locked=[False]
open () {'description': 'Microbone to Getter NP-10'}
opening name=--- desc=Microbone to Getter NP-10
checking ownership. requestor=129.138.12.150
check software interlocks M
interlocks []
actuate state mode=None-script, software_lock=False
doing actuation None-script open_channel False
Open M ===>> OK
GetIndicatorState M ===>> OK
change switch state (True, True)
update switch state M True args=() kw={} ncanvase=2
02:24:21 -- OPEN   VALVE-M (Microbone to Getter NP-10)
---------------------------------------- open None (Microbone to Getter NP-10) result=[(True, True)], time=0.16 sec
Get Checksum: -1965264452
action=open, ok=True, locked=[False]
close () {'description': 'CO2 Laser to Felix'}
closing name=--- desc=CO2 Laser to Felix
checking ownership. requestor=129.138.12.150
check software interlocks F
interlocks []
actuate state mode=None-script, software_lock=True
VALVE-F(CO2 Laser to Felix) software locked
change switch state (True, False)
---------------------------------------- close None (CO2 Laser to Felix) result=[(True, False)]
action=close, ok=True, locked=[True]
open () {'description': 'CO2 Laser to Jan'}
opening name=--- desc=CO2 Laser to Jan
checking ownership. requestor=129.138.12.150
check software interlocks A
interlocks []
actuate state mode=None-script, software_lock=False
doing actuation None-script open_channel False
Open A ===>> OK
GetIndicatorState A ===>> OK
change switch state (True, True)
update switch state A True args=() kw={} ncanvase=2
02:24:21 -- OPEN   VALVE-A (CO2 Laser to Jan)
---------------------------------------- open None (CO2 Laser to Jan) result=[(True, True)], time=0.13 sec
action=open, ok=True, locked=[False]
open () {'description': 'Microbone to CO2 Laser'}
opening name=--- desc=Microbone to CO2 Laser
checking ownership. requestor=129.138.12.150
check software interlocks T
interlocks []
actuate state mode=None-script, software_lock=False
doing actuation None-script open_channel False
Open T ===>> OK
GetIndicatorState T ===>> OK
change switch state (True, True)
update switch state T True args=() kw={} ncanvase=2
02:24:22 -- OPEN   VALVE-T (Microbone to CO2 Laser)
---------------------------------------- open None (Microbone to CO2 Laser) result=[(True, True)], time=0.44 sec
action=open, ok=True, locked=[False]
executed 0
PrepareForCO2Analysis.py completed successfully
gosub finished
set_motor ('beam', '1.25') {}
setting motor "beam" to 1.25
set motor beam to 1.25
SetMotor beam,1.25 ===>> OK
GetMotorMoving beam ===>> False
GetMotorMoving beam ===>> False
Block completed
move_to_position ('161',) {'autocenter': True}
FusionsCO2 move to position 161
sending GoToHole 161,True
GoToHole 161,True ===>> OK
GetDriveMoving ===>> OK
Get Checksum: -1965264452
GetDriveMoving ===>> OK
GetDriveMoving ===>> OK
GetDriveMoving ===>> OK
GetDriveMoving ===>> OK
GetDriveMoving ===>> OK
GetDriveMoving ===>> OK
GetDriveMoving ===>> False
GetDriveMoving ===>> False
Block completed
GetAutoCorrecting ===>> OK
Get Checksum: -1965264452
GetAutoCorrecting ===>> OK
GetAutoCorrecting ===>> False
GetAutoCorrecting ===>> False
Block completed
update position
GetPosition ===>> 0.00000,-5.98170,1.00000
got position (0.0, -5.9817, 1.0)
move to position succeeded
sleep (5,) {}
SLEEP 5.0
block started
WaitControl setup for 5.0  
Get Checksum: -1965264452
Get Checksum: -1965264452
Join finished
block finished. duration 5.01419115067
close () {'description': 'Microbone to Turbo'}
closing name=--- desc=Microbone to Turbo
checking ownership. requestor=129.138.12.150
check software interlocks U
interlocks []
actuate state mode=None-script, software_lock=False
doing actuation None-script close_channel True
Close U ===>> OK
GetIndicatorState U ===>> False
change switch state (True, True)
update switch state U False args=() kw={} ncanvase=2
02:24:33 -- CLOSE  VALVE-U (Microbone to Turbo)
---------------------------------------- close None (Microbone to Turbo) result=[(True, True)]
action=close, ok=True, locked=[False]
enable laser
enable () {}
set extraction state FusionsCO2 Enabled (False, 'red', 1.5)
enabling laser
Enable ===>> OK
begin interval
BEGIN INTERVAL Interval 1 waiting for 30.0
block started
WaitControl setup for 30.0  
set extract to 5.0
extract (5.0,) {}
GetPosition ===>> 0.00000,-5.98170,1.00000
set extraction state FusionsCO2 ON! 5.0(watts) (0.75, 'red', 1.5)
extract sample to 5.0 (watts)
set laser output
SetLaserOutput 5.0,watts ===>> OK
executing pattern triangle.lp
execute_pattern ('triangle.lp',) {}
executing pattern triangle.lp
IsPatterning ===>> OK
Get Checksum: 1551197106
IsPatterning ===>> OK
IsPatterning ===>> OK
IsPatterning ===>> OK
Get Checksum: 1551197106
IsPatterning ===>> OK
IsPatterning ===>> OK
IsPatterning ===>> OK
Get Checksum: 1551197106
IsPatterning ===>> OK
IsPatterning ===>> OK
IsPatterning ===>> OK
Get Checksum: 1551197106
IsPatterning ===>> OK
IsPatterning ===>> OK
IsPatterning ===>> OK
Get Checksum: 1551197106
IsPatterning ===>> OK
IsPatterning ===>> OK
IsPatterning ===>> OK
Get Checksum: 1551197106
IsPatterning ===>> OK
IsPatterning ===>> OK
IsPatterning ===>> OK
Get Checksum: 1551197106
IsPatterning ===>> OK
IsPatterning ===>> OK
IsPatterning ===>> OK
Get Checksum: 1551197106
IsPatterning ===>> OK
IsPatterning ===>> OK
IsPatterning ===>> OK
Get Checksum: 1551197106
IsPatterning ===>> OK
IsPatterning ===>> OK
IsPatterning ===>> OK
Get Checksum: 1551197106
Join finished
block finished. duration 30.0774629116
Interval 1 finished
IsPatterning ===>> OK
IsPatterning ===>> OK
IsPatterning ===>> False
Get Checksum: 1551197106
IsPatterning ===>> False
Block completed
COMPLETE INTERVAL waiting for Interval 1 to complete
end_extract () {}
ending extraction. set laser power to 0
set laser power 0
SetLaserPower 0 ===>> OK
disable () {}
%%%%%%%%%%%%%%%%%%%%%%%%%%%%%%%%%%% disable
set extraction state False (0.75, 'red', 1.5)
disabling laser
Disable ===>> OK
sleep (30.0,) {}
SLEEP 30.0
block started
WaitControl setup for 30.0  
Get Checksum: 1551197106
Get Checksum: 1551197106
Get Checksum: 1551197106
Get Checksum: 1551197106
Get Checksum: 1551197106
Get Checksum: 1551197106
Get Checksum: 1551197106
Get Checksum: 1551197106
Get Checksum: 1551197106
Join finished
block finished. duration 30.0736160278
executed 165.0
jan_co2.py completed successfully
GetAchievedOutput ===>> No Response
Requested Output= 0.000
Achieved Output=  0.000
GetResponseBlob ===>> No Response
GetOutputBlob ===>> No Response
persistence save...
persistence save - db
AutomatedRunPersister post_extraction_save deprecated
persistence save - dvc
no extraction position for 161
create new session 4983034992
close session 4983034992
Extraction Finished
02:25:37 -- ******* Extraction Finished *******
no overlap. not waiting for min ms pumptime
02:25:37 -- Sending spectrometer configuration
======== Sending configuration ========
SetDeflection CDD,50.0 ===>> OK
SetDeflection H2,0.0 ===>> OK
SetDeflection H1,0.0 ===>> OK
SetDeflection L2,825.0 ===>> OK
SetDeflection L1,400.0 ===>> OK
SetDeflection AX,190.0 ===>> OK
SetZFocus 74.64 ===>> OK
SetZSymmetry -50.72 ===>> OK
SetExtractionLens 26.13 ===>> OK
SetIonRepeller -3.81 ===>> OK
SetElectronEnergy 75.08 ===>> OK
SetYSymmetry -2.81 ===>> OK
SetIonCounterVoltage 1590.0 ===>> OK
send trap current 200.0
GetParameter Trap Current Readback ===>> 198.035158395898
SetParameter Trap Current Set,200.0 ===>> OK
updating mftable name mftable
Using mftable located at /Users/jan/PychronDev/setupfiles/spectrometer/mftables/mftable.csv
============ MFtable ===========
Isotope  H2     H1     AX     L1     L2     CDD    
Ar40     5.7768 5.8789 5.9922 6.1167 6.2306 6.3450
Ar39     5.6761 5.7712 5.8846 6.0028 6.1158 6.2315
Ar36     5.3536 5.4402 5.5480 5.6617 5.7707 5.8826
================================
get initial guess parabolic
get initial guess parabolic
get initial guess parabolic
get initial guess parabolic
get initial guess parabolic
get initial guess parabolic
======== Configuration Finished ========
GetYSymmetry ===>> -2.81
GetZSymmetry ===>> -50.72
GetParameter Trap Current Readback ===>> 197.475737044497
GetHighVoltage ===>> 4499.94659342336
start measurement
do measurement
L#=65517 analysis type=unknown
Measurement Started jan_co2_whiff_120_60_large.py
02:25:37 -- ******* Measurement Started jan_co2_whiff_120_60_large.py *******
state changed from extraction to measurement
setting spec, defl, and gains
GetExtractionLens ===>> 26.13
GetYSymmetry ===>> -2.81
GetZSymmetry ===>> -50.72
GetZFocus ===>> 74.64
GetDeflection H2 ===>> 0
GetDeflection H1 ===>> 0
GetDeflection AX ===>> 190
GetDeflection L1 ===>> 400
GetDeflection L2 ===>> 825
GetDeflection CDD ===>> 50
GetGain H2 ===>> 0.0113
GetGain H1 ===>> 0.1
GetGain AX ===>> 0.097049
GetGain L1 ===>> 0.010355
GetGain L2 ===>> 0.095649
GetGain CDD ===>> 0
pre measurement save
New frame /Users/jan/PychronDev/data/isotopes/16/63eb8c-ff1e-46bf-a7cf-2419712e4331.h5
flush and close file /Users/jan/PychronDev/data/isotopes/16/63eb8c-ff1e-46bf-a7cf-2419712e4331.h5
testing...
no interpolation path defined
executed 266.04
co2 whiff measurement script
activate_detectors ('H2', 'H1', 'AX', 'L1', 'L2', 'CDD') {}
activate detectors
*************** Set Analysis View Ar/Ar
create graphs
clearing graphs
clear isotope group
setting isotope det=H2, iso=PM41
setting isotope det=H1, iso=Ar40
setting isotope det=AX, iso=Ar39
setting isotope det=L1, iso=Ar38
setting isotope det=L2, iso=Ar37
setting isotope det=CDD, iso=Ar36
setting previous blanks
 - setting Ar40 blank 0.282+/-0.007
 - setting Ar36 blank 0.00465+/-0.00019
 - setting Ar37 blank 0.041+/-0.005
 - setting Ar38 blank 0.0063+/-0.0023
 - setting PM41 blank 0.03+/-0.07
 - setting Ar39 blank 0.041+/-0.009
load analysis view
position_magnet ('Ar40',) {'detector': 'H1'}
detector Detector(H1)
POSITION Ar40 H1
setting detector H2 to PM41 (40.9624)
setting detector H1 to Ar40 (39.9624)
setting detector AX to Ar39 (38.9624)
setting detector L1 to Ar38 (37.9624)
setting detector L2 to Ar37 (36.9624)
setting detector CDD to Ar36 (35.9624)
Mapping mass to dac mass func: "parabolic"
H1 map mass coeffs = [-0.00063987  0.15840543  0.57050999]
H1 map mass to dac 39.9624 >> 5.8789
GetDeflection H1 ===>> 0
GetHighVoltage ===>> 4499.94659342336
positioning Ar40 (5.87886537971) on H1
setting magnet DAC
current  : 5.878866
requested: 5.878865
Delta Dac: 0.000000
Checking detector protection. dv=0.00000
Checking detector "CDD". Protection Threshold: 0.1 (V)
SetMagnetDAC 5.87886537971 ===>> OK
Magnet settling time: 0.500
Get Checksum: 1551197106
close ('S',) {}
closing name=S desc=---
checking ownership. requestor=129.138.12.150
check software interlocks S
interlocks []
actuate state mode=None-script, software_lock=False
doing actuation None-script close_channel True
Close S ===>> OK
set states for children of S. state=False
handle state [('S', False)]
update switch state S False args=() kw={'refresh': False} ncanvase=2
refresh_canvas_needed fired
GetIndicatorState S ===>> False
change switch state (True, True)
update switch state S False args=() kw={} ncanvase=2
02:25:40 -- CLOSE  VALVE-S (Microbone to Inlet Pipette)
---------------------------------------- close S () result=[(True, True)]
action=close, ok=True, locked=[False]
equilibrate () {'do_post_equilibration': False, 'inlet': 'R', 'outlet': 'O', 'eqtime': 4}
Equilibration Started
02:25:40 -- ******* Equilibration Started *******
checking ownership. requestor=129.138.12.150
check software interlocks O
interlocks []
actuate state mode=None-script, software_lock=False
doing actuation None-script close_channel True
Close O ===>> OK
GetIndicatorState O ===>> False
change switch state (True, True)
update switch state O False args=() kw={} ncanvase=2
02:25:40 -- CLOSE  VALVE-O (Jan Ion Pump)
waiting 3s before opening inlet value ('R',)
Get Checksum: 1174506924
checking ownership. requestor=129.138.12.150
check software interlocks R
interlocks []
actuate state mode=None-script, software_lock=False
doing actuation None-script open_channel True
Open R ===>> OK
GetIndicatorState R ===>> OK
change switch state (True, True)
update switch state R True args=() kw={} ncanvase=2
02:25:43 -- OPEN   VALVE-R (Jan Inlet)
equilibrating for 4sec
set_time_zero (0,) {}
sniff (4,) {}
py_sniff
build tables- sniff [Detector(H2), Detector(H1), Detector(AX), Detector(L1), Detector(L2), Detector(CDD)]
add group /sniff/PM41 (Group) '' table H2
add group /sniff/Ar40 (Group) '' table H1
add group /sniff/Ar39 (Group) '' table AX
add group /sniff/Ar38 (Group) '' table L1
add group /sniff/Ar37 (Group) '' table L2
add group /sniff/Ar36 (Group) '' table CDD
flush and close file /Users/jan/PychronDev/data/isotopes/16/63eb8c-ff1e-46bf-a7cf-2419712e4331.h5
measuring sniff. ncounts=4
starting measurement
GetData ===>> H2,-0.201910731617087,H1,-0.0550378631379854,AX,-0.0259006913696606,L1,-0.023635509643998,L2,0.05...
Get Checksum: 1427694182
GetData ===>> H2,4.85708086637958,H1,3.70296719907535,AX,6.97096795667785,L1,0.607846963121588,L2,1.49477096185...
GetData ===>> H2,4.38446023788348,H1,4.83606727471784,AX,4.05107039902384,L1,0.944775330555119,L2,0.54964715639...
GetData ===>> H2,1.3641539316786,H1,4.48352935438032,AX,2.11683456863022,L1,0.638760752459393,L2,0.220348700120...
Equilibration Finished
02:25:47 -- ******* Equilibration Finished *******
checking ownership. requestor=129.138.12.150
check software interlocks R
interlocks []
actuate state mode=None-script, software_lock=False
doing actuation None-script close_channel True
Close R ===>> OK
set states for children of R. state=False
handle state [('R', False)]
update switch state R False args=() kw={'refresh': False} ncanvase=2
refresh_canvas_needed fired
Get Checksum: 1174506924
GetIndicatorState R ===>> False
change switch state (True, True)
update switch state R False args=() kw={} ncanvase=2
02:25:48 -- CLOSE  VALVE-R (Jan Inlet)
measurement finished
estimated time: 4.194 actual time: :4.254
flush and close file /Users/jan/PychronDev/data/isotopes/16/63eb8c-ff1e-46bf-a7cf-2419712e4331.h5
set_fits () {}
using default fits file=/Users/jan/PychronDev/scripts/measurement/fits/nominal_linear.yaml
set "Ar40" to "('Linear', 'SEM')"
No fit for "PM41". defaulting to linear. check the measurement script "jan_co2_whiff_120_60_large.py"
set "PM41" to "linear"
set "Ar36" to "('Linear', 'SEM')"
set "Ar37" to "('linear', 'SEM')"
set "Ar38" to "('linear', 'SEM')"
set "Ar39" to "('Linear', 'SEM')"
set_baseline_fits () {}
using default fits file=/Users/jan/PychronDev/scripts/measurement/fits/nominal_linear.yaml
set "H1" to "('average', 'SEM')"
set "H2" to "('average', 'SEM')"
set "CDD" to "('average', 'SEM')"
set "L2" to "('average', 'SEM')"
set "L1" to "('average', 'SEM')"
set "AX" to "('average', 'SEM')"
whiff () {'ncounts': 1, 'conditionals': [{'action': 'run_remainder', 'attr': 'Ar40', 'teststr': 'Ar40.cur<=175'}, {'action': 'run_pipette', 'attr': 'Ar40', 'teststr': 'Ar40.cur>500'}, {'action': 'run_chamber_split', 'attr': 'Ar40', 'teststr': 'Ar40.cur>=300'}, {'action': 'pump', 'attr': 'Ar40', 'teststr': 'Ar40.cur>175'}]}
build tables- whiff [Detector(H2), Detector(H1), Detector(AX), Detector(L1), Detector(L2), Detector(CDD)]
add group /whiff/PM41 (Group) '' table H2
add group /whiff/Ar40 (Group) '' table H1
add group /whiff/Ar39 (Group) '' table AX
add group /whiff/Ar38 (Group) '' table L1
add group /whiff/Ar37 (Group) '' table L2
add group /whiff/Ar36 (Group) '' table CDD
flush and close file /Users/jan/PychronDev/data/isotopes/16/63eb8c-ff1e-46bf-a7cf-2419712e4331.h5
measuring whiff. ncounts=1
starting measurement
GetData ===>> H2,0.248280415291484,H1,4.26589662146097,AX,1.29284416085142,L1,0.27007567213242,L2,0.12076473139...
testing Ar40<=175
evaluate ot="Ar40.cur<=175" t="Ar40<=175", ctx="{'Ar40': 4.2658966214609704}"
condition Ar40<=175 is true trips=1/1
02:25:50 -- Conditional tripped: Ar40.cur<=175 condition Ar40<=175 is True
measurement finished
estimated time: 1.049 actual time: :1.111
flush and close file /Users/jan/PychronDev/data/isotopes/16/63eb8c-ff1e-46bf-a7cf-2419712e4331.h5
WHIFF Result=run_remainder
Whiff result=run_remainder
open ('R',) {}
opening name=R desc=---
checking ownership. requestor=129.138.12.150
check software interlocks R
interlocks []
actuate state mode=None-script, software_lock=False
doing actuation None-script open_channel True
Open R ===>> OK
set states for children of R. state=True
handle state [('R', True)]
update switch state R True args=() kw={'refresh': False} ncanvase=2
refresh_canvas_needed fired
GetIndicatorState R ===>> OK
change switch state (True, True)
update switch state R True args=() kw={} ncanvase=2
02:25:50 -- OPEN   VALVE-R (Jan Inlet)
---------------------------------------- open R () result=[(True, True)], time=0.43 sec
action=open, ok=True, locked=[False]
open ('S',) {}
opening name=S desc=---
checking ownership. requestor=129.138.12.150
check software interlocks S
interlocks []
actuate state mode=None-script, software_lock=False
doing actuation None-script open_channel True
Open S ===>> OK
GetIndicatorState S ===>> OK
change switch state (True, True)
update switch state S True args=() kw={} ncanvase=2
02:25:51 -- OPEN   VALVE-S (Microbone to Inlet Pipette)
---------------------------------------- open S () result=[(True, True)], time=0.47 sec
action=open, ok=True, locked=[False]
sleep (12.0,) {}
SLEEP 12.0
block started
WaitControl setup for 12.0  
Get Checksum: -1449001502
Get Checksum: -1449001502
Get Checksum: -1449001502
Get Checksum: -1449001502
Join finished
block finished. duration 12.0263419151
close ('R',) {}
closing name=R desc=---
checking ownership. requestor=129.138.12.150
check software interlocks R
interlocks []
actuate state mode=None-script, software_lock=False
doing actuation None-script close_channel True
Close R ===>> OK
GetIndicatorState R ===>> False
change switch state (True, True)
update switch state R False args=() kw={} ncanvase=2
02:26:04 -- CLOSE  VALVE-R (Jan Inlet)
---------------------------------------- close R () result=[(True, True)]
Get Checksum: -598318598
action=close, ok=True, locked=[False]
post_equilibration () {}
multicollect () {'integration_time': 1, 'ncounts': 120.0}
build tables- signal [Detector(H2), Detector(H1), Detector(AX), Detector(L1), Detector(L2), Detector(CDD)]
Post Equilibration Started jan_pump_extraction_line.py
add group /signal/PM41 (Group) '' table H2
add group /signal/Ar40 (Group) '' table H1
02:26:04 -- ******* Post Equilibration Started jan_pump_extraction_line.py *******
add group /signal/Ar39 (Group) '' table AX
testing...
add group /signal/Ar38 (Group) '' table L1
no interpolation path defined
add group /signal/Ar37 (Group) '' table L2
add group /signal/Ar36 (Group) '' table CDD
calculate duration
flush and close file /Users/jan/PychronDev/data/isotopes/16/63eb8c-ff1e-46bf-a7cf-2419712e4331.h5
testing...
measuring signal. ncounts=120.0
no interpolation path defined
executed 4.0
executed 4.0
Pump after analysis
doing GOSUB
testing...
no interpolation path defined
executed 4.0
Pump Microbone
close () {'description': 'Jan Inlet'}
closing name=--- desc=Jan Inlet
checking ownership. requestor=129.138.12.150
check software interlocks R
interlocks []
actuate state mode=None-script, software_lock=False
doing actuation None-script close_channel False
Close R ===>> OK
GetIndicatorState R ===>> False
change switch state (True, True)
update switch state R False args=() kw={} ncanvase=2
02:26:05 -- CLOSE  VALVE-R (Jan Inlet)
---------------------------------------- close None (Jan Inlet) result=[(True, True)]
starting measurement
GetData ===>> H2,0.106353436419204,H1,113.014978152814,AX,26.5181873216619,L1,0.37504835306548,L2,0.19519767918...
action=close, ok=True, locked=[False]
is_closed ('F',) {}
is F () closed?
is closed True
open () {'description': 'CO2 Laser to Jan'}
opening name=--- desc=CO2 Laser to Jan
checking ownership. requestor=129.138.12.150
check software interlocks A
interlocks []
actuate state mode=None-script, software_lock=False
doing actuation None-script open_channel False
Open A ===>> OK
GetIndicatorState A ===>> OK
change switch state (True, True)
update switch state A True args=() kw={} ncanvase=2
02:26:05 -- OPEN   VALVE-A (CO2 Laser to Jan)
---------------------------------------- open None (CO2 Laser to Jan) result=[(True, True)], time=0.14 sec
action=open, ok=True, locked=[False]
sleep (1,) {}
SLEEP 1.0
GetData ===>> H2,0.266117087371483,H1,113.043529625899,AX,26.6155240691686,L1,0.400401907036489,L2,0.1794417168...
close () {'description': 'CO2 Laser to Roughing'}
closing name=--- desc=CO2 Laser to Roughing
checking ownership. requestor=129.138.12.150
check software interlocks G
interlocks []
actuate state mode=None-script, software_lock=True
VALVE-G(CO2 Laser to Roughing) software locked
change switch state (True, False)
---------------------------------------- close None (CO2 Laser to Roughing) result=[(True, False)]
action=close, ok=True, locked=[True]
open () {'description': 'Microbone to Turbo'}
opening name=--- desc=Microbone to Turbo
checking ownership. requestor=129.138.12.150
check software interlocks U
interlocks []
actuate state mode=None-script, software_lock=False
doing actuation None-script open_channel True
Open U ===>> OK
GetIndicatorState U ===>> OK
change switch state (True, True)
update switch state U True args=() kw={} ncanvase=2
02:26:07 -- OPEN   VALVE-U (Microbone to Turbo)
---------------------------------------- open None (Microbone to Turbo) result=[(True, True)], time=0.20 sec
action=open, ok=True, locked=[False]
open () {'description': 'Microbone to Getter NP-10'}
opening name=--- desc=Microbone to Getter NP-10
checking ownership. requestor=129.138.12.150
check software interlocks M
interlocks []
actuate state mode=None-script, software_lock=False
doing actuation None-script open_channel False
Open M ===>> OK
GetData ===>> H2,0.0316344625172335,H1,112.995872100328,AX,26.4743188491645,L1,0.385370909752831,L2,0.238382989...
GetIndicatorState M ===>> OK
change switch state (True, True)
update switch state M True args=() kw={} ncanvase=2
02:26:07 -- OPEN   VALVE-M (Microbone to Getter NP-10)
---------------------------------------- open None (Microbone to Getter NP-10) result=[(True, True)], time=0.16 sec
Get Checksum: -860229079
action=open, ok=True, locked=[False]
open () {'description': 'Microbone to Getter D-50'}
opening name=--- desc=Microbone to Getter D-50
checking ownership. requestor=129.138.12.150
check software interlocks K
interlocks []
actuate state mode=None-script, software_lock=False
doing actuation None-script open_channel False
Open K ===>> OK
GetIndicatorState K ===>> OK
change switch state (True, True)
update switch state K True args=() kw={} ncanvase=2
02:26:08 -- OPEN   VALVE-K (Microbone to Getter D-50)
---------------------------------------- open None (Microbone to Getter D-50) result=[(True, True)], time=0.43 sec
action=open, ok=True, locked=[False]
open () {'description': 'Microbone to CO2 Laser'}
opening name=--- desc=Microbone to CO2 Laser
checking ownership. requestor=129.138.12.150
check software interlocks T
interlocks []
actuate state mode=None-script, software_lock=False
doing actuation None-script open_channel False
GetData ===>> H2,0.00270703238720154,H1,112.938565722388,AX,26.3982625425343,L1,0.364866300018108,L2,0.14686556...
Open T ===>> OK
GetIndicatorState T ===>> OK
change switch state (True, True)
update switch state T True args=() kw={} ncanvase=2
02:26:08 -- OPEN   VALVE-T (Microbone to CO2 Laser)
---------------------------------------- open None (Microbone to CO2 Laser) result=[(True, True)], time=0.42 sec
action=open, ok=True, locked=[False]
open () {'description': 'Microbone to Inlet Pipette'}
opening name=--- desc=Microbone to Inlet Pipette
checking ownership. requestor=129.138.12.150
check software interlocks S
interlocks []
actuate state mode=None-script, software_lock=False
doing actuation None-script open_channel False
Open S ===>> OK
GetIndicatorState S ===>> OK
change switch state (True, True)
update switch state S True args=() kw={} ncanvase=2
02:26:09 -- OPEN   VALVE-S (Microbone to Inlet Pipette)
---------------------------------------- open None (Microbone to Inlet Pipette) result=[(True, True)], time=0.42 sec
GetData ===>> H2,-0.00117411927140678,H1,112.961129280107,AX,26.4304150782055,L1,0.344712158771725,L2,0.1205139...
action=open, ok=True, locked=[False]
sleep (1,) {}
SLEEP 1.0
GetData ===>> H2,-0.0745485321410701,H1,112.92365577589,AX,26.3919543140738,L1,0.311000630654609,L2,0.148610431...
Get Checksum: -860229079
set_resource () {'name': 'CO2PumpTimeFlag', 'value': 30}
Set CO2PumpTimeFlag 30 ===>> OK
release ('JanCO2Flag',) {}
release JanCO2Flag
Set JanCO2Flag 0 ===>> OK
executed 6.0
PumpMicrobone.py completed successfully
gosub finished
get_resource_value () {'name': 'JanMiniboneFlag'}
Read JanMiniboneFlag ===>> 0
Get Resource Value JanMiniboneFlag=0.0
get resource value 0.0
get_resource_value () {'name': 'JanMiniboneFlag'}
Read JanMiniboneFlag ===>> 0
Get Resource Value JanMiniboneFlag=0.0
executed 4.0
jan_pump_extraction_line.py completed successfully
Post Equilibration Finished
02:26:10 -- ******* Post Equilibration Finished *******
GetData ===>> H2,-0.064251884652652,H1,112.798647250632,AX,26.2612079691721,L1,0.352895952690723,L2,0.158760960...
GetData ===>> H2,-0.0246998639691889,H1,112.765168559683,AX,26.1844189486986,L1,0.354554257189166,L2,0.10865745...
Get Checksum: -860229079
GetData ===>> H2,-0.0408776105962452,H1,112.575477687362,AX,26.2444111560404,L1,0.330446304387637,L2,0.14420840...
GetData ===>> H2,-0.118370359795967,H1,112.691844720034,AX,26.3099937580361,L1,0.330559722207328,L2,0.104679036...
GetData ===>> H2,-0.0604042518835066,H1,112.631842459333,AX,26.3696216012663,L1,0.300154289226025,L2,0.13173328...
Get Checksum: -860229079
GetData ===>> H2,-0.0194488840861832,H1,112.716679975001,AX,26.2090487876874,L1,0.283695152108012,L2,0.05016276...
GetData ===>> H2,-0.0801687430909118,H1,112.652940351148,AX,26.1815510873233,L1,0.304593860646565,L2,0.06546764...
GetData ===>> H2,-0.129806306675141,H1,112.642316498697,AX,26.0778485116278,L1,0.307095190045819,L2,0.049832064...
Get Checksum: -860229079
GetData ===>> H2,-0.177857882970196,H1,112.52705560386,AX,26.204535537565,L1,0.345366133688477,L2,0.18474665717...
GetData ===>> H2,-0.15145717128461,H1,112.586010264245,AX,26.2630115405998,L1,0.332364820107049,L2,0.1024904054...
GetData ===>> H2,-0.138729146680149,H1,112.341881166271,AX,26.2294857239987,L1,0.303108453206779,L2,0.140764467...
Get Checksum: -860229079
GetData ===>> H2,-0.152183592714887,H1,112.219721018058,AX,26.2529803708935,L1,0.274225080019972,L2,0.146067265...
GetData ===>> H2,-0.166930530581712,H1,112.269001386653,AX,26.2176678972649,L1,0.273987890796651,L2,0.118119697...
GetData ===>> H2,-0.0832940969974875,H1,112.411198762144,AX,26.1964437287233,L1,0.291027337164325,L2,0.12883709...
Get Checksum: -860229079
GetData ===>> H2,-0.191127004664417,H1,112.299180738306,AX,26.1436503855969,L1,0.323176771644869,L2,0.123010787...
GetData ===>> H2,-0.163224974882894,H1,112.345289509615,AX,26.2305254374211,L1,0.312520086833592,L2,0.048976800...
GetData ===>> H2,-0.135519554381646,H1,112.388486924035,AX,26.0250879885535,L1,0.32929512365905,L2,0.1089082521...
Get Checksum: -860229079
GetData ===>> H2,-0.110058990124342,H1,112.437035609942,AX,26.119396100899,L1,0.313856956300805,L2,0.1476068419...
02:26:30 -- collecting point 25
GetData ===>> H2,-0.182609144449975,H1,112.257999754075,AX,26.096541676087,L1,0.291978010718831,L2,0.1216882303...
GetData ===>> H2,-0.01686782708597,H1,112.314523988564,AX,26.0311491689912,L1,0.316649468890227,L2,0.1180854946...
Get Checksum: -860229079
GetData ===>> H2,-0.0677713138022983,H1,112.065258184497,AX,26.0931606229635,L1,0.314790553100936,L2,0.10434845...
GetData ===>> H2,-0.0216966446145616,H1,112.199443598091,AX,25.990830828471,L1,0.289215094515381,L2,0.139943415...
GetData ===>> H2,-0.0695561830279096,H1,112.241526676703,AX,26.0008465954814,L1,0.290444317379957,L2,0.10357331...
Get Checksum: -860229079
GetData ===>> H2,-0.124264887965078,H1,112.213091930008,AX,26.1011463896969,L1,0.323452195606068,L2,0.075778725...
GetData ===>> H2,-0.101817999488318,H1,112.097519154409,AX,26.1314501960329,L1,0.341456326822499,L2,0.077227384...
Get Checksum: -860229079
GetData ===>> H2,-0.113188817751641,H1,111.857107689786,AX,26.0916082675026,L1,0.301783944043876,L2,0.108121672...
GetData ===>> H2,-0.166495916111453,H1,111.867815653373,AX,25.9759008741815,L1,0.313047745519432,L2,0.114859109...
GetData ===>> H2,-0.168157349173838,H1,112.000703858108,AX,26.0550026865362,L1,0.321429342800236,L2,0.120434098...
Get Checksum: -860229079
GetData ===>> H2,-0.0839645746791193,H1,112.133229810186,AX,25.9835101671025,L1,0.340525882371386,L2,0.10139610...
GetData ===>> H2,-0.187647000558926,H1,111.852646255169,AX,26.025324644451,L1,0.365785971732548,L2,0.0692429257...
GetData ===>> H2,-0.194467125639494,H1,111.816013706963,AX,25.8713964285528,L1,0.333751790609847,L2,0.283612789...
Get Checksum: -860229079
GetData ===>> H2,-0.250796642142472,H1,111.71295131067,AX,25.7472011861791,L1,0.302647046802859,L2,0.1188493545...
GetData ===>> H2,-0.178312719360555,H1,111.614181633191,AX,25.8271752300508,L1,0.294355690499047,L2,0.111108430...
GetData ===>> H2,-0.130026609676778,H1,111.636780623779,AX,26.036776766861,L1,0.286634207892441,L2,0.1085548603...
Get Checksum: -860229079
GetData ===>> H2,-0.157551574904612,H1,111.722968277842,AX,25.9312664950141,L1,0.292535553137549,L2,0.182647462...
GetData ===>> H2,-0.165310764612521,H1,111.562138359346,AX,25.8314704511407,L1,0.295835171443707,L2,0.125142879...
GetData ===>> H2,-0.214614898418195,H1,111.418770954542,AX,25.9157273857652,L1,0.312397011009754,L2,0.144436481...
Get Checksum: -860229079
GetData ===>> H2,-0.194659846684686,H1,111.422095274784,AX,25.9619435991161,L1,0.311698796997574,L2,0.058077207...
GetData ===>> H2,-0.124651617825118,H1,111.388409635786,AX,25.9054874943861,L1,0.303642931515185,L2,0.207555544...
GetData ===>> H2,-0.0966080890462488,H1,111.41791667141,AX,25.8948279756059,L1,0.280555811163621,L2,0.149112229...
Get Checksum: -860229079
GetData ===>> H2,-0.13706903286582,H1,111.30890402043,AX,25.8580336084378,L1,0.294829344624015,L2,0.15942249305...
GetData ===>> H2,-0.0321404326696525,H1,111.534423720606,AX,25.8679931574537,L1,0.308819929358907,L2,0.02128176...
GetData ===>> H2,0.00460118728704015,H1,111.637096586832,AX,25.908970791051,L1,0.32927683263739,L2,0.0618521924...
Get Checksum: -860229079
02:26:56 -- collecting point 50
GetData ===>> H2,-0.0695317718114718,H1,111.620072666235,AX,25.9925657781242,L1,0.288684505400726,L2,0.14044516...
GetData ===>> H2,-0.21383654040569,H1,111.529260277548,AX,25.8376443036087,L1,0.293572809071159,L2,0.1211067670...
GetData ===>> H2,-0.20846333139016,H1,111.465771342404,AX,25.8953142690774,L1,0.335661164688954,L2,0.0406982335...
Get Checksum: -860229079
GetData ===>> H2,-0.12676758114235,H1,111.583317745161,AX,25.8417166082786,L1,0.311782872600082,L2,0.0485548723...
GetData ===>> H2,-0.177569045629864,H1,111.30047876637,AX,25.7791668561279,L1,0.300726898155543,L2,0.1992369169...
GetData ===>> H2,-0.263841986253117,H1,111.161927793658,AX,25.8747866640346,L1,0.298027388888855,L2,0.182818591...
GetData ===>> H2,-0.299292559366476,H1,111.180870717589,AX,25.8070542817073,L1,0.318083197977513,L2,0.050938218...
Get Checksum: -860229079
GetData ===>> H2,-0.177524504636704,H1,111.201430387097,AX,25.8632234986524,L1,0.328223324954135,L2,0.108646058...
GetData ===>> H2,-0.159146788210189,H1,111.22139887422,AX,25.8641169727521,L1,0.335663605011475,L2,0.1191799822...
GetData ===>> H2,-0.172266021322556,H1,111.42296815275,AX,25.8856808006284,L1,0.328824445103916,L2,0.0377222297...
Get Checksum: -860229079
GetData ===>> H2,-0.17517978139702,H1,111.163894336718,AX,25.7320033366195,L1,0.324391861460509,L2,0.0829431337...
GetData ===>> H2,-0.270733534685028,H1,111.050949415522,AX,25.8482982960527,L1,0.33061216312949,L2,0.1131148540...
GetData ===>> H2,-0.19713202986095,H1,110.943839680849,AX,26.0674969387736,L1,0.303603970876404,L2,0.1568106067...
Get Checksum: -860229079
GetData ===>> H2,-0.21948365550079,H1,111.179571912676,AX,25.7666448788991,L1,0.264484180700601,L2,0.1654563368...
GetData ===>> H2,-0.258856135684608,H1,110.760802268384,AX,25.7061836198535,L1,0.285732693984966,L2,0.066254628...
testing age>100.0
evaluate ot="age>100.0" t="age>100.0", ctx="{'age': 29.249202949477517}"
testing Ar39<0.5
evaluate ot="Ar39<0.5" t="Ar39<0.5", ctx="{'Ar39': 26.61003040542199}"
GetData ===>> H2,-0.179635285180672,H1,110.95533338497,AX,25.6884442792141,L1,0.331584198167109,L2,0.1127044457...
Get Checksum: -860229079
GetData ===>> H2,-0.180108942103952,H1,111.016616574085,AX,25.7954062987512,L1,0.329321950549959,L2,-0.04816569...
GetData ===>> H2,-0.117745290016935,H1,110.8829623309,AX,25.7974679152273,L1,0.305837142140809,L2,0.10839526455...
GetData ===>> H2,-0.127457043079635,H1,110.815096138358,AX,25.7260666301708,L1,0.329087827327584,L2,0.160882443...
Get Checksum: -860229079
GetData ===>> H2,-0.110622206137993,H1,110.662566741436,AX,25.8378019384104,L1,0.30845693038705,L2,0.0650570545...
testing age>100.0
evaluate ot="age>100.0" t="age>100.0", ctx="{'age': 29.289825446474474}"
testing Ar39<0.5
evaluate ot="Ar39<0.5" t="Ar39<0.5", ctx="{'Ar39': 26.593018170688143}"
GetData ===>> H2,-0.103038895964106,H1,110.957020435588,AX,25.6133036984885,L1,0.293594724064843,L2,0.135724231...
GetData ===>> H2,-0.157874417733809,H1,110.765230307432,AX,25.6606920769416,L1,0.330010937977143,L2,0.104200269...
Get Checksum: -860229079
GetData ===>> H2,-0.233922841167592,H1,110.760190875411,AX,25.6806456505593,L1,0.320334167881662,L2,0.027472258...
GetData ===>> H2,-0.247468994415135,H1,110.676777409367,AX,25.6761032694079,L1,0.288834187153704,L2,0.005471023...
GetData ===>> H2,-0.249342766368048,H1,110.613626770158,AX,25.7664477972393,L1,0.28550398246395,L2,0.1167516047...
Get Checksum: -860229079
testing age>100.0
evaluate ot="age>100.0" t="age>100.0", ctx="{'age': 29.32422378067173}"
testing Ar39<0.5
evaluate ot="Ar39<0.5" t="Ar39<0.5", ctx="{'Ar39': 26.590484827224547}"
02:27:23 -- collecting point 75
GetData ===>> H2,-0.161970616130517,H1,110.707860842283,AX,25.647133585555,L1,0.272549060977482,L2,0.1515300238...
GetData ===>> H2,-0.164822089744539,H1,110.747555958883,AX,25.5914496654735,L1,0.300640395600576,L2,0.170600802...
GetData ===>> H2,-0.232383396683324,H1,110.651173206917,AX,25.6262544100265,L1,0.310465767571784,L2,0.108851253...
Get Checksum: -860229079
GetData ===>> H2,-0.213889061057818,H1,110.567535040291,AX,25.548368920573,L1,0.343381155971701,L2,0.1280503543...
GetData ===>> H2,-0.210655219336022,H1,110.409913382808,AX,25.554996640191,L1,0.339142876266442,L2,0.2171302789...
testing age>100.0
evaluate ot="age>100.0" t="age>100.0", ctx="{'age': 29.325624632649717}"
testing Ar39<0.5
evaluate ot="Ar39<0.5" t="Ar39<0.5", ctx="{'Ar39': 26.597103042851117}"
GetData ===>> H2,-0.186390106882408,H1,110.554630324421,AX,25.6749086280114,L1,0.332356281732579,L2,0.105602380...
Get Checksum: -860229079
GetData ===>> H2,-0.20587212550024,H1,110.441417198968,AX,25.5750265894548,L1,0.306103840237281,L2,0.0997660855...
GetData ===>> H2,-0.10764788328867,H1,110.311619390573,AX,25.5940754842388,L1,0.317668663814395,L2,0.0852224933...
GetData ===>> H2,-0.100138037236317,H1,110.372587226701,AX,25.574829684936,L1,0.329459744325023,L2,0.0266969995...
Get Checksum: -860229079
GetData ===>> H2,-0.081061595454412,H1,110.464780794137,AX,25.5534741980164,L1,0.356424140314371,L2,0.049558379...
testing age>100.0
evaluate ot="age>100.0" t="age>100.0", ctx="{'age': 29.305444700067174}"
testing Ar39<0.5
evaluate ot="Ar39<0.5" t="Ar39<0.5", ctx="{'Ar39': 26.592371044849234}"
GetData ===>> H2,-0.0871078428447609,H1,110.237365942287,AX,25.5774157256661,L1,0.320550023631068,L2,0.11050423...
GetData ===>> H2,-0.0474893157492994,H1,110.08730182115,AX,25.5752760023506,L1,0.298223493475734,L2,0.059103623...
Get Checksum: -860229079
GetData ===>> H2,-0.159996306378155,H1,110.32672368751,AX,25.4886586898034,L1,0.344250985148514,L2,0.1141066814...
GetData ===>> H2,-0.259720223406628,H1,110.154014228054,AX,25.708140243091,L1,0.323873876742821,L2,0.0647605147...
GetData ===>> H2,-0.220320296037199,H1,110.284989162884,AX,25.6702352103008,L1,0.331941569260624,L2,0.097178623...
Get Checksum: -860229079
testing age>100.0
evaluate ot="age>100.0" t="age>100.0", ctx="{'age': 29.34204337551625}"
testing Ar39<0.5
evaluate ot="Ar39<0.5" t="Ar39<0.5", ctx="{'Ar39': 26.578157764656968}"
GetData ===>> H2,-0.163981033646261,H1,110.188185420716,AX,25.5209960716346,L1,0.309878546930935,L2,0.135097071...
GetData ===>> H2,-0.104699483569991,H1,110.170359249401,AX,25.589821689278,L1,0.304027675796818,L2,0.0747521307...
GetData ===>> H2,-0.134182181605199,H1,110.158377662585,AX,25.5646173865511,L1,0.274704340705751,L2,0.124652608...
Get Checksum: -860229079
GetData ===>> H2,-0.307580785019627,H1,110.056866512913,AX,25.4449494518322,L1,0.30897463417957,L2,0.1278223139...
GetData ===>> H2,-0.223689134565952,H1,110.02776810236,AX,25.431235698886,L1,0.337166954228624,L2,0.03068737049...
Get Checksum: -860229079
testing age>100.0
evaluate ot="age>100.0" t="age>100.0", ctx="{'age': 29.351619763133083}"
testing Ar39<0.5
evaluate ot="Ar39<0.5" t="Ar39<0.5", ctx="{'Ar39': 26.575751847611475}"
GetData ===>> H2,-0.157987883322452,H1,109.932336720081,AX,25.5002938058369,L1,0.303348295369209,L2,0.204154975...
GetData ===>> H2,-0.201240702399618,H1,110.101375084952,AX,25.3792884498966,L1,0.285670649395886,L2,0.196429970...
GetData ===>> H2,-0.164180840748801,H1,110.13352991285,AX,25.4771821871061,L1,0.29513984960269,L2,0.05732450974...
Get Checksum: -860229079
GetData ===>> H2,-0.113046694621149,H1,110.024329896023,AX,25.5591309643535,L1,0.304317461114044,L2,0.078760650...
GetData ===>> H2,-0.187784549119639,H1,109.987974603717,AX,25.4571306901607,L1,0.294067125356215,L2,0.146352370...
testing age>100.0
evaluate ot="age>100.0" t="age>100.0", ctx="{'age': 29.368255261587972}"
testing Ar39<0.5
evaluate ot="Ar39<0.5" t="Ar39<0.5", ctx="{'Ar39': 26.57185945201422}"
02:27:49 -- collecting point 100
GetData ===>> H2,-0.294919312478268,H1,109.881492338695,AX,25.2758622633786,L1,0.298709508019559,L2,0.025340311...
Get Checksum: -860229079
GetData ===>> H2,-0.177282900439568,H1,109.688057110939,AX,25.3844557548311,L1,0.320110999776732,L2,0.127286421...
GetData ===>> H2,-0.140099774162671,H1,109.590727427352,AX,25.3591723710338,L1,0.312358016998325,L2,0.054667304...
GetData ===>> H2,-0.176221940548096,H1,109.639070778326,AX,25.2644245026902,L1,0.303308118370932,L2,0.180057759...
Get Checksum: -860229079
GetData ===>> H2,-0.215115820216556,H1,109.894650026971,AX,25.3472670634939,L1,0.323658159076894,L2,0.010759977...
testing age>100.0
evaluate ot="age>100.0" t="age>100.0", ctx="{'age': 29.349552329827752}"
testing Ar39<0.5
evaluate ot="Ar39<0.5" t="Ar39<0.5", ctx="{'Ar39': 26.583357357599215}"
GetData ===>> H2,-0.175297231588454,H1,109.751657024957,AX,25.3014803498078,L1,0.308721260577721,L2,0.088425085...
GetData ===>> H2,-0.231846425701451,H1,109.647544878289,AX,25.4224917791823,L1,0.271655215604342,L2,0.160380582...
Get Checksum: -860229079
GetData ===>> H2,-0.180365329324144,H1,109.535823974595,AX,25.3745410384485,L1,0.298894662497138,L2,0.084743823...
GetData ===>> H2,-0.0185808990580932,H1,109.475432520962,AX,25.4669395992027,L1,0.352833679915031,L2,0.11219143...
GetData ===>> H2,-0.164400894494161,H1,109.593938774352,AX,25.4396918742045,L1,0.353891147417023,L2,0.075447932...
Get Checksum: -860229079
testing age>100.0
evaluate ot="age>100.0" t="age>100.0", ctx="{'age': 29.37921387725107}"
testing Ar39<0.5
evaluate ot="Ar39<0.5" t="Ar39<0.5", ctx="{'Ar39': 26.575624258825883}"
GetData ===>> H2,-0.220667867617246,H1,109.546014585981,AX,25.2383435208729,L1,0.332700261882959,L2,0.155521798...
GetData ===>> H2,-0.175704922800747,H1,109.505496104486,AX,25.3604442697033,L1,0.355643657735144,L2,0.106776521...
GetData ===>> H2,-0.132785141602839,H1,109.444987326828,AX,25.3817540372093,L1,0.336230995786315,L2,0.149203466...
Get Checksum: -860229079
GetData ===>> H2,-0.172363154157715,H1,109.337831100315,AX,25.3785015719587,L1,0.306133067848947,L2,0.150389547...
GetData ===>> H2,-0.242735427336584,H1,109.328551827617,AX,25.17959930396,L1,0.288909637324063,L2,0.15286439851...
Get Checksum: -860229079
testing age>100.0
evaluate ot="age>100.0" t="age>100.0", ctx="{'age': 29.37536647759052}"
testing Ar39<0.5
evaluate ot="Ar39<0.5" t="Ar39<0.5", ctx="{'Ar39': 26.575634059835703}"
GetData ===>> H2,-0.243455412714441,H1,109.214534154364,AX,25.3456937712107,L1,0.336672728222818,L2,0.097235615...
GetData ===>> H2,-0.247494554057347,H1,109.202552702122,AX,25.3208125235018,L1,0.304467227333987,L2,0.114539896...
GetData ===>> H2,-0.153261890570982,H1,109.291550956935,AX,25.3169720314416,L1,0.300854825811184,L2,0.054176927...
Get Checksum: -860229079
GetData ===>> H2,-0.15699772269023,H1,109.074228651161,AX,25.2266608280552,L1,0.310153878551052,L2,0.0865217525...
GetData ===>> H2,-0.204451628655558,H1,109.278327966107,AX,25.1784070368072,L1,0.29857795292924,L2,0.1108804300...
testing age>100.0
evaluate ot="age>100.0" t="age>100.0", ctx="{'age': 29.37380947515589}"
testing Ar39<0.5
evaluate ot="Ar39<0.5" t="Ar39<0.5", ctx="{'Ar39': 26.57377968147062}"
GetData ===>> H2,-0.249303760645916,H1,109.179679921654,AX,25.2522412551251,L1,0.300421096629326,L2,0.036160149...
Get Checksum: -860229079
measurement finished
estimated time: 125.829 actual time: :126.161
flush and close file /Users/jan/PychronDev/data/isotopes/16/63eb8c-ff1e-46bf-a7cf-2419712e4331.h5
baselines () {'settling_time': 15.0, 'detector': 'H1', 'mass': 34.2, 'ncounts': 60.0}
%%%%%%%%%%%%%%%%%%%%%%%%%%%%%%%% Baseline
build tables- baseline [Detector(H2), Detector(H1), Detector(AX), Detector(L1), Detector(L2), Detector(CDD)]
add group baseline table H2
add group baseline table H1
add group baseline table AX
add group baseline table L1
add group baseline table L2
add group baseline table CDD
flush and close file /Users/jan/PychronDev/data/isotopes/16/63eb8c-ff1e-46bf-a7cf-2419712e4331.h5
detector Detector(H1)
POSITION 34.2 H1
Mapping mass to dac mass func: "parabolic"
H1 map mass coeffs = [-0.00063987  0.15840543  0.57050999]
H1 map mass to dac 34.2 >> 5.23955599104
GetDeflection H1 ===>> 0
GetHighVoltage ===>> 4499.94659342336
positioning 34.2 (5.23952513579) on H1
setting magnet DAC
current  : 5.878865
requested: 5.239525
Delta Dac: 0.639340
Checking detector protection. dv=0.63934
Checking detector "CDD". Protection Threshold: 0.1 (V)
ProtectDetector CDD,On ===>> OK
GetDeflection CDD ===>> 2000
SetMagnetDAC 5.23952513579 ===>> OK
Magnet settling time: 0.500
GetMagnetMoving ===>> True
GetMagnetMoving ===>> True
GetMagnetMoving ===>> True
GetMagnetMoving ===>> True
GetMagnetMoving ===>> True
GetMagnetMoving ===>> True
GetMagnetMoving ===>> True
GetMagnetMoving ===>> True
GetMagnetMoving ===>> False
ProtectDetector CDD,Off ===>> OK
GetDeflection CDD ===>> 50
Delaying 15.0s for detectors to settle
Get Checksum: -860229079
Get Checksum: -860229079
Get Checksum: -860229079
Get Checksum: -860229079
Get Checksum: -860229079
Join finished
measuring baseline. ncounts=60.0
Get Checksum: -860229079
starting measurement
GetData ===>> H2,-0.19346438415929,H1,-0.0722279474383523,AX,-0.0675738791385265,L1,-0.0480912894103507,L2,-0.0...
GetData ===>> H2,-0.129910376724224,H1,-0.0990204699728768,AX,-0.0387268954778901,L1,-0.0275491140011767,L2,-0....
GetData ===>> H2,-0.209820007897313,H1,0.020755300621045,AX,-0.180861328155203,L1,-0.019969768044051,L2,-0.0302...
Get Checksum: -860229079
GetData ===>> H2,-0.2823819443687,H1,0.0392262803972755,AX,-0.16616377671367,L1,-0.0376008075056757,L2,0.029991...
GetData ===>> H2,-0.193219076345351,H1,0.0435820144075507,AX,-0.157202744203848,L1,-0.0474330377176149,L2,-0.00...
GetData ===>> H2,-0.24488448132862,H1,-0.0616066836216287,AX,-0.0319197083136414,L1,-0.0283793308607375,L2,-0.0...
Get Checksum: -860229079
GetData ===>> H2,-0.177683771623642,H1,0.0500503307046653,AX,-0.0232795772834292,L1,-0.0628390951635033,L2,-0.0...
GetData ===>> H2,-0.239126734254215,H1,0.00457809477099076,AX,-0.0947318514963716,L1,-0.0408206019719459,L2,-0....
GetData ===>> H2,-0.25725410594024,H1,-0.0851364506424755,AX,-0.0789224984668696,L1,-0.0378272330197969,L2,-0.0...
Get Checksum: -860229079
GetData ===>> H2,-0.161782922953988,H1,-0.136156938546405,AX,-0.0268864903477683,L1,-0.0776839052677779,L2,0.04...
GetData ===>> H2,-0.214878827723421,H1,-0.0151745936382007,AX,-0.0260050705576641,L1,-0.0602489861855923,L2,0.0...
GetData ===>> H2,-0.238323364808654,H1,-0.0364020021364151,AX,-0.0136179586722698,L1,-0.00492664863662501,L2,0....
Get Checksum: -860229079
GetData ===>> H2,-0.237613154795472,H1,0.0254323841396566,AX,-0.119252128783302,L1,0.00807293396998941,L2,-0.01...
GetData ===>> H2,-0.210384455933857,H1,0.011556878434882,AX,-0.00428018903179727,L1,0.00122304043652679,L2,-0.0...
GetData ===>> H2,-0.158407966268715,H1,-0.0216625490101706,AX,-0.00169329439037042,L1,-0.00757975440839088,L2,-...
GetData ===>> H2,-0.21824407420038,H1,-0.0190984257320668,AX,-0.0579282510268477,L1,-0.0149100977105662,L2,-0.0...
Get Checksum: -860229079
GetData ===>> H2,-0.208272009394028,H1,0.0068804431245574,AX,-0.155579700458967,L1,-0.0641141643106704,L2,-0.07...
GetData ===>> H2,-0.19434987416691,H1,-0.0570765087425816,AX,-0.0588673505826569,L1,-0.0534047929538391,L2,-0.0...
GetData ===>> H2,-0.19704166814425,H1,-0.0158901975858548,AX,-0.0297626467724319,L1,-0.00529131221344506,L2,0.0...
Get Checksum: -860229079
GetData ===>> H2,-0.242190361144359,H1,0.0390830814005707,AX,-0.0249380780264377,L1,0.00150511625223267,L2,0.00...
GetData ===>> H2,-0.251108642879902,H1,-0.0827169780574398,AX,-0.127095922130303,L1,-0.0133836832632103,L2,-0.0...
GetData ===>> H2,-0.219555062021673,H1,-0.105657899775235,AX,-0.106204773241159,L1,-0.0527301421758356,L2,-0.06...
Get Checksum: -860229079
GetData ===>> H2,-0.176933307587736,H1,-0.0479082378907368,AX,0.0388591731510659,L1,-0.0498731398512919,L2,-0.0...
GetData ===>> H2,-0.193432036180515,H1,-0.0582209933358111,AX,-0.0133163801113111,L1,-0.0297736534312153,L2,0.0...
02:28:54 -- collecting point 25
GetData ===>> H2,-0.131624642648253,H1,-0.0409331129756606,AX,0.0386850921272779,L1,-0.0201172386369594,L2,-0.0...
Get Checksum: -860229079
GetData ===>> H2,-0.207693981730331,H1,0.0215427534669522,AX,-0.176851017908435,L1,-0.0576187137678053,L2,-0.02...
GetData ===>> H2,-0.277947203297272,H1,-0.0463820982603778,AX,-0.139649248007785,L1,-0.0560854664572506,L2,-0.0...
GetData ===>> H2,-0.197830622955264,H1,-0.0129442618465923,AX,-0.0657653966953562,L1,-0.0353063142008936,L2,-0....
Get Checksum: -860229079
GetData ===>> H2,-0.169066917677644,H1,-0.0508412221488673,AX,-0.0626352514975929,L1,-0.0343979575305558,L2,0.0...
GetData ===>> H2,-0.128274879890838,H1,-0.0875558647239981,AX,-0.0479801955634911,L1,-0.0181603796883689,L2,-0....
GetData ===>> H2,-0.267088676117137,H1,-0.0260512215347174,AX,0.00879419355722784,L1,-0.00135128645758497,L2,-0...
Get Checksum: -860229079
GetData ===>> H2,-0.0999891164301766,H1,-0.0745403963960943,AX,0.0315944563094373,L1,-0.0217320800185991,L2,-0....
GetData ===>> H2,-0.119042744926663,H1,-0.0159856110590216,AX,-0.0293915345903921,L1,-0.0384873121549559,L2,-0....
GetData ===>> H2,-0.133055637122484,H1,0.0280335098299613,AX,-0.0341926891736711,L1,-0.0382453281038133,L2,0.13...
Get Checksum: -860229079
GetData ===>> H2,-0.204864049344197,H1,-0.0785810938743968,AX,-0.0931324882934333,L1,-0.0142142548940378,L2,-0....
GetData ===>> H2,-0.161349461364573,H1,0.0357656953106524,AX,0.0344840311481782,L1,-0.0105846435653522,L2,0.020...
GetData ===>> H2,-0.185061585786001,H1,-0.0163314841367111,AX,-0.0688722560621805,L1,-0.031373771647876,L2,-0.0...
Get Checksum: -860229079
GetData ===>> H2,-0.273978241609793,H1,-0.0548351884982921,AX,-0.152785683141234,L1,-0.0430886919817937,L2,0.05...
GetData ===>> H2,-0.230528787247359,H1,-0.0868407730561625,AX,-0.0710284508922212,L1,-0.0202455243050998,L2,-0....
Get Checksum: -860229079
GetData ===>> H2,-0.199456910046617,H1,-0.0575653006389619,AX,-0.185578446748524,L1,0.00760376603092973,L2,-0.1...
GetData ===>> H2,-0.209054792301827,H1,-0.00262683978256002,AX,0.0202574749812111,L1,0.0037620072349769,L2,-0.0...
GetData ===>> H2,-0.330546488955694,H1,-0.0288894453168929,AX,-0.00167009323053196,L1,0.00833932549157097,L2,-0...
Get Checksum: -860229079
GetData ===>> H2,-0.246877070723729,H1,0.01327480749731,AX,-0.0771953680469703,L1,-0.0176795000860563,L2,-0.039...
GetData ===>> H2,-0.235027505512422,H1,-0.0402892307820533,AX,-0.118394718639541,L1,-0.0459476240720205,L2,0.06...
GetData ===>> H2,-0.181760513805902,H1,-0.113712788640074,AX,-0.0346681529459901,L1,-0.0237170086645008,L2,-0.0...
Get Checksum: -860229079
GetData ===>> H2,-0.21032787768762,H1,-0.0217221790024923,AX,-0.0952533772911797,L1,-0.0347023500440532,L2,-0.0...
GetData ===>> H2,-0.217149896021023,H1,0.0232250598435126,AX,-0.0269908684785246,L1,-0.0335519664099602,L2,0.00...
GetData ===>> H2,-0.14576165678732,H1,-0.0673763988957575,AX,-0.0523746251765259,L1,-0.00721757231880422,L2,-0....
Get Checksum: -860229079
GetData ===>> H2,-0.131673337297659,H1,-0.0124552519768394,AX,0.000858866347943365,L1,0.00781374898020719,L2,0....
02:29:21 -- collecting point 50
GetData ===>> H2,-0.144386308951062,H1,0.0101133636139618,AX,0.0231815239633227,L1,-0.00790594699149789,L2,-0.0...
GetData ===>> H2,-0.162813171657118,H1,-0.0567426982706508,AX,-0.146293050798369,L1,-0.0208821327177166,L2,-0.0...
Get Checksum: -860229079
GetData ===>> H2,-0.18904398468789,H1,-0.0809172339039986,AX,-0.0858538946909246,L1,-0.0161767531050842,L2,-0.0...
GetData ===>> H2,-0.221214799701104,H1,-0.0302250521885704,AX,-0.0432376992888067,L1,-0.0538318091220178,L2,-0....
GetData ===>> H2,-0.21746118162716,H1,0.0346917449493891,AX,-0.146640881375184,L1,-0.029881453825441,L2,-0.0471...
Get Checksum: -860229079
GetData ===>> H2,-0.197980315863741,H1,0.00453037826677623,AX,-0.0576847792922241,L1,-0.00482108566233826,L2,-0...
GetData ===>> H2,-0.131355465677196,H1,-0.0402773069986705,AX,0.0014505131641808,L1,-0.0352631751073204,L2,0.00...
GetData ===>> H2,-0.113995502011671,H1,-0.0319899339320305,AX,-0.0187910454216729,L1,-0.0285374596346103,L2,0.0...
Get Checksum: -860229079
GetData ===>> H2,-0.148425412142569,H1,-0.0939318728170989,AX,-0.00556781051340198,L1,-0.00561038200829065,L2,-...
GetData ===>> H2,-0.294147544669214,H1,-0.061833186982274,AX,0.0305964704673543,L1,0.00785574609529226,L2,-0.05...
GetData ===>> H2,-0.254822403071648,H1,-0.00251948529228478,AX,-0.0271532342371697,L1,-0.00309353427795037,L2,0...
Get Checksum: -860229079
measurement finished
estimated time: 62.915 actual time: :63.089
flush and close file /Users/jan/PychronDev/data/isotopes/16/63eb8c-ff1e-46bf-a7cf-2419712e4331.h5
activate_detectors ('H1', 'AX', 'CDD') {'peak_center': True}
peak_center () {'detector': 'H1', 'isotope': 'Ar40'}
peak center: mean=109.285774071 threshold=3
peak center started
setup peak center. detector=['H1', 'AX', 'CDD'], isotope=Ar40
VersionedUnpickler [<apptools.sweet_pickle.versioned_unpickler.VersionedUnpickler object at 0x166da88f0>] using Updater [<apptools.sweet_pickle.updater.Updater object at 0x12ce00cb0>]
VersionedUnpickler [<apptools.sweet_pickle.versioned_unpickler.VersionedUnpickler object at 0x166da88f0>] using Updater [<apptools.sweet_pickle.updater.Updater object at 0x12ce00cb0>]
VersionedUnpickler [<apptools.sweet_pickle.versioned_unpickler.VersionedUnpickler object at 0x166da88f0>] using Updater [<apptools.sweet_pickle.updater.Updater object at 0x12ce00cb0>]
setting integration time = 0.524288
SetIntegrationTime 0.524288 ===>> OK
Mapping mass to dac mass func: "parabolic"
H1 map mass coeffs = [-0.00063987  0.15840543  0.57050999]
H1 map mass to dac 39.9624 >> 5.8789
GetDeflection H1 ===>> 0
GetHighVoltage ===>> 4499.94659342336
do peak center. <pychron.spectrometer.jobs.peak_center.PeakCenter object at 0x12ce00b30>
doing pc
starting peak center. center dac= 5.87886537971 step_width=0.001
width = 0.001
get scan parameters. half-width=0.015,window=0.015, i=0, scalar=1
Scan parameters center=5.87887 width=0.03000 (5.86387 - 5.89387)
GetData ===>> H2,-0.153475399862128,H1,-0.015711297078602,AX,-0.0505542654804974,L1,-0.00845877131260107,L2,0.0...
Moving to starting dac 5.86386537971
setting magnet DAC
current  : 5.239525
requested: 5.863865
Delta Dac: 0.624340
Checking detector protection. dv=0.62434
Checking detector "CDD". Protection Threshold: 0.1 (V)
ProtectDetector CDD,On ===>> OK
GetDeflection CDD ===>> 2000
SetMagnetDAC 5.86386537971 ===>> OK
Magnet settling time: 0.500
GetMagnetMoving ===>> True
GetMagnetMoving ===>> True
GetMagnetMoving ===>> True
GetMagnetMoving ===>> True
GetMagnetMoving ===>> True
GetMagnetMoving ===>> True
Get Checksum: -860229079
GetMagnetMoving ===>> True
GetMagnetMoving ===>> True
GetMagnetMoving ===>> False
ProtectDetector CDD,Off ===>> OK
GetDeflection CDD ===>> 50
Wait until signal near baseline. tol= -0.011783472809. timeout= 10
GetData ===>> H2,0.308004553431337,H1,0.145128763880576,AX,-0.0293799373119406,L1,0.0010646013159,L2,0.12273715...
GetData ===>> H2,6.303611383688,H1,3.34207036399825,AX,0.0863617341309302,L1,0.00491105505024702,L2,-0.10681530...
GetData ===>> H2,7.20282483713723,H1,3.81399926902926,AX,0.544756299259621,L1,-0.0532122110946026,L2,-0.1396522...
GetData ===>> H2,3.82026048265324,H1,1.80201144455736,AX,0.214574535058715,L1,-0.0761593888807068,L2,-0.0272333...
GetData ===>> H2,1.55701613207023,H1,0.849393109512797,AX,0.0353311918365156,L1,-0.0698395823082065,L2,-0.02534...
Get Checksum: -860229079
GetData ===>> H2,0.500705418504859,H1,0.488939997291493,AX,-0.0672260966635932,L1,-0.0675584151544338,L2,0.0317...
GetData ===>> H2,0.133988277745943,H1,0.300632163055448,AX,-0.0201944587629354,L1,-0.0602647570619701,L2,-0.010...
GetData ===>> H2,-0.0208206178108347,H1,0.244307099446339,AX,-0.0112633012285638,L1,-0.0461762556208424,L2,0.05...
GetData ===>> H2,-0.139899360452228,H1,0.0907976778547816,AX,-0.0651857477737032,L1,-0.0408625195767813,L2,-0.0...
GetData ===>> H2,-0.111121766199929,H1,0.0818605461393009,AX,-0.0202408522468772,L1,-0.0569411832838028,L2,0.01...
GetData ===>> H2,-0.113958958829637,H1,0.081479246260119,AX,0.0776471640106875,L1,-0.0688746282769003,L2,-0.006...
Get Checksum: -860229079
GetData ===>> H2,-0.117455743868699,H1,0.0926328676021939,AX,-0.0754334315994089,L1,-0.0457141990605855,L2,-0.0...
GetData ===>> H2,-0.180302295137628,H1,0.0566861595095115,AX,-0.0428086601089078,L1,-0.0172279470658762,L2,0.01...
GetData ===>> H2,-0.185087095597652,H1,0.1244799561267,AX,-0.0132815825249475,L1,0.010061713078662,L2,-0.173070...
GetData ===>> H2,-0.165314814316189,H1,0.0701262536254578,AX,-0.10765327827744,L1,-0.00686377259666514,L2,-0.03...
GetData ===>> H2,-0.123091095679316,H1,-0.025085253066348,AX,-0.0645829092323724,L1,-0.00622570234257048,L2,-0....
Peak center baseline intensity achieved
_do_sweep sm= 5.86386537971, em= 5.89386537971, stm= 0.001
calculated step values: start=5.86386537971, end=5.89386537971, width=0.001, nsteps=31.0
setting magnet DAC
current  : 5.863865
requested: 5.863865
Delta Dac: 0.000000
Checking detector protection. dv=0.00000
Checking detector "CDD". Protection Threshold: 0.1 (V)
SetMagnetDAC 5.86386537971 ===>> OK
GetData ===>> H2,-0.123091095679316,H1,-0.025085253066348,AX,-0.0645829092323724,L1,-0.00622570234257048,L2,-0....
setting magnet DAC
current  : 5.863865
requested: 5.864900
Delta Dac: 0.001034
Checking detector protection. dv=0.00103
Checking detector "CDD". Protection Threshold: 0.1 (V)
SetMagnetDAC 5.86489986247 ===>> OK
Magnet settling time: 1.049
Get Checksum: -860229079
GetData ===>> H2,-0.162520174676524,H1,0.193858699709115,AX,-0.0489773658626525,L1,0.00934473151259132,L2,0.060...
setting magnet DAC
current  : 5.864900
requested: 5.865934
Delta Dac: 0.001034
Checking detector protection. dv=0.00103
Checking detector "CDD". Protection Threshold: 0.1 (V)
SetMagnetDAC 5.86593434523 ===>> OK
Magnet settling time: 1.049
GetData ===>> H2,-0.133640049675621,H1,0.672839178684526,AX,0.141703544242035,L1,0.0470327715737418,L2,-0.00894...
setting magnet DAC
current  : 5.865934
requested: 5.866969
Delta Dac: 0.001034
Checking detector protection. dv=0.00103
Checking detector "CDD". Protection Threshold: 0.1 (V)
SetMagnetDAC 5.86696882799 ===>> OK
Magnet settling time: 1.049
GetData ===>> H2,-0.230072646906258,H1,2.49229276368037,AX,0.286315541512874,L1,0.00207289280707443,L2,-0.07180...
setting magnet DAC
current  : 5.866969
requested: 5.868003
Delta Dac: 0.001034
Checking detector protection. dv=0.00103
Checking detector "CDD". Protection Threshold: 0.1 (V)
SetMagnetDAC 5.86800331074 ===>> OK
Magnet settling time: 1.049
Get Checksum: -860229079
GetData ===>> H2,-0.280167545697398,H1,8.66795497952235,AX,1.17003524895118,L1,-0.0223593316919544,L2,-0.006535...
setting magnet DAC
current  : 5.868003
requested: 5.869038
Delta Dac: 0.001034
Checking detector protection. dv=0.00103
Checking detector "CDD". Protection Threshold: 0.1 (V)
SetMagnetDAC 5.8690377935 ===>> OK
Magnet settling time: 1.049
GetData ===>> H2,-0.235942314674124,H1,23.2144596764422,AX,3.61499481682034,L1,-0.0440501405783804,L2,0.0510036...
setting magnet DAC
current  : 5.869038
requested: 5.870072
Delta Dac: 0.001034
Checking detector protection. dv=0.00103
Checking detector "CDD". Protection Threshold: 0.1 (V)
SetMagnetDAC 5.87007227626 ===>> OK
Magnet settling time: 1.049
GetData ===>> H2,-0.231503373821092,H1,47.0435699171434,AX,8.31999913746387,L1,0.00417622566368512,L2,-0.012319...
setting magnet DAC
current  : 5.870072
requested: 5.871107
Delta Dac: 0.001034
Checking detector protection. dv=0.00103
Checking detector "CDD". Protection Threshold: 0.1 (V)
SetMagnetDAC 5.87110675902 ===>> OK
Magnet settling time: 1.049
Get Checksum: -860229079
GetData ===>> H2,-0.243876616519103,H1,72.9637997008342,AX,14.2683121327776,L1,0.0950237560813592,L2,0.04710734...
setting magnet DAC
current  : 5.871107
requested: 5.872141
Delta Dac: 0.001034
Checking detector protection. dv=0.00103
Checking detector "CDD". Protection Threshold: 0.1 (V)
SetMagnetDAC 5.87214124178 ===>> OK
Magnet settling time: 1.049
GetData ===>> H2,-0.221691726482627,H1,91.9272817825771,AX,19.3472412808656,L1,0.186647368751599,L2,0.073837634...
setting magnet DAC
current  : 5.872141
requested: 5.873176
Delta Dac: 0.001034
Checking detector protection. dv=0.00103
Checking detector "CDD". Protection Threshold: 0.1 (V)
SetMagnetDAC 5.87317572454 ===>> OK
Magnet settling time: 1.049
Get Checksum: -860229079
GetData ===>> H2,-0.122282352492649,H1,103.183430348062,AX,23.4090077657723,L1,0.189764030155161,L2,0.008563246...
setting magnet DAC
current  : 5.873176
requested: 5.874210
Delta Dac: 0.001034
Checking detector protection. dv=0.00103
Checking detector "CDD". Protection Threshold: 0.1 (V)
SetMagnetDAC 5.8742102073 ===>> OK
Magnet settling time: 1.049
GetData ===>> H2,-0.0813149414004321,H1,105.148021932832,AX,23.9388379511446,L1,0.18894057683465,L2,0.138654834...
setting magnet DAC
current  : 5.874210
requested: 5.875245
Delta Dac: 0.001034
Checking detector protection. dv=0.00103
Checking detector "CDD". Protection Threshold: 0.1 (V)
SetMagnetDAC 5.87524469005 ===>> OK
Magnet settling time: 1.049
GetData ===>> H2,-0.255763422662099,H1,105.561721263116,AX,23.9902017032948,L1,0.276263918272201,L2,0.142760109...
setting magnet DAC
current  : 5.875245
requested: 5.876279
Delta Dac: 0.001034
Checking detector protection. dv=0.00103
Checking detector "CDD". Protection Threshold: 0.1 (V)
SetMagnetDAC 5.87627917281 ===>> OK
Magnet settling time: 1.049
Get Checksum: -860229079
GetData ===>> H2,-0.191060539623363,H1,105.458554003033,AX,24.1025723800168,L1,0.283021879263093,L2,0.162627568...
setting magnet DAC
current  : 5.876279
requested: 5.877314
Delta Dac: 0.001034
Checking detector protection. dv=0.00103
Checking detector "CDD". Protection Threshold: 0.1 (V)
SetMagnetDAC 5.87731365557 ===>> OK
Magnet settling time: 1.049
GetData ===>> H2,-0.129804955109785,H1,105.645165408321,AX,24.0361161059554,L1,0.330777538137232,L2,0.031933877...
setting magnet DAC
current  : 5.877314
requested: 5.878348
Delta Dac: 0.001034
Checking detector protection. dv=0.00103
Checking detector "CDD". Protection Threshold: 0.1 (V)
SetMagnetDAC 5.87834813833 ===>> OK
Magnet settling time: 1.049
GetData ===>> H2,-0.196258053441665,H1,105.646550455147,AX,24.1335002591523,L1,0.320321972777503,L2,0.063969572...
setting magnet DAC
current  : 5.878348
requested: 5.879383
Delta Dac: 0.001034
Checking detector protection. dv=0.00103
Checking detector "CDD". Protection Threshold: 0.1 (V)
SetMagnetDAC 5.87938262109 ===>> OK
Magnet settling time: 1.049
Get Checksum: -860229079
GetData ===>> H2,-0.2691604032456,H1,105.508035008716,AX,24.1634535077235,L1,0.272758244259174,L2,0.05499120485...
setting magnet DAC
current  : 5.879383
requested: 5.880417
Delta Dac: 0.001034
Checking detector protection. dv=0.00103
Checking detector "CDD". Protection Threshold: 0.1 (V)
SetMagnetDAC 5.88041710385 ===>> OK
Magnet settling time: 1.049
GetData ===>> H2,-0.263124864324507,H1,105.471587180421,AX,24.0977217136194,L1,0.263050335295479,L2,0.095081348...
setting magnet DAC
current  : 5.880417
requested: 5.881452
Delta Dac: 0.001034
Checking detector protection. dv=0.00103
Checking detector "CDD". Protection Threshold: 0.1 (V)
SetMagnetDAC 5.88145158661 ===>> OK
Magnet settling time: 1.049
GetData ===>> H2,-0.283245880144228,H1,105.62256904781,AX,24.1178236540034,L1,0.269898155969299,L2,0.0130957000...
setting magnet DAC
current  : 5.881452
requested: 5.882486
Delta Dac: 0.001034
Checking detector protection. dv=0.00103
Checking detector "CDD". Protection Threshold: 0.1 (V)
SetMagnetDAC 5.88248606936 ===>> OK
Magnet settling time: 1.049
Get Checksum: -860229079
GetData ===>> H2,-0.177727100847789,H1,105.219261574582,AX,24.0911762628299,L1,0.29765691014744,L2,0.0964719278...
setting magnet DAC
current  : 5.882486
requested: 5.883521
Delta Dac: 0.001034
Checking detector protection. dv=0.00103
Checking detector "CDD". Protection Threshold: 0.1 (V)
SetMagnetDAC 5.88352055212 ===>> OK
Magnet settling time: 1.049
GetData ===>> H2,-0.117626225204989,H1,104.716722597843,AX,23.6495684843144,L1,0.338907521797235,L2,0.181472390...
setting magnet DAC
current  : 5.883521
requested: 5.884555
Delta Dac: 0.001034
Checking detector protection. dv=0.00103
Checking detector "CDD". Protection Threshold: 0.1 (V)
SetMagnetDAC 5.88455503488 ===>> OK
Magnet settling time: 1.049
GetData ===>> H2,-0.0987889557958969,H1,102.594485155229,AX,22.8001346263154,L1,0.287414077220024,L2,-0.0153481...
setting magnet DAC
current  : 5.884555
requested: 5.885590
Delta Dac: 0.001034
Checking detector protection. dv=0.00103
Checking detector "CDD". Protection Threshold: 0.1 (V)
Get Checksum: -860229079
SetMagnetDAC 5.88558951764 ===>> OK
Magnet settling time: 1.049
GetData ===>> H2,-0.266850787612411,H1,91.4572445967756,AX,18.7496198020365,L1,0.214052990640204,L2,0.142075884...
setting magnet DAC
current  : 5.885590
requested: 5.886624
Delta Dac: 0.001034
Checking detector protection. dv=0.00103
Checking detector "CDD". Protection Threshold: 0.1 (V)
SetMagnetDAC 5.8866240004 ===>> OK
Magnet settling time: 1.049
GetData ===>> H2,-0.161550665223401,H1,70.6939070302398,AX,12.6515576522775,L1,0.177728877368587,L2,0.059503071...
setting magnet DAC
current  : 5.886624
requested: 5.887658
Delta Dac: 0.001034
Checking detector protection. dv=0.00103
Checking detector "CDD". Protection Threshold: 0.1 (V)
SetMagnetDAC 5.88765848316 ===>> OK
Magnet settling time: 1.049
Get Checksum: -860229079
GetData ===>> H2,-0.121752175191496,H1,43.1701424316129,AX,6.62712028674245,L1,0.105746423960401,L2,-0.02832612...
setting magnet DAC
current  : 5.887658
requested: 5.888693
Delta Dac: 0.001034
Checking detector protection. dv=0.00103
Checking detector "CDD". Protection Threshold: 0.1 (V)
SetMagnetDAC 5.88869296592 ===>> OK
Magnet settling time: 1.049
GetData ===>> H2,-0.19489298408268,H1,19.9590249012046,AX,2.5442515871265,L1,0.0498796896049448,L2,-0.118028093...
setting magnet DAC
current  : 5.888693
requested: 5.889727
Delta Dac: 0.001034
Checking detector protection. dv=0.00103
Checking detector "CDD". Protection Threshold: 0.1 (V)
SetMagnetDAC 5.88972744867 ===>> OK
Magnet settling time: 1.049
GetData ===>> H2,-0.13304284390756,H1,7.03858866330636,AX,0.708362794955712,L1,0.00863259631947913,L2,-0.044898...
setting magnet DAC
current  : 5.889727
requested: 5.890762
Delta Dac: 0.001034
Checking detector protection. dv=0.00103
Checking detector "CDD". Protection Threshold: 0.1 (V)
SetMagnetDAC 5.89076193143 ===>> OK
Magnet settling time: 1.049
Get Checksum: -860229079
GetData ===>> H2,-0.202530844020807,H1,2.08268004551362,AX,0.0981832750912683,L1,0.00611535014681266,L2,0.06948...
setting magnet DAC
current  : 5.890762
requested: 5.891796
Delta Dac: 0.001034
Checking detector protection. dv=0.00103
Checking detector "CDD". Protection Threshold: 0.1 (V)
SetMagnetDAC 5.89179641419 ===>> OK
Magnet settling time: 1.049
GetData ===>> H2,-0.119165853384182,H1,0.476664959455309,AX,-0.101024742768707,L1,-0.0431473633361736,L2,-0.029...
setting magnet DAC
current  : 5.891796
requested: 5.892831
Delta Dac: 0.001034
Checking detector protection. dv=0.00103
Checking detector "CDD". Protection Threshold: 0.1 (V)
SetMagnetDAC 5.89283089695 ===>> OK
Magnet settling time: 1.049
GetData ===>> H2,-0.141859918740339,H1,0.153761513318451,AX,-0.0415795103650197,L1,0.00949579696440944,L2,-0.05...
setting magnet DAC
current  : 5.892831
requested: 5.893865
Delta Dac: 0.001034
Checking detector protection. dv=0.00103
Checking detector "CDD". Protection Threshold: 0.1 (V)
SetMagnetDAC 5.89386537971 ===>> OK
Magnet settling time: 1.049
Get Checksum: -860229079
GetData ===>> H2,-0.129742782929352,H1,-0.165494047723213,AX,-0.158279461417532,L1,0.0084911343784384,L2,0.0437...
result of _do_sweep=True
result of _calculate_peak_center=([5.8714104698895344, 5.8788353195889327, 5.886260169288331], [78.531234821035213, 105.6464782883785, 77.996443589216426], 5.8782942374246048, 105.6464782883785)
Failed to find a valid peak. No peak greater than 1.0. max = 0.0240947540059
new center pos Detector(H1) (Ar40) @ 5.87883531959
GetHighVoltage ===>> 4499.94659342336
GetDeflection H1 ===>> 0
dac uncorrected for HV and deflection 5.8788699397
update mftable H1 Ar40 5.8788699397 message=automated run peakcenter
get initial guess parabolic
get initial guess parabolic
get initial guess parabolic
get initial guess parabolic
get initial guess parabolic
get initial guess parabolic
dump mftable to /Users/jan/PychronDev/setupfiles/spectrometer/mftables/mftable.csv
add to repo msg=modified - automated run peakcenter
sweep finished
locally archiving mftable
setting magnet DAC
current  : 5.893865
requested: 5.878835
Delta Dac: 0.015030
Checking detector protection. dv=0.01503
Checking detector "CDD". Protection Threshold: 0.1 (V)
SetMagnetDAC 5.87883531959 ===>> OK
Magnet settling time: 0.500
setting integration time = 1.048576
SetIntegrationTime 1.048576 ===>> OK
Failed to find a valid peak. No peak greater than 1.0. max = 0.0240947540059
flush and close file /Users/jan/PychronDev/data/isotopes/16/63eb8c-ff1e-46bf-a7cf-2419712e4331.h5
finished measure script
executed 278.04
jan_co2_whiff_120_60_large.py completed successfully
Measurement Finished
02:30:16 -- ******* Measurement Finished *******
Post Measurement Started jan_pump_ms.py
02:30:16 -- ******* Post Measurement Started jan_pump_ms.py *******
testing...
no interpolation path defined
executed 0
Pumping spectrometer
open () {'name': 'O'}
opening name=O desc=---
checking ownership. requestor=129.138.12.150
check software interlocks O
interlocks []
actuate state mode=None-script, software_lock=False
doing actuation None-script open_channel True
Open O ===>> OK
GetIndicatorState O ===>> OK
change switch state (True, True)
update switch state O True args=() kw={} ncanvase=2
02:30:16 -- OPEN   VALVE-O (Jan Ion Pump)
---------------------------------------- open O () result=[(True, True)], time=0.11 sec
action=open, ok=True, locked=[False]
executed 0
jan_pump_ms.py completed successfully
setting _ms_pumptime
Post Measurement Finished
02:30:16 -- ******* Post Measurement Finished *******
$$$$$$$$$$$$$$$$$$$$ state at run end measurement
state changed from measurement to success
post measurement save measured=True aborted=False
Set filtering
setting fod for Ar40= {'filter_outliers': True, 'std_devs': 2, 'iterations': 1}
setting fod for H1= {'filter_outliers': True, 'std_devs': 2, 'iterations': 1}
setting fod for PM41= {'filter_outliers': False, 'std_devs': 2, 'iterations': 1}
setting fod for H2= {'filter_outliers': True, 'std_devs': 2, 'iterations': 1}
setting fod for Ar36= {'filter_outliers': True, 'std_devs': 2, 'iterations': 1}
setting fod for CDD= {'filter_outliers': True, 'std_devs': 10, 'iterations': 1}
setting fod for Ar37= {'filter_outliers': True, 'std_devs': 2, 'iterations': 1}
setting fod for L2= {'filter_outliers': True, 'std_devs': 2, 'iterations': 1}
setting fod for Ar38= {'filter_outliers': True, 'std_devs': 2, 'iterations': 1}
setting fod for L1= {'filter_outliers': True, 'std_devs': 2, 'iterations': 1}
setting fod for Ar39= {'filter_outliers': True, 'std_devs': 2, 'iterations': 1}
setting fod for AX= {'filter_outliers': True, 'std_devs': 2, 'iterations': 1}
persistence save...
persistence save - db
post measurement save
5496800656 connecting to database sqlite:////Users/jan/PychronDev/.appdata/local_lab.db
connected to db sqlite:////Users/jan/PychronDev/.appdata/local_lab.db
create new session 5496800656
close session 5496800656
No database instance. Not saving post measurement to isotopedb database
$$$$$$$$$$$$$$$ auto_save_detector_ic=False
massspec enabled True
create new session 5010684144
MassSpec Database Version: 16.0
close session 5010684144
saving post measurement to secondary database
saving to massspec database 129.138.12.160/massspecdata
setting labnumber to 65517
setting aliquot to 32
setting step to 
setting uuid to 1663eb8c-ff1e-46bf-a7cf-2419712e4331
setting irradpos to 65517
setting extract_device to Fusions CO2
setting tray to 
setting position to 161
setting power_requested to 5.0
setting extract_value to 5.0
setting duration to 30.0
setting duration_at_request to 30.0
setting first_stage_delay to 30.0
setting cleanup to 30.0
setting comment to F:18
setting irradiation to NM-289
setting level to F
setting irradiation_level to F
setting sample to Sierra Ladron1
setting material to DetritalSanidine
setting project to IR943
setting mass_spectrometer to Jan
no attribute chron_dosages
no attribute production_ratios
no attribute interference_corrections
no attribute production_name
no attribute j
Reference Isotope=Ar40
Reference Detector=H1
%%%%%%%%%%%%%%%%%%%% Comment: F:18 %%%%%%%%%%%%%%%%%%%
adding isotope PM41 H2
add baseline dbdet= PM41. original det= H2
get baseline data PM41 H2
Get data baseline <pychron.processing.isotope.Baseline object at 0x164fd0e50> len t=60
baseline PM41. v=-0.19983458091, e=0.0059194206716
get signal data PM41 H2
Get data signal PM41 0.15+/-0.07 len t=120
adding isotope Ar40 H1
Get Checksum: -1965264452
add baseline dbdet= Ar40. original det= H1
get baseline data Ar40 H1
Get data baseline <pychron.processing.isotope.Baseline object at 0x164fdd050> len t=60
baseline Ar40. v=-0.0288199042497, e=0.00560623269105
get signal data Ar40 H1
Get data signal Ar40 113.692+/-0.024 len t=120
adding isotope Ar39 AX
add baseline dbdet= Ar39. original det= AX
get baseline data Ar39 AX
Get data baseline <pychron.processing.isotope.Baseline object at 0x164fdd210> len t=60
baseline Ar39. v=-0.053021399677, e=0.00759524294633
get signal data Ar39 AX
Get data signal Ar39 26.596+/-0.016 len t=120
adding isotope Ar38 L1
add baseline dbdet= Ar38. original det= L1
get baseline data Ar38 L1
Get data baseline <pychron.processing.isotope.Baseline object at 0x164fdd3d0> len t=60
baseline Ar38. v=-0.0249220285729, e=0.00268041529288
get signal data Ar38 L1
Get data signal Ar38 0.342+/-0.005 len t=120
adding isotope Ar37 L2
add baseline dbdet= Ar37. original det= L2
get baseline data Ar37 L2
Get data baseline <pychron.processing.isotope.Baseline object at 0x164fdd590> len t=60
baseline Ar37. v=-0.0256868974444, e=0.00567425992687
get signal data Ar37 L2
Get data signal Ar37 0.153+/-0.011 len t=120
adding isotope Ar36 CDD
add baseline dbdet= Ar36. original det= CDD
get baseline data Ar36 CDD
Get data baseline <pychron.processing.isotope.Baseline object at 0x164fdd750> len t=60
baseline Ar36. v=3.96974430344e-05, e=9.27214366487e-06
get signal data Ar36 CDD
Get data signal Ar36 0.0179+/-0.0004 len t=120
65517-32 added analysis time 0.49434709549s
analysis added to mass spec database
mass spec save time= 0.503
persistence save - dvc
================= post measurement started
create new session 4983034992
close session 4983034992
---------------- Experiment Queue saving disabled
DVC saving peakcenter
Failed to find a valid peak. No peak greater than 1.0. max = 0.0240947540059
Smart pull ahead: 0 behind: 0
Up-to-date with origin
add to repo msg=modified - ad8224ebc6dbfeb9f5997218dfa5fe690569839d.json
add to repo msg=modified - 17-32.json
add to repo msg=modified - 17-32.dat.json
add to repo msg=modified - 17-32.blan.json
add to repo msg=modified - 17-32.inte.json
add to repo msg=modified - 17-32.icfa.json
Get Checksum: -1965264452
add to repo msg=modified - 17-32.base.json
not at valid file /Users/jan/PychronDev/data/.dvc/repositories/Load1782/655/tags/17-32.tags.json
add to repo msg=modified - 17-32.peak.json
add to repo msg=modified - 17-32.extr.json
not at valid file /Users/jan/PychronDev/data/.dvc/repositories/Load1782/655/monitor/17-32.moni.json
commit message=<COLLECTION>
add to repo msg=modified - 17-32.inte.json
add to repo msg=modified - 17-32.base.json
commit message=<ISOEVO> default collection fits
add to repo msg=modified - 17-32.blan.json
commit message=<BLANKS> preceding bc-02-J-247
add to repo msg=modified - 17-32.icfa.json
Get Checksum: -1965264452
commit message=<ICFactor> default
push repository <pychron.git_archive.repo_manager.GitRepoManager object at 0x15cbd07d0>
pushing to remote=origin, url=https://github.com
no changes to meta repo
Get Checksum: -1965264452
create new session 4983034992
add association Load1782
get identifier "65517"
setting analysis irradiation position=<pychron.dvc.dvc_orm.IrradiationPositionTbl object at 0x1586d4ed0>
close session 4983034992
================= post measurement finished
02:30:29 -- ******* Post Run Check *******
loading queue conditionals post_run_actions
loading system conditionals post_run_actions
loading conditionals from /Users/jan/PychronDev/setupfiles/spectrometer/default_conditionals.yaml
loading queue conditionals post_run_terminations
loading system conditionals post_run_terminations
loading conditionals from /Users/jan/PychronDev/setupfiles/spectrometer/default_conditionals.yaml
Checking default post run terminations n=1
GetDeflection CDD ===>> 50
testing CDD==2000
evaluate ot="CDD.deflection==2000" t="CDD==2000", ctx="{'CDD': 50.0}"
02:30:29 -- ******* Post Run Check Passed *******
02:30:29 -- Automated run 65517-32 success duration: 372.135 s
----------------- finish -----------------
----------------- stop -----------------
retroactive repository identifiers disabled
finish run. runs completed=62
update duration runid=65517-32, duration=372.134769917, md5=3d9034cf
loading script "jan_co2_whiff_120_60_large.py"
loading script "jan_pump_ms.py"
loading script "jan_co2.py"
loading script "jan_pump_extraction_line.py"
testing...
no interpolation path defined
executed 266.04
script duration name:co2_whiff_120_60_large seconds:266.0
loading script "jan_co2_whiff_120_60_large.py"
loading script "jan_pump_ms.py"
loading script "jan_co2.py"
loading script "jan_pump_extraction_line.py"
testing...
no interpolation path defined
executed 0
loading script "jan_co2_whiff_120_60_large.py"
loading script "jan_pump_ms.py"
loading script "jan_co2.py"
loading script "jan_pump_extraction_line.py"
testing...
no interpolation path defined
calculate duration
testing...
no interpolation path defined
executed 0
calculate duration
testing...
no interpolation path defined
executed 0
executed 0.0
script duration name:co2 seconds:0.0
loading script "jan_co2_whiff_120_60_large.py"
loading script "jan_pump_ms.py"
loading script "jan_co2.py"
loading script "jan_pump_extraction_line.py"
testing...
no interpolation path defined
calculate duration
testing...
no interpolation path defined
executed 4.0
executed 4.0
Script duration 266.0
Run total estimated duration= 267.000
co2_whiff_120_60_large in script context. using previous estimated duration
script duration name:co2_whiff_120_60_large seconds:266.0
pump_ms in script context. using previous estimated duration
co2 in script context. using previous estimated duration
script duration name:co2 seconds:0.0
pump_extraction_line in script context. using previous estimated duration
Script duration 266.0
Run total estimated duration= 267.000
script duration name:co2_whiff_120_60_large seconds:266.0
script duration name:co2 seconds:0.0
Script duration 266.0
Run total estimated duration= 267.000
script duration name:co2_whiff_120_60_large seconds:266.0
script duration name:co2 seconds:0.0
Script duration 266.0
Run total estimated duration= 267.000
loading script "jan_unknown400_120.py"
loading script "jan_pump_ms.py"
loading script "jan_co2.py"
loading script "jan_pump_extraction_line.py"
testing...
no interpolation path defined
executed 556.052928
script duration name:unknown400_120 seconds:556.0
script duration name:co2 seconds:0.0
Script duration 556.0
Run total estimated duration= 557.000
unknown400_120 in script context. using previous estimated duration
script duration name:unknown400_120 seconds:556.0
loading script "jan_unknown400_120.py"
loading script "jan_pump_ms.py"
loading script "jan_cocktail_x1.py"
loading script "jan_pump_extraction_line.py"
testing...
no interpolation path defined
calculate duration
testing...
no interpolation path defined
executed 0
calculate duration
testing...
no interpolation path defined
executed 0
calculate duration
testing...
no interpolation path defined
executed 32.0
calculate duration
testing...
no interpolation path defined
executed 34.0
calculate duration
testing...
no interpolation path defined
executed 4.0
calculate duration
testing...
no interpolation path defined
executed 38.0
executed 108.0
script duration name:cocktail_x1 seconds:108.0
Script duration 664.0
Run total estimated duration= 665.000
loading script "jan_unknown120_60.py"
loading script "jan_pump_ms.py"
loading script "jan_cocktail_x1.py"
loading script "jan_pump_extraction_line.py"
testing...
no interpolation path defined
executed 213.652928
script duration name:unknown120_60 seconds:214.0
cocktail_x1 in script context. using previous estimated duration
script duration name:cocktail_x1 seconds:108.0
Script duration 322.0
Run total estimated duration= 323.000
loading script "jan_ic_peak_hop3.py"
loading script "jan_pump_ms.py"
loading script "jan_air_x1.py"
loading script "jan_pump_extraction_line.py"
testing...
no interpolation path defined
executed 133.8
script duration name:ic_peak_hop3 seconds:134.0
loading script "jan_ic_peak_hop3.py"
loading script "jan_pump_ms.py"
loading script "jan_air_x1.py"
loading script "jan_pump_extraction_line.py"
testing...
no interpolation path defined
calculate duration
testing...
no interpolation path defined
executed 0
calculate duration
testing...
no interpolation path defined
executed 0
calculate duration
testing...
no interpolation path defined
executed 32.0
calculate duration
testing...
no interpolation path defined
executed 34.0
calculate duration
testing...
no interpolation path defined
executed 4.0
calculate duration
testing...
no interpolation path defined
executed 36.0
executed 106.0
script duration name:air_x1 seconds:106.0
Script duration 240.0
Run total estimated duration= 241.000
script duration name:co2_whiff_120_60_large seconds:266.0
script duration name:co2 seconds:0.0
Script duration 266.0
Run total estimated duration= 267.000
script duration name:co2_whiff_120_60_large seconds:266.0
script duration name:co2 seconds:0.0
Script duration 266.0
Run total estimated duration= 267.000
script duration name:co2_whiff_120_60_large seconds:266.0
script duration name:co2 seconds:0.0
Script duration 266.0
Run total estimated duration= 267.000
script duration name:co2_whiff_120_60_large seconds:266.0
script duration name:co2 seconds:0.0
Script duration 266.0
Run total estimated duration= 267.000
script duration name:co2_whiff_120_60_large seconds:266.0
script duration name:co2 seconds:0.0
Script duration 266.0
Run total estimated duration= 267.000
script duration name:co2_whiff_120_60_large seconds:266.0
script duration name:co2 seconds:0.0
Script duration 266.0
Run total estimated duration= 267.000
script duration name:co2_whiff_120_60_large seconds:266.0
script duration name:co2 seconds:0.0
Script duration 266.0
Run total estimated duration= 267.000
script duration name:co2_whiff_120_60_large seconds:266.0
script duration name:co2 seconds:0.0
Script duration 266.0
Run total estimated duration= 267.000
script duration name:co2_whiff_120_60_large seconds:266.0
script duration name:co2 seconds:0.0
Script duration 266.0
Run total estimated duration= 267.000
script duration name:co2_whiff_120_60_large seconds:266.0
script duration name:co2 seconds:0.0
Script duration 266.0
Run total estimated duration= 267.000
script duration name:co2_whiff_120_60_large seconds:266.0
script duration name:co2 seconds:0.0
Script duration 266.0
Run total estimated duration= 267.000
script duration name:co2_whiff_120_60_large seconds:266.0
script duration name:co2 seconds:0.0
Script duration 266.0
Run total estimated duration= 267.000
script duration name:co2_whiff_120_60_large seconds:266.0
script duration name:co2 seconds:0.0
Script duration 266.0
Run total estimated duration= 267.000
script duration name:co2_whiff_120_60_large seconds:266.0
script duration name:co2 seconds:0.0
Script duration 266.0
Run total estimated duration= 267.000
script duration name:co2_whiff_120_60_large seconds:266.0
script duration name:co2 seconds:0.0
Script duration 266.0
Run total estimated duration= 267.000
script duration name:unknown400_120 seconds:556.0
script duration name:co2 seconds:0.0
Script duration 556.0
Run total estimated duration= 557.000
script duration name:unknown400_120 seconds:556.0
script duration name:cocktail_x1 seconds:108.0
Script duration 664.0
Run total estimated duration= 665.000
unknown120_60 in script context. using previous estimated duration
script duration name:unknown120_60 seconds:214.0
script duration name:cocktail_x1 seconds:108.0
Script duration 322.0
Run total estimated duration= 323.000
ic_peak_hop3 in script context. using previous estimated duration
script duration name:ic_peak_hop3 seconds:134.0
air_x1 in script context. using previous estimated duration
script duration name:air_x1 seconds:106.0
Script duration 240.0
Run total estimated duration= 241.000
script duration name:unknown400_120 seconds:556.0
loading script "jan_unknown400_120.py"
loading script "jan_pump_ms.py"
loading script "jan_sniffair_x2.py"
loading script "jan_pump_extraction_line.py"
testing...
no interpolation path defined
calculate duration
testing...
no interpolation path defined
executed 0
calculate duration
testing...
no interpolation path defined
executed 0
calculate duration
testing...
no interpolation path defined
executed 32.0
calculate duration
testing...
no interpolation path defined
executed 34.0
calculate duration
testing...
no interpolation path defined
executed 4.0
calculate duration
testing...
no interpolation path defined
executed 36.0
calculate duration
testing...
no interpolation path defined
executed 34.0
calculate duration
testing...
no interpolation path defined
executed 4.0
calculate duration
testing...
no interpolation path defined
executed 36.0
calculate duration
testing...
no interpolation path defined
executed 70.0
executed 250.0
script duration name:sniffair_x2 seconds:250.0
Script duration 806.0
Run total estimated duration= 807.000
script duration name:co2_whiff_120_60_large seconds:266.0
script duration name:co2 seconds:0.0
Script duration 266.0
Run total estimated duration= 267.000
script duration name:co2_whiff_120_60_large seconds:266.0
script duration name:co2 seconds:0.0
Script duration 266.0
Run total estimated duration= 267.000
script duration name:co2_whiff_120_60_large seconds:266.0
script duration name:co2 seconds:0.0
Script duration 266.0
Run total estimated duration= 267.000
script duration name:co2_whiff_120_60_large seconds:266.0
script duration name:co2 seconds:0.0
Script duration 266.0
Run total estimated duration= 267.000
script duration name:co2_whiff_120_60_large seconds:266.0
script duration name:co2 seconds:0.0
Script duration 266.0
Run total estimated duration= 267.000
script duration name:co2_whiff_120_60_large seconds:266.0
script duration name:co2 seconds:0.0
Script duration 266.0
Run total estimated duration= 267.000
script duration name:co2_whiff_120_60_large seconds:266.0
script duration name:co2 seconds:0.0
Script duration 266.0
Run total estimated duration= 267.000
script duration name:co2_whiff_120_60_large seconds:266.0
script duration name:co2 seconds:0.0
Script duration 266.0
Run total estimated duration= 267.000
script duration name:co2_whiff_120_60_large seconds:266.0
script duration name:co2 seconds:0.0
Script duration 266.0
Run total estimated duration= 267.000
script duration name:co2_whiff_120_60_large seconds:266.0
script duration name:co2 seconds:0.0
Script duration 266.0
Run total estimated duration= 267.000
script duration name:co2_whiff_120_60_large seconds:266.0
script duration name:co2 seconds:0.0
Script duration 266.0
Run total estimated duration= 267.000
script duration name:co2_whiff_120_60_large seconds:266.0
script duration name:co2 seconds:0.0
Script duration 266.0
Run total estimated duration= 267.000
script duration name:co2_whiff_120_60_large seconds:266.0
script duration name:co2 seconds:0.0
Script duration 266.0
Run total estimated duration= 267.000
script duration name:co2_whiff_120_60_large seconds:266.0
script duration name:co2 seconds:0.0
Script duration 266.0
Run total estimated duration= 267.000
script duration name:co2_whiff_120_60_large seconds:266.0
script duration name:co2 seconds:0.0
Script duration 266.0
Run total estimated duration= 267.000
script duration name:unknown400_120 seconds:556.0
script duration name:co2 seconds:0.0
Script duration 556.0
Run total estimated duration= 557.000
script duration name:unknown400_120 seconds:556.0
script duration name:cocktail_x1 seconds:108.0
Script duration 664.0
Run total estimated duration= 665.000
script duration name:unknown120_60 seconds:214.0
script duration name:cocktail_x1 seconds:108.0
Script duration 322.0
Run total estimated duration= 323.000
script duration name:ic_peak_hop3 seconds:134.0
script duration name:air_x1 seconds:106.0
Script duration 240.0
Run total estimated duration= 241.000
script duration name:co2_whiff_120_60_large seconds:266.0
script duration name:co2 seconds:0.0
Script duration 266.0
Run total estimated duration= 267.000
script duration name:co2_whiff_120_60_large seconds:266.0
script duration name:co2 seconds:0.0
Script duration 266.0
Run total estimated duration= 267.000
script duration name:co2_whiff_120_60_large seconds:266.0
script duration name:co2 seconds:0.0
Script duration 266.0
Run total estimated duration= 267.000
script duration name:co2_whiff_120_60_large seconds:266.0
script duration name:co2 seconds:0.0
Script duration 266.0
Run total estimated duration= 267.000
script duration name:co2_whiff_120_60_large seconds:266.0
script duration name:co2 seconds:0.0
Script duration 266.0
Run total estimated duration= 267.000
script duration name:unknown400_120 seconds:556.0
sniffair_x2 in script context. using previous estimated duration
script duration name:sniffair_x2 seconds:250.0
Script duration 806.0
Run total estimated duration= 807.000
script duration name:co2_whiff_120_60_large seconds:266.0
script duration name:co2 seconds:0.0
Script duration 266.0
Run total estimated duration= 267.000
script duration name:co2_whiff_120_60_large seconds:266.0
script duration name:co2 seconds:0.0
Script duration 266.0
Run total estimated duration= 267.000
nruns=55 before=5.0, run_dur=17919.0, btw=1620.0
write rem/ex queues
/Users/jan/PychronDev/experiments/rem/CurrentExperiment.rem.txt
/Users/jan/PychronDev/experiments/rem/CurrentExperiment.ex.txt
doing event level: 3
