do run
loading script "jan_co2_whiff_120_60_large.py"
loading script "jan_pump_ms.py"
loading script "jan_co2.py"
loading script "jan_pump_extraction_line.py"
testing...
no interpolation path defined
executed 266.04
script duration name:co2_whiff_120_60_large seconds:266.0
loading script "jan_co2_whiff_120_60_large.py"
loading script "jan_pump_ms.py"
loading script "jan_co2.py"
loading script "jan_pump_extraction_line.py"
testing...
no interpolation path defined
executed 0
loading script "jan_co2_whiff_120_60_large.py"
loading script "jan_pump_ms.py"
loading script "jan_co2.py"
loading script "jan_pump_extraction_line.py"
testing...
no interpolation path defined
calculate duration
testing...
no interpolation path defined
executed 0
calculate duration
testing...
no interpolation path defined
executed 0
executed 0.0
script duration name:co2 seconds:0.0
loading script "jan_co2_whiff_120_60_large.py"
loading script "jan_pump_ms.py"
loading script "jan_co2.py"
loading script "jan_pump_extraction_line.py"
testing...
no interpolation path defined
calculate duration
testing...
no interpolation path defined
executed 4.0
executed 4.0
Script duration 266.0
Run total estimated duration= 267.000
run duration: 0:04:27
doing event level: 2
02:03:53 -- Setting default integration. t=1.048576
setting integration time = 1.048576
SetIntegrationTime 1.048576 ===>> OK
----------------- start -----------------
**************** Experiment Type: Ar/Ar, Ar/Ar
create new session 4985261232
close session 4985261232
$$$$$ Clearing conditionals
adding conditionals detrital
extract conditionals from file. /Users/jan/PychronDev/scripts/conditionals/detrital.yaml
no attr for this modification cd={'extraction_str': '', 'attr': '', 'mapper': '', 'use_termination': False, 'start_count': 0, 'nskip': 0, 'window': 0, 'frequency': 1, 'teststr': '', 'action': 'Skip Next Run', 'ntrips': 1, 'use_truncation': False}
no attr for this cancelation cd={'mapper': '', 'window': 0, 'frequency': 1, 'attr': '', 'teststr': '', 'start_count': 0, 'ntrips': 1}
adding truncation attr="age" test="age>100.0" start="60"
adding truncation attr="Ar39" test="Ar39<0.5" start="60"
no attr for this termination cd={'mapper': '', 'window': 0, 'frequency': 1, 'attr': '', 'teststr': '', 'start_count': 0, 'ntrips': 1}
Invalid conditional kind="pre_run_terminations"
no attr for this action cd={'mapper': '', 'attr': '', 'start_count': 0, 'window': 0, 'frequency': 1, 'teststr': '', 'action': None, 'ntrips': 1}
Invalid conditional kind="post_run_terminations"
Add queue conditionals
add default conditionals
adding default conditionals from /Users/jan/PychronDev/setupfiles/spectrometer/default_conditionals.yaml
Start automated run 65517-31
loading script "jan_co2_whiff_120_60_large.py"
loading script "jan_pump_ms.py"
loading script "jan_co2.py"
loading script "jan_pump_extraction_line.py"
%%%%%%%%%%%%%%%%%% setting automated run 65517-31
No value "sensitivity_multiplier" in metadata
$$$$$$$$$$$$$$$ auto_save_detector_ic=False
============================= Pre Extraction Check =============================
loading queue conditionals pre_run_terminations
loading system conditionals pre_run_terminations
loading conditionals from /Users/jan/PychronDev/setupfiles/spectrometer/default_conditionals.yaml
02:03:53 -- ******* Pre Extraction Check *******
Get a measurement from the spectrometer
GetData ===>> H2,-0.128520895301416,H1,0.0606487705963278,AX,-0.0860741149056443,L1,0.0181839501114574,L2,0.064...
Pre Extraction Termination data. keys=H2,H1,AX,L1,L2,CDD, signals=-0.12852,0.06065,-0.08607,0.01818,0.06478,0.00402
02:03:53 -- testing system defined conditionals
Checking default pre extraction terminations n=2
testing CDD
evaluate ot="CDD.inactive" t="CDD", ctx="{'CDD': False}"
GetDeflection CDD ===>> 50
testing CDD==2000
evaluate ot="CDD.deflection==2000" t="CDD==2000", ctx="{'CDD': 50.0}"
02:03:53 -- ******* Pre Extraction Check Passed *******
=================================================================================
02:03:53 -- stopping status monitor
stop 4976082864
Alive clients [4983386864]
02:03:53 -- starting status monitor
start 4976082864
Monitor already running
start extraction
do extraction
Analysis started at 02:03:53.931895
Extraction Started jan_co2.py
02:03:53 -- ******* Extraction Started jan_co2.py *******
state changed from not run to extraction
DO EXTRACTION <pychron.extraction_line.pyscript_runner.RemotePyScriptRunner object at 0x12bb183b0>
testing...
no interpolation path defined
calculate duration
testing...
no interpolation path defined
executed 0
calculate duration
testing...
no interpolation path defined
executed 0
executed 100.0
Jan CO2 laser analysis
doing GOSUB
testing...
no interpolation path defined
executed 0
Waiting for CO2 access
wait ('FelixCO2Flag', 0) {}
waiting for FelixCO2Flag = 0
Read FelixCO2Flag ===>> 0
finished waiting
CO2 free
wait ('CO2PumpTimeFlag', 0) {}
waiting for CO2PumpTimeFlag = 0
Read CO2PumpTimeFlag ===>> 0
finished waiting
acquire ('JanCO2Flag',) {'clear': True}
acquire JanCO2Flag
Set JanCO2Flag 1 ===>> OK
JanCO2Flag acquired
set extraction state False (0.75, 'red', 1.5)
CO2 acquired
executed 0
WaitForCO2Access.py completed successfully
gosub finished
doing GOSUB
testing...
no interpolation path defined
executed 0
Prepare for CO2 analysis
close () {'description': 'Jan Inlet'}
closing name=--- desc=Jan Inlet
checking ownership. requestor=129.138.12.150
check software interlocks R
interlocks []
actuate state mode=None-script, software_lock=False
doing actuation None-script close_channel False
Close R ===>> OK
GetIndicatorState R ===>> False
change switch state (True, True)
update switch state R False args=() kw={} ncanvase=2
02:03:54 -- CLOSE  VALVE-R (Jan Inlet)
---------------------------------------- close None (Jan Inlet) result=[(True, True)]
action=close, ok=True, locked=[False]
open () {'description': 'Jan Ion Pump'}
opening name=--- desc=Jan Ion Pump
checking ownership. requestor=129.138.12.150
check software interlocks O
interlocks []
actuate state mode=None-script, software_lock=False
doing actuation None-script open_channel False
Open O ===>> OK
GetIndicatorState O ===>> OK
change switch state (True, True)
update switch state O True args=() kw={} ncanvase=2
02:03:54 -- OPEN   VALVE-O (Jan Ion Pump)
---------------------------------------- open None (Jan Ion Pump) result=[(True, True)], time=0.12 sec
action=open, ok=True, locked=[False]
close () {'description': 'Microbone to Minibone'}
closing name=--- desc=Microbone to Minibone
checking ownership. requestor=129.138.12.150
check software interlocks L
interlocks []
actuate state mode=None-script, software_lock=False
doing actuation None-script close_channel False
Close L ===>> OK
GetIndicatorState L ===>> False
change switch state (True, True)
update switch state L False args=() kw={} ncanvase=2
02:03:55 -- CLOSE  VALVE-L (Microbone to Minibone)
---------------------------------------- close None (Microbone to Minibone) result=[(True, True)]
Get Checksum: -1772432964
action=close, ok=True, locked=[False]
open () {'description': 'Microbone to Turbo'}
opening name=--- desc=Microbone to Turbo
checking ownership. requestor=129.138.12.150
check software interlocks U
interlocks []
actuate state mode=None-script, software_lock=False
doing actuation None-script open_channel False
Open U ===>> OK
GetIndicatorState U ===>> OK
change switch state (True, True)
update switch state U True args=() kw={} ncanvase=2
02:03:55 -- OPEN   VALVE-U (Microbone to Turbo)
---------------------------------------- open None (Microbone to Turbo) result=[(True, True)], time=0.12 sec
action=open, ok=True, locked=[False]
open () {'description': 'Microbone to Inlet Pipette'}
opening name=--- desc=Microbone to Inlet Pipette
checking ownership. requestor=129.138.12.150
check software interlocks S
interlocks []
actuate state mode=None-script, software_lock=False
doing actuation None-script open_channel False
Open S ===>> OK
GetIndicatorState S ===>> OK
change switch state (True, True)
update switch state S True args=() kw={} ncanvase=2
02:03:56 -- OPEN   VALVE-S (Microbone to Inlet Pipette)
---------------------------------------- open None (Microbone to Inlet Pipette) result=[(True, True)], time=0.42 sec
action=open, ok=True, locked=[False]
open () {'description': 'Microbone to Getter D-50'}
opening name=--- desc=Microbone to Getter D-50
checking ownership. requestor=129.138.12.150
check software interlocks K
interlocks []
actuate state mode=None-script, software_lock=False
doing actuation None-script open_channel False
Open K ===>> OK
GetIndicatorState K ===>> OK
change switch state (True, True)
update switch state K True args=() kw={} ncanvase=2
02:03:57 -- OPEN   VALVE-K (Microbone to Getter D-50)
---------------------------------------- open None (Microbone to Getter D-50) result=[(True, True)], time=0.41 sec
action=open, ok=True, locked=[False]
open () {'description': 'Microbone to Getter NP-10'}
opening name=--- desc=Microbone to Getter NP-10
checking ownership. requestor=129.138.12.150
check software interlocks M
interlocks []
actuate state mode=None-script, software_lock=False
doing actuation None-script open_channel False
Open M ===>> OK
GetIndicatorState M ===>> OK
change switch state (True, True)
update switch state M True args=() kw={} ncanvase=2
02:03:57 -- OPEN   VALVE-M (Microbone to Getter NP-10)
---------------------------------------- open None (Microbone to Getter NP-10) result=[(True, True)], time=0.16 sec
action=open, ok=True, locked=[False]
close () {'description': 'CO2 Laser to Felix'}
closing name=--- desc=CO2 Laser to Felix
checking ownership. requestor=129.138.12.150
check software interlocks F
interlocks []
actuate state mode=None-script, software_lock=True
VALVE-F(CO2 Laser to Felix) software locked
change switch state (True, False)
---------------------------------------- close None (CO2 Laser to Felix) result=[(True, False)]
action=close, ok=True, locked=[True]
open () {'description': 'CO2 Laser to Jan'}
opening name=--- desc=CO2 Laser to Jan
checking ownership. requestor=129.138.12.150
check software interlocks A
interlocks []
actuate state mode=None-script, software_lock=False
doing actuation None-script open_channel False
Open A ===>> OK
GetIndicatorState A ===>> OK
change switch state (True, True)
update switch state A True args=() kw={} ncanvase=2
02:03:58 -- OPEN   VALVE-A (CO2 Laser to Jan)
---------------------------------------- open None (CO2 Laser to Jan) result=[(True, True)], time=0.14 sec
action=open, ok=True, locked=[False]
open () {'description': 'Microbone to CO2 Laser'}
opening name=--- desc=Microbone to CO2 Laser
checking ownership. requestor=129.138.12.150
check software interlocks T
interlocks []
actuate state mode=None-script, software_lock=False
doing actuation None-script open_channel False
Open T ===>> OK
Get Checksum: -1772432964
GetIndicatorState T ===>> OK
change switch state (True, True)
update switch state T True args=() kw={} ncanvase=2
02:03:58 -- OPEN   VALVE-T (Microbone to CO2 Laser)
---------------------------------------- open None (Microbone to CO2 Laser) result=[(True, True)], time=0.45 sec
action=open, ok=True, locked=[False]
executed 0
PrepareForCO2Analysis.py completed successfully
gosub finished
set_motor ('beam', '1.25') {}
setting motor "beam" to 1.25
set motor beam to 1.25
SetMotor beam,1.25 ===>> OK
GetMotorMoving beam ===>> False
GetMotorMoving beam ===>> False
Block completed
move_to_position ('160',) {'autocenter': True}
FusionsCO2 move to position 160
sending GoToHole 160,True
GoToHole 160,True ===>> OK
GetDriveMoving ===>> OK
GetDriveMoving ===>> OK
GetDriveMoving ===>> OK
GetDriveMoving ===>> False
Get Checksum: -1772432964
GetDriveMoving ===>> False
Block completed
GetAutoCorrecting ===>> OK
GetAutoCorrecting ===>> OK
GetAutoCorrecting ===>> False
GetAutoCorrecting ===>> False
Block completed
update position
GetPosition ===>> -1.99390,-5.98170,1.00000
got position (-1.9939, -5.9817, 1.0)
move to position succeeded
sleep (5,) {}
SLEEP 5.0
block started
WaitControl setup for 5.0  
Get Checksum: -1772432964
Get Checksum: -1772432964
Join finished
block finished. duration 5.01573395729
close () {'description': 'Microbone to Turbo'}
closing name=--- desc=Microbone to Turbo
checking ownership. requestor=129.138.12.150
check software interlocks U
interlocks []
actuate state mode=None-script, software_lock=False
doing actuation None-script close_channel True
Close U ===>> OK
GetIndicatorState U ===>> False
change switch state (True, True)
update switch state U False args=() kw={} ncanvase=2
02:04:09 -- CLOSE  VALVE-U (Microbone to Turbo)
---------------------------------------- close None (Microbone to Turbo) result=[(True, True)]
action=close, ok=True, locked=[False]
enable laser
enable () {}
set extraction state FusionsCO2 Enabled (False, 'red', 1.5)
enabling laser
Enable ===>> OK
begin interval
BEGIN INTERVAL Interval 1 waiting for 30.0
block started
set extract to 5.0
WaitControl setup for 30.0  
extract (5.0,) {}
GetPosition ===>> -1.99390,-5.98170,1.00000
set extraction state FusionsCO2 ON! 5.0(watts) (0.75, 'red', 1.5)
extract sample to 5.0 (watts)
set laser output
SetLaserOutput 5.0,watts ===>> OK
executing pattern triangle.lp
execute_pattern ('triangle.lp',) {}
executing pattern triangle.lp
Get Checksum: 1550443794
IsPatterning ===>> OK
IsPatterning ===>> OK
IsPatterning ===>> OK
Get Checksum: 1550443794
IsPatterning ===>> OK
IsPatterning ===>> OK
IsPatterning ===>> OK
Get Checksum: 1550443794
IsPatterning ===>> OK
IsPatterning ===>> OK
IsPatterning ===>> OK
Get Checksum: 1550443794
IsPatterning ===>> OK
IsPatterning ===>> OK
IsPatterning ===>> OK
Get Checksum: 1550443794
IsPatterning ===>> OK
IsPatterning ===>> OK
IsPatterning ===>> OK
Get Checksum: 1550443794
IsPatterning ===>> OK
IsPatterning ===>> OK
IsPatterning ===>> OK
Get Checksum: 1550443794
IsPatterning ===>> OK
IsPatterning ===>> OK
IsPatterning ===>> OK
Get Checksum: 1550443794
IsPatterning ===>> OK
IsPatterning ===>> OK
IsPatterning ===>> OK
Get Checksum: 1550443794
IsPatterning ===>> OK
IsPatterning ===>> OK
IsPatterning ===>> OK
Get Checksum: 1550443794
IsPatterning ===>> OK
IsPatterning ===>> OK
Join finished
block finished. duration 30.0528819561
Interval 1 finished
IsPatterning ===>> False
Get Checksum: 1550443794
IsPatterning ===>> False
Block completed
COMPLETE INTERVAL waiting for Interval 1 to complete
end_extract () {}
ending extraction. set laser power to 0
set laser power 0
SetLaserPower 0 ===>> OK
disable () {}
%%%%%%%%%%%%%%%%%%%%%%%%%%%%%%%%%%% disable
set extraction state False (0.75, 'red', 1.5)
disabling laser
Disable ===>> OK
sleep (30.0,) {}
SLEEP 30.0
block started
WaitControl setup for 30.0  
Get Checksum: 1550443794
Get Checksum: 1550443794
Get Checksum: 1550443794
Get Checksum: 1550443794
Get Checksum: 1550443794
Get Checksum: 1550443794
Get Checksum: 1550443794
Get Checksum: 1550443794
Get Checksum: 1550443794
Join finished
block finished. duration 30.038490057
executed 165.0
jan_co2.py completed successfully
GetAchievedOutput ===>> No Response
Requested Output= 0.000
Achieved Output=  0.000
GetResponseBlob ===>> No Response
GetOutputBlob ===>> No Response
persistence save...
persistence save - db
AutomatedRunPersister post_extraction_save deprecated
persistence save - dvc
no extraction position for 160
create new session 4983034992
close session 4983034992
Extraction Finished
02:05:12 -- ******* Extraction Finished *******
no overlap. not waiting for min ms pumptime
02:05:12 -- Sending spectrometer configuration
======== Sending configuration ========
SetDeflection CDD,50.0 ===>> OK
SetDeflection H2,0.0 ===>> OK
SetDeflection H1,0.0 ===>> OK
SetDeflection L2,825.0 ===>> OK
SetDeflection L1,400.0 ===>> OK
SetDeflection AX,190.0 ===>> OK
SetZFocus 74.64 ===>> OK
SetZSymmetry -50.72 ===>> OK
SetExtractionLens 26.13 ===>> OK
SetIonRepeller -3.81 ===>> OK
SetElectronEnergy 75.08 ===>> OK
SetYSymmetry -2.81 ===>> OK
SetIonCounterVoltage 1590.0 ===>> OK
send trap current 200.0
GetParameter Trap Current Readback ===>> 198.258926936459
SetParameter Trap Current Set,200.0 ===>> OK
updating mftable name mftable
Using mftable located at /Users/jan/PychronDev/setupfiles/spectrometer/mftables/mftable.csv
============ MFtable ===========
Isotope  H2     H1     AX     L1     L2     CDD    
Ar40     5.7768 5.8788 5.9921 6.1167 6.2306 6.3449
Ar39     5.6760 5.7711 5.8845 6.0027 6.1157 6.2314
Ar36     5.3535 5.4401 5.5479 5.6616 5.7707 5.8825
================================
get initial guess parabolic
get initial guess parabolic
get initial guess parabolic
get initial guess parabolic
get initial guess parabolic
get initial guess parabolic
======== Configuration Finished ========
GetYSymmetry ===>> -2.81
GetZSymmetry ===>> -50.72
GetParameter Trap Current Readback ===>> 198.258926936459
GetHighVoltage ===>> 4499.94659342336
start measurement
do measurement
L#=65517 analysis type=unknown
Measurement Started jan_co2_whiff_120_60_large.py
02:05:12 -- ******* Measurement Started jan_co2_whiff_120_60_large.py *******
state changed from extraction to measurement
setting spec, defl, and gains
GetExtractionLens ===>> 26.13
GetYSymmetry ===>> -2.81
GetZSymmetry ===>> -50.72
GetZFocus ===>> 74.64
GetDeflection H2 ===>> 0
GetDeflection H1 ===>> 0
GetDeflection AX ===>> 190
GetDeflection L1 ===>> 400
GetDeflection L2 ===>> 825
GetDeflection CDD ===>> 50
GetGain H2 ===>> 0.0113
GetGain H1 ===>> 0.1
GetGain AX ===>> 0.097049
GetGain L1 ===>> 0.010355
GetGain L2 ===>> 0.095649
GetGain CDD ===>> 0
pre measurement save
New frame /Users/jan/PychronDev/data/isotopes/2d/615821-b833-4147-a938-5c41ca9b962a.h5
flush and close file /Users/jan/PychronDev/data/isotopes/2d/615821-b833-4147-a938-5c41ca9b962a.h5
testing...
no interpolation path defined
executed 266.04
co2 whiff measurement script
activate_detectors ('H2', 'H1', 'AX', 'L1', 'L2', 'CDD') {}
activate detectors
*************** Set Analysis View Ar/Ar
create graphs
clearing graphs
Get Checksum: 1550443794
clear isotope group
setting isotope det=H2, iso=PM41
setting isotope det=H1, iso=Ar40
setting isotope det=AX, iso=Ar39
setting isotope det=L1, iso=Ar38
setting isotope det=L2, iso=Ar37
setting isotope det=CDD, iso=Ar36
setting previous blanks
 - setting Ar40 blank 0.282+/-0.007
 - setting Ar36 blank 0.00465+/-0.00019
 - setting Ar37 blank 0.041+/-0.005
 - setting Ar38 blank 0.0063+/-0.0023
 - setting PM41 blank 0.03+/-0.07
 - setting Ar39 blank 0.041+/-0.009
load analysis view
position_magnet ('Ar40',) {'detector': 'H1'}
detector Detector(H1)
POSITION Ar40 H1
setting detector H2 to PM41 (40.9624)
setting detector H1 to Ar40 (39.9624)
setting detector AX to Ar39 (38.9624)
setting detector L1 to Ar38 (37.9624)
setting detector L2 to Ar37 (36.9624)
setting detector CDD to Ar36 (35.9624)
Mapping mass to dac mass func: "parabolic"
H1 map mass coeffs = [-0.00063987  0.15840543  0.57044999]
H1 map mass to dac 39.9624 >> 5.87884
GetDeflection H1 ===>> 0
GetHighVoltage ===>> 4499.94659342336
positioning Ar40 (5.87880538006) on H1
setting magnet DAC
current  : 5.878806
requested: 5.878805
Delta Dac: 0.000000
Checking detector protection. dv=0.00000
Checking detector "CDD". Protection Threshold: 0.1 (V)
SetMagnetDAC 5.87880538006 ===>> OK
Magnet settling time: 0.500
close ('S',) {}
closing name=S desc=---
checking ownership. requestor=129.138.12.150
check software interlocks S
interlocks []
actuate state mode=None-script, software_lock=False
doing actuation None-script close_channel True
Close S ===>> OK
GetIndicatorState S ===>> False
change switch state (True, True)
update switch state S False args=() kw={} ncanvase=2
02:05:14 -- CLOSE  VALVE-S (Microbone to Inlet Pipette)
---------------------------------------- close S () result=[(True, True)]
action=close, ok=True, locked=[False]
equilibrate () {'do_post_equilibration': False, 'inlet': 'R', 'outlet': 'O', 'eqtime': 4}
Equilibration Started
02:05:15 -- ******* Equilibration Started *******
checking ownership. requestor=129.138.12.150
check software interlocks O
interlocks []
actuate state mode=None-script, software_lock=False
doing actuation None-script close_channel True
Close O ===>> OK
GetIndicatorState O ===>> False
change switch state (True, True)
update switch state O False args=() kw={} ncanvase=2
02:05:15 -- CLOSE  VALVE-O (Jan Ion Pump)
waiting 3s before opening inlet value ('R',)
Get Checksum: -321054900
checking ownership. requestor=129.138.12.150
check software interlocks R
interlocks []
actuate state mode=None-script, software_lock=False
doing actuation None-script open_channel True
Open R ===>> OK
GetIndicatorState R ===>> OK
change switch state (True, True)
update switch state R True args=() kw={} ncanvase=2
02:05:18 -- OPEN   VALVE-R (Jan Inlet)
equilibrating for 4sec
set_time_zero (0,) {}
sniff (4,) {}
py_sniff
build tables- sniff [Detector(H2), Detector(H1), Detector(AX), Detector(L1), Detector(L2), Detector(CDD)]
add group /sniff/PM41 (Group) '' table H2
add group /sniff/Ar40 (Group) '' table H1
add group /sniff/Ar39 (Group) '' table AX
add group /sniff/Ar38 (Group) '' table L1
add group /sniff/Ar37 (Group) '' table L2
add group /sniff/Ar36 (Group) '' table CDD
flush and close file /Users/jan/PychronDev/data/isotopes/2d/615821-b833-4147-a938-5c41ca9b962a.h5
measuring sniff. ncounts=4
starting measurement
GetData ===>> H2,1.2121665079493,H1,1.64934455250683,AX,2.98654798001619,L1,0.14793001945498,L2,0.6403527343807...
Get Checksum: -2083627768
GetData ===>> H2,6.1256817863755,H1,6.73348769109314,AX,6.6815139677312,L1,0.923313236081929,L2,1.0678355165623...
GetData ===>> H2,2.64862682795327,H1,6.62526963980772,AX,3.39524923982416,L1,0.829469878146394,L2,0.40486057269...
GetData ===>> H2,0.8073349876312,H1,6.20676939874325,AX,2.15270655499789,L1,0.507941246597223,L2,0.079524196215...
Equilibration Finished
02:05:22 -- ******* Equilibration Finished *******
checking ownership. requestor=129.138.12.150
check software interlocks R
interlocks []
actuate state mode=None-script, software_lock=False
doing actuation None-script close_channel True
Close R ===>> OK
Get Checksum: -321054900
State checksums do not match. Local:-2083627768 Remote:-321054900
State checksum failed
measurement finished
estimated time: 4.194 actual time: :4.259
flush and close file /Users/jan/PychronDev/data/isotopes/2d/615821-b833-4147-a938-5c41ca9b962a.h5
set_fits () {}
using default fits file=/Users/jan/PychronDev/scripts/measurement/fits/nominal_linear.yaml
set "Ar40" to "('Linear', 'SEM')"
No fit for "PM41". defaulting to linear. check the measurement script "jan_co2_whiff_120_60_large.py"
set "PM41" to "linear"
set "Ar36" to "('Linear', 'SEM')"
set "Ar37" to "('linear', 'SEM')"
set "Ar38" to "('linear', 'SEM')"
set "Ar39" to "('Linear', 'SEM')"
set_baseline_fits () {}
GetIndicatorState R ===>> False
using default fits file=/Users/jan/PychronDev/scripts/measurement/fits/nominal_linear.yaml
change switch state (True, True)
update switch state R False args=() kw={} ncanvase=2
set "H1" to "('average', 'SEM')"
set "H2" to "('average', 'SEM')"
set "CDD" to "('average', 'SEM')"
set "L2" to "('average', 'SEM')"
set "L1" to "('average', 'SEM')"
set "AX" to "('average', 'SEM')"
whiff () {'ncounts': 1, 'conditionals': [{'action': 'run_remainder', 'attr': 'Ar40', 'teststr': 'Ar40.cur<=175'}, {'action': 'run_pipette', 'attr': 'Ar40', 'teststr': 'Ar40.cur>500'}, {'action': 'run_chamber_split', 'attr': 'Ar40', 'teststr': 'Ar40.cur>=300'}, {'action': 'pump', 'attr': 'Ar40', 'teststr': 'Ar40.cur>175'}]}
build tables- whiff [Detector(H2), Detector(H1), Detector(AX), Detector(L1), Detector(L2), Detector(CDD)]
02:05:23 -- CLOSE  VALVE-R (Jan Inlet)
add group /whiff/PM41 (Group) '' table H2
add group /whiff/Ar40 (Group) '' table H1
add group /whiff/Ar39 (Group) '' table AX
add group /whiff/Ar38 (Group) '' table L1
add group /whiff/Ar37 (Group) '' table L2
add group /whiff/Ar36 (Group) '' table CDD
flush and close file /Users/jan/PychronDev/data/isotopes/2d/615821-b833-4147-a938-5c41ca9b962a.h5
measuring whiff. ncounts=1
starting measurement
GetData ===>> H2,0.384180450756789,H1,6.07255882705837,AX,1.7124328461857,L1,0.339810553157325,L2,0.08851626377...
testing Ar40<=175
evaluate ot="Ar40.cur<=175" t="Ar40<=175", ctx="{'Ar40': 6.0725588270583701}"
condition Ar40<=175 is true trips=1/1
02:05:25 -- Conditional tripped: Ar40.cur<=175 condition Ar40<=175 is True
measurement finished
estimated time: 1.049 actual time: :1.105
flush and close file /Users/jan/PychronDev/data/isotopes/2d/615821-b833-4147-a938-5c41ca9b962a.h5
WHIFF Result=run_remainder
Whiff result=run_remainder
open ('R',) {}
opening name=R desc=---
checking ownership. requestor=129.138.12.150
check software interlocks R
interlocks []
actuate state mode=None-script, software_lock=False
doing actuation None-script open_channel True
Open R ===>> OK
GetIndicatorState R ===>> OK
change switch state (True, True)
update switch state R True args=() kw={} ncanvase=2
02:05:25 -- OPEN   VALVE-R (Jan Inlet)
---------------------------------------- open R () result=[(True, True)], time=0.39 sec
action=open, ok=True, locked=[False]
open ('S',) {}
opening name=S desc=---
checking ownership. requestor=129.138.12.150
check software interlocks S
interlocks []
actuate state mode=None-script, software_lock=False
doing actuation None-script open_channel True
Open S ===>> OK
GetIndicatorState S ===>> OK
change switch state (True, True)
update switch state S True args=() kw={} ncanvase=2
02:05:26 -- OPEN   VALVE-S (Microbone to Inlet Pipette)
---------------------------------------- open S () result=[(True, True)], time=0.54 sec
Get Checksum: -1447199934
action=open, ok=True, locked=[False]
sleep (12.0,) {}
SLEEP 12.0
block started
WaitControl setup for 12.0  
Get Checksum: -1447199934
Get Checksum: -1447199934
Get Checksum: -1447199934
Get Checksum: -1447199934
Join finished
block finished. duration 12.0220880508
close ('R',) {}
closing name=R desc=---
checking ownership. requestor=129.138.12.150
check software interlocks R
interlocks []
actuate state mode=None-script, software_lock=False
doing actuation None-script close_channel True
Close R ===>> OK
GetIndicatorState R ===>> False
change switch state (True, True)
update switch state R False args=() kw={} ncanvase=2
02:05:39 -- CLOSE  VALVE-R (Jan Inlet)
---------------------------------------- close R () result=[(True, True)]
action=close, ok=True, locked=[False]
post_equilibration () {}
Post Equilibration Started jan_pump_extraction_line.py
multicollect () {'integration_time': 1, 'ncounts': 120.0}
02:05:39 -- ******* Post Equilibration Started jan_pump_extraction_line.py *******
build tables- signal [Detector(H2), Detector(H1), Detector(AX), Detector(L1), Detector(L2), Detector(CDD)]
testing...
add group /signal/PM41 (Group) '' table H2
no interpolation path defined
add group /signal/Ar40 (Group) '' table H1
calculate duration
add group /signal/Ar39 (Group) '' table AX
testing...
add group /signal/Ar38 (Group) '' table L1
no interpolation path defined
add group /signal/Ar37 (Group) '' table L2
executed 4.0
add group /signal/Ar36 (Group) '' table CDD
executed 4.0
flush and close file /Users/jan/PychronDev/data/isotopes/2d/615821-b833-4147-a938-5c41ca9b962a.h5
Pump after analysis
measuring signal. ncounts=120.0
doing GOSUB
testing...
no interpolation path defined
executed 4.0
Pump Microbone
close () {'description': 'Jan Inlet'}
closing name=--- desc=Jan Inlet
checking ownership. requestor=129.138.12.150
check software interlocks R
interlocks []
actuate state mode=None-script, software_lock=False
doing actuation None-script close_channel False
Close R ===>> OK
GetIndicatorState R ===>> False
change switch state (True, True)
update switch state R False args=() kw={} ncanvase=2
02:05:40 -- CLOSE  VALVE-R (Jan Inlet)
---------------------------------------- close None (Jan Inlet) result=[(True, True)]
starting measurement
GetData ===>> H2,0.253743775329928,H1,163.600058929222,AX,39.1641783517358,L1,0.546995545108288,L2,0.3547102343...
action=close, ok=True, locked=[False]
is_closed ('F',) {}
is F () closed?
is closed True
open () {'description': 'CO2 Laser to Jan'}
opening name=--- desc=CO2 Laser to Jan
checking ownership. requestor=129.138.12.150
check software interlocks A
interlocks []
actuate state mode=None-script, software_lock=False
doing actuation None-script open_channel False
Open A ===>> OK
GetIndicatorState A ===>> OK
change switch state (True, True)
update switch state A True args=() kw={} ncanvase=2
02:05:40 -- OPEN   VALVE-A (CO2 Laser to Jan)
---------------------------------------- open None (CO2 Laser to Jan) result=[(True, True)], time=0.17 sec
action=open, ok=True, locked=[False]
sleep (1,) {}
SLEEP 1.0
GetData ===>> H2,0.23272312630592,H1,163.68646189312,AX,38.9582696556035,L1,0.558045024080156,L2,0.385978305745...
Get Checksum: 176217748
close () {'description': 'CO2 Laser to Roughing'}
closing name=--- desc=CO2 Laser to Roughing
checking ownership. requestor=129.138.12.150
check software interlocks G
interlocks []
actuate state mode=None-script, software_lock=True
VALVE-G(CO2 Laser to Roughing) software locked
change switch state (True, False)
---------------------------------------- close None (CO2 Laser to Roughing) result=[(True, False)]
action=close, ok=True, locked=[True]
open () {'description': 'Microbone to Turbo'}
opening name=--- desc=Microbone to Turbo
checking ownership. requestor=129.138.12.150
check software interlocks U
interlocks []
actuate state mode=None-script, software_lock=False
doing actuation None-script open_channel True
Open U ===>> OK
GetIndicatorState U ===>> OK
change switch state (True, True)
update switch state U True args=() kw={} ncanvase=2
02:05:41 -- OPEN   VALVE-U (Microbone to Turbo)
---------------------------------------- open None (Microbone to Turbo) result=[(True, True)], time=0.17 sec
action=open, ok=True, locked=[False]
open () {'description': 'Microbone to Getter NP-10'}
opening name=--- desc=Microbone to Getter NP-10
checking ownership. requestor=129.138.12.150
check software interlocks M
interlocks []
actuate state mode=None-script, software_lock=False
doing actuation None-script open_channel False
Open M ===>> OK
GetData ===>> H2,0.0367628539933582,H1,163.488072635584,AX,38.9032504641878,L1,0.505339905024593,L2,0.368310249...
GetIndicatorState M ===>> OK
change switch state (True, True)
update switch state M True args=() kw={} ncanvase=2
02:05:42 -- OPEN   VALVE-M (Microbone to Getter NP-10)
---------------------------------------- open None (Microbone to Getter NP-10) result=[(True, True)], time=0.16 sec
action=open, ok=True, locked=[False]
open () {'description': 'Microbone to Getter D-50'}
opening name=--- desc=Microbone to Getter D-50
checking ownership. requestor=129.138.12.150
check software interlocks K
interlocks []
actuate state mode=None-script, software_lock=False
doing actuation None-script open_channel False
Open K ===>> OK
GetIndicatorState K ===>> OK
change switch state (True, True)
update switch state K True args=() kw={} ncanvase=2
02:05:43 -- OPEN   VALVE-K (Microbone to Getter D-50)
---------------------------------------- open None (Microbone to Getter D-50) result=[(True, True)], time=0.43 sec
action=open, ok=True, locked=[False]
open () {'description': 'Microbone to CO2 Laser'}
opening name=--- desc=Microbone to CO2 Laser
checking ownership. requestor=129.138.12.150
check software interlocks T
interlocks []
actuate state mode=None-script, software_lock=False
doing actuation None-script open_channel False
GetData ===>> H2,0.0141773936970263,H1,163.380033603032,AX,38.7379529976015,L1,0.541422879217553,L2,0.318418720...
Open T ===>> OK
GetIndicatorState T ===>> OK
change switch state (True, True)
update switch state T True args=() kw={} ncanvase=2
02:05:43 -- OPEN   VALVE-T (Microbone to CO2 Laser)
---------------------------------------- open None (Microbone to CO2 Laser) result=[(True, True)], time=0.42 sec
action=open, ok=True, locked=[False]
open () {'description': 'Microbone to Inlet Pipette'}
opening name=--- desc=Microbone to Inlet Pipette
checking ownership. requestor=129.138.12.150
check software interlocks S
interlocks []
actuate state mode=None-script, software_lock=False
doing actuation None-script open_channel False
Open S ===>> OK
GetIndicatorState S ===>> OK
change switch state (True, True)
update switch state S True args=() kw={} ncanvase=2
02:05:44 -- OPEN   VALVE-S (Microbone to Inlet Pipette)
---------------------------------------- open None (Microbone to Inlet Pipette) result=[(True, True)], time=0.41 sec
GetData ===>> H2,-0.0712105989697274,H1,163.474482970369,AX,38.7038753792168,L1,0.538179901867053,L2,0.36855006...
action=open, ok=True, locked=[False]
sleep (1,) {}
SLEEP 1.0
Get Checksum: -861571959
GetData ===>> H2,-0.0260369974473656,H1,163.258500228353,AX,38.8183883786675,L1,0.499593448773943,L2,0.31531420...
set_resource () {'name': 'CO2PumpTimeFlag', 'value': 30}
Set CO2PumpTimeFlag 30 ===>> OK
release ('JanCO2Flag',) {}
release JanCO2Flag
Set JanCO2Flag 0 ===>> OK
executed 6.0
PumpMicrobone.py completed successfully
gosub finished
get_resource_value () {'name': 'JanMiniboneFlag'}
Read JanMiniboneFlag ===>> 0
Get Resource Value JanMiniboneFlag=0.0
get resource value 0.0
get_resource_value () {'name': 'JanMiniboneFlag'}
Read JanMiniboneFlag ===>> 0
Get Resource Value JanMiniboneFlag=0.0
executed 4.0
jan_pump_extraction_line.py completed successfully
Post Equilibration Finished
02:05:45 -- ******* Post Equilibration Finished *******
GetData ===>> H2,-0.0546154397021336,H1,163.37754248535,AX,38.7413589739646,L1,0.536481613806815,L2,0.372547087...
GetData ===>> H2,-0.0994421541760936,H1,163.269070088412,AX,38.7221389364264,L1,0.504422519628592,L2,0.27149644...
Get Checksum: -861571959
GetData ===>> H2,-0.154640170880063,H1,163.089717113163,AX,38.7997486923844,L1,0.502410951815833,L2,0.384870387...
GetData ===>> H2,-0.191373705910114,H1,163.045058308995,AX,38.6126421431592,L1,0.45908749653181,L2,0.3827802260...
GetData ===>> H2,-0.139571277660727,H1,163.057288057905,AX,38.5778054818567,L1,0.431123255165018,L2,0.416102599...
Get Checksum: -861571959
GetData ===>> H2,-0.105901126642657,H1,162.892262668838,AX,38.6336436573003,L1,0.491985449473499,L2,0.388890935...
GetData ===>> H2,-0.0635849463732108,H1,162.694015413103,AX,38.6389120028623,L1,0.464741110958732,L2,0.35302035...
GetData ===>> H2,-0.154657736116254,H1,162.672909924797,AX,38.7497283666505,L1,0.420398239384619,L2,0.321877180...
Get Checksum: -861571959
GetData ===>> H2,-0.202196526774237,H1,162.692393490344,AX,38.752356090473,L1,0.453173600294897,L2,0.3402901608...
GetData ===>> H2,-0.0340660109915428,H1,162.922839734083,AX,38.5583420583986,L1,0.528297264492716,L2,0.27096025...
GetData ===>> H2,0.0117182944902408,H1,162.840447060286,AX,38.47736123587,L1,0.52789338857833,L2,0.353317226768...
Get Checksum: -861571959
GetData ===>> H2,-0.0200614597288575,H1,162.784126533998,AX,38.51143120125,L1,0.498164927461337,L2,0.3989544669...
GetData ===>> H2,-0.0674484884068327,H1,162.560693272018,AX,38.521326139862,L1,0.515846458141966,L2,0.308614721...
Get Checksum: -861571959
GetData ===>> H2,-0.17974999024232,H1,162.524416513043,AX,38.5570918424406,L1,0.492864492666035,L2,0.3955046469...
GetData ===>> H2,-0.285285204580825,H1,162.673234273358,AX,38.4194290336035,L1,0.448975298399704,L2,0.361138884...
GetData ===>> H2,-0.197772633278306,H1,162.501028552754,AX,38.58107054269,L1,0.463874667542228,L2,0.31610173621...
Get Checksum: -861571959
GetData ===>> H2,-0.137421894976494,H1,162.515099875376,AX,38.4913520600883,L1,0.457892905478699,L2,0.338509209...
GetData ===>> H2,-0.104817217730746,H1,162.251065799299,AX,38.4376347820135,L1,0.425412062866278,L2,0.309071230...
02:06:05 -- collecting point 25
GetData ===>> H2,-0.138603429950774,H1,162.406837174016,AX,38.2305443708162,L1,0.43975657670837,L2,0.3916551600...
Get Checksum: -861571959
GetData ===>> H2,-0.106012082768392,H1,162.533647157377,AX,38.3386479552562,L1,0.439313890898196,L2,0.357621913...
GetData ===>> H2,-0.215697508001415,H1,162.256292026611,AX,38.4177766312322,L1,0.434982341145813,L2,0.281433560...
GetData ===>> H2,-0.161195517744921,H1,162.222432204121,AX,38.3804580178615,L1,0.466184526944884,L2,0.276151131...
Get Checksum: -861571959
GetData ===>> H2,-0.1708763909572,H1,162.162265834561,AX,38.3795141007644,L1,0.499557804666165,L2,0.27070927917...
GetData ===>> H2,-0.136775648731662,H1,162.142462972832,AX,38.4025450841364,L1,0.479151348202814,L2,0.347437131...
GetData ===>> H2,-0.0983630449986188,H1,162.120157652175,AX,38.487864617114,L1,0.445374612741184,L2,0.329707687...
Get Checksum: -861571959
GetData ===>> H2,-0.112161430509168,H1,162.030079013819,AX,38.4314547850596,L1,0.457146509873504,L2,0.390215925...
GetData ===>> H2,-0.0581883580308018,H1,162.18438194837,AX,38.5813762126386,L1,0.474263287332427,L2,0.291793899...
GetData ===>> H2,-0.0608869720243299,H1,161.865424521532,AX,38.3622447510671,L1,0.446708779889333,L2,0.37254708...
Get Checksum: -861571959
GetData ===>> H2,-0.115860401604961,H1,161.942713477999,AX,38.3557721701752,L1,0.46808484202758,L2,0.2885989616...
GetData ===>> H2,-0.171263615775091,H1,161.83848255545,AX,38.2138685969809,L1,0.507792405121736,L2,0.2626896707...
GetData ===>> H2,-0.0917344986912932,H1,161.978283523588,AX,38.359772349403,L1,0.498103421885844,L2,0.348590286...
Get Checksum: -861571959
GetData ===>> H2,-0.0863170290896168,H1,161.84553582924,AX,38.3745170199881,L1,0.501947461505532,L2,0.366768588...
GetData ===>> H2,-0.133451901415601,H1,161.575560888,AX,38.2355669935716,L1,0.483583610313614,L2,0.337687243363...
GetData ===>> H2,-0.0942975254556903,H1,161.62599884463,AX,38.1960439753028,L1,0.482404435218435,L2,0.388194180...
Get Checksum: -861571959
GetData ===>> H2,-0.0804966272168603,H1,161.82916489032,AX,38.0653739259114,L1,0.458997866701557,L2,0.338828865...
GetData ===>> H2,-0.110373094807361,H1,161.655531967133,AX,38.1296869029058,L1,0.451404264957063,L2,0.260191523...
Get Checksum: -861571959
GetData ===>> H2,-0.248876033885039,H1,161.700228845169,AX,38.1758804662189,L1,0.504867675013852,L2,0.432648143...
GetData ===>> H2,-0.300388624230842,H1,161.727682038999,AX,38.2010928518579,L1,0.511854948147903,L2,0.408984781...
GetData ===>> H2,-0.218900260800442,H1,161.299859772231,AX,38.1245538746511,L1,0.502837578003721,L2,0.387097658...
Get Checksum: -861571959
GetData ===>> H2,-0.10623940412918,H1,161.353349320532,AX,38.2246063007104,L1,0.462712569614853,L2,0.3366141313...
GetData ===>> H2,-0.178498967565769,H1,161.40084182812,AX,38.2005796318828,L1,0.481214342088985,L2,0.2162971591...
GetData ===>> H2,-0.181000874716311,H1,161.22929551327,AX,38.1257885553674,L1,0.488007947052769,L2,0.3119358708...
Get Checksum: -861571959
GetData ===>> H2,-0.191512557251539,H1,161.331546594917,AX,38.2301003924848,L1,0.454443733705773,L2,0.389644807...
02:06:31 -- collecting point 50
GetData ===>> H2,-0.260108818684462,H1,161.319655307407,AX,38.1083655087872,L1,0.472882609683624,L2,0.350736790...
GetData ===>> H2,-0.217744161103633,H1,161.145580866895,AX,38.0058914501024,L1,0.449353100005251,L2,0.374876858...
GetData ===>> H2,-0.211769187610204,H1,160.902630887192,AX,38.0986563438055,L1,0.446913580045925,L2,0.318281754...
GetData ===>> H2,-0.235240083819387,H1,160.987913005727,AX,38.2457655266655,L1,0.476618481940489,L2,0.318589928...
Get Checksum: -861571959
GetData ===>> H2,-0.194837740120867,H1,161.067264080234,AX,38.0919852298885,L1,0.47507040609646,L2,0.3367168755...
GetData ===>> H2,-0.240427127328192,H1,160.931311999805,AX,37.8763298323986,L1,0.442651633626479,L2,0.315690848...
GetData ===>> H2,-0.198748977980443,H1,160.927697025016,AX,37.9621466264595,L1,0.420890450889174,L2,0.453427418...
Get Checksum: -861571959
GetData ===>> H2,-0.165059680158174,H1,160.796910704098,AX,37.9662505658868,L1,0.468701169337756,L2,0.375425047...
GetData ===>> H2,-0.184089036479451,H1,160.706190545671,AX,37.8952561947047,L1,0.483455859832146,L2,0.327264865...
GetData ===>> H2,-0.23639708546918,H1,160.738103012149,AX,38.1217238693873,L1,0.482094924098701,L2,0.3409180681...
Get Checksum: -861571959
GetData ===>> H2,-0.0944424573783318,H1,160.468189795198,AX,38.0935524218719,L1,0.425635010664947,L2,0.39355132...
GetData ===>> H2,-0.0393752821281177,H1,160.357429221716,AX,37.9613840860981,L1,0.458298044162903,L2,0.24465013...
GetData ===>> H2,-0.0316257131196099,H1,160.478895528171,AX,38.1374146182618,L1,0.451047244554315,L2,0.37904546...
Get Checksum: -861571959
GetData ===>> H2,-0.157898731884142,H1,160.480317044099,AX,38.121793231439,L1,0.45949079572809,L2,0.34471984954...
GetData ===>> H2,-0.172666688898981,H1,160.331865530766,AX,38.0424146061077,L1,0.450897569580567,L2,0.313077185...
Get Checksum: -861571959
testing age>100.0
evaluate ot="age>100.0" t="age>100.0", ctx="{'age': 29.31913627870882}"
testing Ar39<0.5
evaluate ot="Ar39<0.5" t="Ar39<0.5", ctx="{'Ar39': 39.150670995895034}"
GetData ===>> H2,-0.213516024471842,H1,160.322736519615,AX,37.9742647569281,L1,0.446137323155898,L2,0.345302117...
GetData ===>> H2,-0.311536110954538,H1,160.296855601445,AX,37.9967157506576,L1,0.460910165983439,L2,0.542034717...
GetData ===>> H2,-0.217482742217528,H1,160.364497470084,AX,38.0524934115227,L1,0.446225614827939,L2,0.261948204...
Get Checksum: -861571959
GetData ===>> H2,-0.187703638404001,H1,160.407385550568,AX,37.9105547152148,L1,0.444710046206832,L2,0.350919474...
GetData ===>> H2,-0.228443670444358,H1,160.179105948776,AX,37.8547193059718,L1,0.419307496940136,L2,0.375333682...
testing age>100.0
evaluate ot="age>100.0" t="age>100.0", ctx="{'age': 29.354520213362036}"
testing Ar39<0.5
evaluate ot="Ar39<0.5" t="Ar39<0.5", ctx="{'Ar39': 39.13276410485381}"
GetData ===>> H2,-0.168317945954256,H1,159.933708456726,AX,37.8352455672912,L1,0.421157381410984,L2,0.426626057...
Get Checksum: -861571959
GetData ===>> H2,-0.0749551995501336,H1,160.068372760235,AX,37.7499750435859,L1,0.440804439335876,L2,0.34185422...
GetData ===>> H2,-0.193171901156101,H1,160.129766080565,AX,37.9254117264445,L1,0.480880305548385,L2,0.323338217...
GetData ===>> H2,-0.294989104525488,H1,159.981089193858,AX,37.8323649497563,L1,0.497030823592282,L2,0.336351563...
Get Checksum: -861571959
GetData ===>> H2,-0.124068813596814,H1,159.982720274513,AX,37.7634104721742,L1,0.483898079779958,L2,0.406928366...
testing age>100.0
evaluate ot="age>100.0" t="age>100.0", ctx="{'age': 29.379236848892837}"
testing Ar39<0.5
evaluate ot="Ar39<0.5" t="Ar39<0.5", ctx="{'Ar39': 39.13533130229332}"
02:06:58 -- collecting point 75
GetData ===>> H2,-0.0479943031624364,H1,159.677304152821,AX,37.7439780804624,L1,0.451319609515036,L2,0.30796420...
GetData ===>> H2,-0.158144572029839,H1,159.874327313142,AX,37.6769384244623,L1,0.421381461466031,L2,0.427071701...
Get Checksum: -861571959
GetData ===>> H2,-0.230032109379911,H1,159.747049367784,AX,37.7140809813442,L1,0.459007689110651,L2,0.313271210...
GetData ===>> H2,-0.144532228025817,H1,159.549497959876,AX,37.6812708802826,L1,0.424880437621704,L2,0.286225648...
GetData ===>> H2,-0.101173659769397,H1,159.471949527212,AX,37.5566712686227,L1,0.485502514682862,L2,0.328383533...
Get Checksum: -861571959
testing age>100.0
evaluate ot="age>100.0" t="age>100.0", ctx="{'age': 29.361812544521264}"
testing Ar39<0.5
evaluate ot="Ar39<0.5" t="Ar39<0.5", ctx="{'Ar39': 39.15336140051026}"
GetData ===>> H2,-0.113010148385826,H1,159.635635491221,AX,37.5524091976949,L1,0.451369911940148,L2,0.390547176...
GetData ===>> H2,-0.150545703095479,H1,159.520784860304,AX,37.7435764473378,L1,0.445896977441084,L2,0.256397841...
GetData ===>> H2,-0.160644544496623,H1,159.393729155352,AX,37.6755681286171,L1,0.488665432027886,L2,0.376407228...
Get Checksum: -861571959
GetData ===>> H2,-0.140798541197164,H1,159.331402791161,AX,37.6798728497267,L1,0.483758041411342,L2,0.313191318...
GetData ===>> H2,-0.0778394097922904,H1,159.528966528061,AX,37.774021403125,L1,0.469973228304345,L2,0.238656954...
testing age>100.0
evaluate ot="age>100.0" t="age>100.0", ctx="{'age': 29.385348023020182}"
testing Ar39<0.5
evaluate ot="Ar39<0.5" t="Ar39<0.5", ctx="{'Ar39': 39.149785357649264}"
GetData ===>> H2,-0.121334237366404,H1,159.453344996005,AX,37.5945939817708,L1,0.513364968007643,L2,0.363137220...
Get Checksum: -861571959
GetData ===>> H2,-0.20602171203352,H1,159.202700358366,AX,37.5533086476918,L1,0.506456618177317,L2,0.2862598783...
GetData ===>> H2,-0.128808807662933,H1,159.39437192385,AX,37.648525394623,L1,0.477461420987062,L2,0.37611028884...
Get Checksum: -861571959
GetData ===>> H2,-0.165781870429198,H1,159.189937963529,AX,37.7066182920528,L1,0.461554283552399,L2,0.444201247...
GetData ===>> H2,-0.0850210047419914,H1,159.195890779875,AX,37.6882059142155,L1,0.45796042748602,L2,0.370662756...
testing age>100.0
evaluate ot="age>100.0" t="age>100.0", ctx="{'age': 29.383134090931772}"
testing Ar39<0.5
evaluate ot="Ar39<0.5" t="Ar39<0.5", ctx="{'Ar39': 39.143005334346086}"
GetData ===>> H2,-0.0806673400030786,H1,159.177861632612,AX,37.7514293191397,L1,0.465869069278906,L2,0.35200416...
Get Checksum: -861571959
GetData ===>> H2,-0.136160463816521,H1,159.015267649873,AX,37.6065546613233,L1,0.445148998627186,L2,0.312449460...
GetData ===>> H2,-0.191160707337535,H1,159.002212172753,AX,37.4801162095145,L1,0.455353171839126,L2,0.367316731...
GetData ===>> H2,-0.172344267282778,H1,158.95124292997,AX,37.6797205899889,L1,0.438520291073208,L2,0.3818436657...
Get Checksum: -861571959
GetData ===>> H2,-0.184346682502966,H1,158.882860801519,AX,37.5836726315941,L1,0.458217015151112,L2,0.345633212...
testing age>100.0
evaluate ot="age>100.0" t="age>100.0", ctx="{'age': 29.406017260843836}"
testing Ar39<0.5
evaluate ot="Ar39<0.5" t="Ar39<0.5", ctx="{'Ar39': 39.130060033086814}"
GetData ===>> H2,-0.192070641575451,H1,158.77743856348,AX,37.4771983219515,L1,0.425592135712875,L2,0.3942366980...
GetData ===>> H2,-0.0426104028992321,H1,158.780047701166,AX,37.4365860593265,L1,0.429240821238814,L2,0.29169120...
Get Checksum: -861571959
GetData ===>> H2,0.000397214304825627,H1,158.633935093982,AX,37.3807481521281,L1,0.450192163547314,L2,0.2659864...
GetData ===>> H2,-0.052272222800849,H1,158.385132871662,AX,37.5003774989786,L1,0.47052212849605,L2,0.3670540795...
set states for children of B. state=False
handle state [('B', False)]
update switch state B False args=() kw={'refresh': False} ncanvase=2
refresh_canvas_needed fired
GetData ===>> H2,-0.117768291029889,H1,158.634533748375,AX,37.5374101661744,L1,0.477564642750012,L2,0.378440145...
Get Checksum: -1716540614
State checksums do not match. Local:620669736 Remote:-1716540614
State checksum failed
testing age>100.0
evaluate ot="age>100.0" t="age>100.0", ctx="{'age': 29.411555169342144}"
testing Ar39<0.5
evaluate ot="Ar39<0.5" t="Ar39<0.5", ctx="{'Ar39': 39.13278482446365}"
02:07:24 -- collecting point 100
GetData ===>> H2,-0.181000874716311,H1,158.56800098418,AX,37.5500153108825,L1,0.447084045558925,L2,0.2809885926...
set states for children of C. state=False
handle state [('C', False)]
update switch state C False args=() kw={'refresh': False} ncanvase=2
refresh_canvas_needed fired
GetData ===>> H2,-0.258986492192055,H1,158.480967902308,AX,37.5250139051989,L1,0.455065972172692,L2,0.361629899...
GetData ===>> H2,-0.28217098887213,H1,158.416409846509,AX,37.3039855146893,L1,0.466259403529061,L2,0.2212959865...
Get Checksum: -1716540614
GetData ===>> H2,-0.187103532544139,H1,158.634426845658,AX,37.4713904228265,L1,0.43301829246566,L2,0.3413861472...
GetData ===>> H2,-0.161773470697411,H1,158.351174329595,AX,37.4990358571754,L1,0.423136311867266,L2,0.282391958...
testing age>100.0
evaluate ot="age>100.0" t="age>100.0", ctx="{'age': 29.408369136262998}"
testing Ar39<0.5
evaluate ot="Ar39<0.5" t="Ar39<0.5", ctx="{'Ar39': 39.12477713022414}"
GetData ===>> H2,-0.233655068257079,H1,158.285838289875,AX,37.3928622945095,L1,0.465735278866592,L2,0.360990437...
Get Checksum: -1716540614
GetData ===>> H2,-0.154823928927059,H1,158.171092288602,AX,37.4603423883653,L1,0.460429251128437,L2,0.329159759...
GetData ===>> H2,-0.209867158573113,H1,158.059780287037,AX,37.3824490341531,L1,0.482268101794656,L2,0.221067723...
GetData ===>> H2,-0.150736104727481,H1,157.951955931862,AX,37.3636715722028,L1,0.483606949514864,L2,0.374522820...
Get Checksum: -1716540614
GetData ===>> H2,-0.0318457280145852,H1,158.07284460106,AX,37.3864870002801,L1,0.455118747579067,L2,0.375002484...
testing age>100.0
evaluate ot="age>100.0" t="age>100.0", ctx="{'age': 29.42604885366796}"
testing Ar39<0.5
evaluate ot="Ar39<0.5" t="Ar39<0.5", ctx="{'Ar39': 39.11911643928269}"
GetData ===>> H2,-0.156950441369352,H1,158.193173753848,AX,37.2969380077142,L1,0.458450282212062,L2,0.266362864...
GetData ===>> H2,-0.130834678032939,H1,157.891624763881,AX,37.3333270917451,L1,0.45157725867702,L2,0.3531117027...
Get Checksum: -1716540614
GetData ===>> H2,-0.158291803410175,H1,158.218775043067,AX,37.3214817653073,L1,0.437541561364965,L2,0.363959404...
GetData ===>> H2,-0.0968586201743857,H1,158.181494621536,AX,37.1826349993362,L1,0.448552127998891,L2,0.38870817...
Get Checksum: -1716540614
GetData ===>> H2,-0.218649647826987,H1,158.056727815035,AX,37.1908832205836,L1,0.462515013733153,L2,0.164121786...
testing age>100.0
evaluate ot="age>100.0" t="age>100.0", ctx="{'age': 29.421973639585477}"
testing Ar39<0.5
evaluate ot="Ar39<0.5" t="Ar39<0.5", ctx="{'Ar39': 39.12292250740399}"
GetData ===>> H2,-0.159018477069329,H1,157.721677817455,AX,37.2469645745444,L1,0.477537608378868,L2,0.238177516...
GetData ===>> H2,-0.156955844958867,H1,157.769438859781,AX,37.2221820607964,L1,0.474607257160072,L2,0.363925146...
Get Checksum: -1716540614
GetData ===>> H2,-0.210255133812203,H1,157.690050341993,AX,37.2694430064911,L1,0.423689892768312,L2,0.330655153...
GetData ===>> H2,-0.161638437599741,H1,157.597767614188,AX,37.3132031945779,L1,0.45162756236093,L2,0.3493666761...
GetData ===>> H2,-0.102812864051498,H1,157.592969515958,AX,37.2894211388924,L1,0.449231662262867,L2,0.354013728...
Get Checksum: -1716540614
testing age>100.0
evaluate ot="age>100.0" t="age>100.0", ctx="{'age': 29.42823233570783}"
testing Ar39<0.5
evaluate ot="Ar39<0.5" t="Ar39<0.5", ctx="{'Ar39': 39.11709279163659}"
GetData ===>> H2,-0.162788868048254,H1,157.710246068657,AX,37.2108084806531,L1,0.438029688103542,L2,0.413646149...
measurement finished
estimated time: 125.829 actual time: :126.175
flush and close file /Users/jan/PychronDev/data/isotopes/2d/615821-b833-4147-a938-5c41ca9b962a.h5
baselines () {'settling_time': 15.0, 'detector': 'H1', 'mass': 34.2, 'ncounts': 60.0}
%%%%%%%%%%%%%%%%%%%%%%%%%%%%%%%% Baseline
build tables- baseline [Detector(H2), Detector(H1), Detector(AX), Detector(L1), Detector(L2), Detector(CDD)]
add group baseline table H2
add group baseline table H1
add group baseline table AX
add group baseline table L1
add group baseline table L2
add group baseline table CDD
flush and close file /Users/jan/PychronDev/data/isotopes/2d/615821-b833-4147-a938-5c41ca9b962a.h5
detector Detector(H1)
POSITION 34.2 H1
Mapping mass to dac mass func: "parabolic"
H1 map mass coeffs = [-0.00063987  0.15840543  0.57044999]
H1 map mass to dac 34.2 >> 5.23949599104
GetDeflection H1 ===>> 0
GetHighVoltage ===>> 4499.94659342336
positioning 34.2 (5.23946513614) on H1
setting magnet DAC
current  : 5.878805
requested: 5.239465
Delta Dac: 0.639340
Checking detector protection. dv=0.63934
Checking detector "CDD". Protection Threshold: 0.1 (V)
ProtectDetector CDD,On ===>> OK
GetDeflection CDD ===>> 2000
SetMagnetDAC 5.23946513614 ===>> OK
Magnet settling time: 0.500
GetMagnetMoving ===>> True
GetMagnetMoving ===>> True
GetMagnetMoving ===>> True
GetMagnetMoving ===>> True
Get Checksum: -1716540614
GetMagnetMoving ===>> True
GetMagnetMoving ===>> True
GetMagnetMoving ===>> True
GetMagnetMoving ===>> True
GetMagnetMoving ===>> False
ProtectDetector CDD,Off ===>> OK
GetDeflection CDD ===>> 50
Delaying 15.0s for detectors to settle
Get Checksum: -1716540614
Get Checksum: -1716540614
Get Checksum: -1716540614
Get Checksum: -1716540614
Get Checksum: -1716540614
Join finished
measuring baseline. ncounts=60.0
starting measurement
GetData ===>> H2,-0.252316219617062,H1,-0.0508889122395882,AX,-0.16823872343718,L1,-0.0280882236611183,L2,0.052...
GetData ===>> H2,-0.213627802068845,H1,-0.0630491436282686,AX,-0.121696864862085,L1,-0.0156370046769386,L2,-0.0...
GetData ===>> H2,-0.131965500805831,H1,-0.0347683671259034,AX,0.0702497854806567,L1,0.0219154143611753,L2,0.016...
Get Checksum: -1716540614
GetData ===>> H2,-0.0390644776152448,H1,-0.0242385322970272,AX,-0.0989966915056725,L1,0.0125713354651813,L2,-0....
GetData ===>> H2,-0.123426477289524,H1,-0.0636928794003343,AX,-0.0625193182602691,L1,-0.0240549828490599,L2,-0....
GetData ===>> H2,-0.158478203698622,H1,-0.0365927898877015,AX,-0.116193225550852,L1,-0.0433545063985897,L2,-0.0...
Get Checksum: -1716540614
GetData ===>> H2,-0.135871112563277,H1,-0.00739803419202973,AX,0.0129245321081258,L1,-0.0461319661459583,L2,0.0...
GetData ===>> H2,-0.21892586073764,H1,-0.0629060906720767,AX,-0.0458930618632171,L1,-0.0639658531463298,L2,-0.0...
GetData ===>> H2,-0.278226522592547,H1,-0.0278758032054903,AX,-0.155243495154187,L1,-0.0485137445919281,L2,-0.0...
Get Checksum: -1716540614
GetData ===>> H2,-0.189532079422194,H1,0.0459568642794618,AX,0.00438559857883665,L1,-0.0202850887138142,L2,-0.0...
GetData ===>> H2,-0.175486229339478,H1,-0.105407663551449,AX,-0.047446821209111,L1,-0.0425175264081573,L2,-0.00...
GetData ===>> H2,-0.195486524330307,H1,0.0275443021319212,AX,0.00792406031260624,L1,-0.0438992842432592,L2,0.00...
GetData ===>> H2,-0.147320542916312,H1,-0.0147452288138393,AX,-0.129725826471337,L1,-0.0139146337827684,L2,-0.0...
Get Checksum: -1716540614
GetData ===>> H2,-0.12868850714204,H1,-0.0326457942158019,AX,-0.0584847555612974,L1,-0.00658312261742156,L2,-0....
GetData ===>> H2,-0.187544512309351,H1,-0.0152938613181107,AX,-0.0847411954581159,L1,-0.0535016805675338,L2,-0....
GetData ===>> H2,-0.112272430710643,H1,0.0270908922536563,AX,-0.162651335836649,L1,-0.046214559874106,L2,0.0647...
Get Checksum: -1716540614
GetData ===>> H2,-0.199285661970547,H1,-0.0455594039614702,AX,-0.0706690884052247,L1,-0.0441016227775751,L2,-0....
GetData ===>> H2,-0.221412820308981,H1,-0.0642174017824846,AX,-0.0744365323714703,L1,-0.000853274555386657,L2,0...
GetData ===>> H2,-0.135357293085026,H1,0.00534156193177111,AX,-0.161990565455826,L1,-0.00832806287965871,L2,-0....
Get Checksum: -1716540614
GetData ===>> H2,-0.241211867674528,H1,-0.0467159432932405,AX,-0.123156725355066,L1,-0.0236618770464242,L2,-0.0...
GetData ===>> H2,-0.209375434716864,H1,0.00522226980408398,AX,0.0535615076592521,L1,-0.00892642978719441,L2,-0....
GetData ===>> H2,-0.209869852891511,H1,-0.0246320794610398,AX,0.00748319577072703,L1,-0.0100367318502611,L2,-0....
Get Checksum: -1716540614
GetData ===>> H2,-0.202076547611209,H1,0.0373885754916039,AX,-0.0595165992978765,L1,-0.00587426667959833,L2,0.0...
GetData ===>> H2,-0.210054412173343,H1,-0.0789148315037068,AX,-0.157283895680114,L1,-0.00150728511995159,L2,0.0...
02:08:29 -- collecting point 25
GetData ===>> H2,-0.251026609038917,H1,-0.0700704082108537,AX,-0.0769751277358482,L1,-0.024868710980702,L2,-0.0...
Get Checksum: 2107247967
State checksums do not match. Local:-1716540614 Remote:2107247967
State checksum failed
GetData ===>> H2,-0.236492600076843,H1,0.00454230739073154,AX,-0.0362452844374384,L1,-0.0315090993090018,L2,-0....
set states for children of V. state=False
handle state [('V', False)]
update switch state V False args=() kw={'refresh': False} ncanvase=2
refresh_canvas_needed fired
GetData ===>> H2,-0.304201288635584,H1,-0.0377613569284339,AX,0.0613080384081746,L1,-0.0595777219049997,L2,-0.1...
GetData ===>> H2,-0.294888442781001,H1,-0.0976857810034868,AX,-0.11606576916215,L1,-0.0323401867716539,L2,-0.08...
set states for children of H. state=True
handle state [('H', True)]
update switch state H True args=() kw={'refresh': False} ncanvase=2
refresh_canvas_needed fired
Get Checksum: -341408174
GetData ===>> H2,-0.253889371898436,H1,-0.0720849076034423,AX,-0.102484913501396,L1,-0.0194709896937384,L2,-0.0...
GetData ===>> H2,-0.232139811506175,H1,-0.0234752849015194,AX,-0.0862943346218876,L1,-0.0177286683820423,L2,-0....
GetData ===>> H2,-0.259244513003324,H1,-0.0319303100567712,AX,-0.0864450109827129,L1,-0.00556120273671192,L2,-0...
Get Checksum: -341408174
GetData ===>> H2,-0.171540196826531,H1,-0.0214717327959633,AX,0.0102792389260784,L1,-0.0317162788365732,L2,-0.0...
GetData ===>> H2,-0.0301520470798117,H1,-0.00930644827927802,AX,-0.0865261443110996,L1,-0.00673064473580123,L2,...
GetData ===>> H2,-0.0777201524353794,H1,0.0208746112601467,AX,-0.0960646340820426,L1,-0.0234005970077215,L2,-0....
Get Checksum: -341408174
GetData ===>> H2,-0.13406047150438,H1,-0.0329319864472709,AX,-0.0139543336570986,L1,-0.0459368507293245,L2,0.06...
GetData ===>> H2,-0.166216512290744,H1,0.0278783949352103,AX,-0.142872650538917,L1,-0.0176795000860563,L2,-0.12...
Get Checksum: -341408174
GetData ===>> H2,-0.231457475893271,H1,0.0111989802576541,AX,-0.117595234805228,L1,-0.0638821281342924,L2,0.085...
GetData ===>> H2,-0.160940290820537,H1,-0.0290444720288495,AX,-0.0470062054070976,L1,-0.0622242290866735,L2,-0....
GetData ===>> H2,-0.114873856447972,H1,-0.0740636071699495,AX,-0.123875061364884,L1,-0.0356010930524065,L2,0.05...
Get Checksum: -341408174
GetData ===>> H2,-0.263289350944944,H1,-0.0369862884760817,AX,-0.0721644913151917,L1,0.00164675730100731,L2,0.0...
GetData ===>> H2,-0.295546083254007,H1,-0.0765428863376936,AX,-0.107189759012322,L1,0.0240124162143852,L2,-0.10...
GetData ===>> H2,-0.21435904270002,H1,-0.0159140509626841,AX,-0.159277882111361,L1,0.0272377497671924,L2,0.0146...
Get Checksum: -341408174
GetData ===>> H2,-0.135585810410499,H1,-0.0654571710290817,AX,-0.049023745627895,L1,-0.0257662522516583,L2,0.00...
GetData ===>> H2,-0.141506725370604,H1,0.0237023150269746,AX,-0.0114952897131829,L1,-0.0257806314332093,L2,-0.0...
GetData ===>> H2,-0.0814179039152513,H1,-0.0607125864023893,AX,-0.0455220111857598,L1,-0.0120435977908387,L2,-0...
Get Checksum: -341408174
GetData ===>> H2,-0.198564234133891,H1,0.0431762667973292,AX,-0.064003253266801,L1,-0.072069520367822,L2,0.0069...
GetData ===>> H2,-0.218547245228062,H1,0.0113302094407298,AX,-0.0745292676142325,L1,-0.0455071046387511,L2,0.03...
GetData ===>> H2,-0.157144968968838,H1,0.0382596911444157,AX,-0.133990642775175,L1,-0.00427046084163731,L2,-0.1...
Get Checksum: -341408174
GetData ===>> H2,-0.120873000094484,H1,0.0173072845849777,AX,-0.157133185741703,L1,-0.0285985541767594,L2,0.027...
set states for children of H. state=False
handle state [('H', False)]
update switch state H False args=() kw={'refresh': False} ncanvase=2
refresh_canvas_needed fired
02:08:56 -- collecting point 50
GetData ===>> H2,-0.182278604305612,H1,-0.0192057624424756,AX,-0.0727788749974006,L1,-0.0458039785529225,L2,-0....
GetData ===>> H2,-0.235230665877825,H1,-0.0370339851695654,AX,-0.0185010814651589,L1,-0.0553768140491974,L2,-0....
set states for children of C. state=True
handle state [('C', True)]
update switch state C True args=() kw={'refresh': False} ncanvase=2
refresh_canvas_needed fired
Get Checksum: -1902236393
GetData ===>> H2,-0.222161764837335,H1,-0.111460821413467,AX,-0.0139079371766104,L1,-0.0365632581710375,L2,0.01...
GetData ===>> H2,-0.274465874616882,H1,-0.0294022250629798,AX,-0.0427158946320913,L1,-0.0159164780331113,L2,-0....
set states for children of B. state=True
handle state [('B', True)]
update switch state B True args=() kw={'refresh': False} ncanvase=2
refresh_canvas_needed fired
GetData ===>> H2,-0.280137256974578,H1,0.00810917920219825,AX,0.0232743523535227,L1,-0.00397174327386759,L2,-0....
Get Checksum: 799532470
GetData ===>> H2,-0.305567704391788,H1,0.065566445790455,AX,-0.047446821209111,L1,-0.0186508292235203,L2,0.0059...
GetData ===>> H2,-0.239542714786828,H1,0.0398348784180548,AX,-0.0113096989696807,L1,-0.0263749529517486,L2,-0.0...
GetData ===>> H2,-0.143049981210966,H1,-0.0650995468612024,AX,-0.0809509682015805,L1,-0.00938687228830448,L2,0....
Get Checksum: 799532470
GetData ===>> H2,-0.166819853944819,H1,-0.133056723460378,AX,-0.190631420695392,L1,-0.0561596805396288,L2,0.071...
GetData ===>> H2,-0.212088406171293,H1,-0.0585786420869148,AX,-0.103446760027255,L1,-0.0464336095169944,L2,-0.0...
GetData ===>> H2,-0.305950217406994,H1,-0.0631325910916079,AX,-0.153063929128223,L1,0.0104131003293633,L2,-0.05...
Get Checksum: 799532470
measurement finished
estimated time: 62.915 actual time: :63.118
flush and close file /Users/jan/PychronDev/data/isotopes/2d/615821-b833-4147-a938-5c41ca9b962a.h5
activate_detectors ('H1', 'AX', 'CDD') {'peak_center': True}
peak_center () {'detector': 'H1', 'isotope': 'Ar40'}
peak center: mean=157.843077246 threshold=3
peak center started
setup peak center. detector=['H1', 'AX', 'CDD'], isotope=Ar40
VersionedUnpickler [<apptools.sweet_pickle.versioned_unpickler.VersionedUnpickler object at 0x15615ccb0>] using Updater [<apptools.sweet_pickle.updater.Updater object at 0x12ce00cb0>]
VersionedUnpickler [<apptools.sweet_pickle.versioned_unpickler.VersionedUnpickler object at 0x15615ccb0>] using Updater [<apptools.sweet_pickle.updater.Updater object at 0x12ce00cb0>]
VersionedUnpickler [<apptools.sweet_pickle.versioned_unpickler.VersionedUnpickler object at 0x151bb6bf0>] using Updater [<apptools.sweet_pickle.updater.Updater object at 0x12ce00cb0>]
setting integration time = 0.524288
SetIntegrationTime 0.524288 ===>> OK
Mapping mass to dac mass func: "parabolic"
H1 map mass coeffs = [-0.00063987  0.15840543  0.57044999]
H1 map mass to dac 39.9624 >> 5.87884
GetDeflection H1 ===>> 0
GetHighVoltage ===>> 4499.94659342336
do peak center. <pychron.spectrometer.jobs.peak_center.PeakCenter object at 0x12ce00b30>
doing pc
starting peak center. center dac= 5.87880538006 step_width=0.001
width = 0.001
get scan parameters. half-width=0.015,window=0.015, i=0, scalar=1
Scan parameters center=5.87881 width=0.03000 (5.86381 - 5.89381)
GetData ===>> H2,-0.254238931518046,H1,-0.0855774319530543,AX,-0.101140630135441,L1,0.0151731153924093,L2,-0.02...
Moving to starting dac 5.86380538006
setting magnet DAC
current  : 5.239465
requested: 5.863805
Delta Dac: 0.624340
Checking detector protection. dv=0.62434
Checking detector "CDD". Protection Threshold: 0.1 (V)
ProtectDetector CDD,On ===>> OK
GetDeflection CDD ===>> 2000
SetMagnetDAC 5.86380538006 ===>> OK
Magnet settling time: 0.500
GetMagnetMoving ===>> True
GetMagnetMoving ===>> True
GetMagnetMoving ===>> True
GetMagnetMoving ===>> True
GetMagnetMoving ===>> True
GetMagnetMoving ===>> True
Get Checksum: 799532470
GetMagnetMoving ===>> True
GetMagnetMoving ===>> True
GetMagnetMoving ===>> True
GetMagnetMoving ===>> False
ProtectDetector CDD,Off ===>> OK
GetDeflection CDD ===>> 50
Wait until signal near baseline. tol= -0.0641830739648. timeout= 10
GetData ===>> H2,7.77005558095931,H1,4.02599692637018,AX,0.165036744974298,L1,0.00627595563977832,L2,-0.0705492...
GetData ===>> H2,11.7421311052916,H1,6.42281888373406,AX,0.837915717823933,L1,-0.019714911289088,L2,-0.11909916...
GetData ===>> H2,6.70567214978986,H1,2.97779796531541,AX,0.246004062092607,L1,-0.00255481353247878,L2,-0.067249...
GetData ===>> H2,2.81107204123056,H1,1.5232754197186,AX,0.102077743985711,L1,-0.0395593991269472,L2,0.004235978...
GetData ===>> H2,0.959292321441877,H1,0.829297659851647,AX,0.129598459244161,L1,-0.0499533097074876,L2,0.149990...
Get Checksum: 799532470
GetData ===>> H2,0.250183064905573,H1,0.458135840227381,AX,0.0604984258534295,L1,-0.0440669022535864,L2,0.06834...
GetData ===>> H2,0.02849023644288,H1,0.329463546752895,AX,-0.028382566191971,L1,-0.0293598559352922,L2,0.066088...
GetData ===>> H2,-0.104896085813448,H1,0.161202490992607,AX,-0.0490005557480321,L1,-0.0237698839734024,L2,-0.01...
GetData ===>> H2,-0.157836595618502,H1,0.114848480953689,AX,-0.102415382058681,L1,-0.0793157778202161,L2,-0.120...
GetData ===>> H2,-0.126825713863701,H1,0.071033465289694,AX,-0.24054581140619,L1,-0.0676205270952576,L2,0.01002...
GetData ===>> H2,-0.126825713863701,H1,0.071033465289694,AX,-0.24054581140619,L1,-0.0676205270952576,L2,0.01002...
Get Checksum: 799532470
GetData ===>> H2,-0.140452995957357,H1,0.140812668128487,AX,-0.193389518593411,L1,-0.0664236101111792,L2,-0.102...
GetData ===>> H2,-0.108699887760895,H1,0.104574339094277,AX,-0.0367323345858186,L1,-0.0238441180880235,L2,-0.09...
GetData ===>> H2,-0.105339522768645,H1,0.106362107063007,AX,-0.00567221150859941,L1,-0.0338511275602976,L2,-0.1...
GetData ===>> H2,-0.0606906095883612,H1,0.050336760276193,AX,-0.0831068953895668,L1,-0.0347023500440532,L2,-0.0...
GetData ===>> H2,-0.088067849322232,H1,0.10652896703498,AX,-0.0223981248276583,L1,-0.0447972052384132,L2,-0.010...
GetData ===>> H2,-0.10577212750806,H1,0.0889863547178351,AX,-0.0268516976126484,L1,-0.0390299581773667,L2,-0.01...
Get Checksum: 799532470
GetData ===>> H2,-0.116216294663549,H1,0.116135802724782,AX,-0.00135687703109506,L1,-0.0123312877104318,L2,0.15...
GetData ===>> H2,-0.0903016831757892,H1,0.0853399746074015,AX,-0.0817855263282953,L1,-0.0260637044614471,L2,0.1...
GetData ===>> H2,-0.239650409515143,H1,0.0855067995573001,AX,0.0919478128885785,L1,-0.0163317225817474,L2,0.012...
GetData ===>> H2,-0.174636094489924,H1,0.00773936384470559,AX,0.0360042836659801,L1,-0.035011526705128,L2,-0.07...
Peak center failed to move to a baseline position
_do_sweep sm= 5.86380538006, em= 5.89380538006, stm= 0.001
calculated step values: start=5.86380538006, end=5.89380538006, width=0.001, nsteps=31.0
setting magnet DAC
current  : 5.863805
requested: 5.863805
Delta Dac: 0.000000
Checking detector protection. dv=0.00000
Checking detector "CDD". Protection Threshold: 0.1 (V)
SetMagnetDAC 5.86380538006 ===>> OK
GetData ===>> H2,-0.174636094489924,H1,0.00773936384470559,AX,0.0360042836659801,L1,-0.035011526705128,L2,-0.07...
setting magnet DAC
current  : 5.863805
requested: 5.864840
Delta Dac: 0.001034
Checking detector protection. dv=0.00103
Checking detector "CDD". Protection Threshold: 0.1 (V)
SetMagnetDAC 5.86483986282 ===>> OK
Magnet settling time: 1.049
Get Checksum: 799532470
GetData ===>> H2,-0.172388786294752,H1,0.275199590855269,AX,0.116428351461085,L1,-0.00946600872205972,L2,-0.153...
setting magnet DAC
current  : 5.864840
requested: 5.865874
Delta Dac: 0.001034
Checking detector protection. dv=0.00103
Checking detector "CDD". Protection Threshold: 0.1 (V)
SetMagnetDAC 5.86587434558 ===>> OK
Magnet settling time: 1.049
GetData ===>> H2,-0.172402276869894,H1,0.890573593722777,AX,0.0692114613441472,L1,-0.0164395613032259,L2,0.0931...
setting magnet DAC
current  : 5.865874
requested: 5.866909
Delta Dac: 0.001034
Checking detector protection. dv=0.00103
Checking detector "CDD". Protection Threshold: 0.1 (V)
SetMagnetDAC 5.86690882834 ===>> OK
Magnet settling time: 1.049
GetData ===>> H2,-0.187472001363536,H1,3.20152386879033,AX,0.398909045584236,L1,0.0594064841555616,L2,0.0647671...
setting magnet DAC
current  : 5.866909
requested: 5.867943
Delta Dac: 0.001034
Checking detector protection. dv=0.00103
Checking detector "CDD". Protection Threshold: 0.1 (V)
SetMagnetDAC 5.8679433111 ===>> OK
Magnet settling time: 1.049
Get Checksum: 799532470
GetData ===>> H2,-0.208350155389116,H1,10.6040657452328,AX,1.51690029666643,L1,-0.0122138153200199,L2,0.0079027...
setting magnet DAC
current  : 5.867943
requested: 5.868978
Delta Dac: 0.001034
Checking detector protection. dv=0.00103
Checking detector "CDD". Protection Threshold: 0.1 (V)
SetMagnetDAC 5.86897779386 ===>> OK
Magnet settling time: 1.049
GetData ===>> H2,-0.165924953131447,H1,41.6029191790906,AX,6.7183131235464,L1,-0.00149408532672999,L2,0.0267854...
setting magnet DAC
current  : 5.868978
requested: 5.870012
Delta Dac: 0.001034
Checking detector protection. dv=0.00103
Checking detector "CDD". Protection Threshold: 0.1 (V)
SetMagnetDAC 5.87001227661 ===>> OK
Magnet settling time: 1.049
GetData ===>> H2,-0.131726718425794,H1,80.4627845938153,AX,14.9182732340492,L1,0.0395019531677833,L2,0.04234544...
setting magnet DAC
current  : 5.870012
requested: 5.871047
Delta Dac: 0.001034
Checking detector protection. dv=0.00103
Checking detector "CDD". Protection Threshold: 0.1 (V)
SetMagnetDAC 5.87104675937 ===>> OK
Magnet settling time: 1.049
Get Checksum: 799532470
GetData ===>> H2,-0.131864553918151,H1,116.20442584986,AX,23.9631103072278,L1,0.185560273479527,L2,0.2170503904...
setting magnet DAC
current  : 5.871047
requested: 5.872081
Delta Dac: 0.001034
Checking detector protection. dv=0.00103
Checking detector "CDD". Protection Threshold: 0.1 (V)
SetMagnetDAC 5.87208124213 ===>> OK
Magnet settling time: 1.049
GetData ===>> H2,-0.258948863664108,H1,138.098436573513,AX,30.214596896784,L1,0.225452812831688,L2,0.2853490113...
setting magnet DAC
current  : 5.872081
requested: 5.873116
Delta Dac: 0.001034
Checking detector protection. dv=0.00103
Checking detector "CDD". Protection Threshold: 0.1 (V)
SetMagnetDAC 5.87311572489 ===>> OK
Magnet settling time: 1.049
GetData ===>> H2,-0.253184841919268,H1,147.48184109353,AX,33.7079361604433,L1,0.303513874967978,L2,0.2110018824...
setting magnet DAC
current  : 5.873116
requested: 5.874150
Delta Dac: 0.001034
Checking detector protection. dv=0.00103
Checking detector "CDD". Protection Threshold: 0.1 (V)
SetMagnetDAC 5.87415020765 ===>> OK
Magnet settling time: 1.049
Get Checksum: 799532470
GetData ===>> H2,-0.153642961299615,H1,150.490069669871,AX,35.0620613241272,L1,0.378410815087912,L2,0.266291664...
setting magnet DAC
current  : 5.874150
requested: 5.875185
Delta Dac: 0.001034
Checking detector protection. dv=0.00103
Checking detector "CDD". Protection Threshold: 0.1 (V)
SetMagnetDAC 5.87518469041 ===>> OK
Magnet settling time: 1.049
GetData ===>> H2,-0.144368183023031,H1,151.521004838903,AX,35.3653689727105,L1,0.42190310936504,L2,0.3058695326...
setting magnet DAC
current  : 5.875185
requested: 5.876219
Delta Dac: 0.001034
Checking detector protection. dv=0.00103
Checking detector "CDD". Protection Threshold: 0.1 (V)
SetMagnetDAC 5.87621917317 ===>> OK
Magnet settling time: 1.049
Get Checksum: 799532470
GetData ===>> H2,-0.118178242444587,H1,151.675288230727,AX,35.5736070820363,L1,0.411296575343812,L2,0.265060817...
setting magnet DAC
current  : 5.876219
requested: 5.877254
Delta Dac: 0.001034
Checking detector protection. dv=0.00103
Checking detector "CDD". Protection Threshold: 0.1 (V)
SetMagnetDAC 5.87725365592 ===>> OK
Magnet settling time: 1.049
GetData ===>> H2,-0.222248853678811,H1,151.758016708949,AX,35.5531065798793,L1,0.425410837891724,L2,0.339236162...
setting magnet DAC
current  : 5.877254
requested: 5.878288
Delta Dac: 0.001034
Checking detector protection. dv=0.00103
Checking detector "CDD". Protection Threshold: 0.1 (V)
SetMagnetDAC 5.87828813868 ===>> OK
Magnet settling time: 1.049
GetData ===>> H2,-0.200287493859093,H1,151.370999491662,AX,35.4765158613886,L1,0.432214146028462,L2,0.168718648...
setting magnet DAC
current  : 5.878288
requested: 5.879323
Delta Dac: 0.001034
Checking detector protection. dv=0.00103
Checking detector "CDD". Protection Threshold: 0.1 (V)
SetMagnetDAC 5.87932262144 ===>> OK
Magnet settling time: 1.049
Get Checksum: 799532470
GetData ===>> H2,-0.0713936548041846,H1,151.693859966831,AX,35.4056216204588,L1,0.443360285448676,L2,0.30014614...
setting magnet DAC
current  : 5.879323
requested: 5.880357
Delta Dac: 0.001034
Checking detector protection. dv=0.00103
Checking detector "CDD". Protection Threshold: 0.1 (V)
SetMagnetDAC 5.8803571042 ===>> OK
Magnet settling time: 1.049
GetData ===>> H2,-0.105309780587575,H1,151.680570285749,AX,35.5259154290642,L1,0.407377889762304,L2,0.272514519...
setting magnet DAC
current  : 5.880357
requested: 5.881392
Delta Dac: 0.001034
Checking detector protection. dv=0.00103
Checking detector "CDD". Protection Threshold: 0.1 (V)
SetMagnetDAC 5.88139158696 ===>> OK
Magnet settling time: 1.049
GetData ===>> H2,-0.0972305440696332,H1,151.71054685536,AX,35.6641953706237,L1,0.438617187925964,L2,0.372363407...
setting magnet DAC
current  : 5.881392
requested: 5.882426
Delta Dac: 0.001034
Checking detector protection. dv=0.00103
Checking detector "CDD". Protection Threshold: 0.1 (V)
SetMagnetDAC 5.88242606972 ===>> OK
Magnet settling time: 1.049
Get Checksum: 799532470
GetData ===>> H2,-0.145914984433885,H1,151.179232563175,AX,35.3998664648144,L1,0.472634500387192,L2,0.282772856...
setting magnet DAC
current  : 5.882426
requested: 5.883461
Delta Dac: 0.001034
Checking detector protection. dv=0.00103
Checking detector "CDD". Protection Threshold: 0.1 (V)
SetMagnetDAC 5.88346055248 ===>> OK
Magnet settling time: 1.049
GetData ===>> H2,-0.10284631693503,H1,150.295219902141,AX,34.8754237005074,L1,0.476536157769021,L2,0.2837759528...
setting magnet DAC
current  : 5.883461
requested: 5.884495
Delta Dac: 0.001034
Checking detector protection. dv=0.00103
Checking detector "CDD". Protection Threshold: 0.1 (V)
SetMagnetDAC 5.88449503523 ===>> OK
Magnet settling time: 1.049
Get Checksum: 799532470
GetData ===>> H2,-0.0842029572169035,H1,147.434255029464,AX,33.4811023442936,L1,0.464884707062343,L2,0.11106283...
setting magnet DAC
current  : 5.884495
requested: 5.885530
Delta Dac: 0.001034
Checking detector protection. dv=0.00103
Checking detector "CDD". Protection Threshold: 0.1 (V)
SetMagnetDAC 5.88552951799 ===>> OK
Magnet settling time: 1.049
GetData ===>> H2,-0.227038476089073,H1,138.586936028957,AX,30.2274283205436,L1,0.410085585972031,L2,0.254080152...
setting magnet DAC
current  : 5.885530
requested: 5.886564
Delta Dac: 0.001034
Checking detector protection. dv=0.00103
Checking detector "CDD". Protection Threshold: 0.1 (V)
SetMagnetDAC 5.88656400075 ===>> OK
Magnet settling time: 1.049
GetData ===>> H2,-0.194068969932147,H1,102.387787734095,AX,18.6758225581221,L1,0.275142263544362,L2,0.116170171...
setting magnet DAC
current  : 5.886564
requested: 5.887598
Delta Dac: 0.001034
Checking detector protection. dv=0.00103
Checking detector "CDD". Protection Threshold: 0.1 (V)
SetMagnetDAC 5.88759848351 ===>> OK
Magnet settling time: 1.049
Get Checksum: 799532470
GetData ===>> H2,-0.161064528983229,H1,62.6383686879509,AX,10.0320210247842,L1,0.197168417888791,L2,-0.04007308...
setting magnet DAC
current  : 5.887598
requested: 5.888633
Delta Dac: 0.001034
Checking detector protection. dv=0.00103
Checking detector "CDD". Protection Threshold: 0.1 (V)
SetMagnetDAC 5.88863296627 ===>> OK
Magnet settling time: 1.049
GetData ===>> H2,-0.055189326503903,H1,29.0010914224186,AX,3.68768310798334,L1,0.107036608918367,L2,-0.01778450...
setting magnet DAC
current  : 5.888633
requested: 5.889667
Delta Dac: 0.001034
Checking detector protection. dv=0.00103
Checking detector "CDD". Protection Threshold: 0.1 (V)
SetMagnetDAC 5.88966744903 ===>> OK
Magnet settling time: 1.049
GetData ===>> H2,-0.101907842863969,H1,10.3262405155033,AX,1.13724029066086,L1,0.0618551415277396,L2,0.12627165...
setting magnet DAC
current  : 5.889667
requested: 5.890702
Delta Dac: 0.001034
Checking detector protection. dv=0.00103
Checking detector "CDD". Protection Threshold: 0.1 (V)
SetMagnetDAC 5.89070193179 ===>> OK
Magnet settling time: 1.049
Get Checksum: 799532470
GetData ===>> H2,-0.107956529809723,H1,3.02955788992054,AX,0.265553976398316,L1,-0.000956479045047606,L2,0.0749...
setting magnet DAC
current  : 5.890702
requested: 5.891736
Delta Dac: 0.001034
Checking detector protection. dv=0.00103
Checking detector "CDD". Protection Threshold: 0.1 (V)
SetMagnetDAC 5.89173641455 ===>> OK
Magnet settling time: 1.049
GetData ===>> H2,-0.113709920679945,H1,0.695260949411192,AX,0.0049076586148148,L1,-0.0348868984973336,L2,-0.050...
setting magnet DAC
current  : 5.891736
requested: 5.892771
Delta Dac: 0.001034
Checking detector protection. dv=0.00103
Checking detector "CDD". Protection Threshold: 0.1 (V)
SetMagnetDAC 5.8927708973 ===>> OK
Magnet settling time: 1.049
GetData ===>> H2,-0.193384938752043,H1,0.197556749940264,AX,-0.103249756091513,L1,-0.0184523386486039,L2,-0.004...
setting magnet DAC
current  : 5.892771
requested: 5.893805
Delta Dac: 0.001034
Checking detector protection. dv=0.00103
Checking detector "CDD". Protection Threshold: 0.1 (V)
SetMagnetDAC 5.89380538006 ===>> OK
Magnet settling time: 1.049
Get Checksum: 799532470
GetData ===>> H2,-0.35091540075395,H1,0.0214592354472078,AX,-0.103180225195415,L1,-0.0370461033436743,L2,0.0301...
result of _do_sweep=True
result of _calculate_peak_center=([5.8709296285595007, 5.8786250193410634, 5.886320410122627], [112.15752658940829, 151.75470093827877, 110.91163527849072], 5.8772121936897612, 151.75470093827877)
Failed to find a valid peak. No peak greater than 1.0. max = 0.0240410549001
new center pos Detector(H1) (Ar40) @ 5.87862501934
GetHighVoltage ===>> 4499.94659342336
GetDeflection H1 ===>> 0
dac uncorrected for HV and deflection 5.87865963822
update mftable H1 Ar40 5.87865963822 message=automated run peakcenter
get initial guess parabolic
get initial guess parabolic
get initial guess parabolic
get initial guess parabolic
get initial guess parabolic
get initial guess parabolic
dump mftable to /Users/jan/PychronDev/setupfiles/spectrometer/mftables/mftable.csv
add to repo msg=modified - automated run peakcenter
sweep finished
locally archiving mftable
setting magnet DAC
current  : 5.893805
requested: 5.878625
Delta Dac: 0.015180
Checking detector protection. dv=0.01518
Checking detector "CDD". Protection Threshold: 0.1 (V)
SetMagnetDAC 5.87862501934 ===>> OK
Magnet settling time: 0.500
setting integration time = 1.048576
SetIntegrationTime 1.048576 ===>> OK
Failed to find a valid peak. No peak greater than 1.0. max = 0.0240410549001
flush and close file /Users/jan/PychronDev/data/isotopes/2d/615821-b833-4147-a938-5c41ca9b962a.h5
finished measure script
executed 278.04
jan_co2_whiff_120_60_large.py completed successfully
Measurement Finished
02:09:54 -- ******* Measurement Finished *******
Post Measurement Started jan_pump_ms.py
02:09:54 -- ******* Post Measurement Started jan_pump_ms.py *******
testing...
no interpolation path defined
executed 0
Pumping spectrometer
open () {'name': 'O'}
opening name=O desc=---
checking ownership. requestor=129.138.12.150
check software interlocks O
interlocks []
actuate state mode=None-script, software_lock=False
doing actuation None-script open_channel True
Open O ===>> OK
GetIndicatorState O ===>> OK
change switch state (True, True)
update switch state O True args=() kw={} ncanvase=2
02:09:55 -- OPEN   VALVE-O (Jan Ion Pump)
---------------------------------------- open O () result=[(True, True)], time=0.09 sec
action=open, ok=True, locked=[False]
executed 0
jan_pump_ms.py completed successfully
setting _ms_pumptime
Post Measurement Finished
02:09:55 -- ******* Post Measurement Finished *******
$$$$$$$$$$$$$$$$$$$$ state at run end measurement
state changed from measurement to success
post measurement save measured=True aborted=False
Set filtering
setting fod for Ar40= {'filter_outliers': True, 'std_devs': 2, 'iterations': 1}
setting fod for H1= {'filter_outliers': True, 'std_devs': 2, 'iterations': 1}
setting fod for PM41= {'filter_outliers': False, 'std_devs': 2, 'iterations': 1}
setting fod for H2= {'filter_outliers': True, 'std_devs': 2, 'iterations': 1}
setting fod for Ar36= {'filter_outliers': True, 'std_devs': 2, 'iterations': 1}
setting fod for CDD= {'filter_outliers': True, 'std_devs': 10, 'iterations': 1}
setting fod for Ar37= {'filter_outliers': True, 'std_devs': 2, 'iterations': 1}
setting fod for L2= {'filter_outliers': True, 'std_devs': 2, 'iterations': 1}
setting fod for Ar38= {'filter_outliers': True, 'std_devs': 2, 'iterations': 1}
setting fod for L1= {'filter_outliers': True, 'std_devs': 2, 'iterations': 1}
setting fod for Ar39= {'filter_outliers': True, 'std_devs': 2, 'iterations': 1}
setting fod for AX= {'filter_outliers': True, 'std_devs': 2, 'iterations': 1}
persistence save...
persistence save - db
post measurement save
5850858320 connecting to database sqlite:////Users/jan/PychronDev/.appdata/local_lab.db
connected to db sqlite:////Users/jan/PychronDev/.appdata/local_lab.db
create new session 5850858320
close session 5850858320
No database instance. Not saving post measurement to isotopedb database
$$$$$$$$$$$$$$$ auto_save_detector_ic=False
massspec enabled True
create new session 5010684144
MassSpec Database Version: 16.0
close session 5010684144
saving post measurement to secondary database
saving to massspec database 129.138.12.160/massspecdata
setting labnumber to 65517
setting aliquot to 31
setting step to 
setting uuid to 2d615821-b833-4147-a938-5c41ca9b962a
setting irradpos to 65517
setting extract_device to Fusions CO2
setting tray to 
setting position to 160
setting power_requested to 5.0
setting extract_value to 5.0
setting duration to 30.0
setting duration_at_request to 30.0
setting first_stage_delay to 30.0
setting cleanup to 30.0
setting comment to F:18
setting irradiation to NM-289
setting level to F
setting irradiation_level to F
setting sample to Sierra Ladron1
setting material to DetritalSanidine
setting project to IR943
setting mass_spectrometer to Jan
no attribute chron_dosages
no attribute production_ratios
no attribute interference_corrections
no attribute production_name
no attribute j
Reference Isotope=Ar40
Reference Detector=H1
Get Checksum: 2035211824
%%%%%%%%%%%%%%%%%%%% Comment: F:18 %%%%%%%%%%%%%%%%%%%
adding isotope PM41 H2
add baseline dbdet= PM41. original det= H2
get baseline data PM41 H2
Get data baseline <pychron.processing.isotope.Baseline object at 0x15bfcc650> len t=60
baseline PM41. v=-0.199321231357, e=0.00771708533972
get signal data PM41 H2
Get data signal PM41 0.12+/-0.08 len t=120
adding isotope Ar40 H1
add baseline dbdet= Ar40. original det= H1
get baseline data Ar40 H1
Get data baseline <pychron.processing.isotope.Baseline object at 0x15bfcc890> len t=60
baseline Ar40. v=-0.0266230522235, e=0.00522941923063
get signal data Ar40 H1
Get data signal Ar40 164.683+/-0.025 len t=120
adding isotope Ar39 AX
add baseline dbdet= Ar39. original det= AX
get baseline data Ar39 AX
Get data baseline <pychron.processing.isotope.Baseline object at 0x15bfcced0> len t=60
baseline Ar39. v=-0.0802473923361, e=0.00724725388729
get signal data Ar39 AX
Get data signal Ar39 39.155+/-0.019 len t=120
adding isotope Ar38 L1
add baseline dbdet= Ar38. original det= L1
get baseline data Ar38 L1
Get data baseline <pychron.processing.isotope.Baseline object at 0x15bfcc150> len t=60
baseline Ar38. v=-0.026967022401, e=0.00264508733958
get signal data Ar38 L1
Get data signal Ar38 0.525+/-0.006 len t=120
adding isotope Ar37 L2
add baseline dbdet= Ar37. original det= L2
get baseline data Ar37 L2
Get data baseline <pychron.processing.isotope.Baseline object at 0x149f764d0> len t=60
baseline Ar37. v=-0.0317103231835, e=0.00723261630702
get signal data Ar37 L2
Get data signal Ar37 0.378+/-0.011 len t=120
adding isotope Ar36 CDD
add baseline dbdet= Ar36. original det= CDD
get baseline data Ar36 CDD
Get data baseline <pychron.processing.isotope.Baseline object at 0x149f76990> len t=60
baseline Ar36. v=5.45839842966e-05, e=1.17177571299e-05
get signal data Ar36 CDD
Get data signal Ar36 0.0155+/-0.0004 len t=120
65517-31 added analysis time 0.532934904099s
analysis added to mass spec database
mass spec save time= 0.541
persistence save - dvc
================= post measurement started
create new session 4983034992
close session 4983034992
---------------- Experiment Queue saving disabled
DVC saving peakcenter
Failed to find a valid peak. No peak greater than 1.0. max = 0.0240410549001
Smart pull ahead: 0 behind: 0
Up-to-date with origin
add to repo msg=modified - ad8224ebc6dbfeb9f5997218dfa5fe690569839d.json
add to repo msg=modified - 17-31.json
add to repo msg=modified - 17-31.dat.json
add to repo msg=modified - 17-31.blan.json
add to repo msg=modified - 17-31.inte.json
add to repo msg=modified - 17-31.icfa.json
add to repo msg=modified - 17-31.base.json
not at valid file /Users/jan/PychronDev/data/.dvc/repositories/Load1782/655/tags/17-31.tags.json
add to repo msg=modified - 17-31.peak.json
add to repo msg=modified - 17-31.extr.json
not at valid file /Users/jan/PychronDev/data/.dvc/repositories/Load1782/655/monitor/17-31.moni.json
commit message=<COLLECTION>
add to repo msg=modified - 17-31.inte.json
add to repo msg=modified - 17-31.base.json
commit message=<ISOEVO> default collection fits
Get Checksum: 2035211824
add to repo msg=modified - 17-31.blan.json
commit message=<BLANKS> preceding bc-02-J-247
add to repo msg=modified - 17-31.icfa.json
commit message=<ICFactor> default
push repository <pychron.git_archive.repo_manager.GitRepoManager object at 0x14a12a710>
pushing to remote=origin, url=https://github.com
Get Checksum: 2035211824
no changes to meta repo
create new session 4983034992
Get Checksum: 2035211824
add association Load1782
get identifier "65517"
setting analysis irradiation position=<pychron.dvc.dvc_orm.IrradiationPositionTbl object at 0x160e8a7d0>
close session 4983034992
================= post measurement finished
02:10:07 -- ******* Post Run Check *******
loading queue conditionals post_run_actions
loading system conditionals post_run_actions
loading conditionals from /Users/jan/PychronDev/setupfiles/spectrometer/default_conditionals.yaml
loading queue conditionals post_run_terminations
loading system conditionals post_run_terminations
loading conditionals from /Users/jan/PychronDev/setupfiles/spectrometer/default_conditionals.yaml
Checking default post run terminations n=1
GetDeflection CDD ===>> 50
testing CDD==2000
evaluate ot="CDD.deflection==2000" t="CDD==2000", ctx="{'CDD': 50.0}"
02:10:07 -- ******* Post Run Check Passed *******
02:10:07 -- Automated run 65517-31 success duration: 373.579 s
----------------- finish -----------------
----------------- stop -----------------
retroactive repository identifiers disabled
finish run. runs completed=60
update duration runid=65517-31, duration=373.579130888, md5=3d9034cf
loading script "jan_unknown400_120.py"
loading script "jan_pump_ms.py"
loading script "jan_sniffair_x2.py"
loading script "jan_pump_extraction_line.py"
testing...
no interpolation path defined
executed 556.052928
script duration name:unknown400_120 seconds:556.0
loading script "jan_unknown400_120.py"
loading script "jan_pump_ms.py"
loading script "jan_sniffair_x2.py"
loading script "jan_pump_extraction_line.py"
testing...
no interpolation path defined
executed 0
loading script "jan_unknown400_120.py"
loading script "jan_pump_ms.py"
loading script "jan_sniffair_x2.py"
loading script "jan_pump_extraction_line.py"
testing...
no interpolation path defined
calculate duration
testing...
no interpolation path defined
executed 0
calculate duration
testing...
no interpolation path defined
executed 0
calculate duration
testing...
no interpolation path defined
executed 32.0
calculate duration
testing...
no interpolation path defined
executed 34.0
calculate duration
testing...
no interpolation path defined
executed 4.0
calculate duration
testing...
no interpolation path defined
executed 36.0
calculate duration
testing...
no interpolation path defined
executed 34.0
calculate duration
testing...
no interpolation path defined
executed 4.0
calculate duration
testing...
no interpolation path defined
executed 36.0
calculate duration
testing...
no interpolation path defined
executed 70.0
executed 250.0
script duration name:sniffair_x2 seconds:250.0
loading script "jan_unknown400_120.py"
loading script "jan_pump_ms.py"
loading script "jan_sniffair_x2.py"
loading script "jan_pump_extraction_line.py"
testing...
no interpolation path defined
calculate duration
testing...
no interpolation path defined
executed 4.0
executed 4.0
Script duration 806.0
Run total estimated duration= 807.000
loading script "jan_co2_whiff_120_60_large.py"
loading script "jan_pump_ms.py"
loading script "jan_co2.py"
loading script "jan_pump_extraction_line.py"
testing...
no interpolation path defined
executed 266.04
script duration name:co2_whiff_120_60_large seconds:266.0
pump_ms in script context. using previous estimated duration
loading script "jan_co2_whiff_120_60_large.py"
loading script "jan_pump_ms.py"
loading script "jan_co2.py"
loading script "jan_pump_extraction_line.py"
testing...
no interpolation path defined
calculate duration
testing...
no interpolation path defined
executed 0
calculate duration
testing...
no interpolation path defined
executed 0
executed 0.0
script duration name:co2 seconds:0.0
pump_extraction_line in script context. using previous estimated duration
Script duration 266.0
Run total estimated duration= 267.000
co2_whiff_120_60_large in script context. using previous estimated duration
script duration name:co2_whiff_120_60_large seconds:266.0
co2 in script context. using previous estimated duration
script duration name:co2 seconds:0.0
Script duration 266.0
Run total estimated duration= 267.000
script duration name:co2_whiff_120_60_large seconds:266.0
script duration name:co2 seconds:0.0
Script duration 266.0
Run total estimated duration= 267.000
script duration name:co2_whiff_120_60_large seconds:266.0
script duration name:co2 seconds:0.0
Script duration 266.0
Run total estimated duration= 267.000
script duration name:co2_whiff_120_60_large seconds:266.0
script duration name:co2 seconds:0.0
Script duration 266.0
Run total estimated duration= 267.000
unknown400_120 in script context. using previous estimated duration
script duration name:unknown400_120 seconds:556.0
script duration name:co2 seconds:0.0
Script duration 556.0
Run total estimated duration= 557.000
script duration name:unknown400_120 seconds:556.0
loading script "jan_unknown400_120.py"
loading script "jan_pump_ms.py"
loading script "jan_cocktail_x1.py"
loading script "jan_pump_extraction_line.py"
testing...
no interpolation path defined
calculate duration
testing...
no interpolation path defined
executed 0
calculate duration
testing...
no interpolation path defined
executed 0
calculate duration
testing...
no interpolation path defined
executed 32.0
calculate duration
testing...
no interpolation path defined
executed 34.0
calculate duration
testing...
no interpolation path defined
executed 4.0
calculate duration
testing...
no interpolation path defined
executed 38.0
executed 108.0
script duration name:cocktail_x1 seconds:108.0
Script duration 664.0
Run total estimated duration= 665.000
loading script "jan_unknown120_60.py"
loading script "jan_pump_ms.py"
loading script "jan_cocktail_x1.py"
loading script "jan_pump_extraction_line.py"
testing...
no interpolation path defined
executed 213.652928
script duration name:unknown120_60 seconds:214.0
cocktail_x1 in script context. using previous estimated duration
script duration name:cocktail_x1 seconds:108.0
Script duration 322.0
Run total estimated duration= 323.000
loading script "jan_ic_peak_hop3.py"
loading script "jan_pump_ms.py"
loading script "jan_air_x1.py"
loading script "jan_pump_extraction_line.py"
testing...
no interpolation path defined
executed 133.8
script duration name:ic_peak_hop3 seconds:134.0
loading script "jan_ic_peak_hop3.py"
loading script "jan_pump_ms.py"
loading script "jan_air_x1.py"
loading script "jan_pump_extraction_line.py"
testing...
no interpolation path defined
calculate duration
testing...
no interpolation path defined
executed 0
calculate duration
testing...
no interpolation path defined
executed 0
calculate duration
testing...
no interpolation path defined
executed 32.0
calculate duration
testing...
no interpolation path defined
executed 34.0
calculate duration
testing...
no interpolation path defined
executed 4.0
calculate duration
testing...
no interpolation path defined
executed 36.0
executed 106.0
script duration name:air_x1 seconds:106.0
Script duration 240.0
Run total estimated duration= 241.000
script duration name:co2_whiff_120_60_large seconds:266.0
script duration name:co2 seconds:0.0
Script duration 266.0
Run total estimated duration= 267.000
script duration name:co2_whiff_120_60_large seconds:266.0
script duration name:co2 seconds:0.0
Script duration 266.0
Run total estimated duration= 267.000
script duration name:co2_whiff_120_60_large seconds:266.0
script duration name:co2 seconds:0.0
Script duration 266.0
Run total estimated duration= 267.000
script duration name:co2_whiff_120_60_large seconds:266.0
script duration name:co2 seconds:0.0
Script duration 266.0
Run total estimated duration= 267.000
script duration name:co2_whiff_120_60_large seconds:266.0
script duration name:co2 seconds:0.0
Script duration 266.0
Run total estimated duration= 267.000
script duration name:co2_whiff_120_60_large seconds:266.0
script duration name:co2 seconds:0.0
Script duration 266.0
Run total estimated duration= 267.000
script duration name:co2_whiff_120_60_large seconds:266.0
script duration name:co2 seconds:0.0
Script duration 266.0
Run total estimated duration= 267.000
script duration name:co2_whiff_120_60_large seconds:266.0
script duration name:co2 seconds:0.0
Script duration 266.0
Run total estimated duration= 267.000
script duration name:co2_whiff_120_60_large seconds:266.0
script duration name:co2 seconds:0.0
Script duration 266.0
Run total estimated duration= 267.000
script duration name:co2_whiff_120_60_large seconds:266.0
script duration name:co2 seconds:0.0
Script duration 266.0
Run total estimated duration= 267.000
script duration name:co2_whiff_120_60_large seconds:266.0
script duration name:co2 seconds:0.0
Script duration 266.0
Run total estimated duration= 267.000
script duration name:co2_whiff_120_60_large seconds:266.0
script duration name:co2 seconds:0.0
Script duration 266.0
Run total estimated duration= 267.000
script duration name:co2_whiff_120_60_large seconds:266.0
script duration name:co2 seconds:0.0
Script duration 266.0
Run total estimated duration= 267.000
script duration name:co2_whiff_120_60_large seconds:266.0
script duration name:co2 seconds:0.0
Script duration 266.0
Run total estimated duration= 267.000
script duration name:co2_whiff_120_60_large seconds:266.0
script duration name:co2 seconds:0.0
Script duration 266.0
Run total estimated duration= 267.000
script duration name:unknown400_120 seconds:556.0
script duration name:co2 seconds:0.0
Script duration 556.0
Run total estimated duration= 557.000
script duration name:unknown400_120 seconds:556.0
script duration name:cocktail_x1 seconds:108.0
Script duration 664.0
Run total estimated duration= 665.000
unknown120_60 in script context. using previous estimated duration
script duration name:unknown120_60 seconds:214.0
script duration name:cocktail_x1 seconds:108.0
Script duration 322.0
Run total estimated duration= 323.000
ic_peak_hop3 in script context. using previous estimated duration
script duration name:ic_peak_hop3 seconds:134.0
air_x1 in script context. using previous estimated duration
script duration name:air_x1 seconds:106.0
Script duration 240.0
Run total estimated duration= 241.000
script duration name:unknown400_120 seconds:556.0
sniffair_x2 in script context. using previous estimated duration
script duration name:sniffair_x2 seconds:250.0
Script duration 806.0
Run total estimated duration= 807.000
script duration name:co2_whiff_120_60_large seconds:266.0
script duration name:co2 seconds:0.0
Script duration 266.0
Run total estimated duration= 267.000
script duration name:co2_whiff_120_60_large seconds:266.0
script duration name:co2 seconds:0.0
Script duration 266.0
Run total estimated duration= 267.000
script duration name:co2_whiff_120_60_large seconds:266.0
script duration name:co2 seconds:0.0
Script duration 266.0
Run total estimated duration= 267.000
script duration name:co2_whiff_120_60_large seconds:266.0
script duration name:co2 seconds:0.0
Script duration 266.0
Run total estimated duration= 267.000
script duration name:co2_whiff_120_60_large seconds:266.0
script duration name:co2 seconds:0.0
Script duration 266.0
Run total estimated duration= 267.000
script duration name:co2_whiff_120_60_large seconds:266.0
script duration name:co2 seconds:0.0
Script duration 266.0
Run total estimated duration= 267.000
script duration name:co2_whiff_120_60_large seconds:266.0
script duration name:co2 seconds:0.0
Script duration 266.0
Run total estimated duration= 267.000
script duration name:co2_whiff_120_60_large seconds:266.0
script duration name:co2 seconds:0.0
Script duration 266.0
Run total estimated duration= 267.000
script duration name:co2_whiff_120_60_large seconds:266.0
script duration name:co2 seconds:0.0
Script duration 266.0
Run total estimated duration= 267.000
script duration name:co2_whiff_120_60_large seconds:266.0
script duration name:co2 seconds:0.0
Script duration 266.0
Run total estimated duration= 267.000
script duration name:co2_whiff_120_60_large seconds:266.0
script duration name:co2 seconds:0.0
Script duration 266.0
Run total estimated duration= 267.000
script duration name:co2_whiff_120_60_large seconds:266.0
script duration name:co2 seconds:0.0
Script duration 266.0
Run total estimated duration= 267.000
script duration name:co2_whiff_120_60_large seconds:266.0
script duration name:co2 seconds:0.0
Script duration 266.0
Run total estimated duration= 267.000
script duration name:co2_whiff_120_60_large seconds:266.0
script duration name:co2 seconds:0.0
Script duration 266.0
Run total estimated duration= 267.000
script duration name:co2_whiff_120_60_large seconds:266.0
script duration name:co2 seconds:0.0
Script duration 266.0
Run total estimated duration= 267.000
script duration name:unknown400_120 seconds:556.0
script duration name:co2 seconds:0.0
Script duration 556.0
Run total estimated duration= 557.000
script duration name:unknown400_120 seconds:556.0
script duration name:cocktail_x1 seconds:108.0
Script duration 664.0
Run total estimated duration= 665.000
script duration name:unknown120_60 seconds:214.0
script duration name:cocktail_x1 seconds:108.0
Script duration 322.0
Run total estimated duration= 323.000
script duration name:ic_peak_hop3 seconds:134.0
script duration name:air_x1 seconds:106.0
Script duration 240.0
Run total estimated duration= 241.000
script duration name:co2_whiff_120_60_large seconds:266.0
script duration name:co2 seconds:0.0
Script duration 266.0
Run total estimated duration= 267.000
script duration name:co2_whiff_120_60_large seconds:266.0
script duration name:co2 seconds:0.0
Script duration 266.0
Run total estimated duration= 267.000
script duration name:co2_whiff_120_60_large seconds:266.0
script duration name:co2 seconds:0.0
Script duration 266.0
Run total estimated duration= 267.000
script duration name:co2_whiff_120_60_large seconds:266.0
script duration name:co2 seconds:0.0
Script duration 266.0
Run total estimated duration= 267.000
script duration name:co2_whiff_120_60_large seconds:266.0
script duration name:co2 seconds:0.0
Script duration 266.0
Run total estimated duration= 267.000
script duration name:unknown400_120 seconds:556.0
script duration name:sniffair_x2 seconds:250.0
Script duration 806.0
Run total estimated duration= 807.000
script duration name:co2_whiff_120_60_large seconds:266.0
script duration name:co2 seconds:0.0
Script duration 266.0
Run total estimated duration= 267.000
script duration name:co2_whiff_120_60_large seconds:266.0
script duration name:co2 seconds:0.0
Script duration 266.0
Run total estimated duration= 267.000
nruns=57 before=5.0, run_dur=18993.0, btw=1680.0
write rem/ex queues
/Users/jan/PychronDev/experiments/rem/CurrentExperiment.rem.txt
/Users/jan/PychronDev/experiments/rem/CurrentExperiment.ex.txt
doing event level: 3
