do run
loading script "jan_co2_whiff_120_60_large.py"
loading script "jan_pump_ms.py"
loading script "jan_co2.py"
loading script "jan_pump_extraction_line.py"
testing...
no interpolation path defined
executed 266.04
script duration name:co2_whiff_120_60_large seconds:266.0
loading script "jan_co2_whiff_120_60_large.py"
loading script "jan_pump_ms.py"
loading script "jan_co2.py"
loading script "jan_pump_extraction_line.py"
testing...
no interpolation path defined
executed 0
loading script "jan_co2_whiff_120_60_large.py"
loading script "jan_pump_ms.py"
loading script "jan_co2.py"
loading script "jan_pump_extraction_line.py"
testing...
no interpolation path defined
calculate duration
testing...
no interpolation path defined
executed 0
calculate duration
testing...
no interpolation path defined
executed 0
executed 0.0
script duration name:co2 seconds:0.0
loading script "jan_co2_whiff_120_60_large.py"
loading script "jan_pump_ms.py"
loading script "jan_co2.py"
loading script "jan_pump_extraction_line.py"
testing...
no interpolation path defined
calculate duration
testing...
no interpolation path defined
executed 4.0
executed 4.0
Script duration 266.0
Run total estimated duration= 267.000
run duration: 0:04:27
doing event level: 2
02:37:49 -- Setting default integration. t=1.048576
setting integration time = 1.048576
SetIntegrationTime 1.048576 ===>> OK
----------------- start -----------------
**************** Experiment Type: Ar/Ar, Ar/Ar
create new session 4985261232
close session 4985261232
$$$$$ Clearing conditionals
adding conditionals detrital
extract conditionals from file. /Users/jan/PychronDev/scripts/conditionals/detrital.yaml
no attr for this modification cd={'extraction_str': '', 'attr': '', 'mapper': '', 'use_termination': False, 'start_count': 0, 'nskip': 0, 'window': 0, 'frequency': 1, 'teststr': '', 'action': 'Skip Next Run', 'ntrips': 1, 'use_truncation': False}
no attr for this cancelation cd={'mapper': '', 'window': 0, 'frequency': 1, 'attr': '', 'teststr': '', 'start_count': 0, 'ntrips': 1}
adding truncation attr="age" test="age>100.0" start="60"
adding truncation attr="Ar39" test="Ar39<0.5" start="60"
no attr for this termination cd={'mapper': '', 'window': 0, 'frequency': 1, 'attr': '', 'teststr': '', 'start_count': 0, 'ntrips': 1}
Invalid conditional kind="pre_run_terminations"
no attr for this action cd={'mapper': '', 'attr': '', 'start_count': 0, 'window': 0, 'frequency': 1, 'teststr': '', 'action': None, 'ntrips': 1}
Invalid conditional kind="post_run_terminations"
Add queue conditionals
add default conditionals
adding default conditionals from /Users/jan/PychronDev/setupfiles/spectrometer/default_conditionals.yaml
Start automated run 65517-34
loading script "jan_co2_whiff_120_60_large.py"
loading script "jan_pump_ms.py"
loading script "jan_co2.py"
loading script "jan_pump_extraction_line.py"
%%%%%%%%%%%%%%%%%% setting automated run 65517-34
No value "sensitivity_multiplier" in metadata
$$$$$$$$$$$$$$$ auto_save_detector_ic=False
============================= Pre Extraction Check =============================
loading queue conditionals pre_run_terminations
loading system conditionals pre_run_terminations
loading conditionals from /Users/jan/PychronDev/setupfiles/spectrometer/default_conditionals.yaml
02:37:49 -- ******* Pre Extraction Check *******
Get a measurement from the spectrometer
GetData ===>> H2,-0.11787788345171,H1,-0.00275805066991526,AX,-0.0456495600157319,L1,-0.0238943866029517,L2,-0....
Pre Extraction Termination data. keys=H2,H1,AX,L1,L2,CDD, signals=-0.11788,-0.00276,-0.04565,-0.02389,-0.07892,0.00447
02:37:49 -- testing system defined conditionals
Checking default pre extraction terminations n=2
testing CDD
evaluate ot="CDD.inactive" t="CDD", ctx="{'CDD': False}"
GetDeflection CDD ===>> 50
testing CDD==2000
evaluate ot="CDD.deflection==2000" t="CDD==2000", ctx="{'CDD': 50.0}"
02:37:49 -- ******* Pre Extraction Check Passed *******
=================================================================================
02:37:49 -- stopping status monitor
stop 4976082864
Alive clients [4983386864]
02:37:49 -- starting status monitor
start 4976082864
Monitor already running
start extraction
do extraction
Analysis started at 02:37:49.176616
Extraction Started jan_co2.py
02:37:49 -- ******* Extraction Started jan_co2.py *******
state changed from not run to extraction
DO EXTRACTION <pychron.extraction_line.pyscript_runner.RemotePyScriptRunner object at 0x12bb183b0>
testing...
no interpolation path defined
calculate duration
testing...
no interpolation path defined
executed 0
calculate duration
testing...
no interpolation path defined
executed 0
executed 100.0
Jan CO2 laser analysis
doing GOSUB
testing...
no interpolation path defined
executed 0
Waiting for CO2 access
wait ('FelixCO2Flag', 0) {}
waiting for FelixCO2Flag = 0
Read FelixCO2Flag ===>> 0
finished waiting
CO2 free
wait ('CO2PumpTimeFlag', 0) {}
waiting for CO2PumpTimeFlag = 0
Read CO2PumpTimeFlag ===>> 0
finished waiting
acquire ('JanCO2Flag',) {'clear': True}
acquire JanCO2Flag
Set JanCO2Flag 1 ===>> OK
JanCO2Flag acquired
set extraction state False (0.75, 'red', 1.5)
CO2 acquired
executed 0
WaitForCO2Access.py completed successfully
gosub finished
doing GOSUB
testing...
no interpolation path defined
executed 0
Prepare for CO2 analysis
close () {'description': 'Jan Inlet'}
closing name=--- desc=Jan Inlet
checking ownership. requestor=129.138.12.150
check software interlocks R
interlocks []
actuate state mode=None-script, software_lock=False
doing actuation None-script close_channel False
Close R ===>> OK
GetIndicatorState R ===>> False
change switch state (True, True)
update switch state R False args=() kw={} ncanvase=2
02:37:49 -- CLOSE  VALVE-R (Jan Inlet)
---------------------------------------- close None (Jan Inlet) result=[(True, True)]
action=close, ok=True, locked=[False]
open () {'description': 'Jan Ion Pump'}
opening name=--- desc=Jan Ion Pump
checking ownership. requestor=129.138.12.150
check software interlocks O
interlocks []
actuate state mode=None-script, software_lock=False
doing actuation None-script open_channel False
Open O ===>> OK
GetIndicatorState O ===>> OK
change switch state (True, True)
update switch state O True args=() kw={} ncanvase=2
02:37:49 -- OPEN   VALVE-O (Jan Ion Pump)
---------------------------------------- open None (Jan Ion Pump) result=[(True, True)], time=0.11 sec
action=open, ok=True, locked=[False]
close () {'description': 'Microbone to Minibone'}
closing name=--- desc=Microbone to Minibone
checking ownership. requestor=129.138.12.150
check software interlocks L
interlocks []
actuate state mode=None-script, software_lock=False
doing actuation None-script close_channel False
Close L ===>> OK
GetIndicatorState L ===>> False
change switch state (True, True)
update switch state L False args=() kw={} ncanvase=2
02:37:50 -- CLOSE  VALVE-L (Microbone to Minibone)
---------------------------------------- close None (Microbone to Minibone) result=[(True, True)]
Get Checksum: 2035439760
action=close, ok=True, locked=[False]
open () {'description': 'Microbone to Turbo'}
opening name=--- desc=Microbone to Turbo
checking ownership. requestor=129.138.12.150
check software interlocks U
interlocks []
actuate state mode=None-script, software_lock=False
doing actuation None-script open_channel False
Open U ===>> OK
GetIndicatorState U ===>> OK
change switch state (True, True)
update switch state U True args=() kw={} ncanvase=2
02:37:51 -- OPEN   VALVE-U (Microbone to Turbo)
---------------------------------------- open None (Microbone to Turbo) result=[(True, True)], time=0.14 sec
action=open, ok=True, locked=[False]
open () {'description': 'Microbone to Inlet Pipette'}
opening name=--- desc=Microbone to Inlet Pipette
checking ownership. requestor=129.138.12.150
check software interlocks S
interlocks []
actuate state mode=None-script, software_lock=False
doing actuation None-script open_channel False
Open S ===>> OK
GetIndicatorState S ===>> OK
change switch state (True, True)
update switch state S True args=() kw={} ncanvase=2
02:37:51 -- OPEN   VALVE-S (Microbone to Inlet Pipette)
---------------------------------------- open None (Microbone to Inlet Pipette) result=[(True, True)], time=0.40 sec
action=open, ok=True, locked=[False]
open () {'description': 'Microbone to Getter D-50'}
opening name=--- desc=Microbone to Getter D-50
checking ownership. requestor=129.138.12.150
check software interlocks K
interlocks []
actuate state mode=None-script, software_lock=False
doing actuation None-script open_channel False
Open K ===>> OK
GetIndicatorState K ===>> OK
change switch state (True, True)
update switch state K True args=() kw={} ncanvase=2
02:37:52 -- OPEN   VALVE-K (Microbone to Getter D-50)
---------------------------------------- open None (Microbone to Getter D-50) result=[(True, True)], time=0.41 sec
action=open, ok=True, locked=[False]
open () {'description': 'Microbone to Getter NP-10'}
opening name=--- desc=Microbone to Getter NP-10
checking ownership. requestor=129.138.12.150
check software interlocks M
interlocks []
actuate state mode=None-script, software_lock=False
doing actuation None-script open_channel False
Open M ===>> OK
GetIndicatorState M ===>> OK
change switch state (True, True)
update switch state M True args=() kw={} ncanvase=2
02:37:52 -- OPEN   VALVE-M (Microbone to Getter NP-10)
---------------------------------------- open None (Microbone to Getter NP-10) result=[(True, True)], time=0.16 sec
action=open, ok=True, locked=[False]
close () {'description': 'CO2 Laser to Felix'}
closing name=--- desc=CO2 Laser to Felix
checking ownership. requestor=129.138.12.150
check software interlocks F
interlocks []
actuate state mode=None-script, software_lock=True
VALVE-F(CO2 Laser to Felix) software locked
change switch state (True, False)
---------------------------------------- close None (CO2 Laser to Felix) result=[(True, False)]
action=close, ok=True, locked=[True]
open () {'description': 'CO2 Laser to Jan'}
opening name=--- desc=CO2 Laser to Jan
checking ownership. requestor=129.138.12.150
check software interlocks A
interlocks []
actuate state mode=None-script, software_lock=False
doing actuation None-script open_channel False
Open A ===>> OK
GetIndicatorState A ===>> OK
change switch state (True, True)
update switch state A True args=() kw={} ncanvase=2
02:37:53 -- OPEN   VALVE-A (CO2 Laser to Jan)
---------------------------------------- open None (CO2 Laser to Jan) result=[(True, True)], time=0.13 sec
action=open, ok=True, locked=[False]
open () {'description': 'Microbone to CO2 Laser'}
opening name=--- desc=Microbone to CO2 Laser
checking ownership. requestor=129.138.12.150
check software interlocks T
interlocks []
actuate state mode=None-script, software_lock=False
doing actuation None-script open_channel False
Open T ===>> OK
GetIndicatorState T ===>> OK
change switch state (True, True)
update switch state T True args=() kw={} ncanvase=2
02:37:53 -- OPEN   VALVE-T (Microbone to CO2 Laser)
---------------------------------------- open None (Microbone to CO2 Laser) result=[(True, True)], time=0.43 sec
Get Checksum: 2035439760
action=open, ok=True, locked=[False]
executed 0
PrepareForCO2Analysis.py completed successfully
gosub finished
set_motor ('beam', '1.25') {}
setting motor "beam" to 1.25
set motor beam to 1.25
SetMotor beam,1.25 ===>> OK
GetMotorMoving beam ===>> False
GetMotorMoving beam ===>> False
Block completed
move_to_position ('163',) {'autocenter': True}
FusionsCO2 move to position 163
sending GoToHole 163,True
GoToHole 163,True ===>> OK
GetDriveMoving ===>> OK
GetDriveMoving ===>> OK
GetDriveMoving ===>> OK
GetDriveMoving ===>> False
Get Checksum: 2035439760
GetDriveMoving ===>> False
Block completed
GetAutoCorrecting ===>> OK
GetAutoCorrecting ===>> OK
GetAutoCorrecting ===>> OK
GetAutoCorrecting ===>> False
GetAutoCorrecting ===>> False
Block completed
update position
GetPosition ===>> 3.98780,-5.98170,1.00000
got position (3.9878, -5.9817, 1.0)
move to position succeeded
sleep (5,) {}
SLEEP 5.0
block started
WaitControl setup for 5.0  
Get Checksum: 2035439760
Get Checksum: 2035439760
Join finished
block finished. duration 5.01313710213
close () {'description': 'Microbone to Turbo'}
closing name=--- desc=Microbone to Turbo
checking ownership. requestor=129.138.12.150
check software interlocks U
interlocks []
actuate state mode=None-script, software_lock=False
doing actuation None-script close_channel True
Close U ===>> OK
GetIndicatorState U ===>> False
change switch state (True, True)
update switch state U False args=() kw={} ncanvase=2
02:38:04 -- CLOSE  VALVE-U (Microbone to Turbo)
---------------------------------------- close None (Microbone to Turbo) result=[(True, True)]
action=close, ok=True, locked=[False]
enable laser
enable () {}
set extraction state FusionsCO2 Enabled (False, 'red', 1.5)
enabling laser
Enable ===>> OK
begin interval
BEGIN INTERVAL Interval 1 waiting for 30.0
block started
set extract to 5.0
WaitControl setup for 30.0  
extract (5.0,) {}
GetPosition ===>> 3.98780,-5.98170,1.00000
set extraction state FusionsCO2 ON! 5.0(watts) (0.75, 'red', 1.5)
extract sample to 5.0 (watts)
set laser output
SetLaserOutput 5.0,watts ===>> OK
executing pattern triangle.lp
execute_pattern ('triangle.lp',) {}
executing pattern triangle.lp
Get Checksum: -1640178555
IsPatterning ===>> OK
IsPatterning ===>> OK
Get Checksum: -1640178555
IsPatterning ===>> OK
IsPatterning ===>> OK
IsPatterning ===>> OK
Get Checksum: -1640178555
IsPatterning ===>> OK
IsPatterning ===>> OK
IsPatterning ===>> OK
Get Checksum: -1640178555
IsPatterning ===>> OK
IsPatterning ===>> OK
IsPatterning ===>> OK
Get Checksum: -1640178555
IsPatterning ===>> OK
IsPatterning ===>> OK
IsPatterning ===>> OK
Get Checksum: -1640178555
IsPatterning ===>> OK
IsPatterning ===>> OK
IsPatterning ===>> OK
Get Checksum: -1640178555
IsPatterning ===>> OK
IsPatterning ===>> OK
IsPatterning ===>> OK
Get Checksum: -1640178555
IsPatterning ===>> OK
IsPatterning ===>> OK
IsPatterning ===>> OK
Get Checksum: -1640178555
IsPatterning ===>> OK
IsPatterning ===>> OK
IsPatterning ===>> OK
Get Checksum: -1640178555
IsPatterning ===>> OK
IsPatterning ===>> OK
Join finished
block finished. duration 30.0544559956
Interval 1 finished
IsPatterning ===>> OK
Get Checksum: -1640178555
IsPatterning ===>> False
IsPatterning ===>> False
Block completed
COMPLETE INTERVAL waiting for Interval 1 to complete
end_extract () {}
ending extraction. set laser power to 0
set laser power 0
SetLaserPower 0 ===>> OK
disable () {}
%%%%%%%%%%%%%%%%%%%%%%%%%%%%%%%%%%% disable
set extraction state False (0.75, 'red', 1.5)
disabling laser
Disable ===>> OK
sleep (30.0,) {}
SLEEP 30.0
block started
WaitControl setup for 30.0  
Get Checksum: -1640178555
Get Checksum: -1640178555
Get Checksum: -1640178555
Get Checksum: -1640178555
Get Checksum: -1640178555
Get Checksum: -1640178555
Get Checksum: -1640178555
Get Checksum: -1640178555
Get Checksum: -1640178555
Join finished
block finished. duration 30.0515239239
executed 165.0
jan_co2.py completed successfully
GetAchievedOutput ===>> No Response
Requested Output= 0.000
Achieved Output=  0.000
GetResponseBlob ===>> No Response
GetOutputBlob ===>> No Response
persistence save...
persistence save - db
AutomatedRunPersister post_extraction_save deprecated
persistence save - dvc
no extraction position for 163
create new session 4983034992
close session 4983034992
Extraction Finished
02:39:08 -- ******* Extraction Finished *******
no overlap. not waiting for min ms pumptime
02:39:08 -- Sending spectrometer configuration
======== Sending configuration ========
Get Checksum: -1640178555
SetDeflection CDD,50.0 ===>> OK
SetDeflection H2,0.0 ===>> OK
SetDeflection H1,0.0 ===>> OK
SetDeflection L2,825.0 ===>> OK
SetDeflection L1,400.0 ===>> OK
SetDeflection AX,190.0 ===>> OK
SetZFocus 74.64 ===>> OK
SetZSymmetry -50.72 ===>> OK
SetExtractionLens 26.13 ===>> OK
SetIonRepeller -3.81 ===>> OK
SetElectronEnergy 75.08 ===>> OK
SetYSymmetry -2.81 ===>> OK
SetIonCounterVoltage 1590.0 ===>> OK
send trap current 200.0
GetParameter Trap Current Readback ===>> 198.258926936459
SetParameter Trap Current Set,200.0 ===>> OK
updating mftable name mftable
Using mftable located at /Users/jan/PychronDev/setupfiles/spectrometer/mftables/mftable.csv
============ MFtable ===========
Isotope  H2     H1     AX     L1     L2     CDD    
Ar40     5.7767 5.8788 5.9921 6.1166 6.2305 6.3449
Ar39     5.6760 5.7710 5.8845 6.0027 6.1156 6.2313
Ar36     5.3535 5.4401 5.5479 5.6616 5.7706 5.8825
================================
get initial guess parabolic
get initial guess parabolic
get initial guess parabolic
get initial guess parabolic
get initial guess parabolic
get initial guess parabolic
======== Configuration Finished ========
GetYSymmetry ===>> -2.81
GetZSymmetry ===>> -50.72
GetParameter Trap Current Readback ===>> 197.140084233657
GetHighVoltage ===>> 4499.94659342336
start measurement
do measurement
L#=65517 analysis type=unknown
Measurement Started jan_co2_whiff_120_60_large.py
02:39:08 -- ******* Measurement Started jan_co2_whiff_120_60_large.py *******
state changed from extraction to measurement
setting spec, defl, and gains
GetExtractionLens ===>> 26.13
GetYSymmetry ===>> -2.81
GetZSymmetry ===>> -50.72
GetZFocus ===>> 74.64
GetDeflection H2 ===>> 0
GetDeflection H1 ===>> 0
GetDeflection AX ===>> 190
GetDeflection L1 ===>> 400
GetDeflection L2 ===>> 825
GetDeflection CDD ===>> 50
GetGain H2 ===>> 0.0113
GetGain H1 ===>> 0.1
GetGain AX ===>> 0.097049
GetGain L1 ===>> 0.010355
GetGain L2 ===>> 0.095649
GetGain CDD ===>> 0
pre measurement save
New frame /Users/jan/PychronDev/data/isotopes/75/5149cd-ab1b-4525-91a8-824baac710ba.h5
flush and close file /Users/jan/PychronDev/data/isotopes/75/5149cd-ab1b-4525-91a8-824baac710ba.h5
testing...
no interpolation path defined
executed 266.04
co2 whiff measurement script
activate_detectors ('H2', 'H1', 'AX', 'L1', 'L2', 'CDD') {}
activate detectors
*************** Set Analysis View Ar/Ar
create graphs
clearing graphs
clear isotope group
setting isotope det=H2, iso=PM41
setting isotope det=H1, iso=Ar40
setting isotope det=AX, iso=Ar39
setting isotope det=L1, iso=Ar38
setting isotope det=L2, iso=Ar37
setting isotope det=CDD, iso=Ar36
setting previous blanks
 - setting Ar40 blank 0.282+/-0.007
 - setting Ar36 blank 0.00465+/-0.00019
 - setting Ar37 blank 0.041+/-0.005
 - setting Ar38 blank 0.0063+/-0.0023
 - setting PM41 blank 0.03+/-0.07
 - setting Ar39 blank 0.041+/-0.009
load analysis view
position_magnet ('Ar40',) {'detector': 'H1'}
detector Detector(H1)
POSITION Ar40 H1
setting detector H2 to PM41 (40.9624)
setting detector H1 to Ar40 (39.9624)
setting detector AX to Ar39 (38.9624)
setting detector L1 to Ar38 (37.9624)
setting detector L2 to Ar37 (36.9624)
setting detector CDD to Ar36 (35.9624)
Mapping mass to dac mass func: "parabolic"
H1 map mass coeffs = [-0.00063987  0.15840543  0.57038999]
H1 map mass to dac 39.9624 >> 5.87878
GetDeflection H1 ===>> 0
GetHighVoltage ===>> 4499.94659342336
positioning Ar40 (5.87874538042) on H1
setting magnet DAC
current  : 5.878745
requested: 5.878745
Delta Dac: 0.000000
Checking detector protection. dv=0.00000
Checking detector "CDD". Protection Threshold: 0.1 (V)
SetMagnetDAC 5.87874538042 ===>> OK
Magnet settling time: 0.500
close ('S',) {}
closing name=S desc=---
checking ownership. requestor=129.138.12.150
check software interlocks S
interlocks []
actuate state mode=None-script, software_lock=False
doing actuation None-script close_channel True
Close S ===>> OK
GetIndicatorState S ===>> False
change switch state (True, True)
update switch state S False args=() kw={} ncanvase=2
02:39:10 -- CLOSE  VALVE-S (Microbone to Inlet Pipette)
---------------------------------------- close S () result=[(True, True)]
action=close, ok=True, locked=[False]
equilibrate () {'do_post_equilibration': False, 'inlet': 'R', 'outlet': 'O', 'eqtime': 4}
Equilibration Started
02:39:10 -- ******* Equilibration Started *******
checking ownership. requestor=129.138.12.150
check software interlocks O
interlocks []
actuate state mode=None-script, software_lock=False
doing actuation None-script close_channel True
Close O ===>> OK
GetIndicatorState O ===>> False
change switch state (True, True)
update switch state O False args=() kw={} ncanvase=2
02:39:10 -- CLOSE  VALVE-O (Jan Ion Pump)
waiting 3s before opening inlet value ('R',)
Get Checksum: 1680446728
checking ownership. requestor=129.138.12.150
check software interlocks R
interlocks []
actuate state mode=None-script, software_lock=False
doing actuation None-script open_channel True
Open R ===>> OK
GetIndicatorState R ===>> OK
change switch state (True, True)
update switch state R True args=() kw={} ncanvase=2
02:39:14 -- OPEN   VALVE-R (Jan Inlet)
equilibrating for 4sec
set_time_zero (0,) {}
sniff (4,) {}
py_sniff
build tables- sniff [Detector(H2), Detector(H1), Detector(AX), Detector(L1), Detector(L2), Detector(CDD)]
add group /sniff/PM41 (Group) '' table H2
add group /sniff/Ar40 (Group) '' table H1
add group /sniff/Ar39 (Group) '' table AX
add group /sniff/Ar38 (Group) '' table L1
add group /sniff/Ar37 (Group) '' table L2
add group /sniff/Ar36 (Group) '' table CDD
flush and close file /Users/jan/PychronDev/data/isotopes/75/5149cd-ab1b-4525-91a8-824baac710ba.h5
measuring sniff. ncounts=4
Get Checksum: 529246153
starting measurement
GetData ===>> H2,-0.228692720123911,H1,0.0521269636628354,AX,0.0989709885592023,L1,-0.00669706265499553,L2,-0.0...
GetData ===>> H2,5.05688400221271,H1,10.5356336375313,AX,7.13990693417445,L1,0.655001468478075,L2,1.50194026311...
GetData ===>> H2,4.35204106672614,H1,14.2260740199999,AX,4.00311418009401,L1,0.961356047425705,L2,0.49933168201...
Get Checksum: 529246153
GetData ===>> H2,1.31099595146044,H1,13.4874075854979,AX,2.06326368638234,L1,0.672094535942375,L2,0.19794753719...
Equilibration Finished
02:39:18 -- ******* Equilibration Finished *******
checking ownership. requestor=129.138.12.150
check software interlocks R
interlocks []
actuate state mode=None-script, software_lock=False
doing actuation None-script close_channel True
measurement finished
estimated time: 4.194 actual time: :4.255
flush and close file /Users/jan/PychronDev/data/isotopes/75/5149cd-ab1b-4525-91a8-824baac710ba.h5
set_fits () {}
Close R ===>> OK
using default fits file=/Users/jan/PychronDev/scripts/measurement/fits/nominal_linear.yaml
set "Ar40" to "('Linear', 'SEM')"
No fit for "PM41". defaulting to linear. check the measurement script "jan_co2_whiff_120_60_large.py"
set "PM41" to "linear"
set "Ar36" to "('Linear', 'SEM')"
set "Ar37" to "('linear', 'SEM')"
set "Ar38" to "('linear', 'SEM')"
set "Ar39" to "('Linear', 'SEM')"
set_baseline_fits () {}
using default fits file=/Users/jan/PychronDev/scripts/measurement/fits/nominal_linear.yaml
set "H1" to "('average', 'SEM')"
set "H2" to "('average', 'SEM')"
set "CDD" to "('average', 'SEM')"
set "L2" to "('average', 'SEM')"
set "L1" to "('average', 'SEM')"
set "AX" to "('average', 'SEM')"
whiff () {'ncounts': 1, 'conditionals': [{'action': 'run_remainder', 'attr': 'Ar40', 'teststr': 'Ar40.cur<=175'}, {'action': 'run_pipette', 'attr': 'Ar40', 'teststr': 'Ar40.cur>500'}, {'action': 'run_chamber_split', 'attr': 'Ar40', 'teststr': 'Ar40.cur>=300'}, {'action': 'pump', 'attr': 'Ar40', 'teststr': 'Ar40.cur>175'}]}
build tables- whiff [Detector(H2), Detector(H1), Detector(AX), Detector(L1), Detector(L2), Detector(CDD)]
add group /whiff/PM41 (Group) '' table H2
add group /whiff/Ar40 (Group) '' table H1
add group /whiff/Ar39 (Group) '' table AX
add group /whiff/Ar38 (Group) '' table L1
add group /whiff/Ar37 (Group) '' table L2
add group /whiff/Ar36 (Group) '' table CDD
flush and close file /Users/jan/PychronDev/data/isotopes/75/5149cd-ab1b-4525-91a8-824baac710ba.h5
measuring whiff. ncounts=1
GetIndicatorState R ===>> False
change switch state (True, True)
update switch state R False args=() kw={} ncanvase=2
02:39:19 -- CLOSE  VALVE-R (Jan Inlet)
starting measurement
GetData ===>> H2,0.407547924115803,H1,12.8785285145599,AX,1.39111385245273,L1,0.211172655116368,L2,0.0861456493...
Get Checksum: 1680446728
testing Ar40<=175
evaluate ot="Ar40.cur<=175" t="Ar40<=175", ctx="{'Ar40': 12.8785285145599}"
condition Ar40<=175 is true trips=1/1
02:39:20 -- Conditional tripped: Ar40.cur<=175 condition Ar40<=175 is True
measurement finished
estimated time: 1.049 actual time: :1.108
flush and close file /Users/jan/PychronDev/data/isotopes/75/5149cd-ab1b-4525-91a8-824baac710ba.h5
WHIFF Result=run_remainder
Whiff result=run_remainder
open ('R',) {}
opening name=R desc=---
checking ownership. requestor=129.138.12.150
check software interlocks R
interlocks []
actuate state mode=None-script, software_lock=False
doing actuation None-script open_channel True
Open R ===>> OK
GetIndicatorState R ===>> OK
change switch state (True, True)
update switch state R True args=() kw={} ncanvase=2
02:39:21 -- OPEN   VALVE-R (Jan Inlet)
---------------------------------------- open R () result=[(True, True)], time=0.40 sec
action=open, ok=True, locked=[False]
open ('S',) {}
opening name=S desc=---
checking ownership. requestor=129.138.12.150
check software interlocks S
interlocks []
actuate state mode=None-script, software_lock=False
doing actuation None-script open_channel True
Open S ===>> OK
GetIndicatorState S ===>> OK
change switch state (True, True)
update switch state S True args=() kw={} ncanvase=2
02:39:22 -- OPEN   VALVE-S (Microbone to Inlet Pipette)
---------------------------------------- open S () result=[(True, True)], time=0.52 sec
action=open, ok=True, locked=[False]
sleep (12.0,) {}
SLEEP 12.0
block started
WaitControl setup for 12.0  
Get Checksum: -173909521
Get Checksum: -173909521
Get Checksum: -173909521
Get Checksum: -173909521
Join finished
block finished. duration 12.0221869946
close ('R',) {}
closing name=R desc=---
checking ownership. requestor=129.138.12.150
check software interlocks R
interlocks []
actuate state mode=None-script, software_lock=False
doing actuation None-script close_channel True
Close R ===>> OK
GetIndicatorState R ===>> False
change switch state (True, True)
update switch state R False args=() kw={} ncanvase=2
02:39:35 -- CLOSE  VALVE-R (Jan Inlet)
---------------------------------------- close R () result=[(True, True)]
action=close, ok=True, locked=[False]
post_equilibration () {}
multicollect () {'integration_time': 1, 'ncounts': 120.0}
Post Equilibration Started jan_pump_extraction_line.py
build tables- signal [Detector(H2), Detector(H1), Detector(AX), Detector(L1), Detector(L2), Detector(CDD)]
02:39:35 -- ******* Post Equilibration Started jan_pump_extraction_line.py *******
add group /signal/PM41 (Group) '' table H2
testing...
add group /signal/Ar40 (Group) '' table H1
no interpolation path defined
add group /signal/Ar39 (Group) '' table AX
add group /signal/Ar38 (Group) '' table L1
calculate duration
add group /signal/Ar37 (Group) '' table L2
testing...
add group /signal/Ar36 (Group) '' table CDD
no interpolation path defined
flush and close file /Users/jan/PychronDev/data/isotopes/75/5149cd-ab1b-4525-91a8-824baac710ba.h5
executed 4.0
measuring signal. ncounts=120.0
executed 4.0
Pump after analysis
doing GOSUB
testing...
no interpolation path defined
executed 4.0
Pump Microbone
close () {'description': 'Jan Inlet'}
closing name=--- desc=Jan Inlet
checking ownership. requestor=129.138.12.150
check software interlocks R
interlocks []
actuate state mode=None-script, software_lock=False
doing actuation None-script close_channel False
Close R ===>> OK
GetIndicatorState R ===>> False
change switch state (True, True)
update switch state R False args=() kw={} ncanvase=2
02:39:35 -- CLOSE  VALVE-R (Jan Inlet)
---------------------------------------- close None (Jan Inlet) result=[(True, True)]
starting measurement
GetData ===>> H2,0.141445462642876,H1,352.303013753036,AX,29.7006069857072,L1,0.457752952182294,L2,0.1953117796...
action=close, ok=True, locked=[False]
is_closed ('F',) {}
is F () closed?
is closed True
open () {'description': 'CO2 Laser to Jan'}
opening name=--- desc=CO2 Laser to Jan
checking ownership. requestor=129.138.12.150
check software interlocks A
interlocks []
actuate state mode=None-script, software_lock=False
doing actuation None-script open_channel False
Open A ===>> OK
Get Checksum: -423938523
GetIndicatorState A ===>> OK
change switch state (True, True)
update switch state A True args=() kw={} ncanvase=2
02:39:36 -- OPEN   VALVE-A (CO2 Laser to Jan)
---------------------------------------- open None (CO2 Laser to Jan) result=[(True, True)], time=0.16 sec
action=open, ok=True, locked=[False]
sleep (1,) {}
SLEEP 1.0
GetData ===>> H2,0.27738080360876,H1,352.677591144375,AX,29.8021201971919,L1,0.446367864114744,L2,0.23091775172...
close () {'description': 'CO2 Laser to Roughing'}
closing name=--- desc=CO2 Laser to Roughing
checking ownership. requestor=129.138.12.150
check software interlocks G
interlocks []
actuate state mode=None-script, software_lock=True
VALVE-G(CO2 Laser to Roughing) software locked
change switch state (True, False)
---------------------------------------- close None (CO2 Laser to Roughing) result=[(True, False)]
action=close, ok=True, locked=[True]
open () {'description': 'Microbone to Turbo'}
opening name=--- desc=Microbone to Turbo
checking ownership. requestor=129.138.12.150
check software interlocks U
interlocks []
actuate state mode=None-script, software_lock=False
doing actuation None-script open_channel True
Open U ===>> OK
GetIndicatorState U ===>> OK
change switch state (True, True)
update switch state U True args=() kw={} ncanvase=2
02:39:37 -- OPEN   VALVE-U (Microbone to Turbo)
---------------------------------------- open None (Microbone to Turbo) result=[(True, True)], time=0.18 sec
action=open, ok=True, locked=[False]
open () {'description': 'Microbone to Getter NP-10'}
opening name=--- desc=Microbone to Getter NP-10
checking ownership. requestor=129.138.12.150
check software interlocks M
interlocks []
actuate state mode=None-script, software_lock=False
doing actuation None-script open_channel False
Open M ===>> OK
GetData ===>> H2,0.0661767497726753,H1,352.045583382099,AX,29.6725572950817,L1,0.429998165341328,L2,0.082703804...
GetIndicatorState M ===>> OK
change switch state (True, True)
update switch state M True args=() kw={} ncanvase=2
02:39:38 -- OPEN   VALVE-M (Microbone to Getter NP-10)
---------------------------------------- open None (Microbone to Getter NP-10) result=[(True, True)], time=0.16 sec
action=open, ok=True, locked=[False]
open () {'description': 'Microbone to Getter D-50'}
opening name=--- desc=Microbone to Getter D-50
checking ownership. requestor=129.138.12.150
check software interlocks K
interlocks []
actuate state mode=None-script, software_lock=False
doing actuation None-script open_channel False
Open K ===>> OK
GetIndicatorState K ===>> OK
change switch state (True, True)
update switch state K True args=() kw={} ncanvase=2
02:39:38 -- OPEN   VALVE-K (Microbone to Getter D-50)
---------------------------------------- open None (Microbone to Getter D-50) result=[(True, True)], time=0.41 sec
action=open, ok=True, locked=[False]
open () {'description': 'Microbone to CO2 Laser'}
opening name=--- desc=Microbone to CO2 Laser
checking ownership. requestor=129.138.12.150
check software interlocks T
interlocks []
actuate state mode=None-script, software_lock=False
doing actuation None-script open_channel False
GetData ===>> H2,-0.131688216176629,H1,351.980167846755,AX,29.6319338299723,L1,0.420076233166982,L2,0.249467773...
Open T ===>> OK
Get Checksum: -110011688
GetIndicatorState T ===>> OK
change switch state (True, True)
update switch state T True args=() kw={} ncanvase=2
02:39:39 -- OPEN   VALVE-T (Microbone to CO2 Laser)
---------------------------------------- open None (Microbone to CO2 Laser) result=[(True, True)], time=0.41 sec
action=open, ok=True, locked=[False]
open () {'description': 'Microbone to Inlet Pipette'}
opening name=--- desc=Microbone to Inlet Pipette
checking ownership. requestor=129.138.12.150
check software interlocks S
interlocks []
actuate state mode=None-script, software_lock=False
doing actuation None-script open_channel False
Open S ===>> OK
GetIndicatorState S ===>> OK
change switch state (True, True)
update switch state S True args=() kw={} ncanvase=2
02:39:40 -- OPEN   VALVE-S (Microbone to Inlet Pipette)
---------------------------------------- open None (Microbone to Inlet Pipette) result=[(True, True)], time=0.41 sec
GetData ===>> H2,-0.0125276176688757,H1,351.818113630641,AX,29.5292888393685,L1,0.382164646677563,L2,0.15952514...
action=open, ok=True, locked=[False]
sleep (1,) {}
SLEEP 1.0
GetData ===>> H2,0.0422088834976646,H1,351.532621370032,AX,29.5559498651423,L1,0.37815520102573,L2,0.2085825862...
set_resource () {'name': 'CO2PumpTimeFlag', 'value': 30}
Set CO2PumpTimeFlag 30 ===>> OK
release ('JanCO2Flag',) {}
release JanCO2Flag
Set JanCO2Flag 0 ===>> OK
executed 6.0
PumpMicrobone.py completed successfully
gosub finished
get_resource_value () {'name': 'JanMiniboneFlag'}
Read JanMiniboneFlag ===>> 0
Get Resource Value JanMiniboneFlag=0.0
get resource value 0.0
get_resource_value () {'name': 'JanMiniboneFlag'}
Read JanMiniboneFlag ===>> 0
Get Resource Value JanMiniboneFlag=0.0
executed 4.0
jan_pump_extraction_line.py completed successfully
Post Equilibration Finished
02:39:41 -- ******* Post Equilibration Finished *******
GetData ===>> H2,-0.115767028575133,H1,351.738531517378,AX,29.589164800111,L1,0.37458259038511,L2,0.09815888720...
Get Checksum: -110011688
GetData ===>> H2,-0.0751924154918495,H1,351.630064370243,AX,29.5968352944385,L1,0.380115652580376,L2,0.13416204...
GetData ===>> H2,-0.0528312737585967,H1,351.479160334021,AX,29.5727030715637,L1,0.348283907309655,L2,0.15097118...
GetData ===>> H2,-0.162248774401232,H1,351.19457314543,AX,29.4713568585766,L1,0.345094045768453,L2,0.0458180889...
Get Checksum: -110011688
GetData ===>> H2,-0.102505615857938,H1,351.019319426529,AX,29.5606389074922,L1,0.363011330147166,L2,0.134378692...
GetData ===>> H2,-0.0417094380718095,H1,350.800243530092,AX,29.5479348622382,L1,0.384086083985068,L2,0.09416950...
Get Checksum: -110011688
GetData ===>> H2,-0.100175944038984,H1,351.102042270383,AX,29.5530643980892,L1,0.405769360062541,L2,0.083957442...
GetData ===>> H2,-0.110711559957799,H1,350.968004745004,AX,29.5219301236918,L1,0.366711833487321,L2,0.151415975...
GetData ===>> H2,-0.155165765015913,H1,350.441277389537,AX,29.4172495296832,L1,0.352696925343612,L2,0.114836308...
Get Checksum: -110011688
GetData ===>> H2,-0.225270162322925,H1,350.161025438346,AX,29.4653184091624,L1,0.32822088640474,L2,0.1398179777...
GetData ===>> H2,-0.0344842177191265,H1,350.193267885532,AX,29.4486208512916,L1,0.357998721913444,L2,0.22623800...
GetData ===>> H2,-0.102079244467518,H1,350.159123153581,AX,29.3956326025048,L1,0.351706730178717,L2,0.124652608...
Get Checksum: -110011688
GetData ===>> H2,-0.100190835962569,H1,349.929705353462,AX,29.4510117889618,L1,0.372351868157873,L2,0.181620699...
GetData ===>> H2,-0.0227667217273486,H1,350.090944766823,AX,29.4760996741746,L1,0.376632837998759,L2,0.10925024...
GetData ===>> H2,-0.0170254241528238,H1,349.886207184202,AX,29.4036967373952,L1,0.359831355749357,L2,0.22490260...
Get Checksum: -110011688
GetData ===>> H2,-0.140620136684899,H1,349.539258793498,AX,29.3276979575328,L1,0.374633933265469,L2,0.170520953...
GetData ===>> H2,-0.0842408812507869,H1,349.310264706836,AX,29.3682402407649,L1,0.358599789700012,L2,0.24024368...
GetData ===>> H2,-0.115275792599125,H1,349.217608514924,AX,29.2930952904626,L1,0.321134198471596,L2,0.131208770...
Get Checksum: -110011688
02:40:01 -- collecting point 25
GetData ===>> H2,-0.0973894570723751,H1,349.386106074218,AX,29.3299662296734,L1,0.333047913140915,L2,0.22723100...
GetData ===>> H2,-0.13866966797109,H1,349.337409319386,AX,29.2971936754596,L1,0.355664420977802,L2,0.0664599283...
GetData ===>> H2,-0.124732748291535,H1,349.278712825612,AX,29.3796128643957,L1,0.335302443606156,L2,0.122372309...
Get Checksum: -110011688
GetData ===>> H2,-0.113035866119241,H1,349.029523232302,AX,29.3282316644921,L1,0.360087950636174,L2,0.204474487...
GetData ===>> H2,-0.0849587051796757,H1,348.749441808845,AX,29.3340492352883,L1,0.342219872282581,L2,0.06902621...
GetData ===>> H2,-0.133166538421632,H1,348.541683178568,AX,29.2026886372507,L1,0.356374060617818,L2,0.186412355...
Get Checksum: -110011688
GetData ===>> H2,-0.154315884706749,H1,348.223595014632,AX,29.1311223476426,L1,0.366706947453879,L2,0.235814608...
GetData ===>> H2,-0.224844626351847,H1,348.251277095544,AX,29.3520375812292,L1,0.37829216363507,L2,0.2324130357...
GetData ===>> H2,-0.28190090632698,H1,348.268632930371,AX,29.3150365057879,L1,0.3862707503043,L2,0.172380327527...
Get Checksum: -110011688
GetData ===>> H2,-0.281598567443076,H1,347.858512492633,AX,29.3178248374864,L1,0.364170189032605,L2,0.202420504...
GetData ===>> H2,-0.229194841434772,H1,347.801722515853,AX,29.2394029495631,L1,0.348346152437695,L2,0.075105734...
Get Checksum: -110011688
GetData ===>> H2,-0.15606691983993,H1,347.94755830922,AX,29.1985403569248,L1,0.385917406767254,L2,0.09264218465...
GetData ===>> H2,-0.138491229972684,H1,347.470431165918,AX,29.277811105678,L1,0.356001524215016,L2,0.1340138044...
GetData ===>> H2,-0.226285458739438,H1,347.260522561652,AX,29.2189230963711,L1,0.373031423105387,L2,0.080515675...
Get Checksum: -110011688
GetData ===>> H2,-0.18128287812404,H1,347.662887205713,AX,29.2777844102371,L1,0.330982915917925,L2,0.1282555912...
GetData ===>> H2,-0.122385139103769,H1,347.367807647497,AX,29.2304500577275,L1,0.33137929477203,L2,0.1797611457...
GetData ===>> H2,-0.109650099462827,H1,347.117420564034,AX,29.1808685378433,L1,0.38489412404709,L2,0.1036189121...
Get Checksum: -110011688
GetData ===>> H2,-0.268624982460613,H1,346.959390627214,AX,29.1861231118343,L1,0.415141901042513,L2,0.043149800...
GetData ===>> H2,-0.258431458679638,H1,346.796255910282,AX,29.092588395786,L1,0.34994268614362,L2,0.14375224431...
GetData ===>> H2,-0.109296708589024,H1,346.795636479631,AX,29.1318688437258,L1,0.284420105494821,L2,0.219652507...
Get Checksum: -110011688
GetData ===>> H2,-0.119048156315477,H1,346.547136422004,AX,29.1017644044425,L1,0.342709010390722,L2,0.104530846...
GetData ===>> H2,-0.185791280124932,H1,346.42969700293,AX,29.0916414958677,L1,0.355062304019648,L2,0.1782666837...
GetData ===>> H2,-0.187988171861359,H1,346.207312322081,AX,29.2015281703542,L1,0.350671461980605,L2,0.055499811...
Get Checksum: -110011688
GetData ===>> H2,-0.163932431385864,H1,346.309696089791,AX,29.1229112193746,L1,0.385917406767254,L2,0.109147647...
GetData ===>> H2,-0.00110480029288407,H1,345.954618107724,AX,29.1399739788844,L1,0.380988982703143,L2,0.0660835...
02:40:27 -- collecting point 50
GetData ===>> H2,-0.0274853817520954,H1,346.025514229053,AX,28.9653622085538,L1,0.347871390333767,L2,0.13507426...
Get Checksum: -110011688
GetData ===>> H2,-0.19007947554739,H1,345.866264774071,AX,29.0335758389049,L1,0.359505122953983,L2,0.2282468445...
GetData ===>> H2,-0.18521535153596,H1,346.000968677119,AX,29.0868937804814,L1,0.397974637129489,L2,0.1632435030...
GetData ===>> H2,-0.165789969498324,H1,345.79359558857,AX,29.1178995280994,L1,0.380949877692416,L2,0.1151669220...
Get Checksum: -110011688
GetData ===>> H2,-0.200979151050434,H1,345.466489490353,AX,29.229262619144,L1,0.325563213003602,L2,0.0828747537...
GetData ===>> H2,-0.24329123317374,H1,345.41052364653,AX,29.0163552674572,L1,0.337700256949849,L2,0.04004829383...
GetData ===>> H2,-0.194008894589939,H1,345.282526141976,AX,29.002508758902,L1,0.358543590811552,L2,0.1353935465...
Get Checksum: -110011688
GetData ===>> H2,-0.273353556947702,H1,345.222970388277,AX,28.9649892067792,L1,0.333787168744421,L2,0.189412965...
GetData ===>> H2,-0.152521333513572,H1,345.141134953101,AX,29.1115414161029,L1,0.369141702072271,L2,0.034791925...
Get Checksum: -110011688
GetData ===>> H2,-0.274499457381144,H1,344.868679809877,AX,29.0679182671219,L1,0.384784099722091,L2,0.094477250...
GetData ===>> H2,-0.170381209621193,H1,344.715538210784,AX,28.9022090076003,L1,0.376179229731818,L2,0.058579009...
GetData ===>> H2,-0.0589152838490353,H1,344.758186364664,AX,28.9353795002895,L1,0.373080313686662,L2,0.13814168...
Get Checksum: -110011688
GetData ===>> H2,-0.196866337381621,H1,344.631236641283,AX,28.8939478046294,L1,0.358420198680971,L2,0.091570795...
GetData ===>> H2,-0.0620679229145998,H1,344.511399572501,AX,28.9962590677463,L1,0.300285864609229,L2,0.08017378...
GetData ===>> H2,-0.157113898812401,H1,344.391952002114,AX,29.0317630223191,L1,0.333332142064265,L2,0.122383710...
testing age>100.0
evaluate ot="age>100.0" t="age>100.0", ctx="{'age': 81.31767818473124}"
testing Ar39<0.5
evaluate ot="Ar39<0.5" t="Ar39<0.5", ctx="{'Ar39': 29.893107892655525}"
GetData ===>> H2,-0.153138918204878,H1,344.249997935071,AX,29.0917881981473,L1,0.324618564198021,L2,0.203846876...
GetData ===>> H2,-0.136274038927083,H1,343.901735391078,AX,29.0482394058869,L1,0.346644921704383,L2,0.118963363...
Get Checksum: -110011688
GetData ===>> H2,-0.170041181563827,H1,343.753458792772,AX,29.0081057936741,L1,0.344308325712006,L2,0.055522620...
GetData ===>> H2,-0.185795326357969,H1,343.828492372005,AX,28.9079122587574,L1,0.334211715895964,L2,0.195209089...
GetData ===>> H2,-0.138714277032118,H1,343.628408026713,AX,28.9265431300038,L1,0.39088734135926,L2,0.2284180542...
Get Checksum: -110011688
testing age>100.0
evaluate ot="age>100.0" t="age>100.0", ctx="{'age': 81.39510476326869}"
testing Ar39<0.5
evaluate ot="Ar39<0.5" t="Ar39<0.5", ctx="{'Ar39': 29.87015229655818}"
GetData ===>> H2,-0.196596592441454,H1,343.296560089892,AX,28.8900972266858,L1,0.394371643401967,L2,0.041279762...
GetData ===>> H2,-0.169682251985688,H1,343.123279317857,AX,28.8293982040077,L1,0.366672745284986,L2,0.140844292...
GetData ===>> H2,-0.180207449459527,H1,343.043151124896,AX,28.9342341630966,L1,0.355233286983089,L2,0.104314261...
Get Checksum: -110011688
GetData ===>> H2,-0.224592798467247,H1,343.02169049508,AX,28.9837873804889,L1,0.341301429178269,L2,0.1211979767...
GetData ===>> H2,-0.184476177766548,H1,342.960831772239,AX,28.8467640552596,L1,0.367387350022543,L2,0.057826307...
testing age>100.0
evaluate ot="age>100.0" t="age>100.0", ctx="{'age': 81.42141915506541}"
testing Ar39<0.5
evaluate ot="Ar39<0.5" t="Ar39<0.5", ctx="{'Ar39': 29.864188389560763}"
02:40:53 -- collecting point 75
GetData ===>> H2,-0.110416418909523,H1,342.651604771093,AX,28.7583781254054,L1,0.371249520463437,L2,0.038406360...
Get Checksum: -110011688
GetData ===>> H2,-0.151632704891198,H1,342.438163222269,AX,28.6933745342218,L1,0.374643712890861,L2,0.124264953...
GetData ===>> H2,-0.19128608040042,H1,342.400776591402,AX,28.8339524837043,L1,0.362626700989662,L2,0.2305410808...
GetData ===>> H2,-0.184941539143445,H1,342.332258590278,AX,28.9028086348056,L1,0.353429560421155,L2,0.126511092...
Get Checksum: -110011688
GetData ===>> H2,-0.244202264920523,H1,342.305780809073,AX,28.8304102501234,L1,0.331915955217684,L2,0.119453606...
testing age>100.0
evaluate ot="age>100.0" t="age>100.0", ctx="{'age': 81.42021159677186}"
testing Ar39<0.5
evaluate ot="Ar39<0.5" t="Ar39<0.5", ctx="{'Ar39': 29.867891885911618}"
GetData ===>> H2,-0.252013665192478,H1,342.315899607147,AX,28.7425168049406,L1,0.37330765795095,L2,0.0834445881...
GetData ===>> H2,-0.226036355994897,H1,342.271935687521,AX,28.7690914782677,L1,0.406027587270996,L2,0.067657519...
Get Checksum: -110011688
GetData ===>> H2,-0.138350640481857,H1,341.967730519468,AX,28.5621371708186,L1,0.393271660500843,L2,0.117686465...
GetData ===>> H2,-0.0917914009069257,H1,342.087076438774,AX,28.683990566348,L1,0.357936418122584,L2,0.207658248...
GetData ===>> H2,-0.0805372733507692,H1,341.564015384782,AX,28.6778814280422,L1,0.355167336073504,L2,0.12969226...
Get Checksum: -110011688
testing age>100.0
evaluate ot="age>100.0" t="age>100.0", ctx="{'age': 81.39750402431396}"
testing Ar39<0.5
evaluate ot="Ar39<0.5" t="Ar39<0.5", ctx="{'Ar39': 29.883164573824093}"
GetData ===>> H2,-0.0896316265859223,H1,341.188465233901,AX,28.8596969750417,L1,0.385740128260551,L2,0.14014867...
GetData ===>> H2,-0.15532654601488,H1,341.41753887274,AX,28.7209320180541,L1,0.375863794297336,L2,0.17606496163...
GetData ===>> H2,-0.0788923437867493,H1,341.165785405863,AX,28.7240742692682,L1,0.333945761884653,L2,0.17109130...
Get Checksum: -110011688
GetData ===>> H2,-0.106164983946428,H1,341.030473320996,AX,28.7215844273486,L1,0.323173115624446,L2,0.160928066...
GetData ===>> H2,-0.19331207828528,H1,341.033505343352,AX,28.6892747746742,L1,0.362587628358892,L2,0.0833762078...
testing age>100.0
evaluate ot="age>100.0" t="age>100.0", ctx="{'age': 81.43862635092371}"
testing Ar39<0.5
evaluate ot="Ar39<0.5" t="Ar39<0.5", ctx="{'Ar39': 29.875065809958777}"
GetData ===>> H2,-0.274682145866704,H1,340.714690126489,AX,28.7409187752316,L1,0.356758825544634,L2,0.117287438...
Get Checksum: -110011688
GetData ===>> H2,-0.149054788288346,H1,340.368079133161,AX,28.750579982947,L1,0.353497942367798,L2,0.1305246279...
GetData ===>> H2,-0.166463521818703,H1,340.122528253601,AX,28.6456642471403,L1,0.365463527636821,L2,0.214779302...
GetData ===>> H2,-0.257112976647886,H1,340.544224025603,AX,28.512698484422,L1,0.357040995672033,L2,0.0721970977...
Get Checksum: -110011688
GetData ===>> H2,-0.119872010174689,H1,340.459540274904,AX,28.6396636430783,L1,0.348027607826066,L2,0.180514089...
testing age>100.0
evaluate ot="age>100.0" t="age>100.0", ctx="{'age': 81.45596196463904}"
testing Ar39<0.5
evaluate ot="Ar39<0.5" t="Ar39<0.5", ctx="{'Ar39': 29.87427125135616}"
GetData ===>> H2,-0.11356374357022,H1,340.404833836714,AX,28.5864307206203,L1,0.331808620877636,L2,0.1259295994...
Get Checksum: -110011688
GetData ===>> H2,-0.0666603761776782,H1,340.198880255002,AX,28.7362979346123,L1,0.340966028922551,L2,0.14916925...
GetData ===>> H2,-0.0435940557155784,H1,339.801390760997,AX,28.7497017279697,L1,0.331008527626173,L2,0.12703557...
GetData ===>> H2,-0.0588081465797275,H1,339.849145759458,AX,28.487031188282,L1,0.354203768408998,L2,0.084322139...
Get Checksum: -110011688
GetData ===>> H2,-0.170745514071032,H1,339.520084572039,AX,28.6028288633598,L1,0.394312909412356,L2,0.175483167...
testing age>100.0
evaluate ot="age>100.0" t="age>100.0", ctx="{'age': 81.46643503994775}"
testing Ar39<0.5
evaluate ot="Ar39<0.5" t="Ar39<0.5", ctx="{'Ar39': 29.869193800462316}"
02:41:19 -- collecting point 100
GetData ===>> H2,-0.252067453238484,H1,339.405114641359,AX,28.642524201246,L1,0.39302207010681,L2,0.13460674901...
GetData ===>> H2,-0.212342966412925,H1,339.517704278324,AX,28.5834253206159,L1,0.376237916464202,L2,0.068980590...
Get Checksum: -110011688
GetData ===>> H2,-0.151428815600878,H1,339.481391319604,AX,28.5248958440347,L1,0.361282443865264,L2,0.155179639...
GetData ===>> H2,-0.193837727055391,H1,339.295578070692,AX,28.4522368267857,L1,0.345346611444562,L2,0.084493092...
GetData ===>> H2,-0.171243377872028,H1,339.195717771633,AX,28.5414182758576,L1,0.35286786884307,L2,0.1664258935...
Get Checksum: -110011688
testing age>100.0
evaluate ot="age>100.0" t="age>100.0", ctx="{'age': 81.4717722955052}"
testing Ar39<0.5
evaluate ot="Ar39<0.5" t="Ar39<0.5", ctx="{'Ar39': 29.869700606985486}"
GetData ===>> H2,-0.152530793489052,H1,339.000677195615,AX,28.6163428496642,L1,0.370433224028281,L2,0.099857274...
GetData ===>> H2,-0.133703447676607,H1,338.667884053308,AX,28.502829840901,L1,0.370903686346807,L2,0.1271381959...
GetData ===>> H2,-0.195363776212044,H1,338.674595160271,AX,28.4946509662313,L1,0.37535276057547,L2,0.1794303086...
Get Checksum: -110011688
GetData ===>> H2,-0.182669854856055,H1,338.413519587948,AX,28.5230069617436,L1,0.354870562232642,L2,0.167155919...
GetData ===>> H2,-0.313817707277403,H1,338.192949255141,AX,28.5236188496893,L1,0.357174143581471,L2,0.022900601...
testing age>100.0
evaluate ot="age>100.0" t="age>100.0", ctx="{'age': 81.47459214926035}"
testing Ar39<0.5
evaluate ot="Ar39<0.5" t="Ar39<0.5", ctx="{'Ar39': 29.86509978674758}"
GetData ===>> H2,-0.154391552310299,H1,338.358084152085,AX,28.5063143565956,L1,0.365398795764067,L2,0.136419813...
Get Checksum: -110011688
GetData ===>> H2,-0.144605186859133,H1,338.08862044771,AX,28.4052942689127,L1,0.342374783819003,L2,0.1700988914...
GetData ===>> H2,-0.192937370153296,H1,338.098628100039,AX,28.5055828652703,L1,0.3759774966499,L2,0.04711805129...
GetData ===>> H2,-0.10055906641071,H1,337.953930116626,AX,28.4890125464502,L1,0.316584858280992,L2,0.1164779885...
Get Checksum: -110011688
GetData ===>> H2,-0.0943598328638539,H1,338.03354093049,AX,28.55501586359,L1,0.289731106694245,L2,0.05382340075...
testing age>100.0
evaluate ot="age>100.0" t="age>100.0", ctx="{'age': 81.49033033220446}"
testing Ar39<0.5
evaluate ot="Ar39<0.5" t="Ar39<0.5", ctx="{'Ar39': 29.85963930097063}"
GetData ===>> H2,-0.11006034404248,H1,337.787083709162,AX,28.501473303147,L1,0.308844292167505,L2,0.18984652212...
GetData ===>> H2,-0.21968844280523,H1,337.363347294836,AX,28.492297157293,L1,0.361737835481974,L2,0.25428565921...
Get Checksum: -110011688
GetData ===>> H2,-0.208695069191631,H1,337.1729105558,AX,28.4003114368957,L1,0.386477382438671,L2,0.09530931105...
GetData ===>> H2,-0.130134732284754,H1,337.222422510714,AX,28.6040392029201,L1,0.382167091025727,L2,0.142486419...
Get Checksum: -110011688
GetData ===>> H2,-0.172971564495261,H1,337.153569424239,AX,28.5277824371812,L1,0.348218001115721,L2,0.075915605...
testing age>100.0
evaluate ot="age>100.0" t="age>100.0", ctx="{'age': 81.52287932992756}"
testing Ar39<0.5
evaluate ot="Ar39<0.5" t="Ar39<0.5", ctx="{'Ar39': 29.847526780697144}"
GetData ===>> H2,-0.152336186690178,H1,336.954272931027,AX,28.4638824893979,L1,0.349686345158376,L2,0.012002468...
measurement finished
estimated time: 125.829 actual time: :126.148
flush and close file /Users/jan/PychronDev/data/isotopes/75/5149cd-ab1b-4525-91a8-824baac710ba.h5
baselines () {'settling_time': 15.0, 'detector': 'H1', 'mass': 34.2, 'ncounts': 60.0}
%%%%%%%%%%%%%%%%%%%%%%%%%%%%%%%% Baseline
build tables- baseline [Detector(H2), Detector(H1), Detector(AX), Detector(L1), Detector(L2), Detector(CDD)]
add group baseline table H2
add group baseline table H1
add group baseline table AX
add group baseline table L1
add group baseline table L2
add group baseline table CDD
flush and close file /Users/jan/PychronDev/data/isotopes/75/5149cd-ab1b-4525-91a8-824baac710ba.h5
detector Detector(H1)
POSITION 34.2 H1
Mapping mass to dac mass func: "parabolic"
H1 map mass coeffs = [-0.00063987  0.15840543  0.57038999]
H1 map mass to dac 34.2 >> 5.23943599104
GetDeflection H1 ===>> 0
GetHighVoltage ===>> 4499.94659342336
positioning 34.2 (5.2394051365) on H1
setting magnet DAC
current  : 5.878745
requested: 5.239405
Delta Dac: 0.639340
Checking detector protection. dv=0.63934
Checking detector "CDD". Protection Threshold: 0.1 (V)
ProtectDetector CDD,On ===>> OK
GetDeflection CDD ===>> 2000
SetMagnetDAC 5.2394051365 ===>> OK
Magnet settling time: 0.500
GetMagnetMoving ===>> True
GetMagnetMoving ===>> True
Get Checksum: -110011688
GetMagnetMoving ===>> True
GetMagnetMoving ===>> True
GetMagnetMoving ===>> True
GetMagnetMoving ===>> True
GetMagnetMoving ===>> True
GetMagnetMoving ===>> True
GetMagnetMoving ===>> False
ProtectDetector CDD,Off ===>> OK
GetDeflection CDD ===>> 50
Delaying 15.0s for detectors to settle
Get Checksum: -110011688
Get Checksum: -110011688
Get Checksum: -110011688
Get Checksum: -110011688
Get Checksum: -110011688
Join finished
measuring baseline. ncounts=60.0
starting measurement
GetData ===>> H2,-0.26063202069889,H1,0.00156007065685877,AX,0.035191932039002,L1,-0.0545579709549308,L2,0.0206...
Get Checksum: -110011688
GetData ===>> H2,-0.231201757650645,H1,0.0190014506343374,AX,-0.0746915540764079,L1,-0.0149544813242677,L2,-0.0...
GetData ===>> H2,-0.112685287791613,H1,-0.117811477202578,AX,-0.153203051823217,L1,-0.0236199288737141,L2,-0.04...
GetData ===>> H2,-0.113467644630403,H1,-0.0147452288138393,AX,-0.0767896618240138,L1,-0.0319222565625314,L2,-0....
Get Checksum: -110011688
GetData ===>> H2,-0.157438104948005,H1,-0.0318945357145271,AX,0.0453468145861683,L1,-0.0296215331310833,L2,-0.0...
GetData ===>> H2,-0.219332757218076,H1,-0.0125983770640435,AX,-0.0556906069194659,L1,-0.0482349022300223,L2,0.0...
GetData ===>> H2,-0.11591994342596,H1,-0.0551451613105101,AX,-0.161619604677996,L1,-0.0399199300550806,L2,-0.07...
Get Checksum: -110011688
GetData ===>> H2,-0.0499990994745186,H1,-0.052856108678445,AX,-0.0205308110203761,L1,0.00260468719354207,L2,-0....
GetData ===>> H2,-0.174111873773655,H1,-0.060855642494295,AX,-0.0896207507610609,L1,-0.00166688125041635,L2,0.0...
GetData ===>> H2,-0.358753049231809,H1,-0.122622601483901,AX,-0.0981159246477012,L1,-0.0384681453138486,L2,-0.1...
Get Checksum: -110011688
GetData ===>> H2,-0.265074897381051,H1,-0.0404203923056066,AX,-0.169838372814318,L1,0.0162923154887133,L2,-0.04...
GetData ===>> H2,-0.140047060783356,H1,-0.0261108489124194,AX,-0.0608498643280097,L1,0.00422185076398436,L2,0.0...
GetData ===>> H2,-0.135070625789422,H1,0.11881139089287,AX,-0.010462936712085,L1,-0.033186771519412,L2,0.063334...
Get Checksum: -110011688
GetData ===>> H2,-0.210302282673705,H1,0.0401570788679752,AX,0.0407044511400525,L1,-0.0483043143569301,L2,0.018...
GetData ===>> H2,-0.156611360974856,H1,-0.0789505890408158,AX,-0.147684365642618,L1,-0.0337064218964235,L2,-0.0...
GetData ===>> H2,-0.155090102580234,H1,-0.049899338200121,AX,-0.0932483850612673,L1,-0.0143029410318904,L2,-0.1...
Get Checksum: -110011688
GetData ===>> H2,-0.155017141896093,H1,-0.0321807300942332,AX,-0.0108109220931001,L1,-0.00755337072271419,L2,-0...
GetData ===>> H2,-0.178554301587214,H1,0.0255517003529661,AX,-0.111720565116365,L1,-0.0468956329941456,L2,0.021...
GetData ===>> H2,-0.197546066109915,H1,0.0265062351785474,AX,-0.0773228753676964,L1,-0.0385903332996834,L2,-0.0...
Get Checksum: -110011688
GetData ===>> H2,-0.160826854786816,H1,0.0419112995080574,AX,-0.0975944141971351,L1,-0.0534681886586233,L2,0.00...
GetData ===>> H2,-0.16775652206751,H1,0.0407060153559737,AX,-0.071967424029436,L1,-0.0270734754823569,L2,-0.020...
Get Checksum: -110011688
GetData ===>> H2,-0.176929258186459,H1,-0.00465462519467756,AX,-0.00593901354319147,L1,-0.00322071136203881,L2,...
GetData ===>> H2,-0.241237441485237,H1,-0.0819422577211569,AX,-0.00299255051683739,L1,-0.0330478742428272,L2,-0...
GetData ===>> H2,-0.194980591916213,H1,-0.045297094212393,AX,-0.00751661062740656,L1,-0.0283134431377397,L2,-0....
02:42:25 -- collecting point 25
GetData ===>> H2,-0.186434613011843,H1,-0.0445817004930181,AX,-0.115150395646202,L1,0.00446438766124664,L2,-0.0...
GetData ===>> H2,-0.239167121385283,H1,-0.057124195861946,AX,-0.107491046785869,L1,-0.0208054061552652,L2,0.004...
Get Checksum: -110011688
GetData ===>> H2,-0.23061627566675,H1,-0.040122297685241,AX,-0.0510992174956207,L1,0.00779455035734059,L2,0.052...
GetData ===>> H2,-0.24862315635299,H1,-0.0656479033960931,AX,-0.0724890718571008,L1,0.0109184075977396,L2,-0.04...
GetData ===>> H2,-0.153110539777117,H1,-0.0110597716511006,AX,-0.0375904646310443,L1,0.00190483721480338,L2,-0....
Get Checksum: -110011688
GetData ===>> H2,-0.219696526438493,H1,0.0166153095158219,AX,0.0265350057170713,L1,-0.0140045210528449,L2,-0.08...
GetData ===>> H2,-0.203553955171354,H1,0.0173430765290085,AX,0.0687768342080407,L1,-0.0143149255851673,L2,0.017...
GetData ===>> H2,-0.170833215244369,H1,-0.0945754099377137,AX,-0.0528615946087314,L1,-0.00789155636511875,L2,-0...
Get Checksum: -110011688
GetData ===>> H2,-0.301424220319609,H1,0.00810917920219825,AX,-0.104466538729119,L1,0.00830812612035417,L2,0.01...
GetData ===>> H2,-0.15800679414346,H1,-0.0540840965484567,AX,-0.107606926450313,L1,-0.00553481376023823,L2,-0.0...
GetData ===>> H2,-0.169483891287036,H1,0.0111035409598117,AX,-0.0897714219705483,L1,-0.0271513523466906,L2,0.03...
Get Checksum: -110011688
GetData ===>> H2,-0.239697525635841,H1,-0.002579126689972,AX,-0.0101381492340044,L1,0.00881692792655198,L2,0.00...
GetData ===>> H2,-0.187370549866666,H1,0.0367322604855726,AX,0.0385806436624101,L1,-0.0106218093629501,L2,-0.02...
GetData ===>> H2,-0.236709186546868,H1,-0.0368789708326876,AX,-0.0904204645131278,L1,-0.0321042798778926,L2,-0....
Get Checksum: -110011688
GetData ===>> H2,-0.151033178901418,H1,-0.0265401649834239,AX,-0.075549349451461,L1,-0.0171542237830692,L2,-0.0...
GetData ===>> H2,-0.171708840494765,H1,-0.0773295678505591,AX,-0.146188701382793,L1,-0.0374438640770191,L2,-0.0...
GetData ===>> H2,-0.323925743369332,H1,-0.0688068553510444,AX,-0.192242290681663,L1,-0.00571113879001126,L2,-0....
Get Checksum: -110011688
GetData ===>> H2,-0.319821956686423,H1,-0.00673008066536236,AX,-0.102936866667783,L1,-0.0286452732820668,L2,-0....
GetData ===>> H2,-0.208199252292486,H1,-0.0485759166607423,AX,-0.126354438453838,L1,-0.0210967242148962,L2,-0.0...
Get Checksum: -110011688
GetData ===>> H2,-0.124771961142429,H1,-0.047514782243918,AX,0.00582417078361359,L1,-0.0216817325321062,L2,-0.1...
GetData ===>> H2,-0.305046928943064,H1,-0.0271602849460482,AX,-0.0501832325751452,L1,0.00563373919193352,L2,0.0...
GetData ===>> H2,-0.262146345312629,H1,-0.045833636145942,AX,0.0601367419657115,L1,-0.000703266143693069,L2,-0....
Get Checksum: -110011688
GetData ===>> H2,-0.245959527664654,H1,0.00614082285437259,AX,-0.0555630712494652,L1,-0.0386226769296455,L2,-0....
GetData ===>> H2,-0.207256062315447,H1,-0.0129442618465923,AX,0.0220095731504897,L1,-0.0288381370346849,L2,-0.0...
GetData ===>> H2,-0.221411473241736,H1,-0.0858515544908343,AX,-0.0674695445265657,L1,-0.0552990028832627,L2,-0....
Get Checksum: -110011688
02:42:51 -- collecting point 50
GetData ===>> H2,-0.215943908385918,H1,0.0242511613006481,AX,-0.00743541140158836,L1,-0.0392288012613076,L2,-0....
GetData ===>> H2,-0.0720811048601919,H1,0.034620148668263,AX,-0.020090073343203,L1,-0.0023712339545174,L2,-0.10...
GetData ===>> H2,-0.0869940990476058,H1,-0.0422685591341619,AX,-0.0387152993118519,L1,0.00619639330201212,L2,0....
Get Checksum: -110011688
GetData ===>> H2,-0.164036385966692,H1,0.00257402117773715,AX,-0.0468786583552368,L1,-0.0238380574614505,L2,0.0...
GetData ===>> H2,-0.235815908756995,H1,0.00958845429439599,AX,-0.00972056374114087,L1,-0.0406337670926364,L2,0....
GetData ===>> H2,-0.240594040647044,H1,0.01008950403969,AX,-0.0288116689730611,L1,-0.00453078177576548,L2,-0.09...
Get Checksum: -110011688
GetData ===>> H2,-0.272007344616749,H1,0.000343343588826883,AX,-0.131104470385054,L1,-0.0177142776861333,L2,-0....
GetData ===>> H2,-0.217520473151724,H1,-0.0552286153651103,AX,-0.0351900007540011,L1,-0.0472092223168936,L2,0.0...
GetData ===>> H2,-0.160146214738925,H1,-0.0467397893243902,AX,0.101198511710159,L1,-0.0364110912382919,L2,-0.03...
Get Checksum: -110011688
GetData ===>> H2,-0.280797815028979,H1,0.00138113927816725,AX,-0.00378137613274364,L1,-0.0597751572344929,L2,0....
GetData ===>> H2,-0.254786105030052,H1,-0.0780328082097047,AX,-0.0925993613832514,L1,-0.0404756733279234,L2,-0....
measurement finished
estimated time: 62.915 actual time: :63.107
flush and close file /Users/jan/PychronDev/data/isotopes/75/5149cd-ab1b-4525-91a8-824baac710ba.h5
activate_detectors ('H1', 'AX', 'CDD') {'peak_center': True}
peak_center () {'detector': 'H1', 'isotope': 'Ar40'}
peak center: mean=337.582832602 threshold=3
peak center started
setup peak center. detector=['H1', 'AX', 'CDD'], isotope=Ar40
VersionedUnpickler [<apptools.sweet_pickle.versioned_unpickler.VersionedUnpickler object at 0x1612b64d0>] using Updater [<apptools.sweet_pickle.updater.Updater object at 0x12ce00cb0>]
VersionedUnpickler [<apptools.sweet_pickle.versioned_unpickler.VersionedUnpickler object at 0x1612b64d0>] using Updater [<apptools.sweet_pickle.updater.Updater object at 0x12ce00cb0>]
VersionedUnpickler [<apptools.sweet_pickle.versioned_unpickler.VersionedUnpickler object at 0x1612b64d0>] using Updater [<apptools.sweet_pickle.updater.Updater object at 0x12ce00cb0>]
setting integration time = 0.524288
SetIntegrationTime 0.524288 ===>> OK
Mapping mass to dac mass func: "parabolic"
H1 map mass coeffs = [-0.00063987  0.15840543  0.57038999]
H1 map mass to dac 39.9624 >> 5.87878
GetDeflection H1 ===>> 0
GetHighVoltage ===>> 4499.94659342336
do peak center. <pychron.spectrometer.jobs.peak_center.PeakCenter object at 0x12ce00b30>
doing pc
starting peak center. center dac= 5.87874538042 step_width=0.001
width = 0.001
get scan parameters. half-width=0.015,window=0.015, i=0, scalar=1
Scan parameters center=5.87875 width=0.03000 (5.86375 - 5.89375)
GetData ===>> H2,-0.26497809789224,H1,-0.063788247310703,AX,-0.00889698710162157,L1,-0.0368496133178707,L2,-0.0...
Moving to starting dac 5.86374538042
setting magnet DAC
current  : 5.239405
requested: 5.863745
Delta Dac: 0.624340
Checking detector protection. dv=0.62434
Checking detector "CDD". Protection Threshold: 0.1 (V)
ProtectDetector CDD,On ===>> OK
GetDeflection CDD ===>> 2000
SetMagnetDAC 5.86374538042 ===>> OK
Magnet settling time: 0.500
Get Checksum: -110011688
GetMagnetMoving ===>> True
GetMagnetMoving ===>> True
GetMagnetMoving ===>> True
GetMagnetMoving ===>> True
GetMagnetMoving ===>> True
GetMagnetMoving ===>> True
GetMagnetMoving ===>> True
GetMagnetMoving ===>> True
GetMagnetMoving ===>> False
ProtectDetector CDD,Off ===>> OK
GetDeflection CDD ===>> 50
Wait until signal near baseline. tol= -0.047841185483. timeout= 10
GetData ===>> H2,0.788010045649807,H1,0.321388968011793,AX,-0.102623976237748,L1,0.0330008493085996,L2,0.073336...
GetData ===>> H2,17.8421555074101,H1,6.75818279853055,AX,0.190278148523851,L1,0.0189790867357358,L2,-0.07582869...
Get Checksum: -110011688
GetData ===>> H2,19.2337254451009,H1,8.87966032647991,AX,0.51542777388205,L1,0.00262749615866351,L2,-0.26802071...
GetData ===>> H2,10.1368413744288,H1,4.25892589210288,AX,0.163181017497565,L1,0.0083448792058203,L2,-0.02976042...
GetData ===>> H2,4.15389632908661,H1,2.23431070950413,AX,0.124798583445078,L1,-0.00687336732943185,L2,-0.109140...
GetData ===>> H2,1.36319687788871,H1,1.12064244352934,AX,-0.0251120449980746,L1,-0.0237172013661302,L2,-0.06551...
GetData ===>> H2,0.319335018125498,H1,0.682601725107968,AX,-0.054496402737371,L1,-0.0437627932265694,L2,0.00088...
GetData ===>> H2,-0.0805535317636611,H1,0.394083594771844,AX,-0.117966010733789,L1,-0.057971847936653,L2,-0.071...
Get Checksum: -110011688
GetData ===>> H2,-0.213511984297038,H1,0.323013387222315,AX,-0.0541253848620303,L1,-0.0520542497683096,L2,-0.05...
GetData ===>> H2,-0.168740345104566,H1,0.200348271802997,AX,-0.154851151306897,L1,-0.0416984398719568,L2,-0.155...
GetData ===>> H2,-0.0291916847347904,H1,0.220058151822733,AX,-0.0574644948169939,L1,-0.0514608624815298,L2,-0.1...
GetData ===>> H2,0.0424131543969498,H1,0.200610726576067,AX,-0.050577454990145,L1,-0.0519561518693735,L2,-0.058...
GetData ===>> H2,-0.0490127987667854,H1,0.234425422306139,AX,-0.146418847462978,L1,-0.0484120218802329,L2,-0.14...
GetData ===>> H2,0.00609307251698648,H1,0.12107068946412,AX,0.0190391471594945,L1,-0.0261139806798398,L2,0.1274...
Get Checksum: -110011688
GetData ===>> H2,0.0266786463464135,H1,0.223017354713862,AX,0.0537092870638737,L1,-0.0141123847171261,L2,-0.040...
GetData ===>> H2,-0.0432915067217945,H1,0.141027276230887,AX,0.0169042094609531,L1,-0.0288045887317054,L2,0.005...
GetData ===>> H2,-0.0765397082013014,H1,0.226716481215594,AX,-0.00404818335022146,L1,-0.0106337983006419,L2,0.0...
GetData ===>> H2,-0.0692944378107455,H1,0.267201007671658,AX,0.0841830184880848,L1,-0.025987092597753,L2,-0.005...
GetData ===>> H2,-0.0604819887313951,H1,0.3043580394124,AX,0.0454280579172653,L1,-0.0216863159971824,L2,0.04505...
GetData ===>> H2,-0.12109482915668,H1,0.279640870833453,AX,0.0977428390065802,L1,-0.00794552110797025,L2,0.0510...
Get Checksum: -110011688
GetData ===>> H2,-0.19707808265421,H1,0.206933708429591,AX,-0.135877439565687,L1,-0.00345226551276818,L2,-0.098...
Peak center failed to move to a baseline position
_do_sweep sm= 5.86374538042, em= 5.89374538042, stm= 0.001
calculated step values: start=5.86374538042, end=5.89374538042, width=0.001, nsteps=31.0
setting magnet DAC
current  : 5.863745
requested: 5.863745
Delta Dac: 0.000000
Checking detector protection. dv=0.00000
Checking detector "CDD". Protection Threshold: 0.1 (V)
SetMagnetDAC 5.86374538042 ===>> OK
GetData ===>> H2,-0.19707808265421,H1,0.206933708429591,AX,-0.135877439565687,L1,-0.00345226551276818,L2,-0.098...
setting magnet DAC
current  : 5.863745
requested: 5.864780
Delta Dac: 0.001034
Checking detector protection. dv=0.00103
Checking detector "CDD". Protection Threshold: 0.1 (V)
SetMagnetDAC 5.86477986317 ===>> OK
Magnet settling time: 1.049
GetData ===>> H2,-0.168840207138537,H1,0.540110121377313,AX,0.0359114431369825,L1,0.0125343719698364,L2,-0.0136...
setting magnet DAC
current  : 5.864780
requested: 5.865814
Delta Dac: 0.001034
Checking detector protection. dv=0.00103
Checking detector "CDD". Protection Threshold: 0.1 (V)
SetMagnetDAC 5.86581434593 ===>> OK
Magnet settling time: 1.049
GetData ===>> H2,-0.184674738909744,H1,1.99195979959292,AX,0.0335208300059467,L1,-0.0276843874352144,L2,-0.0059...
setting magnet DAC
current  : 5.865814
requested: 5.866849
Delta Dac: 0.001034
Checking detector protection. dv=0.00103
Checking detector "CDD". Protection Threshold: 0.1 (V)
SetMagnetDAC 5.86684882869 ===>> OK
Magnet settling time: 1.049
Get Checksum: -110011688
GetData ===>> H2,-0.0261402654602494,H1,7.666557298345,AX,0.31000863489921,L1,-0.00987606936838171,L2,-0.002140...
setting magnet DAC
current  : 5.866849
requested: 5.867883
Delta Dac: 0.001034
Checking detector protection. dv=0.00103
Checking detector "CDD". Protection Threshold: 0.1 (V)
SetMagnetDAC 5.86788331145 ===>> OK
Magnet settling time: 1.049
GetData ===>> H2,-0.108140346485051,H1,26.8479434018239,AX,1.31805794539509,L1,-0.0164491469114264,L2,-0.089685...
setting magnet DAC
current  : 5.867883
requested: 5.868918
Delta Dac: 0.001034
Checking detector protection. dv=0.00103
Checking detector "CDD". Protection Threshold: 0.1 (V)
SetMagnetDAC 5.86891779421 ===>> OK
Magnet settling time: 1.049
GetData ===>> H2,-0.255712340755615,H1,72.5296242183907,AX,4.33697926318312,L1,0.000798141143353015,L2,-0.07933...
setting magnet DAC
current  : 5.868918
requested: 5.869952
Delta Dac: 0.001034
Checking detector protection. dv=0.00103
Checking detector "CDD". Protection Threshold: 0.1 (V)
Get Checksum: -110011688
SetMagnetDAC 5.86995227697 ===>> OK
Magnet settling time: 1.049
GetData ===>> H2,-0.240767681723373,H1,145.435976627653,AX,9.45330381523784,L1,0.0296437467256715,L2,0.10258159...
setting magnet DAC
current  : 5.869952
requested: 5.870987
Delta Dac: 0.001034
Checking detector protection. dv=0.00103
Checking detector "CDD". Protection Threshold: 0.1 (V)
SetMagnetDAC 5.87098675973 ===>> OK
Magnet settling time: 1.049
GetData ===>> H2,-0.182154454966508,H1,222.407196527603,AX,15.9856843206714,L1,0.102766363607348,L2,0.007310595...
setting magnet DAC
current  : 5.870987
requested: 5.872021
Delta Dac: 0.001034
Checking detector protection. dv=0.00103
Checking detector "CDD". Protection Threshold: 0.1 (V)
SetMagnetDAC 5.87202124248 ===>> OK
Magnet settling time: 1.049
Get Checksum: -110011688
GetData ===>> H2,-0.230255531874828,H1,297.40266570133,AX,23.6013202796863,L1,0.176214600522315,L2,0.0620097555...
setting magnet DAC
current  : 5.872021
requested: 5.873056
Delta Dac: 0.001034
Checking detector protection. dv=0.00103
Checking detector "CDD". Protection Threshold: 0.1 (V)
SetMagnetDAC 5.87305572524 ===>> OK
Magnet settling time: 1.049
GetData ===>> H2,-0.162393251973814,H1,315.492726091163,AX,25.9368279771978,L1,0.218345215059703,L2,0.142851340...
setting magnet DAC
current  : 5.873056
requested: 5.874090
Delta Dac: 0.001034
Checking detector protection. dv=0.00103
Checking detector "CDD". Protection Threshold: 0.1 (V)
SetMagnetDAC 5.874090208 ===>> OK
Magnet settling time: 1.049
GetData ===>> H2,-0.132483441668362,H1,321.167373658338,AX,26.7788912927791,L1,0.302763918223108,L2,0.121118168...
setting magnet DAC
current  : 5.874090
requested: 5.875125
Delta Dac: 0.001034
Checking detector protection. dv=0.00103
Checking detector "CDD". Protection Threshold: 0.1 (V)
SetMagnetDAC 5.87512469076 ===>> OK
Magnet settling time: 1.049
Get Checksum: -110011688
GetData ===>> H2,-0.223228469681403,H1,322.240014138295,AX,27.0901794784604,L1,0.317134671033682,L2,0.155122613...
setting magnet DAC
current  : 5.875125
requested: 5.876159
Delta Dac: 0.001034
Checking detector protection. dv=0.00103
Checking detector "CDD". Protection Threshold: 0.1 (V)
SetMagnetDAC 5.87615917352 ===>> OK
Magnet settling time: 1.049
GetData ===>> H2,-0.148125491414121,H1,322.899282227814,AX,27.1752291028661,L1,0.323316314256263,L2,0.145565482...
setting magnet DAC
current  : 5.876159
requested: 5.877194
Delta Dac: 0.001034
Checking detector protection. dv=0.00103
Checking detector "CDD". Protection Threshold: 0.1 (V)
SetMagnetDAC 5.87719365628 ===>> OK
Magnet settling time: 1.049
GetData ===>> H2,-0.135736776648376,H1,322.956877116641,AX,27.2182408205636,L1,0.322741662730118,L2,0.213375590...
setting magnet DAC
current  : 5.877194
requested: 5.878228
Delta Dac: 0.001034
Checking detector protection. dv=0.00103
Checking detector "CDD". Protection Threshold: 0.1 (V)
SetMagnetDAC 5.87822813904 ===>> OK
Magnet settling time: 1.049
Get Checksum: -110011688
GetData ===>> H2,-0.208045652429807,H1,322.896352956595,AX,27.1243393572199,L1,0.394454850462382,L2,0.114756504...
setting magnet DAC
current  : 5.878228
requested: 5.879263
Delta Dac: 0.001034
Checking detector protection. dv=0.00103
Checking detector "CDD". Protection Threshold: 0.1 (V)
SetMagnetDAC 5.8792626218 ===>> OK
Magnet settling time: 1.049
GetData ===>> H2,-0.146816513062685,H1,322.871175042033,AX,27.2041042947915,L1,0.341675870804262,L2,0.197513944...
setting magnet DAC
current  : 5.879263
requested: 5.880297
Delta Dac: 0.001034
Checking detector protection. dv=0.00103
Checking detector "CDD". Protection Threshold: 0.1 (V)
SetMagnetDAC 5.88029710455 ===>> OK
Magnet settling time: 1.049
Get Checksum: -110011688
GetData ===>> H2,-0.0999035219802668,H1,322.485568745805,AX,27.2422109717985,L1,0.331927776352578,L2,-0.0225431...
setting magnet DAC
current  : 5.880297
requested: 5.881332
Delta Dac: 0.001034
Checking detector protection. dv=0.00103
Checking detector "CDD". Protection Threshold: 0.1 (V)
SetMagnetDAC 5.88133158731 ===>> OK
Magnet settling time: 1.049
GetData ===>> H2,-0.218162616373678,H1,322.517329452033,AX,27.212136791274,L1,0.320341484951134,L2,0.1245157888...
setting magnet DAC
current  : 5.881332
requested: 5.882366
Delta Dac: 0.001034
Checking detector protection. dv=0.00103
Checking detector "CDD". Protection Threshold: 0.1 (V)
SetMagnetDAC 5.88236607007 ===>> OK
Magnet settling time: 1.049
GetData ===>> H2,-0.144573355555739,H1,322.301844667496,AX,26.9729985352202,L1,0.298937073823365,L2,0.208445646...
setting magnet DAC
current  : 5.882366
requested: 5.883401
Delta Dac: 0.001034
Checking detector protection. dv=0.00103
Checking detector "CDD". Protection Threshold: 0.1 (V)
SetMagnetDAC 5.88340055283 ===>> OK
Magnet settling time: 1.049
Get Checksum: -110011688
GetData ===>> H2,-0.189344541279535,H1,320.214100934601,AX,26.6111072427677,L1,0.272325288259572,L2,0.081381803...
setting magnet DAC
current  : 5.883401
requested: 5.884435
Delta Dac: 0.001034
Checking detector protection. dv=0.00103
Checking detector "CDD". Protection Threshold: 0.1 (V)
SetMagnetDAC 5.88443503559 ===>> OK
Magnet settling time: 1.049
GetData ===>> H2,-0.183375582384948,H1,313.299555941538,AX,25.6716355452324,L1,0.285965196623752,L2,0.097041843...
setting magnet DAC
current  : 5.884435
requested: 5.885470
Delta Dac: 0.001034
Checking detector protection. dv=0.00103
Checking detector "CDD". Protection Threshold: 0.1 (V)
SetMagnetDAC 5.88546951835 ===>> OK
Magnet settling time: 1.049
GetData ===>> H2,-0.181679985827774,H1,294.247944295502,AX,23.2653643385997,L1,0.270328577204891,L2,-0.02349943...
setting magnet DAC
current  : 5.885470
requested: 5.886504
Delta Dac: 0.001034
Checking detector protection. dv=0.00103
Checking detector "CDD". Protection Threshold: 0.1 (V)
Get Checksum: -110011688
SetMagnetDAC 5.88650400111 ===>> OK
Magnet settling time: 1.049
GetData ===>> H2,-0.195645690237132,H1,219.762673957844,AX,14.7799844880931,L1,0.238959027774056,L2,-0.01268403...
setting magnet DAC
current  : 5.886504
requested: 5.887538
Delta Dac: 0.001034
Checking detector protection. dv=0.00103
Checking detector "CDD". Protection Threshold: 0.1 (V)
SetMagnetDAC 5.88753848386 ===>> OK
Magnet settling time: 1.049
GetData ===>> H2,-0.261222476556451,H1,135.168090297858,AX,7.6382611982989,L1,0.141434654014773,L2,0.0760256099...
setting magnet DAC
current  : 5.887538
requested: 5.888573
Delta Dac: 0.001034
Checking detector protection. dv=0.00103
Checking detector "CDD". Protection Threshold: 0.1 (V)
SetMagnetDAC 5.88857296662 ===>> OK
Magnet settling time: 1.049
Get Checksum: -110011688
GetData ===>> H2,-0.293173028397897,H1,63.7354559573202,AX,2.98997609888683,L1,0.0393167676202746,L2,0.05991325...
setting magnet DAC
current  : 5.888573
requested: 5.889607
Delta Dac: 0.001034
Checking detector protection. dv=0.00103
Checking detector "CDD". Protection Threshold: 0.1 (V)
SetMagnetDAC 5.88960744938 ===>> OK
Magnet settling time: 1.049
GetData ===>> H2,-0.238683812572805,H1,22.9810246617889,AX,0.773947433812773,L1,0.0401200645993752,L2,0.1105612...
setting magnet DAC
current  : 5.889607
requested: 5.890642
Delta Dac: 0.001034
Checking detector protection. dv=0.00103
Checking detector "CDD". Protection Threshold: 0.1 (V)
SetMagnetDAC 5.89064193214 ===>> OK
Magnet settling time: 1.049
GetData ===>> H2,-0.279054168340524,H1,6.81644694202779,AX,0.196844769234915,L1,0.0118843708344465,L2,-0.151931...
setting magnet DAC
current  : 5.890642
requested: 5.891676
Delta Dac: 0.001034
Checking detector protection. dv=0.00103
Checking detector "CDD". Protection Threshold: 0.1 (V)
SetMagnetDAC 5.8916764149 ===>> OK
Magnet settling time: 1.049
Get Checksum: -110011688
GetData ===>> H2,-0.193347235043714,H1,1.66510982961678,AX,-0.0161117455770337,L1,0.0362773243933996,L2,-0.2028...
setting magnet DAC
current  : 5.891676
requested: 5.892711
Delta Dac: 0.001034
Checking detector protection. dv=0.00103
Checking detector "CDD". Protection Threshold: 0.1 (V)
SetMagnetDAC 5.89271089766 ===>> OK
Magnet settling time: 1.049
GetData ===>> H2,-0.172046120298866,H1,0.321412856338888,AX,-0.0823882583013852,L1,0.0212234673652484,L2,-0.003...
setting magnet DAC
current  : 5.892711
requested: 5.893745
Delta Dac: 0.001034
Checking detector protection. dv=0.00103
Checking detector "CDD". Protection Threshold: 0.1 (V)
SetMagnetDAC 5.89374538042 ===>> OK
Magnet settling time: 1.049
GetData ===>> H2,-0.251167814460667,H1,0.0337251994739109,AX,-0.10127969479325,L1,-0.0114610005147953,L2,-0.089...
result of _do_sweep=True
result of _calculate_peak_center=([5.8711702301152435, 5.878715320295604, 5.8862604104759644], [235.70799617065899, 322.95578549852394, 237.30179072074898], 5.8772123142835797, 322.95578549852394)
Failed to find a valid peak. No peak greater than 1.0. max = 0.0416561730961
new center pos Detector(H1) (Ar40) @ 5.8787153203
GetHighVoltage ===>> 4499.94659342336
GetDeflection H1 ===>> 0
dac uncorrected for HV and deflection 5.8787499397
update mftable H1 Ar40 5.8787499397 message=automated run peakcenter
get initial guess parabolic
get initial guess parabolic
get initial guess parabolic
get initial guess parabolic
get initial guess parabolic
get initial guess parabolic
dump mftable to /Users/jan/PychronDev/setupfiles/spectrometer/mftables/mftable.csv
add to repo msg=modified - automated run peakcenter
sweep finished
Get Checksum: -110011688
locally archiving mftable
setting magnet DAC
current  : 5.893745
requested: 5.878715
Delta Dac: 0.015030
Checking detector protection. dv=0.01503
Checking detector "CDD". Protection Threshold: 0.1 (V)
SetMagnetDAC 5.8787153203 ===>> OK
Magnet settling time: 0.500
setting integration time = 1.048576
SetIntegrationTime 1.048576 ===>> OK
Failed to find a valid peak. No peak greater than 1.0. max = 0.0416561730961
flush and close file /Users/jan/PychronDev/data/isotopes/75/5149cd-ab1b-4525-91a8-824baac710ba.h5
finished measure script
executed 278.04
jan_co2_whiff_120_60_large.py completed successfully
Measurement Finished
02:43:50 -- ******* Measurement Finished *******
Post Measurement Started jan_pump_ms.py
02:43:50 -- ******* Post Measurement Started jan_pump_ms.py *******
testing...
no interpolation path defined
executed 0
Pumping spectrometer
open () {'name': 'O'}
opening name=O desc=---
checking ownership. requestor=129.138.12.150
check software interlocks O
interlocks []
actuate state mode=None-script, software_lock=False
doing actuation None-script open_channel True
Open O ===>> OK
GetIndicatorState O ===>> OK
change switch state (True, True)
update switch state O True args=() kw={} ncanvase=2
02:43:50 -- OPEN   VALVE-O (Jan Ion Pump)
---------------------------------------- open O () result=[(True, True)], time=0.13 sec
action=open, ok=True, locked=[False]
executed 0
jan_pump_ms.py completed successfully
setting _ms_pumptime
Post Measurement Finished
02:43:50 -- ******* Post Measurement Finished *******
$$$$$$$$$$$$$$$$$$$$ state at run end measurement
state changed from measurement to success
post measurement save measured=True aborted=False
Set filtering
setting fod for Ar40= {'filter_outliers': True, 'std_devs': 2, 'iterations': 1}
setting fod for H1= {'filter_outliers': True, 'std_devs': 2, 'iterations': 1}
setting fod for PM41= {'filter_outliers': False, 'std_devs': 2, 'iterations': 1}
setting fod for H2= {'filter_outliers': True, 'std_devs': 2, 'iterations': 1}
setting fod for Ar36= {'filter_outliers': True, 'std_devs': 2, 'iterations': 1}
setting fod for CDD= {'filter_outliers': True, 'std_devs': 10, 'iterations': 1}
setting fod for Ar37= {'filter_outliers': True, 'std_devs': 2, 'iterations': 1}
setting fod for L2= {'filter_outliers': True, 'std_devs': 2, 'iterations': 1}
setting fod for Ar38= {'filter_outliers': True, 'std_devs': 2, 'iterations': 1}
setting fod for L1= {'filter_outliers': True, 'std_devs': 2, 'iterations': 1}
setting fod for Ar39= {'filter_outliers': True, 'std_devs': 2, 'iterations': 1}
setting fod for AX= {'filter_outliers': True, 'std_devs': 2, 'iterations': 1}
persistence save...
persistence save - db
post measurement save
5766460816 connecting to database sqlite:////Users/jan/PychronDev/.appdata/local_lab.db
connected to db sqlite:////Users/jan/PychronDev/.appdata/local_lab.db
create new session 5766460816
close session 5766460816
No database instance. Not saving post measurement to isotopedb database
$$$$$$$$$$$$$$$ auto_save_detector_ic=False
massspec enabled True
create new session 5010684144
MassSpec Database Version: 16.0
close session 5010684144
saving post measurement to secondary database
saving to massspec database 129.138.12.160/massspecdata
setting labnumber to 65517
setting aliquot to 34
setting step to 
setting uuid to 755149cd-ab1b-4525-91a8-824baac710ba
setting irradpos to 65517
setting extract_device to Fusions CO2
setting tray to 
setting position to 163
setting power_requested to 5.0
setting extract_value to 5.0
setting duration to 30.0
setting duration_at_request to 30.0
setting first_stage_delay to 30.0
setting cleanup to 30.0
setting comment to F:18
setting irradiation to NM-289
setting level to F
setting irradiation_level to F
setting sample to Sierra Ladron1
setting material to DetritalSanidine
setting project to IR943
setting mass_spectrometer to Jan
no attribute chron_dosages
no attribute production_ratios
no attribute interference_corrections
no attribute production_name
no attribute j
Reference Isotope=Ar40
Reference Detector=H1
%%%%%%%%%%%%%%%%%%%% Comment: F:18 %%%%%%%%%%%%%%%%%%%
adding isotope PM41 H2
add baseline dbdet= PM41. original det= H2
get baseline data PM41 H2
Get data baseline <pychron.processing.isotope.Baseline object at 0x15862df50> len t=60
baseline PM41. v=-0.202359386578, e=0.00723950086626
get signal data PM41 H2
Get data signal PM41 0.13+/-0.08 len t=120
adding isotope Ar40 H1
add baseline dbdet= Ar40. original det= H1
get baseline data Ar40 H1
Get data baseline <pychron.processing.isotope.Baseline object at 0x161b6d450> len t=60
baseline Ar40. v=-0.0226223766249, e=0.00493081538693
get signal data Ar40 H1
Get data signal Ar40 355.012+/-0.034 len t=120
adding isotope Ar39 AX
add baseline dbdet= Ar39. original det= AX
get baseline data Ar39 AX
Get data baseline <pychron.processing.isotope.Baseline object at 0x161b6f8d0> len t=60
baseline Ar39. v=-0.0540131289406, e=0.00772336407224
get signal data Ar39 AX
Get data signal Ar39 29.873+/-0.014 len t=120
adding isotope Ar38 L1
add baseline dbdet= Ar38. original det= L1
get baseline data Ar38 L1
Get data baseline <pychron.processing.isotope.Baseline object at 0x161b6fa90> len t=60
baseline Ar38. v=-0.0212214342185, e=0.00256451983302
get signal data Ar38 L1
Get data signal Ar38 0.389+/-0.005 len t=120
adding isotope Ar37 L2
add baseline dbdet= Ar37. original det= L2
get baseline data Ar37 L2
Get data baseline <pychron.processing.isotope.Baseline object at 0x161b6fc50> len t=60
baseline Ar37. v=-0.0218886955235, e=0.00609724848275
get signal data Ar37 L2
Get data signal Ar37 0.183+/-0.013 len t=120
adding isotope Ar36 CDD
add baseline dbdet= Ar36. original det= CDD
get baseline data Ar36 CDD
Get data baseline <pychron.processing.isotope.Baseline object at 0x161b6fe10> len t=60
baseline Ar36. v=7.44327057901e-05, e=1.19993049478e-05
get signal data Ar36 CDD
Get data signal Ar36 0.0364+/-0.0005 len t=120
65517-34 added analysis time 0.502815008163s
analysis added to mass spec database
mass spec save time= 0.510
persistence save - dvc
================= post measurement started
create new session 4983034992
close session 4983034992
---------------- Experiment Queue saving disabled
DVC saving peakcenter
Failed to find a valid peak. No peak greater than 1.0. max = 0.0416561730961
Get Checksum: 2035439760
Smart pull ahead: 0 behind: 0
Up-to-date with origin
add to repo msg=modified - ad8224ebc6dbfeb9f5997218dfa5fe690569839d.json
add to repo msg=modified - 17-34.json
add to repo msg=modified - 17-34.dat.json
add to repo msg=modified - 17-34.blan.json
add to repo msg=modified - 17-34.inte.json
add to repo msg=modified - 17-34.icfa.json
add to repo msg=modified - 17-34.base.json
not at valid file /Users/jan/PychronDev/data/.dvc/repositories/Load1782/655/tags/17-34.tags.json
add to repo msg=modified - 17-34.peak.json
add to repo msg=modified - 17-34.extr.json
not at valid file /Users/jan/PychronDev/data/.dvc/repositories/Load1782/655/monitor/17-34.moni.json
commit message=<COLLECTION>
add to repo msg=modified - 17-34.inte.json
Get Checksum: 2035439760
add to repo msg=modified - 17-34.base.json
commit message=<ISOEVO> default collection fits
add to repo msg=modified - 17-34.blan.json
commit message=<BLANKS> preceding bc-02-J-247
add to repo msg=modified - 17-34.icfa.json
commit message=<ICFactor> default
push repository <pychron.git_archive.repo_manager.GitRepoManager object at 0x15ce3b4d0>
Get Checksum: 2035439760
pushing to remote=origin, url=https://github.com
Get Checksum: 2035439760
no changes to meta repo
create new session 4983034992
add association Load1782
get identifier "65517"
setting analysis irradiation position=<pychron.dvc.dvc_orm.IrradiationPositionTbl object at 0x14a08ce10>
close session 4983034992
================= post measurement finished
02:44:03 -- ******* Post Run Check *******
loading queue conditionals post_run_actions
loading system conditionals post_run_actions
loading conditionals from /Users/jan/PychronDev/setupfiles/spectrometer/default_conditionals.yaml
loading queue conditionals post_run_terminations
loading system conditionals post_run_terminations
loading conditionals from /Users/jan/PychronDev/setupfiles/spectrometer/default_conditionals.yaml
Checking default post run terminations n=1
GetDeflection CDD ===>> 50
testing CDD==2000
evaluate ot="CDD.deflection==2000" t="CDD==2000", ctx="{'CDD': 50.0}"
02:44:03 -- ******* Post Run Check Passed *******
02:44:03 -- Automated run 65517-34 success duration: 374.360 s
----------------- finish -----------------
----------------- stop -----------------
retroactive repository identifiers disabled
finish run. runs completed=64
update duration runid=65517-34, duration=374.359734058, md5=3d9034cf
loading script "jan_co2_whiff_120_60_large.py"
loading script "jan_pump_ms.py"
loading script "jan_co2.py"
loading script "jan_pump_extraction_line.py"
testing...
no interpolation path defined
executed 266.04
script duration name:co2_whiff_120_60_large seconds:266.0
loading script "jan_co2_whiff_120_60_large.py"
loading script "jan_pump_ms.py"
loading script "jan_co2.py"
loading script "jan_pump_extraction_line.py"
testing...
no interpolation path defined
executed 0
loading script "jan_co2_whiff_120_60_large.py"
loading script "jan_pump_ms.py"
loading script "jan_co2.py"
loading script "jan_pump_extraction_line.py"
testing...
no interpolation path defined
calculate duration
testing...
no interpolation path defined
executed 0
calculate duration
testing...
no interpolation path defined
executed 0
executed 0.0
script duration name:co2 seconds:0.0
loading script "jan_co2_whiff_120_60_large.py"
loading script "jan_pump_ms.py"
loading script "jan_co2.py"
loading script "jan_pump_extraction_line.py"
testing...
no interpolation path defined
calculate duration
testing...
no interpolation path defined
executed 4.0
executed 4.0
Script duration 266.0
Run total estimated duration= 267.000
co2_whiff_120_60_large in script context. using previous estimated duration
script duration name:co2_whiff_120_60_large seconds:266.0
pump_ms in script context. using previous estimated duration
co2 in script context. using previous estimated duration
script duration name:co2 seconds:0.0
pump_extraction_line in script context. using previous estimated duration
Script duration 266.0
Run total estimated duration= 267.000
loading script "jan_unknown400_120.py"
loading script "jan_pump_ms.py"
loading script "jan_co2.py"
loading script "jan_pump_extraction_line.py"
testing...
no interpolation path defined
executed 556.052928
script duration name:unknown400_120 seconds:556.0
script duration name:co2 seconds:0.0
Script duration 556.0
Run total estimated duration= 557.000
unknown400_120 in script context. using previous estimated duration
script duration name:unknown400_120 seconds:556.0
loading script "jan_unknown400_120.py"
loading script "jan_pump_ms.py"
loading script "jan_cocktail_x1.py"
loading script "jan_pump_extraction_line.py"
testing...
no interpolation path defined
calculate duration
testing...
no interpolation path defined
executed 0
calculate duration
testing...
no interpolation path defined
executed 0
calculate duration
testing...
no interpolation path defined
executed 32.0
calculate duration
testing...
no interpolation path defined
executed 34.0
calculate duration
testing...
no interpolation path defined
executed 4.0
calculate duration
testing...
no interpolation path defined
executed 38.0
executed 108.0
script duration name:cocktail_x1 seconds:108.0
Script duration 664.0
Run total estimated duration= 665.000
loading script "jan_unknown120_60.py"
loading script "jan_pump_ms.py"
loading script "jan_cocktail_x1.py"
loading script "jan_pump_extraction_line.py"
testing...
no interpolation path defined
executed 213.652928
script duration name:unknown120_60 seconds:214.0
cocktail_x1 in script context. using previous estimated duration
script duration name:cocktail_x1 seconds:108.0
Script duration 322.0
Run total estimated duration= 323.000
loading script "jan_ic_peak_hop3.py"
loading script "jan_pump_ms.py"
loading script "jan_air_x1.py"
loading script "jan_pump_extraction_line.py"
testing...
no interpolation path defined
executed 133.8
script duration name:ic_peak_hop3 seconds:134.0
loading script "jan_ic_peak_hop3.py"
loading script "jan_pump_ms.py"
loading script "jan_air_x1.py"
loading script "jan_pump_extraction_line.py"
testing...
no interpolation path defined
calculate duration
testing...
no interpolation path defined
executed 0
calculate duration
testing...
no interpolation path defined
executed 0
calculate duration
testing...
no interpolation path defined
executed 32.0
calculate duration
testing...
no interpolation path defined
executed 34.0
calculate duration
testing...
no interpolation path defined
executed 4.0
calculate duration
testing...
no interpolation path defined
executed 36.0
executed 106.0
script duration name:air_x1 seconds:106.0
Script duration 240.0
Run total estimated duration= 241.000
script duration name:co2_whiff_120_60_large seconds:266.0
script duration name:co2 seconds:0.0
Script duration 266.0
Run total estimated duration= 267.000
script duration name:co2_whiff_120_60_large seconds:266.0
script duration name:co2 seconds:0.0
Script duration 266.0
Run total estimated duration= 267.000
script duration name:co2_whiff_120_60_large seconds:266.0
script duration name:co2 seconds:0.0
Script duration 266.0
Run total estimated duration= 267.000
script duration name:co2_whiff_120_60_large seconds:266.0
script duration name:co2 seconds:0.0
Script duration 266.0
Run total estimated duration= 267.000
script duration name:co2_whiff_120_60_large seconds:266.0
script duration name:co2 seconds:0.0
Script duration 266.0
Run total estimated duration= 267.000
script duration name:co2_whiff_120_60_large seconds:266.0
script duration name:co2 seconds:0.0
Script duration 266.0
Run total estimated duration= 267.000
script duration name:co2_whiff_120_60_large seconds:266.0
script duration name:co2 seconds:0.0
Script duration 266.0
Run total estimated duration= 267.000
script duration name:co2_whiff_120_60_large seconds:266.0
script duration name:co2 seconds:0.0
Script duration 266.0
Run total estimated duration= 267.000
script duration name:co2_whiff_120_60_large seconds:266.0
script duration name:co2 seconds:0.0
Script duration 266.0
Run total estimated duration= 267.000
script duration name:co2_whiff_120_60_large seconds:266.0
script duration name:co2 seconds:0.0
Script duration 266.0
Run total estimated duration= 267.000
script duration name:co2_whiff_120_60_large seconds:266.0
script duration name:co2 seconds:0.0
Script duration 266.0
Run total estimated duration= 267.000
script duration name:co2_whiff_120_60_large seconds:266.0
script duration name:co2 seconds:0.0
Script duration 266.0
Run total estimated duration= 267.000
script duration name:co2_whiff_120_60_large seconds:266.0
script duration name:co2 seconds:0.0
Script duration 266.0
Run total estimated duration= 267.000
script duration name:co2_whiff_120_60_large seconds:266.0
script duration name:co2 seconds:0.0
Script duration 266.0
Run total estimated duration= 267.000
script duration name:co2_whiff_120_60_large seconds:266.0
script duration name:co2 seconds:0.0
Script duration 266.0
Run total estimated duration= 267.000
script duration name:unknown400_120 seconds:556.0
script duration name:co2 seconds:0.0
Script duration 556.0
Run total estimated duration= 557.000
script duration name:unknown400_120 seconds:556.0
script duration name:cocktail_x1 seconds:108.0
Script duration 664.0
Run total estimated duration= 665.000
unknown120_60 in script context. using previous estimated duration
script duration name:unknown120_60 seconds:214.0
script duration name:cocktail_x1 seconds:108.0
Script duration 322.0
Run total estimated duration= 323.000
ic_peak_hop3 in script context. using previous estimated duration
script duration name:ic_peak_hop3 seconds:134.0
air_x1 in script context. using previous estimated duration
script duration name:air_x1 seconds:106.0
Script duration 240.0
Run total estimated duration= 241.000
script duration name:unknown400_120 seconds:556.0
loading script "jan_unknown400_120.py"
loading script "jan_pump_ms.py"
loading script "jan_sniffair_x2.py"
loading script "jan_pump_extraction_line.py"
testing...
no interpolation path defined
calculate duration
testing...
no interpolation path defined
executed 0
calculate duration
testing...
no interpolation path defined
executed 0
calculate duration
testing...
no interpolation path defined
executed 32.0
calculate duration
testing...
no interpolation path defined
executed 34.0
calculate duration
testing...
no interpolation path defined
executed 4.0
calculate duration
testing...
no interpolation path defined
executed 36.0
calculate duration
testing...
no interpolation path defined
executed 34.0
calculate duration
testing...
no interpolation path defined
executed 4.0
calculate duration
testing...
no interpolation path defined
executed 36.0
calculate duration
testing...
no interpolation path defined
executed 70.0
executed 250.0
script duration name:sniffair_x2 seconds:250.0
Script duration 806.0
Run total estimated duration= 807.000
script duration name:co2_whiff_120_60_large seconds:266.0
script duration name:co2 seconds:0.0
Script duration 266.0
Run total estimated duration= 267.000
script duration name:co2_whiff_120_60_large seconds:266.0
script duration name:co2 seconds:0.0
Script duration 266.0
Run total estimated duration= 267.000
script duration name:co2_whiff_120_60_large seconds:266.0
script duration name:co2 seconds:0.0
Script duration 266.0
Run total estimated duration= 267.000
script duration name:co2_whiff_120_60_large seconds:266.0
script duration name:co2 seconds:0.0
Script duration 266.0
Run total estimated duration= 267.000
script duration name:co2_whiff_120_60_large seconds:266.0
script duration name:co2 seconds:0.0
Script duration 266.0
Run total estimated duration= 267.000
script duration name:co2_whiff_120_60_large seconds:266.0
script duration name:co2 seconds:0.0
Script duration 266.0
Run total estimated duration= 267.000
script duration name:co2_whiff_120_60_large seconds:266.0
script duration name:co2 seconds:0.0
Script duration 266.0
Run total estimated duration= 267.000
script duration name:co2_whiff_120_60_large seconds:266.0
script duration name:co2 seconds:0.0
Script duration 266.0
Run total estimated duration= 267.000
script duration name:co2_whiff_120_60_large seconds:266.0
script duration name:co2 seconds:0.0
Script duration 266.0
Run total estimated duration= 267.000
script duration name:co2_whiff_120_60_large seconds:266.0
script duration name:co2 seconds:0.0
Script duration 266.0
Run total estimated duration= 267.000
script duration name:co2_whiff_120_60_large seconds:266.0
script duration name:co2 seconds:0.0
Script duration 266.0
Run total estimated duration= 267.000
script duration name:co2_whiff_120_60_large seconds:266.0
script duration name:co2 seconds:0.0
Script duration 266.0
Run total estimated duration= 267.000
script duration name:co2_whiff_120_60_large seconds:266.0
script duration name:co2 seconds:0.0
Script duration 266.0
Run total estimated duration= 267.000
script duration name:co2_whiff_120_60_large seconds:266.0
script duration name:co2 seconds:0.0
Script duration 266.0
Run total estimated duration= 267.000
script duration name:co2_whiff_120_60_large seconds:266.0
script duration name:co2 seconds:0.0
Script duration 266.0
Run total estimated duration= 267.000
script duration name:unknown400_120 seconds:556.0
script duration name:co2 seconds:0.0
Script duration 556.0
Run total estimated duration= 557.000
script duration name:unknown400_120 seconds:556.0
script duration name:cocktail_x1 seconds:108.0
Script duration 664.0
Run total estimated duration= 665.000
script duration name:unknown120_60 seconds:214.0
script duration name:cocktail_x1 seconds:108.0
Script duration 322.0
Run total estimated duration= 323.000
script duration name:ic_peak_hop3 seconds:134.0
script duration name:air_x1 seconds:106.0
Script duration 240.0
Run total estimated duration= 241.000
script duration name:co2_whiff_120_60_large seconds:266.0
script duration name:co2 seconds:0.0
Script duration 266.0
Run total estimated duration= 267.000
script duration name:co2_whiff_120_60_large seconds:266.0
script duration name:co2 seconds:0.0
Script duration 266.0
Run total estimated duration= 267.000
script duration name:co2_whiff_120_60_large seconds:266.0
script duration name:co2 seconds:0.0
Script duration 266.0
Run total estimated duration= 267.000
script duration name:co2_whiff_120_60_large seconds:266.0
script duration name:co2 seconds:0.0
Script duration 266.0
Run total estimated duration= 267.000
script duration name:co2_whiff_120_60_large seconds:266.0
script duration name:co2 seconds:0.0
Script duration 266.0
Run total estimated duration= 267.000
script duration name:unknown400_120 seconds:556.0
sniffair_x2 in script context. using previous estimated duration
script duration name:sniffair_x2 seconds:250.0
Script duration 806.0
Run total estimated duration= 807.000
script duration name:co2_whiff_120_60_large seconds:266.0
script duration name:co2 seconds:0.0
Script duration 266.0
Run total estimated duration= 267.000
script duration name:co2_whiff_120_60_large seconds:266.0
script duration name:co2 seconds:0.0
Script duration 266.0
Run total estimated duration= 267.000
nruns=53 before=5.0, run_dur=17385.0, btw=1560.0
write rem/ex queues
/Users/jan/PychronDev/experiments/rem/CurrentExperiment.rem.txt
/Users/jan/PychronDev/experiments/rem/CurrentExperiment.ex.txt
doing event level: 3
