do run
loading script "jan_co2_whiff_120_60_large.py"
loading script "jan_pump_ms.py"
loading script "jan_co2.py"
loading script "jan_pump_extraction_line.py"
testing...
no interpolation path defined
executed 266.04
script duration name:co2_whiff_120_60_large seconds:266.0
loading script "jan_co2_whiff_120_60_large.py"
loading script "jan_pump_ms.py"
loading script "jan_co2.py"
loading script "jan_pump_extraction_line.py"
testing...
no interpolation path defined
executed 0
loading script "jan_co2_whiff_120_60_large.py"
loading script "jan_pump_ms.py"
loading script "jan_co2.py"
loading script "jan_pump_extraction_line.py"
testing...
no interpolation path defined
calculate duration
testing...
no interpolation path defined
executed 0
calculate duration
testing...
no interpolation path defined
executed 0
executed 0.0
script duration name:co2 seconds:0.0
loading script "jan_co2_whiff_120_60_large.py"
loading script "jan_pump_ms.py"
loading script "jan_co2.py"
loading script "jan_pump_extraction_line.py"
testing...
no interpolation path defined
calculate duration
testing...
no interpolation path defined
executed 4.0
executed 4.0
Script duration 266.0
Run total estimated duration= 267.000
run duration: 0:04:27
doing event level: 2
03:41:08 -- Setting default integration. t=1.048576
setting integration time = 1.048576
SetIntegrationTime 1.048576 ===>> OK
----------------- start -----------------
**************** Experiment Type: Ar/Ar, Ar/Ar
create new session 4985261232
close session 4985261232
$$$$$ Clearing conditionals
adding conditionals detrital
extract conditionals from file. /Users/jan/PychronDev/scripts/conditionals/detrital.yaml
no attr for this modification cd={'extraction_str': '', 'attr': '', 'mapper': '', 'use_termination': False, 'start_count': 0, 'nskip': 0, 'window': 0, 'frequency': 1, 'teststr': '', 'action': 'Skip Next Run', 'ntrips': 1, 'use_truncation': False}
no attr for this cancelation cd={'mapper': '', 'window': 0, 'frequency': 1, 'attr': '', 'teststr': '', 'start_count': 0, 'ntrips': 1}
adding truncation attr="age" test="age>100.0" start="60"
adding truncation attr="Ar39" test="Ar39<0.5" start="60"
no attr for this termination cd={'mapper': '', 'window': 0, 'frequency': 1, 'attr': '', 'teststr': '', 'start_count': 0, 'ntrips': 1}
Invalid conditional kind="pre_run_terminations"
no attr for this action cd={'mapper': '', 'attr': '', 'start_count': 0, 'window': 0, 'frequency': 1, 'teststr': '', 'action': None, 'ntrips': 1}
Invalid conditional kind="post_run_terminations"
Add queue conditionals
add default conditionals
adding default conditionals from /Users/jan/PychronDev/setupfiles/spectrometer/default_conditionals.yaml
Start automated run 65518-02
loading script "jan_co2_whiff_120_60_large.py"
loading script "jan_pump_ms.py"
loading script "jan_co2.py"
loading script "jan_pump_extraction_line.py"
%%%%%%%%%%%%%%%%%% setting automated run 65518-02
No value "sensitivity_multiplier" in metadata
$$$$$$$$$$$$$$$ auto_save_detector_ic=False
============================= Pre Extraction Check =============================
loading queue conditionals pre_run_terminations
loading system conditionals pre_run_terminations
loading conditionals from /Users/jan/PychronDev/setupfiles/spectrometer/default_conditionals.yaml
03:41:08 -- ******* Pre Extraction Check *******
Get a measurement from the spectrometer
GetData ===>> H2,-0.290356390456174,H1,-0.0362708353463635,AX,-0.0196145383479108,L1,0.00327577255401895,L2,0.0...
Pre Extraction Termination data. keys=H2,H1,AX,L1,L2,CDD, signals=-0.29036,-0.03627,-0.01961,0.00328,0.02214,0.00000
03:41:08 -- testing system defined conditionals
Checking default pre extraction terminations n=2
testing CDD
evaluate ot="CDD.inactive" t="CDD", ctx="{'CDD': False}"
GetDeflection CDD ===>> 50
testing CDD==2000
evaluate ot="CDD.deflection==2000" t="CDD==2000", ctx="{'CDD': 50.0}"
03:41:08 -- ******* Pre Extraction Check Passed *******
=================================================================================
03:41:08 -- stopping status monitor
stop 4976082864
Alive clients [4983386864]
03:41:08 -- starting status monitor
start 4976082864
Monitor already running
start extraction
do extraction
Analysis started at 03:41:08.648773
Extraction Started jan_co2.py
03:41:08 -- ******* Extraction Started jan_co2.py *******
state changed from not run to extraction
DO EXTRACTION <pychron.extraction_line.pyscript_runner.RemotePyScriptRunner object at 0x12bb183b0>
testing...
no interpolation path defined
calculate duration
testing...
no interpolation path defined
executed 0
calculate duration
testing...
no interpolation path defined
executed 0
executed 100.0
Jan CO2 laser analysis
doing GOSUB
testing...
no interpolation path defined
executed 0
Waiting for CO2 access
wait ('FelixCO2Flag', 0) {}
waiting for FelixCO2Flag = 0
Read FelixCO2Flag ===>> 0
finished waiting
CO2 free
wait ('CO2PumpTimeFlag', 0) {}
waiting for CO2PumpTimeFlag = 0
Read CO2PumpTimeFlag ===>> 0
finished waiting
acquire ('JanCO2Flag',) {'clear': True}
acquire JanCO2Flag
Set JanCO2Flag 1 ===>> OK
JanCO2Flag acquired
set extraction state False (0.75, 'red', 1.5)
CO2 acquired
executed 0
WaitForCO2Access.py completed successfully
gosub finished
doing GOSUB
testing...
no interpolation path defined
executed 0
Prepare for CO2 analysis
close () {'description': 'Jan Inlet'}
closing name=--- desc=Jan Inlet
checking ownership. requestor=129.138.12.150
check software interlocks R
interlocks []
actuate state mode=None-script, software_lock=False
doing actuation None-script close_channel False
Close R ===>> OK
GetIndicatorState R ===>> False
change switch state (True, True)
update switch state R False args=() kw={} ncanvase=2
03:41:09 -- CLOSE  VALVE-R (Jan Inlet)
---------------------------------------- close None (Jan Inlet) result=[(True, True)]
action=close, ok=True, locked=[False]
open () {'description': 'Jan Ion Pump'}
opening name=--- desc=Jan Ion Pump
checking ownership. requestor=129.138.12.150
check software interlocks O
interlocks []
actuate state mode=None-script, software_lock=False
doing actuation None-script open_channel False
Open O ===>> OK
GetIndicatorState O ===>> OK
change switch state (True, True)
update switch state O True args=() kw={} ncanvase=2
03:41:09 -- OPEN   VALVE-O (Jan Ion Pump)
---------------------------------------- open None (Jan Ion Pump) result=[(True, True)], time=0.11 sec
action=open, ok=True, locked=[False]
close () {'description': 'Microbone to Minibone'}
closing name=--- desc=Microbone to Minibone
checking ownership. requestor=129.138.12.150
check software interlocks L
interlocks []
actuate state mode=None-script, software_lock=False
doing actuation None-script close_channel False
Close L ===>> OK
GetIndicatorState L ===>> False
change switch state (True, True)
update switch state L False args=() kw={} ncanvase=2
03:41:10 -- CLOSE  VALVE-L (Microbone to Minibone)
---------------------------------------- close None (Microbone to Minibone) result=[(True, True)]
action=close, ok=True, locked=[False]
open () {'description': 'Microbone to Turbo'}
opening name=--- desc=Microbone to Turbo
checking ownership. requestor=129.138.12.150
check software interlocks U
interlocks []
actuate state mode=None-script, software_lock=False
doing actuation None-script open_channel False
Open U ===>> OK
GetIndicatorState U ===>> OK
change switch state (True, True)
update switch state U True args=() kw={} ncanvase=2
03:41:10 -- OPEN   VALVE-U (Microbone to Turbo)
---------------------------------------- open None (Microbone to Turbo) result=[(True, True)], time=0.15 sec
action=open, ok=True, locked=[False]
open () {'description': 'Microbone to Inlet Pipette'}
opening name=--- desc=Microbone to Inlet Pipette
checking ownership. requestor=129.138.12.150
check software interlocks S
interlocks []
actuate state mode=None-script, software_lock=False
doing actuation None-script open_channel False
Open S ===>> OK
Get Checksum: 2035439760
GetIndicatorState S ===>> OK
change switch state (True, True)
update switch state S True args=() kw={} ncanvase=2
03:41:11 -- OPEN   VALVE-S (Microbone to Inlet Pipette)
---------------------------------------- open None (Microbone to Inlet Pipette) result=[(True, True)], time=0.43 sec
action=open, ok=True, locked=[False]
open () {'description': 'Microbone to Getter D-50'}
opening name=--- desc=Microbone to Getter D-50
checking ownership. requestor=129.138.12.150
check software interlocks K
interlocks []
actuate state mode=None-script, software_lock=False
doing actuation None-script open_channel False
Open K ===>> OK
GetIndicatorState K ===>> OK
change switch state (True, True)
update switch state K True args=() kw={} ncanvase=2
03:41:11 -- OPEN   VALVE-K (Microbone to Getter D-50)
---------------------------------------- open None (Microbone to Getter D-50) result=[(True, True)], time=0.41 sec
action=open, ok=True, locked=[False]
open () {'description': 'Microbone to Getter NP-10'}
opening name=--- desc=Microbone to Getter NP-10
checking ownership. requestor=129.138.12.150
check software interlocks M
interlocks []
actuate state mode=None-script, software_lock=False
doing actuation None-script open_channel False
Open M ===>> OK
GetIndicatorState M ===>> OK
change switch state (True, True)
update switch state M True args=() kw={} ncanvase=2
03:41:12 -- OPEN   VALVE-M (Microbone to Getter NP-10)
---------------------------------------- open None (Microbone to Getter NP-10) result=[(True, True)], time=0.15 sec
action=open, ok=True, locked=[False]
close () {'description': 'CO2 Laser to Felix'}
closing name=--- desc=CO2 Laser to Felix
checking ownership. requestor=129.138.12.150
check software interlocks F
interlocks []
actuate state mode=None-script, software_lock=True
VALVE-F(CO2 Laser to Felix) software locked
change switch state (True, False)
---------------------------------------- close None (CO2 Laser to Felix) result=[(True, False)]
action=close, ok=True, locked=[True]
open () {'description': 'CO2 Laser to Jan'}
opening name=--- desc=CO2 Laser to Jan
checking ownership. requestor=129.138.12.150
check software interlocks A
interlocks []
actuate state mode=None-script, software_lock=False
doing actuation None-script open_channel False
Open A ===>> OK
GetIndicatorState A ===>> OK
change switch state (True, True)
update switch state A True args=() kw={} ncanvase=2
03:41:12 -- OPEN   VALVE-A (CO2 Laser to Jan)
---------------------------------------- open None (CO2 Laser to Jan) result=[(True, True)], time=0.13 sec
action=open, ok=True, locked=[False]
open () {'description': 'Microbone to CO2 Laser'}
opening name=--- desc=Microbone to CO2 Laser
checking ownership. requestor=129.138.12.150
check software interlocks T
interlocks []
actuate state mode=None-script, software_lock=False
doing actuation None-script open_channel False
Open T ===>> OK
GetIndicatorState T ===>> OK
change switch state (True, True)
update switch state T True args=() kw={} ncanvase=2
03:41:13 -- OPEN   VALVE-T (Microbone to CO2 Laser)
---------------------------------------- open None (Microbone to CO2 Laser) result=[(True, True)], time=0.42 sec
action=open, ok=True, locked=[False]
executed 0
PrepareForCO2Analysis.py completed successfully
gosub finished
set_motor ('beam', '1.25') {}
setting motor "beam" to 1.25
set motor beam to 1.25
SetMotor beam,1.25 ===>> OK
Get Checksum: 2035439760
GetMotorMoving beam ===>> False
GetMotorMoving beam ===>> False
Block completed
move_to_position ('166',) {'autocenter': True}
FusionsCO2 move to position 166
sending GoToHole 166,True
GoToHole 166,True ===>> OK
GetDriveMoving ===>> OK
GetDriveMoving ===>> OK
GetDriveMoving ===>> OK
GetDriveMoving ===>> OK
GetDriveMoving ===>> OK
GetDriveMoving ===>> OK
GetDriveMoving ===>> OK
GetDriveMoving ===>> False
Get Checksum: 2035439760
GetDriveMoving ===>> False
Block completed
GetAutoCorrecting ===>> OK
GetAutoCorrecting ===>> OK
GetAutoCorrecting ===>> OK
GetAutoCorrecting ===>> False
GetAutoCorrecting ===>> False
Block completed
update position
GetPosition ===>> 9.96950,-5.98170,1.00000
got position (9.9695, -5.9817, 1.0)
move to position succeeded
sleep (5,) {}
SLEEP 5.0
block started
WaitControl setup for 5.0  
Get Checksum: 2035439760
Get Checksum: 2035439760
Join finished
block finished. duration 5.01616096497
close () {'description': 'Microbone to Turbo'}
closing name=--- desc=Microbone to Turbo
checking ownership. requestor=129.138.12.150
check software interlocks U
interlocks []
actuate state mode=None-script, software_lock=False
doing actuation None-script close_channel True
Close U ===>> OK
GetIndicatorState U ===>> False
change switch state (True, True)
update switch state U False args=() kw={} ncanvase=2
03:41:25 -- CLOSE  VALVE-U (Microbone to Turbo)
---------------------------------------- close None (Microbone to Turbo) result=[(True, True)]
action=close, ok=True, locked=[False]
enable laser
enable () {}
set extraction state FusionsCO2 Enabled (False, 'red', 1.5)
enabling laser
Enable ===>> OK
begin interval
BEGIN INTERVAL Interval 1 waiting for 30.0
block started
set extract to 5.0
WaitControl setup for 30.0  
extract (5.0,) {}
GetPosition ===>> 9.96950,-5.98170,1.00000
set extraction state FusionsCO2 ON! 5.0(watts) (0.75, 'red', 1.5)
extract sample to 5.0 (watts)
set laser output
SetLaserOutput 5.0,watts ===>> OK
executing pattern triangle.lp
execute_pattern ('triangle.lp',) {}
executing pattern triangle.lp
Get Checksum: -1640178555
IsPatterning ===>> OK
IsPatterning ===>> OK
Get Checksum: -1640178555
IsPatterning ===>> OK
IsPatterning ===>> OK
IsPatterning ===>> OK
Get Checksum: -1640178555
IsPatterning ===>> OK
IsPatterning ===>> OK
IsPatterning ===>> OK
Get Checksum: -1640178555
IsPatterning ===>> OK
IsPatterning ===>> OK
IsPatterning ===>> OK
Get Checksum: -1640178555
IsPatterning ===>> OK
IsPatterning ===>> OK
IsPatterning ===>> OK
Get Checksum: -1640178555
IsPatterning ===>> OK
IsPatterning ===>> OK
IsPatterning ===>> OK
Get Checksum: -1640178555
IsPatterning ===>> OK
IsPatterning ===>> OK
IsPatterning ===>> OK
Get Checksum: -1640178555
IsPatterning ===>> OK
IsPatterning ===>> OK
IsPatterning ===>> OK
Get Checksum: -1640178555
IsPatterning ===>> OK
IsPatterning ===>> OK
IsPatterning ===>> OK
Get Checksum: -1640178555
IsPatterning ===>> OK
IsPatterning ===>> OK
Join finished
block finished. duration 30.055847168
Interval 1 finished
IsPatterning ===>> False
Get Checksum: -1640178555
IsPatterning ===>> False
Block completed
COMPLETE INTERVAL waiting for Interval 1 to complete
end_extract () {}
ending extraction. set laser power to 0
set laser power 0
SetLaserPower 0 ===>> OK
disable () {}
%%%%%%%%%%%%%%%%%%%%%%%%%%%%%%%%%%% disable
set extraction state False (0.75, 'red', 1.5)
disabling laser
Disable ===>> OK
sleep (30.0,) {}
SLEEP 30.0
block started
WaitControl setup for 30.0  
Get Checksum: -1640178555
Get Checksum: -1640178555
Get Checksum: -1640178555
Get Checksum: -1640178555
Get Checksum: -1640178555
Get Checksum: -1640178555
Get Checksum: -1640178555
Get Checksum: -1640178555
Get Checksum: -1640178555
Join finished
block finished. duration 30.0245668888
executed 165.0
jan_co2.py completed successfully
GetAchievedOutput ===>> No Response
Requested Output= 0.000
Achieved Output=  0.000
GetResponseBlob ===>> No Response
GetOutputBlob ===>> No Response
persistence save...
persistence save - db
AutomatedRunPersister post_extraction_save deprecated
persistence save - dvc
no extraction position for 166
create new session 4983034992
close session 4983034992
Extraction Finished
03:42:27 -- ******* Extraction Finished *******
no overlap. not waiting for min ms pumptime
03:42:27 -- Sending spectrometer configuration
======== Sending configuration ========
SetDeflection CDD,50.0 ===>> OK
SetDeflection H2,0.0 ===>> OK
SetDeflection H1,0.0 ===>> OK
SetDeflection L2,825.0 ===>> OK
SetDeflection L1,400.0 ===>> OK
SetDeflection AX,190.0 ===>> OK
SetZFocus 74.64 ===>> OK
SetZSymmetry -50.72 ===>> OK
SetExtractionLens 26.13 ===>> OK
SetIonRepeller -3.81 ===>> OK
SetElectronEnergy 75.08 ===>> OK
SetYSymmetry -2.81 ===>> OK
SetIonCounterVoltage 1590.0 ===>> OK
send trap current 200.0
GetParameter Trap Current Readback ===>> 197.811389855338
SetParameter Trap Current Set,200.0 ===>> OK
updating mftable name mftable
Using mftable located at /Users/jan/PychronDev/setupfiles/spectrometer/mftables/mftable.csv
============ MFtable ===========
Isotope  H2     H1     AX     L1     L2     CDD    
Ar40     5.7768 5.8786 5.9919 6.1168 6.2305 6.3450
Ar39     5.6761 5.7708 5.8843 6.0028 6.1156 6.2315
Ar36     5.3536 5.4398 5.5476 5.6617 5.7706 5.8826
================================
get initial guess parabolic
get initial guess parabolic
get initial guess parabolic
get initial guess parabolic
get initial guess parabolic
get initial guess parabolic
======== Configuration Finished ========
GetYSymmetry ===>> -2.81
GetZSymmetry ===>> -50.72
GetParameter Trap Current Readback ===>> 197.811389855338
GetHighVoltage ===>> 4499.94659342336
start measurement
do measurement
L#=65518 analysis type=unknown
Measurement Started jan_co2_whiff_120_60_large.py
03:42:27 -- ******* Measurement Started jan_co2_whiff_120_60_large.py *******
state changed from extraction to measurement
setting spec, defl, and gains
GetExtractionLens ===>> 26.13
GetYSymmetry ===>> -2.81
GetZSymmetry ===>> -50.72
GetZFocus ===>> 74.64
GetDeflection H2 ===>> 0
GetDeflection H1 ===>> 0
GetDeflection AX ===>> 190
GetDeflection L1 ===>> 400
GetDeflection L2 ===>> 825
GetDeflection CDD ===>> 50
GetGain H2 ===>> 0.0113
GetGain H1 ===>> 0.1
GetGain AX ===>> 0.097049
GetGain L1 ===>> 0.010355
GetGain L2 ===>> 0.095649
GetGain CDD ===>> 0
pre measurement save
New frame /Users/jan/PychronDev/data/isotopes/a3/1d9d9d-5547-4022-b6b5-b1ce6895c2bd.h5
flush and close file /Users/jan/PychronDev/data/isotopes/a3/1d9d9d-5547-4022-b6b5-b1ce6895c2bd.h5
testing...
no interpolation path defined
executed 266.04
co2 whiff measurement script
activate_detectors ('H2', 'H1', 'AX', 'L1', 'L2', 'CDD') {}
activate detectors
*************** Set Analysis View Ar/Ar
create graphs
clearing graphs
clear isotope group
setting isotope det=H2, iso=PM41
setting isotope det=H1, iso=Ar40
setting isotope det=AX, iso=Ar39
setting isotope det=L1, iso=Ar38
setting isotope det=L2, iso=Ar37
setting isotope det=CDD, iso=Ar36
setting previous blanks
 - setting Ar40 blank 0.215+/-0.007
 - setting Ar36 blank 0.00492+/-0.00018
 - setting Ar37 blank 0.058+/-0.005
 - setting Ar38 blank 0.0098+/-0.0022
 - setting PM41 blank 0.00+/-0.06
 - setting Ar39 blank 0.036+/-0.009
load analysis view
position_magnet ('Ar40',) {'detector': 'H1'}
detector Detector(H1)
POSITION Ar40 H1
setting detector H2 to PM41 (40.9624)
setting detector H1 to Ar40 (39.9624)
setting detector AX to Ar39 (38.9624)
setting detector L1 to Ar38 (37.9624)
setting detector L2 to Ar37 (36.9624)
setting detector CDD to Ar36 (35.9624)
Mapping mass to dac mass func: "parabolic"
H1 map mass coeffs = [-0.00063987  0.15840543  0.57017999]
H1 map mass to dac 39.9624 >> 5.87857
GetDeflection H1 ===>> 0
GetHighVoltage ===>> 4499.94659342336
positioning Ar40 (5.87853538165) on H1
setting magnet DAC
current  : 5.301499
requested: 5.878535
Delta Dac: 0.577037
Checking detector protection. dv=0.57704
Checking detector "CDD". Protection Threshold: 0.1 (V)
ProtectDetector CDD,On ===>> OK
GetDeflection CDD ===>> 2000
SetMagnetDAC 5.87853538165 ===>> OK
Magnet settling time: 0.500
Get Checksum: -1640178555
GetMagnetMoving ===>> True
GetMagnetMoving ===>> True
GetMagnetMoving ===>> True
GetMagnetMoving ===>> True
GetMagnetMoving ===>> True
GetMagnetMoving ===>> True
GetMagnetMoving ===>> True
GetMagnetMoving ===>> True
GetMagnetMoving ===>> False
ProtectDetector CDD,Off ===>> OK
GetDeflection CDD ===>> 50
close ('S',) {}
closing name=S desc=---
checking ownership. requestor=129.138.12.150
check software interlocks S
interlocks []
actuate state mode=None-script, software_lock=False
doing actuation None-script close_channel True
Close S ===>> OK
GetIndicatorState S ===>> False
change switch state (True, True)
update switch state S False args=() kw={} ncanvase=2
03:42:31 -- CLOSE  VALVE-S (Microbone to Inlet Pipette)
---------------------------------------- close S () result=[(True, True)]
Get Checksum: -1299730166
action=close, ok=True, locked=[False]
equilibrate () {'do_post_equilibration': False, 'inlet': 'R', 'outlet': 'O', 'eqtime': 4}
Equilibration Started
03:42:31 -- ******* Equilibration Started *******
checking ownership. requestor=129.138.12.150
check software interlocks O
interlocks []
actuate state mode=None-script, software_lock=False
doing actuation None-script close_channel True
Close O ===>> OK
GetIndicatorState O ===>> False
change switch state (True, True)
update switch state O False args=() kw={} ncanvase=2
03:42:32 -- CLOSE  VALVE-O (Jan Ion Pump)
waiting 3s before opening inlet value ('R',)
Get Checksum: 1680446728
checking ownership. requestor=129.138.12.150
check software interlocks R
interlocks []
actuate state mode=None-script, software_lock=False
doing actuation None-script open_channel True
Open R ===>> OK
GetIndicatorState R ===>> OK
change switch state (True, True)
update switch state R True args=() kw={} ncanvase=2
03:42:35 -- OPEN   VALVE-R (Jan Inlet)
set_time_zero (0,) {}
equilibrating for 4sec
sniff (4,) {}
py_sniff
build tables- sniff [Detector(H2), Detector(H1), Detector(AX), Detector(L1), Detector(L2), Detector(CDD)]
add group /sniff/PM41 (Group) '' table H2
add group /sniff/Ar40 (Group) '' table H1
add group /sniff/Ar39 (Group) '' table AX
add group /sniff/Ar38 (Group) '' table L1
add group /sniff/Ar37 (Group) '' table L2
add group /sniff/Ar36 (Group) '' table CDD
flush and close file /Users/jan/PychronDev/data/isotopes/a3/1d9d9d-5547-4022-b6b5-b1ce6895c2bd.h5
measuring sniff. ncounts=4
starting measurement
GetData ===>> H2,1.41135159388589,H1,0.706605352664691,AX,3.10037653492046,L1,0.13993864313899,L2,0.74093655221...
GetData ===>> H2,6.11228936108393,H1,2.55188280026502,AX,5.23547923602024,L1,0.92274980191034,L2,0.991395366668...
Get Checksum: 529246153
GetData ===>> H2,2.45869963168133,H1,2.19325979941842,AX,2.0796805808444,L1,0.797172582760395,L2,0.336853868071...
GetData ===>> H2,0.743167563391191,H1,1.97364081289779,AX,1.09632162629057,L1,0.501755678499631,L2,0.1696654247...
Equilibration Finished
03:42:39 -- ******* Equilibration Finished *******
checking ownership. requestor=129.138.12.150
check software interlocks R
interlocks []
actuate state mode=None-script, software_lock=False
doing actuation None-script close_channel True
Close R ===>> OK
set states for children of R. state=False
handle state [('R', False)]
update switch state R False args=() kw={'refresh': False} ncanvase=2
refresh_canvas_needed fired
measurement finished
estimated time: 4.194 actual time: :4.261
flush and close file /Users/jan/PychronDev/data/isotopes/a3/1d9d9d-5547-4022-b6b5-b1ce6895c2bd.h5
set_fits () {}
using default fits file=/Users/jan/PychronDev/scripts/measurement/fits/nominal_linear.yaml
set "Ar40" to "('Linear', 'SEM')"
No fit for "PM41". defaulting to linear. check the measurement script "jan_co2_whiff_120_60_large.py"
set "PM41" to "linear"
set "Ar36" to "('Linear', 'SEM')"
set "Ar37" to "('linear', 'SEM')"
set "Ar38" to "('linear', 'SEM')"
set "Ar39" to "('Linear', 'SEM')"
set_baseline_fits () {}
GetIndicatorState R ===>> False
change switch state (True, True)
update switch state R False args=() kw={} ncanvase=2
using default fits file=/Users/jan/PychronDev/scripts/measurement/fits/nominal_linear.yaml
set "H1" to "('average', 'SEM')"
set "H2" to "('average', 'SEM')"
03:42:40 -- CLOSE  VALVE-R (Jan Inlet)
set "CDD" to "('average', 'SEM')"
set "L2" to "('average', 'SEM')"
set "L1" to "('average', 'SEM')"
set "AX" to "('average', 'SEM')"
whiff () {'ncounts': 1, 'conditionals': [{'action': 'run_remainder', 'attr': 'Ar40', 'teststr': 'Ar40.cur<=175'}, {'action': 'run_pipette', 'attr': 'Ar40', 'teststr': 'Ar40.cur>500'}, {'action': 'run_chamber_split', 'attr': 'Ar40', 'teststr': 'Ar40.cur>=300'}, {'action': 'pump', 'attr': 'Ar40', 'teststr': 'Ar40.cur>175'}]}
build tables- whiff [Detector(H2), Detector(H1), Detector(AX), Detector(L1), Detector(L2), Detector(CDD)]
add group /whiff/PM41 (Group) '' table H2
add group /whiff/Ar40 (Group) '' table H1
add group /whiff/Ar39 (Group) '' table AX
add group /whiff/Ar38 (Group) '' table L1
add group /whiff/Ar37 (Group) '' table L2
add group /whiff/Ar36 (Group) '' table CDD
flush and close file /Users/jan/PychronDev/data/isotopes/a3/1d9d9d-5547-4022-b6b5-b1ce6895c2bd.h5
measuring whiff. ncounts=1
starting measurement
GetData ===>> H2,0.439381842436092,H1,2.02574592484031,AX,0.82818313429251,L1,0.288904769554317,L2,0.0888809788...
Get Checksum: 1680446728
testing Ar40<=175
evaluate ot="Ar40.cur<=175" t="Ar40<=175", ctx="{'Ar40': 2.0257459248403098}"
condition Ar40<=175 is true trips=1/1
03:42:41 -- Conditional tripped: Ar40.cur<=175 condition Ar40<=175 is True
measurement finished
estimated time: 1.049 actual time: :1.105
flush and close file /Users/jan/PychronDev/data/isotopes/a3/1d9d9d-5547-4022-b6b5-b1ce6895c2bd.h5
WHIFF Result=run_remainder
Whiff result=run_remainder
open ('R',) {}
opening name=R desc=---
checking ownership. requestor=129.138.12.150
check software interlocks R
interlocks []
actuate state mode=None-script, software_lock=False
doing actuation None-script open_channel True
Open R ===>> OK
set states for children of R. state=True
handle state [('R', True)]
update switch state R True args=() kw={'refresh': False} ncanvase=2
refresh_canvas_needed fired
GetIndicatorState R ===>> OK
change switch state (True, True)
update switch state R True args=() kw={} ncanvase=2
03:42:42 -- OPEN   VALVE-R (Jan Inlet)
---------------------------------------- open R () result=[(True, True)], time=0.39 sec
action=open, ok=True, locked=[False]
open ('S',) {}
opening name=S desc=---
checking ownership. requestor=129.138.12.150
check software interlocks S
interlocks []
actuate state mode=None-script, software_lock=False
doing actuation None-script open_channel True
Open S ===>> OK
GetIndicatorState S ===>> OK
change switch state (True, True)
update switch state S True args=() kw={} ncanvase=2
03:42:43 -- OPEN   VALVE-S (Microbone to Inlet Pipette)
---------------------------------------- open S () result=[(True, True)], time=0.51 sec
action=open, ok=True, locked=[False]
sleep (12.0,) {}
SLEEP 12.0
block started
WaitControl setup for 12.0  
Get Checksum: -173909521
Get Checksum: -173909521
Get Checksum: -173909521
Get Checksum: -173909521
Join finished
block finished. duration 12.028553009
close ('R',) {}
closing name=R desc=---
checking ownership. requestor=129.138.12.150
check software interlocks R
interlocks []
actuate state mode=None-script, software_lock=False
doing actuation None-script close_channel True
Close R ===>> OK
GetIndicatorState R ===>> False
change switch state (True, True)
update switch state R False args=() kw={} ncanvase=2
03:42:56 -- CLOSE  VALVE-R (Jan Inlet)
---------------------------------------- close R () result=[(True, True)]
action=close, ok=True, locked=[False]
post_equilibration () {}
multicollect () {'integration_time': 1, 'ncounts': 120.0}
Post Equilibration Started jan_pump_extraction_line.py
build tables- signal [Detector(H2), Detector(H1), Detector(AX), Detector(L1), Detector(L2), Detector(CDD)]
03:42:56 -- ******* Post Equilibration Started jan_pump_extraction_line.py *******
add group /signal/PM41 (Group) '' table H2
testing...
add group /signal/Ar40 (Group) '' table H1
no interpolation path defined
add group /signal/Ar39 (Group) '' table AX
calculate duration
add group /signal/Ar38 (Group) '' table L1
testing...
add group /signal/Ar37 (Group) '' table L2
no interpolation path defined
add group /signal/Ar36 (Group) '' table CDD
executed 4.0
flush and close file /Users/jan/PychronDev/data/isotopes/a3/1d9d9d-5547-4022-b6b5-b1ce6895c2bd.h5
executed 4.0
measuring signal. ncounts=120.0
Pump after analysis
doing GOSUB
testing...
no interpolation path defined
executed 4.0
Pump Microbone
Get Checksum: -423938523
close () {'description': 'Jan Inlet'}
closing name=--- desc=Jan Inlet
checking ownership. requestor=129.138.12.150
check software interlocks R
interlocks []
actuate state mode=None-script, software_lock=False
doing actuation None-script close_channel False
Close R ===>> OK
GetIndicatorState R ===>> False
change switch state (True, True)
update switch state R False args=() kw={} ncanvase=2
03:42:56 -- CLOSE  VALVE-R (Jan Inlet)
---------------------------------------- close None (Jan Inlet) result=[(True, True)]
starting measurement
GetData ===>> H2,0.118068114397905,H1,50.7157154497098,AX,13.7639579332299,L1,0.223906469842286,L2,0.1711711596...
action=close, ok=True, locked=[False]
is_closed ('F',) {}
is F () closed?
is closed True
open () {'description': 'CO2 Laser to Jan'}
opening name=--- desc=CO2 Laser to Jan
checking ownership. requestor=129.138.12.150
check software interlocks A
interlocks []
actuate state mode=None-script, software_lock=False
doing actuation None-script open_channel False
Open A ===>> OK
GetIndicatorState A ===>> OK
change switch state (True, True)
update switch state A True args=() kw={} ncanvase=2
03:42:57 -- OPEN   VALVE-A (CO2 Laser to Jan)
---------------------------------------- open None (CO2 Laser to Jan) result=[(True, True)], time=0.16 sec
action=open, ok=True, locked=[False]
sleep (1,) {}
SLEEP 1.0
GetData ===>> H2,0.0998161945444245,H1,50.6571538518862,AX,13.5313682259282,L1,0.223210388944114,L2,0.228612092...
close () {'description': 'CO2 Laser to Roughing'}
closing name=--- desc=CO2 Laser to Roughing
checking ownership. requestor=129.138.12.150
check software interlocks G
interlocks []
actuate state mode=None-script, software_lock=True
VALVE-G(CO2 Laser to Roughing) software locked
change switch state (True, False)
---------------------------------------- close None (CO2 Laser to Roughing) result=[(True, False)]
action=close, ok=True, locked=[True]
open () {'description': 'Microbone to Turbo'}
opening name=--- desc=Microbone to Turbo
checking ownership. requestor=129.138.12.150
check software interlocks U
interlocks []
actuate state mode=None-script, software_lock=False
doing actuation None-script open_channel True
Open U ===>> OK
GetIndicatorState U ===>> OK
change switch state (True, True)
update switch state U True args=() kw={} ncanvase=2
03:42:58 -- OPEN   VALVE-U (Microbone to Turbo)
---------------------------------------- open None (Microbone to Turbo) result=[(True, True)], time=0.20 sec
action=open, ok=True, locked=[False]
open () {'description': 'Microbone to Getter NP-10'}
opening name=--- desc=Microbone to Getter NP-10
checking ownership. requestor=129.138.12.150
check software interlocks M
interlocks []
actuate state mode=None-script, software_lock=False
doing actuation None-script open_channel False
Open M ===>> OK
GetIndicatorState M ===>> OK
change switch state (True, True)
GetData ===>> H2,-0.0280206667113197,H1,50.5990644145928,AX,13.4848098333804,L1,0.209487580084693,L2,0.25627225...
update switch state M True args=() kw={} ncanvase=2
03:42:59 -- OPEN   VALVE-M (Microbone to Getter NP-10)
---------------------------------------- open None (Microbone to Getter NP-10) result=[(True, True)], time=0.14 sec
action=open, ok=True, locked=[False]
open () {'description': 'Microbone to Getter D-50'}
opening name=--- desc=Microbone to Getter D-50
checking ownership. requestor=129.138.12.150
check software interlocks K
interlocks []
actuate state mode=None-script, software_lock=False
doing actuation None-script open_channel False
Open K ===>> OK
Get Checksum: -110011688
GetIndicatorState K ===>> OK
change switch state (True, True)
update switch state K True args=() kw={} ncanvase=2
03:42:59 -- OPEN   VALVE-K (Microbone to Getter D-50)
---------------------------------------- open None (Microbone to Getter D-50) result=[(True, True)], time=0.41 sec
action=open, ok=True, locked=[False]
open () {'description': 'Microbone to CO2 Laser'}
opening name=--- desc=Microbone to CO2 Laser
checking ownership. requestor=129.138.12.150
check software interlocks T
interlocks []
actuate state mode=None-script, software_lock=False
doing actuation None-script open_channel False
GetData ===>> H2,-0.0154045158539018,H1,50.5801270337222,AX,13.4163313012438,L1,0.180949348416482,L2,0.28236913...
Open T ===>> OK
GetIndicatorState T ===>> OK
change switch state (True, True)
update switch state T True args=() kw={} ncanvase=2
03:43:00 -- OPEN   VALVE-T (Microbone to CO2 Laser)
---------------------------------------- open None (Microbone to CO2 Laser) result=[(True, True)], time=0.42 sec
action=open, ok=True, locked=[False]
open () {'description': 'Microbone to Inlet Pipette'}
opening name=--- desc=Microbone to Inlet Pipette
checking ownership. requestor=129.138.12.150
check software interlocks S
interlocks []
actuate state mode=None-script, software_lock=False
doing actuation None-script open_channel False
Open S ===>> OK
GetIndicatorState S ===>> OK
change switch state (True, True)
update switch state S True args=() kw={} ncanvase=2
03:43:01 -- OPEN   VALVE-S (Microbone to Inlet Pipette)
---------------------------------------- open None (Microbone to Inlet Pipette) result=[(True, True)], time=0.40 sec
GetData ===>> H2,-0.0985647933984344,H1,50.6021137945454,AX,13.3658685167001,L1,0.196354059014207,L2,0.11986404...
action=open, ok=True, locked=[False]
sleep (1,) {}
SLEEP 1.0
GetData ===>> H2,-0.0970752912909068,H1,50.6849963480124,AX,13.4419543296079,L1,0.178415968236046,L2,0.11708222...
set_resource () {'name': 'CO2PumpTimeFlag', 'value': 30}
Set CO2PumpTimeFlag 30 ===>> OK
release ('JanCO2Flag',) {}
release JanCO2Flag
Set JanCO2Flag 0 ===>> OK
executed 6.0
PumpMicrobone.py completed successfully
gosub finished
get_resource_value () {'name': 'JanMiniboneFlag'}
Read JanMiniboneFlag ===>> 0
Get Resource Value JanMiniboneFlag=0.0
get resource value 0.0
get_resource_value () {'name': 'JanMiniboneFlag'}
Read JanMiniboneFlag ===>> 0
Get Resource Value JanMiniboneFlag=0.0
executed 4.0
jan_pump_extraction_line.py completed successfully
Post Equilibration Finished
03:43:02 -- ******* Post Equilibration Finished *******
Get Checksum: -110011688
GetData ===>> H2,-0.104093200986615,H1,50.6869095322489,AX,13.4496908234755,L1,0.155012374472205,L2,0.068455922...
GetData ===>> H2,-0.18064330048785,H1,50.6137290237797,AX,13.4579858764883,L1,0.134174044891048,L2,0.1739773651...
GetData ===>> H2,-0.105653501136858,H1,50.5353284230602,AX,13.3631282134995,L1,0.144114681061975,L2,0.151370356...
Get Checksum: -110011688
GetData ===>> H2,-0.0229860926892164,H1,50.6515352891914,AX,13.3686088920912,L1,0.174533566135302,L2,0.24221856...
GetData ===>> H2,-0.0813068127411363,H1,50.562373034416,AX,13.4188722486335,L1,0.209401515397409,L2,0.185898951...
GetData ===>> H2,-0.0735982292851042,H1,50.5766148899569,AX,13.3736806369845,L1,0.249403415415289,L2,0.18379973...
Get Checksum: -110011688
GetData ===>> H2,-0.0876923578882584,H1,50.6320067644589,AX,13.4114850809441,L1,0.216188313535922,L2,0.22602114...
GetData ===>> H2,-0.089848435509869,H1,50.5065270979617,AX,13.3776117193867,L1,0.173648823358288,L2,0.146261136...
GetData ===>> H2,-0.201155766284305,H1,50.4511688635972,AX,13.3656701212843,L1,0.136057358394786,L2,0.209198816...
Get Checksum: -110011688
GetData ===>> H2,-0.114377168218296,H1,50.545010022352,AX,13.3530107962299,L1,0.131384146541202,L2,0.1308438937...
GetData ===>> H2,-0.0775602371988263,H1,50.5745375405848,AX,13.4623754545609,L1,0.123454391538576,L2,0.27381235...
GetData ===>> H2,-0.158412018439962,H1,50.5315187394401,AX,13.3236684133252,L1,0.154412618452056,L2,0.080059821...
Get Checksum: -110011688
GetData ===>> H2,-0.0807283082342862,H1,50.4659953647044,AX,13.3786782216179,L1,0.15597616958185,L2,0.231031894...
GetData ===>> H2,-0.1287304097154,H1,50.435508130436,AX,13.3830939879048,L1,0.17542685932188,L2,0.1447557932643...
GetData ===>> H2,-0.0477988268199451,H1,50.5318772929633,AX,13.3971460529436,L1,0.183376749728879,L2,0.12293097...
Get Checksum: -110011688
GetData ===>> H2,-0.148336270207425,H1,50.4479887851703,AX,13.3986083698,L1,0.132553153336367,L2,0.085062936365...
GetData ===>> H2,-0.155495431162969,H1,50.566407813519,AX,13.3608467491632,L1,0.108055609510054,L2,0.2379035535...
GetData ===>> H2,-0.110714267638335,H1,50.5987206166025,AX,13.1799440269103,L1,0.14518858147839,L2,0.1814153484...
Get Checksum: -110011688
03:43:22 -- collecting point 25
GetData ===>> H2,-0.211753024405375,H1,50.3735158667956,AX,13.3089445573871,L1,0.177277848196456,L2,0.114756504...
GetData ===>> H2,-0.30235376109691,H1,50.3287570048611,AX,13.3700597082897,L1,0.173348681892993,L2,0.1059329624...
Get Checksum: -110011688
GetData ===>> H2,-0.26870159068506,H1,50.4373144640602,AX,13.2745474431941,L1,0.166813122995292,L2,0.2106595254...
GetData ===>> H2,-0.240429819498074,H1,50.4550955506398,AX,13.2465895858275,L1,0.15107953996605,L2,0.1974112516...
GetData ===>> H2,-0.104859168688599,H1,50.5179243415765,AX,13.3463035902311,L1,0.152306498102309,L2,0.147298924...
Get Checksum: -110011688
GetData ===>> H2,-0.0978512108407412,H1,50.5891843349971,AX,13.361590699427,L1,0.167440847651251,L2,0.148861330...
GetData ===>> H2,-0.103107922777617,H1,50.5241088628827,AX,13.4576262864896,L1,0.157178320872471,L2,0.136054917...
GetData ===>> H2,-0.12414453927152,H1,50.5278585642243,AX,13.2385640843826,L1,0.165902446966571,L2,0.2066312172...
Get Checksum: -110011688
GetData ===>> H2,-0.106095975704959,H1,50.4810924262617,AX,13.2907533114595,L1,0.165773048102844,L2,0.234536150...
GetData ===>> H2,-0.227265658381859,H1,50.4459732842843,AX,13.3354688328667,L1,0.136806432144844,L2,0.183959453...
GetData ===>> H2,-0.168417811711713,H1,50.397424665669,AX,13.2541450221586,L1,0.168749639263039,L2,0.2072017888...
Get Checksum: -110011688
GetData ===>> H2,-0.204427368146728,H1,50.5446813138187,AX,13.2734200646764,L1,0.147219518390564,L2,0.149385939...
GetData ===>> H2,-0.218944723812164,H1,50.5859409687561,AX,13.3470970264257,L1,0.156862651666315,L2,0.114095281...
GetData ===>> H2,-0.175978958645762,H1,50.5862249467809,AX,13.265640247269,L1,0.178518889632234,L2,0.0692429257...
Get Checksum: -110011688
GetData ===>> H2,-0.104371986728486,H1,50.4665478462751,AX,13.2661976989003,L1,0.171881989083841,L2,0.212645212...
GetData ===>> H2,-0.134506735491176,H1,50.3955577932429,AX,13.2419946627364,L1,0.161118359844438,L2,0.247321494...
GetData ===>> H2,-0.152174141433799,H1,50.4495116295596,AX,13.3394976440089,L1,0.145387911839314,L2,0.172711140...
Get Checksum: -110011688
GetData ===>> H2,-0.188693406420797,H1,50.4544087447891,AX,13.215110383026,L1,0.16544048849543,L2,0.05756400397...
GetData ===>> H2,-0.213248023081588,H1,50.3778462915158,AX,13.3413943383585,L1,0.154816482519105,L2,0.125177084...
GetData ===>> H2,-0.1203698107884,H1,50.5605947841081,AX,13.1502280373292,L1,0.185924643237686,L2,0.10935284360...
Get Checksum: -110011688
GetData ===>> H2,-0.183784170259877,H1,50.5268128195046,AX,13.2874450276751,L1,0.126562211224992,L2,0.119784236...
GetData ===>> H2,-0.239009610757352,H1,50.4029955783304,AX,13.3037644371439,L1,0.131455394130251,L2,0.183252117...
GetData ===>> H2,-0.142745941285088,H1,50.3823112654472,AX,13.0877147154604,L1,0.159589099553828,L2,0.188990821...
GetData ===>> H2,-0.155454898956906,H1,50.5252591577431,AX,13.1871296601695,L1,0.209483943533881,L2,0.044062027...
Get Checksum: -110011688
GetData ===>> H2,-0.151060185258517,H1,50.5163110383695,AX,13.3192807836706,L1,0.17350359250951,L2,0.2045657765...
03:43:48 -- collecting point 50
GetData ===>> H2,-0.177651378519631,H1,50.5894683203673,AX,13.3245360456297,L1,0.138137986946743,L2,0.147800716...
GetData ===>> H2,-0.197392321518853,H1,50.5933545005786,AX,13.3260854070339,L1,0.166675246477048,L2,0.165285239...
Get Checksum: -110011688
GetData ===>> H2,-0.225474844803949,H1,50.4925919028438,AX,13.1910571903889,L1,0.168387950776555,L2,0.127320626...
GetData ===>> H2,-0.198092247104761,H1,50.2374078012968,AX,13.0954757625571,L1,0.128656585818872,L2,0.084208171...
GetData ===>> H2,-0.13633623433915,H1,50.3219654463432,AX,13.1592075884657,L1,0.148618817991918,L2,0.1516440722...
Get Checksum: -110011688
GetData ===>> H2,-0.146739700516744,H1,50.395632467606,AX,13.229276083013,L1,0.176726995459147,L2,0.20774954079...
GetData ===>> H2,-0.0626264930507037,H1,50.4735362017741,AX,13.1262038125681,L1,0.206789616638473,L2,0.15601222...
GetData ===>> H2,-0.111721480014934,H1,50.3980818113817,AX,13.2339818999963,L1,0.205523299220369,L2,0.047209277...
Get Checksum: -110011688
GetData ===>> H2,-0.1959761546733,H1,50.4803308098696,AX,13.2786234521295,L1,0.197741659004349,L2,0.28466248840...
GetData ===>> H2,-0.098440224339689,H1,50.3919734761556,AX,13.195140520632,L1,0.134796139904118,L2,0.1264768865...
GetData ===>> H2,-0.0477866094371358,H1,50.3020556145781,AX,13.0957357119687,L1,0.164468267608304,L2,0.13068426...
Get Checksum: -110011688
GetData ===>> H2,-0.145529291456275,H1,50.3930039568164,AX,13.0871824798867,L1,0.182287741592104,L2,0.115144121...
GetData ===>> H2,-0.2835965412464,H1,50.39500520434,AX,13.1455837463662,L1,0.166144318423761,L2,0.2060834717312...
GetData ===>> H2,-0.184602973776862,H1,50.4545431195507,AX,13.1083749894159,L1,0.162122667166882,L2,0.147800716...
Get Checksum: -110011688
GetData ===>> H2,-0.0705854749924379,H1,50.3135026348959,AX,13.1876624079341,L1,0.186707900859088,L2,0.08845927...
testing age>100.0
evaluate ot="age>100.0" t="age>100.0", ctx="{'age': 25.419915361064426}"
testing Ar39<0.5
evaluate ot="Ar39<0.5" t="Ar39<0.5", ctx="{'Ar39': 13.546975471914296}"
GetData ===>> H2,-0.0249308840089226,H1,50.4467197623145,AX,13.2005133115457,L1,0.114168147494635,L2,0.08309129...
GetData ===>> H2,-0.0354319151282264,H1,50.3039360180729,AX,13.2296971211186,L1,0.160120201025237,L2,0.13294195...
Get Checksum: -110011688
GetData ===>> H2,-0.0809545652573504,H1,50.3191892229562,AX,13.2755509442453,L1,0.187818123650829,L2,0.21222296...
GetData ===>> H2,-0.207578103165809,H1,50.2400777979523,AX,13.2053292518792,L1,0.181718448741555,L2,0.154746240...
GetData ===>> H2,-0.184156483649045,H1,50.3268911553963,AX,13.1689435371165,L1,0.141467639173962,L2,0.213820667...
Get Checksum: -110011688
testing age>100.0
evaluate ot="age>100.0" t="age>100.0", ctx="{'age': 25.48448533913176}"
testing Ar39<0.5
evaluate ot="Ar39<0.5" t="Ar39<0.5", ctx="{'Ar39': 13.524766638096787}"
GetData ===>> H2,-0.195416382711491,H1,50.3351757392718,AX,13.1347974074604,L1,0.132752429307824,L2,0.275055890...
GetData ===>> H2,-0.140222771095071,H1,50.3446103831102,AX,13.313406111783,L1,0.132665472038514,L2,0.1283468077...
Get Checksum: -110011688
GetData ===>> H2,-0.215639609864089,H1,50.3293540825596,AX,13.1517637952079,L1,0.179429486697345,L2,0.107574490...
GetData ===>> H2,-0.217753593630849,H1,50.2980710433214,AX,13.1343268464074,L1,0.19056090584769,L2,0.1592057836...
GetData ===>> H2,-0.17768782075513,H1,50.2722415603668,AX,13.0843728163542,L1,0.158189495997185,L2,0.2029796395...
Get Checksum: -110011688
testing age>100.0
evaluate ot="age>100.0" t="age>100.0", ctx="{'age': 25.537863828172124}"
testing Ar39<0.5
evaluate ot="Ar39<0.5" t="Ar39<0.5", ctx="{'Ar39': 13.516528773203706}"
03:44:14 -- collecting point 75
GetData ===>> H2,-0.168316596410967,H1,50.2402120450973,AX,13.068098066711,L1,0.140594934935586,L2,0.2185568707...
GetData ===>> H2,-0.205289932050289,H1,50.2834321901353,AX,13.1584396516828,L1,0.133927633344464,L2,0.115269526...
GetData ===>> H2,-0.178496268338299,H1,50.3041300295639,AX,13.2074711170813,L1,0.126956910396733,L2,0.142030270...
Get Checksum: -110011688
GetData ===>> H2,-0.165197372322133,H1,50.2670494477639,AX,13.1847756911097,L1,0.174549300972432,L2,0.091080696...
GetData ===>> H2,-0.143299963488679,H1,50.2499826403997,AX,13.1645585313212,L1,0.187249073918888,L2,0.176281709...
testing age>100.0
evaluate ot="age>100.0" t="age>100.0", ctx="{'age': 25.598762027060715}"
testing Ar39<0.5
evaluate ot="Ar39<0.5" t="Ar39<0.5", ctx="{'Ar39': 13.506894753161847}"
GetData ===>> H2,-0.149994735678926,H1,50.2084722645619,AX,13.1714457984783,L1,0.133398593494283,L2,0.149043802...
Get Checksum: -110011688
GetData ===>> H2,-0.0956424768729903,H1,50.1851781700072,AX,13.0929753300086,L1,0.138761533702734,L2,0.19265327...
GetData ===>> H2,-0.166429777665262,H1,50.2713314331156,AX,13.0861922814241,L1,0.144248761403524,L2,0.091889931...
GetData ===>> H2,-0.110281030541555,H1,50.3639148037401,AX,13.0928639259984,L1,0.152324631601162,L2,0.234821519...
Get Checksum: -110011688
GetData ===>> H2,-0.134294424207613,H1,50.3130996581361,AX,13.0740012363303,L1,0.178276723300783,L2,0.074991668...
testing age>100.0
evaluate ot="age>100.0" t="age>100.0", ctx="{'age': 25.607828199984283}"
testing Ar39<0.5
evaluate ot="Ar39<0.5" t="Ar39<0.5", ctx="{'Ar39': 13.506473058171384}"
GetData ===>> H2,-0.182981496482491,H1,50.1841933774525,AX,12.8784550984505,L1,0.210777425419326,L2,0.051850519...
GetData ===>> H2,-0.151798784186022,H1,50.2235015685442,AX,13.0580374626743,L1,0.177304483591359,L2,0.011569304...
Get Checksum: -110011688
GetData ===>> H2,-0.0864470296491049,H1,50.1692583066956,AX,12.9868052111868,L1,0.13485291552475,L2,0.242561037...
GetData ===>> H2,-0.149993385235696,H1,50.1698103205563,AX,13.1393545300119,L1,0.168883914856489,L2,0.253395131...
GetData ===>> H2,-0.192922543317349,H1,50.3000707748488,AX,13.2176734391945,L1,0.189405577569781,L2,0.197057533...
Get Checksum: -110011688
testing age>100.0
evaluate ot="age>100.0" t="age>100.0", ctx="{'age': 25.61134951443689}"
testing Ar39<0.5
evaluate ot="Ar39<0.5" t="Ar39<0.5", ctx="{'Ar39': 13.50959325847353}"
GetData ===>> H2,-0.230524749303954,H1,50.2170687459103,AX,13.0817983896127,L1,0.180589647457826,L2,0.217769389...
GetData ===>> H2,-0.218683332689652,H1,50.1688554873064,AX,12.9802334424752,L1,0.193367422920888,L2,0.198335490...
GetData ===>> H2,-0.0776429055255577,H1,50.2163374250482,AX,13.1783706873061,L1,0.211643071205929,L2,0.12449298...
Get Checksum: -110011688
GetData ===>> H2,-0.0484218959650594,H1,50.2679744635605,AX,13.0941017550443,L1,0.154979725550749,L2,0.15362853...
GetData ===>> H2,-0.0898755363346293,H1,50.2059650686778,AX,13.0731844255676,L1,0.152868651636914,L2,0.16054026...
Get Checksum: -110011688
testing age>100.0
evaluate ot="age>100.0" t="age>100.0", ctx="{'age': 25.635792218944914}"
testing Ar39<0.5
evaluate ot="Ar39<0.5" t="Ar39<0.5", ctx="{'Ar39': 13.504775261875366}"
GetData ===>> H2,0.0291453320757402,H1,50.217337395463,AX,13.0884573743062,L1,0.167375533450474,L2,0.1334664742...
GetData ===>> H2,-0.094902976455202,H1,50.2329648363889,AX,13.0265749749543,L1,0.119576844462797,L2,0.118860755...
GetData ===>> H2,-0.289177435911612,H1,50.2330245438192,AX,13.0487944455655,L1,0.143603742494362,L2,0.201119670...
Get Checksum: -110011688
GetData ===>> H2,-0.231884108708339,H1,50.1565179064556,AX,13.1577460362404,L1,0.164951947954793,L2,0.164623666...
GetData ===>> H2,-0.18128287812404,H1,50.3426845832175,AX,13.1376579691875,L1,0.13914945713745,L2,0.16237663370...
testing age>100.0
evaluate ot="age>100.0" t="age>100.0", ctx="{'age': 25.6521573437349}"
testing Ar39<0.5
evaluate ot="Ar39<0.5" t="Ar39<0.5", ctx="{'Ar39': 13.496201025704469}"
03:44:41 -- collecting point 100
GetData ===>> H2,-0.142985120044037,H1,50.1213020711323,AX,12.9827581405739,L1,0.199626432087584,L2,0.081245046...
Get Checksum: -110011688
GetData ===>> H2,-0.188079868323672,H1,50.2796571059306,AX,13.0087512489422,L1,0.208163961449868,L2,0.159091726...
GetData ===>> H2,-0.138872435016787,H1,50.2029803771338,AX,12.9950731117703,L1,0.178787701020063,L2,0.146854156...
GetData ===>> H2,-0.164737041965159,H1,50.13209994409,AX,12.9564745855149,L1,0.151718990274179,L2,0.19294992859...
Get Checksum: -110011688
GetData ===>> H2,-0.0603893360474919,H1,50.3421620844765,AX,13.0522589339195,L1,0.137492728933916,L2,0.13880307...
testing age>100.0
evaluate ot="age>100.0" t="age>100.0", ctx="{'age': 25.64604119023309}"
testing Ar39<0.5
evaluate ot="Ar39<0.5" t="Ar39<0.5", ctx="{'Ar39': 13.49999136955761}"
GetData ===>> H2,-0.127020388715879,H1,50.1818657167539,AX,13.0195488711229,L1,0.125286484498759,L2,0.131083343...
GetData ===>> H2,-0.195773830653926,H1,50.204771183522,AX,12.9839833838352,L1,0.133128044971897,L2,0.1881921737...
Get Checksum: -110011688
GetData ===>> H2,-0.198484671985952,H1,50.1537730719659,AX,12.9644554700942,L1,0.125031841155808,L2,0.164897420...
GetData ===>> H2,-0.196299865579529,H1,50.1880878296288,AX,12.9592585453407,L1,0.153499751422132,L2,0.112943850...
GetData ===>> H2,-0.240423089072169,H1,50.1396619925991,AX,12.9880923859737,L1,0.152534982556279,L2,0.218374265...
Get Checksum: -110011688
testing age>100.0
evaluate ot="age>100.0" t="age>100.0", ctx="{'age': 25.653519250814185}"
testing Ar39<0.5
evaluate ot="Ar39<0.5" t="Ar39<0.5", ctx="{'Ar39': 13.502341907894257}"
GetData ===>> H2,-0.155945328917437,H1,50.0226340151876,AX,12.9837729874995,L1,0.185548168396151,L2,0.192835830...
GetData ===>> H2,-0.191740377606518,H1,50.1350382005811,AX,12.9480241780344,L1,0.194780059090375,L2,0.098033504...
GetData ===>> H2,-0.11823912505568,H1,50.1854019875771,AX,12.9343664085992,L1,0.181255770388384,L2,0.0992189511...
Get Checksum: -110011688
GetData ===>> H2,-0.15224023349723,H1,50.0776428249255,AX,12.9534556201219,L1,0.14109896686403,L2,0.24741282489...
GetData ===>> H2,-0.1296170859589,H1,50.102736083657,AX,13.0891257718068,L1,0.122270803430209,L2,0.153788207253...
testing age>100.0
evaluate ot="age>100.0" t="age>100.0", ctx="{'age': 25.655254154954605}"
testing Ar39<0.5
evaluate ot="Ar39<0.5" t="Ar39<0.5", ctx="{'Ar39': 13.501460164740484}"
GetData ===>> H2,-0.129718454592118,H1,50.0026818123199,AX,13.0295933767905,L1,0.106185309548613,L2,0.071923348...
Get Checksum: -110011688
GetData ===>> H2,-0.218063515147236,H1,49.9682128584459,AX,12.9106056778346,L1,0.170882532662519,L2,0.145086510...
GetData ===>> H2,-0.155669717997528,H1,49.9333659345571,AX,13.0634203214887,L1,0.172002995325448,L2,0.280201347...
Get Checksum: -110011688
GetData ===>> H2,-0.111449379025651,H1,49.9998487978619,AX,12.9541732350894,L1,0.0963172285531806,L2,0.19338350...
GetData ===>> H2,-0.132885225696677,H1,50.1601877248548,AX,12.9545320444333,L1,0.133490388383538,L2,0.172448771...
testing age>100.0
evaluate ot="age>100.0" t="age>100.0", ctx="{'age': 25.701224117314602}"
testing Ar39<0.5
evaluate ot="Ar39<0.5" t="Ar39<0.5", ctx="{'Ar39': 13.498310943266887}"
GetData ===>> H2,-0.234743613053481,H1,50.1010809365607,AX,12.8367731001653,L1,0.175108508702525,L2,0.226454867...
Get Checksum: -110011688
measurement finished
estimated time: 125.829 actual time: :126.158
flush and close file /Users/jan/PychronDev/data/isotopes/a3/1d9d9d-5547-4022-b6b5-b1ce6895c2bd.h5
baselines () {'settling_time': 15.0, 'detector': 'H1', 'mass': 34.2, 'ncounts': 60.0}
%%%%%%%%%%%%%%%%%%%%%%%%%%%%%%%% Baseline
build tables- baseline [Detector(H2), Detector(H1), Detector(AX), Detector(L1), Detector(L2), Detector(CDD)]
add group baseline table H2
add group baseline table H1
add group baseline table AX
add group baseline table L1
add group baseline table L2
add group baseline table CDD
flush and close file /Users/jan/PychronDev/data/isotopes/a3/1d9d9d-5547-4022-b6b5-b1ce6895c2bd.h5
detector Detector(H1)
POSITION 34.2 H1
Mapping mass to dac mass func: "parabolic"
H1 map mass coeffs = [-0.00063987  0.15840543  0.57017999]
H1 map mass to dac 34.2 >> 5.23922599104
GetDeflection H1 ===>> 0
GetHighVoltage ===>> 4499.94659342336
positioning 34.2 (5.23919513773) on H1
setting magnet DAC
current  : 5.878535
requested: 5.239195
Delta Dac: 0.639340
Checking detector protection. dv=0.63934
Checking detector "CDD". Protection Threshold: 0.1 (V)
ProtectDetector CDD,On ===>> OK
GetDeflection CDD ===>> 2000
SetMagnetDAC 5.23919513773 ===>> OK
Magnet settling time: 0.500
GetMagnetMoving ===>> True
GetMagnetMoving ===>> True
GetMagnetMoving ===>> True
GetMagnetMoving ===>> True
GetMagnetMoving ===>> True
GetMagnetMoving ===>> True
GetMagnetMoving ===>> True
GetMagnetMoving ===>> True
GetMagnetMoving ===>> False
ProtectDetector CDD,Off ===>> OK
GetDeflection CDD ===>> 50
Delaying 15.0s for detectors to settle
Get Checksum: -110011688
Get Checksum: -110011688
Get Checksum: -110011688
Get Checksum: -110011688
Get Checksum: -110011688
Join finished
measuring baseline. ncounts=60.0
Get Checksum: -110011688
starting measurement
GetData ===>> H2,-0.251625038943744,H1,0.0276636208622396,AX,-0.071561696007776,L1,-0.00982571194320098,L2,0.03...
GetData ===>> H2,-0.236211435047799,H1,-0.0470617101888891,AX,-0.109032235033319,L1,-0.0281445290031551,L2,-0.0...
GetData ===>> H2,-0.25401037453046,H1,-0.0498874155616445,AX,-0.0854482245695269,L1,-0.0169407474942704,L2,-0.0...
Get Checksum: -110011688
GetData ===>> H2,-0.129446784616646,H1,-0.0335282176343153,AX,0.0681157530856294,L1,-0.0244840259155473,L2,0.02...
GetData ===>> H2,-0.208544170697455,H1,0.0325319463257536,AX,-0.0631221695859255,L1,-0.0159452645473116,L2,-0.0...
GetData ===>> H2,-0.262902086713718,H1,-0.0629299328456455,AX,-0.0611281086390303,L1,-0.0131967053047595,L2,-0....
GetData ===>> H2,-0.213133548189708,H1,-0.0143158621475735,AX,-0.038344221266514,L1,-0.0606031467574244,L2,0.00...
GetData ===>> H2,-0.193093724695231,H1,-0.0281262333878594,AX,-0.0570587063203724,L1,-0.0311294586915667,L2,-0....
Get Checksum: -110011688
GetData ===>> H2,-0.0725990378194267,H1,-0.0993898896665567,AX,-0.155220308538555,L1,-0.00710004023104433,L2,-0...
GetData ===>> H2,-0.195614666549602,H1,-0.0538337313124913,AX,-0.0177703684632309,L1,-0.0400948008639582,L2,-0....
GetData ===>> H2,-0.223415731696205,H1,0.0286301078189723,AX,0.0252237689941716,L1,-0.00883649715254339,L2,-0.0...
Get Checksum: -110011688
GetData ===>> H2,-0.178743244988309,H1,-0.0979241196252588,AX,0.0165213179774577,L1,-0.020728679007617,L2,-0.01...
GetData ===>> H2,-0.209177391945816,H1,-0.0222230695355428,AX,-0.0755261658920666,L1,-0.0311402373295203,L2,-0....
GetData ===>> H2,-0.105928189212277,H1,-0.0358654096358933,AX,-0.162071712937387,L1,-0.0205572396724879,L2,-0.0...
Get Checksum: -110011688
GetData ===>> H2,0.00216862217909093,H1,-0.0764475305825794,AX,-0.101349227047637,L1,-0.0330802039526891,L2,-0....
GetData ===>> H2,0.00310405820297313,H1,-0.0351499484932958,AX,-0.114883892877125,L1,-0.00771766800349988,L2,0....
GetData ===>> H2,-0.177942913119998,H1,0.038402888963396,AX,0.00762241593666327,L1,-0.0107704711809729,L2,-0.04...
Get Checksum: -110011688
GetData ===>> H2,-0.172392833468978,H1,-0.0522838373392397,AX,-0.0183966942293455,L1,-0.00142808610108253,L2,-0...
GetData ===>> H2,-0.213684363805287,H1,-0.0475267051650573,AX,0.0123096110521387,L1,-0.0062376965173001,L2,0.00...
Get Checksum: -110011688
GetData ===>> H2,-0.114198517548282,H1,-0.0364496991082984,AX,-0.0535688553967428,L1,-0.00022922487447786,L2,-0...
GetData ===>> H2,-0.112242650275276,H1,0.0407179487913247,AX,-0.113215337206702,L1,-0.0821007052805912,L2,0.026...
GetData ===>> H2,-0.280742770002827,H1,-0.0849338369562467,AX,-0.1307337445306,L1,-0.0630950788860501,L2,0.0168...
Get Checksum: -110011688
GetData ===>> H2,-0.267143787837284,H1,-0.0903327555762388,AX,-0.0273040021990618,L1,-0.0127879785680232,L2,-0....
GetData ===>> H2,-0.215886011510506,H1,-0.0693075102794481,AX,-0.0030389522006403,L1,-0.0144419609724159,L2,-0....
03:45:46 -- collecting point 25
GetData ===>> H2,-0.0965187090368612,H1,-0.0501854810966982,AX,-0.10140717055499,L1,-0.0223518129606962,L2,-0.1...
Get Checksum: -110011688
GetData ===>> H2,-0.157008529821602,H1,0.0387966840216915,AX,-0.0118548707716727,L1,-0.0504977298648022,L2,-0.0...
GetData ===>> H2,-0.260463899303743,H1,-0.0937650291841894,AX,-0.0802670888448492,L1,-0.0640196759996073,L2,-0....
GetData ===>> H2,-0.291901735156116,H1,-0.0766024836385658,AX,-0.0585659122066586,L1,-0.0285170947047446,L2,-0....
Get Checksum: -110011688
GetData ===>> H2,-0.220787763861185,H1,-0.0666969249160097,AX,-0.0923327968326418,L1,0.0051295930856986,L2,-0.0...
GetData ===>> H2,-0.230492445704761,H1,-0.0806073409153506,AX,-0.0225720963394113,L1,-0.0284871462035529,L2,-0....
GetData ===>> H2,-0.165058330226712,H1,-0.0824786032082912,AX,-0.113980095441458,L1,-0.0381243338935095,L2,0.05...
Get Checksum: -110011688
GetData ===>> H2,-0.171146235434001,H1,-0.0545252147259976,AX,-0.0802207239687293,L1,-0.0587987119084671,L2,0.0...
GetData ===>> H2,-0.212720082162537,H1,-0.0161883643874148,AX,-0.0758739187023616,L1,-0.00565836155392387,L2,-0...
GetData ===>> H2,-0.26641252748702,H1,-0.0430316632239912,AX,-0.0689534040446743,L1,-0.00852952104079417,L2,-0....
Get Checksum: -110011688
GetData ===>> H2,-0.221512502839577,H1,0.00912319606218866,AX,-0.0233491652951826,L1,-0.0139326113010157,L2,-0....
GetData ===>> H2,-0.17919939534894,H1,0.0140264107327372,AX,-0.14334803539873,L1,-0.029972484369441,L2,0.007921...
GetData ===>> H2,-0.163262779019201,H1,0.0134179695833182,AX,-0.0519224370931411,L1,-0.0358119864385317,L2,-0.0...
Get Checksum: -110011688
GetData ===>> H2,-0.229092534345123,H1,-0.0283408873311462,AX,-0.0872331604520429,L1,-0.0348221870877317,L2,-0....
GetData ===>> H2,-0.169814490521823,H1,-0.00344988704978884,AX,-0.122554245901875,L1,-0.00312832816812722,L2,-0...
GetData ===>> H2,-0.14467814522308,H1,-0.0423639474636193,AX,0.0298653943077624,L1,0.0102858773146863,L2,0.0105...
Get Checksum: -110011688
GetData ===>> H2,-0.229239263961566,H1,-0.0491959001013729,AX,-0.0845905164587197,L1,-0.0179457255487018,L2,-0....
GetData ===>> H2,-0.158768603836616,H1,-0.0141608126210222,AX,-0.0546123455333197,L1,-0.0478926216254595,L2,-0....
Get Checksum: -110011688
GetData ===>> H2,-0.213160483562663,H1,-0.0450824766335288,AX,-0.0555630712494652,L1,-0.023863225840253,L2,0.09...
GetData ===>> H2,-0.167555428379191,H1,-0.0454044028292298,AX,-0.0387037031443051,L1,-0.0037402010699295,L2,-0....
GetData ===>> H2,-0.210773760476473,H1,-0.00324710791657064,AX,-0.0445595918975838,L1,-0.0339003858903879,L2,0....
Get Checksum: -110011688
GetData ===>> H2,-0.218192871179772,H1,-0.0237018745795623,AX,-0.0470989667943919,L1,-0.0205140796592469,L2,-0....
GetData ===>> H2,-0.127573301161885,H1,-0.0238569093268247,AX,-0.10316863670792,L1,-0.0196472435225798,L2,-0.07...
GetData ===>> H2,-0.139432053256877,H1,0.0468877253246848,AX,-0.0248684911506292,L1,-0.0112236364000186,L2,-0.0...
Get Checksum: -110011688
GetData ===>> H2,-0.215496882956818,H1,0.014276946398595,AX,-0.0425535548349393,L1,-0.0239375321150046,L2,-0.07...
03:46:12 -- collecting point 50
GetData ===>> H2,-0.185884343118905,H1,0.00492404010679084,AX,-0.0509948652183097,L1,-0.0602621477817043,L2,-0....
GetData ===>> H2,-0.164140339593809,H1,-0.000157657375843123,AX,-0.104709893430474,L1,-0.0217344775116693,L2,0....
Get Checksum: -110011688
GetData ===>> H2,-0.171097663902577,H1,0.01211758815185,AX,-0.0904668245290826,L1,0.00868252495205053,L2,-0.038...
GetData ===>> H2,-0.115354283520414,H1,-0.070571056817381,AX,-0.0616961883036999,L1,-0.00825011667601945,L2,-0....
GetData ===>> H2,-0.188199881688749,H1,-0.00506017734769311,AX,-0.0338911743583264,L1,0.024246778761093,L2,-0.0...
Get Checksum: -110011688
GetData ===>> H2,-0.246590514697026,H1,-0.0658505561376586,AX,-0.0170280512251297,L1,0.0214756400785088,L2,0.07...
GetData ===>> H2,-0.177097982013019,H1,-0.0740636071699495,AX,-0.176677156787709,L1,0.0183124740416974,L2,0.004...
GetData ===>> H2,-0.302487887631114,H1,-0.0659340012649111,AX,-0.126447124222509,L1,0.0140684474876978,L2,-0.00...
Get Checksum: -110011688
GetData ===>> H2,-0.307939075639888,H1,-0.00962848956838056,AX,-0.0804409569335975,L1,-0.0316013126895101,L2,-0...
GetData ===>> H2,-0.157194951215699,H1,0.0138593873038719,AX,-0.0122492484696969,L1,-0.0221959842860868,L2,-0.0...
GetData ===>> H2,-0.167725480992878,H1,0.00929021158906376,AX,-0.0759666525752405,L1,-0.0355172137712946,L2,-0....
Get Checksum: -110011688
measurement finished
estimated time: 62.915 actual time: :63.098
flush and close file /Users/jan/PychronDev/data/isotopes/a3/1d9d9d-5547-4022-b6b5-b1ce6895c2bd.h5
activate_detectors ('H1', 'AX', 'CDD') {'peak_center': True}
peak_center () {'detector': 'H1', 'isotope': 'Ar40'}
peak center: mean=50.0666197161 threshold=3
peak center started
setup peak center. detector=['H1', 'AX', 'CDD'], isotope=Ar40
VersionedUnpickler [<apptools.sweet_pickle.versioned_unpickler.VersionedUnpickler object at 0x1663739b0>] using Updater [<apptools.sweet_pickle.updater.Updater object at 0x12ce00cb0>]
VersionedUnpickler [<apptools.sweet_pickle.versioned_unpickler.VersionedUnpickler object at 0x1663739b0>] using Updater [<apptools.sweet_pickle.updater.Updater object at 0x12ce00cb0>]
VersionedUnpickler [<apptools.sweet_pickle.versioned_unpickler.VersionedUnpickler object at 0x1663739b0>] using Updater [<apptools.sweet_pickle.updater.Updater object at 0x12ce00cb0>]
setting integration time = 0.524288
SetIntegrationTime 0.524288 ===>> OK
Mapping mass to dac mass func: "parabolic"
H1 map mass coeffs = [-0.00063987  0.15840543  0.57017999]
H1 map mass to dac 39.9624 >> 5.87857
GetDeflection H1 ===>> 0
GetHighVoltage ===>> 4499.94659342336
do peak center. <pychron.spectrometer.jobs.peak_center.PeakCenter object at 0x12ce00b30>
doing pc
starting peak center. center dac= 5.87853538165 step_width=0.001
width = 0.001
get scan parameters. half-width=0.015,window=0.015, i=0, scalar=1
Scan parameters center=5.87854 width=0.03000 (5.86354 - 5.89354)
GetData ===>> H2,-0.139054922259043,H1,-0.087841899960117,AX,-0.070796604278357,L1,-0.0032795002259231,L2,-0.04...
Moving to starting dac 5.86353538165
setting magnet DAC
current  : 5.239195
requested: 5.863535
Delta Dac: 0.624340
Checking detector protection. dv=0.62434
Checking detector "CDD". Protection Threshold: 0.1 (V)
ProtectDetector CDD,On ===>> OK
GetDeflection CDD ===>> 2000
SetMagnetDAC 5.86353538165 ===>> OK
Magnet settling time: 0.500
GetMagnetMoving ===>> True
GetMagnetMoving ===>> True
GetMagnetMoving ===>> True
GetMagnetMoving ===>> True
GetMagnetMoving ===>> True
GetMagnetMoving ===>> True
GetMagnetMoving ===>> True
Get Checksum: -110011688
GetMagnetMoving ===>> True
GetMagnetMoving ===>> False
ProtectDetector CDD,Off ===>> OK
GetDeflection CDD ===>> 50
Wait until signal near baseline. tol= -0.0658814249701. timeout= 10
GetData ===>> H2,0.0406020796849347,H1,0.109389466929755,AX,-0.0919619231995462,L1,0.0380109452477372,L2,-0.112...
GetData ===>> H2,2.65911886266333,H1,1.62869170976749,AX,0.0863153779714213,L1,0.0498460504431005,L2,-0.1637316...
GetData ===>> H2,3.14645984059283,H1,1.89456238126497,AX,0.25331740705744,L1,0.021694010515648,L2,-0.1923593155...
GetData ===>> H2,1.687662393613,H1,0.850589283132552,AX,-0.108047267916442,L1,-0.0300969736453596,L2,-0.0497017...
GetData ===>> H2,0.699618362874175,H1,0.450181928633042,AX,-0.0595050056087902,L1,-0.0640484659967631,L2,0.0677...
GetData ===>> H2,0.238616474304454,H1,0.270591373952489,AX,0.0029586487659139,L1,-0.0600400320763594,L2,-0.0172...
Get Checksum: -110011688
GetData ===>> H2,0.0446058918643724,H1,0.127460179383054,AX,0.0280435299879709,L1,-0.0214875162699102,L2,0.0504...
GetData ===>> H2,-0.0419401135639213,H1,0.180761542131891,AX,-0.145886012499511,L1,-0.000399642279646691,L2,0.0...
GetData ===>> H2,-0.0623242225348544,H1,0.148371919518797,AX,-0.172709468980657,L1,-0.0265329393926122,L2,-0.17...
GetData ===>> H2,-0.0893513420561273,H1,0.12250113687069,AX,-0.112218825031783,L1,-0.0236717025287025,L2,0.0671...
GetData ===>> H2,-0.161450738921244,H1,0.000796632336608338,AX,-0.0809741504684105,L1,0.00288680170958055,L2,0....
GetData ===>> H2,-0.203857231208929,H1,-0.0446890098769302,AX,-0.0680607725150905,L1,0.00257227454249153,L2,0.0...
Get Checksum: -110011688
GetData ===>> H2,-0.22380974013434,H1,0.0448231349518881,AX,-0.166687575246005,L1,-0.00954034844155562,L2,-0.03...
GetData ===>> H2,-0.188059392553702,H1,-0.0947780041004929,AX,-0.172547345956545,L1,-0.0328726463457549,L2,-0.0...
Peak center baseline intensity achieved
_do_sweep sm= 5.86353538165, em= 5.89353538165, stm= 0.001
calculated step values: start=5.86353538165, end=5.89353538165, width=0.001, nsteps=31.0
setting magnet DAC
current  : 5.863535
requested: 5.863535
Delta Dac: 0.000000
Checking detector protection. dv=0.00000
Checking detector "CDD". Protection Threshold: 0.1 (V)
SetMagnetDAC 5.86353538165 ===>> OK
GetData ===>> H2,-0.188059392553702,H1,-0.0947780041004929,AX,-0.172547345956545,L1,-0.0328726463457549,L2,-0.0...
setting magnet DAC
current  : 5.863535
requested: 5.864570
Delta Dac: 0.001034
Checking detector protection. dv=0.00103
Checking detector "CDD". Protection Threshold: 0.1 (V)
SetMagnetDAC 5.86456986441 ===>> OK
Magnet settling time: 1.049
GetData ===>> H2,-0.110268845509276,H1,0.0389279493853369,AX,-0.140163644330682,L1,-0.0343510970893667,L2,-0.01...
setting magnet DAC
current  : 5.864570
requested: 5.865604
Delta Dac: 0.001034
Checking detector protection. dv=0.00103
Checking detector "CDD". Protection Threshold: 0.1 (V)
SetMagnetDAC 5.86560434717 ===>> OK
Magnet settling time: 1.049
Get Checksum: -110011688
GetData ===>> H2,-0.172178331242058,H1,0.101475616877234,AX,-0.0640496258711129,L1,-0.0278136477995588,L2,-0.08...
setting magnet DAC
current  : 5.865604
requested: 5.866639
Delta Dac: 0.001034
Checking detector protection. dv=0.00103
Checking detector "CDD". Protection Threshold: 0.1 (V)
SetMagnetDAC 5.86663882993 ===>> OK
Magnet settling time: 1.049
GetData ===>> H2,-0.230589020372763,H1,0.748068794209123,AX,0.156338327916787,L1,-0.0194729504375942,L2,-0.0395...
setting magnet DAC
current  : 5.866639
requested: 5.867673
Delta Dac: 0.001034
Checking detector protection. dv=0.00103
Checking detector "CDD". Protection Threshold: 0.1 (V)
SetMagnetDAC 5.86767331269 ===>> OK
Magnet settling time: 1.049
GetData ===>> H2,-0.0758999673747009,H1,2.87745209236687,AX,0.359457475518802,L1,0.016840788934851,L2,-0.038570...
setting magnet DAC
current  : 5.867673
requested: 5.868708
Delta Dac: 0.001034
Checking detector protection. dv=0.00103
Checking detector "CDD". Protection Threshold: 0.1 (V)
SetMagnetDAC 5.86870779545 ===>> OK
Magnet settling time: 1.049
Get Checksum: -110011688
GetData ===>> H2,-0.300424844872009,H1,8.0056278438801,AX,1.29742817105007,L1,-0.0169763412998412,L2,-0.0619240...
setting magnet DAC
current  : 5.868708
requested: 5.869742
Delta Dac: 0.001034
Checking detector protection. dv=0.00103
Checking detector "CDD". Protection Threshold: 0.1 (V)
SetMagnetDAC 5.8697422782 ===>> OK
Magnet settling time: 1.049
GetData ===>> H2,-0.318469692214551,H1,17.7345722408935,AX,3.39522219287831,L1,-0.00973698634297721,L2,0.006672...
setting magnet DAC
current  : 5.869742
requested: 5.870777
Delta Dac: 0.001034
Checking detector protection. dv=0.00103
Checking detector "CDD". Protection Threshold: 0.1 (V)
SetMagnetDAC 5.87077676096 ===>> OK
Magnet settling time: 1.049
GetData ===>> H2,-0.166729422231584,H1,30.2660389959014,AX,6.36633387971682,L1,-0.0214276360640781,L2,-0.115703...
setting magnet DAC
current  : 5.870777
requested: 5.871811
Delta Dac: 0.001034
Checking detector protection. dv=0.00103
Checking detector "CDD". Protection Threshold: 0.1 (V)
SetMagnetDAC 5.87181124372 ===>> OK
Magnet settling time: 1.049
Get Checksum: -860229079
State checksums do not match. Local:-110011688 Remote:-860229079
State checksum failed
GetData ===>> H2,-0.207382723827683,H1,44.1238653865075,AX,10.4065575091213,L1,0.0721108302959014,L2,0.02920017...
setting magnet DAC
current  : 5.871811
requested: 5.872846
Delta Dac: 0.001034
Checking detector protection. dv=0.00103
Checking detector "CDD". Protection Threshold: 0.1 (V)
SetMagnetDAC 5.87284572648 ===>> OK
Magnet settling time: 1.049
set states for children of V. state=True
handle state [('V', True)]
update switch state V True args=() kw={'refresh': False} ncanvase=2
refresh_canvas_needed fired
GetData ===>> H2,-0.148638245866024,H1,47.4222608126701,AX,11.6320286740846,L1,0.0798437742926811,L2,0.10018783...
setting magnet DAC
current  : 5.872846
requested: 5.873880
Delta Dac: 0.001034
Checking detector protection. dv=0.00103
Checking detector "CDD". Protection Threshold: 0.1 (V)
SetMagnetDAC 5.87388020924 ===>> OK
Magnet settling time: 1.049
GetData ===>> H2,-0.19529150534589,H1,48.7958126139687,AX,12.140589564375,L1,0.110876786352291,L2,0.09323487298...
setting magnet DAC
current  : 5.873880
requested: 5.874915
Delta Dac: 0.001034
Checking detector protection. dv=0.00103
Checking detector "CDD". Protection Threshold: 0.1 (V)
SetMagnetDAC 5.874914692 ===>> OK
Magnet settling time: 1.049
Get Checksum: -860229079
GetData ===>> H2,-0.179911334760189,H1,49.102410685696,AX,12.4346983447684,L1,0.182907183968281,L2,0.1374688986...
setting magnet DAC
current  : 5.874915
requested: 5.875949
Delta Dac: 0.001034
Checking detector protection. dv=0.00103
Checking detector "CDD". Protection Threshold: 0.1 (V)
SetMagnetDAC 5.87594917476 ===>> OK
Magnet settling time: 1.049
GetData ===>> H2,-0.162898233877666,H1,49.0679956116065,AX,12.2215874229551,L1,0.159441509090739,L2,0.142235536...
setting magnet DAC
current  : 5.875949
requested: 5.876984
Delta Dac: 0.001034
Checking detector protection. dv=0.00103
Checking detector "CDD". Protection Threshold: 0.1 (V)
SetMagnetDAC 5.87698365751 ===>> OK
Magnet settling time: 1.049
Get Checksum: -860229079
GetData ===>> H2,-0.019308983728477,H1,49.1030046444121,AX,12.462623717795,L1,0.189114949617522,L2,0.1346409574...
setting magnet DAC
current  : 5.876984
requested: 5.878018
Delta Dac: 0.001034
Checking detector protection. dv=0.00103
Checking detector "CDD". Protection Threshold: 0.1 (V)
SetMagnetDAC 5.87801814027 ===>> OK
Magnet settling time: 1.049
GetData ===>> H2,-0.141762708959074,H1,49.2019976947476,AX,12.5436795305136,L1,0.148334833981521,L2,0.060505737...
setting magnet DAC
current  : 5.878018
requested: 5.879053
Delta Dac: 0.001034
Checking detector protection. dv=0.00103
Checking detector "CDD". Protection Threshold: 0.1 (V)
SetMagnetDAC 5.87905262303 ===>> OK
Magnet settling time: 1.049
GetData ===>> H2,-0.227339777713174,H1,49.3910208201304,AX,12.4743190878998,L1,0.206701522137119,L2,0.055538086...
setting magnet DAC
current  : 5.879053
requested: 5.880087
Delta Dac: 0.001034
Checking detector protection. dv=0.00103
Checking detector "CDD". Protection Threshold: 0.1 (V)
SetMagnetDAC 5.88008710579 ===>> OK
Magnet settling time: 1.049
Get Checksum: -860229079
GetData ===>> H2,-0.229515905322824,H1,49.0673721301736,AX,12.4942338641542,L1,0.175696992154036,L2,0.186674762...
setting magnet DAC
current  : 5.880087
requested: 5.881122
Delta Dac: 0.001034
Checking detector protection. dv=0.00103
Checking detector "CDD". Protection Threshold: 0.1 (V)
SetMagnetDAC 5.88112158855 ===>> OK
Magnet settling time: 1.049
GetData ===>> H2,-0.146055346895208,H1,49.2455771682921,AX,12.5093637564087,L1,0.167665349925163,L2,0.226957074...
setting magnet DAC
current  : 5.881122
requested: 5.882156
Delta Dac: 0.001034
Checking detector protection. dv=0.00103
Checking detector "CDD". Protection Threshold: 0.1 (V)
SetMagnetDAC 5.88215607131 ===>> OK
Magnet settling time: 1.049
GetData ===>> H2,-0.139858849476242,H1,49.1970342869679,AX,12.4438003997758,L1,0.151295908999499,L2,-0.07173261...
setting magnet DAC
current  : 5.882156
requested: 5.883191
Delta Dac: 0.001034
Checking detector protection. dv=0.00103
Checking detector "CDD". Protection Threshold: 0.1 (V)
SetMagnetDAC 5.88319055407 ===>> OK
Magnet settling time: 1.049
Get Checksum: -860229079
GetData ===>> H2,-0.0771685708940951,H1,48.8813812859494,AX,12.2098750456878,L1,0.182979795811984,L2,0.07066971...
setting magnet DAC
current  : 5.883191
requested: 5.884225
Delta Dac: 0.001034
Checking detector protection. dv=0.00103
Checking detector "CDD". Protection Threshold: 0.1 (V)
SetMagnetDAC 5.88422503682 ===>> OK
Magnet settling time: 1.049
GetData ===>> H2,-0.128829082906051,H1,48.1417794216983,AX,12.0119516795858,L1,0.140727022844585,L2,0.106708124...
setting magnet DAC
current  : 5.884225
requested: 5.885260
Delta Dac: 0.001034
Checking detector protection. dv=0.00103
Checking detector "CDD". Protection Threshold: 0.1 (V)
SetMagnetDAC 5.88525951958 ===>> OK
Magnet settling time: 1.049
GetData ===>> H2,-0.217368347415492,H1,45.8893495286601,AX,10.8992642439722,L1,0.0919119960119073,L2,0.15405052...
setting magnet DAC
current  : 5.885260
requested: 5.886294
Delta Dac: 0.001034
Checking detector protection. dv=0.00103
Checking detector "CDD". Protection Threshold: 0.1 (V)
SetMagnetDAC 5.88629400234 ===>> OK
Magnet settling time: 1.049
Get Checksum: -860229079
GetData ===>> H2,-0.0763255616765567,H1,35.7791197554719,AX,7.39883700879504,L1,0.0936411686709618,L2,0.0646304...
setting magnet DAC
current  : 5.886294
requested: 5.887328
Delta Dac: 0.001034
Checking detector protection. dv=0.00103
Checking detector "CDD". Protection Threshold: 0.1 (V)
SetMagnetDAC 5.8873284851 ===>> OK
Magnet settling time: 1.049
GetData ===>> H2,-0.106383153634864,H1,22.9817152857337,AX,3.92322279309551,L1,0.0295091975447499,L2,-0.0745316...
setting magnet DAC
current  : 5.887328
requested: 5.888363
Delta Dac: 0.001034
Checking detector protection. dv=0.00103
Checking detector "CDD". Protection Threshold: 0.1 (V)
SetMagnetDAC 5.88836296786 ===>> OK
Magnet settling time: 1.049
GetData ===>> H2,-0.0333205330172373,H1,11.1882818286658,AX,1.76634862293127,L1,-0.0346592083586188,L2,0.067046...
setting magnet DAC
current  : 5.888363
requested: 5.889397
Delta Dac: 0.001034
Checking detector protection. dv=0.00103
Checking detector "CDD". Protection Threshold: 0.1 (V)
SetMagnetDAC 5.88939745062 ===>> OK
Magnet settling time: 1.049
Get Checksum: -860229079
GetData ===>> H2,-0.158606520956196,H1,4.17826088303517,AX,0.532554376273895,L1,-0.0115928670485824,L2,-0.00077...
setting magnet DAC
current  : 5.889397
requested: 5.890432
Delta Dac: 0.001034
Checking detector protection. dv=0.00103
Checking detector "CDD". Protection Threshold: 0.1 (V)
SetMagnetDAC 5.89043193338 ===>> OK
Magnet settling time: 1.049
GetData ===>> H2,-0.368771506864465,H1,1.17597380586767,AX,0.155364153569065,L1,0.0070214863090989,L2,-0.001548...
setting magnet DAC
current  : 5.890432
requested: 5.891466
Delta Dac: 0.001034
Checking detector protection. dv=0.00103
Checking detector "CDD". Protection Threshold: 0.1 (V)
SetMagnetDAC 5.89146641614 ===>> OK
Magnet settling time: 1.049
Get Checksum: -860229079
GetData ===>> H2,-0.272084342691478,H1,0.310162084209753,AX,0.0580190609124528,L1,0.0113591237963783,L2,-0.0625...
setting magnet DAC
current  : 5.891466
requested: 5.892501
Delta Dac: 0.001034
Checking detector protection. dv=0.00103
Checking detector "CDD". Protection Threshold: 0.1 (V)
SetMagnetDAC 5.89250089889 ===>> OK
Magnet settling time: 1.049
GetData ===>> H2,-0.282246234597761,H1,0.0685983367693101,AX,0.0211045118805606,L1,0.0133475320562819,L2,0.0046...
setting magnet DAC
current  : 5.892501
requested: 5.893535
Delta Dac: 0.001034
Checking detector protection. dv=0.00103
Checking detector "CDD". Protection Threshold: 0.1 (V)
SetMagnetDAC 5.89353538165 ===>> OK
Magnet settling time: 1.049
GetData ===>> H2,-0.210187777954751,H1,-0.0461436368407895,AX,-0.194408354734346,L1,0.00371038120440875,L2,-0.0...
result of _do_sweep=True
result of _calculate_peak_center=([5.8712007123138346, 5.8787157423739549, 5.8862307724340752], [35.945248408483366, 49.389884408554835, 36.397079691508608], 5.8790464036966004, 49.389884408554835)
Failed to find a valid peak. No peak greater than 1.0. max = 0.0202188724543
new center pos Detector(H1) (Ar40) @ 5.87871574237
GetHighVoltage ===>> 4499.94659342336
GetDeflection H1 ===>> 0
dac uncorrected for HV and deflection 5.87875036178
update mftable H1 Ar40 5.87875036178 message=automated run peakcenter
get initial guess parabolic
get initial guess parabolic
get initial guess parabolic
get initial guess parabolic
get initial guess parabolic
get initial guess parabolic
dump mftable to /Users/jan/PychronDev/setupfiles/spectrometer/mftables/mftable.csv
add to repo msg=modified - automated run peakcenter
sweep finished
Get Checksum: -860229079
locally archiving mftable
setting magnet DAC
current  : 5.893535
requested: 5.878716
Delta Dac: 0.014820
Checking detector protection. dv=0.01482
Checking detector "CDD". Protection Threshold: 0.1 (V)
SetMagnetDAC 5.87871574237 ===>> OK
Magnet settling time: 0.500
setting integration time = 1.048576
SetIntegrationTime 1.048576 ===>> OK
Failed to find a valid peak. No peak greater than 1.0. max = 0.0202188724543
flush and close file /Users/jan/PychronDev/data/isotopes/a3/1d9d9d-5547-4022-b6b5-b1ce6895c2bd.h5
finished measure script
executed 278.04
jan_co2_whiff_120_60_large.py completed successfully
Measurement Finished
03:47:07 -- ******* Measurement Finished *******
Post Measurement Started jan_pump_ms.py
03:47:07 -- ******* Post Measurement Started jan_pump_ms.py *******
testing...
no interpolation path defined
executed 0
Pumping spectrometer
open () {'name': 'O'}
opening name=O desc=---
checking ownership. requestor=129.138.12.150
check software interlocks O
interlocks []
actuate state mode=None-script, software_lock=False
doing actuation None-script open_channel True
Open O ===>> OK
GetIndicatorState O ===>> OK
change switch state (True, True)
update switch state O True args=() kw={} ncanvase=2
03:47:07 -- OPEN   VALVE-O (Jan Ion Pump)
---------------------------------------- open O () result=[(True, True)], time=0.11 sec
action=open, ok=True, locked=[False]
executed 0
jan_pump_ms.py completed successfully
setting _ms_pumptime
Post Measurement Finished
03:47:07 -- ******* Post Measurement Finished *******
$$$$$$$$$$$$$$$$$$$$ state at run end measurement
state changed from measurement to success
post measurement save measured=True aborted=False
Set filtering
setting fod for Ar40= {'filter_outliers': True, 'std_devs': 2, 'iterations': 1}
setting fod for H1= {'filter_outliers': True, 'std_devs': 2, 'iterations': 1}
setting fod for PM41= {'filter_outliers': False, 'std_devs': 2, 'iterations': 1}
setting fod for H2= {'filter_outliers': True, 'std_devs': 2, 'iterations': 1}
setting fod for Ar36= {'filter_outliers': True, 'std_devs': 2, 'iterations': 1}
setting fod for CDD= {'filter_outliers': True, 'std_devs': 10, 'iterations': 1}
setting fod for Ar37= {'filter_outliers': True, 'std_devs': 2, 'iterations': 1}
setting fod for L2= {'filter_outliers': True, 'std_devs': 2, 'iterations': 1}
setting fod for Ar38= {'filter_outliers': True, 'std_devs': 2, 'iterations': 1}
setting fod for L1= {'filter_outliers': True, 'std_devs': 2, 'iterations': 1}
setting fod for Ar39= {'filter_outliers': True, 'std_devs': 2, 'iterations': 1}
setting fod for AX= {'filter_outliers': True, 'std_devs': 2, 'iterations': 1}
persistence save...
persistence save - db
post measurement save
5222782352 connecting to database sqlite:////Users/jan/PychronDev/.appdata/local_lab.db
connected to db sqlite:////Users/jan/PychronDev/.appdata/local_lab.db
create new session 5222782352
close session 5222782352
No database instance. Not saving post measurement to isotopedb database
$$$$$$$$$$$$$$$ auto_save_detector_ic=False
massspec enabled True
create new session 5010684144
MassSpec Database Version: 16.0
close session 5010684144
saving post measurement to secondary database
saving to massspec database 129.138.12.160/massspecdata
setting labnumber to 65518
setting aliquot to 2
setting step to 
setting uuid to a31d9d9d-5547-4022-b6b5-b1ce6895c2bd
setting irradpos to 65518
setting extract_device to Fusions CO2
setting tray to 
setting position to 166
setting power_requested to 5.0
setting extract_value to 5.0
setting duration to 30.0
setting duration_at_request to 30.0
setting first_stage_delay to 30.0
setting cleanup to 30.0
setting comment to F:20
setting irradiation to NM-289
setting level to F
setting irradiation_level to F
setting sample to MB-64b-djk
setting material to DetritalSanidine
setting project to IR943
setting mass_spectrometer to Jan
no attribute chron_dosages
no attribute production_ratios
no attribute interference_corrections
no attribute production_name
no attribute j
Reference Isotope=Ar40
Reference Detector=H1
%%%%%%%%%%%%%%%%%%%% Comment: F:20 %%%%%%%%%%%%%%%%%%%
adding isotope PM41 H2
add baseline dbdet= PM41. original det= H2
get baseline data PM41 H2
Get data baseline <pychron.processing.isotope.Baseline object at 0x1582195d0> len t=60
baseline PM41. v=-0.195390593646, e=0.00694137697162
get signal data PM41 H2
Get data signal PM41 0.10+/-0.07 len t=120
adding isotope Ar40 H1
add baseline dbdet= Ar40. original det= H1
get baseline data Ar40 H1
Get data baseline <pychron.processing.isotope.Baseline object at 0x1587cbb50> len t=60
baseline Ar40. v=-0.0304500266639, e=0.0051314908767
get signal data Ar40 H1
Get data signal Ar40 50.771+/-0.015 len t=120
adding isotope Ar39 AX
add baseline dbdet= Ar39. original det= AX
get baseline data Ar39 AX
Get data baseline <pychron.processing.isotope.Baseline object at 0x158a33690> len t=60
baseline Ar39. v=-0.0629530533372, e=0.00591569750046
get signal data Ar39 AX
Get data signal Ar39 13.593+/-0.014 len t=120
adding isotope Ar38 L1
add baseline dbdet= Ar38. original det= L1
get baseline data Ar38 L1
Get data baseline <pychron.processing.isotope.Baseline object at 0x158a33b10> len t=60
baseline Ar38. v=-0.020783427343, e=0.00260188118209
get signal data Ar38 L1
Get data signal Ar38 0.194+/-0.006 len t=120
adding isotope Ar37 L2
add baseline dbdet= Ar37. original det= L2
get baseline data Ar37 L2
Get data baseline <pychron.processing.isotope.Baseline object at 0x158a33a10> len t=60
baseline Ar37. v=-0.0252604477549, e=0.00564000356476
get signal data Ar37 L2
Get data signal Ar37 0.197+/-0.012 len t=120
adding isotope Ar36 CDD
add baseline dbdet= Ar36. original det= CDD
get baseline data Ar36 CDD
Get data baseline <pychron.processing.isotope.Baseline object at 0x158a33790> len t=60
baseline Ar36. v=1.48865411202e-05, e=5.81418773012e-06
get signal data Ar36 CDD
Get data signal Ar36 0.01139+/-0.00031 len t=120
65518-02 added analysis time 0.543136835098s
analysis added to mass spec database
mass spec save time= 0.555
persistence save - dvc
================= post measurement started
create new session 4983034992
close session 4983034992
---------------- Experiment Queue saving disabled
DVC saving peakcenter
Failed to find a valid peak. No peak greater than 1.0. max = 0.0202188724543
Smart pull ahead: 0 behind: 0
Up-to-date with origin
add to repo msg=modified - ad8224ebc6dbfeb9f5997218dfa5fe690569839d.json
add to repo msg=modified - 18-02.json
add to repo msg=modified - 18-02.dat.json
add to repo msg=modified - 18-02.blan.json
add to repo msg=modified - 18-02.inte.json
add to repo msg=modified - 18-02.icfa.json
add to repo msg=modified - 18-02.base.json
not at valid file /Users/jan/PychronDev/data/.dvc/repositories/Load1782/655/tags/18-02.tags.json
add to repo msg=modified - 18-02.peak.json
add to repo msg=modified - 18-02.extr.json
not at valid file /Users/jan/PychronDev/data/.dvc/repositories/Load1782/655/monitor/18-02.moni.json
commit message=<COLLECTION>
Get Checksum: -1965264452
add to repo msg=modified - 18-02.inte.json
add to repo msg=modified - 18-02.base.json
commit message=<ISOEVO> default collection fits
add to repo msg=modified - 18-02.blan.json
commit message=<BLANKS> preceding bc-02-J-248
add to repo msg=modified - 18-02.icfa.json
commit message=<ICFactor> default
Get Checksum: -1965264452
push repository <pychron.git_archive.repo_manager.GitRepoManager object at 0x16e38c110>
pushing to remote=origin, url=https://github.com
Get Checksum: -1965264452
no changes to meta repo
create new session 4983034992
add association Load1782
get identifier "65518"
setting analysis irradiation position=<pychron.dvc.dvc_orm.IrradiationPositionTbl object at 0x1325bead0>
close session 4983034992
================= post measurement finished
03:47:19 -- ******* Post Run Check *******
loading queue conditionals post_run_actions
loading system conditionals post_run_actions
loading conditionals from /Users/jan/PychronDev/setupfiles/spectrometer/default_conditionals.yaml
loading queue conditionals post_run_terminations
loading system conditionals post_run_terminations
loading conditionals from /Users/jan/PychronDev/setupfiles/spectrometer/default_conditionals.yaml
Checking default post run terminations n=1
GetDeflection CDD ===>> 50
testing CDD==2000
evaluate ot="CDD.deflection==2000" t="CDD==2000", ctx="{'CDD': 50.0}"
03:47:19 -- ******* Post Run Check Passed *******
03:47:19 -- Automated run 65518-02 success duration: 371.174 s
----------------- finish -----------------
----------------- stop -----------------
retroactive repository identifiers disabled
finish run. runs completed=71
update duration runid=65518-02, duration=371.174448013, md5=3d9034cf
loading script "jan_co2_whiff_120_60_large.py"
loading script "jan_pump_ms.py"
loading script "jan_co2.py"
loading script "jan_pump_extraction_line.py"
testing...
no interpolation path defined
executed 266.04
script duration name:co2_whiff_120_60_large seconds:266.0
loading script "jan_co2_whiff_120_60_large.py"
loading script "jan_pump_ms.py"
loading script "jan_co2.py"
loading script "jan_pump_extraction_line.py"
testing...
no interpolation path defined
executed 0
loading script "jan_co2_whiff_120_60_large.py"
loading script "jan_pump_ms.py"
loading script "jan_co2.py"
loading script "jan_pump_extraction_line.py"
testing...
no interpolation path defined
calculate duration
testing...
no interpolation path defined
executed 0
calculate duration
testing...
no interpolation path defined
executed 0
executed 0.0
script duration name:co2 seconds:0.0
loading script "jan_co2_whiff_120_60_large.py"
loading script "jan_pump_ms.py"
loading script "jan_co2.py"
loading script "jan_pump_extraction_line.py"
testing...
no interpolation path defined
calculate duration
testing...
no interpolation path defined
executed 4.0
executed 4.0
Script duration 266.0
Run total estimated duration= 267.000
co2_whiff_120_60_large in script context. using previous estimated duration
script duration name:co2_whiff_120_60_large seconds:266.0
pump_ms in script context. using previous estimated duration
co2 in script context. using previous estimated duration
script duration name:co2 seconds:0.0
pump_extraction_line in script context. using previous estimated duration
Script duration 266.0
Run total estimated duration= 267.000
script duration name:co2_whiff_120_60_large seconds:266.0
script duration name:co2 seconds:0.0
Script duration 266.0
Run total estimated duration= 267.000
script duration name:co2_whiff_120_60_large seconds:266.0
script duration name:co2 seconds:0.0
Script duration 266.0
Run total estimated duration= 267.000
script duration name:co2_whiff_120_60_large seconds:266.0
script duration name:co2 seconds:0.0
Script duration 266.0
Run total estimated duration= 267.000
script duration name:co2_whiff_120_60_large seconds:266.0
script duration name:co2 seconds:0.0
Script duration 266.0
Run total estimated duration= 267.000
script duration name:co2_whiff_120_60_large seconds:266.0
script duration name:co2 seconds:0.0
Script duration 266.0
Run total estimated duration= 267.000
script duration name:co2_whiff_120_60_large seconds:266.0
script duration name:co2 seconds:0.0
Script duration 266.0
Run total estimated duration= 267.000
script duration name:co2_whiff_120_60_large seconds:266.0
script duration name:co2 seconds:0.0
Script duration 266.0
Run total estimated duration= 267.000
script duration name:co2_whiff_120_60_large seconds:266.0
script duration name:co2 seconds:0.0
Script duration 266.0
Run total estimated duration= 267.000
script duration name:co2_whiff_120_60_large seconds:266.0
script duration name:co2 seconds:0.0
Script duration 266.0
Run total estimated duration= 267.000
script duration name:co2_whiff_120_60_large seconds:266.0
script duration name:co2 seconds:0.0
Script duration 266.0
Run total estimated duration= 267.000
script duration name:co2_whiff_120_60_large seconds:266.0
script duration name:co2 seconds:0.0
Script duration 266.0
Run total estimated duration= 267.000
script duration name:co2_whiff_120_60_large seconds:266.0
script duration name:co2 seconds:0.0
Script duration 266.0
Run total estimated duration= 267.000
loading script "jan_unknown400_120.py"
loading script "jan_pump_ms.py"
loading script "jan_co2.py"
loading script "jan_pump_extraction_line.py"
testing...
no interpolation path defined
executed 556.052928
script duration name:unknown400_120 seconds:556.0
script duration name:co2 seconds:0.0
Script duration 556.0
Run total estimated duration= 557.000
unknown400_120 in script context. using previous estimated duration
script duration name:unknown400_120 seconds:556.0
loading script "jan_unknown400_120.py"
loading script "jan_pump_ms.py"
loading script "jan_cocktail_x1.py"
loading script "jan_pump_extraction_line.py"
testing...
no interpolation path defined
calculate duration
testing...
no interpolation path defined
executed 0
calculate duration
testing...
no interpolation path defined
executed 0
calculate duration
testing...
no interpolation path defined
executed 32.0
calculate duration
testing...
no interpolation path defined
executed 34.0
calculate duration
testing...
no interpolation path defined
executed 4.0
calculate duration
testing...
no interpolation path defined
executed 38.0
executed 108.0
script duration name:cocktail_x1 seconds:108.0
Script duration 664.0
Run total estimated duration= 665.000
loading script "jan_unknown120_60.py"
loading script "jan_pump_ms.py"
loading script "jan_cocktail_x1.py"
loading script "jan_pump_extraction_line.py"
testing...
no interpolation path defined
executed 213.652928
script duration name:unknown120_60 seconds:214.0
cocktail_x1 in script context. using previous estimated duration
script duration name:cocktail_x1 seconds:108.0
Script duration 322.0
Run total estimated duration= 323.000
loading script "jan_ic_peak_hop3.py"
loading script "jan_pump_ms.py"
loading script "jan_air_x1.py"
loading script "jan_pump_extraction_line.py"
testing...
no interpolation path defined
executed 133.8
script duration name:ic_peak_hop3 seconds:134.0
loading script "jan_ic_peak_hop3.py"
loading script "jan_pump_ms.py"
loading script "jan_air_x1.py"
loading script "jan_pump_extraction_line.py"
testing...
no interpolation path defined
calculate duration
testing...
no interpolation path defined
executed 0
calculate duration
testing...
no interpolation path defined
executed 0
calculate duration
testing...
no interpolation path defined
executed 32.0
calculate duration
testing...
no interpolation path defined
executed 34.0
calculate duration
testing...
no interpolation path defined
executed 4.0
calculate duration
testing...
no interpolation path defined
executed 36.0
executed 106.0
script duration name:air_x1 seconds:106.0
Script duration 240.0
Run total estimated duration= 241.000
script duration name:unknown400_120 seconds:556.0
loading script "jan_unknown400_120.py"
loading script "jan_pump_ms.py"
loading script "jan_sniffair_x2.py"
loading script "jan_pump_extraction_line.py"
testing...
no interpolation path defined
calculate duration
testing...
no interpolation path defined
executed 0
calculate duration
testing...
no interpolation path defined
executed 0
calculate duration
testing...
no interpolation path defined
executed 32.0
calculate duration
testing...
no interpolation path defined
executed 34.0
calculate duration
testing...
no interpolation path defined
executed 4.0
calculate duration
testing...
no interpolation path defined
executed 36.0
calculate duration
testing...
no interpolation path defined
executed 34.0
calculate duration
testing...
no interpolation path defined
executed 4.0
calculate duration
testing...
no interpolation path defined
executed 36.0
calculate duration
testing...
no interpolation path defined
executed 70.0
executed 250.0
script duration name:sniffair_x2 seconds:250.0
Script duration 806.0
Run total estimated duration= 807.000
script duration name:co2_whiff_120_60_large seconds:266.0
script duration name:co2 seconds:0.0
Script duration 266.0
Run total estimated duration= 267.000
script duration name:co2_whiff_120_60_large seconds:266.0
script duration name:co2 seconds:0.0
Script duration 266.0
Run total estimated duration= 267.000
script duration name:co2_whiff_120_60_large seconds:266.0
script duration name:co2 seconds:0.0
Script duration 266.0
Run total estimated duration= 267.000
script duration name:co2_whiff_120_60_large seconds:266.0
script duration name:co2 seconds:0.0
Script duration 266.0
Run total estimated duration= 267.000
script duration name:co2_whiff_120_60_large seconds:266.0
script duration name:co2 seconds:0.0
Script duration 266.0
Run total estimated duration= 267.000
script duration name:co2_whiff_120_60_large seconds:266.0
script duration name:co2 seconds:0.0
Script duration 266.0
Run total estimated duration= 267.000
script duration name:co2_whiff_120_60_large seconds:266.0
script duration name:co2 seconds:0.0
Script duration 266.0
Run total estimated duration= 267.000
script duration name:co2_whiff_120_60_large seconds:266.0
script duration name:co2 seconds:0.0
Script duration 266.0
Run total estimated duration= 267.000
script duration name:co2_whiff_120_60_large seconds:266.0
script duration name:co2 seconds:0.0
Script duration 266.0
Run total estimated duration= 267.000
script duration name:co2_whiff_120_60_large seconds:266.0
script duration name:co2 seconds:0.0
Script duration 266.0
Run total estimated duration= 267.000
script duration name:co2_whiff_120_60_large seconds:266.0
script duration name:co2 seconds:0.0
Script duration 266.0
Run total estimated duration= 267.000
script duration name:co2_whiff_120_60_large seconds:266.0
script duration name:co2 seconds:0.0
Script duration 266.0
Run total estimated duration= 267.000
script duration name:co2_whiff_120_60_large seconds:266.0
script duration name:co2 seconds:0.0
Script duration 266.0
Run total estimated duration= 267.000
script duration name:co2_whiff_120_60_large seconds:266.0
script duration name:co2 seconds:0.0
Script duration 266.0
Run total estimated duration= 267.000
script duration name:co2_whiff_120_60_large seconds:266.0
script duration name:co2 seconds:0.0
Script duration 266.0
Run total estimated duration= 267.000
script duration name:unknown400_120 seconds:556.0
script duration name:co2 seconds:0.0
Script duration 556.0
Run total estimated duration= 557.000
script duration name:unknown400_120 seconds:556.0
script duration name:cocktail_x1 seconds:108.0
Script duration 664.0
Run total estimated duration= 665.000
unknown120_60 in script context. using previous estimated duration
script duration name:unknown120_60 seconds:214.0
script duration name:cocktail_x1 seconds:108.0
Script duration 322.0
Run total estimated duration= 323.000
ic_peak_hop3 in script context. using previous estimated duration
script duration name:ic_peak_hop3 seconds:134.0
air_x1 in script context. using previous estimated duration
script duration name:air_x1 seconds:106.0
Script duration 240.0
Run total estimated duration= 241.000
script duration name:co2_whiff_120_60_large seconds:266.0
script duration name:co2 seconds:0.0
Script duration 266.0
Run total estimated duration= 267.000
script duration name:co2_whiff_120_60_large seconds:266.0
script duration name:co2 seconds:0.0
Script duration 266.0
Run total estimated duration= 267.000
script duration name:co2_whiff_120_60_large seconds:266.0
script duration name:co2 seconds:0.0
Script duration 266.0
Run total estimated duration= 267.000
script duration name:co2_whiff_120_60_large seconds:266.0
script duration name:co2 seconds:0.0
Script duration 266.0
Run total estimated duration= 267.000
script duration name:co2_whiff_120_60_large seconds:266.0
script duration name:co2 seconds:0.0
Script duration 266.0
Run total estimated duration= 267.000
script duration name:unknown400_120 seconds:556.0
sniffair_x2 in script context. using previous estimated duration
script duration name:sniffair_x2 seconds:250.0
Script duration 806.0
Run total estimated duration= 807.000
script duration name:co2_whiff_120_60_large seconds:266.0
script duration name:co2 seconds:0.0
Script duration 266.0
Run total estimated duration= 267.000
script duration name:co2_whiff_120_60_large seconds:266.0
script duration name:co2 seconds:0.0
Script duration 266.0
Run total estimated duration= 267.000
nruns=46 before=5.0, run_dur=14798.0, btw=1350.0
write rem/ex queues
/Users/jan/PychronDev/experiments/rem/CurrentExperiment.rem.txt
/Users/jan/PychronDev/experiments/rem/CurrentExperiment.ex.txt
doing event level: 3
