do run
loading script "jan_co2_whiff_120_60_large.py"
loading script "jan_pump_ms.py"
loading script "jan_co2.py"
loading script "jan_pump_extraction_line.py"
testing...
no interpolation path defined
executed 266.04
script duration name:co2_whiff_120_60_large seconds:266.0
loading script "jan_co2_whiff_120_60_large.py"
loading script "jan_pump_ms.py"
loading script "jan_co2.py"
loading script "jan_pump_extraction_line.py"
testing...
no interpolation path defined
executed 0
loading script "jan_co2_whiff_120_60_large.py"
loading script "jan_pump_ms.py"
loading script "jan_co2.py"
loading script "jan_pump_extraction_line.py"
testing...
no interpolation path defined
calculate duration
testing...
no interpolation path defined
executed 0
calculate duration
testing...
no interpolation path defined
executed 0
executed 0.0
script duration name:co2 seconds:0.0
loading script "jan_co2_whiff_120_60_large.py"
loading script "jan_pump_ms.py"
loading script "jan_co2.py"
loading script "jan_pump_extraction_line.py"
testing...
no interpolation path defined
calculate duration
testing...
no interpolation path defined
executed 4.0
executed 4.0
Script duration 266.0
Run total estimated duration= 267.000
run duration: 0:04:27
doing event level: 2
02:51:17 -- Setting default integration. t=1.048576
setting integration time = 1.048576
SetIntegrationTime 1.048576 ===>> OK
----------------- start -----------------
**************** Experiment Type: Ar/Ar, Ar/Ar
create new session 4985261232
close session 4985261232
$$$$$ Clearing conditionals
adding conditionals detrital
extract conditionals from file. /Users/jan/PychronDev/scripts/conditionals/detrital.yaml
no attr for this modification cd={'extraction_str': '', 'attr': '', 'mapper': '', 'use_termination': False, 'start_count': 0, 'nskip': 0, 'window': 0, 'frequency': 1, 'teststr': '', 'action': 'Skip Next Run', 'ntrips': 1, 'use_truncation': False}
no attr for this cancelation cd={'mapper': '', 'window': 0, 'frequency': 1, 'attr': '', 'teststr': '', 'start_count': 0, 'ntrips': 1}
adding truncation attr="age" test="age>100.0" start="60"
adding truncation attr="Ar39" test="Ar39<0.5" start="60"
no attr for this termination cd={'mapper': '', 'window': 0, 'frequency': 1, 'attr': '', 'teststr': '', 'start_count': 0, 'ntrips': 1}
Invalid conditional kind="pre_run_terminations"
no attr for this action cd={'mapper': '', 'attr': '', 'start_count': 0, 'window': 0, 'frequency': 1, 'teststr': '', 'action': None, 'ntrips': 1}
Invalid conditional kind="post_run_terminations"
Add queue conditionals
add default conditionals
adding default conditionals from /Users/jan/PychronDev/setupfiles/spectrometer/default_conditionals.yaml
Start automated run 65518-01
loading script "jan_co2_whiff_120_60_large.py"
loading script "jan_pump_ms.py"
loading script "jan_co2.py"
loading script "jan_pump_extraction_line.py"
%%%%%%%%%%%%%%%%%% setting automated run 65518-01
No value "sensitivity_multiplier" in metadata
$$$$$$$$$$$$$$$ auto_save_detector_ic=False
============================= Pre Extraction Check =============================
loading queue conditionals pre_run_terminations
loading system conditionals pre_run_terminations
loading conditionals from /Users/jan/PychronDev/setupfiles/spectrometer/default_conditionals.yaml
02:51:17 -- ******* Pre Extraction Check *******
Get a measurement from the spectrometer
GetData ===>> H2,-0.255557749366749,H1,-0.042053935060493,AX,-0.088218338310724,L1,0.00465289809516871,L2,-0.03...
Pre Extraction Termination data. keys=H2,H1,AX,L1,L2,CDD, signals=-0.25556,-0.04205,-0.08822,0.00465,-0.03481,0.00417
02:51:17 -- testing system defined conditionals
Checking default pre extraction terminations n=2
testing CDD
evaluate ot="CDD.inactive" t="CDD", ctx="{'CDD': False}"
GetDeflection CDD ===>> 50
testing CDD==2000
evaluate ot="CDD.deflection==2000" t="CDD==2000", ctx="{'CDD': 50.0}"
02:51:17 -- ******* Pre Extraction Check Passed *******
=================================================================================
02:51:17 -- stopping status monitor
stop 4976082864
Alive clients [4983386864]
02:51:17 -- starting status monitor
start 4976082864
Monitor already running
start extraction
do extraction
Analysis started at 02:51:17.866440
Extraction Started jan_co2.py
02:51:17 -- ******* Extraction Started jan_co2.py *******
state changed from not run to extraction
DO EXTRACTION <pychron.extraction_line.pyscript_runner.RemotePyScriptRunner object at 0x12bb183b0>
testing...
no interpolation path defined
calculate duration
testing...
no interpolation path defined
executed 0
calculate duration
testing...
no interpolation path defined
executed 0
executed 100.0
Jan CO2 laser analysis
doing GOSUB
testing...
no interpolation path defined
executed 0
Waiting for CO2 access
wait ('FelixCO2Flag', 0) {}
waiting for FelixCO2Flag = 0
Read FelixCO2Flag ===>> 0
finished waiting
CO2 free
wait ('CO2PumpTimeFlag', 0) {}
waiting for CO2PumpTimeFlag = 0
Read CO2PumpTimeFlag ===>> 0
finished waiting
acquire ('JanCO2Flag',) {'clear': True}
acquire JanCO2Flag
Set JanCO2Flag 1 ===>> OK
JanCO2Flag acquired
set extraction state False (0.75, 'red', 1.5)
CO2 acquired
executed 0
WaitForCO2Access.py completed successfully
gosub finished
doing GOSUB
testing...
no interpolation path defined
executed 0
Prepare for CO2 analysis
close () {'description': 'Jan Inlet'}
closing name=--- desc=Jan Inlet
checking ownership. requestor=129.138.12.150
check software interlocks R
interlocks []
actuate state mode=None-script, software_lock=False
doing actuation None-script close_channel False
Close R ===>> OK
GetIndicatorState R ===>> False
change switch state (True, True)
update switch state R False args=() kw={} ncanvase=2
02:51:18 -- CLOSE  VALVE-R (Jan Inlet)
---------------------------------------- close None (Jan Inlet) result=[(True, True)]
action=close, ok=True, locked=[False]
open () {'description': 'Jan Ion Pump'}
opening name=--- desc=Jan Ion Pump
checking ownership. requestor=129.138.12.150
check software interlocks O
interlocks []
actuate state mode=None-script, software_lock=False
doing actuation None-script open_channel False
Open O ===>> OK
GetIndicatorState O ===>> OK
change switch state (True, True)
update switch state O True args=() kw={} ncanvase=2
02:51:18 -- OPEN   VALVE-O (Jan Ion Pump)
---------------------------------------- open None (Jan Ion Pump) result=[(True, True)], time=0.11 sec
action=open, ok=True, locked=[False]
close () {'description': 'Microbone to Minibone'}
closing name=--- desc=Microbone to Minibone
checking ownership. requestor=129.138.12.150
check software interlocks L
interlocks []
actuate state mode=None-script, software_lock=False
doing actuation None-script close_channel False
Close L ===>> OK
Get Checksum: -1965264452
GetIndicatorState L ===>> False
change switch state (True, True)
update switch state L False args=() kw={} ncanvase=2
02:51:19 -- CLOSE  VALVE-L (Microbone to Minibone)
---------------------------------------- close None (Microbone to Minibone) result=[(True, True)]
action=close, ok=True, locked=[False]
open () {'description': 'Microbone to Turbo'}
opening name=--- desc=Microbone to Turbo
checking ownership. requestor=129.138.12.150
check software interlocks U
interlocks []
actuate state mode=None-script, software_lock=False
doing actuation None-script open_channel False
Open U ===>> OK
GetIndicatorState U ===>> OK
change switch state (True, True)
update switch state U True args=() kw={} ncanvase=2
02:51:19 -- OPEN   VALVE-U (Microbone to Turbo)
---------------------------------------- open None (Microbone to Turbo) result=[(True, True)], time=0.15 sec
action=open, ok=True, locked=[False]
open () {'description': 'Microbone to Inlet Pipette'}
opening name=--- desc=Microbone to Inlet Pipette
checking ownership. requestor=129.138.12.150
check software interlocks S
interlocks []
actuate state mode=None-script, software_lock=False
doing actuation None-script open_channel False
Open S ===>> OK
GetIndicatorState S ===>> OK
change switch state (True, True)
update switch state S True args=() kw={} ncanvase=2
02:51:20 -- OPEN   VALVE-S (Microbone to Inlet Pipette)
---------------------------------------- open None (Microbone to Inlet Pipette) result=[(True, True)], time=0.48 sec
action=open, ok=True, locked=[False]
open () {'description': 'Microbone to Getter D-50'}
opening name=--- desc=Microbone to Getter D-50
checking ownership. requestor=129.138.12.150
check software interlocks K
interlocks []
actuate state mode=None-script, software_lock=False
doing actuation None-script open_channel False
Open K ===>> OK
GetIndicatorState K ===>> OK
change switch state (True, True)
update switch state K True args=() kw={} ncanvase=2
02:51:21 -- OPEN   VALVE-K (Microbone to Getter D-50)
---------------------------------------- open None (Microbone to Getter D-50) result=[(True, True)], time=0.42 sec
action=open, ok=True, locked=[False]
open () {'description': 'Microbone to Getter NP-10'}
opening name=--- desc=Microbone to Getter NP-10
checking ownership. requestor=129.138.12.150
check software interlocks M
interlocks []
actuate state mode=None-script, software_lock=False
doing actuation None-script open_channel False
Open M ===>> OK
GetIndicatorState M ===>> OK
change switch state (True, True)
update switch state M True args=() kw={} ncanvase=2
02:51:21 -- OPEN   VALVE-M (Microbone to Getter NP-10)
---------------------------------------- open None (Microbone to Getter NP-10) result=[(True, True)], time=0.19 sec
action=open, ok=True, locked=[False]
close () {'description': 'CO2 Laser to Felix'}
closing name=--- desc=CO2 Laser to Felix
checking ownership. requestor=129.138.12.150
check software interlocks F
interlocks []
actuate state mode=None-script, software_lock=True
VALVE-F(CO2 Laser to Felix) software locked
change switch state (True, False)
---------------------------------------- close None (CO2 Laser to Felix) result=[(True, False)]
action=close, ok=True, locked=[True]
open () {'description': 'CO2 Laser to Jan'}
opening name=--- desc=CO2 Laser to Jan
checking ownership. requestor=129.138.12.150
check software interlocks A
interlocks []
actuate state mode=None-script, software_lock=False
doing actuation None-script open_channel False
Open A ===>> OK
GetIndicatorState A ===>> OK
change switch state (True, True)
update switch state A True args=() kw={} ncanvase=2
02:51:22 -- OPEN   VALVE-A (CO2 Laser to Jan)
---------------------------------------- open None (CO2 Laser to Jan) result=[(True, True)], time=0.14 sec
action=open, ok=True, locked=[False]
open () {'description': 'Microbone to CO2 Laser'}
opening name=--- desc=Microbone to CO2 Laser
checking ownership. requestor=129.138.12.150
check software interlocks T
interlocks []
actuate state mode=None-script, software_lock=False
doing actuation None-script open_channel False
Open T ===>> OK
Get Checksum: -1965264452
GetIndicatorState T ===>> OK
change switch state (True, True)
update switch state T True args=() kw={} ncanvase=2
02:51:22 -- OPEN   VALVE-T (Microbone to CO2 Laser)
---------------------------------------- open None (Microbone to CO2 Laser) result=[(True, True)], time=0.47 sec
action=open, ok=True, locked=[False]
executed 0
PrepareForCO2Analysis.py completed successfully
gosub finished
set_motor ('beam', '1.25') {}
setting motor "beam" to 1.25
set motor beam to 1.25
SetMotor beam,1.25 ===>> OK
GetMotorMoving beam ===>> False
GetMotorMoving beam ===>> False
Block completed
move_to_position ('165',) {'autocenter': True}
FusionsCO2 move to position 165
sending GoToHole 165,True
GoToHole 165,True ===>> OK
GetDriveMoving ===>> OK
GetDriveMoving ===>> OK
GetDriveMoving ===>> OK
GetDriveMoving ===>> OK
Get Checksum: -1965264452
GetDriveMoving ===>> OK
GetDriveMoving ===>> OK
GetDriveMoving ===>> OK
GetDriveMoving ===>> False
GetDriveMoving ===>> False
Block completed
GetAutoCorrecting ===>> OK
GetAutoCorrecting ===>> OK
GetAutoCorrecting ===>> OK
Get Checksum: -1965264452
GetAutoCorrecting ===>> False
GetAutoCorrecting ===>> False
Block completed
update position
GetPosition ===>> 7.97560,-5.98170,1.00000
got position (7.9756, -5.9817, 1.0)
move to position succeeded
sleep (5,) {}
SLEEP 5.0
block started
WaitControl setup for 5.0  
Get Checksum: -1965264452
Join finished
block finished. duration 5.00970888138
close () {'description': 'Microbone to Turbo'}
closing name=--- desc=Microbone to Turbo
checking ownership. requestor=129.138.12.150
check software interlocks U
interlocks []
actuate state mode=None-script, software_lock=False
doing actuation None-script close_channel True
Close U ===>> OK
GetIndicatorState U ===>> False
change switch state (True, True)
update switch state U False args=() kw={} ncanvase=2
02:51:34 -- CLOSE  VALVE-U (Microbone to Turbo)
---------------------------------------- close None (Microbone to Turbo) result=[(True, True)]
Get Checksum: 1551197106
action=close, ok=True, locked=[False]
enable laser
enable () {}
set extraction state FusionsCO2 Enabled (False, 'red', 1.5)
enabling laser
Enable ===>> OK
begin interval
BEGIN INTERVAL Interval 1 waiting for 30.0
block started
WaitControl setup for 30.0  
set extract to 5.0
extract (5.0,) {}
GetPosition ===>> 7.97560,-5.98170,1.00000
set extraction state FusionsCO2 ON! 5.0(watts) (0.75, 'red', 1.5)
extract sample to 5.0 (watts)
set laser output
SetLaserOutput 5.0,watts ===>> OK
executing pattern triangle.lp
execute_pattern ('triangle.lp',) {}
executing pattern triangle.lp
IsPatterning ===>> OK
Get Checksum: 1551197106
IsPatterning ===>> OK
IsPatterning ===>> OK
IsPatterning ===>> OK
Get Checksum: 1551197106
IsPatterning ===>> OK
IsPatterning ===>> OK
IsPatterning ===>> OK
Get Checksum: 1551197106
IsPatterning ===>> OK
IsPatterning ===>> OK
IsPatterning ===>> OK
Get Checksum: 1551197106
IsPatterning ===>> OK
IsPatterning ===>> OK
IsPatterning ===>> OK
Get Checksum: 1551197106
IsPatterning ===>> OK
IsPatterning ===>> OK
IsPatterning ===>> OK
Get Checksum: 1551197106
IsPatterning ===>> OK
IsPatterning ===>> OK
IsPatterning ===>> OK
Get Checksum: 1551197106
IsPatterning ===>> OK
IsPatterning ===>> OK
IsPatterning ===>> OK
Get Checksum: 1551197106
IsPatterning ===>> OK
IsPatterning ===>> OK
IsPatterning ===>> OK
Get Checksum: 1551197106
IsPatterning ===>> OK
IsPatterning ===>> OK
IsPatterning ===>> OK
Get Checksum: 1551197106
Join finished
block finished. duration 30.0421860218
Interval 1 finished
IsPatterning ===>> False
IsPatterning ===>> False
Block completed
COMPLETE INTERVAL waiting for Interval 1 to complete
end_extract () {}
ending extraction. set laser power to 0
set laser power 0
SetLaserPower 0 ===>> OK
disable () {}
%%%%%%%%%%%%%%%%%%%%%%%%%%%%%%%%%%% disable
set extraction state False (0.75, 'red', 1.5)
disabling laser
Disable ===>> OK
sleep (30.0,) {}
SLEEP 30.0
block started
WaitControl setup for 30.0  
Get Checksum: 1551197106
Get Checksum: 1551197106
Get Checksum: 1551197106
Get Checksum: 1551197106
Get Checksum: 1551197106
Get Checksum: 1551197106
Get Checksum: 1551197106
Get Checksum: 1551197106
Get Checksum: 1551197106
Get Checksum: 1551197106
Join finished
block finished. duration 30.0480520725
executed 165.0
jan_co2.py completed successfully
GetAchievedOutput ===>> No Response
Requested Output= 0.000
Achieved Output=  0.000
GetResponseBlob ===>> No Response
GetOutputBlob ===>> No Response
persistence save...
persistence save - db
AutomatedRunPersister post_extraction_save deprecated
persistence save - dvc
no extraction position for 165
create new session 4983034992
close session 4983034992
Extraction Finished
02:52:36 -- ******* Extraction Finished *******
no overlap. not waiting for min ms pumptime
02:52:36 -- Sending spectrometer configuration
======== Sending configuration ========
SetDeflection CDD,50.0 ===>> OK
SetDeflection H2,0.0 ===>> OK
SetDeflection H1,0.0 ===>> OK
SetDeflection L2,825.0 ===>> OK
SetDeflection L1,400.0 ===>> OK
SetDeflection AX,190.0 ===>> OK
SetZFocus 74.64 ===>> OK
SetZSymmetry -50.72 ===>> OK
SetExtractionLens 26.13 ===>> OK
SetIonRepeller -3.81 ===>> OK
SetElectronEnergy 75.08 ===>> OK
SetYSymmetry -2.81 ===>> OK
SetIonCounterVoltage 1590.0 ===>> OK
send trap current 200.0
GetParameter Trap Current Readback ===>> 198.035158395898
SetParameter Trap Current Set,200.0 ===>> OK
updating mftable name mftable
Using mftable located at /Users/jan/PychronDev/setupfiles/spectrometer/mftables/mftable.csv
============ MFtable ===========
Isotope  H2     H1     AX     L1     L2     CDD    
Ar40     5.7769 5.8790 5.9922 6.1168 6.2307 6.3450
Ar39     5.6761 5.7712 5.8847 6.0029 6.1158 6.2315
Ar36     5.3536 5.4402 5.5480 5.6617 5.7708 5.8826
================================
get initial guess parabolic
get initial guess parabolic
get initial guess parabolic
get initial guess parabolic
get initial guess parabolic
get initial guess parabolic
======== Configuration Finished ========
GetYSymmetry ===>> -2.81
GetZSymmetry ===>> -50.72
GetParameter Trap Current Readback ===>> 198.147042666178
GetHighVoltage ===>> 4499.94659342336
start measurement
do measurement
L#=65518 analysis type=unknown
Measurement Started jan_co2_whiff_120_60_large.py
02:52:36 -- ******* Measurement Started jan_co2_whiff_120_60_large.py *******
state changed from extraction to measurement
setting spec, defl, and gains
GetExtractionLens ===>> 26.13
GetYSymmetry ===>> -2.81
GetZSymmetry ===>> -50.72
GetZFocus ===>> 74.64
GetDeflection H2 ===>> 0
GetDeflection H1 ===>> 0
GetDeflection AX ===>> 190
GetDeflection L1 ===>> 400
GetDeflection L2 ===>> 825
GetDeflection CDD ===>> 50
GetGain H2 ===>> 0.0113
GetGain H1 ===>> 0.1
GetGain AX ===>> 0.097049
GetGain L1 ===>> 0.010355
GetGain L2 ===>> 0.095649
GetGain CDD ===>> 0
pre measurement save
New frame /Users/jan/PychronDev/data/isotopes/6a/e43a73-36ce-4569-9671-817f652e7935.h5
flush and close file /Users/jan/PychronDev/data/isotopes/6a/e43a73-36ce-4569-9671-817f652e7935.h5
testing...
no interpolation path defined
executed 266.04
co2 whiff measurement script
activate_detectors ('H2', 'H1', 'AX', 'L1', 'L2', 'CDD') {}
activate detectors
*************** Set Analysis View Ar/Ar
create graphs
clearing graphs
clear isotope group
setting isotope det=H2, iso=PM41
setting isotope det=H1, iso=Ar40
setting isotope det=AX, iso=Ar39
setting isotope det=L1, iso=Ar38
setting isotope det=L2, iso=Ar37
setting isotope det=CDD, iso=Ar36
setting previous blanks
 - setting Ar40 blank 0.282+/-0.007
 - setting Ar36 blank 0.00465+/-0.00019
 - setting Ar37 blank 0.041+/-0.005
 - setting Ar38 blank 0.0063+/-0.0023
 - setting PM41 blank 0.03+/-0.07
 - setting Ar39 blank 0.041+/-0.009
load analysis view
position_magnet ('Ar40',) {'detector': 'H1'}
detector Detector(H1)
POSITION Ar40 H1
setting detector H2 to PM41 (40.9624)
setting detector H1 to Ar40 (39.9624)
setting detector AX to Ar39 (38.9624)
setting detector L1 to Ar38 (37.9624)
setting detector L2 to Ar37 (36.9624)
setting detector CDD to Ar36 (35.9624)
Mapping mass to dac mass func: "parabolic"
H1 map mass coeffs = [-0.00063987  0.15840543  0.57056999]
H1 map mass to dac 39.9624 >> 5.87896
GetDeflection H1 ===>> 0
GetHighVoltage ===>> 4499.94659342336
positioning Ar40 (5.87892537936) on H1
setting magnet DAC
current  : 5.878926
requested: 5.878925
Delta Dac: 0.000000
Checking detector protection. dv=0.00000
Checking detector "CDD". Protection Threshold: 0.1 (V)
SetMagnetDAC 5.87892537936 ===>> OK
Magnet settling time: 0.500
close ('S',) {}
closing name=S desc=---
checking ownership. requestor=129.138.12.150
check software interlocks S
interlocks []
actuate state mode=None-script, software_lock=False
doing actuation None-script close_channel True
Get Checksum: 1551197106
Close S ===>> OK
GetIndicatorState S ===>> False
change switch state (True, True)
update switch state S False args=() kw={} ncanvase=2
02:52:39 -- CLOSE  VALVE-S (Microbone to Inlet Pipette)
---------------------------------------- close S () result=[(True, True)]
action=close, ok=True, locked=[False]
equilibrate () {'do_post_equilibration': False, 'inlet': 'R', 'outlet': 'O', 'eqtime': 4}
Equilibration Started
02:52:39 -- ******* Equilibration Started *******
checking ownership. requestor=129.138.12.150
check software interlocks O
interlocks []
actuate state mode=None-script, software_lock=False
doing actuation None-script close_channel True
Close O ===>> OK
GetIndicatorState O ===>> False
change switch state (True, True)
update switch state O False args=() kw={} ncanvase=2
02:52:39 -- CLOSE  VALVE-O (Jan Ion Pump)
waiting 3s before opening inlet value ('R',)
checking ownership. requestor=129.138.12.150
check software interlocks R
interlocks []
actuate state mode=None-script, software_lock=False
doing actuation None-script open_channel True
Open R ===>> OK
GetIndicatorState R ===>> OK
change switch state (True, True)
update switch state R True args=() kw={} ncanvase=2
02:52:42 -- OPEN   VALVE-R (Jan Inlet)
set_time_zero (0,) {}
equilibrating for 4sec
sniff (4,) {}
py_sniff
build tables- sniff [Detector(H2), Detector(H1), Detector(AX), Detector(L1), Detector(L2), Detector(CDD)]
add group /sniff/PM41 (Group) '' table H2
add group /sniff/Ar40 (Group) '' table H1
add group /sniff/Ar39 (Group) '' table AX
add group /sniff/Ar38 (Group) '' table L1
add group /sniff/Ar37 (Group) '' table L2
add group /sniff/Ar36 (Group) '' table CDD
flush and close file /Users/jan/PychronDev/data/isotopes/6a/e43a73-36ce-4569-9671-817f652e7935.h5
measuring sniff. ncounts=4
Get Checksum: 1427694182
starting measurement
GetData ===>> H2,0.327722622667765,H1,0.555777343874087,AX,1.38514639531591,L1,0.0375841246766035,L2,0.30723379...
GetData ===>> H2,6.05422435005876,H1,4.37952847445435,AX,6.8325434058095,L1,0.856550540332384,L2,1.463250745593...
GetData ===>> H2,3.2591160990606,H1,4.40256862745916,AX,3.14272124180979,L1,0.874835279749054,L2,0.474840582042...
Get Checksum: 1427694182
GetData ===>> H2,1.08058506175553,H1,4.10346330223457,AX,1.80507492555326,L1,0.577142279327377,L2,0.22119326827...
Equilibration Finished
02:52:46 -- ******* Equilibration Finished *******
checking ownership. requestor=129.138.12.150
check software interlocks R
interlocks []
actuate state mode=None-script, software_lock=False
doing actuation None-script close_channel True
measurement finished
estimated time: 4.194 actual time: :4.257
flush and close file /Users/jan/PychronDev/data/isotopes/6a/e43a73-36ce-4569-9671-817f652e7935.h5
set_fits () {}
Close R ===>> OK
using default fits file=/Users/jan/PychronDev/scripts/measurement/fits/nominal_linear.yaml
set "Ar40" to "('Linear', 'SEM')"
No fit for "PM41". defaulting to linear. check the measurement script "jan_co2_whiff_120_60_large.py"
set "PM41" to "linear"
set "Ar36" to "('Linear', 'SEM')"
set "Ar37" to "('linear', 'SEM')"
set "Ar38" to "('linear', 'SEM')"
set "Ar39" to "('Linear', 'SEM')"
set_baseline_fits () {}
using default fits file=/Users/jan/PychronDev/scripts/measurement/fits/nominal_linear.yaml
set "H1" to "('average', 'SEM')"
set "H2" to "('average', 'SEM')"
set "CDD" to "('average', 'SEM')"
set "L2" to "('average', 'SEM')"
set "L1" to "('average', 'SEM')"
set "AX" to "('average', 'SEM')"
whiff () {'ncounts': 1, 'conditionals': [{'action': 'run_remainder', 'attr': 'Ar40', 'teststr': 'Ar40.cur<=175'}, {'action': 'run_pipette', 'attr': 'Ar40', 'teststr': 'Ar40.cur>500'}, {'action': 'run_chamber_split', 'attr': 'Ar40', 'teststr': 'Ar40.cur>=300'}, {'action': 'pump', 'attr': 'Ar40', 'teststr': 'Ar40.cur>175'}]}
build tables- whiff [Detector(H2), Detector(H1), Detector(AX), Detector(L1), Detector(L2), Detector(CDD)]
add group /whiff/PM41 (Group) '' table H2
add group /whiff/Ar40 (Group) '' table H1
add group /whiff/Ar39 (Group) '' table AX
add group /whiff/Ar38 (Group) '' table L1
add group /whiff/Ar37 (Group) '' table L2
add group /whiff/Ar36 (Group) '' table CDD
flush and close file /Users/jan/PychronDev/data/isotopes/6a/e43a73-36ce-4569-9671-817f652e7935.h5
measuring whiff. ncounts=1
GetIndicatorState R ===>> False
change switch state (True, True)
update switch state R False args=() kw={} ncanvase=2
02:52:47 -- CLOSE  VALVE-R (Jan Inlet)
starting measurement
GetData ===>> H2,0.352834025087349,H1,3.90534508614542,AX,1.14887612176347,L1,0.200881121002475,L2,0.1946728189...
testing Ar40<=175
evaluate ot="Ar40.cur<=175" t="Ar40<=175", ctx="{'Ar40': 3.9053450861454202}"
condition Ar40<=175 is true trips=1/1
02:52:49 -- Conditional tripped: Ar40.cur<=175 condition Ar40<=175 is True
measurement finished
estimated time: 1.049 actual time: :1.103
flush and close file /Users/jan/PychronDev/data/isotopes/6a/e43a73-36ce-4569-9671-817f652e7935.h5
WHIFF Result=run_remainder
Whiff result=run_remainder
open ('R',) {}
opening name=R desc=---
checking ownership. requestor=129.138.12.150
check software interlocks R
interlocks []
actuate state mode=None-script, software_lock=False
doing actuation None-script open_channel True
Open R ===>> OK
Get Checksum: 1427694182
State checksums do not match. Local:1174506924 Remote:1427694182
State checksum failed
GetIndicatorState R ===>> OK
change switch state (True, True)
update switch state R True args=() kw={} ncanvase=2
02:52:49 -- OPEN   VALVE-R (Jan Inlet)
---------------------------------------- open R () result=[(True, True)], time=0.43 sec
action=open, ok=True, locked=[False]
open ('S',) {}
opening name=S desc=---
checking ownership. requestor=129.138.12.150
check software interlocks S
interlocks []
actuate state mode=None-script, software_lock=False
doing actuation None-script open_channel True
Open S ===>> OK
GetIndicatorState S ===>> OK
change switch state (True, True)
update switch state S True args=() kw={} ncanvase=2
02:52:50 -- OPEN   VALVE-S (Microbone to Inlet Pipette)
---------------------------------------- open S () result=[(True, True)], time=0.46 sec
action=open, ok=True, locked=[False]
sleep (12.0,) {}
SLEEP 12.0
block started
WaitControl setup for 12.0  
Get Checksum: -1449001502
Get Checksum: -1449001502
Get Checksum: -1449001502
Get Checksum: -1449001502
Join finished
block finished. duration 12.0221350193
close ('R',) {}
closing name=R desc=---
checking ownership. requestor=129.138.12.150
check software interlocks R
interlocks []
actuate state mode=None-script, software_lock=False
doing actuation None-script close_channel True
Close R ===>> OK
set states for children of R. state=False
handle state [('R', False)]
update switch state R False args=() kw={'refresh': False} ncanvase=2
refresh_canvas_needed fired
GetIndicatorState R ===>> False
change switch state (True, True)
update switch state R False args=() kw={} ncanvase=2
02:53:03 -- CLOSE  VALVE-R (Jan Inlet)
---------------------------------------- close R () result=[(True, True)]
action=close, ok=True, locked=[False]
post_equilibration () {}
multicollect () {'integration_time': 1, 'ncounts': 120.0}
Post Equilibration Started jan_pump_extraction_line.py
build tables- signal [Detector(H2), Detector(H1), Detector(AX), Detector(L1), Detector(L2), Detector(CDD)]
02:53:03 -- ******* Post Equilibration Started jan_pump_extraction_line.py *******
add group /signal/PM41 (Group) '' table H2
add group /signal/Ar40 (Group) '' table H1
testing...
add group /signal/Ar39 (Group) '' table AX
no interpolation path defined
add group /signal/Ar38 (Group) '' table L1
calculate duration
add group /signal/Ar37 (Group) '' table L2
testing...
add group /signal/Ar36 (Group) '' table CDD
no interpolation path defined
flush and close file /Users/jan/PychronDev/data/isotopes/6a/e43a73-36ce-4569-9671-817f652e7935.h5
executed 4.0
measuring signal. ncounts=120.0
executed 4.0
Pump after analysis
doing GOSUB
testing...
no interpolation path defined
executed 4.0
Pump Microbone
close () {'description': 'Jan Inlet'}
closing name=--- desc=Jan Inlet
checking ownership. requestor=129.138.12.150
check software interlocks R
interlocks []
actuate state mode=None-script, software_lock=False
doing actuation None-script close_channel False
Close R ===>> OK
GetIndicatorState R ===>> False
change switch state (True, True)
update switch state R False args=() kw={} ncanvase=2
02:53:04 -- CLOSE  VALVE-R (Jan Inlet)
---------------------------------------- close None (Jan Inlet) result=[(True, True)]
starting measurement
GetData ===>> H2,0.207362260814972,H1,105.312454471707,AX,22.9091820548075,L1,0.335009619387066,L2,1.2442771161...
action=close, ok=True, locked=[False]
is_closed ('F',) {}
is F () closed?
is closed True
open () {'description': 'CO2 Laser to Jan'}
opening name=--- desc=CO2 Laser to Jan
checking ownership. requestor=129.138.12.150
check software interlocks A
interlocks []
actuate state mode=None-script, software_lock=False
doing actuation None-script open_channel False
Open A ===>> OK
GetIndicatorState A ===>> OK
change switch state (True, True)
update switch state A True args=() kw={} ncanvase=2
02:53:04 -- OPEN   VALVE-A (CO2 Laser to Jan)
---------------------------------------- open None (CO2 Laser to Jan) result=[(True, True)], time=0.18 sec
action=open, ok=True, locked=[False]
sleep (1,) {}
SLEEP 1.0
GetData ===>> H2,0.206335685562675,H1,105.236803704899,AX,22.951555524042,L1,0.359059166080998,L2,1.22239512243...
Get Checksum: -598318598
close () {'description': 'CO2 Laser to Roughing'}
closing name=--- desc=CO2 Laser to Roughing
checking ownership. requestor=129.138.12.150
check software interlocks G
interlocks []
actuate state mode=None-script, software_lock=True
VALVE-G(CO2 Laser to Roughing) software locked
change switch state (True, False)
---------------------------------------- close None (CO2 Laser to Roughing) result=[(True, False)]
action=close, ok=True, locked=[True]
open () {'description': 'Microbone to Turbo'}
opening name=--- desc=Microbone to Turbo
checking ownership. requestor=129.138.12.150
check software interlocks U
interlocks []
actuate state mode=None-script, software_lock=False
doing actuation None-script open_channel True
Open U ===>> OK
GetIndicatorState U ===>> OK
change switch state (True, True)
update switch state U True args=() kw={} ncanvase=2
02:53:06 -- OPEN   VALVE-U (Microbone to Turbo)
---------------------------------------- open None (Microbone to Turbo) result=[(True, True)], time=0.22 sec
action=open, ok=True, locked=[False]
open () {'description': 'Microbone to Getter NP-10'}
opening name=--- desc=Microbone to Getter NP-10
checking ownership. requestor=129.138.12.150
check software interlocks M
interlocks []
actuate state mode=None-script, software_lock=False
doing actuation None-script open_channel False
Open M ===>> OK
GetData ===>> H2,-0.066473174545158,H1,105.186657491088,AX,22.739286714577,L1,0.329574370648735,L2,1.1830017248...
GetIndicatorState M ===>> OK
change switch state (True, True)
update switch state M True args=() kw={} ncanvase=2
02:53:06 -- OPEN   VALVE-M (Microbone to Getter NP-10)
---------------------------------------- open None (Microbone to Getter NP-10) result=[(True, True)], time=0.16 sec
action=open, ok=True, locked=[False]
open () {'description': 'Microbone to Getter D-50'}
opening name=--- desc=Microbone to Getter D-50
checking ownership. requestor=129.138.12.150
check software interlocks K
interlocks []
actuate state mode=None-script, software_lock=False
doing actuation None-script open_channel False
Open K ===>> OK
GetIndicatorState K ===>> OK
change switch state (True, True)
update switch state K True args=() kw={} ncanvase=2
02:53:07 -- OPEN   VALVE-K (Microbone to Getter D-50)
---------------------------------------- open None (Microbone to Getter D-50) result=[(True, True)], time=0.42 sec
action=open, ok=True, locked=[False]
open () {'description': 'Microbone to CO2 Laser'}
opening name=--- desc=Microbone to CO2 Laser
checking ownership. requestor=129.138.12.150
check software interlocks T
interlocks []
actuate state mode=None-script, software_lock=False
doing actuation None-script open_channel False
GetData ===>> H2,-0.10064976840263,H1,105.128443819018,AX,22.7041599692427,L1,0.321860688705054,L2,1.1949235197...
Open T ===>> OK
GetIndicatorState T ===>> OK
change switch state (True, True)
update switch state T True args=() kw={} ncanvase=2
02:53:07 -- OPEN   VALVE-T (Microbone to CO2 Laser)
---------------------------------------- open None (Microbone to CO2 Laser) result=[(True, True)], time=0.42 sec
action=open, ok=True, locked=[False]
open () {'description': 'Microbone to Inlet Pipette'}
opening name=--- desc=Microbone to Inlet Pipette
checking ownership. requestor=129.138.12.150
check software interlocks S
interlocks []
actuate state mode=None-script, software_lock=False
doing actuation None-script open_channel False
Open S ===>> OK
GetData ===>> H2,-0.0302715773245141,H1,105.288987075535,AX,22.8069687790759,L1,0.31512696134595,L2,1.152181450...
GetIndicatorState S ===>> OK
change switch state (True, True)
update switch state S True args=() kw={} ncanvase=2
02:53:08 -- OPEN   VALVE-S (Microbone to Inlet Pipette)
---------------------------------------- open None (Microbone to Inlet Pipette) result=[(True, True)], time=0.44 sec
action=open, ok=True, locked=[False]
sleep (1,) {}
SLEEP 1.0
Get Checksum: -860229079
GetData ===>> H2,0.0944678310315615,H1,105.251090019589,AX,22.6648630742764,L1,0.292817987981892,L2,1.185076469...
set_resource () {'name': 'CO2PumpTimeFlag', 'value': 30}
Set CO2PumpTimeFlag 30 ===>> OK
release ('JanCO2Flag',) {}
release JanCO2Flag
Set JanCO2Flag 0 ===>> OK
executed 6.0
PumpMicrobone.py completed successfully
gosub finished
get_resource_value () {'name': 'JanMiniboneFlag'}
Read JanMiniboneFlag ===>> 0
Get Resource Value JanMiniboneFlag=0.0
get resource value 0.0
get_resource_value () {'name': 'JanMiniboneFlag'}
Read JanMiniboneFlag ===>> 0
Get Resource Value JanMiniboneFlag=0.0
executed 4.0
jan_pump_extraction_line.py completed successfully
Post Equilibration Finished
02:53:09 -- ******* Post Equilibration Finished *******
GetData ===>> H2,0.0124993787422407,H1,105.220189582862,AX,22.6944606669353,L1,0.298787467390728,L2,1.229355992...
GetData ===>> H2,-0.143549940256479,H1,105.208016745968,AX,22.6300459195521,L1,0.285525880153817,L2,1.228656442...
Get Checksum: -860229079
GetData ===>> H2,-0.0688984180564685,H1,104.933441051795,AX,22.502539228334,L1,0.282448498597046,L2,1.127925996...
GetData ===>> H2,-0.119590634954958,H1,104.994047405514,AX,22.7159971396402,L1,0.305286718752328,L2,1.206606018...
GetData ===>> H2,-0.134048300422494,H1,104.960484315913,AX,22.6444368918007,L1,0.321698627235184,L2,1.157365915...
Get Checksum: -860229079
GetData ===>> H2,-0.107298824039463,H1,104.928112984649,AX,22.641278813405,L1,0.291836803930888,L2,1.2183014023...
GetData ===>> H2,-0.153521344373696,H1,104.935186807099,AX,22.7188206376478,L1,0.291716292784821,L2,1.128751613...
Get Checksum: -860229079
GetData ===>> H2,-0.184211790028263,H1,105.038214737753,AX,22.5977473314572,L1,0.293464452293186,L2,1.215652617...
GetData ===>> H2,-0.11188121785729,H1,104.730938517811,AX,22.6296962041921,L1,0.28316849844883,L2,1.09370352360...
GetData ===>> H2,-0.134113212708368,H1,104.81795644284,AX,22.5133941205445,L1,0.259913799202518,L2,1.0822414304...
Get Checksum: -860229079
GetData ===>> H2,-0.142752697816438,H1,104.641430981727,AX,22.5052302089211,L1,0.262338347967923,L2,1.153615179...
GetData ===>> H2,-0.197279034693851,H1,104.64860490714,AX,22.4722573573788,L1,0.246776600732906,L2,1.1616329850...
GetData ===>> H2,-0.200257831201521,H1,104.667476667521,AX,22.5892274922372,L1,0.235601434883541,L2,1.170706872...
Get Checksum: -860229079
GetData ===>> H2,-0.100931346093131,H1,104.700794024402,AX,22.4581088782831,L1,0.247030387313603,L2,1.219608621...
GetData ===>> H2,-0.0538963798361393,H1,104.643882791674,AX,22.52716159934,L1,0.289641046087225,L2,1.1472725248...
GetData ===>> H2,-0.091479790044418,H1,104.512926231477,AX,22.4604107904297,L1,0.283820433998175,L2,1.133693997...
Get Checksum: -860229079
GetData ===>> H2,-0.181655273776206,H1,104.640904301773,AX,22.4604625193532,L1,0.290200895166358,L2,1.153099034...
GetData ===>> H2,-0.140271428854003,H1,104.539892439976,AX,22.4674073511038,L1,0.250129764717618,L2,1.167058860...
02:53:29 -- collecting point 25
GetData ===>> H2,-0.128478991954464,H1,104.731120238677,AX,22.3824155984118,L1,0.259410453793986,L2,1.295182311...
Get Checksum: -860229079
GetData ===>> H2,-0.199231725031844,H1,104.561087415881,AX,22.4489941518986,L1,0.270548658353496,L2,1.077427758...
GetData ===>> H2,-0.151874396717518,H1,104.56624585093,AX,22.4328956322726,L1,0.294646699044254,L2,1.1474560315...
GetData ===>> H2,-0.264222495557311,H1,104.594581747351,AX,22.3346610067783,L1,0.324327264288125,L2,1.145127815...
Get Checksum: -860229079
GetData ===>> H2,-0.189873193909258,H1,104.496639863897,AX,22.4356777620537,L1,0.297042050750783,L2,1.035020552...
GetData ===>> H2,-0.175792668990045,H1,104.488597182977,AX,22.4520827551417,L1,0.294115827762233,L2,1.072935215...
GetData ===>> H2,-0.175519978605981,H1,104.363729918768,AX,22.4430151625691,L1,0.255972806866408,L2,1.137340744...
Get Checksum: -860229079
GetData ===>> H2,-0.233447842652918,H1,104.39477135753,AX,22.4972997699568,L1,0.270422202306841,L2,1.0074046217...
GetData ===>> H2,-0.165779170738207,H1,104.419208118731,AX,22.3507966820895,L1,0.297593779683933,L2,1.210148881...
GetData ===>> H2,-0.0635564786257266,H1,104.506898075316,AX,22.3563826672204,L1,0.318784286630091,L2,1.04498760...
Get Checksum: -860229079
GetData ===>> H2,-0.0699752340771107,H1,104.384659503984,AX,22.2777140152515,L1,0.297227175019135,L2,1.12120665...
GetData ===>> H2,-0.00385448312364349,H1,104.374838759318,AX,22.4806128096133,L1,0.284309412974215,L2,1.1494058...
Get Checksum: -860229079
GetData ===>> H2,-0.118720762649579,H1,104.217792929304,AX,22.3957642620275,L1,0.259011685694157,L2,1.105831905...
GetData ===>> H2,-0.222820417838805,H1,104.199506232913,AX,22.479991948944,L1,0.284027213295208,L2,1.1433501519...
GetData ===>> H2,-0.264762984943132,H1,104.24392575867,AX,22.4062296240767,L1,0.289566807535223,L2,1.1476739462...
Get Checksum: -860229079
GetData ===>> H2,-0.25911147175932,H1,103.902566455259,AX,22.3229874107737,L1,0.297216213620362,L2,1.1124813833...
GetData ===>> H2,-0.225092408739481,H1,104.163533253468,AX,22.4432869276679,L1,0.245337786711418,L2,1.019487763...
GetData ===>> H2,-0.266442101435756,H1,104.304278724855,AX,22.3418622897608,L1,0.287044234470143,L2,1.126286250...
Get Checksum: -860229079
GetData ===>> H2,-0.205117424531968,H1,103.99275235736,AX,22.1856330147067,L1,0.271990854484327,L2,1.1674374213...
GetData ===>> H2,-0.179786425724616,H1,104.014491242986,AX,22.3876281079172,L1,0.269013052964818,L2,1.132008283...
GetData ===>> H2,-0.0412358602178591,H1,103.920432644683,AX,22.3011948883713,L1,0.282672276897617,L2,1.12314443...
Get Checksum: -860229079
GetData ===>> H2,-0.0750785524571779,H1,103.905266180885,AX,22.3631845095554,L1,0.293353661719638,L2,1.24764931...
GetData ===>> H2,-0.109769247930274,H1,103.899703711321,AX,22.3606628642844,L1,0.25956364324543,L2,1.0405423988...
GetData ===>> H2,-0.204447585241034,H1,103.848092973904,AX,22.2584444395422,L1,0.25927064003297,L2,1.0630684020...
Get Checksum: -860229079
GetData ===>> H2,-0.123318290755995,H1,103.717212112502,AX,22.4028143641116,L1,0.253665079511527,L2,1.069348208...
02:53:55 -- collecting point 50
GetData ===>> H2,-0.168923874651431,H1,103.884104515804,AX,22.2817972802929,L1,0.262389376123307,L2,1.120151783...
GetData ===>> H2,-0.119437769532382,H1,103.877093552023,AX,22.3564214597891,L1,0.308512962944268,L2,1.129932717...
Get Checksum: -860229079
GetData ===>> H2,-0.147036879414963,H1,103.786672453824,AX,22.2736696668955,L1,0.324962284380396,L2,1.138992147...
GetData ===>> H2,-0.118926399443197,H1,103.808631060601,AX,22.2326258840287,L1,0.303507787435236,L2,1.133441711...
GetData ===>> H2,-0.19219330859491,H1,103.706401975916,AX,22.2857643970081,L1,0.286903095867474,L2,1.1292676278...
Get Checksum: -860229079
GetData ===>> H2,-0.153284863282708,H1,103.578766867734,AX,22.3251850017667,L1,0.27992536057782,L2,1.0880181546...
GetData ===>> H2,-0.228765414671012,H1,103.605471049262,AX,22.3574947263576,L1,0.245852579534374,L2,1.207465924...
GetData ===>> H2,-0.218814029006477,H1,103.55139769082,AX,22.1271659300386,L1,0.250337476123239,L2,1.1391985747...
Get Checksum: -860229079
GetData ===>> H2,-0.171604956292092,H1,103.482200294782,AX,22.2289804940464,L1,0.293555764108569,L2,1.143694213...
GetData ===>> H2,-0.128942623598085,H1,103.529010041004,AX,22.338048265276,L1,0.266851681745253,L2,1.1481327157...
Get Checksum: -860229079
GetData ===>> H2,-0.0972919582765244,H1,103.512379800624,AX,22.2587159742843,L1,0.266006950729329,L2,1.12191755...
GetData ===>> H2,-0.0851645633034428,H1,103.653847062057,AX,22.131595716397,L1,0.287322867264846,L2,1.070677562...
GetData ===>> H2,-0.117194604794947,H1,103.59212742392,AX,22.1218194319091,L1,0.292856945124895,L2,1.1472037099...
Get Checksum: -860229079
GetData ===>> H2,-0.101135756295057,H1,103.575544578865,AX,22.2543973594301,L1,0.250879246251775,L2,1.140827072...
GetData ===>> H2,-0.219533505383656,H1,103.651439711241,AX,22.2457606455266,L1,0.275693343145078,L2,1.174531269...
testing age>100.0
evaluate ot="age>100.0" t="age>100.0", ctx="{'age': 28.708685644147828}"
testing Ar39<0.5
evaluate ot="Ar39<0.5" t="Ar39<0.5", ctx="{'Ar39': 22.933149340119584}"
GetData ===>> H2,-0.112216930745517,H1,103.416875362543,AX,22.0894619578208,L1,0.264602056617369,L2,1.017804049...
Get Checksum: -860229079
GetData ===>> H2,-0.117841352761973,H1,103.442862017553,AX,22.1549099658573,L1,0.261037297384713,L2,1.075777412...
GetData ===>> H2,-0.136790520921019,H1,103.341112380699,AX,22.1544965947851,L1,0.254123180784167,L2,1.200598354...
GetData ===>> H2,-0.119847660671682,H1,103.408208101304,AX,22.1018692487946,L1,0.204896863617846,L2,1.090963959...
Get Checksum: -860229079
GetData ===>> H2,-0.218955502697753,H1,103.208349903629,AX,22.1812010199724,L1,0.240406837755408,L2,1.073244644...
testing age>100.0
evaluate ot="age>100.0" t="age>100.0", ctx="{'age': 28.71132570504859}"
testing Ar39<0.5
evaluate ot="Ar39<0.5" t="Ar39<0.5", ctx="{'Ar39': 22.93401355969474}"
GetData ===>> H2,-0.0893497688030091,H1,103.433016967486,AX,22.107485919281,L1,0.299649932615237,L2,1.058267148...
GetData ===>> H2,-0.0651315869553431,H1,103.353248557222,AX,22.0523127473399,L1,0.321751022767943,L2,1.15473923...
Get Checksum: -860229079
GetData ===>> H2,-0.0927207634426873,H1,103.274715196093,AX,22.1327968266914,L1,0.29684231516988,L2,1.189501212...
GetData ===>> H2,-0.0942717896874173,H1,103.11702956638,AX,22.2271578450025,L1,0.252897168105865,L2,1.138223782...
GetData ===>> H2,-0.124102619764016,H1,103.144427124588,AX,22.1361419244255,L1,0.257461744354789,L2,1.132306434...
Get Checksum: -860229079
testing age>100.0
evaluate ot="age>100.0" t="age>100.0", ctx="{'age': 28.739874213138606}"
testing Ar39<0.5
evaluate ot="Ar39<0.5" t="Ar39<0.5", ctx="{'Ar39': 22.925784077235164}"
02:54:22 -- collecting point 75
GetData ===>> H2,-0.119387715805112,H1,103.084108441702,AX,22.0626724119993,L1,0.266387374890974,L2,1.146687599...
GetData ===>> H2,-0.176196292704509,H1,103.13810139138,AX,22.0001161401533,L1,0.233745215670426,L2,1.0677667584...
GetData ===>> H2,-0.161319753109586,H1,103.055617127863,AX,22.2131076710274,L1,0.249244305671723,L2,1.228667910...
GetData ===>> H2,-0.0916924992541826,H1,103.015550857675,AX,22.2382234766661,L1,0.263429434144687,L2,1.16639351...
GetData ===>> H2,-0.0993717511814006,H1,102.983064651643,AX,22.0367363626233,L1,0.262420965109315,L2,1.17447396...
Get Checksum: -860229079
testing age>100.0
evaluate ot="age>100.0" t="age>100.0", ctx="{'age': 28.762757937894765}"
testing Ar39<0.5
evaluate ot="Ar39<0.5" t="Ar39<0.5", ctx="{'Ar39': 22.915661347696027}"
GetData ===>> H2,-0.0873691784488645,H1,103.058635629385,AX,22.1697794545617,L1,0.231990070303821,L2,1.14226063...
GetData ===>> H2,-0.0605615449643823,H1,102.987996758606,AX,22.2422958098894,L1,0.248100246136315,L2,1.14119406...
Get Checksum: -860229079
GetData ===>> H2,-0.124201333196014,H1,102.915025181841,AX,22.1153626600982,L1,0.28660014114293,L2,1.0721329977...
GetData ===>> H2,-0.176848269856796,H1,102.947966415162,AX,22.1113467420313,L1,0.300032461677808,L2,1.105338944...
GetData ===>> H2,-0.151883848248503,H1,102.927485661766,AX,22.1198307052056,L1,0.30481060207168,L2,1.1238782820...
Get Checksum: -860229079
testing age>100.0
evaluate ot="age>100.0" t="age>100.0", ctx="{'age': 28.83329182330128}"
testing Ar39<0.5
evaluate ot="Ar39<0.5" t="Ar39<0.5", ctx="{'Ar39': 22.893321058006194}"
GetData ===>> H2,-0.0660906225022036,H1,102.812208803348,AX,22.0042217408519,L1,0.297431789954463,L2,1.06581863...
GetData ===>> H2,-0.0542016466470939,H1,102.875204826697,AX,22.1713815020525,L1,0.308716388069992,L2,1.19971558...
GetData ===>> H2,-0.102852115424831,H1,102.622002387846,AX,22.1218194319091,L1,0.303546747707421,L2,1.103814223...
Get Checksum: -860229079
GetData ===>> H2,-0.166421679053481,H1,102.649993897229,AX,22.0892683068879,L1,0.29029461203189,L2,1.1204957618...
GetData ===>> H2,-0.208930844057842,H1,102.743625663486,AX,22.0202454005653,L1,0.313766770001248,L2,1.105442122...
testing age>100.0
evaluate ot="age>100.0" t="age>100.0", ctx="{'age': 28.840104666003445}"
testing Ar39<0.5
evaluate ot="Ar39<0.5" t="Ar39<0.5", ctx="{'Ar39': 22.882332707755925}"
GetData ===>> H2,-0.150703696164864,H1,102.762885020795,AX,21.9562553132851,L1,0.293783438455666,L2,1.135930193...
Get Checksum: -860229079
GetData ===>> H2,-0.135373519319115,H1,102.792076549833,AX,21.9253001066165,L1,0.275306489452566,L2,1.027288208...
GetData ===>> H2,-0.175883114350543,H1,102.7084164314,AX,21.932796158103,L1,0.292475901949272,L2,1.105545300103...
GetData ===>> H2,-0.22526746910767,H1,102.817878817639,AX,21.8979136099608,L1,0.282945925506158,L2,1.0185485450...
Get Checksum: -860229079
GetData ===>> H2,-0.186349646612894,H1,102.865901873474,AX,21.8992937339901,L1,0.279695341002648,L2,1.090631548...
testing age>100.0
evaluate ot="age>100.0" t="age>100.0", ctx="{'age': 28.80911672659888}"
testing Ar39<0.5
evaluate ot="Ar39<0.5" t="Ar39<0.5", ctx="{'Ar39': 22.893874187942167}"
GetData ===>> H2,-0.151954059374811,H1,102.764365222684,AX,21.892140144005,L1,0.305118675038852,L2,1.0857830714...
GetData ===>> H2,-0.0928968731435664,H1,102.740773970543,AX,21.9588234831494,L1,0.263057625525116,L2,1.07832170...
Get Checksum: -860229079
GetData ===>> H2,-0.0644823217211072,H1,102.618952690736,AX,21.9432347256899,L1,0.247142103983525,L2,1.11856949...
GetData ===>> H2,-0.157666394537717,H1,102.587701347029,AX,21.9685675959461,L1,0.287232827888565,L2,1.061498514...
GetData ===>> H2,-0.204471845706497,H1,102.424581763818,AX,21.9621660667831,L1,0.289890540256372,L2,1.070746322...
Get Checksum: -860229079
testing age>100.0
evaluate ot="age>100.0" t="age>100.0", ctx="{'age': 28.825680351056807}"
testing Ar39<0.5
evaluate ot="Ar39<0.5" t="Ar39<0.5", ctx="{'Ar39': 22.892895771090256}"
02:54:48 -- collecting point 100
GetData ===>> H2,-0.20251197153616,H1,102.380261761956,AX,21.7915771614154,L1,0.266394667505476,L2,1.0778747322...
GetData ===>> H2,-0.163505802598229,H1,102.577959175502,AX,21.77824287364,L1,0.271488616346432,L2,1.18965023604...
GetData ===>> H2,-0.172373946643531,H1,102.518311068204,AX,21.871088249056,L1,0.255389445734541,L2,1.1664279290...
Get Checksum: -860229079
GetData ===>> H2,-0.0733433556750714,H1,102.45816398108,AX,21.8801358029347,L1,0.264148788635245,L2,1.203797044...
GetData ===>> H2,-0.132172445406106,H1,102.444888916382,AX,21.9390153071449,L1,0.2903944153535,L2,1.03387498056...
Get Checksum: -860229079
testing age>100.0
evaluate ot="age>100.0" t="age>100.0", ctx="{'age': 28.813623578522655}"
testing Ar39<0.5
evaluate ot="Ar39<0.5" t="Ar39<0.5", ctx="{'Ar39': 22.899565896620363}"
GetData ===>> H2,-0.257650602601928,H1,102.296478066502,AX,21.8763411590491,L1,0.274441596020339,L2,1.216753402...
GetData ===>> H2,-0.243802604208908,H1,102.275006268287,AX,21.8404276978875,L1,0.287214576760401,L2,1.161472392...
GetData ===>> H2,-0.146623528466468,H1,102.135937092775,AX,21.8401438444627,L1,0.270503669003487,L2,1.083158347...
Get Checksum: -860229079
GetData ===>> H2,-0.0572213120008061,H1,102.255087636409,AX,21.8937346500734,L1,0.303247244432005,L2,1.16503989...
GetData ===>> H2,-0.132421314959368,H1,102.428440995141,AX,21.8044874519371,L1,0.304843478981386,L2,1.169054925...
testing age>100.0
evaluate ot="age>100.0" t="age>100.0", ctx="{'age': 28.848053560287294}"
testing Ar39<0.5
evaluate ot="Ar39<0.5" t="Ar39<0.5", ctx="{'Ar39': 22.89982907888771}"
GetData ===>> H2,-0.190663245690169,H1,102.23605472548,AX,21.7632340934055,L1,0.286970014789394,L2,1.1270545195...
Get Checksum: -860229079
GetData ===>> H2,-0.129022371738353,H1,102.165189016075,AX,21.7738973340155,L1,0.266177106748039,L2,1.114338733...
GetData ===>> H2,-0.0847677413510694,H1,102.283479241839,AX,21.6847378881956,L1,0.31811124060107,L2,1.096225367...
GetData ===>> H2,-0.151245177075063,H1,102.076147736037,AX,21.7986834345029,L1,0.298614495840013,L2,1.101246325...
Get Checksum: -860229079
GetData ===>> H2,-0.149536926209518,H1,102.102253379593,AX,21.8556665582535,L1,0.275928138856067,L2,1.079433425...
testing age>100.0
evaluate ot="age>100.0" t="age>100.0", ctx="{'age': 28.839645603547538}"
testing Ar39<0.5
evaluate ot="Ar39<0.5" t="Ar39<0.5", ctx="{'Ar39': 22.904361176049356}"
GetData ===>> H2,-0.0693486860187891,H1,102.053144636473,AX,21.8078023304119,L1,0.266056781840985,L2,1.06313715...
GetData ===>> H2,-0.183477946810199,H1,102.151733148859,AX,21.8385568594813,L1,0.25580630247369,L2,0.9831605736...
Get Checksum: -860229079
GetData ===>> H2,-0.17247242760162,H1,101.977513083834,AX,21.6239038782889,L1,0.23757699841821,L2,1.20528751060...
GetData ===>> H2,-0.125879330205205,H1,101.9831301263,AX,21.6200891958183,L1,0.259978238934781,L2,1.09990508535...
GetData ===>> H2,-0.256532311846257,H1,101.990763877718,AX,21.9261387096656,L1,0.269460458075628,L2,1.092201911...
Get Checksum: -860229079
testing age>100.0
evaluate ot="age>100.0" t="age>100.0", ctx="{'age': 28.850681834713033}"
testing Ar39<0.5
evaluate ot="Ar39<0.5" t="Ar39<0.5", ctx="{'Ar39': 22.904660127062368}"
GetData ===>> H2,-0.238246696559894,H1,102.029226567284,AX,21.7930473865344,L1,0.253714898546474,L2,1.054336944...
measurement finished
estimated time: 125.829 actual time: :126.187
flush and close file /Users/jan/PychronDev/data/isotopes/6a/e43a73-36ce-4569-9671-817f652e7935.h5
baselines () {'settling_time': 15.0, 'detector': 'H1', 'mass': 34.2, 'ncounts': 60.0}
%%%%%%%%%%%%%%%%%%%%%%%%%%%%%%%% Baseline
build tables- baseline [Detector(H2), Detector(H1), Detector(AX), Detector(L1), Detector(L2), Detector(CDD)]
add group baseline table H2
add group baseline table H1
add group baseline table AX
add group baseline table L1
add group baseline table L2
add group baseline table CDD
flush and close file /Users/jan/PychronDev/data/isotopes/6a/e43a73-36ce-4569-9671-817f652e7935.h5
detector Detector(H1)
POSITION 34.2 H1
Mapping mass to dac mass func: "parabolic"
H1 map mass coeffs = [-0.00063987  0.15840543  0.57056999]
H1 map mass to dac 34.2 >> 5.23961599104
GetDeflection H1 ===>> 0
GetHighVoltage ===>> 4499.94659342336
positioning 34.2 (5.23958513544) on H1
setting magnet DAC
current  : 5.878925
requested: 5.239585
Delta Dac: 0.639340
Checking detector protection. dv=0.63934
Checking detector "CDD". Protection Threshold: 0.1 (V)
ProtectDetector CDD,On ===>> OK
GetDeflection CDD ===>> 2000
SetMagnetDAC 5.23958513544 ===>> OK
Magnet settling time: 0.500
GetMagnetMoving ===>> True
GetMagnetMoving ===>> True
GetMagnetMoving ===>> True
Get Checksum: -860229079
GetMagnetMoving ===>> True
GetMagnetMoving ===>> True
GetMagnetMoving ===>> True
GetMagnetMoving ===>> True
GetMagnetMoving ===>> True
GetMagnetMoving ===>> False
ProtectDetector CDD,Off ===>> OK
GetDeflection CDD ===>> 50
Delaying 15.0s for detectors to settle
Get Checksum: -860229079
Get Checksum: -860229079
Get Checksum: -860229079
Get Checksum: -860229079
Get Checksum: -860229079
Join finished
measuring baseline. ncounts=60.0
starting measurement
GetData ===>> H2,-0.254167676012607,H1,-0.0791293765347366,AX,0.0711660420011294,L1,-0.00480309186312832,L2,0.0...
GetData ===>> H2,-0.101642027981919,H1,-0.0458932517387599,AX,-0.14437996039155,L1,-0.0231488988091864,L2,0.032...
Get Checksum: -860229079
GetData ===>> H2,-0.238720162422841,H1,-0.0329439111057759,AX,-0.0570123303844238,L1,-0.0300419544933139,L2,-0....
GetData ===>> H2,-0.225144927134695,H1,0.00577101476857429,AX,-0.168899451369298,L1,-0.0676502581003984,L2,-0.0...
GetData ===>> H2,-0.266153079976563,H1,-0.0449274747625903,AX,-0.0806264158858137,L1,-0.0359222244022583,L2,0.0...
Get Checksum: -860229079
GetData ===>> H2,-0.235939680377761,H1,-0.0806073409153506,AX,-0.102797804378663,L1,-0.0427462360171401,L2,-0.0...
GetData ===>> H2,-0.0757278275770027,H1,-0.0278161768793027,AX,-0.0536036385815559,L1,-0.0585593725837519,L2,-0...
Get Checksum: -860229079
GetData ===>> H2,-0.260711373127139,H1,-0.017941567214552,AX,-0.00958136817875298,L1,-0.0132578330964723,L2,-0....
GetData ===>> H2,-0.262656005659384,H1,-0.02058920307324,AX,0.026082452993868,L1,-0.00640681285973193,L2,0.0249...
GetData ===>> H2,-0.141243188715957,H1,0.00579487331353619,AX,-0.10476783493625,L1,-0.0125985922235545,L2,-0.01...
Get Checksum: -860229079
GetData ===>> H2,-0.102877831768318,H1,-0.0162360709932806,AX,-0.181197444913343,L1,-0.00464474504332704,L2,0.0...
GetData ===>> H2,-0.17587096501576,H1,0.0251221626506261,AX,-0.00807340349356286,L1,-0.0123924207589011,L2,-0.0...
GetData ===>> H2,-0.208510487722971,H1,-0.0537145095513168,AX,-0.0827707593477311,L1,-0.00217685192963975,L2,-0...
Get Checksum: -860229079
GetData ===>> H2,-0.204246760500946,H1,-0.0779851310533928,AX,-0.013153991268423,L1,-0.048181047663228,L2,-0.05...
GetData ===>> H2,-0.242128450727727,H1,-0.0617020535201849,AX,-0.00482540020677603,L1,-0.0515816962028792,L2,-0...
GetData ===>> H2,-0.201414617217376,H1,-0.0723948269872874,AX,0.0436175083321635,L1,-0.0242395455173679,L2,0.02...
Get Checksum: -860229079
GetData ===>> H2,-0.170460817890243,H1,0.0151717217521387,AX,-0.0710864124594042,L1,-0.0286117313822812,L2,0.01...
GetData ===>> H2,-0.150744206853659,H1,0.0562803587925266,AX,0.0448709621511906,L1,-0.0235743849452634,L2,0.053...
GetData ===>> H2,-0.277380486155826,H1,-0.0384887234008644,AX,-0.115718159980594,L1,-0.0505743052781599,L2,-0.0...
Get Checksum: -860229079
GetData ===>> H2,-0.290193922271961,H1,-0.0392160845869903,AX,-0.179342993150734,L1,-0.053020821737586,L2,-0.02...
GetData ===>> H2,-0.227864777006899,H1,-0.0736464147333969,AX,-0.0730339010468737,L1,-0.0205212730076465,L2,0.0...
GetData ===>> H2,-0.159522258782498,H1,-0.0185140349563405,AX,-0.0412200391097808,L1,-0.0295328950446745,L2,-0....
Get Checksum: -860229079
GetData ===>> H2,-0.267764784217853,H1,-0.0401461452875783,AX,-0.045835085288132,L1,-0.023758956432346,L2,-0.05...
GetData ===>> H2,-0.202569936924554,H1,-0.059436993874473,AX,-0.178589612021055,L1,-0.0377062337764421,L2,0.021...
02:55:53 -- collecting point 25
GetData ===>> H2,-0.238748434447539,H1,-0.0615232348858406,AX,-0.0670869833256089,L1,-0.0335735184807619,L2,0.0...
Get Checksum: -860229079
GetData ===>> H2,-0.20918682263261,H1,-0.0373797855174328,AX,-0.0948941042654569,L1,-0.0316564007990142,L2,-0.0...
GetData ===>> H2,-0.195939736616807,H1,0.00730990256341282,AX,-0.226828995585405,L1,-0.0130217099657531,L2,-0.0...
Get Checksum: -860229079
GetData ===>> H2,-0.321189158345253,H1,-0.0944324020463626,AX,-0.0228504501113523,L1,-0.0581333344700662,L2,0.0...
GetData ===>> H2,-0.238018033779688,H1,-0.0829076775279656,AX,-0.138628868113175,L1,-0.0262359615494339,L2,-0.1...
GetData ===>> H2,-0.191621749828276,H1,-0.0212093599074368,AX,0.0727666120503741,L1,0.0274539416965391,L2,-0.05...
Get Checksum: -860229079
GetData ===>> H2,-0.148013462487509,H1,0.0714669253744972,AX,0.0221024004231478,L1,-0.0112212387541389,L2,-0.09...
GetData ===>> H2,-0.321181116468238,H1,-0.0269337030974313,AX,-0.202347283570707,L1,-0.000806472170782727,L2,-0...
GetData ===>> H2,-0.281886125503409,H1,-0.107481030514589,AX,-0.0438986478376098,L1,-0.0130648597840503,L2,-0.0...
Get Checksum: -860229079
GetData ===>> H2,-0.185029213783027,H1,-0.0198617065046978,AX,-0.103458348481608,L1,-0.0523892109826003,L2,-0.0...
GetData ===>> H2,-0.128550633066679,H1,0.0133225281698791,AX,-0.0473772504256469,L1,-0.0279540479582818,L2,-0.0...
GetData ===>> H2,-0.185966615563377,H1,-0.0247155589635504,AX,-0.017839960414093,L1,-0.0181507863050289,L2,0.02...
GetData ===>> H2,-0.201348556865086,H1,-0.0812509637414969,AX,-0.194513687911254,L1,-0.0220137815436248,L2,0.05...
GetData ===>> H2,-0.186202639749701,H1,-0.0813582338100137,AX,-0.00604341414033195,L1,-0.0200584904484341,L2,0....
Get Checksum: -860229079
GetData ===>> H2,-0.216622491519103,H1,0.00171514477715924,AX,-0.0540210358297283,L1,-0.0234257664811707,L2,-0....
GetData ===>> H2,-0.243271046999836,H1,-0.0442478483405616,AX,-0.0272924046718895,L1,0.00348947280652731,L2,-0....
GetData ===>> H2,-0.226403948928461,H1,-0.030666275542157,AX,-0.0618469027601612,L1,0.0202633562182593,L2,0.003...
Get Checksum: -860229079
GetData ===>> H2,-0.168957611376976,H1,-0.0367120320475366,AX,-0.0448146919130717,L1,0.00429749283298876,L2,-0....
GetData ===>> H2,-0.26201052165136,H1,-0.0080898385028892,AX,-0.0105789319773354,L1,0.0116614113402616,L2,-0.04...
GetData ===>> H2,-0.223044000928386,H1,0.024000600672003,AX,0.0210000822755155,L1,0.0108571932541972,L2,-0.0221...
Get Checksum: -860229079
GetData ===>> H2,-0.237697898109484,H1,-0.0584236611183673,AX,-0.0689881817307333,L1,-0.0434203602348587,L2,0.0...
GetData ===>> H2,-0.243240094796427,H1,-0.0443670813799589,AX,-0.100201938495644,L1,-0.0270111735566797,L2,0.08...
GetData ===>> H2,-0.240980354752771,H1,-0.0615470773888792,AX,0.0101748209331251,L1,-0.038598718695224,L2,0.004...
Get Checksum: -860229079
GetData ===>> H2,-0.129856314480187,H1,-0.0675552070709571,AX,-0.139927531575901,L1,-0.0295520601025356,L2,-0.0...
GetData ===>> H2,-0.108899267241777,H1,-0.0350545532878275,AX,0.0277882396220033,L1,-0.025567338130963,L2,-0.02...
02:56:20 -- collecting point 50
GetData ===>> H2,-0.137589534432247,H1,0.0628688561915115,AX,-0.115625463989066,L1,-0.0387065303003981,L2,-0.05...
Get Checksum: -860229079
GetData ===>> H2,-0.132501114366915,H1,-0.0211855077925758,AX,-0.172005971654741,L1,-0.00977655326132142,L2,0.0...
GetData ===>> H2,-0.151779880974349,H1,-0.0294141501421262,AX,0.0155466919059953,L1,-0.0358982597303744,L2,0.01...
Get Checksum: -860229079
GetData ===>> H2,-0.168622938614452,H1,-0.0511154398602496,AX,-0.15167269123339,L1,-0.0459440329590729,L2,0.021...
GetData ===>> H2,-0.141867557935221,H1,-0.114058324099164,AX,-0.0462293253175829,L1,-0.0286117313822812,L2,-0.1...
GetData ===>> H2,-0.194201623439399,H1,0.00147656930697972,AX,-0.0385761452106121,L1,-0.0102801186353614,L2,-0....
Get Checksum: -860229079
GetData ===>> H2,-0.226557445735069,H1,-0.0298315270159886,AX,-0.00713381368433296,L1,-0.0471290305589674,L2,-0...
GetData ===>> H2,-0.193035765935974,H1,-0.0307616749303684,AX,-0.0334620939722064,L1,-0.00119168532500816,L2,-0...
GetData ===>> H2,-0.182765641723618,H1,-0.0429720459264924,AX,-0.0913360707378839,L1,-0.0333484167958666,L2,-0....
Get Checksum: -860229079
GetData ===>> H2,-0.189902855552716,H1,-0.0695339962098583,AX,0.0558227815334304,L1,-0.00759774324534204,L2,0.0...
GetData ===>> H2,-0.210449116440063,H1,-0.140592463825029,AX,-0.106123656321459,L1,0.0116506079854042,L2,-0.033...
measurement finished
estimated time: 62.915 actual time: :63.104
flush and close file /Users/jan/PychronDev/data/isotopes/6a/e43a73-36ce-4569-9671-817f652e7935.h5
activate_detectors ('H1', 'AX', 'CDD') {'peak_center': True}
peak_center () {'detector': 'H1', 'isotope': 'Ar40'}
peak center: mean=102.081258081 threshold=3
peak center started
setup peak center. detector=['H1', 'AX', 'CDD'], isotope=Ar40
VersionedUnpickler [<apptools.sweet_pickle.versioned_unpickler.VersionedUnpickler object at 0x1643e0b30>] using Updater [<apptools.sweet_pickle.updater.Updater object at 0x12ce00cb0>]
VersionedUnpickler [<apptools.sweet_pickle.versioned_unpickler.VersionedUnpickler object at 0x1643e0b30>] using Updater [<apptools.sweet_pickle.updater.Updater object at 0x12ce00cb0>]
VersionedUnpickler [<apptools.sweet_pickle.versioned_unpickler.VersionedUnpickler object at 0x1643e0b30>] using Updater [<apptools.sweet_pickle.updater.Updater object at 0x12ce00cb0>]
setting integration time = 0.524288
SetIntegrationTime 0.524288 ===>> OK
Mapping mass to dac mass func: "parabolic"
H1 map mass coeffs = [-0.00063987  0.15840543  0.57056999]
H1 map mass to dac 39.9624 >> 5.87896
GetDeflection H1 ===>> 0
GetHighVoltage ===>> 4499.94659342336
do peak center. <pychron.spectrometer.jobs.peak_center.PeakCenter object at 0x12ce00b30>
doing pc
starting peak center. center dac= 5.87892537936 step_width=0.001
width = 0.001
get scan parameters. half-width=0.015,window=0.015, i=0, scalar=1
Scan parameters center=5.87893 width=0.03000 (5.86393 - 5.89393)
GetData ===>> H2,-0.184084989636497,H1,-0.0300223272929,AX,-0.0468438727666528,L1,-0.0210152039618522,L2,-0.094...
Moving to starting dac 5.86392537936
setting magnet DAC
current  : 5.239585
requested: 5.863925
Delta Dac: 0.624340
Checking detector protection. dv=0.62434
Checking detector "CDD". Protection Threshold: 0.1 (V)
ProtectDetector CDD,On ===>> OK
GetDeflection CDD ===>> 2000
SetMagnetDAC 5.86392537936 ===>> OK
Magnet settling time: 0.500
Get Checksum: -860229079
GetMagnetMoving ===>> True
GetMagnetMoving ===>> True
GetMagnetMoving ===>> True
GetMagnetMoving ===>> True
GetMagnetMoving ===>> True
GetMagnetMoving ===>> True
GetMagnetMoving ===>> True
GetMagnetMoving ===>> True
GetMagnetMoving ===>> True
GetMagnetMoving ===>> False
ProtectDetector CDD,Off ===>> OK
GetDeflection CDD ===>> 50
Wait until signal near baseline. tol= -0.0225167454697. timeout= 10
GetData ===>> H2,4.95411033574899,H1,2.33862233448414,AX,0.223046046318044,L1,-0.020998883377385,L2,-0.10540629...
GetData ===>> H2,6.83382011660243,H1,3.95496780857523,AX,0.362827787609098,L1,-0.0069789087863276,L2,0.02721828...
Get Checksum: -860229079
GetData ===>> H2,3.70744608434241,H1,1.85536531455173,AX,0.0919478128885785,L1,-0.00155888414560133,L2,-0.00316...
GetData ===>> H2,1.52799114523861,H1,0.927221895726427,AX,0.0709495271202084,L1,-0.0168349600608018,L2,6.832073...
GetData ===>> H2,0.460871232597544,H1,0.473751649572996,AX,0.0211973382902593,L1,-0.0422708494768619,L2,0.07121...
GetData ===>> H2,0.0349609910302624,H1,0.254810433129804,AX,0.0677051627653649,L1,-0.065616028593735,L2,0.09403...
GetData ===>> H2,-0.0588779188442536,H1,0.159246795882839,AX,-0.067968031107402,L1,-0.0381243338935095,L2,-0.01...
GetData ===>> H2,-0.0569212978988111,H1,0.17150629565561,AX,-0.0104049390276124,L1,-0.000351637668556293,L2,-0....
Get Checksum: -860229079
GetData ===>> H2,-0.0435981258266335,H1,0.0136804339393005,AX,-0.0168772673443643,L1,-0.00171247968023081,L2,-0...
GetData ===>> H2,-0.0435981258266335,H1,0.0136804339393005,AX,-0.0168772673443643,L1,-0.00171247968023081,L2,-0...
GetData ===>> H2,-0.110458388975899,H1,0.0179754029833614,AX,-0.179958407994169,L1,-0.039945082893024,L2,0.0244...
GetData ===>> H2,-0.214080288037552,H1,0.0338922560495504,AX,-0.216565400157037,L1,-0.0666171333088313,L2,-0.02...
GetData ===>> H2,-0.244078465808381,H1,-0.0299746272577782,AX,-0.126053209095837,L1,-0.0458889690664706,L2,-0.1...
Peak center baseline intensity achieved
_do_sweep sm= 5.86392537936, em= 5.89392537936, stm= 0.001
calculated step values: start=5.86392537936, end=5.89392537936, width=0.001, nsteps=31.0
setting magnet DAC
current  : 5.863925
requested: 5.863925
Delta Dac: 0.000000
Checking detector protection. dv=0.00000
Checking detector "CDD". Protection Threshold: 0.1 (V)
SetMagnetDAC 5.86392537936 ===>> OK
GetData ===>> H2,-0.244078465808381,H1,-0.0299746272577782,AX,-0.126053209095837,L1,-0.0458889690664706,L2,-0.1...
setting magnet DAC
current  : 5.863925
requested: 5.864960
Delta Dac: 0.001034
Checking detector protection. dv=0.00103
Checking detector "CDD". Protection Threshold: 0.1 (V)
SetMagnetDAC 5.86495986211 ===>> OK
Magnet settling time: 1.049
Get Checksum: -860229079
GetData ===>> H2,-0.251869780909473,H1,0.159199096479035,AX,-0.0665305279848091,L1,-0.0546929629719591,L2,-0.06...
setting magnet DAC
current  : 5.864960
requested: 5.865994
Delta Dac: 0.001034
Checking detector protection. dv=0.00103
Checking detector "CDD". Protection Threshold: 0.1 (V)
SetMagnetDAC 5.86599434487 ===>> OK
Magnet settling time: 1.049
GetData ===>> H2,-0.249050892695435,H1,0.722858323054276,AX,0.0755381698326697,L1,-0.00506459858241315,L2,-0.11...
setting magnet DAC
current  : 5.865994
requested: 5.867029
Delta Dac: 0.001034
Checking detector protection. dv=0.00103
Checking detector "CDD". Protection Threshold: 0.1 (V)
SetMagnetDAC 5.86702882763 ===>> OK
Magnet settling time: 1.049
GetData ===>> H2,-0.291725863867184,H1,3.10244898635446,AX,0.254060380743857,L1,-0.0216312273096368,L2,-0.01109...
setting magnet DAC
current  : 5.867029
requested: 5.868063
Delta Dac: 0.001034
Checking detector protection. dv=0.00103
Checking detector "CDD". Protection Threshold: 0.1 (V)
SetMagnetDAC 5.86806331039 ===>> OK
Magnet settling time: 1.049
Get Checksum: -860229079
GetData ===>> H2,-0.201538647857121,H1,10.2418922328786,AX,1.38020687681913,L1,-0.0553579145873432,L2,0.0211817...
setting magnet DAC
current  : 5.868063
requested: 5.869098
Delta Dac: 0.001034
Checking detector protection. dv=0.00103
Checking detector "CDD". Protection Threshold: 0.1 (V)
SetMagnetDAC 5.86909779315 ===>> OK
Magnet settling time: 1.049
GetData ===>> H2,-0.154205084804551,H1,26.7431861321503,AX,4.01344690119116,L1,-0.00442401501789076,L2,-0.11741...
setting magnet DAC
current  : 5.869098
requested: 5.870132
Delta Dac: 0.001034
Checking detector protection. dv=0.00103
Checking detector "CDD". Protection Threshold: 0.1 (V)
SetMagnetDAC 5.87013227591 ===>> OK
Magnet settling time: 1.049
GetData ===>> H2,-0.126306564599173,H1,50.9691370682197,AX,8.65853134452056,L1,0.0193703171284598,L2,0.09204949...
setting magnet DAC
current  : 5.870132
requested: 5.871167
Delta Dac: 0.001034
Checking detector protection. dv=0.00103
Checking detector "CDD". Protection Threshold: 0.1 (V)
SetMagnetDAC 5.87116675867 ===>> OK
Magnet settling time: 1.049
Get Checksum: -860229079
GetData ===>> H2,-0.211375876400072,H1,74.5930714795472,AX,13.7324800041825,L1,0.107453844097758,L2,0.248097802...
setting magnet DAC
current  : 5.871167
requested: 5.872201
Delta Dac: 0.001034
Checking detector protection. dv=0.00103
Checking detector "CDD". Protection Threshold: 0.1 (V)
SetMagnetDAC 5.87220124142 ===>> OK
Magnet settling time: 1.049
GetData ===>> H2,-0.160554063485831,H1,89.3271354801749,AX,17.8400303130793,L1,0.126078323099251,L2,0.500394170...
setting magnet DAC
current  : 5.872201
requested: 5.873236
Delta Dac: 0.001034
Checking detector protection. dv=0.00103
Checking detector "CDD". Protection Threshold: 0.1 (V)
SetMagnetDAC 5.87323572418 ===>> OK
Magnet settling time: 1.049
Get Checksum: -860229079
GetData ===>> H2,-0.37692532295175,H1,95.6953927805195,AX,19.8291332684758,L1,0.133798228321247,L2,0.7281370588...
setting magnet DAC
current  : 5.873236
requested: 5.874270
Delta Dac: 0.001034
Checking detector protection. dv=0.00103
Checking detector "CDD". Protection Threshold: 0.1 (V)
SetMagnetDAC 5.87427020694 ===>> OK
Magnet settling time: 1.049
GetData ===>> H2,-0.228189835413567,H1,97.926013996578,AX,20.6984282420429,L1,0.189846379156211,L2,0.9983110332...
setting magnet DAC
current  : 5.874270
requested: 5.875305
Delta Dac: 0.001034
Checking detector protection. dv=0.00103
Checking detector "CDD". Protection Threshold: 0.1 (V)
SetMagnetDAC 5.8753046897 ===>> OK
Magnet settling time: 1.049
GetData ===>> H2,-0.324184606294261,H1,98.3230756693328,AX,20.7646900315153,L1,0.234053550440737,L2,1.038704720...
setting magnet DAC
current  : 5.875305
requested: 5.876339
Delta Dac: 0.001034
Checking detector protection. dv=0.00103
Checking detector "CDD". Protection Threshold: 0.1 (V)
SetMagnetDAC 5.87633917246 ===>> OK
Magnet settling time: 1.049
Get Checksum: -860229079
GetData ===>> H2,-0.284334103130579,H1,98.5899175076386,AX,20.7277673530931,L1,0.250140226897555,L2,1.065307450...
setting magnet DAC
current  : 5.876339
requested: 5.877374
Delta Dac: 0.001034
Checking detector protection. dv=0.00103
Checking detector "CDD". Protection Threshold: 0.1 (V)
SetMagnetDAC 5.87737365522 ===>> OK
Magnet settling time: 1.049
GetData ===>> H2,-0.205590466207543,H1,98.6010915863221,AX,20.8006559105548,L1,0.284781448442394,L2,1.049967628...
setting magnet DAC
current  : 5.877374
requested: 5.878408
Delta Dac: 0.001034
Checking detector protection. dv=0.00103
Checking detector "CDD". Protection Threshold: 0.1 (V)
SetMagnetDAC 5.87840813798 ===>> OK
Magnet settling time: 1.049
GetData ===>> H2,-0.178714103163116,H1,98.3946886945396,AX,20.803143535556,L1,0.24605154948346,L2,1.09542182645...
setting magnet DAC
current  : 5.878408
requested: 5.879443
Delta Dac: 0.001034
Checking detector protection. dv=0.00103
Checking detector "CDD". Protection Threshold: 0.1 (V)
SetMagnetDAC 5.87944262074 ===>> OK
Magnet settling time: 1.049
Get Checksum: -860229079
GetData ===>> H2,-0.218095307609333,H1,98.5637293115823,AX,20.924388664313,L1,0.293858737152088,L2,1.0689710530...
setting magnet DAC
current  : 5.879443
requested: 5.880477
Delta Dac: 0.001034
Checking detector protection. dv=0.00103
Checking detector "CDD". Protection Threshold: 0.1 (V)
SetMagnetDAC 5.88047710349 ===>> OK
Magnet settling time: 1.049
GetData ===>> H2,-0.26809965014006,H1,98.6656613862063,AX,20.926237264532,L1,0.287440820236651,L2,1.04387816905...
setting magnet DAC
current  : 5.880477
requested: 5.881512
Delta Dac: 0.001034
Checking detector protection. dv=0.00103
Checking detector "CDD". Protection Threshold: 0.1 (V)
SetMagnetDAC 5.88151158625 ===>> OK
Magnet settling time: 1.049
Get Checksum: -860229079
GetData ===>> H2,-0.331657692614791,H1,98.7505985565815,AX,20.82627863416,L1,0.289621827371139,L2,0.92669995888...
setting magnet DAC
current  : 5.881512
requested: 5.882546
Delta Dac: 0.001034
Checking detector protection. dv=0.00103
Checking detector "CDD". Protection Threshold: 0.1 (V)
SetMagnetDAC 5.88254606901 ===>> OK
Magnet settling time: 1.049
GetData ===>> H2,-0.175496590246669,H1,98.4849921162468,AX,20.5917915876109,L1,0.243919293711035,L2,1.035179609...
setting magnet DAC
current  : 5.882546
requested: 5.883581
Delta Dac: 0.001034
Checking detector protection. dv=0.00103
Checking detector "CDD". Protection Threshold: 0.1 (V)
SetMagnetDAC 5.88358055177 ===>> OK
Magnet settling time: 1.049
GetData ===>> H2,-0.272065550276367,H1,97.6478964015607,AX,20.3874597888522,L1,0.30171455812962,L2,1.0604304953...
setting magnet DAC
current  : 5.883581
requested: 5.884615
Delta Dac: 0.001034
Checking detector protection. dv=0.00103
Checking detector "CDD". Protection Threshold: 0.1 (V)
SetMagnetDAC 5.88461503453 ===>> OK
Magnet settling time: 1.049
Get Checksum: -860229079
GetData ===>> H2,-0.202023972071352,H1,94.2813592489009,AX,19.3318807637756,L1,0.254677301904191,L2,0.998585607...
setting magnet DAC
current  : 5.884615
requested: 5.885650
Delta Dac: 0.001034
Checking detector protection. dv=0.00103
Checking detector "CDD". Protection Threshold: 0.1 (V)
SetMagnetDAC 5.88564951729 ===>> OK
Magnet settling time: 1.049
GetData ===>> H2,-0.20341781528347,H1,85.4192586125801,AX,16.3751667562355,L1,0.253480327920522,L2,0.7620675617...
setting magnet DAC
current  : 5.885650
requested: 5.886684
Delta Dac: 0.001034
Checking detector protection. dv=0.00103
Checking detector "CDD". Protection Threshold: 0.1 (V)
SetMagnetDAC 5.88668400005 ===>> OK
Magnet settling time: 1.049
GetData ===>> H2,-0.143145169737654,H1,67.1340165255612,AX,11.3952455272061,L1,0.121121164511768,L2,0.457150110...
setting magnet DAC
current  : 5.886684
requested: 5.887718
Delta Dac: 0.001034
Checking detector protection. dv=0.00103
Checking detector "CDD". Protection Threshold: 0.1 (V)
SetMagnetDAC 5.8877184828 ===>> OK
Magnet settling time: 1.049
Get Checksum: -860229079
GetData ===>> H2,-0.147232163798505,H1,42.3092269565593,AX,5.93698088065238,L1,0.0995028058512077,L2,0.15968482...
setting magnet DAC
current  : 5.887718
requested: 5.888753
Delta Dac: 0.001034
Checking detector protection. dv=0.00103
Checking detector "CDD". Protection Threshold: 0.1 (V)
SetMagnetDAC 5.88875296556 ===>> OK
Magnet settling time: 1.049
GetData ===>> H2,-0.243058417109309,H1,20.631668176581,AX,2.42689579542868,L1,0.0859705192736939,L2,-0.04929207...
setting magnet DAC
current  : 5.888753
requested: 5.889787
Delta Dac: 0.001034
Checking detector protection. dv=0.00103
Checking detector "CDD". Protection Threshold: 0.1 (V)
SetMagnetDAC 5.88978744832 ===>> OK
Magnet settling time: 1.049
GetData ===>> H2,-0.127266431321341,H1,7.61174353218717,AX,0.739496035799683,L1,0.0393143626355168,L2,0.1005525...
setting magnet DAC
current  : 5.889787
requested: 5.890822
Delta Dac: 0.001034
Checking detector protection. dv=0.00103
Checking detector "CDD". Protection Threshold: 0.1 (V)
SetMagnetDAC 5.89082193108 ===>> OK
Magnet settling time: 1.049
Get Checksum: -860229079
GetData ===>> H2,-0.146908281418807,H1,2.19245220991546,AX,0.112371018632614,L1,0.0432809615551957,L2,-0.012069...
setting magnet DAC
current  : 5.890822
requested: 5.891856
Delta Dac: 0.001034
Checking detector protection. dv=0.00103
Checking detector "CDD". Protection Threshold: 0.1 (V)
SetMagnetDAC 5.89185641384 ===>> OK
Magnet settling time: 1.049
GetData ===>> H2,-0.138797410349788,H1,0.5372905465163,AX,-0.145862845695789,L1,0.0403052648906084,L2,-0.048586...
setting magnet DAC
current  : 5.891856
requested: 5.892891
Delta Dac: 0.001034
Checking detector protection. dv=0.00103
Checking detector "CDD". Protection Threshold: 0.1 (V)
SetMagnetDAC 5.8928908966 ===>> OK
Magnet settling time: 1.049
Get Checksum: -860229079
GetData ===>> H2,-0.158511971538838,H1,0.0833142652480802,AX,-0.112496922479485,L1,-0.00696211817401699,L2,-0.0...
setting magnet DAC
current  : 5.892891
requested: 5.893925
Delta Dac: 0.001034
Checking detector protection. dv=0.00103
Checking detector "CDD". Protection Threshold: 0.1 (V)
SetMagnetDAC 5.89392537936 ===>> OK
Magnet settling time: 1.049
GetData ===>> H2,-0.232568233377866,H1,-0.0307855247632325,AX,-0.115926725638554,L1,-0.0109431079560239,L2,-0.1...
result of _do_sweep=True
result of _calculate_peak_center=([5.8711097480933141, 5.8787450186343957, 5.8863802891754773], [73.291151246452372, 98.748045335027157, 72.502329082180552], 5.8814804895762798, 98.748045335027157)
Failed to find a valid peak. No peak greater than 1.0. max = 0.0546215651767
new center pos Detector(H1) (Ar40) @ 5.87874501863
GetHighVoltage ===>> 4499.94659342336
GetDeflection H1 ===>> 0
dac uncorrected for HV and deflection 5.87877963822
update mftable H1 Ar40 5.87877963822 message=automated run peakcenter
get initial guess parabolic
get initial guess parabolic
get initial guess parabolic
get initial guess parabolic
get initial guess parabolic
get initial guess parabolic
dump mftable to /Users/jan/PychronDev/setupfiles/spectrometer/mftables/mftable.csv
add to repo msg=modified - automated run peakcenter
sweep finished
locally archiving mftable
setting magnet DAC
current  : 5.893925
requested: 5.878745
Delta Dac: 0.015180
Checking detector protection. dv=0.01518
Checking detector "CDD". Protection Threshold: 0.1 (V)
SetMagnetDAC 5.87874501863 ===>> OK
Magnet settling time: 0.500
setting integration time = 1.048576
SetIntegrationTime 1.048576 ===>> OK
Failed to find a valid peak. No peak greater than 1.0. max = 0.0546215651767
flush and close file /Users/jan/PychronDev/data/isotopes/6a/e43a73-36ce-4569-9671-817f652e7935.h5
finished measure script
executed 278.04
jan_co2_whiff_120_60_large.py completed successfully
Measurement Finished
02:57:14 -- ******* Measurement Finished *******
Post Measurement Started jan_pump_ms.py
02:57:14 -- ******* Post Measurement Started jan_pump_ms.py *******
testing...
no interpolation path defined
executed 0
Pumping spectrometer
open () {'name': 'O'}
opening name=O desc=---
checking ownership. requestor=129.138.12.150
check software interlocks O
interlocks []
actuate state mode=None-script, software_lock=False
doing actuation None-script open_channel True
Open O ===>> OK
GetIndicatorState O ===>> OK
change switch state (True, True)
update switch state O True args=() kw={} ncanvase=2
02:57:14 -- OPEN   VALVE-O (Jan Ion Pump)
---------------------------------------- open O () result=[(True, True)], time=0.11 sec
Get Checksum: -1965264452
action=open, ok=True, locked=[False]
executed 0
jan_pump_ms.py completed successfully
setting _ms_pumptime
Post Measurement Finished
02:57:15 -- ******* Post Measurement Finished *******
$$$$$$$$$$$$$$$$$$$$ state at run end measurement
state changed from measurement to success
post measurement save measured=True aborted=False
Set filtering
setting fod for Ar40= {'filter_outliers': True, 'std_devs': 2, 'iterations': 1}
setting fod for H1= {'filter_outliers': True, 'std_devs': 2, 'iterations': 1}
setting fod for PM41= {'filter_outliers': False, 'std_devs': 2, 'iterations': 1}
setting fod for H2= {'filter_outliers': True, 'std_devs': 2, 'iterations': 1}
setting fod for Ar36= {'filter_outliers': True, 'std_devs': 2, 'iterations': 1}
setting fod for CDD= {'filter_outliers': True, 'std_devs': 10, 'iterations': 1}
setting fod for Ar37= {'filter_outliers': True, 'std_devs': 2, 'iterations': 1}
setting fod for L2= {'filter_outliers': True, 'std_devs': 2, 'iterations': 1}
setting fod for Ar38= {'filter_outliers': True, 'std_devs': 2, 'iterations': 1}
setting fod for L1= {'filter_outliers': True, 'std_devs': 2, 'iterations': 1}
setting fod for Ar39= {'filter_outliers': True, 'std_devs': 2, 'iterations': 1}
setting fod for AX= {'filter_outliers': True, 'std_devs': 2, 'iterations': 1}
persistence save...
persistence save - db
post measurement save
5643698448 connecting to database sqlite:////Users/jan/PychronDev/.appdata/local_lab.db
connected to db sqlite:////Users/jan/PychronDev/.appdata/local_lab.db
create new session 5643698448
close session 5643698448
No database instance. Not saving post measurement to isotopedb database
$$$$$$$$$$$$$$$ auto_save_detector_ic=False
massspec enabled True
create new session 5010684144
MassSpec Database Version: 16.0
close session 5010684144
saving post measurement to secondary database
saving to massspec database 129.138.12.160/massspecdata
setting labnumber to 65518
setting aliquot to 1
setting step to 
setting uuid to 6ae43a73-36ce-4569-9671-817f652e7935
setting irradpos to 65518
setting extract_device to Fusions CO2
setting tray to 
setting position to 165
setting power_requested to 5.0
setting extract_value to 5.0
setting duration to 30.0
setting duration_at_request to 30.0
setting first_stage_delay to 30.0
setting cleanup to 30.0
setting comment to F:20
setting irradiation to NM-289
setting level to F
setting irradiation_level to F
setting sample to MB-64b-djk
setting material to DetritalSanidine
setting project to IR943
setting mass_spectrometer to Jan
no attribute chron_dosages
no attribute production_ratios
no attribute interference_corrections
no attribute production_name
no attribute j
Reference Isotope=Ar40
Reference Detector=H1
%%%%%%%%%%%%%%%%%%%% Comment: F:20 %%%%%%%%%%%%%%%%%%%
adding isotope PM41 H2
add baseline dbdet= PM41. original det= H2
get baseline data PM41 H2
Get data baseline <pychron.processing.isotope.Baseline object at 0x167126050> len t=60
baseline PM41. v=-0.201556096048, e=0.00634992557098
get signal data PM41 H2
Get data signal PM41 0.11+/-0.08 len t=120
adding isotope Ar40 H1
add baseline dbdet= Ar40. original det= H1
get baseline data Ar40 H1
Get data baseline <pychron.processing.isotope.Baseline object at 0x167126210> len t=60
baseline Ar40. v=-0.0395756191137, e=0.00435382523184
get signal data Ar40 H1
Get data signal Ar40 105.854+/-0.020 len t=120
adding isotope Ar39 AX
add baseline dbdet= Ar39. original det= AX
get baseline data Ar39 AX
Get data baseline <pychron.processing.isotope.Baseline object at 0x1671263d0> len t=60
baseline Ar39. v=-0.0595653095228, e=0.00916761999947
get signal data Ar39 AX
Get data signal Ar39 22.915+/-0.017 len t=120
adding isotope Ar38 L1
add baseline dbdet= Ar38. original det= L1
get baseline data Ar38 L1
Get data baseline <pychron.processing.isotope.Baseline object at 0x167126590> len t=60
baseline Ar38. v=-0.0240418434992, e=0.00240918772872
get signal data Ar38 L1
Get data signal Ar38 0.316+/-0.005 len t=120
adding isotope Ar37 L2
add baseline dbdet= Ar37. original det= L2
get baseline data Ar37 L2
Get data baseline <pychron.processing.isotope.Baseline object at 0x167126750> len t=60
baseline Ar37. v=-0.0257128420643, e=0.00598554579273
get signal data Ar37 L2
Get data signal Ar37 1.205+/-0.012 len t=120
adding isotope Ar36 CDD
add baseline dbdet= Ar36. original det= CDD
get baseline data Ar36 CDD
Get data baseline <pychron.processing.isotope.Baseline object at 0x167126910> len t=60
baseline Ar36. v=2.97730822403e-05, e=7.75225030682e-06
get signal data Ar36 CDD
Get data signal Ar36 0.0493+/-0.0006 len t=120
65518-01 added analysis time 0.488310813904s
analysis added to mass spec database
mass spec save time= 0.497
persistence save - dvc
================= post measurement started
create new session 4983034992
close session 4983034992
---------------- Experiment Queue saving disabled
DVC saving peakcenter
Failed to find a valid peak. No peak greater than 1.0. max = 0.0546215651767
Smart pull ahead: 0 behind: 0
Up-to-date with origin
add to repo msg=modified - ad8224ebc6dbfeb9f5997218dfa5fe690569839d.json
add to repo msg=modified - 18-01.json
add to repo msg=modified - 18-01.dat.json
add to repo msg=modified - 18-01.blan.json
add to repo msg=modified - 18-01.inte.json
add to repo msg=modified - 18-01.icfa.json
add to repo msg=modified - 18-01.base.json
not at valid file /Users/jan/PychronDev/data/.dvc/repositories/Load1782/655/tags/18-01.tags.json
add to repo msg=modified - 18-01.peak.json
Get Checksum: -1965264452
add to repo msg=modified - 18-01.extr.json
not at valid file /Users/jan/PychronDev/data/.dvc/repositories/Load1782/655/monitor/18-01.moni.json
commit message=<COLLECTION>
add to repo msg=modified - 18-01.inte.json
add to repo msg=modified - 18-01.base.json
commit message=<ISOEVO> default collection fits
add to repo msg=modified - 18-01.blan.json
commit message=<BLANKS> preceding bc-02-J-247
add to repo msg=modified - 18-01.icfa.json
Get Checksum: -1965264452
commit message=<ICFactor> default
push repository <pychron.git_archive.repo_manager.GitRepoManager object at 0x1587a6050>
pushing to remote=origin, url=https://github.com
Get Checksum: -1965264452
no changes to meta repo
create new session 4983034992
add association Load1782
get identifier "65518"
setting analysis irradiation position=<pychron.dvc.dvc_orm.IrradiationPositionTbl object at 0x1131eaa50>
close session 4983034992
================= post measurement finished
02:57:26 -- ******* Post Run Check *******
loading queue conditionals post_run_actions
loading system conditionals post_run_actions
loading conditionals from /Users/jan/PychronDev/setupfiles/spectrometer/default_conditionals.yaml
loading queue conditionals post_run_terminations
loading system conditionals post_run_terminations
loading conditionals from /Users/jan/PychronDev/setupfiles/spectrometer/default_conditionals.yaml
Checking default post run terminations n=1
GetDeflection CDD ===>> 50
testing CDD==2000
evaluate ot="CDD.deflection==2000" t="CDD==2000", ctx="{'CDD': 50.0}"
02:57:26 -- ******* Post Run Check Passed *******
02:57:26 -- Automated run 65518-01 success duration: 368.851 s
----------------- finish -----------------
----------------- stop -----------------
retroactive repository identifiers disabled
finish run. runs completed=66
update duration runid=65518-01, duration=368.850717068, md5=3d9034cf
loading script "jan_unknown400_120.py"
loading script "jan_pump_ms.py"
loading script "jan_co2.py"
loading script "jan_pump_extraction_line.py"
testing...
no interpolation path defined
executed 556.052928
script duration name:unknown400_120 seconds:556.0
loading script "jan_unknown400_120.py"
loading script "jan_pump_ms.py"
loading script "jan_co2.py"
loading script "jan_pump_extraction_line.py"
testing...
no interpolation path defined
executed 0
loading script "jan_unknown400_120.py"
loading script "jan_pump_ms.py"
loading script "jan_co2.py"
loading script "jan_pump_extraction_line.py"
testing...
no interpolation path defined
calculate duration
testing...
no interpolation path defined
executed 0
calculate duration
testing...
no interpolation path defined
executed 0
executed 0.0
script duration name:co2 seconds:0.0
loading script "jan_unknown400_120.py"
loading script "jan_pump_ms.py"
loading script "jan_co2.py"
loading script "jan_pump_extraction_line.py"
testing...
no interpolation path defined
calculate duration
testing...
no interpolation path defined
executed 4.0
executed 4.0
Script duration 556.0
Run total estimated duration= 557.000
unknown400_120 in script context. using previous estimated duration
script duration name:unknown400_120 seconds:556.0
pump_ms in script context. using previous estimated duration
loading script "jan_unknown400_120.py"
loading script "jan_pump_ms.py"
loading script "jan_cocktail_x1.py"
loading script "jan_pump_extraction_line.py"
testing...
no interpolation path defined
calculate duration
testing...
no interpolation path defined
executed 0
calculate duration
testing...
no interpolation path defined
executed 0
calculate duration
testing...
no interpolation path defined
executed 32.0
calculate duration
testing...
no interpolation path defined
executed 34.0
calculate duration
testing...
no interpolation path defined
executed 4.0
calculate duration
testing...
no interpolation path defined
executed 38.0
executed 108.0
script duration name:cocktail_x1 seconds:108.0
pump_extraction_line in script context. using previous estimated duration
Script duration 664.0
Run total estimated duration= 665.000
loading script "jan_unknown120_60.py"
loading script "jan_pump_ms.py"
loading script "jan_cocktail_x1.py"
loading script "jan_pump_extraction_line.py"
testing...
no interpolation path defined
executed 213.652928
script duration name:unknown120_60 seconds:214.0
cocktail_x1 in script context. using previous estimated duration
script duration name:cocktail_x1 seconds:108.0
Script duration 322.0
Run total estimated duration= 323.000
loading script "jan_ic_peak_hop3.py"
loading script "jan_pump_ms.py"
loading script "jan_air_x1.py"
loading script "jan_pump_extraction_line.py"
testing...
no interpolation path defined
executed 133.8
script duration name:ic_peak_hop3 seconds:134.0
loading script "jan_ic_peak_hop3.py"
loading script "jan_pump_ms.py"
loading script "jan_air_x1.py"
loading script "jan_pump_extraction_line.py"
testing...
no interpolation path defined
calculate duration
testing...
no interpolation path defined
executed 0
calculate duration
testing...
no interpolation path defined
executed 0
calculate duration
testing...
no interpolation path defined
executed 32.0
calculate duration
testing...
no interpolation path defined
executed 34.0
calculate duration
testing...
no interpolation path defined
executed 4.0
calculate duration
testing...
no interpolation path defined
executed 36.0
executed 106.0
script duration name:air_x1 seconds:106.0
Script duration 240.0
Run total estimated duration= 241.000
loading script "jan_co2_whiff_120_60_large.py"
loading script "jan_pump_ms.py"
loading script "jan_co2.py"
loading script "jan_pump_extraction_line.py"
testing...
no interpolation path defined
executed 266.04
script duration name:co2_whiff_120_60_large seconds:266.0
co2 in script context. using previous estimated duration
script duration name:co2 seconds:0.0
Script duration 266.0
Run total estimated duration= 267.000
co2_whiff_120_60_large in script context. using previous estimated duration
script duration name:co2_whiff_120_60_large seconds:266.0
script duration name:co2 seconds:0.0
Script duration 266.0
Run total estimated duration= 267.000
script duration name:co2_whiff_120_60_large seconds:266.0
script duration name:co2 seconds:0.0
Script duration 266.0
Run total estimated duration= 267.000
script duration name:co2_whiff_120_60_large seconds:266.0
script duration name:co2 seconds:0.0
Script duration 266.0
Run total estimated duration= 267.000
script duration name:co2_whiff_120_60_large seconds:266.0
script duration name:co2 seconds:0.0
Script duration 266.0
Run total estimated duration= 267.000
script duration name:co2_whiff_120_60_large seconds:266.0
script duration name:co2 seconds:0.0
Script duration 266.0
Run total estimated duration= 267.000
script duration name:co2_whiff_120_60_large seconds:266.0
script duration name:co2 seconds:0.0
Script duration 266.0
Run total estimated duration= 267.000
script duration name:co2_whiff_120_60_large seconds:266.0
script duration name:co2 seconds:0.0
Script duration 266.0
Run total estimated duration= 267.000
script duration name:co2_whiff_120_60_large seconds:266.0
script duration name:co2 seconds:0.0
Script duration 266.0
Run total estimated duration= 267.000
script duration name:co2_whiff_120_60_large seconds:266.0
script duration name:co2 seconds:0.0
Script duration 266.0
Run total estimated duration= 267.000
script duration name:co2_whiff_120_60_large seconds:266.0
script duration name:co2 seconds:0.0
Script duration 266.0
Run total estimated duration= 267.000
script duration name:co2_whiff_120_60_large seconds:266.0
script duration name:co2 seconds:0.0
Script duration 266.0
Run total estimated duration= 267.000
script duration name:co2_whiff_120_60_large seconds:266.0
script duration name:co2 seconds:0.0
Script duration 266.0
Run total estimated duration= 267.000
script duration name:co2_whiff_120_60_large seconds:266.0
script duration name:co2 seconds:0.0
Script duration 266.0
Run total estimated duration= 267.000
script duration name:co2_whiff_120_60_large seconds:266.0
script duration name:co2 seconds:0.0
Script duration 266.0
Run total estimated duration= 267.000
script duration name:unknown400_120 seconds:556.0
script duration name:co2 seconds:0.0
Script duration 556.0
Run total estimated duration= 557.000
script duration name:unknown400_120 seconds:556.0
script duration name:cocktail_x1 seconds:108.0
Script duration 664.0
Run total estimated duration= 665.000
unknown120_60 in script context. using previous estimated duration
script duration name:unknown120_60 seconds:214.0
script duration name:cocktail_x1 seconds:108.0
Script duration 322.0
Run total estimated duration= 323.000
ic_peak_hop3 in script context. using previous estimated duration
script duration name:ic_peak_hop3 seconds:134.0
air_x1 in script context. using previous estimated duration
script duration name:air_x1 seconds:106.0
Script duration 240.0
Run total estimated duration= 241.000
script duration name:unknown400_120 seconds:556.0
loading script "jan_unknown400_120.py"
loading script "jan_pump_ms.py"
loading script "jan_sniffair_x2.py"
loading script "jan_pump_extraction_line.py"
testing...
no interpolation path defined
calculate duration
testing...
no interpolation path defined
executed 0
calculate duration
testing...
no interpolation path defined
executed 0
calculate duration
testing...
no interpolation path defined
executed 32.0
calculate duration
testing...
no interpolation path defined
executed 34.0
calculate duration
testing...
no interpolation path defined
executed 4.0
calculate duration
testing...
no interpolation path defined
executed 36.0
calculate duration
testing...
no interpolation path defined
executed 34.0
calculate duration
testing...
no interpolation path defined
executed 4.0
calculate duration
testing...
no interpolation path defined
executed 36.0
calculate duration
testing...
no interpolation path defined
executed 70.0
executed 250.0
script duration name:sniffair_x2 seconds:250.0
Script duration 806.0
Run total estimated duration= 807.000
script duration name:co2_whiff_120_60_large seconds:266.0
script duration name:co2 seconds:0.0
Script duration 266.0
Run total estimated duration= 267.000
script duration name:co2_whiff_120_60_large seconds:266.0
script duration name:co2 seconds:0.0
Script duration 266.0
Run total estimated duration= 267.000
script duration name:co2_whiff_120_60_large seconds:266.0
script duration name:co2 seconds:0.0
Script duration 266.0
Run total estimated duration= 267.000
script duration name:co2_whiff_120_60_large seconds:266.0
script duration name:co2 seconds:0.0
Script duration 266.0
Run total estimated duration= 267.000
script duration name:co2_whiff_120_60_large seconds:266.0
script duration name:co2 seconds:0.0
Script duration 266.0
Run total estimated duration= 267.000
script duration name:co2_whiff_120_60_large seconds:266.0
script duration name:co2 seconds:0.0
Script duration 266.0
Run total estimated duration= 267.000
script duration name:co2_whiff_120_60_large seconds:266.0
script duration name:co2 seconds:0.0
Script duration 266.0
Run total estimated duration= 267.000
script duration name:co2_whiff_120_60_large seconds:266.0
script duration name:co2 seconds:0.0
Script duration 266.0
Run total estimated duration= 267.000
script duration name:co2_whiff_120_60_large seconds:266.0
script duration name:co2 seconds:0.0
Script duration 266.0
Run total estimated duration= 267.000
script duration name:co2_whiff_120_60_large seconds:266.0
script duration name:co2 seconds:0.0
Script duration 266.0
Run total estimated duration= 267.000
script duration name:co2_whiff_120_60_large seconds:266.0
script duration name:co2 seconds:0.0
Script duration 266.0
Run total estimated duration= 267.000
script duration name:co2_whiff_120_60_large seconds:266.0
script duration name:co2 seconds:0.0
Script duration 266.0
Run total estimated duration= 267.000
script duration name:co2_whiff_120_60_large seconds:266.0
script duration name:co2 seconds:0.0
Script duration 266.0
Run total estimated duration= 267.000
script duration name:co2_whiff_120_60_large seconds:266.0
script duration name:co2 seconds:0.0
Script duration 266.0
Run total estimated duration= 267.000
script duration name:co2_whiff_120_60_large seconds:266.0
script duration name:co2 seconds:0.0
Script duration 266.0
Run total estimated duration= 267.000
script duration name:unknown400_120 seconds:556.0
script duration name:co2 seconds:0.0
Script duration 556.0
Run total estimated duration= 557.000
script duration name:unknown400_120 seconds:556.0
script duration name:cocktail_x1 seconds:108.0
Script duration 664.0
Run total estimated duration= 665.000
script duration name:unknown120_60 seconds:214.0
script duration name:cocktail_x1 seconds:108.0
Script duration 322.0
Run total estimated duration= 323.000
script duration name:ic_peak_hop3 seconds:134.0
script duration name:air_x1 seconds:106.0
Script duration 240.0
Run total estimated duration= 241.000
script duration name:co2_whiff_120_60_large seconds:266.0
script duration name:co2 seconds:0.0
Script duration 266.0
Run total estimated duration= 267.000
script duration name:co2_whiff_120_60_large seconds:266.0
script duration name:co2 seconds:0.0
Script duration 266.0
Run total estimated duration= 267.000
script duration name:co2_whiff_120_60_large seconds:266.0
script duration name:co2 seconds:0.0
Script duration 266.0
Run total estimated duration= 267.000
script duration name:co2_whiff_120_60_large seconds:266.0
script duration name:co2 seconds:0.0
Script duration 266.0
Run total estimated duration= 267.000
script duration name:co2_whiff_120_60_large seconds:266.0
script duration name:co2 seconds:0.0
Script duration 266.0
Run total estimated duration= 267.000
script duration name:unknown400_120 seconds:556.0
sniffair_x2 in script context. using previous estimated duration
script duration name:sniffair_x2 seconds:250.0
Script duration 806.0
Run total estimated duration= 807.000
script duration name:co2_whiff_120_60_large seconds:266.0
script duration name:co2 seconds:0.0
Script duration 266.0
Run total estimated duration= 267.000
script duration name:co2_whiff_120_60_large seconds:266.0
script duration name:co2 seconds:0.0
Script duration 266.0
Run total estimated duration= 267.000
nruns=51 before=5.0, run_dur=16851.0, btw=1500.0
write rem/ex queues
/Users/jan/PychronDev/experiments/rem/CurrentExperiment.rem.txt
/Users/jan/PychronDev/experiments/rem/CurrentExperiment.ex.txt
doing event level: 3
