do run
loading script "jan_co2_whiff_120_60_large.py"
loading script "jan_pump_ms.py"
loading script "jan_co2.py"
loading script "jan_pump_extraction_line.py"
testing...
no interpolation path defined
executed 266.04
script duration name:co2_whiff_120_60_large seconds:266.0
loading script "jan_co2_whiff_120_60_large.py"
loading script "jan_pump_ms.py"
loading script "jan_co2.py"
loading script "jan_pump_extraction_line.py"
testing...
no interpolation path defined
executed 0
loading script "jan_co2_whiff_120_60_large.py"
loading script "jan_pump_ms.py"
loading script "jan_co2.py"
loading script "jan_pump_extraction_line.py"
testing...
no interpolation path defined
calculate duration
testing...
no interpolation path defined
executed 0
calculate duration
testing...
no interpolation path defined
executed 0
executed 0.0
script duration name:co2 seconds:0.0
loading script "jan_co2_whiff_120_60_large.py"
loading script "jan_pump_ms.py"
loading script "jan_co2.py"
loading script "jan_pump_extraction_line.py"
testing...
no interpolation path defined
calculate duration
testing...
no interpolation path defined
executed 4.0
executed 4.0
Script duration 266.0
Run total estimated duration= 267.000
run duration: 0:04:27
doing event level: 2
05:07:31 -- Setting default integration. t=1.048576
setting integration time = 1.048576
SetIntegrationTime 1.048576 ===>> OK
----------------- start -----------------
**************** Experiment Type: Ar/Ar, Ar/Ar
create new session 4985261232
close session 4985261232
$$$$$ Clearing conditionals
adding conditionals detrital
extract conditionals from file. /Users/jan/PychronDev/scripts/conditionals/detrital.yaml
no attr for this modification cd={'extraction_str': '', 'attr': '', 'mapper': '', 'use_termination': False, 'start_count': 0, 'nskip': 0, 'window': 0, 'frequency': 1, 'teststr': '', 'action': 'Skip Next Run', 'ntrips': 1, 'use_truncation': False}
no attr for this cancelation cd={'mapper': '', 'window': 0, 'frequency': 1, 'attr': '', 'teststr': '', 'start_count': 0, 'ntrips': 1}
adding truncation attr="age" test="age>100.0" start="60"
adding truncation attr="Ar39" test="Ar39<0.5" start="60"
no attr for this termination cd={'mapper': '', 'window': 0, 'frequency': 1, 'attr': '', 'teststr': '', 'start_count': 0, 'ntrips': 1}
Invalid conditional kind="pre_run_terminations"
no attr for this action cd={'mapper': '', 'attr': '', 'start_count': 0, 'window': 0, 'frequency': 1, 'teststr': '', 'action': None, 'ntrips': 1}
Invalid conditional kind="post_run_terminations"
Add queue conditionals
add default conditionals
adding default conditionals from /Users/jan/PychronDev/setupfiles/spectrometer/default_conditionals.yaml
Start automated run 65518-15
loading script "jan_co2_whiff_120_60_large.py"
loading script "jan_pump_ms.py"
loading script "jan_co2.py"
loading script "jan_pump_extraction_line.py"
%%%%%%%%%%%%%%%%%% setting automated run 65518-15
No value "sensitivity_multiplier" in metadata
$$$$$$$$$$$$$$$ auto_save_detector_ic=False
============================= Pre Extraction Check =============================
loading queue conditionals pre_run_terminations
loading system conditionals pre_run_terminations
loading conditionals from /Users/jan/PychronDev/setupfiles/spectrometer/default_conditionals.yaml
05:07:31 -- ******* Pre Extraction Check *******
Get a measurement from the spectrometer
GetData ===>> H2,-0.150382306237753,H1,-0.0375824955106239,AX,-0.0308295864133281,L1,-0.0286883984173974,L2,0.0...
Pre Extraction Termination data. keys=H2,H1,AX,L1,L2,CDD, signals=-0.15038,-0.03758,-0.03083,-0.02869,0.07735,0.00342
05:07:31 -- testing system defined conditionals
Checking default pre extraction terminations n=2
testing CDD
evaluate ot="CDD.inactive" t="CDD", ctx="{'CDD': False}"
GetDeflection CDD ===>> 50
testing CDD==2000
evaluate ot="CDD.deflection==2000" t="CDD==2000", ctx="{'CDD': 50.0}"
05:07:31 -- ******* Pre Extraction Check Passed *******
=================================================================================
05:07:31 -- stopping status monitor
stop 4976082864
Alive clients [4983386864]
05:07:31 -- starting status monitor
start 4976082864
Monitor already running
start extraction
do extraction
Analysis started at 05:07:31.507436
Extraction Started jan_co2.py
05:07:31 -- ******* Extraction Started jan_co2.py *******
state changed from not run to extraction
DO EXTRACTION <pychron.extraction_line.pyscript_runner.RemotePyScriptRunner object at 0x12bb183b0>
testing...
no interpolation path defined
calculate duration
testing...
no interpolation path defined
executed 0
calculate duration
testing...
no interpolation path defined
executed 0
executed 100.0
Jan CO2 laser analysis
doing GOSUB
testing...
no interpolation path defined
executed 0
Waiting for CO2 access
wait ('FelixCO2Flag', 0) {}
waiting for FelixCO2Flag = 0
Read FelixCO2Flag ===>> 0
finished waiting
CO2 free
wait ('CO2PumpTimeFlag', 0) {}
waiting for CO2PumpTimeFlag = 0
Read CO2PumpTimeFlag ===>> 0
finished waiting
acquire ('JanCO2Flag',) {'clear': True}
acquire JanCO2Flag
Set JanCO2Flag 1 ===>> OK
JanCO2Flag acquired
set extraction state False (0.75, 'red', 1.5)
CO2 acquired
executed 0
WaitForCO2Access.py completed successfully
gosub finished
doing GOSUB
testing...
no interpolation path defined
executed 0
Prepare for CO2 analysis
close () {'description': 'Jan Inlet'}
closing name=--- desc=Jan Inlet
checking ownership. requestor=129.138.12.150
check software interlocks R
interlocks []
actuate state mode=None-script, software_lock=False
doing actuation None-script close_channel False
Close R ===>> OK
GetIndicatorState R ===>> False
change switch state (True, True)
update switch state R False args=() kw={} ncanvase=2
05:07:31 -- CLOSE  VALVE-R (Jan Inlet)
---------------------------------------- close None (Jan Inlet) result=[(True, True)]
action=close, ok=True, locked=[False]
open () {'description': 'Jan Ion Pump'}
opening name=--- desc=Jan Ion Pump
checking ownership. requestor=129.138.12.150
check software interlocks O
interlocks []
actuate state mode=None-script, software_lock=False
doing actuation None-script open_channel False
Open O ===>> OK
GetIndicatorState O ===>> OK
change switch state (True, True)
update switch state O True args=() kw={} ncanvase=2
05:07:32 -- OPEN   VALVE-O (Jan Ion Pump)
---------------------------------------- open None (Jan Ion Pump) result=[(True, True)], time=0.12 sec
action=open, ok=True, locked=[False]
close () {'description': 'Microbone to Minibone'}
closing name=--- desc=Microbone to Minibone
checking ownership. requestor=129.138.12.150
check software interlocks L
interlocks []
actuate state mode=None-script, software_lock=False
doing actuation None-script close_channel False
Close L ===>> OK
Get Checksum: -1965264452
GetIndicatorState L ===>> False
change switch state (True, True)
update switch state L False args=() kw={} ncanvase=2
05:07:33 -- CLOSE  VALVE-L (Microbone to Minibone)
---------------------------------------- close None (Microbone to Minibone) result=[(True, True)]
action=close, ok=True, locked=[False]
open () {'description': 'Microbone to Turbo'}
opening name=--- desc=Microbone to Turbo
checking ownership. requestor=129.138.12.150
check software interlocks U
interlocks []
actuate state mode=None-script, software_lock=False
doing actuation None-script open_channel False
Open U ===>> OK
GetIndicatorState U ===>> OK
change switch state (True, True)
update switch state U True args=() kw={} ncanvase=2
05:07:33 -- OPEN   VALVE-U (Microbone to Turbo)
---------------------------------------- open None (Microbone to Turbo) result=[(True, True)], time=0.14 sec
action=open, ok=True, locked=[False]
open () {'description': 'Microbone to Inlet Pipette'}
opening name=--- desc=Microbone to Inlet Pipette
checking ownership. requestor=129.138.12.150
check software interlocks S
interlocks []
actuate state mode=None-script, software_lock=False
doing actuation None-script open_channel False
Open S ===>> OK
GetIndicatorState S ===>> OK
change switch state (True, True)
update switch state S True args=() kw={} ncanvase=2
05:07:34 -- OPEN   VALVE-S (Microbone to Inlet Pipette)
---------------------------------------- open None (Microbone to Inlet Pipette) result=[(True, True)], time=0.41 sec
action=open, ok=True, locked=[False]
open () {'description': 'Microbone to Getter D-50'}
opening name=--- desc=Microbone to Getter D-50
checking ownership. requestor=129.138.12.150
check software interlocks K
interlocks []
actuate state mode=None-script, software_lock=False
doing actuation None-script open_channel False
Open K ===>> OK
GetIndicatorState K ===>> OK
change switch state (True, True)
update switch state K True args=() kw={} ncanvase=2
05:07:34 -- OPEN   VALVE-K (Microbone to Getter D-50)
---------------------------------------- open None (Microbone to Getter D-50) result=[(True, True)], time=0.40 sec
action=open, ok=True, locked=[False]
open () {'description': 'Microbone to Getter NP-10'}
opening name=--- desc=Microbone to Getter NP-10
checking ownership. requestor=129.138.12.150
check software interlocks M
interlocks []
actuate state mode=None-script, software_lock=False
doing actuation None-script open_channel False
Open M ===>> OK
GetIndicatorState M ===>> OK
change switch state (True, True)
update switch state M True args=() kw={} ncanvase=2
05:07:35 -- OPEN   VALVE-M (Microbone to Getter NP-10)
---------------------------------------- open None (Microbone to Getter NP-10) result=[(True, True)], time=0.16 sec
action=open, ok=True, locked=[False]
close () {'description': 'CO2 Laser to Felix'}
closing name=--- desc=CO2 Laser to Felix
checking ownership. requestor=129.138.12.150
check software interlocks F
interlocks []
actuate state mode=None-script, software_lock=True
VALVE-F(CO2 Laser to Felix) software locked
change switch state (True, False)
---------------------------------------- close None (CO2 Laser to Felix) result=[(True, False)]
action=close, ok=True, locked=[True]
open () {'description': 'CO2 Laser to Jan'}
opening name=--- desc=CO2 Laser to Jan
checking ownership. requestor=129.138.12.150
check software interlocks A
interlocks []
actuate state mode=None-script, software_lock=False
doing actuation None-script open_channel False
Open A ===>> OK
GetIndicatorState A ===>> OK
change switch state (True, True)
update switch state A True args=() kw={} ncanvase=2
05:07:35 -- OPEN   VALVE-A (CO2 Laser to Jan)
---------------------------------------- open None (CO2 Laser to Jan) result=[(True, True)], time=0.13 sec
action=open, ok=True, locked=[False]
open () {'description': 'Microbone to CO2 Laser'}
opening name=--- desc=Microbone to CO2 Laser
checking ownership. requestor=129.138.12.150
check software interlocks T
interlocks []
actuate state mode=None-script, software_lock=False
doing actuation None-script open_channel False
Open T ===>> OK
Get Checksum: -1965264452
GetIndicatorState T ===>> OK
change switch state (True, True)
update switch state T True args=() kw={} ncanvase=2
05:07:36 -- OPEN   VALVE-T (Microbone to CO2 Laser)
---------------------------------------- open None (Microbone to CO2 Laser) result=[(True, True)], time=0.44 sec
action=open, ok=True, locked=[False]
executed 0
PrepareForCO2Analysis.py completed successfully
gosub finished
set_motor ('beam', '1.25') {}
setting motor "beam" to 1.25
set motor beam to 1.25
SetMotor beam,1.25 ===>> OK
GetMotorMoving beam ===>> False
GetMotorMoving beam ===>> False
Block completed
move_to_position ('179',) {'autocenter': True}
FusionsCO2 move to position 179
sending GoToHole 179,True
GoToHole 179,True ===>> OK
GetDriveMoving ===>> OK
GetDriveMoving ===>> OK
GetDriveMoving ===>> OK
GetDriveMoving ===>> OK
Get Checksum: -1965264452
GetDriveMoving ===>> OK
GetDriveMoving ===>> OK
GetDriveMoving ===>> False
GetDriveMoving ===>> False
Block completed
GetAutoCorrecting ===>> OK
GetAutoCorrecting ===>> OK
GetAutoCorrecting ===>> False
Get Checksum: -1965264452
GetAutoCorrecting ===>> False
Block completed
update position
GetPosition ===>> 5.98170,-7.97560,1.00000
got position (5.9817, -7.9756, 1.0)
move to position succeeded
sleep (5,) {}
SLEEP 5.0
block started
WaitControl setup for 5.0  
Get Checksum: -1965264452
Join finished
block finished. duration 5.00832390785
close () {'description': 'Microbone to Turbo'}
closing name=--- desc=Microbone to Turbo
checking ownership. requestor=129.138.12.150
check software interlocks U
interlocks []
actuate state mode=None-script, software_lock=False
doing actuation None-script close_channel True
Close U ===>> OK
GetIndicatorState U ===>> False
change switch state (True, True)
update switch state U False args=() kw={} ncanvase=2
05:07:47 -- CLOSE  VALVE-U (Microbone to Turbo)
---------------------------------------- close None (Microbone to Turbo) result=[(True, True)]
action=close, ok=True, locked=[False]
enable laser
enable () {}
set extraction state FusionsCO2 Enabled (False, 'red', 1.5)
enabling laser
Enable ===>> OK
begin interval
BEGIN INTERVAL Interval 1 waiting for 30.0
set extract to 5.0
block started
WaitControl setup for 30.0  
extract (5.0,) {}
GetPosition ===>> 5.98170,-7.97560,1.00000
set extraction state FusionsCO2 ON! 5.0(watts) (0.75, 'red', 1.5)
extract sample to 5.0 (watts)
set laser output
SetLaserOutput 5.0,watts ===>> OK
executing pattern triangle.lp
execute_pattern ('triangle.lp',) {}
executing pattern triangle.lp
Get Checksum: 1551197106
IsPatterning ===>> OK
IsPatterning ===>> OK
Get Checksum: 1551197106
IsPatterning ===>> OK
IsPatterning ===>> OK
IsPatterning ===>> OK
Get Checksum: 1551197106
IsPatterning ===>> OK
IsPatterning ===>> OK
IsPatterning ===>> OK
Get Checksum: 1551197106
IsPatterning ===>> OK
IsPatterning ===>> OK
IsPatterning ===>> OK
Get Checksum: 1551197106
IsPatterning ===>> OK
IsPatterning ===>> OK
IsPatterning ===>> OK
Get Checksum: 1551197106
IsPatterning ===>> OK
IsPatterning ===>> OK
IsPatterning ===>> OK
Get Checksum: 1551197106
IsPatterning ===>> OK
IsPatterning ===>> OK
IsPatterning ===>> OK
Get Checksum: 1551197106
IsPatterning ===>> OK
IsPatterning ===>> OK
IsPatterning ===>> OK
Get Checksum: 1551197106
IsPatterning ===>> OK
IsPatterning ===>> OK
IsPatterning ===>> OK
Get Checksum: 1551197106
IsPatterning ===>> OK
IsPatterning ===>> OK
IsPatterning ===>> False
Join finished
block finished. duration 30.0493638515
Interval 1 finished
Get Checksum: 1551197106
IsPatterning ===>> False
Block completed
COMPLETE INTERVAL waiting for Interval 1 to complete
end_extract () {}
ending extraction. set laser power to 0
set laser power 0
SetLaserPower 0 ===>> OK
disable () {}
%%%%%%%%%%%%%%%%%%%%%%%%%%%%%%%%%%% disable
set extraction state False (0.75, 'red', 1.5)
disabling laser
Disable ===>> OK
sleep (30.0,) {}
SLEEP 30.0
block started
WaitControl setup for 30.0  
Get Checksum: 1551197106
Get Checksum: 1551197106
Get Checksum: 1551197106
Get Checksum: 1551197106
Get Checksum: 1551197106
Get Checksum: 1551197106
Get Checksum: 1551197106
Get Checksum: 1551197106
Get Checksum: 1551197106
Get Checksum: 1551197106
Join finished
block finished. duration 30.058382988
executed 165.0
jan_co2.py completed successfully
GetAchievedOutput ===>> No Response
Requested Output= 0.000
Achieved Output=  0.000
GetResponseBlob ===>> No Response
GetOutputBlob ===>> No Response
persistence save...
persistence save - db
AutomatedRunPersister post_extraction_save deprecated
persistence save - dvc
no extraction position for 179
create new session 4983034992
close session 4983034992
Extraction Finished
05:08:49 -- ******* Extraction Finished *******
no overlap. not waiting for min ms pumptime
05:08:49 -- Sending spectrometer configuration
======== Sending configuration ========
SetDeflection CDD,50.0 ===>> OK
SetDeflection H2,0.0 ===>> OK
SetDeflection H1,0.0 ===>> OK
SetDeflection L2,825.0 ===>> OK
SetDeflection L1,400.0 ===>> OK
SetDeflection AX,190.0 ===>> OK
SetZFocus 74.64 ===>> OK
SetZSymmetry -50.72 ===>> OK
SetExtractionLens 26.13 ===>> OK
SetIonRepeller -3.81 ===>> OK
SetElectronEnergy 75.08 ===>> OK
SetYSymmetry -2.81 ===>> OK
SetIonCounterVoltage 1590.0 ===>> OK
send trap current 200.0
GetParameter Trap Current Readback ===>> 198.035158395898
SetParameter Trap Current Set,200.0 ===>> OK
updating mftable name mftable
Using mftable located at /Users/jan/PychronDev/setupfiles/spectrometer/mftables/mftable.csv
============ MFtable ===========
Isotope  H2     H1     AX     L1     L2     CDD    
Ar40     5.7770 5.8787 5.9920 6.1169 6.2306 6.3451
Ar39     5.6762 5.7710 5.8844 6.0030 6.1157 6.2316
Ar36     5.3537 5.4400 5.5478 5.6618 5.7707 5.8827
================================
get initial guess parabolic
get initial guess parabolic
get initial guess parabolic
get initial guess parabolic
get initial guess parabolic
get initial guess parabolic
======== Configuration Finished ========
GetYSymmetry ===>> -2.81
GetZSymmetry ===>> -50.72
GetParameter Trap Current Readback ===>> 197.923274125618
GetHighVoltage ===>> 4499.94659342336
start measurement
do measurement
L#=65518 analysis type=unknown
Measurement Started jan_co2_whiff_120_60_large.py
05:08:49 -- ******* Measurement Started jan_co2_whiff_120_60_large.py *******
state changed from extraction to measurement
setting spec, defl, and gains
GetExtractionLens ===>> 26.13
GetYSymmetry ===>> -2.81
GetZSymmetry ===>> -50.72
GetZFocus ===>> 74.64
GetDeflection H2 ===>> 0
GetDeflection H1 ===>> 0
GetDeflection AX ===>> 190
GetDeflection L1 ===>> 400
GetDeflection L2 ===>> 825
GetDeflection CDD ===>> 50
GetGain H2 ===>> 0.0113
GetGain H1 ===>> 0.1
GetGain AX ===>> 0.097049
GetGain L1 ===>> 0.010355
GetGain L2 ===>> 0.095649
GetGain CDD ===>> 0
pre measurement save
New frame /Users/jan/PychronDev/data/isotopes/3b/c9a566-ca38-4d64-b6e3-125a9838fc6f.h5
flush and close file /Users/jan/PychronDev/data/isotopes/3b/c9a566-ca38-4d64-b6e3-125a9838fc6f.h5
testing...
no interpolation path defined
executed 266.04
co2 whiff measurement script
activate_detectors ('H2', 'H1', 'AX', 'L1', 'L2', 'CDD') {}
activate detectors
*************** Set Analysis View Ar/Ar
create graphs
clearing graphs
clear isotope group
setting isotope det=H2, iso=PM41
setting isotope det=H1, iso=Ar40
setting isotope det=AX, iso=Ar39
setting isotope det=L1, iso=Ar38
setting isotope det=L2, iso=Ar37
setting isotope det=CDD, iso=Ar36
setting previous blanks
 - setting Ar40 blank 0.215+/-0.007
 - setting Ar36 blank 0.00492+/-0.00018
 - setting Ar37 blank 0.058+/-0.005
 - setting Ar38 blank 0.0098+/-0.0022
 - setting PM41 blank 0.00+/-0.06
 - setting Ar39 blank 0.036+/-0.009
load analysis view
position_magnet ('Ar40',) {'detector': 'H1'}
detector Detector(H1)
POSITION Ar40 H1
setting detector H2 to PM41 (40.9624)
setting detector H1 to Ar40 (39.9624)
setting detector AX to Ar39 (38.9624)
setting detector L1 to Ar38 (37.9624)
setting detector L2 to Ar37 (36.9624)
setting detector CDD to Ar36 (35.9624)
Mapping mass to dac mass func: "parabolic"
H1 map mass coeffs = [-0.00063987  0.15840543  0.57029999]
H1 map mass to dac 39.9624 >> 5.87869
GetDeflection H1 ===>> 0
GetHighVoltage ===>> 4499.94659342336
positioning Ar40 (5.87865538095) on H1
setting magnet DAC
current  : 5.878655
requested: 5.878655
Delta Dac: 0.000000
Checking detector protection. dv=0.00000
Checking detector "CDD". Protection Threshold: 0.1 (V)
SetMagnetDAC 5.87865538095 ===>> OK
Magnet settling time: 0.500
close ('S',) {}
closing name=S desc=---
checking ownership. requestor=129.138.12.150
check software interlocks S
interlocks []
actuate state mode=None-script, software_lock=False
doing actuation None-script close_channel True
Close S ===>> OK
GetIndicatorState S ===>> False
change switch state (True, True)
update switch state S False args=() kw={} ncanvase=2
05:08:51 -- CLOSE  VALVE-S (Microbone to Inlet Pipette)
---------------------------------------- close S () result=[(True, True)]
Get Checksum: 1048995596
action=close, ok=True, locked=[False]
equilibrate () {'do_post_equilibration': False, 'inlet': 'R', 'outlet': 'O', 'eqtime': 4}
Equilibration Started
05:08:51 -- ******* Equilibration Started *******
checking ownership. requestor=129.138.12.150
check software interlocks O
interlocks []
actuate state mode=None-script, software_lock=False
doing actuation None-script close_channel True
Close O ===>> OK
GetIndicatorState O ===>> False
change switch state (True, True)
update switch state O False args=() kw={} ncanvase=2
05:08:52 -- CLOSE  VALVE-O (Jan Ion Pump)
waiting 3s before opening inlet value ('R',)
Get Checksum: 1174506924
checking ownership. requestor=129.138.12.150
check software interlocks R
interlocks []
actuate state mode=None-script, software_lock=False
doing actuation None-script open_channel True
Open R ===>> OK
GetIndicatorState R ===>> OK
change switch state (True, True)
update switch state R True args=() kw={} ncanvase=2
05:08:55 -- OPEN   VALVE-R (Jan Inlet)
equilibrating for 4sec
set_time_zero (0,) {}
sniff (4,) {}
py_sniff
build tables- sniff [Detector(H2), Detector(H1), Detector(AX), Detector(L1), Detector(L2), Detector(CDD)]
add group /sniff/PM41 (Group) '' table H2
add group /sniff/Ar40 (Group) '' table H1
add group /sniff/Ar39 (Group) '' table AX
add group /sniff/Ar38 (Group) '' table L1
add group /sniff/Ar37 (Group) '' table L2
add group /sniff/Ar36 (Group) '' table CDD
flush and close file /Users/jan/PychronDev/data/isotopes/3b/c9a566-ca38-4d64-b6e3-125a9838fc6f.h5
measuring sniff. ncounts=4
starting measurement
GetData ===>> H2,0.205638544919125,H1,0.211262598105111,AX,1.17723343306549,L1,0.0264823154769126,L2,0.21654823...
GetData ===>> H2,6.02711377949545,H1,1.95257930778834,AX,6.1944901322918,L1,0.82222596826951,L2,1.2274752468046...
Get Checksum: 1427694182
GetData ===>> H2,3.30271624791318,H1,1.76851358075549,AX,2.45944409190194,L1,0.880370756626106,L2,0.47518323152...
GetData ===>> H2,1.03866716720667,H1,1.63049442694001,AX,1.27447691207785,L1,0.562973759749583,L2,0.02508949713...
Equilibration Finished
05:08:59 -- ******* Equilibration Finished *******
checking ownership. requestor=129.138.12.150
check software interlocks R
interlocks []
actuate state mode=None-script, software_lock=False
doing actuation None-script close_channel True
measurement finished
estimated time: 4.194 actual time: :4.257
flush and close file /Users/jan/PychronDev/data/isotopes/3b/c9a566-ca38-4d64-b6e3-125a9838fc6f.h5
set_fits () {}
Close R ===>> OK
using default fits file=/Users/jan/PychronDev/scripts/measurement/fits/nominal_linear.yaml
set "Ar40" to "('Linear', 'SEM')"
No fit for "PM41". defaulting to linear. check the measurement script "jan_co2_whiff_120_60_large.py"
set "PM41" to "linear"
set "Ar36" to "('Linear', 'SEM')"
set "Ar37" to "('linear', 'SEM')"
set "Ar38" to "('linear', 'SEM')"
set "Ar39" to "('Linear', 'SEM')"
set_baseline_fits () {}
using default fits file=/Users/jan/PychronDev/scripts/measurement/fits/nominal_linear.yaml
set states for children of R. state=False
handle state [('R', False)]
update switch state R False args=() kw={'refresh': False} ncanvase=2
set "H1" to "('average', 'SEM')"
set "H2" to "('average', 'SEM')"
set "CDD" to "('average', 'SEM')"
set "L2" to "('average', 'SEM')"
set "L1" to "('average', 'SEM')"
refresh_canvas_needed fired
set "AX" to "('average', 'SEM')"
whiff () {'ncounts': 1, 'conditionals': [{'action': 'run_remainder', 'attr': 'Ar40', 'teststr': 'Ar40.cur<=175'}, {'action': 'run_pipette', 'attr': 'Ar40', 'teststr': 'Ar40.cur>500'}, {'action': 'run_chamber_split', 'attr': 'Ar40', 'teststr': 'Ar40.cur>=300'}, {'action': 'pump', 'attr': 'Ar40', 'teststr': 'Ar40.cur>175'}]}
build tables- whiff [Detector(H2), Detector(H1), Detector(AX), Detector(L1), Detector(L2), Detector(CDD)]
add group /whiff/PM41 (Group) '' table H2
add group /whiff/Ar40 (Group) '' table H1
add group /whiff/Ar39 (Group) '' table AX
add group /whiff/Ar38 (Group) '' table L1
add group /whiff/Ar37 (Group) '' table L2
add group /whiff/Ar36 (Group) '' table CDD
flush and close file /Users/jan/PychronDev/data/isotopes/3b/c9a566-ca38-4d64-b6e3-125a9838fc6f.h5
GetIndicatorState R ===>> False
measuring whiff. ncounts=1
change switch state (True, True)
update switch state R False args=() kw={} ncanvase=2
05:09:00 -- CLOSE  VALVE-R (Jan Inlet)
starting measurement
GetData ===>> H2,0.355808730130309,H1,1.54401070978485,AX,0.565689925272483,L1,0.227533166179224,L2,0.108931051...
Get Checksum: 1174506924
testing Ar40<=175
evaluate ot="Ar40.cur<=175" t="Ar40<=175", ctx="{'Ar40': 1.5440107097848501}"
condition Ar40<=175 is true trips=1/1
05:09:01 -- Conditional tripped: Ar40.cur<=175 condition Ar40<=175 is True
measurement finished
estimated time: 1.049 actual time: :1.109
flush and close file /Users/jan/PychronDev/data/isotopes/3b/c9a566-ca38-4d64-b6e3-125a9838fc6f.h5
WHIFF Result=run_remainder
Whiff result=run_remainder
open ('R',) {}
opening name=R desc=---
checking ownership. requestor=129.138.12.150
check software interlocks R
interlocks []
actuate state mode=None-script, software_lock=False
doing actuation None-script open_channel True
Open R ===>> OK
set states for children of R. state=True
handle state [('R', True)]
update switch state R True args=() kw={'refresh': False} ncanvase=2
refresh_canvas_needed fired
GetIndicatorState R ===>> OK
change switch state (True, True)
update switch state R True args=() kw={} ncanvase=2
05:09:02 -- OPEN   VALVE-R (Jan Inlet)
---------------------------------------- open R () result=[(True, True)], time=0.45 sec
action=open, ok=True, locked=[False]
open ('S',) {}
opening name=S desc=---
checking ownership. requestor=129.138.12.150
check software interlocks S
interlocks []
actuate state mode=None-script, software_lock=False
doing actuation None-script open_channel True
Open S ===>> OK
GetIndicatorState S ===>> OK
change switch state (True, True)
update switch state S True args=() kw={} ncanvase=2
05:09:03 -- OPEN   VALVE-S (Microbone to Inlet Pipette)
---------------------------------------- open S () result=[(True, True)], time=0.44 sec
action=open, ok=True, locked=[False]
sleep (12.0,) {}
SLEEP 12.0
block started
WaitControl setup for 12.0  
Get Checksum: -1449001502
Get Checksum: -1449001502
Get Checksum: -1449001502
Join finished
block finished. duration 12.0185360909
close ('R',) {}
closing name=R desc=---
checking ownership. requestor=129.138.12.150
check software interlocks R
interlocks []
actuate state mode=None-script, software_lock=False
doing actuation None-script close_channel True
Close R ===>> OK
set states for children of R. state=False
handle state [('R', False)]
update switch state R False args=() kw={'refresh': False} ncanvase=2
GetIndicatorState R ===>> False
change switch state (True, True)
update switch state R False args=() kw={} ncanvase=2
refresh_canvas_needed fired
Get Checksum: -598318598
05:09:16 -- CLOSE  VALVE-R (Jan Inlet)
---------------------------------------- close R () result=[(True, True)]
action=close, ok=True, locked=[False]
post_equilibration () {}
multicollect () {'integration_time': 1, 'ncounts': 120.0}
Post Equilibration Started jan_pump_extraction_line.py
build tables- signal [Detector(H2), Detector(H1), Detector(AX), Detector(L1), Detector(L2), Detector(CDD)]
05:09:16 -- ******* Post Equilibration Started jan_pump_extraction_line.py *******
add group /signal/PM41 (Group) '' table H2
testing...
add group /signal/Ar40 (Group) '' table H1
no interpolation path defined
add group /signal/Ar39 (Group) '' table AX
add group /signal/Ar38 (Group) '' table L1
calculate duration
add group /signal/Ar37 (Group) '' table L2
testing...
add group /signal/Ar36 (Group) '' table CDD
no interpolation path defined
flush and close file /Users/jan/PychronDev/data/isotopes/3b/c9a566-ca38-4d64-b6e3-125a9838fc6f.h5
executed 4.0
measuring signal. ncounts=120.0
executed 4.0
Pump after analysis
doing GOSUB
testing...
no interpolation path defined
executed 4.0
Pump Microbone
close () {'description': 'Jan Inlet'}
closing name=--- desc=Jan Inlet
checking ownership. requestor=129.138.12.150
check software interlocks R
interlocks []
actuate state mode=None-script, software_lock=False
doing actuation None-script close_channel False
Close R ===>> OK
GetIndicatorState R ===>> False
change switch state (True, True)
update switch state R False args=() kw={} ncanvase=2
05:09:16 -- CLOSE  VALVE-R (Jan Inlet)
---------------------------------------- close None (Jan Inlet) result=[(True, True)]
starting measurement
GetData ===>> H2,0.0206893352468655,H1,37.9363778818208,AX,9.20333383344804,L1,0.147246100867599,L2,0.194638589...
action=close, ok=True, locked=[False]
is_closed ('F',) {}
is F () closed?
is closed True
open () {'description': 'CO2 Laser to Jan'}
opening name=--- desc=CO2 Laser to Jan
checking ownership. requestor=129.138.12.150
check software interlocks A
interlocks []
actuate state mode=None-script, software_lock=False
doing actuation None-script open_channel False
Open A ===>> OK
GetIndicatorState A ===>> OK
change switch state (True, True)
update switch state A True args=() kw={} ncanvase=2
05:09:17 -- OPEN   VALVE-A (CO2 Laser to Jan)
---------------------------------------- open None (CO2 Laser to Jan) result=[(True, True)], time=0.15 sec
action=open, ok=True, locked=[False]
sleep (1,) {}
SLEEP 1.0
GetData ===>> H2,0.155513039510767,H1,37.8438758793681,AX,9.25073950468929,L1,0.162238834424908,L2,0.1261804389...
close () {'description': 'CO2 Laser to Roughing'}
closing name=--- desc=CO2 Laser to Roughing
checking ownership. requestor=129.138.12.150
check software interlocks G
interlocks []
actuate state mode=None-script, software_lock=True
VALVE-G(CO2 Laser to Roughing) software locked
change switch state (True, False)
---------------------------------------- close None (CO2 Laser to Roughing) result=[(True, False)]
action=close, ok=True, locked=[True]
open () {'description': 'Microbone to Turbo'}
opening name=--- desc=Microbone to Turbo
checking ownership. requestor=129.138.12.150
check software interlocks U
interlocks []
actuate state mode=None-script, software_lock=False
doing actuation None-script open_channel True
Open U ===>> OK
GetIndicatorState U ===>> OK
change switch state (True, True)
update switch state U True args=() kw={} ncanvase=2
05:09:18 -- OPEN   VALVE-U (Microbone to Turbo)
---------------------------------------- open None (Microbone to Turbo) result=[(True, True)], time=0.18 sec
action=open, ok=True, locked=[False]
open () {'description': 'Microbone to Getter NP-10'}
opening name=--- desc=Microbone to Getter NP-10
checking ownership. requestor=129.138.12.150
check software interlocks M
interlocks []
actuate state mode=None-script, software_lock=False
doing actuation None-script open_channel False
Open M ===>> OK
GetData ===>> H2,0.0704885253912912,H1,37.9339090937148,AX,9.10167600917698,L1,0.15600035633284,L2,0.1114504311...
GetIndicatorState M ===>> OK
change switch state (True, True)
update switch state M True args=() kw={} ncanvase=2
05:09:19 -- OPEN   VALVE-M (Microbone to Getter NP-10)
---------------------------------------- open None (Microbone to Getter NP-10) result=[(True, True)], time=0.16 sec
Get Checksum: -860229079
action=open, ok=True, locked=[False]
open () {'description': 'Microbone to Getter D-50'}
opening name=--- desc=Microbone to Getter D-50
checking ownership. requestor=129.138.12.150
check software interlocks K
interlocks []
actuate state mode=None-script, software_lock=False
doing actuation None-script open_channel False
Open K ===>> OK
GetIndicatorState K ===>> OK
change switch state (True, True)
update switch state K True args=() kw={} ncanvase=2
05:09:19 -- OPEN   VALVE-K (Microbone to Getter D-50)
---------------------------------------- open None (Microbone to Getter D-50) result=[(True, True)], time=0.42 sec
action=open, ok=True, locked=[False]
open () {'description': 'Microbone to CO2 Laser'}
opening name=--- desc=Microbone to CO2 Laser
checking ownership. requestor=129.138.12.150
check software interlocks T
interlocks []
actuate state mode=None-script, software_lock=False
doing actuation None-script open_channel False
GetData ===>> H2,-0.0401380066134916,H1,37.9983129685536,AX,9.0969395078504,L1,0.143337799900059,L2,0.103903890...
Open T ===>> OK
GetIndicatorState T ===>> OK
change switch state (True, True)
update switch state T True args=() kw={} ncanvase=2
05:09:20 -- OPEN   VALVE-T (Microbone to CO2 Laser)
---------------------------------------- open None (Microbone to CO2 Laser) result=[(True, True)], time=0.44 sec
action=open, ok=True, locked=[False]
open () {'description': 'Microbone to Inlet Pipette'}
opening name=--- desc=Microbone to Inlet Pipette
checking ownership. requestor=129.138.12.150
check software interlocks S
interlocks []
actuate state mode=None-script, software_lock=False
doing actuation None-script open_channel False
Open S ===>> OK
GetIndicatorState S ===>> OK
change switch state (True, True)
update switch state S True args=() kw={} ncanvase=2
05:09:21 -- OPEN   VALVE-S (Microbone to Inlet Pipette)
---------------------------------------- open None (Microbone to Inlet Pipette) result=[(True, True)], time=0.42 sec
GetData ===>> H2,-0.0628271377667569,H1,38.0361093756272,AX,9.14196518429312,L1,0.113115953852424,L2,0.09877440...
action=open, ok=True, locked=[False]
sleep (1,) {}
SLEEP 1.0
GetData ===>> H2,-0.118240477998891,H1,37.8617125909916,AX,9.05531634695048,L1,0.106233539894505,L2,0.108874052...
set_resource () {'name': 'CO2PumpTimeFlag', 'value': 30}
Set CO2PumpTimeFlag 30 ===>> OK
release ('JanCO2Flag',) {}
release JanCO2Flag
Set JanCO2Flag 0 ===>> OK
executed 6.0
PumpMicrobone.py completed successfully
gosub finished
get_resource_value () {'name': 'JanMiniboneFlag'}
Read JanMiniboneFlag ===>> 0
Get Resource Value JanMiniboneFlag=0.0
get resource value 0.0
get_resource_value () {'name': 'JanMiniboneFlag'}
Read JanMiniboneFlag ===>> 0
Get Resource Value JanMiniboneFlag=0.0
executed 4.0
jan_pump_extraction_line.py completed successfully
Post Equilibration Finished
05:09:22 -- ******* Post Equilibration Finished *******
Get Checksum: -860229079
GetData ===>> H2,0.0203260840088564,H1,37.9135222660391,AX,9.03809166529294,L1,0.0892431208645351,L2,0.12781091...
GetData ===>> H2,0.0233004583884468,H1,37.8102542989619,AX,9.0896894438359,L1,0.115438889444147,L2,0.1658897845...
GetData ===>> H2,-0.127635485228651,H1,37.8347399829878,AX,9.10151812225204,L1,0.154515396704836,L2,0.098079097...
Get Checksum: -860229079
GetData ===>> H2,-0.202742483299347,H1,37.9220057131885,AX,9.00758236007899,L1,0.13421028238838,L2,0.1230449919...
GetData ===>> H2,-0.238671695930127,H1,37.849759713759,AX,9.03362513394236,L1,0.118256088221192,L2,0.0347577203...
GetData ===>> H2,-0.0878942957745418,H1,37.9096070327646,AX,9.00639324047557,L1,0.0846992096217808,L2,0.1878042...
Get Checksum: -860229079
GetData ===>> H2,-0.0829527477185592,H1,37.7536982953743,AX,9.05554700022259,L1,0.0797461722559842,L2,0.1579853...
GetData ===>> H2,-0.273037842932531,H1,37.7757899439378,AX,9.14049638374758,L1,0.107961543620114,L2,0.141904829...
Get Checksum: -860229079
GetData ===>> H2,-0.165563193374343,H1,37.9216226682634,AX,9.04492535181731,L1,0.0777280697155838,L2,0.09072737...
GetData ===>> H2,-0.0317411535632539,H1,37.9073941317799,AX,8.9016761855085,L1,0.0564782137063509,L2,0.14459613...
GetData ===>> H2,-0.215223542434773,H1,37.8339170914087,AX,8.96982852431237,L1,0.0593642862090931,L2,0.09276756...
Get Checksum: -860229079
GetData ===>> H2,-0.121301775532151,H1,37.9173241375054,AX,9.0279451541608,L1,0.0651502199207805,L2,0.168000018...
GetData ===>> H2,-0.255011957614355,H1,37.9112241787269,AX,9.03573700207297,L1,0.11301098181451,L2,0.1846325693...
GetData ===>> H2,-0.140413346125341,H1,37.9271698465513,AX,8.96366695183173,L1,0.11213746361042,L2,0.2315112967...
Get Checksum: -860229079
GetData ===>> H2,-0.0997603161161478,H1,37.9098339992938,AX,8.96999833670738,L1,0.0872720751435535,L2,0.1294072...
GetData ===>> H2,-0.220271796827452,H1,37.8799916128746,AX,9.06562341606327,L1,0.0888238198066835,L2,0.01665340...
GetData ===>> H2,-0.24730621849384,H1,37.9787951149272,AX,9.03286050282978,L1,0.0841741171291986,L2,0.167509527...
Get Checksum: -860229079
GetData ===>> H2,-0.225810139015108,H1,37.7687564708333,AX,8.98241966838547,L1,0.116107510950819,L2,0.147287520...
05:09:42 -- collecting point 25
GetData ===>> H2,-0.212592133585875,H1,37.9575633230203,AX,9.00430624780054,L1,0.112056630790083,L2,0.144504905...
GetData ===>> H2,-0.282103804764071,H1,37.8872671325079,AX,8.94003083442003,L1,0.148873806153553,L2,0.129327390...
Get Checksum: -860229079
GetData ===>> H2,-0.230178826794662,H1,37.9442669961409,AX,8.98138854314668,L1,0.0940434284224564,L2,0.07032649...
GetData ===>> H2,-0.192789100919671,H1,37.9229704243859,AX,9.0422913543995,L1,0.0591283627582544,L2,0.180753663...
GetData ===>> H2,-0.0772661499200628,H1,37.7926804855299,AX,8.9752262711444,L1,0.0914350952253878,L2,0.19536882...
Get Checksum: -860229079
GetData ===>> H2,-0.127421895052879,H1,37.9028266072522,AX,9.02631889349175,L1,0.109903337243629,L2,0.096597308...
GetData ===>> H2,-0.251522837431292,H1,37.9420250723608,AX,9.06160487050338,L1,0.077446169847688,L2,0.145428633...
GetData ===>> H2,-0.190560784749101,H1,37.9430183245238,AX,8.92233967311957,L1,0.105389542014883,L2,0.161646644...
Get Checksum: -860229079
GetData ===>> H2,-0.179857946885951,H1,37.9507234048689,AX,9.01127114596149,L1,0.109430518409838,L2,0.125142879...
GetData ===>> H2,-0.157525909180513,H1,37.8625066561962,AX,9.01909812428128,L1,0.0935745056376671,L2,0.15402771...
GetData ===>> H2,-0.197949298576911,H1,37.8810836215726,AX,8.885189658329,L1,0.0661188573528388,L2,0.0432524256...
Get Checksum: -860229079
GetData ===>> H2,-0.148961599603211,H1,37.8992663292322,AX,9.00055704862066,L1,0.0786424913401613,L2,0.09820448...
GetData ===>> H2,-0.217508345365176,H1,37.9015925546071,AX,9.04371151966086,L1,0.115444923736895,L2,0.225359152...
Get Checksum: -860229079
GetData ===>> H2,-0.350220165728338,H1,37.9056777433149,AX,9.01953499660852,L1,0.118678614903143,L2,0.032648413...
GetData ===>> H2,-0.178393697217484,H1,37.904826650774,AX,8.90559500969572,L1,0.118221079658199,L2,0.1466374758...
GetData ===>> H2,-0.163108861389942,H1,37.9395845450937,AX,8.93415966623158,L1,0.119363145532678,L2,0.040835063...
Get Checksum: -860229079
GetData ===>> H2,-0.218471790087869,H1,38.0443819145593,AX,8.95534699483989,L1,0.101072641304023,L2,0.135883872...
GetData ===>> H2,-0.146503302649646,H1,37.8711849997998,AX,8.96479492836181,L1,0.0958277034962569,L2,0.17697758...
GetData ===>> H2,-0.134683883903878,H1,37.8943445265912,AX,8.96247834492346,L1,0.0672825483406302,L2,0.02153256...
Get Checksum: -860229079
GetData ===>> H2,-0.0838602807473504,H1,37.932816600374,AX,8.89662925340986,L1,0.0989931547065162,L2,0.20930152...
GetData ===>> H2,-0.225771089197158,H1,37.9416845306694,AX,8.97859849190807,L1,0.126061315450896,L2,0.119248388...
GetData ===>> H2,-0.258161323533683,H1,37.9304188254584,AX,9.04215783560691,L1,0.116902914235008,L2,0.117675065...
Get Checksum: -860229079
GetData ===>> H2,-0.21762019001442,H1,37.7942831551525,AX,8.97098082826607,L1,0.0842945487775105,L2,0.090932527...
GetData ===>> H2,-0.21821173547751,H1,37.9837487981459,AX,8.99611642814915,L1,0.0605379669060527,L2,0.268370632...
GetData ===>> H2,-0.131140390040781,H1,37.8576430899582,AX,8.96534072794297,L1,0.108646556245863,L2,0.110527030...
Get Checksum: -860229079
05:10:08 -- collecting point 50
GetData ===>> H2,-0.0575237770210604,H1,37.8626342743125,AX,9.00309289962648,L1,0.0946859723129395,L2,0.1101622...
GetData ===>> H2,-0.171124648112411,H1,37.8272774157972,AX,9.02461984291639,L1,0.0701255505441289,L2,0.13266828...
GetData ===>> H2,-0.204188803704903,H1,37.8113181724288,AX,8.93153827623155,L1,0.0716605264639279,L2,0.10534019...
Get Checksum: -860229079
GetData ===>> H2,-0.340404084391507,H1,37.9849695081762,AX,9.00521626841787,L1,0.113876128666154,L2,0.077033467...
GetData ===>> H2,-0.269009362342251,H1,37.9088977651495,AX,8.88985996337387,L1,0.0892648093230704,L2,0.12965805...
GetData ===>> H2,-0.280297029646366,H1,37.9063586217283,AX,8.98624098825617,L1,0.101944850163516,L2,0.182727322...
Get Checksum: -860229079
GetData ===>> H2,-0.228968687681341,H1,38.0368614008816,AX,8.84289979615336,L1,0.141001059420991,L2,-0.00288355...
GetData ===>> H2,-0.214684921079255,H1,37.8825160118057,AX,8.81181516095039,L1,0.11699827026328,L2,0.1850889214...
GetData ===>> H2,-0.130107701729339,H1,37.8054882625736,AX,8.91732811909608,L1,0.138390542931027,L2,0.143079416...
Get Checksum: -860229079
GetData ===>> H2,-0.0874842725349543,H1,37.8912241807468,AX,8.91181933468303,L1,0.124008504958747,L2,0.15531650...
GetData ===>> H2,-0.0741188044480185,H1,37.9048550204273,AX,8.97224231280927,L1,0.0837257253142674,L2,0.1493973...
Get Checksum: -860229079
GetData ===>> H2,-0.165673882287625,H1,37.8367972368277,AX,8.88713053829845,L1,0.108922745221005,L2,0.240723130...
GetData ===>> H2,-0.219629162651294,H1,37.8721209373971,AX,8.92605299333407,L1,0.117908422340624,L2,0.199179864...
GetData ===>> H2,-0.125343912500066,H1,37.8733405034899,AX,8.86207177181209,L1,0.118805376344599,L2,0.118313511...
Get Checksum: -860229079
GetData ===>> H2,-0.0317384373309538,H1,37.9384068666895,AX,8.73999850516969,L1,0.116529948012888,L2,0.15018426...
testing age>100.0
evaluate ot="age>100.0" t="age>100.0", ctx="{'age': 28.01753658012376}"
testing Ar39<0.5
evaluate ot="Ar39<0.5" t="Ar39<0.5", ctx="{'Ar39': 9.201702493520465}"
GetData ===>> H2,-0.103293345670888,H1,37.9675826675639,AX,8.85900352789224,L1,0.115545093521675,L2,0.094272086...
GetData ===>> H2,-0.15356863999992,H1,37.6740719584555,AX,8.93749655340232,L1,0.0897781164163989,L2,0.118644137...
Get Checksum: -860229079
GetData ===>> H2,-0.0387102315653445,H1,37.7452484027204,AX,8.93023974229585,L1,0.059137992178984,L2,0.05603581...
GetData ===>> H2,-0.109927659298013,H1,37.7651973515408,AX,8.92945092135625,L1,0.0767522959700205,L2,0.12681894...
GetData ===>> H2,-0.0865039044264855,H1,37.7066644069029,AX,8.9560746607413,L1,0.128357190486808,L2,0.079205101...
Get Checksum: -860229079
testing age>100.0
evaluate ot="age>100.0" t="age>100.0", ctx="{'age': 28.17219782039828}"
testing Ar39<0.5
evaluate ot="Ar39<0.5" t="Ar39<0.5", ctx="{'Ar39': 9.189919310745216}"
GetData ===>> H2,-0.190971971075363,H1,37.8230214083041,AX,8.98030890555678,L1,0.124088147699192,L2,0.171216788...
GetData ===>> H2,-0.147143591755233,H1,37.8241421421815,AX,8.88756724139206,L1,0.0673463325897683,L2,0.14401453...
GetData ===>> H2,-0.13775852331179,H1,37.8903448253267,AX,8.88195089729033,L1,0.0550126261252549,L2,0.153514485...
Get Checksum: -860229079
GetData ===>> H2,-0.148424061512416,H1,37.9785822105247,AX,8.94201950101854,L1,0.0966017909488829,L2,0.06195483...
GetData ===>> H2,-0.16497463416215,H1,37.9812790277475,AX,9.03526364851229,L1,0.107819240473428,L2,0.0772616046...
testing age>100.0
evaluate ot="age>100.0" t="age>100.0", ctx="{'age': 28.223012011096557}"
testing Ar39<0.5
evaluate ot="Ar39<0.5" t="Ar39<0.5", ctx="{'Ar39': 9.173401050142541}"
05:10:34 -- collecting point 75
GetData ===>> H2,-0.277426146885865,H1,37.9145578384003,AX,8.95948263192378,L1,0.0956468504763403,L2,0.11888355...
Get Checksum: -860229079
GetData ===>> H2,-0.2408013327859,H1,37.8686182996071,AX,8.86734742722444,L1,0.103232189226789,L2,0.05211280777...
GetData ===>> H2,-0.233999538771514,H1,37.7951341389467,AX,8.88750658807259,L1,0.112665908989907,L2,0.107015911...
GetData ===>> H2,-0.242351864981349,H1,37.8784883445604,AX,8.83174509051791,L1,0.110911769536873,L2,0.095913414...
Get Checksum: -860229079
GetData ===>> H2,-0.198398366650459,H1,37.9415000709932,AX,8.8716409210559,L1,0.070926116738086,L2,0.0550550466...
testing age>100.0
evaluate ot="age>100.0" t="age>100.0", ctx="{'age': 28.269194515599665}"
testing Ar39<0.5
evaluate ot="Ar39<0.5" t="Ar39<0.5", ctx="{'Ar39': 9.172392944365704}"
GetData ===>> H2,-0.146488443190525,H1,37.913891098998,AX,8.87054933765665,L1,0.0768113215818258,L2,0.118530128...
GetData ===>> H2,-0.128282990374004,H1,37.833278644965,AX,8.89547674391715,L1,0.0897359423162263,L2,0.152180101...
Get Checksum: -860229079
GetData ===>> H2,-0.138876490320736,H1,37.7311996579739,AX,8.83951688123958,L1,0.0988134511560996,L2,0.18313803...
GetData ===>> H2,-0.198018075924249,H1,37.8292636047141,AX,8.88001011608805,L1,0.0990872289785975,L2,0.09495596...
Get Checksum: -860229079
GetData ===>> H2,-0.159034684872544,H1,37.9108837251199,AX,8.72065026851492,L1,0.130635473345207,L2,0.178608924...
testing age>100.0
evaluate ot="age>100.0" t="age>100.0", ctx="{'age': 28.278806136716344}"
testing Ar39<0.5
evaluate ot="Ar39<0.5" t="Ar39<0.5", ctx="{'Ar39': 9.177254386142298}"
GetData ===>> H2,-0.140276835258778,H1,37.7934179945336,AX,8.8311267676056,L1,0.117743043800968,L2,0.1036303112...
GetData ===>> H2,-0.284590693489633,H1,37.7460423268211,AX,8.79634912257096,L1,0.122991809522541,L2,0.116523591...
Get Checksum: -860229079
GetData ===>> H2,-0.242226699709084,H1,37.6851098789036,AX,8.87022186491984,L1,0.0726454416435054,L2,0.19258481...
GetData ===>> H2,-0.215844271718712,H1,37.788000246474,AX,8.85540179436501,L1,0.113207654454161,L2,0.1460672651...
GetData ===>> H2,-0.237266104113585,H1,37.7684161520347,AX,8.79462812573733,L1,0.0919665910098626,L2,0.11053843...
Get Checksum: -860229079
testing age>100.0
evaluate ot="age>100.0" t="age>100.0", ctx="{'age': 28.310108101303324}"
testing Ar39<0.5
evaluate ot="Ar39<0.5" t="Ar39<0.5", ctx="{'Ar39': 9.180058652200632}"
GetData ===>> H2,-0.198399715176392,H1,37.7553571534972,AX,8.92219405547893,L1,0.141601815046133,L2,0.187427760...
GetData ===>> H2,-0.10818498064012,H1,37.7963113432274,AX,8.87182285276067,L1,0.0905770475866114,L2,0.153662751...
GetData ===>> H2,-0.162586335947251,H1,37.7592846277504,AX,8.84753178320944,L1,0.105024233324795,L2,0.031291641...
GetData ===>> H2,-0.194676018930821,H1,37.692861123311,AX,8.85444377896304,L1,0.112610408864077,L2,0.0867041061...
GetData ===>> H2,-0.150915700499474,H1,37.7151115593467,AX,8.8369100522036,L1,0.117720108304288,L2,0.1456567154...
Get Checksum: -860229079
testing age>100.0
evaluate ot="age>100.0" t="age>100.0", ctx="{'age': 28.368733563471366}"
testing Ar39<0.5
evaluate ot="Ar39<0.5" t="Ar39<0.5", ctx="{'Ar39': 9.173970691862497}"
GetData ===>> H2,-0.222482341031621,H1,37.8391406672671,AX,8.76475771341409,L1,0.136651780127355,L2,0.077415912...
GetData ===>> H2,-0.0787771627055714,H1,37.8215744004269,AX,8.83579459227358,L1,0.121278145328783,L2,0.12480082...
GetData ===>> H2,-0.106462661752264,H1,37.8527655438158,AX,8.74700648129089,L1,0.102954679615321,L2,0.146557646...
Get Checksum: -860229079
GetData ===>> H2,-0.148879214765456,H1,37.7630279007718,AX,8.81542747409633,L1,0.104966363850824,L2,0.138757464...
GetData ===>> H2,-0.16556994272928,H1,37.7136658631957,AX,8.81181516095039,L1,0.0913712211944283,L2,0.164646479...
testing age>100.0
evaluate ot="age>100.0" t="age>100.0", ctx="{'age': 28.399279810232606}"
testing Ar39<0.5
evaluate ot="Ar39<0.5" t="Ar39<0.5", ctx="{'Ar39': 9.17796307661264}"
05:11:00 -- collecting point 100
GetData ===>> H2,-0.240711147712585,H1,37.7582212193953,AX,8.752666628704,L1,0.104258695168673,L2,0.11801708958...
Get Checksum: -860229079
GetData ===>> H2,-0.10712970232877,H1,37.7302215528581,AX,8.7252081682857,L1,0.0862240593361777,L2,0.1206849232...
GetData ===>> H2,-0.156223635105008,H1,37.757001856179,AX,8.86032540819987,L1,0.0866300019986266,L2,0.101806468...
GetData ===>> H2,-0.0937286159317609,H1,37.7409386214738,AX,8.8768564255625,L1,0.074526438768344,L2,0.108224269...
Get Checksum: -860229079
GetData ===>> H2,-0.171371550647432,H1,37.8126515739374,AX,8.87628634578092,L1,0.0599962511754451,L2,0.23672780...
testing age>100.0
evaluate ot="age>100.0" t="age>100.0", ctx="{'age': 28.434625764173507}"
testing Ar39<0.5
evaluate ot="Ar39<0.5" t="Ar39<0.5", ctx="{'Ar39': 9.175443400220317}"
GetData ===>> H2,-0.189205786379584,H1,37.7802144384317,AX,8.84651321299822,L1,0.107373048659821,L2,0.110983029...
Get Checksum: -860229079
GetData ===>> H2,-0.0820884922239072,H1,37.7697774330691,AX,8.84767729407186,L1,0.11539302893677,L2,0.093656595...
GetData ===>> H2,-0.188813413280715,H1,37.834498790039,AX,8.88079855398821,L1,0.0740615759268572,L2,0.105271799...
GetData ===>> H2,-0.298613670109481,H1,37.7634249214848,AX,8.822070586068,L1,0.0932490450171855,L2,0.1094440421...
Get Checksum: -860229079
GetData ===>> H2,-0.202536236153497,H1,37.7748114721784,AX,8.73656744034296,L1,0.0898202906924129,L2,0.02015315...
testing age>100.0
evaluate ot="age>100.0" t="age>100.0", ctx="{'age': 28.447249067834765}"
testing Ar39<0.5
evaluate ot="Ar39<0.5" t="Ar39<0.5", ctx="{'Ar39': 9.170950733178454}"
GetData ===>> H2,-0.0897535821144318,H1,37.760206256013,AX,8.78838672653769,L1,0.102303165210809,L2,0.163676940...
GetData ===>> H2,-0.131670632044842,H1,37.7725000418609,AX,8.79579161336659,L1,0.123003887113454,L2,0.167087479...
Get Checksum: -860229079
GetData ===>> H2,-0.173548917032579,H1,37.8095025007805,AX,8.71346229381839,L1,0.126703432098194,L2,0.117743469...
GetData ===>> H2,-0.12271783675284,H1,37.7179604825989,AX,8.77185795795888,L1,0.13176454201251,L2,0.13844957513...
GetData ===>> H2,-0.172152698628768,H1,37.8208934616312,AX,8.85403147131287,L1,0.125490445156697,L2,0.061852192...
Get Checksum: -860229079
testing age>100.0
evaluate ot="age>100.0" t="age>100.0", ctx="{'age': 28.461759654386547}"
testing Ar39<0.5
evaluate ot="Ar39<0.5" t="Ar39<0.5", ctx="{'Ar39': 9.170828444665224}"
GetData ===>> H2,-0.142275676814024,H1,37.7657503551223,AX,8.75696740095863,L1,0.117184156747195,L2,0.072071629...
GetData ===>> H2,-0.153407834065678,H1,37.9031244839451,AX,8.83185420671601,L1,0.120684046130852,L2,0.180217474...
GetData ===>> H2,-0.197134727214536,H1,37.6816807875161,AX,8.80666359393802,L1,0.0806029334101177,L2,0.16773766...
Get Checksum: -860229079
GetData ===>> H2,-0.262497327597544,H1,37.7430367849472,AX,8.65472903606611,L1,0.0673379082318978,L2,0.08665851...
GetData ===>> H2,-0.218574193370354,H1,37.798084263217,AX,8.71825017999472,L1,0.103084987528821,L2,0.2049195228...
testing age>100.0
evaluate ot="age>100.0" t="age>100.0", ctx="{'age': 28.47793052118072}"
testing Ar39<0.5
evaluate ot="Ar39<0.5" t="Ar39<0.5", ctx="{'Ar39': 9.173034431178623}"
GetData ===>> H2,-0.293038790901257,H1,37.6303842143182,AX,8.73501561864705,L1,0.0637286600833481,L2,0.16420163...
Get Checksum: -860229079
measurement finished
estimated time: 125.829 actual time: :126.136
flush and close file /Users/jan/PychronDev/data/isotopes/3b/c9a566-ca38-4d64-b6e3-125a9838fc6f.h5
baselines () {'settling_time': 15.0, 'detector': 'H1', 'mass': 34.2, 'ncounts': 60.0}
%%%%%%%%%%%%%%%%%%%%%%%%%%%%%%%% Baseline
build tables- baseline [Detector(H2), Detector(H1), Detector(AX), Detector(L1), Detector(L2), Detector(CDD)]
add group baseline table H2
add group baseline table H1
add group baseline table AX
add group baseline table L1
add group baseline table L2
add group baseline table CDD
flush and close file /Users/jan/PychronDev/data/isotopes/3b/c9a566-ca38-4d64-b6e3-125a9838fc6f.h5
detector Detector(H1)
POSITION 34.2 H1
Mapping mass to dac mass func: "parabolic"
H1 map mass coeffs = [-0.00063987  0.15840543  0.57029999]
H1 map mass to dac 34.2 >> 5.23934599104
GetDeflection H1 ===>> 0
GetHighVoltage ===>> 4499.94659342336
positioning 34.2 (5.23931513703) on H1
setting magnet DAC
current  : 5.878655
requested: 5.239315
Delta Dac: 0.639340
Checking detector protection. dv=0.63934
Checking detector "CDD". Protection Threshold: 0.1 (V)
ProtectDetector CDD,On ===>> OK
GetDeflection CDD ===>> 2000
SetMagnetDAC 5.23931513703 ===>> OK
Magnet settling time: 0.500
GetMagnetMoving ===>> True
GetMagnetMoving ===>> True
GetMagnetMoving ===>> True
GetMagnetMoving ===>> True
GetMagnetMoving ===>> True
GetMagnetMoving ===>> True
GetMagnetMoving ===>> True
Get Checksum: -860229079
GetMagnetMoving ===>> True
GetMagnetMoving ===>> False
ProtectDetector CDD,Off ===>> OK
GetDeflection CDD ===>> 50
Delaying 15.0s for detectors to settle
Get Checksum: -860229079
Get Checksum: -860229079
Get Checksum: -860229079
Get Checksum: -860229079
Get Checksum: -860229079
Join finished
measuring baseline. ncounts=60.0
starting measurement
GetData ===>> H2,-0.120307586905364,H1,0.00148849806700397,AX,-0.0583224420674954,L1,-0.0200249199009601,L2,-0....
GetData ===>> H2,-0.201775920074417,H1,-0.0372486200088894,AX,-0.101163807592186,L1,-0.0236307155634029,L2,-0.0...
GetData ===>> H2,-0.223887111825453,H1,-0.00828068023002155,AX,-0.0334041099910899,L1,-0.0395629925222646,L2,-0...
Get Checksum: -860229079
GetData ===>> H2,-0.141886477678056,H1,-0.071906107522257,AX,0.0112306080211191,L1,-0.0486621382299188,L2,-0.07...
GetData ===>> H2,-0.129823877010132,H1,-0.0217698829708233,AX,-0.0959487406689461,L1,-0.0501112544178587,L2,0.0...
Get Checksum: -860229079
GetData ===>> H2,-0.142166215906912,H1,-0.102690772834157,AX,-0.118522171976961,L1,-0.0240262195307948,L2,0.011...
GetData ===>> H2,-0.125349320885984,H1,-0.0349591579914542,AX,-0.00376977580240733,L1,-0.0357832285100427,L2,-0...
GetData ===>> H2,-0.198796174829714,H1,-0.0923349294897456,AX,-0.0923212070530128,L1,-0.0676944962260598,L2,-0....
Get Checksum: -860229079
GetData ===>> H2,-0.350179983053838,H1,-0.0671737492442979,AX,-0.0508789181123043,L1,-0.0312288612479445,L2,0.0...
GetData ===>> H2,-0.244689374335815,H1,-0.0519619332727704,AX,0.0349134130415775,L1,-0.0838143063336525,L2,0.03...
GetData ===>> H2,-0.173376253937829,H1,-0.0917748015385243,AX,-0.0762912204342348,L1,-0.0396528269876815,L2,-0....
Get Checksum: -860229079
GetData ===>> H2,-0.169595891292104,H1,0.0260647616904699,AX,0.00165933054613985,L1,-0.010341264144038,L2,0.020...
GetData ===>> H2,-0.226678625951648,H1,-0.0244174175633603,AX,-0.0669014985655452,L1,-0.0211518698938388,L2,-0....
GetData ===>> H2,-0.301106307815406,H1,-0.0303800768317817,AX,-0.0403271531500478,L1,-0.0254331287907539,L2,-0....
Get Checksum: -860229079
GetData ===>> H2,-0.217680828217052,H1,-0.0183112863389344,AX,-0.043713118873615,L1,-0.0324623292828552,L2,-0.0...
GetData ===>> H2,-0.219357008863662,H1,-0.0896057658474668,AX,-0.021864610252632,L1,-0.0276473539148338,L2,-0.0...
GetData ===>> H2,-0.141612138317971,H1,-0.0362827596070979,AX,-0.0581369406002023,L1,-0.0179817014222858,L2,-0....
Get Checksum: -860229079
GetData ===>> H2,-0.129906322064853,H1,-0.119593521109373,AX,-0.07254703255417,L1,-0.0300563275624713,L2,0.0158...
GetData ===>> H2,-0.179215589698534,H1,-0.0447963191457788,AX,-0.0125044331874885,L1,-0.0465640794392308,L2,-0....
GetData ===>> H2,-0.305130147255326,H1,-0.0350545532878275,AX,-0.00191370513326448,L1,-0.0378535890974355,L2,-0...
Get Checksum: -860229079
GetData ===>> H2,-0.278602518408284,H1,-0.0373201648529829,AX,-0.0517137341921622,L1,0.0188145738871009,L2,-0.0...
GetData ===>> H2,-0.20243513323789,H1,0.0230460897362895,AX,-0.262793070040435,L1,-0.0211674544874461,L2,0.0366...
GetData ===>> H2,-0.108820806136864,H1,0.0201229566076712,AX,-0.265444966185725,L1,0.039511573289094,L2,-0.0091...
Get Checksum: -860229079
GetData ===>> H2,-0.107895465323695,H1,-0.0502450940971897,AX,0.0640217892542757,L1,-0.00675103380162958,L2,-0....
05:12:06 -- collecting point 25
GetData ===>> H2,-0.184914562194651,H1,-0.0734080182743789,AX,-0.0771605932941464,L1,-0.0334262450761187,L2,-0....
GetData ===>> H2,-0.242420503412593,H1,-0.0212689901698092,AX,0.033393177557734,L1,-0.00351105302465536,L2,0.02...
Get Checksum: -860229079
GetData ===>> H2,-0.212025101940974,H1,-0.0205295724059472,AX,-0.0686867747052107,L1,0.000414066813435607,L2,-0...
GetData ===>> H2,-0.216333021553202,H1,-0.0270171806802775,AX,-0.0570818942800288,L1,-0.0124535534360241,L2,-0....
GetData ===>> H2,-0.221388573074014,H1,-0.0676267302515797,AX,0.0218007121106132,L1,-0.0329796222917122,L2,-0.0...
Get Checksum: -860229079
GetData ===>> H2,-0.211043167537765,H1,-0.0811794502986405,AX,-0.129864850272798,L1,-0.026791915633597,L2,0.026...
GetData ===>> H2,-0.35717897671844,H1,-0.0745523160976756,AX,-0.145898841307593,L1,-0.0275622925819137,L2,0.030...
GetData ===>> H2,-0.294750199186075,H1,0.0153387473706303,AX,-0.028904447704019,L1,0.000902563884404587,L2,0.10...
Get Checksum: -860229079
GetData ===>> H2,-0.354692938547288,H1,-0.0638597731837941,AX,-0.0185242786134832,L1,-0.00653754624130095,L2,0....
GetData ===>> H2,-0.318024235839594,H1,-0.0701061689086789,AX,-0.031003542854471,L1,0.00448720083821567,L2,0.02...
GetData ===>> H2,-0.269114190945566,H1,-0.0846358749076568,AX,0.0328129412659448,L1,-0.0314408369111381,L2,-0.0...
Get Checksum: -860229079
GetData ===>> H2,-0.305291213209376,H1,0.0434865442336953,AX,-0.0160189546506039,L1,-0.018825898328342,L2,0.033...
GetData ===>> H2,-0.229679441377902,H1,-0.0255264990789204,AX,-0.125091586057276,L1,-0.0337423414369014,L2,-0.1...
GetData ===>> H2,-0.240646537067979,H1,0.00943336797669687,AX,0.0338457642659328,L1,0.00761576493869676,L2,-0.0...
Get Checksum: -860229079
GetData ===>> H2,-0.249533757958292,H1,0.0374363076598218,AX,-0.0921125907835089,L1,-0.0283122451751426,L2,-0.0...
GetData ===>> H2,-0.267727149046827,H1,-0.0045114887483376,AX,-0.241830122212075,L1,-0.0299269692004505,L2,-0.0...
GetData ===>> H2,-0.267848118792516,H1,0.0263869178276146,AX,-0.105069130210344,L1,-0.0219442559430257,L2,-0.05...
Get Checksum: -860229079
GetData ===>> H2,-0.213021765706241,H1,0.0213160618612431,AX,-0.0300525771800201,L1,-0.00418888423294054,L2,-0....
GetData ===>> H2,-0.151427465328459,H1,0.0175936204954709,AX,-0.00852579535215222,L1,-0.0124104009966008,L2,-0....
GetData ===>> H2,-0.121139464968516,H1,-0.0406707911005498,AX,-0.0676782136386037,L1,0.0180926630816438,L2,-0.0...
Get Checksum: -860229079
GetData ===>> H2,-0.173646038866682,H1,-0.0980671225258466,AX,-0.00940737344583314,L1,0.00111501349299367,L2,-0...
GetData ===>> H2,-0.243411003729947,H1,0.00373113020251132,AX,-0.112149300545626,L1,-0.0337746689136046,L2,-0.0...
Get Checksum: -860229079
GetData ===>> H2,-0.215212770259145,H1,-0.00849537673806005,AX,-0.0501252585558822,L1,0.00812573172987664,L2,-0...
GetData ===>> H2,-0.149446442504169,H1,-0.0461078675788816,AX,-0.0750045343462066,L1,0.013807907597711,L2,-0.00...
GetData ===>> H2,-0.228790992270791,H1,-0.0636332744102351,AX,-0.0323256016462922,L1,-0.0112739868315501,L2,-0....
Get Checksum: -860229079
05:12:32 -- collecting point 50
GetData ===>> H2,-0.0910326812771389,H1,-0.0367120320475366,AX,-0.122148728784328,L1,-0.0160280253169089,L2,-0....
GetData ===>> H2,-0.0991117978838696,H1,-0.00272226589952389,AX,-0.131382513848717,L1,-0.0343266146062495,L2,0....
GetData ===>> H2,-0.161658692666968,H1,-0.01277728313529,AX,-0.0294263264176007,L1,0.00843412417384078,L2,-0.10...
GetData ===>> H2,-0.103128224701784,H1,-0.0233083237578978,AX,-0.135498090269186,L1,0.0148537098366171,L2,-0.05...
GetData ===>> H2,-0.198964733398423,H1,-0.0443432347834836,AX,-0.140078268176198,L1,-0.0317330446231831,L2,0.05...
Get Checksum: -860229079
GetData ===>> H2,-0.144116083484432,H1,-0.110257368408972,AX,-0.121986521463985,L1,-0.0253636268214227,L2,-0.02...
GetData ===>> H2,-0.186387409535602,H1,-0.0545729030611451,AX,-0.0457655133524319,L1,0.00847132390045576,L2,-0....
GetData ===>> H2,-0.168910379933086,H1,-0.0175956997006342,AX,0.0229610568914914,L1,0.00198526346978058,L2,0.07...
Get Checksum: -860229079
GetData ===>> H2,-0.110683129273204,H1,0.00826426346838289,AX,-0.141249367652014,L1,0.0129807080772146,L2,0.022...
GetData ===>> H2,-0.23302934299159,H1,0.000414915359914403,AX,-0.0775431148917552,L1,-0.0280426999626042,L2,0.0...
GetData ===>> H2,-0.252234194552165,H1,0.0646473473666422,AX,-0.00501100331430801,L1,-0.032441972300701,L2,-0.0...
Get Checksum: -860229079
measurement finished
estimated time: 62.915 actual time: :63.138
flush and close file /Users/jan/PychronDev/data/isotopes/3b/c9a566-ca38-4d64-b6e3-125a9838fc6f.h5
activate_detectors ('H1', 'AX', 'CDD') {'peak_center': True}
peak_center () {'detector': 'H1', 'isotope': 'Ar40'}
peak center: mean=37.7642917376 threshold=3
peak center started
setup peak center. detector=['H1', 'AX', 'CDD'], isotope=Ar40
VersionedUnpickler [<apptools.sweet_pickle.versioned_unpickler.VersionedUnpickler object at 0x145d99350>] using Updater [<apptools.sweet_pickle.updater.Updater object at 0x12ce00cb0>]
VersionedUnpickler [<apptools.sweet_pickle.versioned_unpickler.VersionedUnpickler object at 0x145d99350>] using Updater [<apptools.sweet_pickle.updater.Updater object at 0x12ce00cb0>]
VersionedUnpickler [<apptools.sweet_pickle.versioned_unpickler.VersionedUnpickler object at 0x145d99350>] using Updater [<apptools.sweet_pickle.updater.Updater object at 0x12ce00cb0>]
setting integration time = 0.524288
SetIntegrationTime 0.524288 ===>> OK
Mapping mass to dac mass func: "parabolic"
H1 map mass coeffs = [-0.00063987  0.15840543  0.57029999]
H1 map mass to dac 39.9624 >> 5.87869
GetDeflection H1 ===>> 0
GetHighVoltage ===>> 4499.94659342336
do peak center. <pychron.spectrometer.jobs.peak_center.PeakCenter object at 0x12ce00b30>
doing pc
starting peak center. center dac= 5.87865538095 step_width=0.001
width = 0.001
get scan parameters. half-width=0.015,window=0.015, i=0, scalar=1
Scan parameters center=5.87866 width=0.03000 (5.86366 - 5.89366)
GetData ===>> H2,-0.171494325314415,H1,0.000116699984675961,AX,-0.119275301925551,L1,0.0042782820949827,L2,-0.0...
Moving to starting dac 5.86365538095
setting magnet DAC
current  : 5.239315
requested: 5.863655
Delta Dac: 0.624340
Checking detector protection. dv=0.62434
Checking detector "CDD". Protection Threshold: 0.1 (V)
ProtectDetector CDD,On ===>> OK
GetDeflection CDD ===>> 2000
SetMagnetDAC 5.86365538095 ===>> OK
Magnet settling time: 0.500
GetMagnetMoving ===>> True
GetMagnetMoving ===>> True
GetMagnetMoving ===>> True
GetMagnetMoving ===>> True
GetMagnetMoving ===>> True
GetMagnetMoving ===>> True
GetMagnetMoving ===>> True
Get Checksum: -860229079
GetMagnetMoving ===>> True
GetMagnetMoving ===>> False
ProtectDetector CDD,Off ===>> OK
GetDeflection CDD ===>> 50
Wait until signal near baseline. tol= 8.7524988507e-05. timeout= 10
GetData ===>> H2,0.0882225835365742,H1,0.0302886689083739,AX,-0.226172163037903,L1,0.0095557442000457,L2,-0.105...
GetData ===>> H2,1.94787228658957,H1,1.01488728167334,AX,0.0971865015361061,L1,-0.0176113342303192,L2,-0.157239...
GetData ===>> H2,1.91797683739083,H1,1.14043442868998,AX,0.00739038243734579,L1,-0.0539011825834108,L2,-0.10738...
GetData ===>> H2,0.96453697694584,H1,0.520589773843017,AX,-0.0296350771195044,L1,-0.0404864525272466,L2,-0.0712...
GetData ===>> H2,0.348597010377305,H1,0.268132153185197,AX,-0.0113096989696807,L1,-0.0384621556685118,L2,-0.100...
GetData ===>> H2,-0.0124131739036055,H1,0.187441117140952,AX,-0.0522470851606105,L1,-0.0458674222437386,L2,0.01...
Get Checksum: -860229079
GetData ===>> H2,-0.119192910009102,H1,0.100212319177096,AX,-0.0331837705480567,L1,-0.0325352994506827,L2,-0.00...
GetData ===>> H2,-0.168278809133536,H1,-0.0576129875254015,AX,-0.167197134540923,L1,-0.0250054514510799,L2,-0.0...
Peak center baseline intensity achieved
_do_sweep sm= 5.86365538095, em= 5.89365538095, stm= 0.001
calculated step values: start=5.86365538095, end=5.89365538095, width=0.001, nsteps=31.0
setting magnet DAC
current  : 5.863655
requested: 5.863655
Delta Dac: 0.000000
Checking detector protection. dv=0.00000
Checking detector "CDD". Protection Threshold: 0.1 (V)
SetMagnetDAC 5.86365538095 ===>> OK
GetData ===>> H2,-0.168278809133536,H1,-0.0576129875254015,AX,-0.167197134540923,L1,-0.0250054514510799,L2,-0.0...
setting magnet DAC
current  : 5.863655
requested: 5.864690
Delta Dac: 0.001034
Checking detector protection. dv=0.00103
Checking detector "CDD". Protection Threshold: 0.1 (V)
SetMagnetDAC 5.8646898637 ===>> OK
Magnet settling time: 1.049
GetData ===>> H2,-0.141649296494577,H1,-0.0543463832667566,AX,-0.0455452018945346,L1,-0.034807806717917,L2,0.02...
setting magnet DAC
current  : 5.864690
requested: 5.865724
Delta Dac: 0.001034
Checking detector protection. dv=0.00103
Checking detector "CDD". Protection Threshold: 0.1 (V)
SetMagnetDAC 5.86572434646 ===>> OK
Magnet settling time: 1.049
Get Checksum: -860229079
GetData ===>> H2,-0.188221054504575,H1,0.137760513774965,AX,-0.040999717361534,L1,-0.0415643140780679,L2,-0.066...
setting magnet DAC
current  : 5.865724
requested: 5.866759
Delta Dac: 0.001034
Checking detector protection. dv=0.00103
Checking detector "CDD". Protection Threshold: 0.1 (V)
SetMagnetDAC 5.86675882922 ===>> OK
Magnet settling time: 1.049
GetData ===>> H2,-0.259924477086213,H1,0.634300745554461,AX,0.00685670748790718,L1,-0.0611683876076132,L2,-0.01...
setting magnet DAC
current  : 5.866759
requested: 5.867793
Delta Dac: 0.001034
Checking detector protection. dv=0.00103
Checking detector "CDD". Protection Threshold: 0.1 (V)
SetMagnetDAC 5.86779331198 ===>> OK
Magnet settling time: 1.049
GetData ===>> H2,-0.232753766820419,H1,3.02415793815178,AX,0.312587348379769,L1,-0.0570440153664874,L2,-0.03549...
setting magnet DAC
current  : 5.867793
requested: 5.868828
Delta Dac: 0.001034
Checking detector protection. dv=0.00103
Checking detector "CDD". Protection Threshold: 0.1 (V)
SetMagnetDAC 5.86882779474 ===>> OK
Magnet settling time: 1.049
Get Checksum: -860229079
GetData ===>> H2,-0.257948973953737,H1,8.45884124488177,AX,1.3128067423787,L1,-0.0499198059648112,L2,0.13826712...
setting magnet DAC
current  : 5.868828
requested: 5.869862
Delta Dac: 0.001034
Checking detector protection. dv=0.00103
Checking detector "CDD". Protection Threshold: 0.1 (V)
SetMagnetDAC 5.8698622775 ===>> OK
Magnet settling time: 1.049
GetData ===>> H2,-0.212911328914427,H1,17.3107070931204,AX,3.03680665814511,L1,0.00503113030702301,L2,-0.040664...
setting magnet DAC
current  : 5.869862
requested: 5.870897
Delta Dac: 0.001034
Checking detector protection. dv=0.00103
Checking detector "CDD". Protection Threshold: 0.1 (V)
SetMagnetDAC 5.87089676026 ===>> OK
Magnet settling time: 1.049
GetData ===>> H2,-0.119122562650198,H1,26.7258213576529,AX,5.17942577562884,L1,0.0300714328292386,L2,0.01660337...
setting magnet DAC
current  : 5.870897
requested: 5.871931
Delta Dac: 0.001034
Checking detector protection. dv=0.00103
Checking detector "CDD". Protection Threshold: 0.1 (V)
SetMagnetDAC 5.87193124301 ===>> OK
Magnet settling time: 1.049
Get Checksum: -860229079
GetData ===>> H2,-0.124959910512516,H1,33.016653555375,AX,6.90872625091575,L1,0.0272317445019865,L2,0.025190886...
setting magnet DAC
current  : 5.871931
requested: 5.872966
Delta Dac: 0.001034
Checking detector protection. dv=0.00103
Checking detector "CDD". Protection Threshold: 0.1 (V)
SetMagnetDAC 5.87296572577 ===>> OK
Magnet settling time: 1.049
GetData ===>> H2,-0.104133550089315,H1,35.9017840894002,AX,7.80970407134868,L1,0.0259539054161199,L2,0.09875160...
setting magnet DAC
current  : 5.872966
requested: 5.874000
Delta Dac: 0.001034
Checking detector protection. dv=0.00103
Checking detector "CDD". Protection Threshold: 0.1 (V)
SetMagnetDAC 5.87400020853 ===>> OK
Magnet settling time: 1.049
GetData ===>> H2,-0.288140713367732,H1,37.0158034541215,AX,8.20206885281007,L1,0.0876962693454854,L2,0.03826725...
setting magnet DAC
current  : 5.874000
requested: 5.875035
Delta Dac: 0.001034
Checking detector protection. dv=0.00103
Checking detector "CDD". Protection Threshold: 0.1 (V)
SetMagnetDAC 5.87503469129 ===>> OK
Magnet settling time: 1.049
Get Checksum: -860229079
GetData ===>> H2,-0.203207536593115,H1,37.1398601794883,AX,8.37582343776947,L1,0.0694646797764154,L2,0.11500731...
setting magnet DAC
current  : 5.875035
requested: 5.876069
Delta Dac: 0.001034
Checking detector protection. dv=0.00103
Checking detector "CDD". Protection Threshold: 0.1 (V)
SetMagnetDAC 5.87606917405 ===>> OK
Magnet settling time: 1.049
GetData ===>> H2,-0.224103055077837,H1,37.2971215267863,AX,8.40818608902291,L1,0.0403052648906084,L2,0.05307714...
setting magnet DAC
current  : 5.876069
requested: 5.877104
Delta Dac: 0.001034
Checking detector protection. dv=0.00103
Checking detector "CDD". Protection Threshold: 0.1 (V)
SetMagnetDAC 5.87710365681 ===>> OK
Magnet settling time: 1.049
GetData ===>> H2,-0.124178345213188,H1,37.3793693969505,AX,8.35115928592397,L1,0.0322125387266263,L2,0.17421692...
setting magnet DAC
current  : 5.877104
requested: 5.878138
Delta Dac: 0.001034
Checking detector protection. dv=0.00103
Checking detector "CDD". Protection Threshold: 0.1 (V)
Get Checksum: -860229079
SetMagnetDAC 5.87813813957 ===>> OK
Magnet settling time: 1.049
GetData ===>> H2,-0.197312751129376,H1,37.3145512808523,AX,8.55711941479568,L1,0.0918204881448607,L2,0.12107256...
setting magnet DAC
current  : 5.878138
requested: 5.879173
Delta Dac: 0.001034
Checking detector protection. dv=0.00103
Checking detector "CDD". Protection Threshold: 0.1 (V)
SetMagnetDAC 5.87917262233 ===>> OK
Magnet settling time: 1.049
GetData ===>> H2,-0.242937297027229,H1,37.2384846622552,AX,8.39461573955251,L1,0.100835579339959,L2,0.138928513...
setting magnet DAC
current  : 5.879173
requested: 5.880207
Delta Dac: 0.001034
Checking detector protection. dv=0.00103
Checking detector "CDD". Protection Threshold: 0.1 (V)
SetMagnetDAC 5.88020710508 ===>> OK
Magnet settling time: 1.049
Get Checksum: -860229079
GetData ===>> H2,-0.308066136357489,H1,37.319927857611,AX,8.42381479889531,L1,0.0675196352244449,L2,0.073427394...
setting magnet DAC
current  : 5.880207
requested: 5.881242
Delta Dac: 0.001034
Checking detector protection. dv=0.00103
Checking detector "CDD". Protection Threshold: 0.1 (V)
SetMagnetDAC 5.88124158784 ===>> OK
Magnet settling time: 1.049
GetData ===>> H2,-0.282353727620179,H1,37.2559623767608,AX,8.40550090269146,L1,0.0564029992109645,L2,0.11525812...
setting magnet DAC
current  : 5.881242
requested: 5.882276
Delta Dac: 0.001034
Checking detector protection. dv=0.00103
Checking detector "CDD". Protection Threshold: 0.1 (V)
SetMagnetDAC 5.8822760706 ===>> OK
Magnet settling time: 1.049
GetData ===>> H2,-0.301076796494853,H1,37.1818553149495,AX,8.30808393654529,L1,0.0677844088783219,L2,0.08359274...
setting magnet DAC
current  : 5.882276
requested: 5.883311
Delta Dac: 0.001034
Checking detector protection. dv=0.00103
Checking detector "CDD". Protection Threshold: 0.1 (V)
SetMagnetDAC 5.88331055336 ===>> OK
Magnet settling time: 1.049
Get Checksum: -860229079
GetData ===>> H2,-0.249925146120792,H1,36.9166406823965,AX,8.36160454817197,L1,0.11645632199999,L2,0.2127365098...
setting magnet DAC
current  : 5.883311
requested: 5.884345
Delta Dac: 0.001034
Checking detector protection. dv=0.00103
Checking detector "CDD". Protection Threshold: 0.1 (V)
SetMagnetDAC 5.88434503612 ===>> OK
Magnet settling time: 1.049
GetData ===>> H2,-0.115699366479537,H1,35.9909541959788,AX,7.88403073351597,L1,0.100242678321442,L2,0.026990489...
setting magnet DAC
current  : 5.884345
requested: 5.885380
Delta Dac: 0.001034
Checking detector protection. dv=0.00103
Checking detector "CDD". Protection Threshold: 0.1 (V)
SetMagnetDAC 5.88537951888 ===>> OK
Magnet settling time: 1.049
GetData ===>> H2,-0.0136433226707924,H1,33.5195496466386,AX,7.02656523985065,L1,0.073575058441631,L2,0.02831173...
setting magnet DAC
current  : 5.885380
requested: 5.886414
Delta Dac: 0.001034
Checking detector protection. dv=0.00103
Checking detector "CDD". Protection Threshold: 0.1 (V)
SetMagnetDAC 5.88641400164 ===>> OK
Magnet settling time: 1.049
Get Checksum: -860229079
GetData ===>> H2,-0.174274612821909,H1,27.3337245141147,AX,5.16058705999851,L1,0.012157797937096,L2,0.117629461...
setting magnet DAC
current  : 5.886414
requested: 5.887448
Delta Dac: 0.001034
Checking detector protection. dv=0.00103
Checking detector "CDD". Protection Threshold: 0.1 (V)
SetMagnetDAC 5.88744848439 ===>> OK
Magnet settling time: 1.049
GetData ===>> H2,-0.2715420346964,H1,18.4095939476753,AX,2.99358105317697,L1,0.0164688530324266,L2,-0.026436462...
setting magnet DAC
current  : 5.887448
requested: 5.888483
Delta Dac: 0.001034
Checking detector protection. dv=0.00103
Checking detector "CDD". Protection Threshold: 0.1 (V)
SetMagnetDAC 5.88848296715 ===>> OK
Magnet settling time: 1.049
GetData ===>> H2,-0.0947139073112565,H1,9.16178975728903,AX,1.32711401429775,L1,0.0228080369501695,L2,-0.055369...
setting magnet DAC
current  : 5.888483
requested: 5.889517
Delta Dac: 0.001034
Checking detector protection. dv=0.00103
Checking detector "CDD". Protection Threshold: 0.1 (V)
SetMagnetDAC 5.88951744991 ===>> OK
Magnet settling time: 1.049
Get Checksum: -860229079
GetData ===>> H2,-0.283920322078749,H1,3.58688890864862,AX,0.219564514197825,L1,0.0135994091102519,L2,-0.072028...
setting magnet DAC
current  : 5.889517
requested: 5.890552
Delta Dac: 0.001034
Checking detector protection. dv=0.00103
Checking detector "CDD". Protection Threshold: 0.1 (V)
SetMagnetDAC 5.89055193267 ===>> OK
Magnet settling time: 1.049
GetData ===>> H2,-0.207803122083219,H1,1.19119166229023,AX,0.049420670858373,L1,0.0210746266555221,L2,0.0221840...
setting magnet DAC
current  : 5.890552
requested: 5.891586
Delta Dac: 0.001034
Checking detector protection. dv=0.00103
Checking detector "CDD". Protection Threshold: 0.1 (V)
SetMagnetDAC 5.89158641543 ===>> OK
Magnet settling time: 1.049
Get Checksum: -860229079
GetData ===>> H2,-0.23183144731217,H1,0.147179570681933,AX,-0.0169932549656801,L1,0.0222510083449248,L2,-0.1936...
setting magnet DAC
current  : 5.891586
requested: 5.892621
Delta Dac: 0.001034
Checking detector protection. dv=0.00103
Checking detector "CDD". Protection Threshold: 0.1 (V)
SetMagnetDAC 5.89262089819 ===>> OK
Magnet settling time: 1.049
GetData ===>> H2,-0.262756771947607,H1,-0.00480968944722697,AX,0.00708873971517515,L1,0.0483756480540299,L2,-0....
setting magnet DAC
current  : 5.892621
requested: 5.893655
Delta Dac: 0.001034
Checking detector protection. dv=0.00103
Checking detector "CDD". Protection Threshold: 0.1 (V)
SetMagnetDAC 5.89365538095 ===>> OK
Magnet settling time: 1.049
GetData ===>> H2,-0.25564243882468,H1,-0.0351737972804188,AX,-0.0652784918332371,L1,0.00972839423161094,L2,-0.0...
result of _do_sweep=True
result of _calculate_peak_center=([5.8710802306452443, 5.8787155011863259, 5.8863507717274075], [27.841530074084272, 37.378200332732284, 27.711816030230985], 5.8771223148135805, 37.378200332732284)
Failed to find a valid peak. No peak greater than 1.0. max = 0.0162892937761
new center pos Detector(H1) (Ar40) @ 5.87871550119
GetHighVoltage ===>> 4499.94659342336
GetDeflection H1 ===>> 0
dac uncorrected for HV and deflection 5.87875012059
update mftable H1 Ar40 5.87875012059 message=automated run peakcenter
get initial guess parabolic
get initial guess parabolic
get initial guess parabolic
get initial guess parabolic
get initial guess parabolic
get initial guess parabolic
dump mftable to /Users/jan/PychronDev/setupfiles/spectrometer/mftables/mftable.csv
add to repo msg=modified - automated run peakcenter
sweep finished
locally archiving mftable
setting magnet DAC
current  : 5.893655
requested: 5.878716
Delta Dac: 0.014940
Get Checksum: -860229079
Checking detector protection. dv=0.01494
Checking detector "CDD". Protection Threshold: 0.1 (V)
SetMagnetDAC 5.87871550119 ===>> OK
Magnet settling time: 0.500
setting integration time = 1.048576
SetIntegrationTime 1.048576 ===>> OK
Failed to find a valid peak. No peak greater than 1.0. max = 0.0162892937761
flush and close file /Users/jan/PychronDev/data/isotopes/3b/c9a566-ca38-4d64-b6e3-125a9838fc6f.h5
finished measure script
executed 278.04
jan_co2_whiff_120_60_large.py completed successfully
Measurement Finished
05:13:24 -- ******* Measurement Finished *******
Post Measurement Started jan_pump_ms.py
05:13:24 -- ******* Post Measurement Started jan_pump_ms.py *******
testing...
no interpolation path defined
executed 0
Pumping spectrometer
open () {'name': 'O'}
opening name=O desc=---
checking ownership. requestor=129.138.12.150
check software interlocks O
interlocks []
actuate state mode=None-script, software_lock=False
doing actuation None-script open_channel True
Open O ===>> OK
GetIndicatorState O ===>> OK
change switch state (True, True)
update switch state O True args=() kw={} ncanvase=2
05:13:24 -- OPEN   VALVE-O (Jan Ion Pump)
---------------------------------------- open O () result=[(True, True)], time=0.11 sec
action=open, ok=True, locked=[False]
executed 0
jan_pump_ms.py completed successfully
setting _ms_pumptime
Post Measurement Finished
05:13:24 -- ******* Post Measurement Finished *******
$$$$$$$$$$$$$$$$$$$$ state at run end measurement
state changed from measurement to success
post measurement save measured=True aborted=False
Set filtering
setting fod for Ar40= {'filter_outliers': True, 'std_devs': 2, 'iterations': 1}
setting fod for H1= {'filter_outliers': True, 'std_devs': 2, 'iterations': 1}
setting fod for PM41= {'filter_outliers': False, 'std_devs': 2, 'iterations': 1}
setting fod for H2= {'filter_outliers': True, 'std_devs': 2, 'iterations': 1}
setting fod for Ar36= {'filter_outliers': True, 'std_devs': 2, 'iterations': 1}
setting fod for CDD= {'filter_outliers': True, 'std_devs': 10, 'iterations': 1}
setting fod for Ar37= {'filter_outliers': True, 'std_devs': 2, 'iterations': 1}
setting fod for L2= {'filter_outliers': True, 'std_devs': 2, 'iterations': 1}
setting fod for Ar38= {'filter_outliers': True, 'std_devs': 2, 'iterations': 1}
setting fod for L1= {'filter_outliers': True, 'std_devs': 2, 'iterations': 1}
setting fod for Ar39= {'filter_outliers': True, 'std_devs': 2, 'iterations': 1}
setting fod for AX= {'filter_outliers': True, 'std_devs': 2, 'iterations': 1}
persistence save...
persistence save - db
post measurement save
4615804976 connecting to database sqlite:////Users/jan/PychronDev/.appdata/local_lab.db
connected to db sqlite:////Users/jan/PychronDev/.appdata/local_lab.db
create new session 4615804976
close session 4615804976
No database instance. Not saving post measurement to isotopedb database
$$$$$$$$$$$$$$$ auto_save_detector_ic=False
massspec enabled True
create new session 5010684144
MassSpec Database Version: 16.0
close session 5010684144
saving post measurement to secondary database
saving to massspec database 129.138.12.160/massspecdata
setting labnumber to 65518
setting aliquot to 15
setting step to 
setting uuid to 3bc9a566-ca38-4d64-b6e3-125a9838fc6f
setting irradpos to 65518
setting extract_device to Fusions CO2
setting tray to 
setting position to 179
setting power_requested to 5.0
setting extract_value to 5.0
setting duration to 30.0
setting duration_at_request to 30.0
setting first_stage_delay to 30.0
setting cleanup to 30.0
setting comment to F:20
setting irradiation to NM-289
setting level to F
setting irradiation_level to F
setting sample to MB-64b-djk
setting material to DetritalSanidine
setting project to IR943
setting mass_spectrometer to Jan
no attribute chron_dosages
no attribute production_ratios
no attribute interference_corrections
no attribute production_name
no attribute j
Reference Isotope=Ar40
Reference Detector=H1
%%%%%%%%%%%%%%%%%%%% Comment: F:20 %%%%%%%%%%%%%%%%%%%
adding isotope PM41 H2
add baseline dbdet= PM41. original det= H2
get baseline data PM41 H2
Get data baseline <pychron.processing.isotope.Baseline object at 0x15820f210> len t=60
baseline PM41. v=-0.197652411973, e=0.00795031395506
get signal data PM41 H2
Get data signal PM41 0.08+/-0.08 len t=120
adding isotope Ar40 H1
add baseline dbdet= Ar40. original det= H1
get baseline data Ar40 H1
Get data baseline <pychron.processing.isotope.Baseline object at 0x16dec61d0> len t=60
baseline Ar40. v=-0.0321702671771, e=0.00509041889614
get signal data Ar40 H1
Get data signal Ar40 37.999+/-0.015 len t=120
adding isotope Ar39 AX
add baseline dbdet= Ar39. original det= AX
get baseline data Ar39 AX
Get data baseline <pychron.processing.isotope.Baseline object at 0x16dec6390> len t=60
baseline Ar39. v=-0.0521821300854, e=0.00709198916516
get signal data Ar39 AX
Get data signal Ar39 9.186+/-0.011 len t=120
adding isotope Ar38 L1
add baseline dbdet= Ar38. original det= L1
get baseline data Ar38 L1
Get data baseline <pychron.processing.isotope.Baseline object at 0x16dec6550> len t=60
baseline Ar38. v=-0.0176672170686, e=0.00242877591263
get signal data Ar38 L1
Get data signal Ar38 0.120+/-0.005 len t=120
adding isotope Ar37 L2
add baseline dbdet= Ar37. original det= L2
get baseline data Ar37 L2
Get data baseline <pychron.processing.isotope.Baseline object at 0x16dec6710> len t=60
baseline Ar37. v=-0.0271142875825, e=0.00597917613761
get signal data Ar37 L2
Get data signal Ar37 0.159+/-0.010 len t=120
adding isotope Ar36 CDD
add baseline dbdet= Ar36. original det= CDD
get baseline data Ar36 CDD
Get data baseline <pychron.processing.isotope.Baseline object at 0x16dec68d0> len t=60
baseline Ar36. v=2.7291992101e-05, e=8.29199924438e-06
get signal data Ar36 CDD
Get data signal Ar36 0.00877+/-0.00029 len t=120
65518-15 added analysis time 0.576654911041s
analysis added to mass spec database
mass spec save time= 0.594
persistence save - dvc
================= post measurement started
create new session 4983034992
close session 4983034992
---------------- Experiment Queue saving disabled
DVC saving peakcenter
Failed to find a valid peak. No peak greater than 1.0. max = 0.0162892937761
Get Checksum: -1965264452
Smart pull ahead: 0 behind: 0
Up-to-date with origin
add to repo msg=modified - ad8224ebc6dbfeb9f5997218dfa5fe690569839d.json
add to repo msg=modified - 18-15.json
add to repo msg=modified - 18-15.dat.json
add to repo msg=modified - 18-15.blan.json
add to repo msg=modified - 18-15.inte.json
add to repo msg=modified - 18-15.icfa.json
add to repo msg=modified - 18-15.base.json
not at valid file /Users/jan/PychronDev/data/.dvc/repositories/Load1782/655/tags/18-15.tags.json
add to repo msg=modified - 18-15.peak.json
add to repo msg=modified - 18-15.extr.json
not at valid file /Users/jan/PychronDev/data/.dvc/repositories/Load1782/655/monitor/18-15.moni.json
commit message=<COLLECTION>
add to repo msg=modified - 18-15.inte.json
add to repo msg=modified - 18-15.base.json
commit message=<ISOEVO> default collection fits
Get Checksum: -1965264452
add to repo msg=modified - 18-15.blan.json
commit message=<BLANKS> preceding bc-02-J-248
add to repo msg=modified - 18-15.icfa.json
commit message=<ICFactor> default
push repository <pychron.git_archive.repo_manager.GitRepoManager object at 0x15ce512f0>
pushing to remote=origin, url=https://github.com
Get Checksum: -1965264452
no changes to meta repo
create new session 4983034992
add association Load1782
get identifier "65518"
setting analysis irradiation position=<pychron.dvc.dvc_orm.IrradiationPositionTbl object at 0x1497cbb50>
close session 4983034992
================= post measurement finished
Get Checksum: -1965264452
05:13:36 -- ******* Post Run Check *******
loading queue conditionals post_run_actions
loading system conditionals post_run_actions
loading conditionals from /Users/jan/PychronDev/setupfiles/spectrometer/default_conditionals.yaml
loading queue conditionals post_run_terminations
loading system conditionals post_run_terminations
loading conditionals from /Users/jan/PychronDev/setupfiles/spectrometer/default_conditionals.yaml
Checking default post run terminations n=1
GetDeflection CDD ===>> 50
testing CDD==2000
evaluate ot="CDD.deflection==2000" t="CDD==2000", ctx="{'CDD': 50.0}"
05:13:36 -- ******* Post Run Check Passed *******
05:13:36 -- Automated run 65518-15 success duration: 365.359 s
----------------- finish -----------------
----------------- stop -----------------
retroactive repository identifiers disabled
finish run. runs completed=84
update duration runid=65518-15, duration=365.359437943, md5=3d9034cf
loading script "jan_co2_whiff_120_60_large.py"
loading script "jan_pump_ms.py"
loading script "jan_co2.py"
loading script "jan_pump_extraction_line.py"
testing...
no interpolation path defined
executed 266.04
script duration name:co2_whiff_120_60_large seconds:266.0
loading script "jan_co2_whiff_120_60_large.py"
loading script "jan_pump_ms.py"
loading script "jan_co2.py"
loading script "jan_pump_extraction_line.py"
testing...
no interpolation path defined
executed 0
loading script "jan_co2_whiff_120_60_large.py"
loading script "jan_pump_ms.py"
loading script "jan_co2.py"
loading script "jan_pump_extraction_line.py"
testing...
no interpolation path defined
calculate duration
testing...
no interpolation path defined
executed 0
calculate duration
testing...
no interpolation path defined
executed 0
executed 0.0
script duration name:co2 seconds:0.0
loading script "jan_co2_whiff_120_60_large.py"
loading script "jan_pump_ms.py"
loading script "jan_co2.py"
loading script "jan_pump_extraction_line.py"
testing...
no interpolation path defined
calculate duration
testing...
no interpolation path defined
executed 4.0
executed 4.0
Script duration 266.0
Run total estimated duration= 267.000
loading script "jan_unknown400_120.py"
loading script "jan_pump_ms.py"
loading script "jan_co2.py"
loading script "jan_pump_extraction_line.py"
testing...
no interpolation path defined
executed 556.052928
script duration name:unknown400_120 seconds:556.0
pump_ms in script context. using previous estimated duration
co2 in script context. using previous estimated duration
script duration name:co2 seconds:0.0
pump_extraction_line in script context. using previous estimated duration
Script duration 556.0
Run total estimated duration= 557.000
unknown400_120 in script context. using previous estimated duration
script duration name:unknown400_120 seconds:556.0
loading script "jan_unknown400_120.py"
loading script "jan_pump_ms.py"
loading script "jan_cocktail_x1.py"
loading script "jan_pump_extraction_line.py"
testing...
no interpolation path defined
calculate duration
testing...
no interpolation path defined
executed 0
calculate duration
testing...
no interpolation path defined
executed 0
calculate duration
testing...
no interpolation path defined
executed 32.0
calculate duration
testing...
no interpolation path defined
executed 34.0
calculate duration
testing...
no interpolation path defined
executed 4.0
calculate duration
testing...
no interpolation path defined
executed 38.0
executed 108.0
script duration name:cocktail_x1 seconds:108.0
Script duration 664.0
Run total estimated duration= 665.000
loading script "jan_unknown120_60.py"
loading script "jan_pump_ms.py"
loading script "jan_cocktail_x1.py"
loading script "jan_pump_extraction_line.py"
testing...
no interpolation path defined
executed 213.652928
script duration name:unknown120_60 seconds:214.0
cocktail_x1 in script context. using previous estimated duration
script duration name:cocktail_x1 seconds:108.0
Script duration 322.0
Run total estimated duration= 323.000
loading script "jan_ic_peak_hop3.py"
loading script "jan_pump_ms.py"
loading script "jan_air_x1.py"
loading script "jan_pump_extraction_line.py"
testing...
no interpolation path defined
executed 133.8
script duration name:ic_peak_hop3 seconds:134.0
loading script "jan_ic_peak_hop3.py"
loading script "jan_pump_ms.py"
loading script "jan_air_x1.py"
loading script "jan_pump_extraction_line.py"
testing...
no interpolation path defined
calculate duration
testing...
no interpolation path defined
executed 0
calculate duration
testing...
no interpolation path defined
executed 0
calculate duration
testing...
no interpolation path defined
executed 32.0
calculate duration
testing...
no interpolation path defined
executed 34.0
calculate duration
testing...
no interpolation path defined
executed 4.0
calculate duration
testing...
no interpolation path defined
executed 36.0
executed 106.0
script duration name:air_x1 seconds:106.0
Script duration 240.0
Run total estimated duration= 241.000
script duration name:unknown400_120 seconds:556.0
loading script "jan_unknown400_120.py"
loading script "jan_pump_ms.py"
loading script "jan_sniffair_x2.py"
loading script "jan_pump_extraction_line.py"
testing...
no interpolation path defined
calculate duration
testing...
no interpolation path defined
executed 0
calculate duration
testing...
no interpolation path defined
executed 0
calculate duration
testing...
no interpolation path defined
executed 32.0
calculate duration
testing...
no interpolation path defined
executed 34.0
calculate duration
testing...
no interpolation path defined
executed 4.0
calculate duration
testing...
no interpolation path defined
executed 36.0
calculate duration
testing...
no interpolation path defined
executed 34.0
calculate duration
testing...
no interpolation path defined
executed 4.0
calculate duration
testing...
no interpolation path defined
executed 36.0
calculate duration
testing...
no interpolation path defined
executed 70.0
executed 250.0
script duration name:sniffair_x2 seconds:250.0
Script duration 806.0
Run total estimated duration= 807.000
co2_whiff_120_60_large in script context. using previous estimated duration
script duration name:co2_whiff_120_60_large seconds:266.0
script duration name:co2 seconds:0.0
Script duration 266.0
Run total estimated duration= 267.000
script duration name:co2_whiff_120_60_large seconds:266.0
script duration name:co2 seconds:0.0
Script duration 266.0
Run total estimated duration= 267.000
script duration name:co2_whiff_120_60_large seconds:266.0
script duration name:co2 seconds:0.0
Script duration 266.0
Run total estimated duration= 267.000
script duration name:co2_whiff_120_60_large seconds:266.0
script duration name:co2 seconds:0.0
Script duration 266.0
Run total estimated duration= 267.000
script duration name:co2_whiff_120_60_large seconds:266.0
script duration name:co2 seconds:0.0
Script duration 266.0
Run total estimated duration= 267.000
script duration name:co2_whiff_120_60_large seconds:266.0
script duration name:co2 seconds:0.0
Script duration 266.0
Run total estimated duration= 267.000
script duration name:co2_whiff_120_60_large seconds:266.0
script duration name:co2 seconds:0.0
Script duration 266.0
Run total estimated duration= 267.000
script duration name:co2_whiff_120_60_large seconds:266.0
script duration name:co2 seconds:0.0
Script duration 266.0
Run total estimated duration= 267.000
script duration name:co2_whiff_120_60_large seconds:266.0
script duration name:co2 seconds:0.0
Script duration 266.0
Run total estimated duration= 267.000
script duration name:co2_whiff_120_60_large seconds:266.0
script duration name:co2 seconds:0.0
Script duration 266.0
Run total estimated duration= 267.000
script duration name:co2_whiff_120_60_large seconds:266.0
script duration name:co2 seconds:0.0
Script duration 266.0
Run total estimated duration= 267.000
script duration name:co2_whiff_120_60_large seconds:266.0
script duration name:co2 seconds:0.0
Script duration 266.0
Run total estimated duration= 267.000
script duration name:co2_whiff_120_60_large seconds:266.0
script duration name:co2 seconds:0.0
Script duration 266.0
Run total estimated duration= 267.000
script duration name:co2_whiff_120_60_large seconds:266.0
script duration name:co2 seconds:0.0
Script duration 266.0
Run total estimated duration= 267.000
script duration name:co2_whiff_120_60_large seconds:266.0
script duration name:co2 seconds:0.0
Script duration 266.0
Run total estimated duration= 267.000
script duration name:unknown400_120 seconds:556.0
script duration name:co2 seconds:0.0
Script duration 556.0
Run total estimated duration= 557.000
script duration name:unknown400_120 seconds:556.0
script duration name:cocktail_x1 seconds:108.0
Script duration 664.0
Run total estimated duration= 665.000
unknown120_60 in script context. using previous estimated duration
script duration name:unknown120_60 seconds:214.0
script duration name:cocktail_x1 seconds:108.0
Script duration 322.0
Run total estimated duration= 323.000
ic_peak_hop3 in script context. using previous estimated duration
script duration name:ic_peak_hop3 seconds:134.0
air_x1 in script context. using previous estimated duration
script duration name:air_x1 seconds:106.0
Script duration 240.0
Run total estimated duration= 241.000
script duration name:co2_whiff_120_60_large seconds:266.0
script duration name:co2 seconds:0.0
Script duration 266.0
Run total estimated duration= 267.000
script duration name:co2_whiff_120_60_large seconds:266.0
script duration name:co2 seconds:0.0
Script duration 266.0
Run total estimated duration= 267.000
script duration name:co2_whiff_120_60_large seconds:266.0
script duration name:co2 seconds:0.0
Script duration 266.0
Run total estimated duration= 267.000
script duration name:co2_whiff_120_60_large seconds:266.0
script duration name:co2 seconds:0.0
Script duration 266.0
Run total estimated duration= 267.000
script duration name:co2_whiff_120_60_large seconds:266.0
script duration name:co2 seconds:0.0
Script duration 266.0
Run total estimated duration= 267.000
script duration name:unknown400_120 seconds:556.0
sniffair_x2 in script context. using previous estimated duration
script duration name:sniffair_x2 seconds:250.0
Script duration 806.0
Run total estimated duration= 807.000
script duration name:co2_whiff_120_60_large seconds:266.0
script duration name:co2 seconds:0.0
Script duration 266.0
Run total estimated duration= 267.000
script duration name:co2_whiff_120_60_large seconds:266.0
script duration name:co2 seconds:0.0
Script duration 266.0
Run total estimated duration= 267.000
nruns=33 before=5.0, run_dur=11327.0, btw=960.0
write rem/ex queues
/Users/jan/PychronDev/experiments/rem/CurrentExperiment.rem.txt
/Users/jan/PychronDev/experiments/rem/CurrentExperiment.ex.txt
doing event level: 3
