do run
loading script "jan_co2_whiff_120_60_large.py"
loading script "jan_pump_ms.py"
loading script "jan_co2.py"
loading script "jan_pump_extraction_line.py"
testing...
no interpolation path defined
executed 266.04
script duration name:co2_whiff_120_60_large seconds:266.0
loading script "jan_co2_whiff_120_60_large.py"
loading script "jan_pump_ms.py"
loading script "jan_co2.py"
loading script "jan_pump_extraction_line.py"
testing...
no interpolation path defined
executed 0
loading script "jan_co2_whiff_120_60_large.py"
loading script "jan_pump_ms.py"
loading script "jan_co2.py"
loading script "jan_pump_extraction_line.py"
testing...
no interpolation path defined
calculate duration
testing...
no interpolation path defined
executed 0
calculate duration
testing...
no interpolation path defined
executed 0
executed 0.0
script duration name:co2 seconds:0.0
loading script "jan_co2_whiff_120_60_large.py"
loading script "jan_pump_ms.py"
loading script "jan_co2.py"
loading script "jan_pump_extraction_line.py"
testing...
no interpolation path defined
calculate duration
testing...
no interpolation path defined
executed 4.0
executed 4.0
Script duration 266.0
Run total estimated duration= 267.000
run duration: 0:04:27
doing event level: 2
04:35:36 -- Setting default integration. t=1.048576
setting integration time = 1.048576
SetIntegrationTime 1.048576 ===>> OK
----------------- start -----------------
**************** Experiment Type: Ar/Ar, Ar/Ar
create new session 4985261232
close session 4985261232
$$$$$ Clearing conditionals
adding conditionals detrital
extract conditionals from file. /Users/jan/PychronDev/scripts/conditionals/detrital.yaml
no attr for this modification cd={'extraction_str': '', 'attr': '', 'mapper': '', 'use_termination': False, 'start_count': 0, 'nskip': 0, 'window': 0, 'frequency': 1, 'teststr': '', 'action': 'Skip Next Run', 'ntrips': 1, 'use_truncation': False}
no attr for this cancelation cd={'mapper': '', 'window': 0, 'frequency': 1, 'attr': '', 'teststr': '', 'start_count': 0, 'ntrips': 1}
adding truncation attr="age" test="age>100.0" start="60"
adding truncation attr="Ar39" test="Ar39<0.5" start="60"
no attr for this termination cd={'mapper': '', 'window': 0, 'frequency': 1, 'attr': '', 'teststr': '', 'start_count': 0, 'ntrips': 1}
Invalid conditional kind="pre_run_terminations"
no attr for this action cd={'mapper': '', 'attr': '', 'start_count': 0, 'window': 0, 'frequency': 1, 'teststr': '', 'action': None, 'ntrips': 1}
Invalid conditional kind="post_run_terminations"
Add queue conditionals
add default conditionals
adding default conditionals from /Users/jan/PychronDev/setupfiles/spectrometer/default_conditionals.yaml
Start automated run 65518-10
loading script "jan_co2_whiff_120_60_large.py"
loading script "jan_pump_ms.py"
loading script "jan_co2.py"
loading script "jan_pump_extraction_line.py"
%%%%%%%%%%%%%%%%%% setting automated run 65518-10
No value "sensitivity_multiplier" in metadata
$$$$$$$$$$$$$$$ auto_save_detector_ic=False
============================= Pre Extraction Check =============================
loading queue conditionals pre_run_terminations
loading system conditionals pre_run_terminations
loading conditionals from /Users/jan/PychronDev/setupfiles/spectrometer/default_conditionals.yaml
04:35:36 -- ******* Pre Extraction Check *******
Get a measurement from the spectrometer
GetData ===>> H2,-0.219370481977612,H1,0.0414578245601096,AX,-0.00620581484657566,L1,-0.0323066571952758,L2,-0....
Pre Extraction Termination data. keys=H2,H1,AX,L1,L2,CDD, signals=-0.21937,0.04146,-0.00621,-0.03231,-0.02076,0.00268
04:35:36 -- testing system defined conditionals
Checking default pre extraction terminations n=2
testing CDD
evaluate ot="CDD.inactive" t="CDD", ctx="{'CDD': False}"
GetDeflection CDD ===>> 50
testing CDD==2000
evaluate ot="CDD.deflection==2000" t="CDD==2000", ctx="{'CDD': 50.0}"
04:35:36 -- ******* Pre Extraction Check Passed *******
=================================================================================
04:35:36 -- stopping status monitor
stop 4976082864
Alive clients [4983386864]
04:35:36 -- starting status monitor
start 4976082864
Monitor already running
start extraction
do extraction
Analysis started at 04:35:36.131715
Extraction Started jan_co2.py
04:35:36 -- ******* Extraction Started jan_co2.py *******
state changed from not run to extraction
DO EXTRACTION <pychron.extraction_line.pyscript_runner.RemotePyScriptRunner object at 0x12bb183b0>
testing...
no interpolation path defined
calculate duration
testing...
no interpolation path defined
executed 0
calculate duration
testing...
no interpolation path defined
executed 0
executed 100.0
Jan CO2 laser analysis
doing GOSUB
testing...
no interpolation path defined
executed 0
Waiting for CO2 access
wait ('FelixCO2Flag', 0) {}
waiting for FelixCO2Flag = 0
Read FelixCO2Flag ===>> 0
finished waiting
CO2 free
wait ('CO2PumpTimeFlag', 0) {}
waiting for CO2PumpTimeFlag = 0
Read CO2PumpTimeFlag ===>> 0
finished waiting
acquire ('JanCO2Flag',) {'clear': True}
acquire JanCO2Flag
Set JanCO2Flag 1 ===>> OK
JanCO2Flag acquired
set extraction state False (0.75, 'red', 1.5)
CO2 acquired
executed 0
WaitForCO2Access.py completed successfully
gosub finished
doing GOSUB
testing...
no interpolation path defined
executed 0
Prepare for CO2 analysis
close () {'description': 'Jan Inlet'}
closing name=--- desc=Jan Inlet
checking ownership. requestor=129.138.12.150
check software interlocks R
interlocks []
actuate state mode=None-script, software_lock=False
doing actuation None-script close_channel False
Close R ===>> OK
GetIndicatorState R ===>> False
change switch state (True, True)
update switch state R False args=() kw={} ncanvase=2
04:35:36 -- CLOSE  VALVE-R (Jan Inlet)
---------------------------------------- close None (Jan Inlet) result=[(True, True)]
action=close, ok=True, locked=[False]
open () {'description': 'Jan Ion Pump'}
opening name=--- desc=Jan Ion Pump
checking ownership. requestor=129.138.12.150
check software interlocks O
interlocks []
actuate state mode=None-script, software_lock=False
doing actuation None-script open_channel False
Open O ===>> OK
GetIndicatorState O ===>> OK
change switch state (True, True)
update switch state O True args=() kw={} ncanvase=2
04:35:36 -- OPEN   VALVE-O (Jan Ion Pump)
---------------------------------------- open None (Jan Ion Pump) result=[(True, True)], time=0.12 sec
action=open, ok=True, locked=[False]
close () {'description': 'Microbone to Minibone'}
closing name=--- desc=Microbone to Minibone
checking ownership. requestor=129.138.12.150
check software interlocks L
interlocks []
actuate state mode=None-script, software_lock=False
doing actuation None-script close_channel False
Close L ===>> OK
GetIndicatorState L ===>> False
change switch state (True, True)
update switch state L False args=() kw={} ncanvase=2
04:35:37 -- CLOSE  VALVE-L (Microbone to Minibone)
---------------------------------------- close None (Microbone to Minibone) result=[(True, True)]
action=close, ok=True, locked=[False]
open () {'description': 'Microbone to Turbo'}
opening name=--- desc=Microbone to Turbo
checking ownership. requestor=129.138.12.150
check software interlocks U
interlocks []
actuate state mode=None-script, software_lock=False
doing actuation None-script open_channel False
Open U ===>> OK
GetIndicatorState U ===>> OK
change switch state (True, True)
update switch state U True args=() kw={} ncanvase=2
04:35:38 -- OPEN   VALVE-U (Microbone to Turbo)
---------------------------------------- open None (Microbone to Turbo) result=[(True, True)], time=0.15 sec
Get Checksum: -1965264452
action=open, ok=True, locked=[False]
open () {'description': 'Microbone to Inlet Pipette'}
opening name=--- desc=Microbone to Inlet Pipette
checking ownership. requestor=129.138.12.150
check software interlocks S
interlocks []
actuate state mode=None-script, software_lock=False
doing actuation None-script open_channel False
Open S ===>> OK
GetIndicatorState S ===>> OK
change switch state (True, True)
update switch state S True args=() kw={} ncanvase=2
04:35:38 -- OPEN   VALVE-S (Microbone to Inlet Pipette)
---------------------------------------- open None (Microbone to Inlet Pipette) result=[(True, True)], time=0.42 sec
action=open, ok=True, locked=[False]
open () {'description': 'Microbone to Getter D-50'}
opening name=--- desc=Microbone to Getter D-50
checking ownership. requestor=129.138.12.150
check software interlocks K
interlocks []
actuate state mode=None-script, software_lock=False
doing actuation None-script open_channel False
Open K ===>> OK
GetIndicatorState K ===>> OK
change switch state (True, True)
update switch state K True args=() kw={} ncanvase=2
04:35:39 -- OPEN   VALVE-K (Microbone to Getter D-50)
---------------------------------------- open None (Microbone to Getter D-50) result=[(True, True)], time=0.44 sec
action=open, ok=True, locked=[False]
open () {'description': 'Microbone to Getter NP-10'}
opening name=--- desc=Microbone to Getter NP-10
checking ownership. requestor=129.138.12.150
check software interlocks M
interlocks []
actuate state mode=None-script, software_lock=False
doing actuation None-script open_channel False
Open M ===>> OK
GetIndicatorState M ===>> OK
change switch state (True, True)
update switch state M True args=() kw={} ncanvase=2
04:35:39 -- OPEN   VALVE-M (Microbone to Getter NP-10)
---------------------------------------- open None (Microbone to Getter NP-10) result=[(True, True)], time=0.16 sec
action=open, ok=True, locked=[False]
close () {'description': 'CO2 Laser to Felix'}
closing name=--- desc=CO2 Laser to Felix
checking ownership. requestor=129.138.12.150
check software interlocks F
interlocks []
actuate state mode=None-script, software_lock=True
VALVE-F(CO2 Laser to Felix) software locked
change switch state (True, False)
---------------------------------------- close None (CO2 Laser to Felix) result=[(True, False)]
action=close, ok=True, locked=[True]
open () {'description': 'CO2 Laser to Jan'}
opening name=--- desc=CO2 Laser to Jan
checking ownership. requestor=129.138.12.150
check software interlocks A
interlocks []
actuate state mode=None-script, software_lock=False
doing actuation None-script open_channel False
Open A ===>> OK
GetIndicatorState A ===>> OK
change switch state (True, True)
update switch state A True args=() kw={} ncanvase=2
04:35:40 -- OPEN   VALVE-A (CO2 Laser to Jan)
---------------------------------------- open None (CO2 Laser to Jan) result=[(True, True)], time=0.12 sec
action=open, ok=True, locked=[False]
open () {'description': 'Microbone to CO2 Laser'}
opening name=--- desc=Microbone to CO2 Laser
checking ownership. requestor=129.138.12.150
check software interlocks T
interlocks []
actuate state mode=None-script, software_lock=False
doing actuation None-script open_channel False
Open T ===>> OK
GetIndicatorState T ===>> OK
change switch state (True, True)
update switch state T True args=() kw={} ncanvase=2
04:35:40 -- OPEN   VALVE-T (Microbone to CO2 Laser)
---------------------------------------- open None (Microbone to CO2 Laser) result=[(True, True)], time=0.43 sec
action=open, ok=True, locked=[False]
executed 0
PrepareForCO2Analysis.py completed successfully
gosub finished
set_motor ('beam', '1.25') {}
setting motor "beam" to 1.25
set motor beam to 1.25
SetMotor beam,1.25 ===>> OK
Get Checksum: -1965264452
GetMotorMoving beam ===>> False
GetMotorMoving beam ===>> False
Block completed
move_to_position ('174',) {'autocenter': True}
FusionsCO2 move to position 174
sending GoToHole 174,True
GoToHole 174,True ===>> OK
GetDriveMoving ===>> OK
GetDriveMoving ===>> OK
GetDriveMoving ===>> OK
GetDriveMoving ===>> False
GetDriveMoving ===>> OK
GetDriveMoving ===>> OK
Get Checksum: -1965264452
GetDriveMoving ===>> OK
GetDriveMoving ===>> False
Block completed
GetAutoCorrecting ===>> False
GetAutoCorrecting ===>> False
Block completed
update position
GetPosition ===>> -3.98780,-7.97560,1.00000
got position (-3.9878, -7.9756, 1.0)
move to position succeeded
sleep (5,) {}
SLEEP 5.0
block started
WaitControl setup for 5.0  
Get Checksum: -1965264452
Get Checksum: -1965264452
Join finished
block finished. duration 5.01137089729
close () {'description': 'Microbone to Turbo'}
closing name=--- desc=Microbone to Turbo
checking ownership. requestor=129.138.12.150
check software interlocks U
interlocks []
actuate state mode=None-script, software_lock=False
doing actuation None-script close_channel True
Close U ===>> OK
GetIndicatorState U ===>> False
change switch state (True, True)
update switch state U False args=() kw={} ncanvase=2
04:35:50 -- CLOSE  VALVE-U (Microbone to Turbo)
---------------------------------------- close None (Microbone to Turbo) result=[(True, True)]
action=close, ok=True, locked=[False]
enable laser
enable () {}
set extraction state FusionsCO2 Enabled (False, 'red', 1.5)
enabling laser
Enable ===>> OK
begin interval
BEGIN INTERVAL Interval 1 waiting for 30.0
block started
WaitControl setup for 30.0  
set extract to 5.0
extract (5.0,) {}
GetPosition ===>> -3.98780,-7.97560,1.00000
set extraction state FusionsCO2 ON! 5.0(watts) (0.75, 'red', 1.5)
extract sample to 5.0 (watts)
set laser output
SetLaserOutput 5.0,watts ===>> OK
executing pattern triangle.lp
execute_pattern ('triangle.lp',) {}
executing pattern triangle.lp
IsPatterning ===>> OK
Get Checksum: 1551197106
IsPatterning ===>> OK
IsPatterning ===>> OK
IsPatterning ===>> OK
Get Checksum: 1551197106
IsPatterning ===>> OK
IsPatterning ===>> OK
IsPatterning ===>> OK
Get Checksum: 1551197106
IsPatterning ===>> OK
IsPatterning ===>> OK
IsPatterning ===>> OK
Get Checksum: 1551197106
IsPatterning ===>> OK
IsPatterning ===>> OK
IsPatterning ===>> OK
Get Checksum: 1551197106
IsPatterning ===>> OK
IsPatterning ===>> OK
IsPatterning ===>> OK
Get Checksum: 1551197106
IsPatterning ===>> OK
IsPatterning ===>> OK
IsPatterning ===>> OK
Get Checksum: 1551197106
IsPatterning ===>> OK
IsPatterning ===>> OK
IsPatterning ===>> OK
Get Checksum: 1551197106
IsPatterning ===>> OK
IsPatterning ===>> OK
IsPatterning ===>> OK
Get Checksum: 1551197106
IsPatterning ===>> OK
IsPatterning ===>> OK
IsPatterning ===>> False
Get Checksum: 1551197106
IsPatterning ===>> False
Block completed
COMPLETE INTERVAL waiting for Interval 1 to complete
Join finished
block finished. duration 30.0716249943
Interval 1 finished
end_extract () {}
ending extraction. set laser power to 0
set laser power 0
SetLaserPower 0 ===>> OK
disable () {}
%%%%%%%%%%%%%%%%%%%%%%%%%%%%%%%%%%% disable
set extraction state False (0.75, 'red', 1.5)
disabling laser
Disable ===>> OK
sleep (30.0,) {}
SLEEP 30.0
block started
WaitControl setup for 30.0  
Get Checksum: 1551197106
Get Checksum: 1551197106
Get Checksum: 1551197106
Get Checksum: 1551197106
Get Checksum: 1551197106
Get Checksum: 1551197106
Get Checksum: 1551197106
Get Checksum: 1551197106
Get Checksum: 1551197106
Join finished
block finished. duration 30.0495100021
executed 165.5
jan_co2.py completed successfully
GetAchievedOutput ===>> No Response
Requested Output= 0.000
Achieved Output=  0.000
GetResponseBlob ===>> No Response
GetOutputBlob ===>> No Response
persistence save...
persistence save - db
AutomatedRunPersister post_extraction_save deprecated
persistence save - dvc
no extraction position for 174
create new session 4983034992
close session 4983034992
Extraction Finished
04:36:52 -- ******* Extraction Finished *******
no overlap. not waiting for min ms pumptime
04:36:52 -- Sending spectrometer configuration
======== Sending configuration ========
SetDeflection CDD,50.0 ===>> OK
SetDeflection H2,0.0 ===>> OK
SetDeflection H1,0.0 ===>> OK
SetDeflection L2,825.0 ===>> OK
SetDeflection L1,400.0 ===>> OK
SetDeflection AX,190.0 ===>> OK
SetZFocus 74.64 ===>> OK
SetZSymmetry -50.72 ===>> OK
SetExtractionLens 26.13 ===>> OK
SetIonRepeller -3.81 ===>> OK
SetElectronEnergy 75.08 ===>> OK
SetYSymmetry -2.81 ===>> OK
SetIonCounterVoltage 1590.0 ===>> OK
send trap current 200.0
GetParameter Trap Current Readback ===>> 197.475737044497
SetParameter Trap Current Set,200.0 ===>> OK
updating mftable name mftable
Using mftable located at /Users/jan/PychronDev/setupfiles/spectrometer/mftables/mftable.csv
============ MFtable ===========
Isotope  H2     H1     AX     L1     L2     CDD    
Ar40     5.7770 5.8787 5.9920 6.1169 6.2306 6.3452
Ar39     5.6762 5.7710 5.8844 6.0030 6.1157 6.2317
Ar36     5.3538 5.4400 5.5478 5.6619 5.7707 5.8827
================================
get initial guess parabolic
get initial guess parabolic
get initial guess parabolic
get initial guess parabolic
get initial guess parabolic
get initial guess parabolic
======== Configuration Finished ========
GetYSymmetry ===>> -2.81
GetZSymmetry ===>> -50.72
GetParameter Trap Current Readback ===>> 197.811389855338
GetHighVoltage ===>> 4499.94659342336
start measurement
do measurement
L#=65518 analysis type=unknown
Measurement Started jan_co2_whiff_120_60_large.py
04:36:52 -- ******* Measurement Started jan_co2_whiff_120_60_large.py *******
state changed from extraction to measurement
setting spec, defl, and gains
GetExtractionLens ===>> 26.13
GetYSymmetry ===>> -2.81
GetZSymmetry ===>> -50.72
GetZFocus ===>> 74.64
GetDeflection H2 ===>> 0
GetDeflection H1 ===>> 0
GetDeflection AX ===>> 190
GetDeflection L1 ===>> 400
GetDeflection L2 ===>> 825
GetDeflection CDD ===>> 50
GetGain H2 ===>> 0.0113
GetGain H1 ===>> 0.1
GetGain AX ===>> 0.097049
GetGain L1 ===>> 0.010355
GetGain L2 ===>> 0.095649
GetGain CDD ===>> 0
pre measurement save
New frame /Users/jan/PychronDev/data/isotopes/e0/9e5157-71f5-4188-a5a9-8e0af547709e.h5
flush and close file /Users/jan/PychronDev/data/isotopes/e0/9e5157-71f5-4188-a5a9-8e0af547709e.h5
testing...
no interpolation path defined
executed 266.04
co2 whiff measurement script
activate_detectors ('H2', 'H1', 'AX', 'L1', 'L2', 'CDD') {}
activate detectors
*************** Set Analysis View Ar/Ar
create graphs
Get Checksum: 1551197106
clearing graphs
clear isotope group
setting isotope det=H2, iso=PM41
setting isotope det=H1, iso=Ar40
setting isotope det=AX, iso=Ar39
setting isotope det=L1, iso=Ar38
setting isotope det=L2, iso=Ar37
setting isotope det=CDD, iso=Ar36
setting previous blanks
 - setting Ar40 blank 0.215+/-0.007
 - setting Ar36 blank 0.00492+/-0.00018
 - setting Ar37 blank 0.058+/-0.005
 - setting Ar38 blank 0.0098+/-0.0022
 - setting PM41 blank 0.00+/-0.06
 - setting Ar39 blank 0.036+/-0.009
load analysis view
position_magnet ('Ar40',) {'detector': 'H1'}
detector Detector(H1)
POSITION Ar40 H1
setting detector H2 to PM41 (40.9624)
setting detector H1 to Ar40 (39.9624)
setting detector AX to Ar39 (38.9624)
setting detector L1 to Ar38 (37.9624)
setting detector L2 to Ar37 (36.9624)
setting detector CDD to Ar36 (35.9624)
Mapping mass to dac mass func: "parabolic"
H1 map mass coeffs = [-0.00063987  0.15840543  0.57032999]
H1 map mass to dac 39.9624 >> 5.87872
GetDeflection H1 ===>> 0
GetHighVoltage ===>> 4499.94659342336
positioning Ar40 (5.87868538077) on H1
setting magnet DAC
current  : 5.878686
requested: 5.878685
Delta Dac: 0.000000
Checking detector protection. dv=0.00000
Checking detector "CDD". Protection Threshold: 0.1 (V)
SetMagnetDAC 5.87868538077 ===>> OK
Magnet settling time: 0.500
close ('S',) {}
closing name=S desc=---
checking ownership. requestor=129.138.12.150
check software interlocks S
interlocks []
actuate state mode=None-script, software_lock=False
doing actuation None-script close_channel True
Close S ===>> OK
GetIndicatorState S ===>> False
change switch state (True, True)
update switch state S False args=() kw={} ncanvase=2
04:36:54 -- CLOSE  VALVE-S (Microbone to Inlet Pipette)
---------------------------------------- close S () result=[(True, True)]
action=close, ok=True, locked=[False]
equilibrate () {'do_post_equilibration': False, 'inlet': 'R', 'outlet': 'O', 'eqtime': 4}
Equilibration Started
04:36:54 -- ******* Equilibration Started *******
checking ownership. requestor=129.138.12.150
check software interlocks O
interlocks []
actuate state mode=None-script, software_lock=False
doing actuation None-script close_channel True
Close O ===>> OK
GetIndicatorState O ===>> False
change switch state (True, True)
update switch state O False args=() kw={} ncanvase=2
04:36:55 -- CLOSE  VALVE-O (Jan Ion Pump)
waiting 3s before opening inlet value ('R',)
Get Checksum: 1174506924
checking ownership. requestor=129.138.12.150
check software interlocks R
interlocks []
actuate state mode=None-script, software_lock=False
doing actuation None-script open_channel True
Open R ===>> OK
GetIndicatorState R ===>> OK
change switch state (True, True)
update switch state R True args=() kw={} ncanvase=2
04:36:58 -- OPEN   VALVE-R (Jan Inlet)
set_time_zero (0,) {}
sniff (4,) {}
equilibrating for 4sec
py_sniff
build tables- sniff [Detector(H2), Detector(H1), Detector(AX), Detector(L1), Detector(L2), Detector(CDD)]
add group /sniff/PM41 (Group) '' table H2
add group /sniff/Ar40 (Group) '' table H1
add group /sniff/Ar39 (Group) '' table AX
add group /sniff/Ar38 (Group) '' table L1
add group /sniff/Ar37 (Group) '' table L2
add group /sniff/Ar36 (Group) '' table CDD
flush and close file /Users/jan/PychronDev/data/isotopes/e0/9e5157-71f5-4188-a5a9-8e0af547709e.h5
measuring sniff. ncounts=4
Get Checksum: 1427694182
starting measurement
GetData ===>> H2,-0.201317548811583,H1,-0.0103918425594649,AX,-0.103898708725414,L1,-0.0310348457070083,L2,0.02...
GetData ===>> H2,3.54921216896859,H1,2.14363900063985,AX,5.52088138834047,L1,0.357290191335381,L2,1.17388942550...
GetData ===>> H2,4.97675136853147,H1,3.56282169573701,AX,4.26235270601165,L1,0.943928632337864,L2,0.69547493919...
Get Checksum: 1427694182
GetData ===>> H2,1.6154797667097,H1,3.15005881214361,AX,1.92617239348063,L1,0.733875953575715,L2,0.280281212797...
Equilibration Finished
04:37:02 -- ******* Equilibration Finished *******
checking ownership. requestor=129.138.12.150
check software interlocks R
interlocks []
actuate state mode=None-script, software_lock=False
doing actuation None-script close_channel True
Close R ===>> OK
set states for children of R. state=False
handle state [('R', False)]
update switch state R False args=() kw={'refresh': False} ncanvase=2
measurement finished
estimated time: 4.194 actual time: :4.266
flush and close file /Users/jan/PychronDev/data/isotopes/e0/9e5157-71f5-4188-a5a9-8e0af547709e.h5
set_fits () {}
using default fits file=/Users/jan/PychronDev/scripts/measurement/fits/nominal_linear.yaml
GetIndicatorState R ===>> False
change switch state (True, True)
update switch state R False args=() kw={} ncanvase=2
refresh_canvas_needed fired
set "Ar40" to "('Linear', 'SEM')"
No fit for "PM41". defaulting to linear. check the measurement script "jan_co2_whiff_120_60_large.py"
set "PM41" to "linear"
set "Ar36" to "('Linear', 'SEM')"
set "Ar37" to "('linear', 'SEM')"
set "Ar38" to "('linear', 'SEM')"
04:37:03 -- CLOSE  VALVE-R (Jan Inlet)
set "Ar39" to "('Linear', 'SEM')"
set_baseline_fits () {}
using default fits file=/Users/jan/PychronDev/scripts/measurement/fits/nominal_linear.yaml
set "H1" to "('average', 'SEM')"
set "H2" to "('average', 'SEM')"
set "CDD" to "('average', 'SEM')"
set "L2" to "('average', 'SEM')"
set "L1" to "('average', 'SEM')"
set "AX" to "('average', 'SEM')"
whiff () {'ncounts': 1, 'conditionals': [{'action': 'run_remainder', 'attr': 'Ar40', 'teststr': 'Ar40.cur<=175'}, {'action': 'run_pipette', 'attr': 'Ar40', 'teststr': 'Ar40.cur>500'}, {'action': 'run_chamber_split', 'attr': 'Ar40', 'teststr': 'Ar40.cur>=300'}, {'action': 'pump', 'attr': 'Ar40', 'teststr': 'Ar40.cur>175'}]}
build tables- whiff [Detector(H2), Detector(H1), Detector(AX), Detector(L1), Detector(L2), Detector(CDD)]
add group /whiff/PM41 (Group) '' table H2
add group /whiff/Ar40 (Group) '' table H1
add group /whiff/Ar39 (Group) '' table AX
add group /whiff/Ar38 (Group) '' table L1
add group /whiff/Ar37 (Group) '' table L2
add group /whiff/Ar36 (Group) '' table CDD
flush and close file /Users/jan/PychronDev/data/isotopes/e0/9e5157-71f5-4188-a5a9-8e0af547709e.h5
measuring whiff. ncounts=1
starting measurement
GetData ===>> H2,0.345635195584759,H1,3.05038550363339,AX,1.19090447000183,L1,0.253818182686983,L2,0.1560806600...
testing Ar40<=175
evaluate ot="Ar40.cur<=175" t="Ar40<=175", ctx="{'Ar40': 3.05038550363339}"
condition Ar40<=175 is true trips=1/1
04:37:04 -- Conditional tripped: Ar40.cur<=175 condition Ar40<=175 is True
measurement finished
estimated time: 1.049 actual time: :1.106
flush and close file /Users/jan/PychronDev/data/isotopes/e0/9e5157-71f5-4188-a5a9-8e0af547709e.h5
WHIFF Result=run_remainder
Whiff result=run_remainder
open ('R',) {}
opening name=R desc=---
checking ownership. requestor=129.138.12.150
check software interlocks R
interlocks []
actuate state mode=None-script, software_lock=False
doing actuation None-script open_channel True
Open R ===>> OK
set states for children of R. state=True
handle state [('R', True)]
update switch state R True args=() kw={'refresh': False} ncanvase=2
refresh_canvas_needed fired
Get Checksum: 1427694182
GetIndicatorState R ===>> OK
change switch state (True, True)
update switch state R True args=() kw={} ncanvase=2
04:37:05 -- OPEN   VALVE-R (Jan Inlet)
---------------------------------------- open R () result=[(True, True)], time=0.41 sec
action=open, ok=True, locked=[False]
open ('S',) {}
opening name=S desc=---
checking ownership. requestor=129.138.12.150
check software interlocks S
interlocks []
actuate state mode=None-script, software_lock=False
doing actuation None-script open_channel True
Open S ===>> OK
GetIndicatorState S ===>> OK
change switch state (True, True)
update switch state S True args=() kw={} ncanvase=2
04:37:06 -- OPEN   VALVE-S (Microbone to Inlet Pipette)
---------------------------------------- open S () result=[(True, True)], time=0.49 sec
action=open, ok=True, locked=[False]
sleep (12.0,) {}
SLEEP 12.0
block started
WaitControl setup for 12.0  
Get Checksum: -1449001502
Get Checksum: -1449001502
Get Checksum: -1449001502
Get Checksum: -1449001502
Join finished
block finished. duration 12.0230820179
close ('R',) {}
closing name=R desc=---
checking ownership. requestor=129.138.12.150
check software interlocks R
interlocks []
actuate state mode=None-script, software_lock=False
doing actuation None-script close_channel True
Close R ===>> OK
GetIndicatorState R ===>> False
change switch state (True, True)
update switch state R False args=() kw={} ncanvase=2
04:37:19 -- CLOSE  VALVE-R (Jan Inlet)
---------------------------------------- close R () result=[(True, True)]
action=close, ok=True, locked=[False]
post_equilibration () {}
multicollect () {'integration_time': 1, 'ncounts': 120.0}
Post Equilibration Started jan_pump_extraction_line.py
build tables- signal [Detector(H2), Detector(H1), Detector(AX), Detector(L1), Detector(L2), Detector(CDD)]
04:37:19 -- ******* Post Equilibration Started jan_pump_extraction_line.py *******
add group /signal/PM41 (Group) '' table H2
testing...
add group /signal/Ar40 (Group) '' table H1
no interpolation path defined
add group /signal/Ar39 (Group) '' table AX
add group /signal/Ar38 (Group) '' table L1
calculate duration
add group /signal/Ar37 (Group) '' table L2
testing...
add group /signal/Ar36 (Group) '' table CDD
no interpolation path defined
flush and close file /Users/jan/PychronDev/data/isotopes/e0/9e5157-71f5-4188-a5a9-8e0af547709e.h5
executed 4.0
measuring signal. ncounts=120.0
executed 4.0
Pump after analysis
doing GOSUB
testing...
no interpolation path defined
executed 4.0
Pump Microbone
close () {'description': 'Jan Inlet'}
closing name=--- desc=Jan Inlet
checking ownership. requestor=129.138.12.150
check software interlocks R
interlocks []
actuate state mode=None-script, software_lock=False
doing actuation None-script close_channel False
Close R ===>> OK
GetIndicatorState R ===>> False
change switch state (True, True)
update switch state R False args=() kw={} ncanvase=2
04:37:19 -- CLOSE  VALVE-R (Jan Inlet)
---------------------------------------- close None (Jan Inlet) result=[(True, True)]
starting measurement
GetData ===>> H2,0.0121687041489076,H1,78.2234463053948,AX,21.2147324171031,L1,0.34203202994082,L2,0.2571856409...
action=close, ok=True, locked=[False]
is_closed ('F',) {}
is F () closed?
is closed True
open () {'description': 'CO2 Laser to Jan'}
opening name=--- desc=CO2 Laser to Jan
checking ownership. requestor=129.138.12.150
check software interlocks A
interlocks []
actuate state mode=None-script, software_lock=False
doing actuation None-script open_channel False
Open A ===>> OK
GetIndicatorState A ===>> OK
change switch state (True, True)
update switch state A True args=() kw={} ncanvase=2
04:37:20 -- OPEN   VALVE-A (CO2 Laser to Jan)
---------------------------------------- open None (CO2 Laser to Jan) result=[(True, True)], time=0.14 sec
action=open, ok=True, locked=[False]
sleep (1,) {}
SLEEP 1.0
Get Checksum: -598318598
GetData ===>> H2,0.277306446888114,H1,78.240786425964,AX,21.4660306012636,L1,0.342672415708793,L2,0.26803980438...
close () {'description': 'CO2 Laser to Roughing'}
closing name=--- desc=CO2 Laser to Roughing
checking ownership. requestor=129.138.12.150
check software interlocks G
interlocks []
actuate state mode=None-script, software_lock=True
VALVE-G(CO2 Laser to Roughing) software locked
change switch state (True, False)
---------------------------------------- close None (CO2 Laser to Roughing) result=[(True, False)]
action=close, ok=True, locked=[True]
open () {'description': 'Microbone to Turbo'}
opening name=--- desc=Microbone to Turbo
checking ownership. requestor=129.138.12.150
check software interlocks U
interlocks []
actuate state mode=None-script, software_lock=False
doing actuation None-script open_channel True
Open U ===>> OK
GetIndicatorState U ===>> OK
change switch state (True, True)
update switch state U True args=() kw={} ncanvase=2
04:37:21 -- OPEN   VALVE-U (Microbone to Turbo)
---------------------------------------- open None (Microbone to Turbo) result=[(True, True)], time=0.23 sec
action=open, ok=True, locked=[False]
open () {'description': 'Microbone to Getter NP-10'}
opening name=--- desc=Microbone to Getter NP-10
checking ownership. requestor=129.138.12.150
check software interlocks M
interlocks []
actuate state mode=None-script, software_lock=False
doing actuation None-script open_channel False
Open M ===>> OK
GetData ===>> H2,0.133230654779455,H1,78.0900742770028,AX,21.4003245524513,L1,0.285614687932954,L2,0.3270251529...
GetIndicatorState M ===>> OK
change switch state (True, True)
update switch state M True args=() kw={} ncanvase=2
04:37:22 -- OPEN   VALVE-M (Microbone to Getter NP-10)
---------------------------------------- open None (Microbone to Getter NP-10) result=[(True, True)], time=0.14 sec
action=open, ok=True, locked=[False]
open () {'description': 'Microbone to Getter D-50'}
opening name=--- desc=Microbone to Getter D-50
checking ownership. requestor=129.138.12.150
check software interlocks K
interlocks []
actuate state mode=None-script, software_lock=False
doing actuation None-script open_channel False
Open K ===>> OK
GetIndicatorState K ===>> OK
change switch state (True, True)
update switch state K True args=() kw={} ncanvase=2
04:37:22 -- OPEN   VALVE-K (Microbone to Getter D-50)
---------------------------------------- open None (Microbone to Getter D-50) result=[(True, True)], time=0.41 sec
action=open, ok=True, locked=[False]
open () {'description': 'Microbone to CO2 Laser'}
opening name=--- desc=Microbone to CO2 Laser
checking ownership. requestor=129.138.12.150
check software interlocks T
interlocks []
actuate state mode=None-script, software_lock=False
doing actuation None-script open_channel False
GetData ===>> H2,0.018917450492528,H1,78.2316431841281,AX,21.1968057279883,L1,0.274788274461121,L2,0.1783693559...
Open T ===>> OK
GetIndicatorState T ===>> OK
change switch state (True, True)
update switch state T True args=() kw={} ncanvase=2
04:37:23 -- OPEN   VALVE-T (Microbone to CO2 Laser)
---------------------------------------- open None (Microbone to CO2 Laser) result=[(True, True)], time=0.44 sec
action=open, ok=True, locked=[False]
open () {'description': 'Microbone to Inlet Pipette'}
opening name=--- desc=Microbone to Inlet Pipette
checking ownership. requestor=129.138.12.150
check software interlocks S
interlocks []
actuate state mode=None-script, software_lock=False
doing actuation None-script open_channel False
Open S ===>> OK
GetData ===>> H2,-0.0507740480151069,H1,78.1062870295689,AX,21.1067567232645,L1,0.308324158814307,L2,0.26487988...
Get Checksum: -860229079
GetIndicatorState S ===>> OK
change switch state (True, True)
update switch state S True args=() kw={} ncanvase=2
04:37:24 -- OPEN   VALVE-S (Microbone to Inlet Pipette)
---------------------------------------- open None (Microbone to Inlet Pipette) result=[(True, True)], time=0.44 sec
action=open, ok=True, locked=[False]
sleep (1,) {}
SLEEP 1.0
GetData ===>> H2,-0.132927152554697,H1,78.1854881077199,AX,21.2152468567154,L1,0.290718174303798,L2,0.153936473...
set_resource () {'name': 'CO2PumpTimeFlag', 'value': 30}
Set CO2PumpTimeFlag 30 ===>> OK
release ('JanCO2Flag',) {}
release JanCO2Flag
Set JanCO2Flag 0 ===>> OK
executed 6.0
PumpMicrobone.py completed successfully
gosub finished
get_resource_value () {'name': 'JanMiniboneFlag'}
Read JanMiniboneFlag ===>> 0
Get Resource Value JanMiniboneFlag=0.0
get resource value 0.0
get_resource_value () {'name': 'JanMiniboneFlag'}
Read JanMiniboneFlag ===>> 0
Get Resource Value JanMiniboneFlag=0.0
executed 4.0
jan_pump_extraction_line.py completed successfully
Post Equilibration Finished
04:37:25 -- ******* Post Equilibration Finished *******
GetData ===>> H2,-0.109227653915737,H1,78.1690836813096,AX,21.1775320718075,L1,0.240989906585124,L2,0.252470361...
Get Checksum: -860229079
GetData ===>> H2,-0.195327356184539,H1,78.131853305292,AX,21.1531366674978,L1,0.22776730835162,L2,0.26969395734...
GetData ===>> H2,-0.158099997014583,H1,78.1236457204492,AX,21.1092128426652,L1,0.238673619710682,L2,0.186321083...
GetData ===>> H2,-0.0349363525319294,H1,78.2398405455132,AX,21.159444452728,L1,0.256510014755114,L2,0.119408002...
Get Checksum: -860229079
GetData ===>> H2,0.0387003910492562,H1,78.0998547503498,AX,21.217150304598,L1,0.295047305955327,L2,0.1940452725...
GetData ===>> H2,0.0525059557399299,H1,78.1424326842648,AX,21.2828140781525,L1,0.255393091637986,L2,0.276242401...
GetData ===>> H2,-0.125829304873144,H1,78.1589003083695,AX,21.0385349619661,L1,0.220514727488803,L2,0.290127954...
Get Checksum: -860229079
GetData ===>> H2,-0.183139337669917,H1,78.1924385944161,AX,21.1752693466054,L1,0.23967926323515,L2,0.2549364348...
GetData ===>> H2,-0.0585992938142845,H1,77.9692213573524,AX,21.0695231446248,L1,0.25855822750072,L2,0.200663242...
GetData ===>> H2,-0.106581730690491,H1,78.0103461617693,AX,21.040231305708,L1,0.279678302721737,L2,0.1501158351...
Get Checksum: -860229079
GetData ===>> H2,-0.162562031851871,H1,78.0794287141718,AX,21.0879197606083,L1,0.294583382672027,L2,0.160950878...
GetData ===>> H2,-0.193382166198727,H1,78.0321981422304,AX,21.0729039785138,L1,0.265452747941177,L2,0.219549791...
GetData ===>> H2,-0.19041113618158,H1,77.9361281184795,AX,20.9492790190987,L1,0.219473599544998,L2,0.2063573441...
Get Checksum: -860229079
GetData ===>> H2,-0.225513895645633,H1,77.9826962235782,AX,20.9127102018147,L1,0.223389861695849,L2,0.203458901...
GetData ===>> H2,-0.207741141271303,H1,77.8520858972121,AX,20.9399621730614,L1,0.220070596951833,L2,0.142326766...
GetData ===>> H2,-0.184430315030103,H1,77.8398902858026,AX,21.1102287408571,L1,0.257514013048533,L2,0.169699645...
Get Checksum: -860229079
GetData ===>> H2,-0.0514037396912496,H1,77.8366095838247,AX,20.972693751032,L1,0.272787432964907,L2,0.185876134...
GetData ===>> H2,-0.0955666328907023,H1,77.7205755700809,AX,20.9593421172088,L1,0.330474353838976,L2,0.21602325...
04:37:45 -- collecting point 25
GetData ===>> H2,-0.101028813667954,H1,77.8246638434753,AX,20.9960194239567,L1,0.284720562670253,L2,0.181586474...
Get Checksum: -860229079
GetData ===>> H2,-0.215647688691746,H1,77.9839393581892,AX,20.9921143341175,L1,0.250401855371182,L2,0.214174448...
GetData ===>> H2,-0.239747333892551,H1,77.8592446891555,AX,21.0841013370338,L1,0.246153696821702,L2,0.240357836...
GetData ===>> H2,-0.184223930416806,H1,77.8308933941383,AX,20.8974361786335,L1,0.259519874595966,L2,0.192174067...
Get Checksum: -860229079
GetData ===>> H2,-0.18893476723841,H1,77.7788620240336,AX,20.9427892688389,L1,0.245187239006913,L2,0.1209357490...
GetData ===>> H2,-0.191609617371778,H1,77.8423425782492,AX,20.9041415808342,L1,0.254914274140893,L2,0.104975417...
Get Checksum: -860229079
GetData ===>> H2,-0.221892366046024,H1,77.7073982718706,AX,20.9403733823853,L1,0.258225137006465,L2,0.187051260...
GetData ===>> H2,-0.297414109623339,H1,77.6326668384449,AX,20.8744200404205,L1,0.232914943241545,L2,0.377103897...
GetData ===>> H2,-0.209264962306332,H1,77.5232247178436,AX,20.8736366534603,L1,0.246004351248812,L2,0.151051022...
Get Checksum: -860229079
GetData ===>> H2,-0.138035659624762,H1,77.6364747852553,AX,21.0410152311474,L1,0.238536383785946,L2,0.139145177...
GetData ===>> H2,-0.216683077318108,H1,77.589478783072,AX,20.9497416696777,L1,0.247592626022091,L2,0.2016559770...
GetData ===>> H2,-0.20471175195228,H1,77.6657497923338,AX,21.0926383360242,L1,0.230329879173348,L2,0.2568887883...
Get Checksum: -860229079
GetData ===>> H2,-0.0982912812813687,H1,77.6489258443004,AX,20.9834696876146,L1,0.270751720860502,L2,0.28978564...
GetData ===>> H2,-0.19598020111679,H1,77.6549530875428,AX,20.8819459823069,L1,0.27840538015065,L2,0.27119983177...
GetData ===>> H2,-0.209291906896219,H1,77.6722580273728,AX,20.8760510446554,L1,0.222907232697186,L2,0.161498366...
Get Checksum: -860229079
GetData ===>> H2,-0.258802379985243,H1,77.5598227064962,AX,20.9600104532807,L1,0.233728221111929,L2,0.313796221...
GetData ===>> H2,-0.186061025828444,H1,77.5624372176406,AX,20.9772788510652,L1,0.256123513916046,L2,0.101453102...
GetData ===>> H2,-0.0874612538109476,H1,77.5394874615133,AX,20.8484557225459,L1,0.238045750109681,L2,0.17859751...
Get Checksum: -860229079
GetData ===>> H2,-0.157059863554862,H1,77.4435835115037,AX,20.7638425680618,L1,0.229361559298632,L2,0.218476981...
GetData ===>> H2,-0.0926178057382973,H1,77.5199161526976,AX,20.8246413372626,L1,0.222096038030377,L2,0.30142499...
GetData ===>> H2,-0.0339872560594165,H1,77.640729875393,AX,20.8340380833098,L1,0.220663988822513,L2,0.203755588...
Get Checksum: -860229079
GetData ===>> H2,-0.136624221693788,H1,77.5102390521446,AX,20.8544133512856,L1,0.218600007905087,L2,0.141368857...
GetData ===>> H2,-0.195264942480752,H1,77.4764290067454,AX,20.8391090722053,L1,0.274979256737152,L2,0.253098290...
GetData ===>> H2,-0.146939621723807,H1,77.4155262107799,AX,20.798740343065,L1,0.270521907905259,L2,0.2184769810...
Get Checksum: -860229079
GetData ===>> H2,-0.0245204804743224,H1,77.3170426219925,AX,20.758822125859,L1,0.254104953549951,L2,0.153491675...
04:38:11 -- collecting point 50
GetData ===>> H2,-0.0834620587542478,H1,77.4947166422589,AX,20.8678834286152,L1,0.238503593174854,L2,0.25511910...
GetData ===>> H2,-0.113492007818851,H1,77.5108180050054,AX,20.8973976430447,L1,0.246492464402829,L2,0.247378576...
Get Checksum: -860229079
GetData ===>> H2,-0.0754892673303092,H1,77.460890547009,AX,20.7888590476818,L1,0.300030025141653,L2,0.268530343...
GetData ===>> H2,-0.0967177817333972,H1,77.2834350256088,AX,20.8542849506418,L1,0.293074864383102,L2,0.20805765...
Get Checksum: -860229079
GetData ===>> H2,-0.121527653871268,H1,77.3791561121808,AX,20.7353151885555,L1,0.254292088037716,L2,0.299405126...
GetData ===>> H2,-0.158391757569228,H1,77.2902981202953,AX,20.7959426895439,L1,0.236856911535067,L2,0.211698012...
GetData ===>> H2,-0.173261593397126,H1,77.2868582617272,AX,20.7218244466965,L1,0.24738861357565,L2,0.3228359838...
Get Checksum: -860229079
GetData ===>> H2,-0.178723001203269,H1,77.3058612384868,AX,20.8087380564042,L1,0.210743480026232,L2,0.211937664...
GetData ===>> H2,-0.20270069496573,H1,77.3811405920595,AX,20.883178951213,L1,0.219774520691184,L2,0.18827203818...
GetData ===>> H2,-0.161638437599741,H1,77.3287763662613,AX,20.6346310789618,L1,0.220299940629435,L2,0.183263525...
Get Checksum: -860229079
GetData ===>> H2,-0.215525159185355,H1,77.3250734242402,AX,20.7471386266545,L1,0.235092731620142,L2,0.275044482...
GetData ===>> H2,-0.214567767536751,H1,77.3611647894313,AX,20.744352748578,L1,0.23486934728248,L2,0.19730855899...
GetData ===>> H2,-0.226546674097375,H1,77.2984846651691,AX,20.7510800611145,L1,0.249077911115351,L2,0.180924788...
GetData ===>> H2,-0.170414942006896,H1,77.2315345628389,AX,20.5953298016652,L1,0.244645771289698,L2,0.254947852...
GetData ===>> H2,-0.268856149553971,H1,77.2215502085041,AX,20.7960710206844,L1,0.261205103188869,L2,0.213272881...
Get Checksum: -860229079
testing age>100.0
evaluate ot="age>100.0" t="age>100.0", ctx="{'age': 25.324464443577956}"
testing Ar39<0.5
evaluate ot="Ar39<0.5" t="Ar39<0.5", ctx="{'Ar39': 21.43389374132269}"
GetData ===>> H2,-0.238811709674934,H1,77.1778523197659,AX,20.8225104951739,L1,0.248493729835213,L2,0.087046020...
GetData ===>> H2,-0.126248429218694,H1,77.2312865983171,AX,20.7077450463984,L1,0.228699077687265,L2,0.181118730...
GetData ===>> H2,-0.0454026115383582,H1,77.1463930762046,AX,20.7232363386034,L1,0.237301343633133,L2,0.24281218...
Get Checksum: -860229079
GetData ===>> H2,-0.0819191554738951,H1,77.0131262989152,AX,20.7924393084548,L1,0.235758057470088,L2,0.26695606...
GetData ===>> H2,-0.125327687326835,H1,77.2056659868957,AX,20.7119802239367,L1,0.232778998647835,L2,0.262062275...
testing age>100.0
evaluate ot="age>100.0" t="age>100.0", ctx="{'age': 25.355689328504408}"
testing Ar39<0.5
evaluate ot="Ar39<0.5" t="Ar39<0.5", ctx="{'Ar39': 21.413457279332892}"
GetData ===>> H2,-0.177129026923278,H1,77.1380007444524,AX,20.6875596556217,L1,0.210254921376496,L2,0.261149709...
Get Checksum: -860229079
GetData ===>> H2,-0.167280099687995,H1,77.0395879636262,AX,20.5670534420089,L1,0.249799378686001,L2,0.167897357...
GetData ===>> H2,-0.1766444466641,H1,77.0073457086839,AX,20.7607609389772,L1,0.265551189658832,L2,0.20303669438...
GetData ===>> H2,-0.155706196298182,H1,76.9990716261835,AX,20.755047318311,L1,0.230966981930986,L2,0.1937600255...
Get Checksum: -860229079
GetData ===>> H2,-0.231586678698961,H1,76.9461523038667,AX,20.6509840781263,L1,0.249301390561258,L2,0.293882076...
testing age>100.0
evaluate ot="age>100.0" t="age>100.0", ctx="{'age': 25.379195935673962}"
testing Ar39<0.5
evaluate ot="Ar39<0.5" t="Ar39<0.5", ctx="{'Ar39': 21.40543758472985}"
04:38:37 -- collecting point 75
GetData ===>> H2,-0.268014786094736,H1,77.0117554514251,AX,20.4963052942937,L1,0.265253436754442,L2,0.184278897...
Get Checksum: -860229079
GetData ===>> H2,-0.287380568621138,H1,76.9972054842247,AX,20.6189217133214,L1,0.247790570572034,L2,0.204702710...
GetData ===>> H2,-0.121971282078163,H1,77.0328812211308,AX,20.6897281525628,L1,0.2419812001642,L2,0.22798432348...
GetData ===>> H2,-0.11683603617818,H1,76.8112478625105,AX,20.6002017081246,L1,0.266900301486051,L2,0.2240123537...
Get Checksum: -860229079
GetData ===>> H2,-0.0564929215537219,H1,76.9098260452841,AX,20.5866690565946,L1,0.242243506993259,L2,0.23381702...
testing age>100.0
evaluate ot="age>100.0" t="age>100.0", ctx="{'age': 25.379465984445183}"
testing Ar39<0.5
evaluate ot="Ar39<0.5" t="Ar39<0.5", ctx="{'Ar39': 21.409415668914797}"
GetData ===>> H2,-0.155007683995246,H1,76.7889697673593,AX,20.6061763697713,L1,0.258801366116408,L2,0.200024245...
GetData ===>> H2,-0.183865108994756,H1,76.8334800227676,AX,20.6883808564266,L1,0.232129645485119,L2,0.200583367...
Get Checksum: -860229079
GetData ===>> H2,-0.18045978631028,H1,76.9946127446253,AX,20.5010485945703,L1,0.206798099678976,L2,0.1286318599...
GetData ===>> H2,-0.0740767797328489,H1,76.8241047791723,AX,20.5608064461882,L1,0.23674277090096,L2,0.238109026...
GetData ===>> H2,-0.103324474765065,H1,76.7328259092401,AX,20.5361683413336,L1,0.269431278883525,L2,0.227961495...
Get Checksum: -860229079
testing age>100.0
evaluate ot="age>100.0" t="age>100.0", ctx="{'age': 25.411876148148593}"
testing Ar39<0.5
evaluate ot="Ar39<0.5" t="Ar39<0.5", ctx="{'Ar39': 21.409076248792815}"
GetData ===>> H2,-0.218203650782338,H1,76.8738767531347,AX,20.5569968546596,L1,0.26733059628995,L2,0.1398863984...
GetData ===>> H2,-0.268357521597455,H1,76.9110647034311,AX,20.5427858310334,L1,0.276976877856498,L2,0.270948851...
GetData ===>> H2,-0.257087438777825,H1,76.8877962956551,AX,20.4680036762838,L1,0.261703672949257,L2,0.198232796...
Get Checksum: -860229079
GetData ===>> H2,-0.12128148683861,H1,76.6905779256519,AX,20.4893958337562,L1,0.264530358732541,L2,0.1441741897...
GetData ===>> H2,-0.138433101836791,H1,76.7012707279648,AX,20.492369795772,L1,0.215781972598086,L2,0.1259295994...
testing age>100.0
evaluate ot="age>100.0" t="age>100.0", ctx="{'age': 25.431532614411417}"
testing Ar39<0.5
evaluate ot="Ar39<0.5" t="Ar39<0.5", ctx="{'Ar39': 21.413843594629977}"
GetData ===>> H2,-0.140785025802051,H1,76.7548499740534,AX,20.4851401345546,L1,0.233813194187921,L2,0.141300436...
Get Checksum: -860229079
GetData ===>> H2,-0.222541606222877,H1,76.6939440891629,AX,20.5101640099914,L1,0.243315291191832,L2,0.241339567...
GetData ===>> H2,-0.175248631656968,H1,76.625020063022,AX,20.5346550965952,L1,0.224346698876493,L2,0.1683764431...
GetData ===>> H2,-0.107723646670201,H1,76.8175688931958,AX,20.5218703103883,L1,0.265829505332423,L2,0.221992190...
Get Checksum: -860229079
GetData ===>> H2,-0.160536507385127,H1,76.737497083198,AX,20.4226955753733,L1,0.254439124687301,L2,0.1846325693...
testing age>100.0
evaluate ot="age>100.0" t="age>100.0", ctx="{'age': 25.457019983216586}"
testing Ar39<0.5
evaluate ot="Ar39<0.5" t="Ar39<0.5", ctx="{'Ar39': 21.41325803614782}"
GetData ===>> H2,-0.270763097305812,H1,76.604636477661,AX,20.5127539032091,L1,0.217808986820804,L2,0.2213644654...
GetData ===>> H2,-0.141267515432911,H1,76.373549640312,AX,20.4724509465451,L1,0.222420988927121,L2,0.2254847026...
Get Checksum: -860229079
GetData ===>> H2,-0.215166988398194,H1,76.6051476797523,AX,20.5328469252798,L1,0.246055347052072,L2,0.197160225...
GetData ===>> H2,-0.0898836665694566,H1,76.6732368801778,AX,20.5063818521895,L1,0.241615527950674,L2,0.22783594...
Get Checksum: -860229079
GetData ===>> H2,-0.073886988762879,H1,76.6207155122015,AX,20.3657363157413,L1,0.213944543741677,L2,0.174524927...
testing age>100.0
evaluate ot="age>100.0" t="age>100.0", ctx="{'age': 25.456666294135566}"
testing Ar39<0.5
evaluate ot="Ar39<0.5" t="Ar39<0.5", ctx="{'Ar39': 21.409462433588864}"
04:39:04 -- collecting point 100
GetData ===>> H2,-0.140183574415253,H1,76.640573636262,AX,20.4433739982887,L1,0.263753866461571,L2,0.1494771760...
GetData ===>> H2,-0.152004017026837,H1,76.5737205067918,AX,20.5426704062144,L1,0.259067609548765,L2,0.212017548...
Get Checksum: -860229079
GetData ===>> H2,-0.142168918658077,H1,76.6014373848746,AX,20.4288576882949,L1,0.225397019118809,L2,0.235038399...
GetData ===>> H2,-0.315885633116325,H1,76.6239150506143,AX,20.3367528875954,L1,0.224129613861094,L2,0.194901018...
GetData ===>> H2,-0.349983085871887,H1,76.4334957097441,AX,20.5191006872834,L1,0.226591799134228,L2,0.140855696...
Get Checksum: -860229079
testing age>100.0
evaluate ot="age>100.0" t="age>100.0", ctx="{'age': 25.473075847162043}"
testing Ar39<0.5
evaluate ot="Ar39<0.5" t="Ar39<0.5", ctx="{'Ar39': 21.40421168355959}"
GetData ===>> H2,-0.211172480647279,H1,76.4575935067452,AX,20.4092902121133,L1,0.267275896791209,L2,0.271211240...
GetData ===>> H2,-0.218226557403647,H1,76.4864108846832,AX,20.3884211058733,L1,0.231146591432854,L2,0.246762100...
GetData ===>> H2,-0.244474079948188,H1,76.4750513730607,AX,20.369234844122,L1,0.252838848083446,L2,0.1277310979...
Get Checksum: -860229079
GetData ===>> H2,-0.227358557508069,H1,76.3117400389179,AX,20.3351642783308,L1,0.265088157259994,L2,0.308728848...
GetData ===>> H2,-0.101119511910209,H1,76.4431211387888,AX,20.4473205183472,L1,0.291337726613394,L2,0.182282390...
testing age>100.0
evaluate ot="age>100.0" t="age>100.0", ctx="{'age': 25.470295297439073}"
testing Ar39<0.5
evaluate ot="Ar39<0.5" t="Ar39<0.5", ctx="{'Ar39': 21.403490229886923}"
GetData ===>> H2,-0.182899202341089,H1,76.5139479694106,AX,20.3878827672827,L1,0.284504037986044,L2,0.201085438...
Get Checksum: -860229079
GetData ===>> H2,-0.199551297641849,H1,76.4294908056083,AX,20.5682079573217,L1,0.255826963454977,L2,0.238485726...
GetData ===>> H2,-0.302336324530136,H1,76.4131592491006,AX,20.4518053760007,L1,0.238639614176548,L2,0.182624645...
GetData ===>> H2,-0.230430530214792,H1,76.376218483776,AX,20.4188780609073,L1,0.236412498822393,L2,0.0945684351...
Get Checksum: -860229079
GetData ===>> H2,-0.241911761596401,H1,76.3272139132284,AX,20.398662870014,L1,0.203484193002052,L2,0.2410884264...
testing age>100.0
evaluate ot="age>100.0" t="age>100.0", ctx="{'age': 25.48850048823011}"
testing Ar39<0.5
evaluate ot="Ar39<0.5" t="Ar39<0.5", ctx="{'Ar39': 21.391161348347982}"
GetData ===>> H2,-0.252680618846316,H1,76.4172131185141,AX,20.3178192175518,L1,0.20675447268889,L2,0.1535829156...
GetData ===>> H2,-0.244019257057521,H1,76.3686898416044,AX,20.2982357293228,L1,0.235197141196786,L2,0.163699753...
Get Checksum: -860229079
GetData ===>> H2,-0.233325389372675,H1,76.2462218559574,AX,20.3037940546682,L1,0.20398333036076,L2,0.2099063444...
GetData ===>> H2,-0.174898976002177,H1,76.1292430034047,AX,20.321867002072,L1,0.276063179250031,L2,0.1322806028...
GetData ===>> H2,-0.0914554027469328,H1,76.1275303638176,AX,20.4160598485791,L1,0.281692066952914,L2,0.22327048...
Get Checksum: -860229079
testing age>100.0
evaluate ot="age>100.0" t="age>100.0", ctx="{'age': 25.48868762227467}"
testing Ar39<0.5
evaluate ot="Ar39<0.5" t="Ar39<0.5", ctx="{'Ar39': 21.39025225299122}"
GetData ===>> H2,-0.141202644071758,H1,76.3335588671112,AX,20.4415032958606,L1,0.277058396885437,L2,0.142885551...
measurement finished
estimated time: 125.829 actual time: :126.152
flush and close file /Users/jan/PychronDev/data/isotopes/e0/9e5157-71f5-4188-a5a9-8e0af547709e.h5
baselines () {'settling_time': 15.0, 'detector': 'H1', 'mass': 34.2, 'ncounts': 60.0}
%%%%%%%%%%%%%%%%%%%%%%%%%%%%%%%% Baseline
build tables- baseline [Detector(H2), Detector(H1), Detector(AX), Detector(L1), Detector(L2), Detector(CDD)]
add group baseline table H2
add group baseline table H1
add group baseline table AX
add group baseline table L1
add group baseline table L2
add group baseline table CDD
flush and close file /Users/jan/PychronDev/data/isotopes/e0/9e5157-71f5-4188-a5a9-8e0af547709e.h5
detector Detector(H1)
POSITION 34.2 H1
Mapping mass to dac mass func: "parabolic"
H1 map mass coeffs = [-0.00063987  0.15840543  0.57032999]
H1 map mass to dac 34.2 >> 5.23937599104
GetDeflection H1 ===>> 0
GetHighVoltage ===>> 4499.94659342336
positioning 34.2 (5.23934513685) on H1
setting magnet DAC
current  : 5.878685
requested: 5.239345
Delta Dac: 0.639340
Checking detector protection. dv=0.63934
Checking detector "CDD". Protection Threshold: 0.1 (V)
ProtectDetector CDD,On ===>> OK
GetDeflection CDD ===>> 2000
SetMagnetDAC 5.23934513685 ===>> OK
Magnet settling time: 0.500
GetMagnetMoving ===>> True
GetMagnetMoving ===>> True
Get Checksum: -860229079
GetMagnetMoving ===>> True
GetMagnetMoving ===>> True
GetMagnetMoving ===>> True
GetMagnetMoving ===>> True
GetMagnetMoving ===>> True
GetMagnetMoving ===>> True
GetMagnetMoving ===>> False
ProtectDetector CDD,Off ===>> OK
GetDeflection CDD ===>> 50
Delaying 15.0s for detectors to settle
Get Checksum: -860229079
Get Checksum: -860229079
Get Checksum: -860229079
Get Checksum: -860229079
Get Checksum: -860229079
Join finished
measuring baseline. ncounts=60.0
starting measurement
GetData ===>> H2,-0.150971064035956,H1,-0.0651949134309547,AX,-0.00813140256731281,L1,-0.0328706576901111,L2,-0...
Get Checksum: -860229079
GetData ===>> H2,-0.201107231074952,H1,-0.0509842923529068,AX,-0.109136525085355,L1,-0.0199769617816623,L2,-0.0...
GetData ===>> H2,-0.158570051988657,H1,-0.0125029603619485,AX,-0.0453016991766769,L1,-0.0434455043130407,L2,0.0...
GetData ===>> H2,-0.214594699493064,H1,-0.0259319666726874,AX,-0.0845905164587197,L1,-0.0480781247991572,L2,0.0...
Get Checksum: -860229079
GetData ===>> H2,-0.1262660050628,H1,0.00781094090405179,AX,-0.155417394594833,L1,-0.0240022500360732,L2,-0.080...
GetData ===>> H2,-0.175532128317301,H1,-0.0692955899531221,AX,-0.0889253421553019,L1,-0.0455753385324862,L2,-0....
GetData ===>> H2,-0.107264999898756,H1,-0.0372605441531391,AX,0.0370603509145662,L1,-0.00631805711936699,L2,-0....
Get Checksum: -860229079
GetData ===>> H2,-0.157493489235411,H1,-0.0795942225238598,AX,0.00189135038481181,L1,-0.0189601958507921,L2,-0....
GetData ===>> H2,-0.220049506119996,H1,0.0234159616438802,AX,-0.0701242459741108,L1,-0.0673836295921971,L2,-0.0...
GetData ===>> H2,-0.291276104191255,H1,0.0370544509509021,AX,-0.0722804130615732,L1,-0.0638079711118846,L2,-0.0...
Get Checksum: -860229079
GetData ===>> H2,-0.267567198168991,H1,-0.00528680871749716,AX,-0.169722457076976,L1,-0.0533868507005846,L2,-0....
GetData ===>> H2,-0.255645127368487,H1,-0.0665777184789771,AX,-0.0915678684153093,L1,-0.0153287353628075,L2,0.0...
GetData ===>> H2,-0.369878386196309,H1,-0.048003620844894,AX,-0.0252744138910949,L1,-0.0126177707497318,L2,0.00...
Get Checksum: -860229079
GetData ===>> H2,-0.379931668463168,H1,0.0400258118929077,AX,-0.0437826922765577,L1,-0.00582029083226847,L2,0.0...
GetData ===>> H2,-0.386953589437378,H1,0.0310881290317646,AX,-0.0138731398016876,L1,-0.0229487343172838,L2,-0.0...
GetData ===>> H2,-0.307647881509053,H1,0.0308375512912519,AX,-0.0325923306289436,L1,-0.0511629592759091,L2,0.00...
Get Checksum: -860229079
GetData ===>> H2,-0.159526310555365,H1,0.0429017914051812,AX,-0.175576029138336,L1,-0.00285357314067142,L2,-0.0...
GetData ===>> H2,-0.164052586594692,H1,-0.0403130783446002,AX,0.0163588796212586,L1,-0.0459883232623939,L2,-0.0...
GetData ===>> H2,-0.133470835199221,H1,-0.0503404748240619,AX,-0.10628589009328,L1,-0.0532277613196665,L2,-0.07...
Get Checksum: -860229079
GetData ===>> H2,-0.203126659132855,H1,-0.00531066462132728,AX,-0.0272692096132348,L1,0.00993422205581198,L2,-0...
GetData ===>> H2,-0.141637815682406,H1,-0.165186982315002,AX,-0.0664261922540998,L1,0.0329756128018423,L2,-0.00...
GetData ===>> H2,-0.238238626187644,H1,-0.130564557825852,AX,-0.068095550520207,L1,-0.0073758786762672,L2,-0.00...
GetData ===>> H2,-0.258192234848203,H1,0.00584259042051301,AX,-0.0806148247116492,L1,-0.0483174786717221,L2,0.0...
GetData ===>> H2,-0.223390141926538,H1,-0.0502450940971897,AX,-0.175309438464399,L1,-0.057823368415123,L2,0.010...
Get Checksum: -860229079
04:40:09 -- collecting point 25
GetData ===>> H2,-0.150834680202676,H1,-0.0121928554520643,AX,-0.0638293558038116,L1,-0.0172573623897247,L2,-0....
GetData ===>> H2,-0.188856561503626,H1,-0.0649564968361769,AX,-0.0138383424143094,L1,-0.0103604469721713,L2,0.1...
GetData ===>> H2,-0.182806114804396,H1,-0.107218883041615,AX,-0.0850077808084078,L1,-0.0256032867572717,L2,-0.0...
Get Checksum: -860229079
GetData ===>> H2,-0.102534040048405,H1,0.0307898222690064,AX,0.0302019207469247,L1,-0.0558592298218078,L2,-0.08...
GetData ===>> H2,-0.116597886235384,H1,-0.0766620809038663,AX,-0.13270320944797,L1,-0.0380955825798604,L2,-0.05...
GetData ===>> H2,-0.246679307482999,H1,-0.0595800517898979,AX,-0.0980232118830029,L1,-0.00985808460259486,L2,0....
Get Checksum: -860229079
GetData ===>> H2,-0.248772462389287,H1,-0.0173690961986271,AX,0.0384065631366241,L1,0.015558576930136,L2,-0.049...
GetData ===>> H2,-0.190621452523586,H1,-0.0117873321971327,AX,-0.109240815025595,L1,0.0206658327113399,L2,-0.03...
GetData ===>> H2,-0.188607108566519,H1,-0.0145782531069337,AX,-0.0710632278366856,L1,0.0310914653123159,L2,-0.0...
Get Checksum: -860229079
GetData ===>> H2,-0.214680881322136,H1,0.0274249835438003,AX,-0.0663218564115932,L1,-0.0173317174735716,L2,-0.1...
GetData ===>> H2,-0.209573474019643,H1,-0.0595919732736093,AX,-0.114061205810673,L1,-0.0320000958835766,L2,0.03...
GetData ===>> H2,-0.164344193937819,H1,0.0213279929855982,AX,-0.0666812349538262,L1,-0.0161119848223874,L2,-0.0...
Get Checksum: -860229079
GetData ===>> H2,-0.158494412274481,H1,0.0410401520831051,AX,-0.114385646611406,L1,-0.030528231921953,L2,0.0372...
GetData ===>> H2,-0.0684739021232817,H1,0.00442301621548253,AX,-0.0632612885922563,L1,-0.101779922465956,L2,-0....
GetData ===>> H2,-0.0967597626051302,H1,0.0243108186856357,AX,-0.0347493294554533,L1,-0.0393952993717254,L2,-0....
Get Checksum: -860229079
GetData ===>> H2,-0.106052676202154,H1,0.00845513674121459,AX,-0.131567875716326,L1,-0.0161587619572635,L2,0.02...
GetData ===>> H2,-0.149881297887111,H1,0.0482482301124023,AX,-0.138489724571004,L1,-0.00310433239466629,L2,-0.0...
Get Checksum: -860229079
GetData ===>> H2,-0.192623306657852,H1,0.00914705540606704,AX,-0.0511571909346497,L1,0.0191989734474214,L2,-0.0...
GetData ===>> H2,-0.249295690479679,H1,-0.000921082595550637,AX,-0.144426338785832,L1,-0.0143568714092402,L2,-0...
GetData ===>> H2,-0.291229113338517,H1,-0.00805405563857313,AX,-0.136889559529103,L1,-0.0321330201001325,L2,-0....
Get Checksum: -860229079
GetData ===>> H2,-0.264028881119429,H1,0.00616468148753064,AX,-0.0989387465627113,L1,-0.0519513665815046,L2,0.0...
GetData ===>> H2,-0.246544772686252,H1,0.0125947903848679,AX,-0.110492285588495,L1,-0.00933531336794369,L2,-0.0...
GetData ===>> H2,-0.187118367005083,H1,-0.0558843233726013,AX,-0.0479686004999103,L1,0.017817605845785,L2,-0.05...
Get Checksum: -860229079
GetData ===>> H2,-0.218288539793278,H1,-0.0383814073685372,AX,0.0378262969652219,L1,0.00258307874791845,L2,0.01...
GetData ===>> H2,-0.243561724422324,H1,0.0120340779949714,AX,-0.0861900200816339,L1,-0.0325293872854924,L2,0.01...
04:40:35 -- collecting point 50
GetData ===>> H2,-0.19061336350578,H1,-0.0288894453168929,AX,-0.0977682513246295,L1,-0.0401199532642536,L2,-0.0...
Get Checksum: -860229079
GetData ===>> H2,-0.196156894404496,H1,0.0016674296376308,AX,-0.0788297674111184,L1,-0.0471948596610328,L2,0.03...
GetData ===>> H2,-0.21767139562912,H1,-0.0773653259541927,AX,-0.0585659122066586,L1,-0.0426696009165168,L2,-0.0...
GetData ===>> H2,-0.240106754530043,H1,-0.0298673020955985,AX,-0.00475579895023367,L1,0.00264190184745768,L2,0....
Get Checksum: -860229079
GetData ===>> H2,-0.267409933329759,H1,-0.08144166600601,AX,0.0576898215941129,L1,-0.0300371634656966,L2,-0.081...
GetData ===>> H2,-0.164835589333351,H1,-0.0635379063522066,AX,0.00480324638364542,L1,-0.018169973062558,L2,-0.0...
GetData ===>> H2,-0.20239873596706,H1,-0.0188121939417083,AX,-0.122449970233115,L1,-0.0168088216806416,L2,-0.01...
Get Checksum: -860229079
GetData ===>> H2,-0.191469419153123,H1,-0.0352214948377004,AX,-0.183144581205802,L1,-0.0527624403203573,L2,-0.0...
GetData ===>> H2,-0.18453283147858,H1,-0.0298792271193225,AX,-0.12561294912549,L1,-0.0129042456341442,L2,-0.097...
GetData ===>> H2,-0.206207681721506,H1,-0.00157714649200431,AX,-0.0582412852190975,L1,-0.0140392772486964,L2,-0...
Get Checksum: -860229079
GetData ===>> H2,-0.163027851271621,H1,-0.0078870687691744,AX,-0.00741221161038322,L1,0.0334575208158223,L2,-0....
measurement finished
estimated time: 62.915 actual time: :63.135
flush and close file /Users/jan/PychronDev/data/isotopes/e0/9e5157-71f5-4188-a5a9-8e0af547709e.h5
activate_detectors ('H1', 'AX', 'CDD') {'peak_center': True}
peak_center () {'detector': 'H1', 'isotope': 'Ar40'}
peak center: mean=76.3168539502 threshold=3
peak center started
setup peak center. detector=['H1', 'AX', 'CDD'], isotope=Ar40
VersionedUnpickler [<apptools.sweet_pickle.versioned_unpickler.VersionedUnpickler object at 0x1515af7d0>] using Updater [<apptools.sweet_pickle.updater.Updater object at 0x12ce00cb0>]
VersionedUnpickler [<apptools.sweet_pickle.versioned_unpickler.VersionedUnpickler object at 0x1515af7d0>] using Updater [<apptools.sweet_pickle.updater.Updater object at 0x12ce00cb0>]
VersionedUnpickler [<apptools.sweet_pickle.versioned_unpickler.VersionedUnpickler object at 0x1515af7d0>] using Updater [<apptools.sweet_pickle.updater.Updater object at 0x12ce00cb0>]
setting integration time = 0.524288
SetIntegrationTime 0.524288 ===>> OK
Mapping mass to dac mass func: "parabolic"
H1 map mass coeffs = [-0.00063987  0.15840543  0.57032999]
H1 map mass to dac 39.9624 >> 5.87872
GetDeflection H1 ===>> 0
GetHighVoltage ===>> 4499.94659342336
do peak center. <pychron.spectrometer.jobs.peak_center.PeakCenter object at 0x12ce00b30>
doing pc
starting peak center. center dac= 5.87868538077 step_width=0.001
width = 0.001
get scan parameters. half-width=0.015,window=0.015, i=0, scalar=1
Scan parameters center=5.87869 width=0.03000 (5.86369 - 5.89369)
GetData ===>> H2,-0.14798644887249,H1,0.0247045583180007,AX,-0.0785167994452272,L1,-0.00298435266954693,L2,-0.0...
Moving to starting dac 5.86368538077
setting magnet DAC
current  : 5.239345
requested: 5.863685
Delta Dac: 0.624340
Checking detector protection. dv=0.62434
Checking detector "CDD". Protection Threshold: 0.1 (V)
ProtectDetector CDD,On ===>> OK
GetDeflection CDD ===>> 2000
SetMagnetDAC 5.86368538077 ===>> OK
Magnet settling time: 0.500
GetMagnetMoving ===>> True
GetMagnetMoving ===>> True
GetMagnetMoving ===>> True
Get Checksum: -860229079
GetMagnetMoving ===>> True
GetMagnetMoving ===>> True
GetMagnetMoving ===>> True
GetMagnetMoving ===>> True
GetMagnetMoving ===>> True
GetMagnetMoving ===>> False
ProtectDetector CDD,Off ===>> OK
GetDeflection CDD ===>> 50
Wait until signal near baseline. tol= 0.0185284187385. timeout= 10
GetData ===>> H2,0.303438555520235,H1,0.239008107943639,AX,-0.00657701544337349,L1,0.0411134513968991,L2,-0.112...
GetData ===>> H2,4.28468905150659,H1,2.58689032307251,AX,0.139430827375822,L1,0.00247143585074826,L2,-0.0718236...
GetData ===>> H2,4.35114090783268,H1,2.59404063790545,AX,0.409536032475335,L1,-0.00490145757285652,L2,-0.088775...
GetData ===>> H2,2.23513715586236,H1,1.17722187154958,AX,0.137274114487375,L1,-0.0396216844639388,L2,-0.0832239...
Get Checksum: -860229079
GetData ===>> H2,0.858536455703435,H1,0.616412073753359,AX,0.0988787045436007,L1,-0.0513053317896846,L2,0.09168...
GetData ===>> H2,0.204648920343095,H1,0.279449843988844,AX,-0.012933605976823,L1,-0.0133549176495662,L2,-0.0260...
GetData ===>> H2,-0.0253086596340628,H1,0.186391440148603,AX,-0.0757116342122402,L1,-0.0206467655496409,L2,0.07...
GetData ===>> H2,-0.161334607246812,H1,0.106648152899491,AX,0.0217078851255938,L1,-0.0375229351183599,L2,-0.030...
GetData ===>> H2,-0.188940422188321,H1,0.0657335555011464,AX,-0.0976407707948255,L1,-0.0275096439310934,L2,-0.1...
GetData ===>> H2,-0.196312004558362,H1,-0.0178342291485166,AX,0.0024017959766283,L1,-0.0563863501577292,L2,-0.0...
Peak center baseline intensity achieved
_do_sweep sm= 5.86368538077, em= 5.89368538077, stm= 0.001
calculated step values: start=5.86368538077, end=5.89368538077, width=0.001, nsteps=31.0
setting magnet DAC
current  : 5.863685
requested: 5.863685
Delta Dac: 0.000000
Checking detector protection. dv=0.00000
Checking detector "CDD". Protection Threshold: 0.1 (V)
Get Checksum: -860229079
SetMagnetDAC 5.86368538077 ===>> OK
GetData ===>> H2,-0.196312004558362,H1,-0.0178342291485166,AX,0.0024017959766283,L1,-0.0563863501577292,L2,-0.0...
setting magnet DAC
current  : 5.863685
requested: 5.864720
Delta Dac: 0.001034
Checking detector protection. dv=0.00103
Checking detector "CDD". Protection Threshold: 0.1 (V)
SetMagnetDAC 5.86471986353 ===>> OK
Magnet settling time: 1.049
GetData ===>> H2,-0.170788690118146,H1,0.0602906968843577,AX,0.00690311388913325,L1,-0.0348341707135306,L2,-0.1...
setting magnet DAC
current  : 5.864720
requested: 5.865754
Delta Dac: 0.001034
Checking detector protection. dv=0.00103
Checking detector "CDD". Protection Threshold: 0.1 (V)
SetMagnetDAC 5.86575434629 ===>> OK
Magnet settling time: 1.049
GetData ===>> H2,-0.192614680923117,H1,0.331972054192265,AX,0.00578936636641006,L1,-0.0107297092880733,L2,-0.13...
setting magnet DAC
current  : 5.865754
requested: 5.866789
Delta Dac: 0.001034
Checking detector protection. dv=0.00103
Checking detector "CDD". Protection Threshold: 0.1 (V)
SetMagnetDAC 5.86678882905 ===>> OK
Magnet settling time: 1.049
Get Checksum: -860229079
GetData ===>> H2,-0.167118138508692,H1,1.37885975050807,AX,0.168400341124979,L1,-0.0110941627051569,L2,-0.09783...
setting magnet DAC
current  : 5.866789
requested: 5.867823
Delta Dac: 0.001034
Checking detector protection. dv=0.00103
Checking detector "CDD". Protection Threshold: 0.1 (V)
SetMagnetDAC 5.8678233118 ===>> OK
Magnet settling time: 1.049
GetData ===>> H2,-0.099960329464536,H1,4.59194561286529,AX,0.759247616810763,L1,-0.0124008115404951,L2,0.100370...
setting magnet DAC
current  : 5.867823
requested: 5.868858
Delta Dac: 0.001034
Checking detector protection. dv=0.00103
Checking detector "CDD". Protection Threshold: 0.1 (V)
SetMagnetDAC 5.86885779456 ===>> OK
Magnet settling time: 1.049
GetData ===>> H2,-0.153869976070492,H1,12.9701952125606,AX,2.25529519263499,L1,0.0199247862098181,L2,-0.0322647...
setting magnet DAC
current  : 5.868858
requested: 5.869892
Delta Dac: 0.001034
Checking detector protection. dv=0.00103
Checking detector "CDD". Protection Threshold: 0.1 (V)
SetMagnetDAC 5.86989227732 ===>> OK
Magnet settling time: 1.049
Get Checksum: -860229079
GetData ===>> H2,-0.0231043389497441,H1,36.9838893701126,AX,7.68082350078179,L1,0.0162768914852835,L2,-0.029532...
setting magnet DAC
current  : 5.869892
requested: 5.870927
Delta Dac: 0.001034
Checking detector protection. dv=0.00103
Checking detector "CDD". Protection Threshold: 0.1 (V)
SetMagnetDAC 5.87092676008 ===>> OK
Magnet settling time: 1.049
GetData ===>> H2,-0.258112940436616,H1,55.0927400412612,AX,12.6494357657522,L1,0.0850728605649659,L2,0.09364519...
setting magnet DAC
current  : 5.870927
requested: 5.871961
Delta Dac: 0.001034
Checking detector protection. dv=0.00103
Checking detector "CDD". Protection Threshold: 0.1 (V)
SetMagnetDAC 5.87196124284 ===>> OK
Magnet settling time: 1.049
GetData ===>> H2,-0.0702952756163595,H1,66.7490288239406,AX,16.4239104071567,L1,0.106867790321785,L2,0.06335427...
setting magnet DAC
current  : 5.871961
requested: 5.872996
Delta Dac: 0.001034
Checking detector protection. dv=0.00103
Checking detector "CDD". Protection Threshold: 0.1 (V)
SetMagnetDAC 5.8729957256 ===>> OK
Magnet settling time: 1.049
Get Checksum: -860229079
GetData ===>> H2,-0.16126708828435,H1,71.7766645547628,AX,18.3191155148484,L1,0.158326181703898,L2,0.0846868389...
setting magnet DAC
current  : 5.872996
requested: 5.874030
Delta Dac: 0.001034
Checking detector protection. dv=0.00103
Checking detector "CDD". Protection Threshold: 0.1 (V)
SetMagnetDAC 5.87403020836 ===>> OK
Magnet settling time: 1.049
GetData ===>> H2,-0.0621589754995824,H1,73.5015200107308,AX,19.2172700116193,L1,0.210712076879276,L2,0.14383207...
setting magnet DAC
current  : 5.874030
requested: 5.875065
Delta Dac: 0.001034
Checking detector protection. dv=0.00103
Checking detector "CDD". Protection Threshold: 0.1 (V)
SetMagnetDAC 5.87506469111 ===>> OK
Magnet settling time: 1.049
GetData ===>> H2,-0.24050654606982,H1,74.0332868530479,AX,19.4532201235617,L1,0.237006267700358,L2,0.1472989246...
setting magnet DAC
current  : 5.875065
requested: 5.876099
Delta Dac: 0.001034
Checking detector protection. dv=0.00103
Checking detector "CDD". Protection Threshold: 0.1 (V)
Get Checksum: -860229079
SetMagnetDAC 5.87609917387 ===>> OK
Magnet settling time: 1.049
GetData ===>> H2,-0.311342069181121,H1,74.0401510800054,AX,19.5606313235941,L1,0.206321376455889,L2,0.194433209...
setting magnet DAC
current  : 5.876099
requested: 5.877134
Delta Dac: 0.001034
Checking detector protection. dv=0.00103
Checking detector "CDD". Protection Threshold: 0.1 (V)
SetMagnetDAC 5.87713365663 ===>> OK
Magnet settling time: 1.049
GetData ===>> H2,-0.282318792500329,H1,74.1891655341961,AX,19.5368946371686,L1,0.20759504148236,L2,0.1814267568...
setting magnet DAC
current  : 5.877134
requested: 5.878168
Delta Dac: 0.001034
Checking detector protection. dv=0.00103
Checking detector "CDD". Protection Threshold: 0.1 (V)
SetMagnetDAC 5.87816813939 ===>> OK
Magnet settling time: 1.049
Get Checksum: -860229079
GetData ===>> H2,-0.069744690102206,H1,74.2647698736795,AX,19.4685470558169,L1,0.222913295733665,L2,0.175243606...
setting magnet DAC
current  : 5.878168
requested: 5.879203
Delta Dac: 0.001034
Checking detector protection. dv=0.00103
Checking detector "CDD". Protection Threshold: 0.1 (V)
SetMagnetDAC 5.87920262215 ===>> OK
Magnet settling time: 1.049
GetData ===>> H2,-0.171657573085244,H1,74.08897963071,AX,19.5311016423969,L1,0.21640609789347,L2,0.216959089368...
setting magnet DAC
current  : 5.879203
requested: 5.880237
Delta Dac: 0.001034
Checking detector protection. dv=0.00103
Checking detector "CDD". Protection Threshold: 0.1 (V)
SetMagnetDAC 5.88023710491 ===>> OK
Magnet settling time: 1.049
GetData ===>> H2,-0.0368180182438407,H1,74.1008334864172,AX,19.3999881950457,L1,0.157849604122638,L2,0.16938025...
setting magnet DAC
current  : 5.880237
requested: 5.881272
Delta Dac: 0.001034
Checking detector protection. dv=0.00103
Checking detector "CDD". Protection Threshold: 0.1 (V)
SetMagnetDAC 5.88127158767 ===>> OK
Magnet settling time: 1.049
Get Checksum: -860229079
GetData ===>> H2,-0.0992380417289614,H1,74.2407079426762,AX,19.4328471163219,L1,0.242645974850135,L2,0.17268832...
setting magnet DAC
current  : 5.881272
requested: 5.882306
Delta Dac: 0.001034
Checking detector protection. dv=0.00103
Checking detector "CDD". Protection Threshold: 0.1 (V)
SetMagnetDAC 5.88230607042 ===>> OK
Magnet settling time: 1.049
GetData ===>> H2,-0.219317572325246,H1,73.8847115695602,AX,19.4851515829157,L1,0.264873054868913,L2,0.165456336...
setting magnet DAC
current  : 5.882306
requested: 5.883341
Delta Dac: 0.001034
Checking detector protection. dv=0.00103
Checking detector "CDD". Protection Threshold: 0.1 (V)
SetMagnetDAC 5.88334055318 ===>> OK
Magnet settling time: 1.049
GetData ===>> H2,-0.18746391778591,H1,73.5278671314259,AX,19.2704775617866,L1,0.238810857483776,L2,0.3010126122...
setting magnet DAC
current  : 5.883341
requested: 5.884375
Delta Dac: 0.001034
Checking detector protection. dv=0.00103
Checking detector "CDD". Protection Threshold: 0.1 (V)
SetMagnetDAC 5.88437503594 ===>> OK
Magnet settling time: 1.049
Get Checksum: -860229079
GetData ===>> H2,-0.146109331994653,H1,71.8566784746822,AX,18.5987254400439,L1,0.194332985763645,L2,0.162239760...
setting magnet DAC
current  : 5.884375
requested: 5.885410
Delta Dac: 0.001034
Checking detector protection. dv=0.00103
Checking detector "CDD". Protection Threshold: 0.1 (V)
SetMagnetDAC 5.8854095187 ===>> OK
Magnet settling time: 1.049
GetData ===>> H2,-0.246024107914795,H1,66.9167195990105,AX,16.2170935237966,L1,0.227971125609528,L2,0.144516309...
setting magnet DAC
current  : 5.885410
requested: 5.886444
Delta Dac: 0.001034
Checking detector protection. dv=0.00103
Checking detector "CDD". Protection Threshold: 0.1 (V)
SetMagnetDAC 5.88644400146 ===>> OK
Magnet settling time: 1.049
Get Checksum: -860229079
GetData ===>> H2,-0.106283120633881,H1,55.7411373527328,AX,12.0351852698376,L1,0.182236759123377,L2,0.062761773...
setting magnet DAC
current  : 5.886444
requested: 5.887478
Delta Dac: 0.001034
Checking detector protection. dv=0.00103
Checking detector "CDD". Protection Threshold: 0.1 (V)
SetMagnetDAC 5.88747848422 ===>> OK
Magnet settling time: 1.049
GetData ===>> H2,-0.138662360081622,H1,38.8304968794035,AX,7.39014344664136,L1,0.143511945384893,L2,-0.04253157...
setting magnet DAC
current  : 5.887478
requested: 5.888513
Delta Dac: 0.001034
Checking detector protection. dv=0.00103
Checking detector "CDD". Protection Threshold: 0.1 (V)
SetMagnetDAC 5.88851296698 ===>> OK
Magnet settling time: 1.049
GetData ===>> H2,-0.303998042153246,H1,21.4554942331963,AX,3.46385763371059,L1,0.0493102417632264,L2,-0.0771257...
setting magnet DAC
current  : 5.888513
requested: 5.889547
Delta Dac: 0.001034
Checking detector protection. dv=0.00103
Checking detector "CDD". Protection Threshold: 0.1 (V)
SetMagnetDAC 5.88954744973 ===>> OK
Magnet settling time: 1.049
Get Checksum: -860229079
GetData ===>> H2,-0.160003059049665,H1,4.86685219880478,AX,0.563864088551814,L1,0.031246461608797,L2,-0.0515227...
setting magnet DAC
current  : 5.889547
requested: 5.890582
Delta Dac: 0.001034
Checking detector protection. dv=0.00103
Checking detector "CDD". Protection Threshold: 0.1 (V)
SetMagnetDAC 5.89058193249 ===>> OK
Magnet settling time: 1.049
GetData ===>> H2,-0.200319853033193,H1,1.4683865504532,AX,0.0434782366817241,L1,-0.0111708880587224,L2,-0.04794...
setting magnet DAC
current  : 5.890582
requested: 5.891616
Delta Dac: 0.001034
Checking detector protection. dv=0.00103
Checking detector "CDD". Protection Threshold: 0.1 (V)
SetMagnetDAC 5.89161641525 ===>> OK
Magnet settling time: 1.049
GetData ===>> H2,-0.139983082677451,H1,0.283174933123642,AX,-0.0267589169248501,L1,-0.0108711763262824,L2,0.046...
setting magnet DAC
current  : 5.891616
requested: 5.892651
Delta Dac: 0.001034
Checking detector protection. dv=0.00103
Checking detector "CDD". Protection Threshold: 0.1 (V)
SetMagnetDAC 5.89265089801 ===>> OK
Magnet settling time: 1.049
Get Checksum: -860229079
GetData ===>> H2,-0.210648484006641,H1,0.0268761198700897,AX,-0.139260081739865,L1,-0.0239590601523267,L2,-0.07...
setting magnet DAC
current  : 5.892651
requested: 5.893685
Delta Dac: 0.001034
Checking detector protection. dv=0.00103
Checking detector "CDD". Protection Threshold: 0.1 (V)
SetMagnetDAC 5.89368538077 ===>> OK
Magnet settling time: 1.049
GetData ===>> H2,-0.144918900904883,H1,-0.0374394061462223,AX,-0.143685141505437,L1,-0.0171920037702226,L2,-0.0...
result of _do_sweep=True
result of _calculate_peak_center=([5.8709298697471333, 5.878715440889418, 5.8865010120317027], [55.043727578131012, 74.26371301851124, 54.809188228447084], 5.8781743587250892, 74.26371301851124)
Failed to find a valid peak. No peak greater than 1.0. max = 0.0210601581987
new center pos Detector(H1) (Ar40) @ 5.87871544089
GetHighVoltage ===>> 4499.94659342336
GetDeflection H1 ===>> 0
dac uncorrected for HV and deflection 5.8787500603
update mftable H1 Ar40 5.8787500603 message=automated run peakcenter
get initial guess parabolic
get initial guess parabolic
get initial guess parabolic
get initial guess parabolic
get initial guess parabolic
get initial guess parabolic
dump mftable to /Users/jan/PychronDev/setupfiles/spectrometer/mftables/mftable.csv
add to repo msg=modified - automated run peakcenter
sweep finished
locally archiving mftable
setting magnet DAC
Get Checksum: -860229079
current  : 5.893685
requested: 5.878715
Delta Dac: 0.014970
Checking detector protection. dv=0.01497
Checking detector "CDD". Protection Threshold: 0.1 (V)
SetMagnetDAC 5.87871544089 ===>> OK
Magnet settling time: 0.500
setting integration time = 1.048576
SetIntegrationTime 1.048576 ===>> OK
Failed to find a valid peak. No peak greater than 1.0. max = 0.0210601581987
flush and close file /Users/jan/PychronDev/data/isotopes/e0/9e5157-71f5-4188-a5a9-8e0af547709e.h5
finished measure script
executed 278.04
jan_co2_whiff_120_60_large.py completed successfully
Measurement Finished
04:41:28 -- ******* Measurement Finished *******
Post Measurement Started jan_pump_ms.py
04:41:28 -- ******* Post Measurement Started jan_pump_ms.py *******
testing...
no interpolation path defined
executed 0
Pumping spectrometer
open () {'name': 'O'}
opening name=O desc=---
checking ownership. requestor=129.138.12.150
check software interlocks O
interlocks []
actuate state mode=None-script, software_lock=False
doing actuation None-script open_channel True
Open O ===>> OK
GetIndicatorState O ===>> OK
change switch state (True, True)
update switch state O True args=() kw={} ncanvase=2
04:41:28 -- OPEN   VALVE-O (Jan Ion Pump)
---------------------------------------- open O () result=[(True, True)], time=0.12 sec
action=open, ok=True, locked=[False]
executed 0
jan_pump_ms.py completed successfully
setting _ms_pumptime
Post Measurement Finished
04:41:28 -- ******* Post Measurement Finished *******
$$$$$$$$$$$$$$$$$$$$ state at run end measurement
state changed from measurement to success
post measurement save measured=True aborted=False
Set filtering
setting fod for Ar40= {'filter_outliers': True, 'std_devs': 2, 'iterations': 1}
setting fod for H1= {'filter_outliers': True, 'std_devs': 2, 'iterations': 1}
setting fod for PM41= {'filter_outliers': False, 'std_devs': 2, 'iterations': 1}
setting fod for H2= {'filter_outliers': True, 'std_devs': 2, 'iterations': 1}
setting fod for Ar36= {'filter_outliers': True, 'std_devs': 2, 'iterations': 1}
setting fod for CDD= {'filter_outliers': True, 'std_devs': 10, 'iterations': 1}
setting fod for Ar37= {'filter_outliers': True, 'std_devs': 2, 'iterations': 1}
setting fod for L2= {'filter_outliers': True, 'std_devs': 2, 'iterations': 1}
setting fod for Ar38= {'filter_outliers': True, 'std_devs': 2, 'iterations': 1}
setting fod for L1= {'filter_outliers': True, 'std_devs': 2, 'iterations': 1}
setting fod for Ar39= {'filter_outliers': True, 'std_devs': 2, 'iterations': 1}
setting fod for AX= {'filter_outliers': True, 'std_devs': 2, 'iterations': 1}
persistence save...
persistence save - db
post measurement save
5731900304 connecting to database sqlite:////Users/jan/PychronDev/.appdata/local_lab.db
connected to db sqlite:////Users/jan/PychronDev/.appdata/local_lab.db
create new session 5731900304
close session 5731900304
No database instance. Not saving post measurement to isotopedb database
$$$$$$$$$$$$$$$ auto_save_detector_ic=False
massspec enabled True
create new session 5010684144
MassSpec Database Version: 16.0
close session 5010684144
saving post measurement to secondary database
saving to massspec database 129.138.12.160/massspecdata
setting labnumber to 65518
setting aliquot to 10
setting step to 
setting uuid to e09e5157-71f5-4188-a5a9-8e0af547709e
setting irradpos to 65518
setting extract_device to Fusions CO2
setting tray to 
setting position to 174
setting power_requested to 5.0
setting extract_value to 5.0
setting duration to 30.0
setting duration_at_request to 30.0
setting first_stage_delay to 30.0
setting cleanup to 30.0
setting comment to F:20
setting irradiation to NM-289
setting level to F
setting irradiation_level to F
setting sample to MB-64b-djk
setting material to DetritalSanidine
setting project to IR943
setting mass_spectrometer to Jan
no attribute chron_dosages
no attribute production_ratios
no attribute interference_corrections
no attribute production_name
no attribute j
Reference Isotope=Ar40
Reference Detector=H1
%%%%%%%%%%%%%%%%%%%% Comment: F:20 %%%%%%%%%%%%%%%%%%%
adding isotope PM41 H2
add baseline dbdet= PM41. original det= H2
get baseline data PM41 H2
Get data baseline <pychron.processing.isotope.Baseline object at 0x14b95f090> len t=60
baseline PM41. v=-0.1962292474, e=0.00680183481222
get signal data PM41 H2
Get data signal PM41 0.12+/-0.08 len t=120
adding isotope Ar40 H1
add baseline dbdet= Ar40. original det= H1
get baseline data Ar40 H1
Get data baseline <pychron.processing.isotope.Baseline object at 0x14b95f250> len t=60
baseline Ar40. v=-0.0179636759129, e=0.00506190617303
get signal data Ar40 H1
Get data signal Ar40 78.629+/-0.017 len t=120
adding isotope Ar39 AX
add baseline dbdet= Ar39. original det= AX
get baseline data Ar39 AX
Get data baseline <pychron.processing.isotope.Baseline object at 0x14b95f410> len t=60
baseline Ar39. v=-0.07220028038, e=0.00734722438736
get signal data Ar39 AX
Get data signal Ar39 21.397+/-0.015 len t=120
adding isotope Ar38 L1
add baseline dbdet= Ar38. original det= L1
get baseline data Ar38 L1
Get data baseline <pychron.processing.isotope.Baseline object at 0x14b95f5d0> len t=60
baseline Ar38. v=-0.024741909552, e=0.00296691967965
get signal data Ar38 L1
Get data signal Ar38 0.283+/-0.006 len t=120
adding isotope Ar37 L2
add baseline dbdet= Ar37. original det= L2
get baseline data Ar37 L2
Get data baseline <pychron.processing.isotope.Baseline object at 0x14b95f790> len t=60
baseline Ar37. v=-0.0269067373322, e=0.0056216128769
get signal data Ar37 L2
Get data signal Ar37 0.257+/-0.011 len t=120
adding isotope Ar36 CDD
add baseline dbdet= Ar36. original det= CDD
get baseline data Ar36 CDD
Get data baseline <pychron.processing.isotope.Baseline object at 0x14b95f950> len t=60
baseline Ar36. v=2.48109018669e-05, e=7.22273277694e-06
get signal data Ar36 CDD
Get data signal Ar36 0.0117+/-0.0004 len t=120
65518-10 added analysis time 0.507196903229s
analysis added to mass spec database
mass spec save time= 0.528
persistence save - dvc
================= post measurement started
create new session 4983034992
close session 4983034992
---------------- Experiment Queue saving disabled
DVC saving peakcenter
Failed to find a valid peak. No peak greater than 1.0. max = 0.0210601581987
Get Checksum: -1965264452
Smart pull ahead: 0 behind: 0
Up-to-date with origin
add to repo msg=modified - ad8224ebc6dbfeb9f5997218dfa5fe690569839d.json
add to repo msg=modified - 18-10.json
add to repo msg=modified - 18-10.dat.json
add to repo msg=modified - 18-10.blan.json
add to repo msg=modified - 18-10.inte.json
add to repo msg=modified - 18-10.icfa.json
add to repo msg=modified - 18-10.base.json
not at valid file /Users/jan/PychronDev/data/.dvc/repositories/Load1782/655/tags/18-10.tags.json
add to repo msg=modified - 18-10.peak.json
add to repo msg=modified - 18-10.extr.json
not at valid file /Users/jan/PychronDev/data/.dvc/repositories/Load1782/655/monitor/18-10.moni.json
commit message=<COLLECTION>
add to repo msg=modified - 18-10.inte.json
add to repo msg=modified - 18-10.base.json
commit message=<ISOEVO> default collection fits
Get Checksum: -1965264452
add to repo msg=modified - 18-10.blan.json
commit message=<BLANKS> preceding bc-02-J-248
add to repo msg=modified - 18-10.icfa.json
commit message=<ICFactor> default
push repository <pychron.git_archive.repo_manager.GitRepoManager object at 0x1663a03b0>
pushing to remote=origin, url=https://github.com
Get Checksum: -1965264452
no changes to meta repo
Get Checksum: -1965264452
create new session 4983034992
add association Load1782
get identifier "65518"
setting analysis irradiation position=<pychron.dvc.dvc_orm.IrradiationPositionTbl object at 0x15cb16e10>
close session 4983034992
================= post measurement finished
04:41:41 -- ******* Post Run Check *******
loading queue conditionals post_run_actions
loading system conditionals post_run_actions
loading conditionals from /Users/jan/PychronDev/setupfiles/spectrometer/default_conditionals.yaml
loading queue conditionals post_run_terminations
loading system conditionals post_run_terminations
loading conditionals from /Users/jan/PychronDev/setupfiles/spectrometer/default_conditionals.yaml
Checking default post run terminations n=1
GetDeflection CDD ===>> 50
testing CDD==2000
evaluate ot="CDD.deflection==2000" t="CDD==2000", ctx="{'CDD': 50.0}"
04:41:41 -- ******* Post Run Check Passed *******
04:41:41 -- Automated run 65518-10 success duration: 365.179 s
----------------- finish -----------------
----------------- stop -----------------
retroactive repository identifiers disabled
finish run. runs completed=79
update duration runid=65518-10, duration=365.179090977, md5=3d9034cf
loading script "jan_co2_whiff_120_60_large.py"
loading script "jan_pump_ms.py"
loading script "jan_co2.py"
loading script "jan_pump_extraction_line.py"
testing...
no interpolation path defined
executed 266.04
script duration name:co2_whiff_120_60_large seconds:266.0
loading script "jan_co2_whiff_120_60_large.py"
loading script "jan_pump_ms.py"
loading script "jan_co2.py"
loading script "jan_pump_extraction_line.py"
testing...
no interpolation path defined
executed 0
loading script "jan_co2_whiff_120_60_large.py"
loading script "jan_pump_ms.py"
loading script "jan_co2.py"
loading script "jan_pump_extraction_line.py"
testing...
no interpolation path defined
calculate duration
testing...
no interpolation path defined
executed 0
calculate duration
testing...
no interpolation path defined
executed 0
executed 0.0
script duration name:co2 seconds:0.0
loading script "jan_co2_whiff_120_60_large.py"
loading script "jan_pump_ms.py"
loading script "jan_co2.py"
loading script "jan_pump_extraction_line.py"
testing...
no interpolation path defined
calculate duration
testing...
no interpolation path defined
executed 4.0
executed 4.0
Script duration 266.0
Run total estimated duration= 267.000
co2_whiff_120_60_large in script context. using previous estimated duration
script duration name:co2_whiff_120_60_large seconds:266.0
pump_ms in script context. using previous estimated duration
co2 in script context. using previous estimated duration
script duration name:co2 seconds:0.0
pump_extraction_line in script context. using previous estimated duration
Script duration 266.0
Run total estimated duration= 267.000
script duration name:co2_whiff_120_60_large seconds:266.0
script duration name:co2 seconds:0.0
Script duration 266.0
Run total estimated duration= 267.000
script duration name:co2_whiff_120_60_large seconds:266.0
script duration name:co2 seconds:0.0
Script duration 266.0
Run total estimated duration= 267.000
script duration name:co2_whiff_120_60_large seconds:266.0
script duration name:co2 seconds:0.0
Script duration 266.0
Run total estimated duration= 267.000
script duration name:co2_whiff_120_60_large seconds:266.0
script duration name:co2 seconds:0.0
Script duration 266.0
Run total estimated duration= 267.000
loading script "jan_unknown400_120.py"
loading script "jan_pump_ms.py"
loading script "jan_co2.py"
loading script "jan_pump_extraction_line.py"
testing...
no interpolation path defined
executed 556.052928
script duration name:unknown400_120 seconds:556.0
script duration name:co2 seconds:0.0
Script duration 556.0
Run total estimated duration= 557.000
unknown400_120 in script context. using previous estimated duration
script duration name:unknown400_120 seconds:556.0
loading script "jan_unknown400_120.py"
loading script "jan_pump_ms.py"
loading script "jan_cocktail_x1.py"
loading script "jan_pump_extraction_line.py"
testing...
no interpolation path defined
calculate duration
testing...
no interpolation path defined
executed 0
calculate duration
testing...
no interpolation path defined
executed 0
calculate duration
testing...
no interpolation path defined
executed 32.0
calculate duration
testing...
no interpolation path defined
executed 34.0
calculate duration
testing...
no interpolation path defined
executed 4.0
calculate duration
testing...
no interpolation path defined
executed 38.0
executed 108.0
script duration name:cocktail_x1 seconds:108.0
Script duration 664.0
Run total estimated duration= 665.000
loading script "jan_unknown120_60.py"
loading script "jan_pump_ms.py"
loading script "jan_cocktail_x1.py"
loading script "jan_pump_extraction_line.py"
testing...
no interpolation path defined
executed 213.652928
script duration name:unknown120_60 seconds:214.0
cocktail_x1 in script context. using previous estimated duration
script duration name:cocktail_x1 seconds:108.0
Script duration 322.0
Run total estimated duration= 323.000
loading script "jan_ic_peak_hop3.py"
loading script "jan_pump_ms.py"
loading script "jan_air_x1.py"
loading script "jan_pump_extraction_line.py"
testing...
no interpolation path defined
executed 133.8
script duration name:ic_peak_hop3 seconds:134.0
loading script "jan_ic_peak_hop3.py"
loading script "jan_pump_ms.py"
loading script "jan_air_x1.py"
loading script "jan_pump_extraction_line.py"
testing...
no interpolation path defined
calculate duration
testing...
no interpolation path defined
executed 0
calculate duration
testing...
no interpolation path defined
executed 0
calculate duration
testing...
no interpolation path defined
executed 32.0
calculate duration
testing...
no interpolation path defined
executed 34.0
calculate duration
testing...
no interpolation path defined
executed 4.0
calculate duration
testing...
no interpolation path defined
executed 36.0
executed 106.0
script duration name:air_x1 seconds:106.0
Script duration 240.0
Run total estimated duration= 241.000
script duration name:unknown400_120 seconds:556.0
loading script "jan_unknown400_120.py"
loading script "jan_pump_ms.py"
loading script "jan_sniffair_x2.py"
loading script "jan_pump_extraction_line.py"
testing...
no interpolation path defined
calculate duration
testing...
no interpolation path defined
executed 0
calculate duration
testing...
no interpolation path defined
executed 0
calculate duration
testing...
no interpolation path defined
executed 32.0
calculate duration
testing...
no interpolation path defined
executed 34.0
calculate duration
testing...
no interpolation path defined
executed 4.0
calculate duration
testing...
no interpolation path defined
executed 36.0
calculate duration
testing...
no interpolation path defined
executed 34.0
calculate duration
testing...
no interpolation path defined
executed 4.0
calculate duration
testing...
no interpolation path defined
executed 36.0
calculate duration
testing...
no interpolation path defined
executed 70.0
executed 250.0
script duration name:sniffair_x2 seconds:250.0
Script duration 806.0
Run total estimated duration= 807.000
script duration name:co2_whiff_120_60_large seconds:266.0
script duration name:co2 seconds:0.0
Script duration 266.0
Run total estimated duration= 267.000
script duration name:co2_whiff_120_60_large seconds:266.0
script duration name:co2 seconds:0.0
Script duration 266.0
Run total estimated duration= 267.000
script duration name:co2_whiff_120_60_large seconds:266.0
script duration name:co2 seconds:0.0
Script duration 266.0
Run total estimated duration= 267.000
script duration name:co2_whiff_120_60_large seconds:266.0
script duration name:co2 seconds:0.0
Script duration 266.0
Run total estimated duration= 267.000
script duration name:co2_whiff_120_60_large seconds:266.0
script duration name:co2 seconds:0.0
Script duration 266.0
Run total estimated duration= 267.000
script duration name:co2_whiff_120_60_large seconds:266.0
script duration name:co2 seconds:0.0
Script duration 266.0
Run total estimated duration= 267.000
script duration name:co2_whiff_120_60_large seconds:266.0
script duration name:co2 seconds:0.0
Script duration 266.0
Run total estimated duration= 267.000
script duration name:co2_whiff_120_60_large seconds:266.0
script duration name:co2 seconds:0.0
Script duration 266.0
Run total estimated duration= 267.000
script duration name:co2_whiff_120_60_large seconds:266.0
script duration name:co2 seconds:0.0
Script duration 266.0
Run total estimated duration= 267.000
script duration name:co2_whiff_120_60_large seconds:266.0
script duration name:co2 seconds:0.0
Script duration 266.0
Run total estimated duration= 267.000
script duration name:co2_whiff_120_60_large seconds:266.0
script duration name:co2 seconds:0.0
Script duration 266.0
Run total estimated duration= 267.000
script duration name:co2_whiff_120_60_large seconds:266.0
script duration name:co2 seconds:0.0
Script duration 266.0
Run total estimated duration= 267.000
script duration name:co2_whiff_120_60_large seconds:266.0
script duration name:co2 seconds:0.0
Script duration 266.0
Run total estimated duration= 267.000
script duration name:co2_whiff_120_60_large seconds:266.0
script duration name:co2 seconds:0.0
Script duration 266.0
Run total estimated duration= 267.000
script duration name:co2_whiff_120_60_large seconds:266.0
script duration name:co2 seconds:0.0
Script duration 266.0
Run total estimated duration= 267.000
script duration name:unknown400_120 seconds:556.0
script duration name:co2 seconds:0.0
Script duration 556.0
Run total estimated duration= 557.000
script duration name:unknown400_120 seconds:556.0
script duration name:cocktail_x1 seconds:108.0
Script duration 664.0
Run total estimated duration= 665.000
unknown120_60 in script context. using previous estimated duration
script duration name:unknown120_60 seconds:214.0
script duration name:cocktail_x1 seconds:108.0
Script duration 322.0
Run total estimated duration= 323.000
ic_peak_hop3 in script context. using previous estimated duration
script duration name:ic_peak_hop3 seconds:134.0
air_x1 in script context. using previous estimated duration
script duration name:air_x1 seconds:106.0
Script duration 240.0
Run total estimated duration= 241.000
script duration name:co2_whiff_120_60_large seconds:266.0
script duration name:co2 seconds:0.0
Script duration 266.0
Run total estimated duration= 267.000
script duration name:co2_whiff_120_60_large seconds:266.0
script duration name:co2 seconds:0.0
Script duration 266.0
Run total estimated duration= 267.000
script duration name:co2_whiff_120_60_large seconds:266.0
script duration name:co2 seconds:0.0
Script duration 266.0
Run total estimated duration= 267.000
script duration name:co2_whiff_120_60_large seconds:266.0
script duration name:co2 seconds:0.0
Script duration 266.0
Run total estimated duration= 267.000
script duration name:co2_whiff_120_60_large seconds:266.0
script duration name:co2 seconds:0.0
Script duration 266.0
Run total estimated duration= 267.000
script duration name:unknown400_120 seconds:556.0
sniffair_x2 in script context. using previous estimated duration
script duration name:sniffair_x2 seconds:250.0
Script duration 806.0
Run total estimated duration= 807.000
script duration name:co2_whiff_120_60_large seconds:266.0
script duration name:co2 seconds:0.0
Script duration 266.0
Run total estimated duration= 267.000
script duration name:co2_whiff_120_60_large seconds:266.0
script duration name:co2 seconds:0.0
Script duration 266.0
Run total estimated duration= 267.000
nruns=38 before=5.0, run_dur=12662.0, btw=1110.0
write rem/ex queues
/Users/jan/PychronDev/experiments/rem/CurrentExperiment.rem.txt
/Users/jan/PychronDev/experiments/rem/CurrentExperiment.ex.txt
doing event level: 3
