do run
loading script "jan_co2_whiff_120_60_large.py"
loading script "jan_pump_ms.py"
loading script "jan_co2.py"
loading script "jan_pump_extraction_line.py"
testing...
no interpolation path defined
executed 266.04
script duration name:co2_whiff_120_60_large seconds:266.0
loading script "jan_co2_whiff_120_60_large.py"
loading script "jan_pump_ms.py"
loading script "jan_co2.py"
loading script "jan_pump_extraction_line.py"
testing...
no interpolation path defined
executed 0
loading script "jan_co2_whiff_120_60_large.py"
loading script "jan_pump_ms.py"
loading script "jan_co2.py"
loading script "jan_pump_extraction_line.py"
testing...
no interpolation path defined
calculate duration
testing...
no interpolation path defined
executed 0
calculate duration
testing...
no interpolation path defined
executed 0
executed 0.0
script duration name:co2 seconds:0.0
loading script "jan_co2_whiff_120_60_large.py"
loading script "jan_pump_ms.py"
loading script "jan_co2.py"
loading script "jan_pump_extraction_line.py"
testing...
no interpolation path defined
calculate duration
testing...
no interpolation path defined
executed 4.0
executed 4.0
Script duration 266.0
Run total estimated duration= 267.000
run duration: 0:04:27
doing event level: 2
04:55:41 -- Setting default integration. t=1.048576
setting integration time = 1.048576
SetIntegrationTime 1.048576 ===>> OK
----------------- start -----------------
**************** Experiment Type: Ar/Ar, Ar/Ar
create new session 4985261232
close session 4985261232
$$$$$ Clearing conditionals
adding conditionals detrital
extract conditionals from file. /Users/jan/PychronDev/scripts/conditionals/detrital.yaml
no attr for this modification cd={'extraction_str': '', 'attr': '', 'mapper': '', 'use_termination': False, 'start_count': 0, 'nskip': 0, 'window': 0, 'frequency': 1, 'teststr': '', 'action': 'Skip Next Run', 'ntrips': 1, 'use_truncation': False}
no attr for this cancelation cd={'mapper': '', 'window': 0, 'frequency': 1, 'attr': '', 'teststr': '', 'start_count': 0, 'ntrips': 1}
adding truncation attr="age" test="age>100.0" start="60"
adding truncation attr="Ar39" test="Ar39<0.5" start="60"
no attr for this termination cd={'mapper': '', 'window': 0, 'frequency': 1, 'attr': '', 'teststr': '', 'start_count': 0, 'ntrips': 1}
Invalid conditional kind="pre_run_terminations"
no attr for this action cd={'mapper': '', 'attr': '', 'start_count': 0, 'window': 0, 'frequency': 1, 'teststr': '', 'action': None, 'ntrips': 1}
Invalid conditional kind="post_run_terminations"
Add queue conditionals
add default conditionals
adding default conditionals from /Users/jan/PychronDev/setupfiles/spectrometer/default_conditionals.yaml
Start automated run 65518-13
loading script "jan_co2_whiff_120_60_large.py"
loading script "jan_pump_ms.py"
loading script "jan_co2.py"
loading script "jan_pump_extraction_line.py"
%%%%%%%%%%%%%%%%%% setting automated run 65518-13
No value "sensitivity_multiplier" in metadata
$$$$$$$$$$$$$$$ auto_save_detector_ic=False
============================= Pre Extraction Check =============================
loading queue conditionals pre_run_terminations
loading system conditionals pre_run_terminations
loading conditionals from /Users/jan/PychronDev/setupfiles/spectrometer/default_conditionals.yaml
04:55:41 -- ******* Pre Extraction Check *******
Get a measurement from the spectrometer
GetData ===>> H2,-0.148152581585702,H1,-0.0206607598271401,AX,0.0234019915345352,L1,0.010001431668501,L2,0.1209...
Pre Extraction Termination data. keys=H2,H1,AX,L1,L2,CDD, signals=-0.14815,-0.02066,0.02340,0.01000,0.12090,0.00342
04:55:41 -- testing system defined conditionals
Checking default pre extraction terminations n=2
testing CDD
evaluate ot="CDD.inactive" t="CDD", ctx="{'CDD': False}"
GetDeflection CDD ===>> 50
testing CDD==2000
evaluate ot="CDD.deflection==2000" t="CDD==2000", ctx="{'CDD': 50.0}"
04:55:41 -- ******* Pre Extraction Check Passed *******
=================================================================================
04:55:41 -- stopping status monitor
stop 4976082864
Alive clients [4983386864]
04:55:41 -- starting status monitor
start 4976082864
Monitor already running
start extraction
do extraction
Analysis started at 04:55:41.290045
Extraction Started jan_co2.py
04:55:41 -- ******* Extraction Started jan_co2.py *******
state changed from not run to extraction
DO EXTRACTION <pychron.extraction_line.pyscript_runner.RemotePyScriptRunner object at 0x12bb183b0>
testing...
no interpolation path defined
calculate duration
testing...
no interpolation path defined
executed 0
calculate duration
testing...
no interpolation path defined
executed 0
executed 100.0
Jan CO2 laser analysis
doing GOSUB
testing...
no interpolation path defined
executed 0
Waiting for CO2 access
wait ('FelixCO2Flag', 0) {}
waiting for FelixCO2Flag = 0
Read FelixCO2Flag ===>> 0
finished waiting
CO2 free
wait ('CO2PumpTimeFlag', 0) {}
waiting for CO2PumpTimeFlag = 0
Read CO2PumpTimeFlag ===>> 0
finished waiting
acquire ('JanCO2Flag',) {'clear': True}
acquire JanCO2Flag
Set JanCO2Flag 1 ===>> OK
JanCO2Flag acquired
set extraction state False (0.75, 'red', 1.5)
CO2 acquired
executed 0
WaitForCO2Access.py completed successfully
gosub finished
doing GOSUB
testing...
no interpolation path defined
executed 0
Prepare for CO2 analysis
close () {'description': 'Jan Inlet'}
closing name=--- desc=Jan Inlet
checking ownership. requestor=129.138.12.150
check software interlocks R
interlocks []
actuate state mode=None-script, software_lock=False
doing actuation None-script close_channel False
Close R ===>> OK
GetIndicatorState R ===>> False
change switch state (True, True)
update switch state R False args=() kw={} ncanvase=2
Get Checksum: -1965264452
04:55:41 -- CLOSE  VALVE-R (Jan Inlet)
---------------------------------------- close None (Jan Inlet) result=[(True, True)]
action=close, ok=True, locked=[False]
open () {'description': 'Jan Ion Pump'}
opening name=--- desc=Jan Ion Pump
checking ownership. requestor=129.138.12.150
check software interlocks O
interlocks []
actuate state mode=None-script, software_lock=False
doing actuation None-script open_channel False
Open O ===>> OK
GetIndicatorState O ===>> OK
change switch state (True, True)
update switch state O True args=() kw={} ncanvase=2
04:55:42 -- OPEN   VALVE-O (Jan Ion Pump)
---------------------------------------- open None (Jan Ion Pump) result=[(True, True)], time=0.10 sec
action=open, ok=True, locked=[False]
close () {'description': 'Microbone to Minibone'}
closing name=--- desc=Microbone to Minibone
checking ownership. requestor=129.138.12.150
check software interlocks L
interlocks []
actuate state mode=None-script, software_lock=False
doing actuation None-script close_channel False
Close L ===>> OK
GetIndicatorState L ===>> False
change switch state (True, True)
update switch state L False args=() kw={} ncanvase=2
04:55:42 -- CLOSE  VALVE-L (Microbone to Minibone)
---------------------------------------- close None (Microbone to Minibone) result=[(True, True)]
action=close, ok=True, locked=[False]
open () {'description': 'Microbone to Turbo'}
opening name=--- desc=Microbone to Turbo
checking ownership. requestor=129.138.12.150
check software interlocks U
interlocks []
actuate state mode=None-script, software_lock=False
doing actuation None-script open_channel False
Open U ===>> OK
GetIndicatorState U ===>> OK
change switch state (True, True)
update switch state U True args=() kw={} ncanvase=2
04:55:43 -- OPEN   VALVE-U (Microbone to Turbo)
---------------------------------------- open None (Microbone to Turbo) result=[(True, True)], time=0.12 sec
action=open, ok=True, locked=[False]
open () {'description': 'Microbone to Inlet Pipette'}
opening name=--- desc=Microbone to Inlet Pipette
checking ownership. requestor=129.138.12.150
check software interlocks S
interlocks []
actuate state mode=None-script, software_lock=False
doing actuation None-script open_channel False
Open S ===>> OK
GetIndicatorState S ===>> OK
change switch state (True, True)
update switch state S True args=() kw={} ncanvase=2
04:55:43 -- OPEN   VALVE-S (Microbone to Inlet Pipette)
---------------------------------------- open None (Microbone to Inlet Pipette) result=[(True, True)], time=0.43 sec
action=open, ok=True, locked=[False]
open () {'description': 'Microbone to Getter D-50'}
opening name=--- desc=Microbone to Getter D-50
checking ownership. requestor=129.138.12.150
check software interlocks K
interlocks []
actuate state mode=None-script, software_lock=False
doing actuation None-script open_channel False
Open K ===>> OK
GetIndicatorState K ===>> OK
change switch state (True, True)
update switch state K True args=() kw={} ncanvase=2
04:55:44 -- OPEN   VALVE-K (Microbone to Getter D-50)
---------------------------------------- open None (Microbone to Getter D-50) result=[(True, True)], time=0.41 sec
action=open, ok=True, locked=[False]
open () {'description': 'Microbone to Getter NP-10'}
opening name=--- desc=Microbone to Getter NP-10
checking ownership. requestor=129.138.12.150
check software interlocks M
interlocks []
actuate state mode=None-script, software_lock=False
doing actuation None-script open_channel False
Open M ===>> OK
GetIndicatorState M ===>> OK
change switch state (True, True)
update switch state M True args=() kw={} ncanvase=2
Get Checksum: -1965264452
04:55:44 -- OPEN   VALVE-M (Microbone to Getter NP-10)
---------------------------------------- open None (Microbone to Getter NP-10) result=[(True, True)], time=0.16 sec
action=open, ok=True, locked=[False]
close () {'description': 'CO2 Laser to Felix'}
closing name=--- desc=CO2 Laser to Felix
checking ownership. requestor=129.138.12.150
check software interlocks F
interlocks []
actuate state mode=None-script, software_lock=True
VALVE-F(CO2 Laser to Felix) software locked
change switch state (True, False)
---------------------------------------- close None (CO2 Laser to Felix) result=[(True, False)]
action=close, ok=True, locked=[True]
open () {'description': 'CO2 Laser to Jan'}
opening name=--- desc=CO2 Laser to Jan
checking ownership. requestor=129.138.12.150
check software interlocks A
interlocks []
actuate state mode=None-script, software_lock=False
doing actuation None-script open_channel False
Open A ===>> OK
GetIndicatorState A ===>> OK
change switch state (True, True)
update switch state A True args=() kw={} ncanvase=2
04:55:45 -- OPEN   VALVE-A (CO2 Laser to Jan)
---------------------------------------- open None (CO2 Laser to Jan) result=[(True, True)], time=0.12 sec
action=open, ok=True, locked=[False]
open () {'description': 'Microbone to CO2 Laser'}
opening name=--- desc=Microbone to CO2 Laser
checking ownership. requestor=129.138.12.150
check software interlocks T
interlocks []
actuate state mode=None-script, software_lock=False
doing actuation None-script open_channel False
Open T ===>> OK
GetIndicatorState T ===>> OK
change switch state (True, True)
update switch state T True args=() kw={} ncanvase=2
04:55:45 -- OPEN   VALVE-T (Microbone to CO2 Laser)
---------------------------------------- open None (Microbone to CO2 Laser) result=[(True, True)], time=0.42 sec
action=open, ok=True, locked=[False]
executed 0
PrepareForCO2Analysis.py completed successfully
gosub finished
set_motor ('beam', '1.25') {}
setting motor "beam" to 1.25
set motor beam to 1.25
SetMotor beam,1.25 ===>> OK
GetMotorMoving beam ===>> False
GetMotorMoving beam ===>> False
Block completed
move_to_position ('177',) {'autocenter': True}
FusionsCO2 move to position 177
sending GoToHole 177,True
GoToHole 177,True ===>> OK
Get Checksum: -1965264452
GetDriveMoving ===>> OK
GetDriveMoving ===>> OK
GetDriveMoving ===>> OK
GetDriveMoving ===>> OK
GetDriveMoving ===>> OK
GetDriveMoving ===>> OK
GetDriveMoving ===>> OK
GetDriveMoving ===>> False
GetDriveMoving ===>> False
Block completed
GetAutoCorrecting ===>> OK
Get Checksum: -1965264452
GetAutoCorrecting ===>> OK
GetAutoCorrecting ===>> False
GetAutoCorrecting ===>> False
Block completed
update position
GetPosition ===>> 1.99390,-7.97560,1.00000
got position (1.9939, -7.9756, 1.0)
move to position succeeded
sleep (5,) {}
SLEEP 5.0
block started
WaitControl setup for 5.0  
Get Checksum: -1965264452
Get Checksum: -1965264452
Join finished
block finished. duration 5.00681209564
close () {'description': 'Microbone to Turbo'}
closing name=--- desc=Microbone to Turbo
checking ownership. requestor=129.138.12.150
check software interlocks U
interlocks []
actuate state mode=None-script, software_lock=False
doing actuation None-script close_channel True
Close U ===>> OK
GetIndicatorState U ===>> False
change switch state (True, True)
update switch state U False args=() kw={} ncanvase=2
04:55:57 -- CLOSE  VALVE-U (Microbone to Turbo)
---------------------------------------- close None (Microbone to Turbo) result=[(True, True)]
action=close, ok=True, locked=[False]
enable laser
enable () {}
set extraction state FusionsCO2 Enabled (False, 'red', 1.5)
enabling laser
Enable ===>> OK
begin interval
BEGIN INTERVAL Interval 1 waiting for 30.0
block started
WaitControl setup for 30.0  
set extract to 5.0
extract (5.0,) {}
GetPosition ===>> 1.99390,-7.97560,1.00000
set extraction state FusionsCO2 ON! 5.0(watts) (0.75, 'red', 1.5)
extract sample to 5.0 (watts)
set laser output
SetLaserOutput 5.0,watts ===>> OK
executing pattern triangle.lp
execute_pattern ('triangle.lp',) {}
executing pattern triangle.lp
IsPatterning ===>> OK
Get Checksum: 1551197106
IsPatterning ===>> OK
IsPatterning ===>> OK
IsPatterning ===>> OK
Get Checksum: 1551197106
IsPatterning ===>> OK
IsPatterning ===>> OK
IsPatterning ===>> OK
Get Checksum: 1551197106
IsPatterning ===>> OK
IsPatterning ===>> OK
IsPatterning ===>> OK
Get Checksum: 1551197106
IsPatterning ===>> OK
IsPatterning ===>> OK
IsPatterning ===>> OK
Get Checksum: 1551197106
IsPatterning ===>> OK
IsPatterning ===>> OK
IsPatterning ===>> OK
Get Checksum: 1551197106
IsPatterning ===>> OK
IsPatterning ===>> OK
IsPatterning ===>> OK
Get Checksum: 1551197106
IsPatterning ===>> OK
IsPatterning ===>> OK
IsPatterning ===>> OK
Get Checksum: 1551197106
IsPatterning ===>> OK
IsPatterning ===>> OK
IsPatterning ===>> OK
Get Checksum: 1551197106
IsPatterning ===>> OK
IsPatterning ===>> OK
Get Checksum: 1551197106
IsPatterning ===>> OK
Join finished
block finished. duration 30.0545361042
Interval 1 finished
IsPatterning ===>> False
IsPatterning ===>> False
Block completed
COMPLETE INTERVAL waiting for Interval 1 to complete
end_extract () {}
ending extraction. set laser power to 0
set laser power 0
SetLaserPower 0 ===>> OK
disable () {}
%%%%%%%%%%%%%%%%%%%%%%%%%%%%%%%%%%% disable
set extraction state False (0.75, 'red', 1.5)
disabling laser
Disable ===>> OK
sleep (30.0,) {}
SLEEP 30.0
block started
WaitControl setup for 30.0  
Get Checksum: 1551197106
Get Checksum: 1551197106
Get Checksum: 1551197106
Get Checksum: 1551197106
Get Checksum: 1551197106
Get Checksum: 1551197106
Get Checksum: 1551197106
Get Checksum: 1551197106
Get Checksum: 1551197106
Get Checksum: 1551197106
Join finished
block finished. duration 30.062816143
executed 165.0
jan_co2.py completed successfully
GetAchievedOutput ===>> No Response
Requested Output= 0.000
Achieved Output=  0.000
GetResponseBlob ===>> No Response
GetOutputBlob ===>> No Response
persistence save...
persistence save - db
AutomatedRunPersister post_extraction_save deprecated
persistence save - dvc
no extraction position for 177
create new session 4983034992
close session 4983034992
Extraction Finished
04:56:59 -- ******* Extraction Finished *******
no overlap. not waiting for min ms pumptime
04:56:59 -- Sending spectrometer configuration
======== Sending configuration ========
SetDeflection CDD,50.0 ===>> OK
SetDeflection H2,0.0 ===>> OK
SetDeflection H1,0.0 ===>> OK
SetDeflection L2,825.0 ===>> OK
SetDeflection L1,400.0 ===>> OK
SetDeflection AX,190.0 ===>> OK
SetZFocus 74.64 ===>> OK
SetZSymmetry -50.72 ===>> OK
SetExtractionLens 26.13 ===>> OK
SetIonRepeller -3.81 ===>> OK
SetElectronEnergy 75.08 ===>> OK
SetYSymmetry -2.81 ===>> OK
SetIonCounterVoltage 1590.0 ===>> OK
send trap current 200.0
GetParameter Trap Current Readback ===>> 197.811389855338
SetParameter Trap Current Set,200.0 ===>> OK
updating mftable name mftable
Using mftable located at /Users/jan/PychronDev/setupfiles/spectrometer/mftables/mftable.csv
============ MFtable ===========
Isotope  H2     H1     AX     L1     L2     CDD    
Ar40     5.7770 5.8788 5.9920 6.1170 6.2306 6.3452
Ar39     5.6763 5.7710 5.8845 6.0030 6.1158 6.2317
Ar36     5.3538 5.4400 5.5478 5.6619 5.7707 5.8828
================================
get initial guess parabolic
get initial guess parabolic
get initial guess parabolic
get initial guess parabolic
get initial guess parabolic
get initial guess parabolic
======== Configuration Finished ========
GetYSymmetry ===>> -2.81
GetZSymmetry ===>> -50.72
GetParameter Trap Current Readback ===>> 197.923274125618
GetHighVoltage ===>> 4499.94659342336
start measurement
do measurement
L#=65518 analysis type=unknown
Measurement Started jan_co2_whiff_120_60_large.py
04:56:59 -- ******* Measurement Started jan_co2_whiff_120_60_large.py *******
state changed from extraction to measurement
setting spec, defl, and gains
GetExtractionLens ===>> 26.13
GetYSymmetry ===>> -2.81
GetZSymmetry ===>> -50.72
GetZFocus ===>> 74.64
GetDeflection H2 ===>> 0
GetDeflection H1 ===>> 0
GetDeflection AX ===>> 190
GetDeflection L1 ===>> 400
GetDeflection L2 ===>> 825
GetDeflection CDD ===>> 50
GetGain H2 ===>> 0.0113
GetGain H1 ===>> 0.1
GetGain AX ===>> 0.097049
GetGain L1 ===>> 0.010355
GetGain L2 ===>> 0.095649
GetGain CDD ===>> 0
pre measurement save
New frame /Users/jan/PychronDev/data/isotopes/15/8070ed-16ec-45ea-9134-4acb1a912f05.h5
flush and close file /Users/jan/PychronDev/data/isotopes/15/8070ed-16ec-45ea-9134-4acb1a912f05.h5
testing...
no interpolation path defined
executed 266.04
co2 whiff measurement script
activate_detectors ('H2', 'H1', 'AX', 'L1', 'L2', 'CDD') {}
activate detectors
*************** Set Analysis View Ar/Ar
create graphs
Get Checksum: 1551197106
clearing graphs
clear isotope group
setting isotope det=H2, iso=PM41
setting isotope det=H1, iso=Ar40
setting isotope det=AX, iso=Ar39
setting isotope det=L1, iso=Ar38
setting isotope det=L2, iso=Ar37
setting isotope det=CDD, iso=Ar36
setting previous blanks
 - setting Ar40 blank 0.215+/-0.007
 - setting Ar36 blank 0.00492+/-0.00018
 - setting Ar37 blank 0.058+/-0.005
 - setting Ar38 blank 0.0098+/-0.0022
 - setting PM41 blank 0.00+/-0.06
 - setting Ar39 blank 0.036+/-0.009
load analysis view
position_magnet ('Ar40',) {'detector': 'H1'}
detector Detector(H1)
POSITION Ar40 H1
setting detector H2 to PM41 (40.9624)
setting detector H1 to Ar40 (39.9624)
setting detector AX to Ar39 (38.9624)
setting detector L1 to Ar38 (37.9624)
setting detector L2 to Ar37 (36.9624)
setting detector CDD to Ar36 (35.9624)
Mapping mass to dac mass func: "parabolic"
H1 map mass coeffs = [-0.00063987  0.15840543  0.57035999]
H1 map mass to dac 39.9624 >> 5.87875
GetDeflection H1 ===>> 0
GetHighVoltage ===>> 4499.94659342336
positioning Ar40 (5.87871538059) on H1
setting magnet DAC
current  : 5.878715
requested: 5.878715
Delta Dac: 0.000001
Checking detector protection. dv=0.00000
Checking detector "CDD". Protection Threshold: 0.1 (V)
SetMagnetDAC 5.87871538059 ===>> OK
Magnet settling time: 0.500
close ('S',) {}
closing name=S desc=---
checking ownership. requestor=129.138.12.150
check software interlocks S
interlocks []
actuate state mode=None-script, software_lock=False
doing actuation None-script close_channel True
Close S ===>> OK
GetIndicatorState S ===>> False
change switch state (True, True)
update switch state S False args=() kw={} ncanvase=2
04:57:02 -- CLOSE  VALVE-S (Microbone to Inlet Pipette)
---------------------------------------- close S () result=[(True, True)]
action=close, ok=True, locked=[False]
equilibrate () {'do_post_equilibration': False, 'inlet': 'R', 'outlet': 'O', 'eqtime': 4}
Equilibration Started
04:57:02 -- ******* Equilibration Started *******
checking ownership. requestor=129.138.12.150
check software interlocks O
interlocks []
actuate state mode=None-script, software_lock=False
doing actuation None-script close_channel True
Close O ===>> OK
GetIndicatorState O ===>> False
change switch state (True, True)
update switch state O False args=() kw={} ncanvase=2
04:57:02 -- CLOSE  VALVE-O (Jan Ion Pump)
waiting 3s before opening inlet value ('R',)
Get Checksum: 1174506924
checking ownership. requestor=129.138.12.150
check software interlocks R
interlocks []
actuate state mode=None-script, software_lock=False
doing actuation None-script open_channel True
Open R ===>> OK
GetIndicatorState R ===>> OK
change switch state (True, True)
update switch state R True args=() kw={} ncanvase=2
04:57:05 -- OPEN   VALVE-R (Jan Inlet)
equilibrating for 4sec
set_time_zero (0,) {}
sniff (4,) {}
py_sniff
build tables- sniff [Detector(H2), Detector(H1), Detector(AX), Detector(L1), Detector(L2), Detector(CDD)]
add group /sniff/PM41 (Group) '' table H2
add group /sniff/Ar40 (Group) '' table H1
add group /sniff/Ar39 (Group) '' table AX
add group /sniff/Ar38 (Group) '' table L1
add group /sniff/Ar37 (Group) '' table L2
add group /sniff/Ar36 (Group) '' table CDD
flush and close file /Users/jan/PychronDev/data/isotopes/15/8070ed-16ec-45ea-9134-4acb1a912f05.h5
measuring sniff. ncounts=4
starting measurement
GetData ===>> H2,2.24854406767908,H1,0.537706304817731,AX,4.07120209752556,L1,0.259842064885065,L2,0.9609756627...
Get Checksum: 1427694182
GetData ===>> H2,5.4814945491637,H1,0.57116002365929,AX,4.13198435625578,L1,0.953771047283546,L2,0.862008100855...
GetData ===>> H2,1.8660271525923,H1,0.224901745196049,AX,1.4067173746954,L1,0.706602927532733,L2,0.285210161940...
GetData ===>> H2,0.580105687170093,H1,0.098410804345961,AX,0.614220098957269,L1,0.45517888732535,L2,0.124116733...
Get Checksum: 1427694182
Equilibration Finished
04:57:09 -- ******* Equilibration Finished *******
checking ownership. requestor=129.138.12.150
check software interlocks R
interlocks []
actuate state mode=None-script, software_lock=False
doing actuation None-script close_channel True
Close R ===>> OK
measurement finished
estimated time: 4.194 actual time: :4.257
flush and close file /Users/jan/PychronDev/data/isotopes/15/8070ed-16ec-45ea-9134-4acb1a912f05.h5
set_fits () {}
using default fits file=/Users/jan/PychronDev/scripts/measurement/fits/nominal_linear.yaml
GetIndicatorState R ===>> False
change switch state (True, True)
update switch state R False args=() kw={} ncanvase=2
set "Ar40" to "('Linear', 'SEM')"
No fit for "PM41". defaulting to linear. check the measurement script "jan_co2_whiff_120_60_large.py"
set "PM41" to "linear"
set "Ar36" to "('Linear', 'SEM')"
set "Ar37" to "('linear', 'SEM')"
set "Ar38" to "('linear', 'SEM')"
set "Ar39" to "('Linear', 'SEM')"
set_baseline_fits () {}
using default fits file=/Users/jan/PychronDev/scripts/measurement/fits/nominal_linear.yaml
04:57:11 -- CLOSE  VALVE-R (Jan Inlet)
set "H1" to "('average', 'SEM')"
set "H2" to "('average', 'SEM')"
set "CDD" to "('average', 'SEM')"
set "L2" to "('average', 'SEM')"
set "L1" to "('average', 'SEM')"
set "AX" to "('average', 'SEM')"
whiff () {'ncounts': 1, 'conditionals': [{'action': 'run_remainder', 'attr': 'Ar40', 'teststr': 'Ar40.cur<=175'}, {'action': 'run_pipette', 'attr': 'Ar40', 'teststr': 'Ar40.cur>500'}, {'action': 'run_chamber_split', 'attr': 'Ar40', 'teststr': 'Ar40.cur>=300'}, {'action': 'pump', 'attr': 'Ar40', 'teststr': 'Ar40.cur>175'}]}
build tables- whiff [Detector(H2), Detector(H1), Detector(AX), Detector(L1), Detector(L2), Detector(CDD)]
add group /whiff/PM41 (Group) '' table H2
add group /whiff/Ar40 (Group) '' table H1
add group /whiff/Ar39 (Group) '' table AX
add group /whiff/Ar38 (Group) '' table L1
add group /whiff/Ar37 (Group) '' table L2
add group /whiff/Ar36 (Group) '' table CDD
flush and close file /Users/jan/PychronDev/data/isotopes/15/8070ed-16ec-45ea-9134-4acb1a912f05.h5
measuring whiff. ncounts=1
starting measurement
GetData ===>> H2,0.262916420470792,H1,0.190102902510536,AX,0.370010427498992,L1,0.187332613267257,L2,0.23586026...
testing Ar40<=175
evaluate ot="Ar40.cur<=175" t="Ar40<=175", ctx="{'Ar40': 0.19010290251053599}"
condition Ar40<=175 is true trips=1/1
04:57:13 -- Conditional tripped: Ar40.cur<=175 condition Ar40<=175 is True
measurement finished
estimated time: 1.049 actual time: :1.102
flush and close file /Users/jan/PychronDev/data/isotopes/15/8070ed-16ec-45ea-9134-4acb1a912f05.h5
WHIFF Result=run_remainder
Whiff result=run_remainder
open ('R',) {}
opening name=R desc=---
checking ownership. requestor=129.138.12.150
check software interlocks R
interlocks []
actuate state mode=None-script, software_lock=False
doing actuation None-script open_channel True
Open R ===>> OK
GetIndicatorState R ===>> OK
change switch state (True, True)
update switch state R True args=() kw={} ncanvase=2
04:57:13 -- OPEN   VALVE-R (Jan Inlet)
---------------------------------------- open R () result=[(True, True)], time=0.42 sec
action=open, ok=True, locked=[False]
open ('S',) {}
opening name=S desc=---
checking ownership. requestor=129.138.12.150
check software interlocks S
interlocks []
actuate state mode=None-script, software_lock=False
doing actuation None-script open_channel True
Open S ===>> OK
GetIndicatorState S ===>> OK
change switch state (True, True)
update switch state S True args=() kw={} ncanvase=2
04:57:14 -- OPEN   VALVE-S (Microbone to Inlet Pipette)
---------------------------------------- open S () result=[(True, True)], time=0.47 sec
action=open, ok=True, locked=[False]
sleep (12.0,) {}
SLEEP 12.0
block started
WaitControl setup for 12.0  
Get Checksum: -1449001502
Get Checksum: -1449001502
Get Checksum: -1449001502
Get Checksum: -1449001502
Join finished
block finished. duration 12.022300005
close ('R',) {}
closing name=R desc=---
checking ownership. requestor=129.138.12.150
check software interlocks R
interlocks []
actuate state mode=None-script, software_lock=False
doing actuation None-script close_channel True
Close R ===>> OK
GetIndicatorState R ===>> False
change switch state (True, True)
update switch state R False args=() kw={} ncanvase=2
04:57:27 -- CLOSE  VALVE-R (Jan Inlet)
---------------------------------------- close R () result=[(True, True)]
action=close, ok=True, locked=[False]
post_equilibration () {}
multicollect () {'integration_time': 1, 'ncounts': 120.0}
Post Equilibration Started jan_pump_extraction_line.py
build tables- signal [Detector(H2), Detector(H1), Detector(AX), Detector(L1), Detector(L2), Detector(CDD)]
04:57:27 -- ******* Post Equilibration Started jan_pump_extraction_line.py *******
add group /signal/PM41 (Group) '' table H2
add group /signal/Ar40 (Group) '' table H1
testing...
add group /signal/Ar39 (Group) '' table AX
no interpolation path defined
add group /signal/Ar38 (Group) '' table L1
add group /signal/Ar37 (Group) '' table L2
calculate duration
add group /signal/Ar36 (Group) '' table CDD
testing...
flush and close file /Users/jan/PychronDev/data/isotopes/15/8070ed-16ec-45ea-9134-4acb1a912f05.h5
no interpolation path defined
measuring signal. ncounts=120.0
executed 4.0
executed 4.0
Pump after analysis
doing GOSUB
testing...
no interpolation path defined
executed 4.0
Pump Microbone
close () {'description': 'Jan Inlet'}
closing name=--- desc=Jan Inlet
checking ownership. requestor=129.138.12.150
check software interlocks R
interlocks []
actuate state mode=None-script, software_lock=False
doing actuation None-script close_channel False
Close R ===>> OK
Get Checksum: -598318598
GetIndicatorState R ===>> False
change switch state (True, True)
update switch state R False args=() kw={} ncanvase=2
04:57:28 -- CLOSE  VALVE-R (Jan Inlet)
---------------------------------------- close None (Jan Inlet) result=[(True, True)]
starting measurement
GetData ===>> H2,0.00677312135784216,H1,1.1352521510734,AX,0.177498725266727,L1,0.0161145801332143,L2,0.0515084...
action=close, ok=True, locked=[False]
is_closed ('F',) {}
is F () closed?
is closed True
open () {'description': 'CO2 Laser to Jan'}
opening name=--- desc=CO2 Laser to Jan
checking ownership. requestor=129.138.12.150
check software interlocks A
interlocks []
actuate state mode=None-script, software_lock=False
doing actuation None-script open_channel False
Open A ===>> OK
GetIndicatorState A ===>> OK
change switch state (True, True)
update switch state A True args=() kw={} ncanvase=2
04:57:28 -- OPEN   VALVE-A (CO2 Laser to Jan)
---------------------------------------- open None (CO2 Laser to Jan) result=[(True, True)], time=0.15 sec
action=open, ok=True, locked=[False]
sleep (1,) {}
SLEEP 1.0
GetData ===>> H2,-0.00658806819417823,H1,1.144285321631,AX,0.154569882462422,L1,0.0333000869873275,L2,0.1612702...
close () {'description': 'CO2 Laser to Roughing'}
closing name=--- desc=CO2 Laser to Roughing
checking ownership. requestor=129.138.12.150
check software interlocks G
interlocks []
actuate state mode=None-script, software_lock=True
VALVE-G(CO2 Laser to Roughing) software locked
change switch state (True, False)
---------------------------------------- close None (CO2 Laser to Roughing) result=[(True, False)]
action=close, ok=True, locked=[True]
open () {'description': 'Microbone to Turbo'}
opening name=--- desc=Microbone to Turbo
checking ownership. requestor=129.138.12.150
check software interlocks U
interlocks []
actuate state mode=None-script, software_lock=False
doing actuation None-script open_channel True
Open U ===>> OK
GetIndicatorState U ===>> OK
change switch state (True, True)
update switch state U True args=() kw={} ncanvase=2
04:57:29 -- OPEN   VALVE-U (Microbone to Turbo)
---------------------------------------- open None (Microbone to Turbo) result=[(True, True)], time=0.17 sec
action=open, ok=True, locked=[False]
open () {'description': 'Microbone to Getter NP-10'}
opening name=--- desc=Microbone to Getter NP-10
checking ownership. requestor=129.138.12.150
check software interlocks M
interlocks []
actuate state mode=None-script, software_lock=False
doing actuation None-script open_channel False
Open M ===>> OK
GetData ===>> H2,0.033925268323969,H1,1.16175414976414,AX,0.0948757273730632,L1,0.0124752973782079,L2,-0.061538...
GetIndicatorState M ===>> OK
change switch state (True, True)
update switch state M True args=() kw={} ncanvase=2
04:57:30 -- OPEN   VALVE-M (Microbone to Getter NP-10)
---------------------------------------- open None (Microbone to Getter NP-10) result=[(True, True)], time=0.15 sec
action=open, ok=True, locked=[False]
open () {'description': 'Microbone to Getter D-50'}
opening name=--- desc=Microbone to Getter D-50
checking ownership. requestor=129.138.12.150
check software interlocks K
interlocks []
actuate state mode=None-script, software_lock=False
doing actuation None-script open_channel False
Open K ===>> OK
GetIndicatorState K ===>> OK
change switch state (True, True)
update switch state K True args=() kw={} ncanvase=2
04:57:31 -- OPEN   VALVE-K (Microbone to Getter D-50)
---------------------------------------- open None (Microbone to Getter D-50) result=[(True, True)], time=0.43 sec
Get Checksum: -860229079
action=open, ok=True, locked=[False]
open () {'description': 'Microbone to CO2 Laser'}
opening name=--- desc=Microbone to CO2 Laser
checking ownership. requestor=129.138.12.150
check software interlocks T
interlocks []
actuate state mode=None-script, software_lock=False
doing actuation None-script open_channel False
GetData ===>> H2,-0.0542450617065451,H1,1.15627081894061,AX,0.104795141004893,L1,-0.0205128807673461,L2,0.04165...
Open T ===>> OK
GetIndicatorState T ===>> OK
change switch state (True, True)
update switch state T True args=() kw={} ncanvase=2
04:57:31 -- OPEN   VALVE-T (Microbone to CO2 Laser)
---------------------------------------- open None (Microbone to CO2 Laser) result=[(True, True)], time=0.43 sec
action=open, ok=True, locked=[False]
open () {'description': 'Microbone to Inlet Pipette'}
opening name=--- desc=Microbone to Inlet Pipette
checking ownership. requestor=129.138.12.150
check software interlocks S
interlocks []
actuate state mode=None-script, software_lock=False
doing actuation None-script open_channel False
Open S ===>> OK
GetIndicatorState S ===>> OK
change switch state (True, True)
update switch state S True args=() kw={} ncanvase=2
04:57:32 -- OPEN   VALVE-S (Microbone to Inlet Pipette)
---------------------------------------- open None (Microbone to Inlet Pipette) result=[(True, True)], time=0.42 sec
GetData ===>> H2,-0.0931082011829459,H1,1.09043418320447,AX,0.10450508533142,L1,-0.00670905626814178,L2,0.08590...
action=open, ok=True, locked=[False]
sleep (1,) {}
SLEEP 1.0
GetData ===>> H2,-0.0918916564985671,H1,1.18575473501161,AX,0.0289370515406554,L1,0.00606202528492994,L2,0.0542...
set_resource () {'name': 'CO2PumpTimeFlag', 'value': 30}
Set CO2PumpTimeFlag 30 ===>> OK
release ('JanCO2Flag',) {}
release JanCO2Flag
Set JanCO2Flag 0 ===>> OK
executed 6.0
PumpMicrobone.py completed successfully
gosub finished
get_resource_value () {'name': 'JanMiniboneFlag'}
Read JanMiniboneFlag ===>> 0
Get Resource Value JanMiniboneFlag=0.0
get resource value 0.0
get_resource_value () {'name': 'JanMiniboneFlag'}
Read JanMiniboneFlag ===>> 0
Get Resource Value JanMiniboneFlag=0.0
executed 4.0
jan_pump_extraction_line.py completed successfully
Post Equilibration Finished
04:57:33 -- ******* Post Equilibration Finished *******
Get Checksum: -860229079
GetData ===>> H2,-0.0556261168892595,H1,1.17323771600606,AX,-0.000707240219271429,L1,0.015689469092043,L2,0.061...
GetData ===>> H2,0.0169038431247675,H1,1.1622821010967,AX,0.00280783415425566,L1,-0.00734469731789583,L2,-0.035...
GetData ===>> H2,-0.071286533599275,H1,1.27857780093736,AX,-0.0486295169187597,L1,-0.00827050266448854,L2,0.028...
Get Checksum: -860229079
GetData ===>> H2,-0.182337967328174,H1,1.30020668902768,AX,-0.111581515382244,L1,-0.0111169406055402,L2,0.01916...
GetData ===>> H2,-0.232229979007216,H1,1.19224787647754,AX,-0.0504383178495533,L1,-0.01293540977411,L2,0.122554...
GetData ===>> H2,-0.121699426605699,H1,1.33533651974143,AX,0.0983097024315146,L1,-0.0482241313397619,L2,0.02752...
Get Checksum: -860229079
GetData ===>> H2,-0.099224174257835,H1,1.27312930168275,AX,-0.0187446512466911,L1,-0.0287243358888964,L2,-0.020...
GetData ===>> H2,-0.129814416063905,H1,1.36999810789755,AX,-0.0721181225779711,L1,0.00334180304686231,L2,-0.037...
GetData ===>> H2,-0.199242512440157,H1,1.39948064769555,AX,0.0607745749148537,L1,0.0110588419087826,L2,-0.01938...
Get Checksum: -860229079
GetData ===>> H2,-0.143316178365043,H1,1.30085490717191,AX,0.00127649902141617,L1,-0.0158301179963829,L2,0.1098...
GetData ===>> H2,-0.0746325779307343,H1,1.33740194908067,AX,0.0365033030261747,L1,-0.00775724286016084,L2,0.076...
GetData ===>> H2,-0.15997334726492,H1,1.37291714342382,AX,-0.00223852005525137,L1,-0.0617122106990387,L2,0.0521...
Get Checksum: -860229079
GetData ===>> H2,-0.155664313794854,H1,1.50974268304702,AX,0.0221488140926626,L1,-0.0172117896473849,L2,-0.0281...
GetData ===>> H2,-0.0981260876061684,H1,1.44945633981937,AX,-0.053221022864683,L1,0.0022361494962829,L2,0.08361...
Get Checksum: -860229079
GetData ===>> H2,-0.19675304529002,H1,1.45768381831102,AX,0.0307241192486677,L1,0.00766616050738169,L2,0.021988...
GetData ===>> H2,-0.210154099875569,H1,1.45665084255209,AX,0.0975208055562602,L1,0.0274899741353913,L2,0.049467...
GetData ===>> H2,-0.189925775860323,H1,1.54100533115622,AX,0.108612354155876,L1,-0.00939286749446025,L2,-0.0687...
Get Checksum: -860229079
GetData ===>> H2,-0.191070383947635,H1,1.53243448313749,AX,0.0699946269717432,L1,-0.0175379899908517,L2,-0.1166...
04:57:53 -- collecting point 25
GetData ===>> H2,-0.14655463517681,H1,1.38543511856197,AX,-0.00629861512846444,L1,0.000639708707337274,L2,0.040...
GetData ===>> H2,-0.138235734315545,H1,1.56763610405861,AX,0.0433157533413403,L1,-0.0213089135406221,L2,0.04913...
Get Checksum: -860229079
GetData ===>> H2,-0.0596909818454399,H1,1.47380441584384,AX,0.0579449478609739,L1,-0.0442500815958906,L2,-0.126...
GetData ===>> H2,-0.130987535066381,H1,1.43199469048454,AX,0.0261404724561846,L1,-0.0393557712930382,L2,0.03773...
GetData ===>> H2,-0.104768500294967,H1,1.51948943567459,AX,-0.02663134333471,L1,-0.0110210333081252,L2,0.051360...
Get Checksum: -860229079
GetData ===>> H2,-0.160437922622182,H1,1.55130814175222,AX,-0.050484696918498,L1,0.0255360007060053,L2,0.123877...
GetData ===>> H2,-0.142902691775824,H1,1.64318902232268,AX,-0.0117852745414398,L1,0.00812813163462778,L2,0.0965...
GetData ===>> H2,-0.0747044230328565,H1,1.64680775532988,AX,-0.00235452512181362,L1,0.00926695093834043,L2,0.05...
Get Checksum: -860229079
GetData ===>> H2,-0.135664235413972,H1,1.61870286698333,AX,0.0606006200598187,L1,0.00169837275469251,L2,0.01208...
GetData ===>> H2,-0.035351811949601,H1,1.66903996224252,AX,0.0777888613216953,L1,-0.00778242677885218,L2,0.1337...
GetData ===>> H2,-0.0808461792211556,H1,1.69178223950464,AX,0.0992726293367725,L1,0.0245099924237949,L2,-0.0808...
Get Checksum: -860229079
GetData ===>> H2,-0.162717307119451,H1,1.75932970098958,AX,0.048817125839871,L1,-0.0398229113762022,L2,-0.10079...
GetData ===>> H2,-0.0992092810673373,H1,1.63553120124302,AX,0.0475636212172957,L1,-0.00111488387848597,L2,-0.00...
GetData ===>> H2,-0.142168918658077,H1,1.70609650596638,AX,0.0466815350456817,L1,0.0248729741344572,L2,0.071695...
Get Checksum: -860229079
GetData ===>> H2,-0.262962597626157,H1,1.73551328106776,AX,0.0264073624282628,L1,0.00620359163922707,L2,-3.4192...
GetData ===>> H2,-0.281589161214396,H1,1.79061994148821,AX,0.0945741002136436,L1,-0.0152651611389605,L2,0.10952...
GetData ===>> H2,-0.186855389587752,H1,1.79715155431806,AX,0.0810134442754532,L1,-0.0424337048291608,L2,0.09665...
Get Checksum: -860229079
GetData ===>> H2,-0.0924633674331176,H1,1.76068977728365,AX,0.0150361773818002,L1,-0.0391509414862087,L2,0.0556...
GetData ===>> H2,-0.132745919217184,H1,1.79982205911904,AX,-0.00509220456256228,L1,-0.00915905180829263,L2,-0.0...
Get Checksum: -860229079
GetData ===>> H2,-0.199346340719216,H1,1.76402384710717,AX,0.0380235870754656,L1,-0.0131535560517705,L2,0.00508...
GetData ===>> H2,-0.199961200348068,H1,1.73417760983299,AX,0.0512539028220612,L1,-0.0119932512093898,L2,-0.0533...
GetData ===>> H2,-0.272149765898072,H1,1.83793857927543,AX,0.0417837808916129,L1,-0.0270459189089903,L2,0.01826...
Get Checksum: -860229079
GetData ===>> H2,-0.123157361379736,H1,1.76184525472205,AX,0.0354588468258969,L1,-0.033419060952414,L2,0.035943...
GetData ===>> H2,-0.0940117197066628,H1,1.7645534567776,AX,-0.0396082000599006,L1,-0.0727674352249377,L2,0.0375...
GetData ===>> H2,-0.107194645363478,H1,1.81556984977178,AX,0.0799347049990112,L1,-0.0230038698442696,L2,0.05243...
Get Checksum: -860229079
04:58:19 -- collecting point 50
GetData ===>> H2,-0.185196468135305,H1,1.81599094739664,AX,0.0474475567907711,L1,-0.0134364200080116,L2,0.06304...
GetData ===>> H2,-0.109289938541577,H1,1.91285393062135,AX,0.00297024989956154,L1,-0.0243150474510325,L2,0.0104...
GetData ===>> H2,-0.0717895877196155,H1,1.9363042284865,AX,-0.0109153174648166,L1,-0.0615734348623544,L2,0.0967...
Get Checksum: -860229079
GetData ===>> H2,-0.0980123463027315,H1,1.89945104259965,AX,0.0581420913431734,L1,-0.0293196813123417,L2,0.1131...
GetData ===>> H2,-0.134172715310847,H1,1.88225748758855,AX,-0.0357930214028521,L1,-0.0245619228332589,L2,0.0451...
GetData ===>> H2,-0.136597180938609,H1,1.81396969480765,AX,-0.0323719893479785,L1,-0.0152111827090792,L2,0.0084...
Get Checksum: -860229079
GetData ===>> H2,-0.15228483156116,H1,1.91258898659188,AX,0.0420739253385516,L1,-0.0206111894286509,L2,-0.02376...
GetData ===>> H2,-0.211594084993902,H1,1.94172494828166,AX,0.15557979888484,L1,-0.00741785342924779,L2,-0.07448...
GetData ===>> H2,-0.221263294864635,H1,2.00439235918484,AX,0.0209304626009954,L1,0.01764104467623,L2,0.13187011...
Get Checksum: -860229079
GetData ===>> H2,-0.0962329591393504,H1,2.001743049062,AX,0.0271964327120536,L1,0.010941213036493,L2,-0.0765387...
GetData ===>> H2,-0.0851645633034428,H1,2.06887629368497,AX,-0.0163669201684221,L1,-0.00908710742753413,L2,-0.0...
GetData ===>> H2,-0.209240712120548,H1,2.08549482760543,AX,-0.0428666384869719,L1,-0.0284655832274633,L2,0.0278...
Get Checksum: -860229079
GetData ===>> H2,-0.124828751927692,H1,2.06616504435331,AX,0.0141543858731787,L1,-0.0218459603084434,L2,0.02613...
GetData ===>> H2,-0.186336159824247,H1,1.94055645743429,AX,0.092717953642031,L1,-0.00762052905932945,L2,-0.0013...
GetData ===>> H2,-0.188027277796434,H1,2.02725156356534,AX,0.0493626375209531,L1,-0.0199158148479935,L2,0.03136...
Get Checksum: -860229079
testing age>100.0
evaluate ot="age>100.0" t="age>100.0", ctx="{'age': -79.94397718463998}"
testing Ar39<0.5
evaluate ot="Ar39<0.5" t="Ar39<0.5", ctx="{'Ar39': 0.0857461798218203}"
condition Ar39<0.5 is true trips=1/1
04:58:35 -- Conditional tripped: Ar39<0.5 condition Ar39<0.5 is True
04:58:35 -- truncation conditional condition Ar39<0.5 is True. measurement iteration executed 64/120 counts
state changed from measurement to truncated
measurement finished
estimated time: 125.829 actual time: :67.290
flush and close file /Users/jan/PychronDev/data/isotopes/15/8070ed-16ec-45ea-9134-4acb1a912f05.h5
baselines () {'settling_time': 15.0, 'detector': 'H1', 'mass': 34.2, 'ncounts': 60.0}
%%%%%%%%%%%%%%%%%%%%%%%%%%%%%%%% Baseline
build tables- baseline [Detector(H2), Detector(H1), Detector(AX), Detector(L1), Detector(L2), Detector(CDD)]
add group baseline table H2
add group baseline table H1
add group baseline table AX
add group baseline table L1
add group baseline table L2
add group baseline table CDD
flush and close file /Users/jan/PychronDev/data/isotopes/15/8070ed-16ec-45ea-9134-4acb1a912f05.h5
detector Detector(H1)
POSITION 34.2 H1
Mapping mass to dac mass func: "parabolic"
H1 map mass coeffs = [-0.00063987  0.15840543  0.57035999]
H1 map mass to dac 34.2 >> 5.23940599104
GetDeflection H1 ===>> 0
GetHighVoltage ===>> 4499.94659342336
positioning 34.2 (5.23937513667) on H1
setting magnet DAC
current  : 5.878715
requested: 5.239375
Delta Dac: 0.639340
Checking detector protection. dv=0.63934
Checking detector "CDD". Protection Threshold: 0.1 (V)
ProtectDetector CDD,On ===>> OK
GetDeflection CDD ===>> 2000
SetMagnetDAC 5.23937513667 ===>> OK
Magnet settling time: 0.500
loading system conditionals pre_run_terminations
loading conditionals from /Users/jan/PychronDev/setupfiles/spectrometer/default_conditionals.yaml
loading queue conditionals pre_run_terminations
loading system conditionals None
loading conditionals from /Users/jan/PychronDev/setupfiles/spectrometer/default_conditionals.yaml
loading queue conditionals None
loading system conditionals post_run_terminations
loading conditionals from /Users/jan/PychronDev/setupfiles/spectrometer/default_conditionals.yaml
loading queue conditionals post_run_terminations
Show conditionals active run: <pychron.experiment.automated_run.automated_run.AutomatedRun object at 0x1374d5830>
Show conditionals measuring run: <pychron.experiment.automated_run.automated_run.AutomatedRun object at 0x1374d5830>
active_run same as measuring_run: True
GetMagnetMoving ===>> True
GetMagnetMoving ===>> True
GetMagnetMoving ===>> True
GetMagnetMoving ===>> True
GetMagnetMoving ===>> True
GetMagnetMoving ===>> True
Get Checksum: -860229079
GetMagnetMoving ===>> True
GetMagnetMoving ===>> True
GetMagnetMoving ===>> False
ProtectDetector CDD,Off ===>> OK
GetDeflection CDD ===>> 50
Delaying 15.0s for detectors to settle
Get Checksum: -860229079
Get Checksum: -860229079
Get Checksum: -860229079
Get Checksum: -860229079
Get Checksum: -860229079
Join finished
measuring baseline. ncounts=60.0
starting measurement
GetData ===>> H2,-0.361136492572899,H1,-0.0103202784637933,AX,-0.0539398753939046,L1,-0.0396815738470273,L2,-0....
GetData ===>> H2,-0.291410362690659,H1,0.00340904696567463,AX,-0.0880792549824668,L1,-0.00495303920725292,L2,0....
GetData ===>> H2,-0.26498347566341,H1,-0.00650345256325553,AX,-0.0552384342443672,L1,0.00581128976023253,L2,-0....
GetData ===>> H2,-0.308624761103868,H1,-0.0540840965484567,AX,-0.0357350388104528,L1,-0.0148309264541268,L2,0.0...
Get Checksum: -860229079
GetData ===>> H2,-0.158925281751036,H1,-0.0714412258159712,AX,-0.0279418640691792,L1,-0.0016380821357209,L2,-0....
GetData ===>> H2,-0.156268217500061,H1,-0.0570526651743506,AX,-0.121059617301974,L1,-0.00487386728783913,L2,0.0...
GetData ===>> H2,-0.14955988464677,H1,-0.0238330578428812,AX,-0.107409930938587,L1,-0.029998835162578,L2,-0.018...
Get Checksum: -860229079
GetData ===>> H2,-0.0976250757090176,H1,-0.0094615053255918,AX,-0.0867695438903157,L1,-0.0298586960606715,L2,-0...
GetData ===>> H2,-0.0999336090849433,H1,-0.0746238342770987,AX,0.0318845703919919,L1,-0.032140205142854,L2,-0.0...
GetData ===>> H2,-0.10196960352378,H1,-0.0468709423942169,AX,0.0361551497144315,L1,-0.0256044850426039,L2,-0.03...
Get Checksum: -860229079
GetData ===>> H2,-0.188321242224586,H1,-0.0117634778368235,AX,-0.0395734118724392,L1,-0.0422888115937423,L2,-0....
GetData ===>> H2,-0.137895064487723,H1,-0.0818111506092787,AX,-0.110642924478137,L1,-0.0451850822899856,L2,-0.1...
GetData ===>> H2,-0.246999493850985,H1,-0.0535475988471255,AX,-0.0901191238711007,L1,-0.0280391059776292,L2,-0....
Get Checksum: -860229079
GetData ===>> H2,-0.179600198694444,H1,-0.0616424473442343,AX,0.0294824518436274,L1,-0.0235336349397418,L2,-0.0...
GetData ===>> H2,-0.0926543829242964,H1,-0.0404919348823583,AX,-0.00766740900979692,L1,0.00655751622929001,L2,-...
GetData ===>> H2,-0.224592798467247,H1,-0.141868237094367,AX,-0.0571978339955612,L1,-0.0194482083612641,L2,-0.0...
Get Checksum: -860229079
GetData ===>> H2,-0.166807706443222,H1,-0.0495774264634761,AX,-0.0842196133122612,L1,-0.0335328089749074,L2,0.0...
GetData ===>> H2,-0.110072529298445,H1,0.00133342429784484,AX,-0.0934338196026283,L1,-0.0207886221417224,L2,-0....
GetData ===>> H2,-0.215973529928448,H1,0.00537734959780174,AX,-0.142478427185535,L1,0.0199425879535607,L2,0.001...
Get Checksum: -860229079
GetData ===>> H2,-0.231298662086868,H1,-0.0577083612301575,AX,-0.120862649029781,L1,-0.0195501244478363,L2,-0.0...
GetData ===>> H2,-0.273673292345477,H1,-0.0894150791425073,AX,-0.0357814248871132,L1,-0.0227581548419539,L2,-0....
GetData ===>> H2,-0.255624963274287,H1,-0.042650111906428,AX,-0.0116228831440655,L1,-0.0277204342037177,L2,-0.0...
Get Checksum: -860229079
GetData ===>> H2,-0.220530456874722,H1,0.0186793182625379,AX,-0.0955894702109837,L1,-0.0133944703471322,L2,-0.0...
GetData ===>> H2,-0.192948153294511,H1,-0.0157828573198902,AX,-0.0288232663192633,L1,0.0163043247474044,L2,-0.0...
Get Checksum: -860229079
04:59:18 -- collecting point 25
GetData ===>> H2,-0.247904845656661,H1,-0.0574699267978705,AX,-0.0937467395897277,L1,0.0215417251529742,L2,0.00...
GetData ===>> H2,-0.168348985405593,H1,-0.103143593077326,AX,-0.0903161543965384,L1,-0.0144695250428183,L2,-0.0...
GetData ===>> H2,-0.116385441446173,H1,-0.13516726494005,AX,-0.118371545287531,L1,-0.0235216496125852,L2,0.0449...
Get Checksum: -860229079
GetData ===>> H2,-0.134998957833738,H1,-0.0276611482647791,AX,-0.0859118474273289,L1,-0.0184853501457639,L2,-0....
GetData ===>> H2,-0.218190176277526,H1,-0.0154727625714777,AX,-0.0949172832103473,L1,-0.0433700718897474,L2,-0....
GetData ===>> H2,-0.264209050217602,H1,0.00800181331246388,AX,0.0147229084310685,L1,-0.0466167457168257,L2,-0.0...
Get Checksum: -860229079
GetData ===>> H2,-0.205160551658217,H1,0.047126409038012,AX,0.032441591854031,L1,-0.0192287855177183,L2,-0.0350...
GetData ===>> H2,-0.190551347510505,H1,-0.00563271876641276,AX,-0.103539467623678,L1,-0.00743584255551872,L2,-0...
GetData ===>> H2,-0.189730277628474,H1,-0.101093969304799,AX,-0.0337868036276969,L1,-0.0290609439699064,L2,-0.0...
Get Checksum: -860229079
GetData ===>> H2,-0.189035894542589,H1,-0.0895223404587807,AX,-0.0305048668912746,L1,0.00596125044832859,L2,0.0...
GetData ===>> H2,-0.208564380433984,H1,-0.127631115854654,AX,-0.115498006856486,L1,0.00808733333160586,L2,0.008...
GetData ===>> H2,-0.219111795383795,H1,0.0297039931583811,AX,-0.0588093817367122,L1,0.00136827848684515,L2,-0.0...
Get Checksum: -860229079
GetData ===>> H2,-0.18451664473265,H1,0.0362072115785097,AX,0.0306428881866115,L1,-0.0624275936302532,L2,0.0397...
GetData ===>> H2,-0.105443759464464,H1,-0.0391326171783611,AX,-0.0952997350043001,L1,-0.061007544565559,L2,-0.0...
GetData ===>> H2,-0.113037219682547,H1,-0.0660889706022737,AX,-0.0979536772515226,L1,-0.0332753774002207,L2,-0....
Get Checksum: -860229079
GetData ===>> H2,-0.197846806067876,H1,-0.0770911801664774,AX,-0.0767548869261637,L1,-0.0357329019372211,L2,-0....
GetData ===>> H2,-0.217480047145983,H1,-0.0590793481910488,AX,-0.0407793951145091,L1,0.0198224526540563,L2,0.01...
GetData ===>> H2,-0.187980080961374,H1,-0.0733245793795632,AX,-0.00425698848848162,L1,0.0117394359136978,L2,-0....
Get Checksum: -860229079
GetData ===>> H2,-0.198152932254425,H1,-0.0603430238850454,AX,-0.054623939805312,L1,-0.0190573206204987,L2,-0.0...
GetData ===>> H2,-0.122873362797098,H1,-0.0431747445930107,AX,-0.00749341085550942,L1,-0.00687456667038501,L2,0...
GetData ===>> H2,-0.112235881983619,H1,-0.0365093202912224,AX,-0.0363728454261625,L1,-0.0431365869906424,L2,0.0...
Get Checksum: -860229079
GetData ===>> H2,-0.186017866947833,H1,0.00717867865052142,AX,-0.0770910437512183,L1,-0.0447840363102701,L2,-0....
GetData ===>> H2,-0.136589068699492,H1,-0.0253714669178116,AX,-0.0217254320564914,L1,-0.0237613534423713,L2,-0....
Get Checksum: -860229079
GetData ===>> H2,-0.217651182914185,H1,-0.0578275782332714,AX,-0.0339955449770292,L1,-0.0329245414319135,L2,-0....
GetData ===>> H2,-0.19537052064872,H1,-0.0379402180264997,AX,-0.0615918473894582,L1,-0.00748980974144541,L2,-0....
04:59:45 -- collecting point 50
GetData ===>> H2,-0.273180251199659,H1,-0.107826587497661,AX,-0.0904204645131278,L1,-0.00502261401640224,L2,-0....
Get Checksum: -860229079
GetData ===>> H2,-0.091277915839195,H1,0.0214353731686547,AX,-0.120074771952726,L1,0.000190830340525725,L2,0.05...
GetData ===>> H2,-0.0918306903657734,H1,-0.052510361802338,AX,-0.124616563940176,L1,0.0163715768605225,L2,-0.05...
GetData ===>> H2,-0.22101812273808,H1,-0.10897049175409,AX,-0.094221912460511,L1,-0.0269297012253478,L2,-0.0302...
Get Checksum: -860229079
GetData ===>> H2,-0.289754843640828,H1,-0.0521884584644859,AX,-0.0146966743376339,L1,-0.0304719399257018,L2,0.0...
GetData ===>> H2,-0.179790474104301,H1,-0.0144828382922178,AX,-0.049638275430578,L1,0.00997142732172007,L2,0.10...
GetData ===>> H2,-0.0802513924600274,H1,-0.0370936060044567,AX,-0.0158681692065729,L1,-0.0307653734671469,L2,-0...
Get Checksum: -860229079
GetData ===>> H2,-0.129740079783354,H1,-0.0831222139978436,AX,-0.0904088745057235,L1,-0.00453198139582493,L2,-0...
GetData ===>> H2,-0.111648378897058,H1,-0.0367835772752787,AX,-0.084393474338257,L1,-0.0258369496963447,L2,-0.0...
GetData ===>> H2,-0.0696850191359459,H1,0.00664185534355894,AX,-0.03169936550988,L1,-0.0379494287971676,L2,-0.0...
Get Checksum: -860229079
GetData ===>> H2,-0.214715892502544,H1,-0.054656357593008,AX,-0.13832739018684,L1,-0.0495823691834133,L2,-0.017...
measurement finished
estimated time: 62.915 actual time: :63.122
flush and close file /Users/jan/PychronDev/data/isotopes/15/8070ed-16ec-45ea-9134-4acb1a912f05.h5
activate_detectors ('H1', 'AX', 'CDD') {'peak_center': True}
peak_center () {'detector': 'H1', 'isotope': 'Ar40'}
peak center: mean=1.98627632246 threshold=3
Skipping peak center. intensities to small. 1.98627632246<3
finished measure script
executed 278.04
jan_co2_whiff_120_60_large.py completed successfully
Measurement Finished
04:59:56 -- ******* Measurement Finished *******
Post Measurement Started jan_pump_ms.py
04:59:56 -- ******* Post Measurement Started jan_pump_ms.py *******
testing...
no interpolation path defined
executed 0
Pumping spectrometer
open () {'name': 'O'}
opening name=O desc=---
checking ownership. requestor=129.138.12.150
check software interlocks O
interlocks []
actuate state mode=None-script, software_lock=False
doing actuation None-script open_channel True
Open O ===>> OK
GetIndicatorState O ===>> OK
change switch state (True, True)
update switch state O True args=() kw={} ncanvase=2
04:59:56 -- OPEN   VALVE-O (Jan Ion Pump)
---------------------------------------- open O () result=[(True, True)], time=0.11 sec
action=open, ok=True, locked=[False]
executed 0
jan_pump_ms.py completed successfully
setting _ms_pumptime
Post Measurement Finished
04:59:57 -- ******* Post Measurement Finished *******
$$$$$$$$$$$$$$$$$$$$ state at run end truncated
post measurement save measured=True aborted=False
Set filtering
setting fod for Ar40= {'filter_outliers': True, 'std_devs': 2, 'iterations': 1}
setting fod for H1= {'filter_outliers': True, 'std_devs': 2, 'iterations': 1}
setting fod for PM41= {'filter_outliers': False, 'std_devs': 2, 'iterations': 1}
setting fod for H2= {'filter_outliers': True, 'std_devs': 2, 'iterations': 1}
setting fod for Ar36= {'filter_outliers': True, 'std_devs': 2, 'iterations': 1}
setting fod for CDD= {'filter_outliers': True, 'std_devs': 10, 'iterations': 1}
setting fod for Ar37= {'filter_outliers': True, 'std_devs': 2, 'iterations': 1}
setting fod for L2= {'filter_outliers': True, 'std_devs': 2, 'iterations': 1}
setting fod for Ar38= {'filter_outliers': True, 'std_devs': 2, 'iterations': 1}
setting fod for L1= {'filter_outliers': True, 'std_devs': 2, 'iterations': 1}
setting fod for Ar39= {'filter_outliers': True, 'std_devs': 2, 'iterations': 1}
setting fod for AX= {'filter_outliers': True, 'std_devs': 2, 'iterations': 1}
persistence save...
persistence save - db
post measurement save
5638974256 connecting to database sqlite:////Users/jan/PychronDev/.appdata/local_lab.db
connected to db sqlite:////Users/jan/PychronDev/.appdata/local_lab.db
create new session 5638974256
close session 5638974256
No database instance. Not saving post measurement to isotopedb database
$$$$$$$$$$$$$$$ auto_save_detector_ic=False
massspec enabled True
create new session 5010684144
MassSpec Database Version: 16.0
close session 5010684144
saving post measurement to secondary database
saving to massspec database 129.138.12.160/massspecdata
setting labnumber to 65518
setting aliquot to 13
setting step to 
setting uuid to 158070ed-16ec-45ea-9134-4acb1a912f05
setting irradpos to 65518
setting extract_device to Fusions CO2
setting tray to 
setting position to 177
setting power_requested to 5.0
setting extract_value to 5.0
setting duration to 30.0
setting duration_at_request to 30.0
setting first_stage_delay to 30.0
setting cleanup to 30.0
setting comment to F:20
setting irradiation to NM-289
setting level to F
setting irradiation_level to F
setting sample to MB-64b-djk
setting material to DetritalSanidine
setting project to IR943
setting mass_spectrometer to Jan
no attribute chron_dosages
no attribute production_ratios
no attribute interference_corrections
no attribute production_name
no attribute j
Reference Isotope=Ar40
Reference Detector=H1
%%%%%%%%%%%%%%%%%%%% Comment: F:20 %%%%%%%%%%%%%%%%%%%
adding isotope PM41 H2
add baseline dbdet= PM41. original det= H2
get baseline data PM41 H2
Get data baseline <pychron.processing.isotope.Baseline object at 0x1781f73d0> len t=60
baseline PM41. v=-0.180450387878, e=0.00789786735743
get signal data PM41 H2
Get data signal PM41 0.12+/-0.07 len t=64
adding isotope Ar40 H1
add baseline dbdet= Ar40. original det= H1
get baseline data Ar40 H1
Get data baseline <pychron.processing.isotope.Baseline object at 0x1781f7550> len t=60
baseline Ar40. v=-0.0416097992087, e=0.00499543213949
get signal data Ar40 H1
Get data signal Ar40 0.843+/-0.020 len t=64
adding isotope Ar39 AX
add baseline dbdet= Ar39. original det= AX
get baseline data Ar39 AX
Get data baseline <pychron.processing.isotope.Baseline object at 0x1781f7710> len t=60
baseline Ar39. v=-0.061740986202, e=0.00593022828929
get signal data Ar39 AX
Get data signal Ar39 0.097+/-0.020 len t=64
adding isotope Ar38 L1
add baseline dbdet= Ar38. original det= L1
get baseline data Ar38 L1
Get data baseline <pychron.processing.isotope.Baseline object at 0x1781f78d0> len t=60
baseline Ar38. v=-0.0171804294132, e=0.00254243952849
get signal data Ar38 L1
Get data signal Ar38 0.023+/-0.007 len t=64
adding isotope Ar37 L2
add baseline dbdet= Ar37. original det= L2
get baseline data Ar37 L2
Get data baseline <pychron.processing.isotope.Baseline object at 0x1781f7a50> len t=60
baseline Ar37. v=-0.0255428399662, e=0.00544336090965
get signal data Ar37 L2
Get data signal Ar37 0.078+/-0.023 len t=64
adding isotope Ar36 CDD
add baseline dbdet= Ar36. original det= CDD
get baseline data Ar36 CDD
Get data baseline <pychron.processing.isotope.Baseline object at 0x1781f7c10> len t=60
baseline Ar36. v=9.92436074678e-06, e=4.83437743744e-06
get signal data Ar36 CDD
Get data signal Ar36 0.0087+/-0.0004 len t=64
65518-13 added analysis time 0.487399816513s
analysis added to mass spec database
mass spec save time= 0.496
persistence save - dvc
================= post measurement started
create new session 4983034992
close session 4983034992
Get Checksum: -1965264452
---------------- Experiment Queue saving disabled
DVC saving peakcenter
Smart pull ahead: 0 behind: 0
Up-to-date with origin
add to repo msg=modified - ad8224ebc6dbfeb9f5997218dfa5fe690569839d.json
add to repo msg=modified - 18-13.json
add to repo msg=modified - 18-13.dat.json
add to repo msg=modified - 18-13.blan.json
add to repo msg=modified - 18-13.inte.json
add to repo msg=modified - 18-13.icfa.json
add to repo msg=modified - 18-13.base.json
not at valid file /Users/jan/PychronDev/data/.dvc/repositories/Load1782/655/tags/18-13.tags.json
add to repo msg=modified - 18-13.peak.json
add to repo msg=modified - 18-13.extr.json
not at valid file /Users/jan/PychronDev/data/.dvc/repositories/Load1782/655/monitor/18-13.moni.json
commit message=<COLLECTION>
add to repo msg=modified - 18-13.inte.json
Get Checksum: -1965264452
add to repo msg=modified - 18-13.base.json
commit message=<ISOEVO> default collection fits
add to repo msg=modified - 18-13.blan.json
commit message=<BLANKS> preceding bc-02-J-248
add to repo msg=modified - 18-13.icfa.json
commit message=<ICFactor> default
push repository <pychron.git_archive.repo_manager.GitRepoManager object at 0x176c83e30>
pushing to remote=origin, url=https://github.com
Get Checksum: -1965264452
Get Checksum: -1965264452
no changes to meta repo
create new session 4983034992
add association Load1782
get identifier "65518"
setting analysis irradiation position=<pychron.dvc.dvc_orm.IrradiationPositionTbl object at 0x151625d10>
close session 4983034992
================= post measurement finished
05:00:09 -- ******* Post Run Check *******
loading queue conditionals post_run_actions
loading system conditionals post_run_actions
loading conditionals from /Users/jan/PychronDev/setupfiles/spectrometer/default_conditionals.yaml
loading queue conditionals post_run_terminations
loading system conditionals post_run_terminations
loading conditionals from /Users/jan/PychronDev/setupfiles/spectrometer/default_conditionals.yaml
Checking default post run terminations n=1
GetDeflection CDD ===>> 50
testing CDD==2000
evaluate ot="CDD.deflection==2000" t="CDD==2000", ctx="{'CDD': 50.0}"
05:00:09 -- ******* Post Run Check Passed *******
05:00:09 -- Automated run 65518-13 truncated duration: 268.007 s
----------------- finish -----------------
----------------- stop -----------------
retroactive repository identifiers disabled
finish run. runs completed=82
write rem/ex queues
/Users/jan/PychronDev/experiments/rem/CurrentExperiment.rem.txt
/Users/jan/PychronDev/experiments/rem/CurrentExperiment.ex.txt
doing event level: 3
