do run
loading script "jan_co2_whiff_120_60_large.py"
loading script "jan_pump_ms.py"
loading script "jan_co2.py"
loading script "jan_pump_extraction_line.py"
testing...
no interpolation path defined
executed 266.04
script duration name:co2_whiff_120_60_large seconds:266.0
loading script "jan_co2_whiff_120_60_large.py"
loading script "jan_pump_ms.py"
loading script "jan_co2.py"
loading script "jan_pump_extraction_line.py"
testing...
no interpolation path defined
executed 0
loading script "jan_co2_whiff_120_60_large.py"
loading script "jan_pump_ms.py"
loading script "jan_co2.py"
loading script "jan_pump_extraction_line.py"
testing...
no interpolation path defined
calculate duration
testing...
no interpolation path defined
executed 0
calculate duration
testing...
no interpolation path defined
executed 0
executed 0.0
script duration name:co2 seconds:0.0
loading script "jan_co2_whiff_120_60_large.py"
loading script "jan_pump_ms.py"
loading script "jan_co2.py"
loading script "jan_pump_extraction_line.py"
testing...
no interpolation path defined
calculate duration
testing...
no interpolation path defined
executed 4.0
executed 4.0
Script duration 266.0
Run total estimated duration= 267.000
run duration: 0:04:27
doing event level: 2
07:04:56 -- Setting default integration. t=1.048576
setting integration time = 1.048576
SetIntegrationTime 1.048576 ===>> OK
----------------- start -----------------
**************** Experiment Type: Ar/Ar, Ar/Ar
create new session 4985261232
close session 4985261232
$$$$$ Clearing conditionals
adding conditionals detrital
extract conditionals from file. /Users/jan/PychronDev/scripts/conditionals/detrital.yaml
no attr for this modification cd={'extraction_str': '', 'attr': '', 'mapper': '', 'use_termination': False, 'start_count': 0, 'nskip': 0, 'window': 0, 'frequency': 1, 'teststr': '', 'action': 'Skip Next Run', 'ntrips': 1, 'use_truncation': False}
no attr for this cancelation cd={'mapper': '', 'window': 0, 'frequency': 1, 'attr': '', 'teststr': '', 'start_count': 0, 'ntrips': 1}
adding truncation attr="age" test="age>100.0" start="60"
adding truncation attr="Ar39" test="Ar39<0.5" start="60"
no attr for this termination cd={'mapper': '', 'window': 0, 'frequency': 1, 'attr': '', 'teststr': '', 'start_count': 0, 'ntrips': 1}
Invalid conditional kind="pre_run_terminations"
no attr for this action cd={'mapper': '', 'attr': '', 'start_count': 0, 'window': 0, 'frequency': 1, 'teststr': '', 'action': None, 'ntrips': 1}
Invalid conditional kind="post_run_terminations"
Add queue conditionals
add default conditionals
adding default conditionals from /Users/jan/PychronDev/setupfiles/spectrometer/default_conditionals.yaml
Start automated run 65518-24
loading script "jan_co2_whiff_120_60_large.py"
loading script "jan_pump_ms.py"
loading script "jan_co2.py"
loading script "jan_pump_extraction_line.py"
%%%%%%%%%%%%%%%%%% setting automated run 65518-24
No value "sensitivity_multiplier" in metadata
$$$$$$$$$$$$$$$ auto_save_detector_ic=False
============================= Pre Extraction Check =============================
loading queue conditionals pre_run_terminations
loading system conditionals pre_run_terminations
loading conditionals from /Users/jan/PychronDev/setupfiles/spectrometer/default_conditionals.yaml
07:04:56 -- ******* Pre Extraction Check *******
Get a measurement from the spectrometer
GetData ===>> H2,-0.185673938737698,H1,0.0138474570696047,AX,0.0472386411716667,L1,-0.0341961139132415,L2,4.247...
Pre Extraction Termination data. keys=H2,H1,AX,L1,L2,CDD, signals=-0.18567,0.01385,0.04724,-0.03420,0.00000,0.00447
07:04:56 -- testing system defined conditionals
Checking default pre extraction terminations n=2
testing CDD
evaluate ot="CDD.inactive" t="CDD", ctx="{'CDD': False}"
GetDeflection CDD ===>> 50
testing CDD==2000
evaluate ot="CDD.deflection==2000" t="CDD==2000", ctx="{'CDD': 50.0}"
07:04:56 -- ******* Pre Extraction Check Passed *******
=================================================================================
07:04:56 -- stopping status monitor
stop 4976082864
Alive clients [4983386864]
07:04:56 -- starting status monitor
start 4976082864
Monitor already running
start extraction
do extraction
Analysis started at 07:04:56.851084
Extraction Started jan_co2.py
07:04:56 -- ******* Extraction Started jan_co2.py *******
state changed from not run to extraction
DO EXTRACTION <pychron.extraction_line.pyscript_runner.RemotePyScriptRunner object at 0x12bb183b0>
testing...
no interpolation path defined
calculate duration
testing...
no interpolation path defined
executed 0
calculate duration
testing...
no interpolation path defined
executed 0
executed 100.0
Jan CO2 laser analysis
doing GOSUB
testing...
no interpolation path defined
executed 0
Waiting for CO2 access
wait ('FelixCO2Flag', 0) {}
waiting for FelixCO2Flag = 0
Read FelixCO2Flag ===>> 0
finished waiting
CO2 free
wait ('CO2PumpTimeFlag', 0) {}
waiting for CO2PumpTimeFlag = 0
Read CO2PumpTimeFlag ===>> 0
finished waiting
acquire ('JanCO2Flag',) {'clear': True}
acquire JanCO2Flag
Set JanCO2Flag 1 ===>> OK
JanCO2Flag acquired
set extraction state False (0.75, 'red', 1.5)
CO2 acquired
executed 0
WaitForCO2Access.py completed successfully
gosub finished
doing GOSUB
testing...
no interpolation path defined
executed 0
Prepare for CO2 analysis
close () {'description': 'Jan Inlet'}
closing name=--- desc=Jan Inlet
checking ownership. requestor=129.138.12.150
check software interlocks R
interlocks []
actuate state mode=None-script, software_lock=False
doing actuation None-script close_channel False
Close R ===>> OK
GetIndicatorState R ===>> False
change switch state (True, True)
update switch state R False args=() kw={} ncanvase=2
07:04:57 -- CLOSE  VALVE-R (Jan Inlet)
---------------------------------------- close None (Jan Inlet) result=[(True, True)]
action=close, ok=True, locked=[False]
open () {'description': 'Jan Ion Pump'}
opening name=--- desc=Jan Ion Pump
checking ownership. requestor=129.138.12.150
check software interlocks O
interlocks []
actuate state mode=None-script, software_lock=False
doing actuation None-script open_channel False
Open O ===>> OK
GetIndicatorState O ===>> OK
change switch state (True, True)
update switch state O True args=() kw={} ncanvase=2
07:04:57 -- OPEN   VALVE-O (Jan Ion Pump)
---------------------------------------- open None (Jan Ion Pump) result=[(True, True)], time=0.13 sec
action=open, ok=True, locked=[False]
close () {'description': 'Microbone to Minibone'}
closing name=--- desc=Microbone to Minibone
checking ownership. requestor=129.138.12.150
check software interlocks L
interlocks []
actuate state mode=None-script, software_lock=False
doing actuation None-script close_channel False
Close L ===>> OK
GetIndicatorState L ===>> False
change switch state (True, True)
update switch state L False args=() kw={} ncanvase=2
07:04:58 -- CLOSE  VALVE-L (Microbone to Minibone)
---------------------------------------- close None (Microbone to Minibone) result=[(True, True)]
action=close, ok=True, locked=[False]
open () {'description': 'Microbone to Turbo'}
opening name=--- desc=Microbone to Turbo
checking ownership. requestor=129.138.12.150
check software interlocks U
interlocks []
actuate state mode=None-script, software_lock=False
doing actuation None-script open_channel False
Open U ===>> OK
GetIndicatorState U ===>> OK
change switch state (True, True)
update switch state U True args=() kw={} ncanvase=2
07:04:58 -- OPEN   VALVE-U (Microbone to Turbo)
---------------------------------------- open None (Microbone to Turbo) result=[(True, True)], time=0.14 sec
action=open, ok=True, locked=[False]
open () {'description': 'Microbone to Inlet Pipette'}
opening name=--- desc=Microbone to Inlet Pipette
checking ownership. requestor=129.138.12.150
check software interlocks S
interlocks []
actuate state mode=None-script, software_lock=False
doing actuation None-script open_channel False
Open S ===>> OK
GetIndicatorState S ===>> OK
change switch state (True, True)
update switch state S True args=() kw={} ncanvase=2
Get Checksum: -1965264452
07:04:59 -- OPEN   VALVE-S (Microbone to Inlet Pipette)
---------------------------------------- open None (Microbone to Inlet Pipette) result=[(True, True)], time=0.45 sec
action=open, ok=True, locked=[False]
open () {'description': 'Microbone to Getter D-50'}
opening name=--- desc=Microbone to Getter D-50
checking ownership. requestor=129.138.12.150
check software interlocks K
interlocks []
actuate state mode=None-script, software_lock=False
doing actuation None-script open_channel False
Open K ===>> OK
GetIndicatorState K ===>> OK
change switch state (True, True)
update switch state K True args=() kw={} ncanvase=2
07:05:00 -- OPEN   VALVE-K (Microbone to Getter D-50)
---------------------------------------- open None (Microbone to Getter D-50) result=[(True, True)], time=0.45 sec
action=open, ok=True, locked=[False]
open () {'description': 'Microbone to Getter NP-10'}
opening name=--- desc=Microbone to Getter NP-10
checking ownership. requestor=129.138.12.150
check software interlocks M
interlocks []
actuate state mode=None-script, software_lock=False
doing actuation None-script open_channel False
Open M ===>> OK
GetIndicatorState M ===>> OK
change switch state (True, True)
update switch state M True args=() kw={} ncanvase=2
07:05:00 -- OPEN   VALVE-M (Microbone to Getter NP-10)
---------------------------------------- open None (Microbone to Getter NP-10) result=[(True, True)], time=0.16 sec
action=open, ok=True, locked=[False]
close () {'description': 'CO2 Laser to Felix'}
closing name=--- desc=CO2 Laser to Felix
checking ownership. requestor=129.138.12.150
check software interlocks F
interlocks []
actuate state mode=None-script, software_lock=True
VALVE-F(CO2 Laser to Felix) software locked
change switch state (True, False)
---------------------------------------- close None (CO2 Laser to Felix) result=[(True, False)]
action=close, ok=True, locked=[True]
open () {'description': 'CO2 Laser to Jan'}
opening name=--- desc=CO2 Laser to Jan
checking ownership. requestor=129.138.12.150
check software interlocks A
interlocks []
actuate state mode=None-script, software_lock=False
doing actuation None-script open_channel False
Open A ===>> OK
GetIndicatorState A ===>> OK
change switch state (True, True)
update switch state A True args=() kw={} ncanvase=2
07:05:00 -- OPEN   VALVE-A (CO2 Laser to Jan)
---------------------------------------- open None (CO2 Laser to Jan) result=[(True, True)], time=0.14 sec
action=open, ok=True, locked=[False]
open () {'description': 'Microbone to CO2 Laser'}
opening name=--- desc=Microbone to CO2 Laser
checking ownership. requestor=129.138.12.150
check software interlocks T
interlocks []
actuate state mode=None-script, software_lock=False
doing actuation None-script open_channel False
Open T ===>> OK
GetIndicatorState T ===>> OK
change switch state (True, True)
update switch state T True args=() kw={} ncanvase=2
07:05:01 -- OPEN   VALVE-T (Microbone to CO2 Laser)
---------------------------------------- open None (Microbone to CO2 Laser) result=[(True, True)], time=0.47 sec
action=open, ok=True, locked=[False]
executed 0
PrepareForCO2Analysis.py completed successfully
gosub finished
set_motor ('beam', '1.25') {}
setting motor "beam" to 1.25
set motor beam to 1.25
SetMotor beam,1.25 ===>> OK
Get Checksum: -1965264452
GetMotorMoving beam ===>> False
GetMotorMoving beam ===>> False
Block completed
move_to_position ('188',) {'autocenter': True}
FusionsCO2 move to position 188
sending GoToHole 188,True
GoToHole 188,True ===>> OK
GetDriveMoving ===>> OK
GetDriveMoving ===>> OK
GetDriveMoving ===>> OK
GetDriveMoving ===>> OK
GetDriveMoving ===>> OK
GetDriveMoving ===>> OK
GetDriveMoving ===>> OK
GetDriveMoving ===>> False
Get Checksum: -1965264452
GetDriveMoving ===>> OK
GetDriveMoving ===>> OK
GetDriveMoving ===>> OK
GetDriveMoving ===>> OK
GetDriveMoving ===>> OK
GetDriveMoving ===>> False
Block completed
GetAutoCorrecting ===>> False
GetAutoCorrecting ===>> False
Block completed
update position
GetPosition ===>> -3.98780,-9.96950,1.00000
got position (-3.9878, -9.9695, 1.0)
move to position succeeded
sleep (5,) {}
SLEEP 5.0
block started
WaitControl setup for 5.0  
Get Checksum: -1965264452
Join finished
block finished. duration 5.03591609001
close () {'description': 'Microbone to Turbo'}
closing name=--- desc=Microbone to Turbo
checking ownership. requestor=129.138.12.150
check software interlocks U
interlocks []
actuate state mode=None-script, software_lock=False
doing actuation None-script close_channel True
Close U ===>> OK
GetIndicatorState U ===>> False
change switch state (True, True)
update switch state U False args=() kw={} ncanvase=2
07:05:13 -- CLOSE  VALVE-U (Microbone to Turbo)
---------------------------------------- close None (Microbone to Turbo) result=[(True, True)]
action=close, ok=True, locked=[False]
enable laser
Get Checksum: 1551197106
enable () {}
set extraction state FusionsCO2 Enabled (False, 'red', 1.5)
enabling laser
Enable ===>> OK
begin interval
BEGIN INTERVAL Interval 1 waiting for 30.0
block started
set extract to 5.0
WaitControl setup for 30.0  
extract (5.0,) {}
GetPosition ===>> -3.98780,-9.96950,1.00000
set extraction state FusionsCO2 ON! 5.0(watts) (0.75, 'red', 1.5)
extract sample to 5.0 (watts)
set laser output
SetLaserOutput 5.0,watts ===>> OK
executing pattern triangle.lp
execute_pattern ('triangle.lp',) {}
executing pattern triangle.lp
IsPatterning ===>> OK
Get Checksum: 1551197106
IsPatterning ===>> OK
IsPatterning ===>> OK
IsPatterning ===>> OK
Get Checksum: 1551197106
IsPatterning ===>> OK
IsPatterning ===>> OK
IsPatterning ===>> OK
Get Checksum: 1551197106
IsPatterning ===>> OK
IsPatterning ===>> OK
IsPatterning ===>> OK
Get Checksum: 1551197106
IsPatterning ===>> OK
IsPatterning ===>> OK
IsPatterning ===>> OK
Get Checksum: 1551197106
IsPatterning ===>> OK
IsPatterning ===>> OK
IsPatterning ===>> OK
Get Checksum: 1551197106
IsPatterning ===>> OK
IsPatterning ===>> OK
IsPatterning ===>> OK
Get Checksum: 1551197106
IsPatterning ===>> OK
IsPatterning ===>> OK
IsPatterning ===>> OK
Get Checksum: 1551197106
IsPatterning ===>> OK
IsPatterning ===>> OK
IsPatterning ===>> OK
Get Checksum: 1551197106
IsPatterning ===>> OK
IsPatterning ===>> OK
IsPatterning ===>> OK
Get Checksum: 1551197106
Join finished
block finished. duration 30.1063859463
Interval 1 finished
IsPatterning ===>> False
IsPatterning ===>> False
Block completed
COMPLETE INTERVAL waiting for Interval 1 to complete
end_extract () {}
ending extraction. set laser power to 0
set laser power 0
SetLaserPower 0 ===>> OK
disable () {}
%%%%%%%%%%%%%%%%%%%%%%%%%%%%%%%%%%% disable
set extraction state False (0.75, 'red', 1.5)
disabling laser
Disable ===>> OK
sleep (30.0,) {}
SLEEP 30.0
block started
WaitControl setup for 30.0  
Get Checksum: 1551197106
Get Checksum: 1551197106
Get Checksum: 1551197106
Get Checksum: 1551197106
Get Checksum: 1551197106
Get Checksum: 1551197106
Get Checksum: 1551197106
Get Checksum: 1551197106
Get Checksum: 1551197106
Get Checksum: 1551197106
Join finished
block finished. duration 30.0961990356
executed 165.0
jan_co2.py completed successfully
GetAchievedOutput ===>> No Response
Requested Output= 0.000
Achieved Output=  0.000
GetResponseBlob ===>> No Response
GetOutputBlob ===>> No Response
persistence save...
persistence save - db
AutomatedRunPersister post_extraction_save deprecated
persistence save - dvc
no extraction position for 188
create new session 4983034992
close session 4983034992
Extraction Finished
07:06:15 -- ******* Extraction Finished *******
no overlap. not waiting for min ms pumptime
07:06:15 -- Sending spectrometer configuration
======== Sending configuration ========
SetDeflection CDD,50.0 ===>> OK
SetDeflection H2,0.0 ===>> OK
SetDeflection H1,0.0 ===>> OK
SetDeflection L2,825.0 ===>> OK
SetDeflection L1,400.0 ===>> OK
SetDeflection AX,190.0 ===>> OK
SetZFocus 74.64 ===>> OK
SetZSymmetry -50.72 ===>> OK
SetExtractionLens 26.13 ===>> OK
SetIonRepeller -3.81 ===>> OK
SetElectronEnergy 75.08 ===>> OK
SetYSymmetry -2.81 ===>> OK
SetIonCounterVoltage 1590.0 ===>> OK
send trap current 200.0
GetParameter Trap Current Readback ===>> 198.258926936459
SetParameter Trap Current Set,200.0 ===>> OK
updating mftable name mftable
Using mftable located at /Users/jan/PychronDev/setupfiles/spectrometer/mftables/mftable.csv
============ MFtable ===========
Isotope  H2     H1     AX     L1     L2     CDD    
Ar40     5.7772 5.8788 5.9922 6.1172 6.2305 6.3454
Ar39     5.6765 5.7710 5.8846 6.0032 6.1156 6.2319
Ar36     5.3540 5.4401 5.5480 5.6621 5.7706 5.8830
================================
get initial guess parabolic
get initial guess parabolic
get initial guess parabolic
get initial guess parabolic
get initial guess parabolic
get initial guess parabolic
======== Configuration Finished ========
GetYSymmetry ===>> -2.81
GetZSymmetry ===>> -50.72
GetParameter Trap Current Readback ===>> 197.811389855338
GetHighVoltage ===>> 4499.94659342336
start measurement
do measurement
L#=65518 analysis type=unknown
Measurement Started jan_co2_whiff_120_60_large.py
07:06:15 -- ******* Measurement Started jan_co2_whiff_120_60_large.py *******
state changed from extraction to measurement
setting spec, defl, and gains
GetExtractionLens ===>> 26.13
GetYSymmetry ===>> -2.81
GetZSymmetry ===>> -50.72
GetZFocus ===>> 74.64
GetDeflection H2 ===>> 0
GetDeflection H1 ===>> 0
GetDeflection AX ===>> 190
GetDeflection L1 ===>> 400
GetDeflection L2 ===>> 825
GetDeflection CDD ===>> 50
GetGain H2 ===>> 0.0113
GetGain H1 ===>> 0.1
GetGain AX ===>> 0.097049
GetGain L1 ===>> 0.010355
GetGain L2 ===>> 0.095649
GetGain CDD ===>> 0
pre measurement save
New frame /Users/jan/PychronDev/data/isotopes/03/6e5832-a5c0-4e8f-ab80-bec934158d6d.h5
flush and close file /Users/jan/PychronDev/data/isotopes/03/6e5832-a5c0-4e8f-ab80-bec934158d6d.h5
testing...
no interpolation path defined
executed 266.04
co2 whiff measurement script
activate_detectors ('H2', 'H1', 'AX', 'L1', 'L2', 'CDD') {}
activate detectors
*************** Set Analysis View Ar/Ar
create graphs
clearing graphs
clear isotope group
setting isotope det=H2, iso=PM41
setting isotope det=H1, iso=Ar40
setting isotope det=AX, iso=Ar39
setting isotope det=L1, iso=Ar38
setting isotope det=L2, iso=Ar37
setting isotope det=CDD, iso=Ar36
setting previous blanks
 - setting Ar40 blank 0.211+/-0.007
 - setting Ar36 blank 0.00445+/-0.00017
 - setting Ar37 blank 0.044+/-0.005
 - setting Ar38 blank 0.0059+/-0.0022
 - setting PM41 blank 0.03+/-0.07
 - setting Ar39 blank 0.036+/-0.008
load analysis view
position_magnet ('Ar40',) {'detector': 'H1'}
detector Detector(H1)
POSITION Ar40 H1
setting detector H2 to PM41 (40.9624)
setting detector H1 to Ar40 (39.9624)
setting detector AX to Ar39 (38.9624)
setting detector L1 to Ar38 (37.9624)
setting detector L2 to Ar37 (36.9624)
setting detector CDD to Ar36 (35.9624)
Mapping mass to dac mass func: "parabolic"
H1 map mass coeffs = [-0.00063987  0.15840543  0.57038999]
H1 map mass to dac 39.9624 >> 5.87878
GetDeflection H1 ===>> 0
GetHighVoltage ===>> 4499.94659342336
positioning Ar40 (5.87874538042) on H1
setting magnet DAC
current  : 5.878746
requested: 5.878745
Delta Dac: 0.000000
Checking detector protection. dv=0.00000
Checking detector "CDD". Protection Threshold: 0.1 (V)
SetMagnetDAC 5.87874538042 ===>> OK
Magnet settling time: 0.500
close ('S',) {}
closing name=S desc=---
checking ownership. requestor=129.138.12.150
check software interlocks S
interlocks []
actuate state mode=None-script, software_lock=False
doing actuation None-script close_channel True
Close S ===>> OK
Get Checksum: 1048995596
State checksums do not match. Local:1551197106 Remote:1048995596
State checksum failed
GetIndicatorState S ===>> False
change switch state (True, True)
update switch state S False args=() kw={} ncanvase=2
07:06:17 -- CLOSE  VALVE-S (Microbone to Inlet Pipette)
---------------------------------------- close S () result=[(True, True)]
action=close, ok=True, locked=[False]
equilibrate () {'do_post_equilibration': False, 'inlet': 'R', 'outlet': 'O', 'eqtime': 4}
Equilibration Started
07:06:18 -- ******* Equilibration Started *******
checking ownership. requestor=129.138.12.150
check software interlocks O
interlocks []
actuate state mode=None-script, software_lock=False
doing actuation None-script close_channel True
Close O ===>> OK
GetIndicatorState O ===>> False
change switch state (True, True)
update switch state O False args=() kw={} ncanvase=2
07:06:18 -- CLOSE  VALVE-O (Jan Ion Pump)
waiting 3s before opening inlet value ('R',)
Get Checksum: 1174506924
checking ownership. requestor=129.138.12.150
check software interlocks R
interlocks []
actuate state mode=None-script, software_lock=False
doing actuation None-script open_channel True
Open R ===>> OK
GetIndicatorState R ===>> OK
change switch state (True, True)
update switch state R True args=() kw={} ncanvase=2
07:06:21 -- OPEN   VALVE-R (Jan Inlet)
equilibrating for 4sec
set_time_zero (0,) {}
sniff (4,) {}
py_sniff
build tables- sniff [Detector(H2), Detector(H1), Detector(AX), Detector(L1), Detector(L2), Detector(CDD)]
add group /sniff/PM41 (Group) '' table H2
add group /sniff/Ar40 (Group) '' table H1
add group /sniff/Ar39 (Group) '' table AX
add group /sniff/Ar38 (Group) '' table L1
add group /sniff/Ar37 (Group) '' table L2
add group /sniff/Ar36 (Group) '' table CDD
flush and close file /Users/jan/PychronDev/data/isotopes/03/6e5832-a5c0-4e8f-ab80-bec934158d6d.h5
measuring sniff. ncounts=4
starting measurement
GetData ===>> H2,1.02961451816797,H1,0.831047042266353,AX,2.62093588776746,L1,0.0983792812502645,L2,0.702772056...
GetData ===>> H2,6.21118498537021,H1,3.36310483053175,AX,5.94189469549109,L1,0.882569733298324,L2,1.08755967183...
Get Checksum: 1427694182
GetData ===>> H2,2.7703391309011,H1,3.13254804791463,AX,2.53179778040967,L1,0.794151318562841,L2,0.424717809457...
GetData ===>> H2,0.979463994092724,H1,2.88162057703067,AX,1.45859123782192,L1,0.495140517509553,L2,0.1697909017...
Equilibration Finished
07:06:25 -- ******* Equilibration Finished *******
checking ownership. requestor=129.138.12.150
check software interlocks R
interlocks []
actuate state mode=None-script, software_lock=False
doing actuation None-script close_channel True
Close R ===>> OK
measurement finished
estimated time: 4.194 actual time: :4.255
flush and close file /Users/jan/PychronDev/data/isotopes/03/6e5832-a5c0-4e8f-ab80-bec934158d6d.h5
set_fits () {}
using default fits file=/Users/jan/PychronDev/scripts/measurement/fits/nominal_linear.yaml
set "Ar40" to "('Linear', 'SEM')"
No fit for "PM41". defaulting to linear. check the measurement script "jan_co2_whiff_120_60_large.py"
set "PM41" to "linear"
set "Ar36" to "('Linear', 'SEM')"
set "Ar37" to "('linear', 'SEM')"
set "Ar38" to "('linear', 'SEM')"
set "Ar39" to "('Linear', 'SEM')"
set_baseline_fits () {}
using default fits file=/Users/jan/PychronDev/scripts/measurement/fits/nominal_linear.yaml
GetIndicatorState R ===>> False
change switch state (True, True)
update switch state R False args=() kw={} ncanvase=2
set "H1" to "('average', 'SEM')"
set "H2" to "('average', 'SEM')"
set "CDD" to "('average', 'SEM')"
set "L2" to "('average', 'SEM')"
set "L1" to "('average', 'SEM')"
set "AX" to "('average', 'SEM')"
whiff () {'ncounts': 1, 'conditionals': [{'action': 'run_remainder', 'attr': 'Ar40', 'teststr': 'Ar40.cur<=175'}, {'action': 'run_pipette', 'attr': 'Ar40', 'teststr': 'Ar40.cur>500'}, {'action': 'run_chamber_split', 'attr': 'Ar40', 'teststr': 'Ar40.cur>=300'}, {'action': 'pump', 'attr': 'Ar40', 'teststr': 'Ar40.cur>175'}]}
build tables- whiff [Detector(H2), Detector(H1), Detector(AX), Detector(L1), Detector(L2), Detector(CDD)]
07:06:26 -- CLOSE  VALVE-R (Jan Inlet)
add group /whiff/PM41 (Group) '' table H2
add group /whiff/Ar40 (Group) '' table H1
add group /whiff/Ar39 (Group) '' table AX
add group /whiff/Ar38 (Group) '' table L1
add group /whiff/Ar37 (Group) '' table L2
add group /whiff/Ar36 (Group) '' table CDD
flush and close file /Users/jan/PychronDev/data/isotopes/03/6e5832-a5c0-4e8f-ab80-bec934158d6d.h5
measuring whiff. ncounts=1
Get Checksum: 1174506924
starting measurement
GetData ===>> H2,0.42842260977501,H1,2.79857728256505,AX,1.05070937122669,L1,0.299899671304365,L2,0.08932547732...
testing Ar40<=175
evaluate ot="Ar40.cur<=175" t="Ar40<=175", ctx="{'Ar40': 2.7985772825650499}"
condition Ar40<=175 is true trips=1/1
07:06:28 -- Conditional tripped: Ar40.cur<=175 condition Ar40<=175 is True
measurement finished
estimated time: 1.049 actual time: :1.132
flush and close file /Users/jan/PychronDev/data/isotopes/03/6e5832-a5c0-4e8f-ab80-bec934158d6d.h5
WHIFF Result=run_remainder
Whiff result=run_remainder
open ('R',) {}
opening name=R desc=---
checking ownership. requestor=129.138.12.150
check software interlocks R
interlocks []
actuate state mode=None-script, software_lock=False
doing actuation None-script open_channel True
Open R ===>> OK
GetIndicatorState R ===>> OK
change switch state (True, True)
update switch state R True args=() kw={} ncanvase=2
07:06:28 -- OPEN   VALVE-R (Jan Inlet)
---------------------------------------- open R () result=[(True, True)], time=0.64 sec
action=open, ok=True, locked=[False]
open ('S',) {}
opening name=S desc=---
checking ownership. requestor=129.138.12.150
check software interlocks S
interlocks []
actuate state mode=None-script, software_lock=False
doing actuation None-script open_channel True
Open S ===>> OK
GetIndicatorState S ===>> OK
change switch state (True, True)
update switch state S True args=() kw={} ncanvase=2
07:06:29 -- OPEN   VALVE-S (Microbone to Inlet Pipette)
---------------------------------------- open S () result=[(True, True)], time=0.45 sec
action=open, ok=True, locked=[False]
sleep (12.0,) {}
SLEEP 12.0
block started
WaitControl setup for 12.0  
Get Checksum: -1449001502
Get Checksum: -1449001502
Get Checksum: -1449001502
Get Checksum: -1449001502
Join finished
block finished. duration 12.0631239414
close ('R',) {}
closing name=R desc=---
checking ownership. requestor=129.138.12.150
check software interlocks R
interlocks []
actuate state mode=None-script, software_lock=False
doing actuation None-script close_channel True
Close R ===>> OK
Get Checksum: -598318598
State checksums do not match. Local:-1449001502 Remote:-598318598
State checksum failed
GetIndicatorState R ===>> False
change switch state (True, True)
update switch state R False args=() kw={} ncanvase=2
07:06:42 -- CLOSE  VALVE-R (Jan Inlet)
---------------------------------------- close R () result=[(True, True)]
action=close, ok=True, locked=[False]
post_equilibration () {}
multicollect () {'integration_time': 1, 'ncounts': 120.0}
build tables- signal [Detector(H2), Detector(H1), Detector(AX), Detector(L1), Detector(L2), Detector(CDD)]
Post Equilibration Started jan_pump_extraction_line.py
add group /signal/PM41 (Group) '' table H2
add group /signal/Ar40 (Group) '' table H1
07:06:42 -- ******* Post Equilibration Started jan_pump_extraction_line.py *******
add group /signal/Ar39 (Group) '' table AX
add group /signal/Ar38 (Group) '' table L1
testing...
add group /signal/Ar37 (Group) '' table L2
no interpolation path defined
add group /signal/Ar36 (Group) '' table CDD
flush and close file /Users/jan/PychronDev/data/isotopes/03/6e5832-a5c0-4e8f-ab80-bec934158d6d.h5
calculate duration
measuring signal. ncounts=120.0
testing...
no interpolation path defined
executed 4.0
executed 4.0
Pump after analysis
doing GOSUB
testing...
no interpolation path defined
executed 4.0
Pump Microbone
close () {'description': 'Jan Inlet'}
closing name=--- desc=Jan Inlet
checking ownership. requestor=129.138.12.150
check software interlocks R
interlocks []
actuate state mode=None-script, software_lock=False
doing actuation None-script close_channel False
Close R ===>> OK
GetIndicatorState R ===>> False
change switch state (True, True)
update switch state R False args=() kw={} ncanvase=2
07:06:43 -- CLOSE  VALVE-R (Jan Inlet)
---------------------------------------- close None (Jan Inlet) result=[(True, True)]
starting measurement
GetData ===>> H2,-0.00310229234786729,H1,72.9988127862478,AX,20.2007620599785,L1,0.274546206519963,L2,0.2499472...
action=close, ok=True, locked=[False]
is_closed ('F',) {}
is F () closed?
is closed True
open () {'description': 'CO2 Laser to Jan'}
opening name=--- desc=CO2 Laser to Jan
checking ownership. requestor=129.138.12.150
check software interlocks A
interlocks []
actuate state mode=None-script, software_lock=False
doing actuation None-script open_channel False
Open A ===>> OK
GetIndicatorState A ===>> OK
change switch state (True, True)
update switch state A True args=() kw={} ncanvase=2
07:06:43 -- OPEN   VALVE-A (CO2 Laser to Jan)
---------------------------------------- open None (CO2 Laser to Jan) result=[(True, True)], time=0.18 sec
action=open, ok=True, locked=[False]
sleep (1,) {}
SLEEP 1.0
GetData ===>> H2,0.274482622756061,H1,73.0363841511934,AX,20.2506303303685,L1,0.303124280181124,L2,0.3042437626...
close () {'description': 'CO2 Laser to Roughing'}
closing name=--- desc=CO2 Laser to Roughing
checking ownership. requestor=129.138.12.150
check software interlocks G
interlocks []
actuate state mode=None-script, software_lock=True
VALVE-G(CO2 Laser to Roughing) software locked
change switch state (True, False)
---------------------------------------- close None (CO2 Laser to Roughing) result=[(True, False)]
action=close, ok=True, locked=[True]
open () {'description': 'Microbone to Turbo'}
opening name=--- desc=Microbone to Turbo
checking ownership. requestor=129.138.12.150
check software interlocks U
interlocks []
actuate state mode=None-script, software_lock=False
doing actuation None-script open_channel True
Open U ===>> OK
GetIndicatorState U ===>> OK
change switch state (True, True)
update switch state U True args=() kw={} ncanvase=2
07:06:45 -- OPEN   VALVE-U (Microbone to Turbo)
---------------------------------------- open None (Microbone to Turbo) result=[(True, True)], time=0.20 sec
action=open, ok=True, locked=[False]
open () {'description': 'Microbone to Getter NP-10'}
opening name=--- desc=Microbone to Getter NP-10
checking ownership. requestor=129.138.12.150
check software interlocks M
interlocks []
actuate state mode=None-script, software_lock=False
doing actuation None-script open_channel False
GetData ===>> H2,0.0373895881358026,H1,73.0135926622226,AX,19.986765954319,L1,0.286680441519952,L2,0.1413688577...
Open M ===>> OK
Get Checksum: -860229079
GetIndicatorState M ===>> OK
change switch state (True, True)
update switch state M True args=() kw={} ncanvase=2
07:06:45 -- OPEN   VALVE-M (Microbone to Getter NP-10)
---------------------------------------- open None (Microbone to Getter NP-10) result=[(True, True)], time=0.21 sec
action=open, ok=True, locked=[False]
open () {'description': 'Microbone to Getter D-50'}
opening name=--- desc=Microbone to Getter D-50
checking ownership. requestor=129.138.12.150
check software interlocks K
interlocks []
actuate state mode=None-script, software_lock=False
doing actuation None-script open_channel False
Open K ===>> OK
GetIndicatorState K ===>> OK
change switch state (True, True)
update switch state K True args=() kw={} ncanvase=2
07:06:46 -- OPEN   VALVE-K (Microbone to Getter D-50)
---------------------------------------- open None (Microbone to Getter D-50) result=[(True, True)], time=0.43 sec
GetData ===>> H2,-0.0913009486478214,H1,72.8110435898379,AX,19.9356748614143,L1,0.248933380821473,L2,0.13996622...
action=open, ok=True, locked=[False]
open () {'description': 'Microbone to CO2 Laser'}
opening name=--- desc=Microbone to CO2 Laser
checking ownership. requestor=129.138.12.150
check software interlocks T
interlocks []
actuate state mode=None-script, software_lock=False
doing actuation None-script open_channel False
Open T ===>> OK
GetIndicatorState T ===>> OK
change switch state (True, True)
update switch state T True args=() kw={} ncanvase=2
07:06:47 -- OPEN   VALVE-T (Microbone to CO2 Laser)
---------------------------------------- open None (Microbone to CO2 Laser) result=[(True, True)], time=0.48 sec
action=open, ok=True, locked=[False]
open () {'description': 'Microbone to Inlet Pipette'}
opening name=--- desc=Microbone to Inlet Pipette
checking ownership. requestor=129.138.12.150
check software interlocks S
interlocks []
actuate state mode=None-script, software_lock=False
doing actuation None-script open_channel False
GetData ===>> H2,-0.101157415438736,H1,72.7699631177215,AX,19.9938144695549,L1,0.227741831481187,L2,0.275295473...
Open S ===>> OK
GetIndicatorState S ===>> OK
change switch state (True, True)
update switch state S True args=() kw={} ncanvase=2
07:06:47 -- OPEN   VALVE-S (Microbone to Inlet Pipette)
---------------------------------------- open None (Microbone to Inlet Pipette) result=[(True, True)], time=0.47 sec
action=open, ok=True, locked=[False]
sleep (1,) {}
SLEEP 1.0
GetData ===>> H2,-0.121423506931977,H1,72.9034629082837,AX,20.085784800081,L1,0.228855594180174,L2,0.2323331344...
Get Checksum: -860229079
set_resource () {'name': 'CO2PumpTimeFlag', 'value': 30}
Set CO2PumpTimeFlag 30 ===>> OK
release ('JanCO2Flag',) {}
release JanCO2Flag
Set JanCO2Flag 0 ===>> OK
executed 6.0
PumpMicrobone.py completed successfully
gosub finished
get_resource_value () {'name': 'JanMiniboneFlag'}
Read JanMiniboneFlag ===>> 0
Get Resource Value JanMiniboneFlag=0.0
get resource value 0.0
get_resource_value () {'name': 'JanMiniboneFlag'}
Read JanMiniboneFlag ===>> 0
Get Resource Value JanMiniboneFlag=0.0
executed 4.0
jan_pump_extraction_line.py completed successfully
Post Equilibration Finished
07:06:49 -- ******* Post Equilibration Finished *******
GetData ===>> H2,-0.0779166553675748,H1,73.0366120852859,AX,19.8737203886538,L1,0.211679444489721,L2,0.18824921...
GetData ===>> H2,-0.096617568702985,H1,72.9408155983801,AX,19.9520801882455,L1,0.221996516233698,L2,0.189002230...
GetData ===>> H2,-0.118659882621132,H1,72.8582054217166,AX,19.9232350813887,L1,0.268033207034836,L2,0.182248164...
GetData ===>> H2,-0.19234562952668,H1,72.8529662213746,AX,19.9419272584054,L1,0.20074049116113,L2,0.30988153819...
Get Checksum: -860229079
GetData ===>> H2,-0.11858276744979,H1,72.7914613317997,AX,19.9047378902909,L1,0.234967684349356,L2,0.1667452790...
GetData ===>> H2,-0.203102395782018,H1,72.7686460149938,AX,19.8491353087931,L1,0.268351707425601,L2,0.194090912...
GetData ===>> H2,-0.203525648992957,H1,72.9186822977206,AX,19.8568841647267,L1,0.237457992353884,L2,0.197536765...
Get Checksum: -860229079
GetData ===>> H2,-0.124816582497625,H1,72.7665972137917,AX,19.8544801693301,L1,0.219346196094833,L2,0.181974361...
GetData ===>> H2,-0.142336487972614,H1,72.687393188828,AX,19.9357899329149,L1,0.224548022077326,L2,0.2681652908...
GetData ===>> H2,-0.190150931708684,H1,72.7372945162206,AX,19.8149242809458,L1,0.236706343308172,L2,0.224080834...
Get Checksum: -860229079
GetData ===>> H2,-0.216408419095412,H1,72.6504994125838,AX,19.812355059099,L1,0.243168414891957,L2,0.1687528696...
GetData ===>> H2,-0.218566108934414,H1,72.7065675830837,AX,19.9150662672796,L1,0.234306052006159,L2,0.223338961...
GetData ===>> H2,-0.103488239464568,H1,72.6921906004636,AX,19.7329823773182,L1,0.242260499294872,L2,0.168524732...
Get Checksum: -860229079
GetData ===>> H2,-0.06792187209452,H1,72.7683208064003,AX,19.8614027812602,L1,0.222446452488506,L2,0.2270027294...
GetData ===>> H2,-0.157577240570606,H1,72.61563103926,AX,19.7994587509885,L1,0.242049233651561,L2,0.27457672718...
GetData ===>> H2,-0.146252040085391,H1,72.6528893197566,AX,19.797158284196,L1,0.258496228081134,L2,0.2468305974...
Get Checksum: -860229079
GetData ===>> H2,-0.127006869736817,H1,72.6560108942196,AX,19.8177108697411,L1,0.226874442726801,L2,0.145976031...
GetData ===>> H2,-0.217939547560332,H1,72.4559453772901,AX,19.8412080156724,L1,0.222641675241525,L2,0.229468147...
07:07:08 -- collecting point 25
GetData ===>> H2,-0.183034110456142,H1,72.4681141037404,AX,19.7767501925829,L1,0.225742702477732,L2,0.122292499...
Get Checksum: -860229079
GetData ===>> H2,-0.16946365020413,H1,72.4679353829429,AX,19.8271193374399,L1,0.282131082353892,L2,0.1225319285...
GetData ===>> H2,-0.0567614955222092,H1,72.4656770221428,AX,19.8288195969636,L1,0.22958846309078,L2,0.208365765...
GetData ===>> H2,-0.183065139095213,H1,72.5619397977135,AX,19.8871384791318,L1,0.258414778436019,L2,0.256021070...
Get Checksum: -860229079
GetData ===>> H2,-0.114865736379121,H1,72.6385830172997,AX,19.798794166624,L1,0.251691955425979,L2,0.1170594238...
GetData ===>> H2,-0.0638031967383492,H1,72.654124934441,AX,19.8108084427894,L1,0.2251520155635,L2,0.24734432737...
Get Checksum: -860229079
GetData ===>> H2,-0.179913274266887,H1,72.5789679028413,AX,19.634835999155,L1,0.21471828522985,L2,0.15240819995...
GetData ===>> H2,-0.143789102060619,H1,72.4106105935554,AX,19.713442100248,L1,0.183121390399594,L2,0.1649544525...
GetData ===>> H2,-0.0766006985624854,H1,72.3695283111643,AX,19.6959482729537,L1,0.209035445565269,L2,0.20845705...
Get Checksum: -860229079
GetData ===>> H2,-0.0562134893865905,H1,72.4704212477949,AX,19.7824492437014,L1,0.257039957954451,L2,0.13158505...
GetData ===>> H2,-0.137201526439448,H1,72.3877783577814,AX,19.7065208433078,L1,0.236507208103005,L2,0.245574824...
GetData ===>> H2,-0.127705779850374,H1,72.3843035164269,AX,19.6947991433565,L1,0.236053097254316,L2,0.196669585...
Get Checksum: -860229079
GetData ===>> H2,-0.160583773748137,H1,72.3638946712091,AX,19.6145816543707,L1,0.228847100975426,L2,0.207509898...
GetData ===>> H2,-0.125527796175668,H1,72.3857811250549,AX,19.7545063467795,L1,0.231511888096058,L2,0.171228195...
GetData ===>> H2,-0.143681006954546,H1,72.2464623457219,AX,19.71201184078,L1,0.219059847492779,L2,0.15134754671...
Get Checksum: -860229079
GetData ===>> H2,-0.183279639100246,H1,72.156121840981,AX,19.7312964091,L1,0.20220022658367,L2,0.28042953395447...
GetData ===>> H2,-0.130693993633876,H1,72.3111147145574,AX,19.6978890531354,L1,0.22433820943139,L2,0.1357242315...
GetData ===>> H2,-0.20790282963309,H1,72.2806518656267,AX,19.6738360747558,L1,0.225224788281329,L2,0.2726258710...
Get Checksum: -860229079
GetData ===>> H2,-0.200659618773027,H1,72.1527616722612,AX,19.7047459066066,L1,0.239175214521683,L2,0.145953223...
GetData ===>> H2,-0.182053291819205,H1,72.2505367146879,AX,19.5891350583788,L1,0.225885830952787,L2,0.160688542...
GetData ===>> H2,-0.236078249170051,H1,72.3391965815308,AX,19.6036004451621,L1,0.292096090307163,L2,0.167486713...
Get Checksum: -860229079
GetData ===>> H2,-0.196817783766981,H1,72.1530376250214,AX,19.6128194775481,L1,0.293869882985807,L2,0.199179864...
GetData ===>> H2,-0.125051855833292,H1,72.2206067411232,AX,19.7257916520355,L1,0.240389832081904,L2,0.213672308...
GetData ===>> H2,-0.169328708727116,H1,72.1777196597828,AX,19.5692467446136,L1,0.232615139272075,L2,0.260613580...
Get Checksum: -860229079
GetData ===>> H2,-0.204125455239306,H1,72.0872792872242,AX,19.610201804611,L1,0.214416300753518,L2,0.1878955349...
07:07:34 -- collecting point 50
GetData ===>> H2,-0.290316109306585,H1,71.9877609500983,AX,19.6030386461168,L1,0.214017306893017,L2,0.288074089...
GetData ===>> H2,-0.204008192249749,H1,71.9865774181874,AX,19.6601529274542,L1,0.250022873947548,L2,0.143535570...
Get Checksum: -860229079
GetData ===>> H2,-0.178812073586721,H1,72.216679325988,AX,19.6087844571725,L1,0.24775170998907,L2,0.16939165727...
GetData ===>> H2,-0.15500903512442,H1,72.1091843864387,AX,19.6115042485176,L1,0.239693838508609,L2,0.3174485478...
GetData ===>> H2,-0.208921413157574,H1,72.2535560467971,AX,19.5042333893717,L1,0.183805186904334,L2,0.241316736...
Get Checksum: -860229079
GetData ===>> H2,-0.211014880097934,H1,72.3748049863081,AX,19.6016086254756,L1,0.214618835537269,L2,0.017189186...
GetData ===>> H2,-0.14115534180368,H1,72.1893041688704,AX,19.6861427630165,L1,0.260097392719574,L2,0.1274232445...
Get Checksum: -860229079
GetData ===>> H2,-0.125642721960137,H1,72.0342997464306,AX,19.6345933330213,L1,0.288263461175564,L2,0.228680576...
GetData ===>> H2,-0.124129664625283,H1,71.9927870221892,AX,19.5716719510592,L1,0.251167149267149,L2,0.205672664...
GetData ===>> H2,-0.151578694840174,H1,72.1851991810812,AX,19.569821130652,L1,0.244366550300218,L2,0.2263863848...
Get Checksum: -860229079
GetData ===>> H2,-0.0688617990953474,H1,72.2739139357108,AX,19.5283966508279,L1,0.222207697789552,L2,0.18605867...
GetData ===>> H2,-0.141852692400851,H1,72.1651313981756,AX,19.4529782762795,L1,0.230368710962887,L2,0.149807909...
GetData ===>> H2,-0.160879521657966,H1,72.0072826051409,AX,19.5090681569313,L1,0.261140655705694,L2,0.213957615...
Get Checksum: -860229079
GetData ===>> H2,-0.0696158546698363,H1,71.9240052119756,AX,19.5464014419143,L1,0.207891259223435,L2,0.13079828...
GetData ===>> H2,-0.0439006666768694,H1,71.9873394170047,AX,19.5313440742223,L1,0.258565521574856,L2,0.29453250...
testing age>100.0
evaluate ot="age>100.0" t="age>100.0", ctx="{'age': 25.245978319002564}"
testing Ar39<0.5
evaluate ot="Ar39<0.5" t="Ar39<0.5", ctx="{'Ar39': 20.2135972222239}"
GetData ===>> H2,0.0558131214202065,H1,71.9625899693924,AX,19.43256219062,L1,0.247552551826453,L2,0.15811083820...
Get Checksum: -860229079
GetData ===>> H2,-0.0227545006013776,H1,71.8877983661623,AX,19.5258703524742,L1,0.235558940798568,L2,0.20853693...
GetData ===>> H2,-0.223518090195433,H1,71.9227727560911,AX,19.5614609265805,L1,0.229282690180463,L2,0.162593350...
GetData ===>> H2,-0.113410796987412,H1,72.0153904276759,AX,19.490240582496,L1,0.25263837555043,L2,0.26452625012...
Get Checksum: -860229079
GetData ===>> H2,-0.143243211238822,H1,71.9983969863749,AX,19.3645409295911,L1,0.219103527267378,L2,0.147013816...
testing age>100.0
evaluate ot="age>100.0" t="age>100.0", ctx="{'age': 25.2570077542477}"
testing Ar39<0.5
evaluate ot="Ar39<0.5" t="Ar39<0.5", ctx="{'Ar39': 20.213140626152562}"
GetData ===>> H2,-0.177243757374937,H1,71.9258376999169,AX,19.4941563432988,L1,0.19583057703253,L2,0.2524817778...
GetData ===>> H2,-0.181467728221473,H1,71.885982602561,AX,19.5349550974213,L1,0.212118359030634,L2,0.1814267568...
Get Checksum: -860229079
GetData ===>> H2,-0.126854104154286,H1,71.8345838500555,AX,19.4477845652687,L1,0.235953535548956,L2,0.217815040...
GetData ===>> H2,-0.168316596410967,H1,71.6869857700244,AX,19.4125837162741,L1,0.232905232853257,L2,0.208787995...
GetData ===>> H2,-0.169586445551298,H1,71.8234994372062,AX,19.3866019687372,L1,0.210014893710275,L2,0.218591109...
Get Checksum: -860229079
testing age>100.0
evaluate ot="age>100.0" t="age>100.0", ctx="{'age': 25.28290016639876}"
testing Ar39<0.5
evaluate ot="Ar39<0.5" t="Ar39<0.5", ctx="{'Ar39': 20.20843805958964}"
07:08:01 -- collecting point 75
GetData ===>> H2,-0.29002070980956,H1,71.8213118308778,AX,19.3903897837,L1,0.211490304833731,L2,0.1129438503803...
GetData ===>> H2,-0.234664229525414,H1,71.7727903238909,AX,19.3662495412597,L1,0.22706004557603,L2,0.1747302635...
GetData ===>> H2,-0.176680892140072,H1,71.5348716228525,AX,19.408463460263,L1,0.232056823412787,L2,0.2855752793...
Get Checksum: -860229079
GetData ===>> H2,-0.158999567936281,H1,71.7158405218839,AX,19.2845168358781,L1,0.266587923688852,L2,0.124344764...
GetData ===>> H2,-0.221816933233711,H1,71.5702578205766,AX,19.3463471822428,L1,0.265791828967248,L2,0.163232096...
testing age>100.0
evaluate ot="age>100.0" t="age>100.0", ctx="{'age': 25.30056036309593}"
testing Ar39<0.5
evaluate ot="Ar39<0.5" t="Ar39<0.5", ctx="{'Ar39': 20.21650216112068}"
GetData ===>> H2,-0.203793880886289,H1,71.60301619626,AX,19.3929788387274,L1,0.253559366755763,L2,0.05193034632...
Get Checksum: -860229079
GetData ===>> H2,-0.147627161672677,H1,71.8373875069642,AX,19.4002871989277,L1,0.23912663283054,L2,0.2144141069...
GetData ===>> H2,-0.0919011400898344,H1,71.8013495231637,AX,19.3416303175037,L1,0.243023968363957,L2,0.16119040...
GetData ===>> H2,-0.0780060969572504,H1,71.6018343526498,AX,19.3194256017773,L1,0.229920940878808,L2,0.26476580...
Get Checksum: -860229079
GetData ===>> H2,-0.227299317573791,H1,71.5716993759204,AX,19.3685957390405,L1,0.250954561867231,L2,0.257448242...
testing age>100.0
evaluate ot="age>100.0" t="age>100.0", ctx="{'age': 25.318368611255412}"
testing Ar39<0.5
evaluate ot="Ar39<0.5" t="Ar39<0.5", ctx="{'Ar39': 20.213416558121658}"
GetData ===>> H2,-0.188526203730569,H1,71.6713215495022,AX,19.4085144841354,L1,0.267476463053478,L2,0.200765938...
GetData ===>> H2,-0.223062857131277,H1,71.5805434097003,AX,19.4386228097198,L1,0.250208718846927,L2,0.256283668...
Get Checksum: -860229079
GetData ===>> H2,-0.17240902215144,H1,71.5451221452609,AX,19.4528889474251,L1,0.215974830901255,L2,0.2110589420...
GetData ===>> H2,-0.155485973661185,H1,71.5227112635142,AX,19.271370103842,L1,0.244133467332028,L2,0.1386776408...
Get Checksum: -860229079
GetData ===>> H2,-0.180471930722753,H1,71.465308340125,AX,19.345607768083,L1,0.24966698434731,L2,0.175882437724...
testing age>100.0
evaluate ot="age>100.0" t="age>100.0", ctx="{'age': 25.369438037306182}"
testing Ar39<0.5
evaluate ot="Ar39<0.5" t="Ar39<0.5", ctx="{'Ar39': 20.20099570174009}"
GetData ===>> H2,-0.186804141995125,H1,71.5409765011991,AX,19.4264381240466,L1,0.241091947060323,L2,0.201827139...
GetData ===>> H2,-0.129180514697955,H1,71.5047075104782,AX,19.3772541640213,L1,0.260032952234565,L2,0.261754283...
Get Checksum: -860229079
GetData ===>> H2,-0.205241414576694,H1,71.4670077398288,AX,19.3507200290498,L1,0.221952824044897,L2,0.165216800...
GetData ===>> H2,-0.130949659179193,H1,71.5515999673421,AX,19.4517532013459,L1,0.252983433750624,L2,0.166323234...
GetData ===>> H2,-0.188787793945528,H1,71.5141786119112,AX,19.2898473970606,L1,0.246572604617108,L2,0.230050269...
Get Checksum: -860229079
testing age>100.0
evaluate ot="age>100.0" t="age>100.0", ctx="{'age': 25.404891494932873}"
testing Ar39<0.5
evaluate ot="Ar39<0.5" t="Ar39<0.5", ctx="{'Ar39': 20.186076432095224}"
GetData ===>> H2,-0.259202853792583,H1,71.4061662938535,AX,19.3097268246395,L1,0.231115038182935,L2,0.210031874...
GetData ===>> H2,-0.121396455622603,H1,71.5005145328494,AX,19.360894282492,L1,0.224008339331175,L2,0.1284266222...
GetData ===>> H2,-0.072646491230788,H1,71.5410088885531,AX,19.4062567010536,L1,0.208401521346323,L2,0.337641578...
Get Checksum: -860229079
GetData ===>> H2,-0.252407656691695,H1,71.5180158101749,AX,19.3431600886929,L1,0.205730504011922,L2,0.282357729...
GetData ===>> H2,-0.217909902935952,H1,71.3739093090468,AX,19.2269560471604,L1,0.235966891330974,L2,0.191831777...
testing age>100.0
evaluate ot="age>100.0" t="age>100.0", ctx="{'age': 25.425918327545524}"
testing Ar39<0.5
evaluate ot="Ar39<0.5" t="Ar39<0.5", ctx="{'Ar39': 20.176704699829408}"
07:08:27 -- collecting point 100
GetData ===>> H2,-0.123549538217922,H1,71.1834722483044,AX,19.1622419440918,L1,0.211101124677649,L2,0.155795526...
Get Checksum: -860229079
GetData ===>> H2,-0.217442316076858,H1,71.2327674651898,AX,19.233316171268,L1,0.217021666445991,L2,0.1414942976...
GetData ===>> H2,-0.167392121482474,H1,71.2960326295715,AX,19.1327328814432,L1,0.254373504763549,L2,0.212325674...
GetData ===>> H2,-0.17954352029472,H1,71.3220297034423,AX,19.2216795979733,L1,0.241332475080284,L2,0.1777076925...
Get Checksum: -860229079
GetData ===>> H2,-0.102860236381694,H1,71.318065919996,AX,19.2163014563107,L1,0.220837523042893,L2,0.2027514205...
testing age>100.0
evaluate ot="age>100.0" t="age>100.0", ctx="{'age': 25.440759909940354}"
testing Ar39<0.5
evaluate ot="Ar39<0.5" t="Ar39<0.5", ctx="{'Ar39': 20.183452628247178}"
GetData ===>> H2,-0.104771206824657,H1,71.3243433121668,AX,19.3143913041734,L1,0.231034941910578,L2,0.129794881...
GetData ===>> H2,-0.118520533771709,H1,71.3468342905825,AX,19.3616848038321,L1,0.256029929437646,L2,0.167452493...
GetData ===>> H2,-0.141459424370658,H1,71.348258305275,AX,19.1573253241954,L1,0.242816405929225,L2,0.0911034917...
GetData ===>> H2,-0.143620203004616,H1,71.2917137473542,AX,19.2207364919662,L1,0.207793088211207,L2,0.218853604...
Get Checksum: -860229079
GetData ===>> H2,0.0152444836001387,H1,71.0955314880598,AX,19.1417744995538,L1,0.255305590315036,L2,0.222619920...
testing age>100.0
evaluate ot="age>100.0" t="age>100.0", ctx="{'age': 25.44552465951524}"
testing Ar39<0.5
evaluate ot="Ar39<0.5" t="Ar39<0.5", ctx="{'Ar39': 20.177908802500628}"
GetData ===>> H2,0.0361034577732527,H1,71.1251135774695,AX,19.3147863923823,L1,0.246508249546724,L2,0.238851013...
GetData ===>> H2,-0.1169009852957,H1,71.1558340491265,AX,19.167986778619,L1,0.262817050697759,L2,0.254239990911...
Get Checksum: -860229079
GetData ===>> H2,-0.157561030683053,H1,71.2379575913932,AX,19.2174229422066,L1,0.281878129347359,L2,0.155738499...
GetData ===>> H2,-0.192227008092712,H1,71.2117631631964,AX,19.2063360413876,L1,0.23955901802455,L2,0.1952775494...
Get Checksum: -860229079
GetData ===>> H2,-0.204016279391508,H1,71.1962663226057,AX,19.2143133965789,L1,0.256333778279022,L2,0.240129528...
testing age>100.0
evaluate ot="age>100.0" t="age>100.0", ctx="{'age': 25.469542196307692}"
testing Ar39<0.5
evaluate ot="Ar39<0.5" t="Ar39<0.5", ctx="{'Ar39': 20.1706190659359}"
GetData ===>> H2,-0.123759144420091,H1,71.2915519941355,AX,19.3133334945381,L1,0.260863414572366,L2,0.083889061...
GetData ===>> H2,-0.0927776607213364,H1,71.0199479696859,AX,19.2063997559247,L1,0.22146736789601,L2,0.180822113...
Get Checksum: -860229079
GetData ===>> H2,-0.179976698005128,H1,71.1005583717724,AX,19.1959765625192,L1,0.234239284156655,L2,0.192664684...
GetData ===>> H2,-0.165673882287625,H1,71.0345448547814,AX,19.117074173537,L1,0.23652542152713,L2,0.29470366752...
GetData ===>> H2,-0.1819197212223,H1,70.9996130828305,AX,19.1774263011396,L1,0.211886774689945,L2,0.20078875976...
Get Checksum: -860229079
testing age>100.0
evaluate ot="age>100.0" t="age>100.0", ctx="{'age': 25.495628100624927}"
testing Ar39<0.5
evaluate ot="Ar39<0.5" t="Ar39<0.5", ctx="{'Ar39': 20.163276003064816}"
GetData ===>> H2,-0.0943815049257655,H1,71.0218878638398,AX,19.2496324475891,L1,0.213596500529986,L2,0.17981818...
measurement finished
estimated time: 125.829 actual time: :126.519
flush and close file /Users/jan/PychronDev/data/isotopes/03/6e5832-a5c0-4e8f-ab80-bec934158d6d.h5
baselines () {'settling_time': 15.0, 'detector': 'H1', 'mass': 34.2, 'ncounts': 60.0}
%%%%%%%%%%%%%%%%%%%%%%%%%%%%%%%% Baseline
build tables- baseline [Detector(H2), Detector(H1), Detector(AX), Detector(L1), Detector(L2), Detector(CDD)]
add group baseline table H2
add group baseline table H1
add group baseline table AX
add group baseline table L1
add group baseline table L2
add group baseline table CDD
flush and close file /Users/jan/PychronDev/data/isotopes/03/6e5832-a5c0-4e8f-ab80-bec934158d6d.h5
detector Detector(H1)
POSITION 34.2 H1
Mapping mass to dac mass func: "parabolic"
H1 map mass coeffs = [-0.00063987  0.15840543  0.57038999]
H1 map mass to dac 34.2 >> 5.23943599104
GetDeflection H1 ===>> 0
GetHighVoltage ===>> 4499.94659342336
positioning 34.2 (5.2394051365) on H1
setting magnet DAC
current  : 5.878745
requested: 5.239405
Delta Dac: 0.639340
Checking detector protection. dv=0.63934
Checking detector "CDD". Protection Threshold: 0.1 (V)
ProtectDetector CDD,On ===>> OK
GetDeflection CDD ===>> 2000
SetMagnetDAC 5.2394051365 ===>> OK
Magnet settling time: 0.500
GetMagnetMoving ===>> True
GetMagnetMoving ===>> True
GetMagnetMoving ===>> True
GetMagnetMoving ===>> True
Get Checksum: -860229079
GetMagnetMoving ===>> True
GetMagnetMoving ===>> True
GetMagnetMoving ===>> True
GetMagnetMoving ===>> True
GetMagnetMoving ===>> True
GetMagnetMoving ===>> False
ProtectDetector CDD,Off ===>> OK
GetDeflection CDD ===>> 50
Delaying 15.0s for detectors to settle
Get Checksum: -860229079
Get Checksum: -860229079
Get Checksum: -860229079
Get Checksum: -860229079
Get Checksum: -860229079
Join finished
measuring baseline. ncounts=60.0
starting measurement
GetData ===>> H2,-0.157120653201483,H1,-0.0224138843173847,AX,-0.0586470687843554,L1,0.013100761850346,L2,-0.06...
GetData ===>> H2,-0.291135131045102,H1,0.0183571869273315,AX,-0.124083609535489,L1,-0.012956984891399,L2,-0.132...
Get Checksum: -860229079
GetData ===>> H2,-0.1669710217641,H1,0.0257903332061328,AX,-0.088960112703617,L1,-0.0621237415561929,L2,0.03940...
GetData ===>> H2,-0.169709239567412,H1,0.00635555075698697,AX,-0.00785300669822054,L1,-0.0486394006372685,L2,0....
GetData ===>> H2,-0.252033835739768,H1,0.00895618081393508,AX,-0.0657190249086643,L1,-0.0230146571946311,L2,0.0...
Get Checksum: -860229079
GetData ===>> H2,-0.187862762261664,H1,0.025885786506641,AX,-0.0853439091220947,L1,-0.0240178302141383,L2,-0.04...
GetData ===>> H2,-0.111517066448044,H1,-0.119145897708272,AX,-0.0361409162313848,L1,-0.00702688181003697,L2,-0....
Get Checksum: -860229079
GetData ===>> H2,-0.190555392042298,H1,0.0120817980761025,AX,-0.204954479431678,L1,-0.0369526512494007,L2,-0.01...
GetData ===>> H2,-0.219525421633805,H1,-0.0774487614796147,AX,-0.124848282335914,L1,-0.0272699636428761,L2,-0.0...
GetData ===>> H2,-0.246001235785116,H1,-0.0669234167552933,AX,-0.0831880315015509,L1,-0.0295652360586262,L2,-0....
Get Checksum: -860229079
GetData ===>> H2,-0.178118370141249,H1,-0.0628584063079749,AX,-0.0781226902045067,L1,-0.026924908714714,L2,-0.0...
GetData ===>> H2,-0.0593790816624063,H1,-0.0219726245823669,AX,-0.095218608991869,L1,-0.0342763301361655,L2,-0....
GetData ===>> H2,-0.164130889303476,H1,-0.0682823570251177,AX,-0.117699515677949,L1,-0.0325198075982137,L2,-0.0...
Get Checksum: -860229079
GetData ===>> H2,-0.234621173819213,H1,-0.0915245305893152,AX,-0.0995993168669922,L1,0.0207427255711228,L2,0.01...
GetData ===>> H2,-0.235631594155878,H1,-0.00480968944722697,AX,-0.0124000395201419,L1,-0.0124379706320228,L2,-0...
GetData ===>> H2,-0.208122452621928,H1,-0.0152700077934441,AX,-0.0766505621581393,L1,-0.03897126278011,L2,0.064...
Get Checksum: -860229079
GetData ===>> H2,-0.198324197476768,H1,-0.0130158240661203,AX,-0.0453364853165328,L1,-0.0412265965617466,L2,-0....
GetData ===>> H2,-0.195722574661345,H1,0.0211609573741668,AX,0.0171246628164126,L1,-0.0519884525028686,L2,-0.13...
GetData ===>> H2,-0.275619721075778,H1,-0.0535714432505106,AX,-0.11471008633011,L1,-0.0310983203392411,L2,-0.05...
Get Checksum: -860229079
GetData ===>> H2,-0.23585626921714,H1,-0.00260298323915258,AX,-0.126180652399602,L1,-0.0173281196595801,L2,-0.1...
GetData ===>> H2,-0.238938259066175,H1,0.065148672733817,AX,-0.0867115916648001,L1,-0.00174967824635265,L2,0.01...
GetData ===>> H2,-0.118025358004167,H1,0.0196099257203432,AX,-0.123886647386073,L1,-0.0194697906775298,L2,0.046...
Get Checksum: -860229079
GetData ===>> H2,-0.200857810742186,H1,-0.0730027429906464,AX,-0.155150748658645,L1,-0.0204169689524229,L2,-0.0...
GetData ===>> H2,-0.176857718525099,H1,-0.0232009914470808,AX,-0.140855137719617,L1,-0.0567557673067056,L2,0.02...
07:09:33 -- collecting point 25
GetData ===>> H2,-0.0721895744475789,H1,-0.0168204750692567,AX,-0.0241726196567875,L1,-0.0265534821933391,L2,0....
Get Checksum: -860229079
GetData ===>> H2,-0.204035149366454,H1,-0.018788341255571,AX,-0.146397400102019,L1,-0.0361235253905526,L2,-0.02...
GetData ===>> H2,-0.243572490109077,H1,-0.0940391292913343,AX,-0.145469846811095,L1,-0.023472509621912,L2,0.007...
GetData ===>> H2,-0.166661935408084,H1,-0.0430435866791921,AX,-0.00541700887811584,L1,-0.0354644892935043,L2,-0...
Get Checksum: -860229079
GetData ===>> H2,-0.195344891767973,H1,-0.00899633346598243,AX,-0.120248568915387,L1,-0.0498539947163619,L2,-0....
GetData ===>> H2,-0.237907735959973,H1,-0.0583759746181965,AX,-0.0604093092083904,L1,-0.0450258629663102,L2,-0....
Get Checksum: -860229079
GetData ===>> H2,-0.221822321308432,H1,-0.0456190197177129,AX,-0.0228620481678593,L1,-0.0270698811509829,L2,-0....
GetData ===>> H2,-0.307030578723783,H1,-0.0800709853976621,AX,-0.095230198426323,L1,-0.0219814162376082,L2,0.08...
GetData ===>> H2,-0.375995707065393,H1,-0.0570288216004798,AX,-0.0363728454261625,L1,-0.0432323763234949,L2,0.0...
Get Checksum: -860229079
GetData ===>> H2,-0.266877636064783,H1,-0.0362827596070979,AX,-0.0254715757542077,L1,-0.0440142226087766,L2,-0....
GetData ===>> H2,-0.188882180683154,H1,0.0333791545968022,AX,-0.134280538338299,L1,-0.0231021541645671,L2,0.071...
GetData ===>> H2,-0.249099314656356,H1,-0.0634783012697813,AX,-0.18863807701027,L1,-0.00346786223304816,L2,0.03...
Get Checksum: -860229079
GetData ===>> H2,-0.181894086281043,H1,-0.0453805564798902,AX,-0.105822364313233,L1,-0.043039599360812,L2,-0.01...
GetData ===>> H2,-0.302718581533288,H1,-0.141152852218274,AX,-0.122229832343088,L1,-0.0417283784208514,L2,-0.04...
GetData ===>> H2,-0.262721896741117,H1,-0.106623090775692,AX,-0.13971881897446,L1,-0.0653962468963377,L2,0.0456...
Get Checksum: -860229079
GetData ===>> H2,-0.226626114684026,H1,-0.0289132955958891,AX,-0.0975132900980151,L1,-0.0320048859759581,L2,0.0...
GetData ===>> H2,-0.240063678502668,H1,-0.0106900257403673,AX,-0.0707154578329681,L1,0.00021363383931912,L2,-0....
GetData ===>> H2,-0.174338694434403,H1,0.0689325665894415,AX,0.0204083166293662,L1,-0.0181495871314673,L2,-0.02...
Get Checksum: -860229079
GetData ===>> H2,-0.261863937845685,H1,0.0117238980221536,AX,-0.0811132439534983,L1,-0.0417032300457763,L2,-0.0...
GetData ===>> H2,-0.240966894553176,H1,-0.0227001058079822,AX,-0.0752479627489523,L1,-0.0156358052037474,L2,0.0...
GetData ===>> H2,-0.0831721877170044,H1,-0.134141809669841,AX,-0.0221313679057275,L1,-0.0280582738826558,L2,-0....
Get Checksum: -860229079
GetData ===>> H2,-0.190794016859594,H1,-0.0281977847534918,AX,0.00911904529581917,L1,-0.0312899394397344,L2,-0....
GetData ===>> H2,-0.246002581205794,H1,0.0162573932534606,AX,-0.0675275082136734,L1,-0.0423307230749385,L2,-0.1...
GetData ===>> H2,-0.215115820216556,H1,-0.00983125577442827,AX,-0.036952665995092,L1,-0.0443745937522271,L2,-0....
Get Checksum: -860229079
GetData ===>> H2,-0.167755172457333,H1,-0.0436397576297097,AX,-0.0562819064781647,L1,-0.0224608915966131,L2,0.0...
07:09:59 -- collecting point 50
GetData ===>> H2,-0.176693040605998,H1,-0.0698200829682747,AX,-0.111407702935013,L1,0.00672548479258668,L2,0.02...
GetData ===>> H2,-0.28057763331162,H1,0.0188940730619038,AX,-0.0724774797134806,L1,-0.0257842262253826,L2,0.016...
Get Checksum: -860229079
GetData ===>> H2,-0.279643155727206,H1,-0.0397884306563288,AX,-0.106598768746329,L1,-0.0220161789695563,L2,-0.1...
GetData ===>> H2,-0.264030225675595,H1,0.0347872067372858,AX,0.0253630145336523,L1,-0.0465437310307672,L2,-0.09...
Get Checksum: -860229079
GetData ===>> H2,-0.22680519056816,H1,-0.053011098269695,AX,-0.028660903346672,L1,-0.0233742289203628,L2,0.0070...
GetData ===>> H2,-0.18885521312415,H1,-0.0170590063645502,AX,-0.025425184763509,L1,-0.0135047376528699,L2,-0.12...
GetData ===>> H2,-0.243750122458611,H1,0.0763565995799855,AX,-0.087256341222108,L1,-0.00929094850414678,L2,-0.0...
Get Checksum: -860229079
GetData ===>> H2,-0.28217501990588,H1,-0.0459528672960506,AX,-0.102948455182905,L1,-0.0172273803456281,L2,-0.07...
GetData ===>> H2,-0.225291708021831,H1,-0.0541079408239884,AX,-0.063585898833498,L1,-0.0463677754268495,L2,0.01...
GetData ===>> H2,-0.28878666180052,H1,-0.0864117156023746,AX,-0.063852542150122,L1,-0.0520626239348086,L2,-0.13...
Get Checksum: -860229079
GetData ===>> H2,-0.195860156011352,H1,-0.0212809162179582,AX,-0.0128292127698105,L1,-0.0217093038059228,L2,0.0...
measurement finished
estimated time: 62.915 actual time: :63.119
flush and close file /Users/jan/PychronDev/data/isotopes/03/6e5832-a5c0-4e8f-ab80-bec934158d6d.h5
activate_detectors ('H1', 'AX', 'CDD') {'peak_center': True}
peak_center () {'detector': 'H1', 'isotope': 'Ar40'}
peak center: mean=71.1269925263 threshold=3
peak center started
setup peak center. detector=['H1', 'AX', 'CDD'], isotope=Ar40
VersionedUnpickler [<apptools.sweet_pickle.versioned_unpickler.VersionedUnpickler object at 0x179b93a10>] using Updater [<apptools.sweet_pickle.updater.Updater object at 0x12ce00cb0>]
VersionedUnpickler [<apptools.sweet_pickle.versioned_unpickler.VersionedUnpickler object at 0x179b93a10>] using Updater [<apptools.sweet_pickle.updater.Updater object at 0x12ce00cb0>]
VersionedUnpickler [<apptools.sweet_pickle.versioned_unpickler.VersionedUnpickler object at 0x180813830>] using Updater [<apptools.sweet_pickle.updater.Updater object at 0x12ce00cb0>]
setting integration time = 0.524288
SetIntegrationTime 0.524288 ===>> OK
Mapping mass to dac mass func: "parabolic"
H1 map mass coeffs = [-0.00063987  0.15840543  0.57038999]
H1 map mass to dac 39.9624 >> 5.87878
GetDeflection H1 ===>> 0
GetHighVoltage ===>> 4499.94659342336
do peak center. <pychron.spectrometer.jobs.peak_center.PeakCenter object at 0x12ce00b30>
doing pc
starting peak center. center dac= 5.87874538042 step_width=0.001
width = 0.001
get scan parameters. half-width=0.015,window=0.015, i=0, scalar=1
Scan parameters center=5.87875 width=0.03000 (5.86375 - 5.89375)
GetData ===>> H2,-0.143228347507404,H1,-0.0580898551401308,AX,-0.073485991037407,L1,-0.0373216621532694,L2,-0.0...
Moving to starting dac 5.86374538042
setting magnet DAC
current  : 5.239405
requested: 5.863745
Delta Dac: 0.624340
Checking detector protection. dv=0.62434
Checking detector "CDD". Protection Threshold: 0.1 (V)
ProtectDetector CDD,On ===>> OK
GetDeflection CDD ===>> 2000
SetMagnetDAC 5.86374538042 ===>> OK
Magnet settling time: 0.500
GetMagnetMoving ===>> True
GetMagnetMoving ===>> True
GetMagnetMoving ===>> True
GetMagnetMoving ===>> True
Get Checksum: -860229079
GetMagnetMoving ===>> True
GetMagnetMoving ===>> True
GetMagnetMoving ===>> True
GetMagnetMoving ===>> True
GetMagnetMoving ===>> False
ProtectDetector CDD,Off ===>> OK
GetDeflection CDD ===>> 50
Wait until signal near baseline. tol= -0.0435673913551. timeout= 10
GetData ===>> H2,0.147173997124014,H1,0.0648980097364806,AX,-0.142549935946493,L1,0.0629954851569864,L2,0.00546...
GetData ===>> H2,3.27745458940024,H1,1.70834337418604,AX,0.0237733064672011,L1,0.0543138315610234,L2,0.04002153...
GetData ===>> H2,4.51014604580319,H1,2.82168544422838,AX,0.373148640104876,L1,0.0083520720335176,L2,-0.18220283...
GetData ===>> H2,2.47912242922549,H1,1.35176283377396,AX,0.0013113018251013,L1,0.0240110356212178,L2,0.09891118...
GetData ===>> H2,0.944662042815083,H1,0.623873271371367,AX,-0.011982463731188,L1,0.033282060369856,L2,-0.050452...
GetData ===>> H2,0.272029719149648,H1,0.358589989228553,AX,-0.0860045717338255,L1,0.0212906864706263,L2,0.09296...
GetData ===>> H2,0.00207345129886665,H1,0.122834910871705,AX,-0.0449422416700045,L1,-0.00450079122779341,L2,0.0...
GetData ===>> H2,-0.101826703136469,H1,0.0953737980284199,AX,0.00664787895634531,L1,0.0174767111435396,L2,-0.08...
Get Checksum: -860229079
GetData ===>> H2,-0.194249396461978,H1,0.109008062223359,AX,-0.0188954322345617,L1,0.025742549145081,L2,-0.0952...
GetData ===>> H2,-0.198615477254974,H1,0.00587837826568922,AX,0.0496063777705461,L1,0.00272593544276962,L2,-0.1...
GetData ===>> H2,-0.237920590002916,H1,0.0167823375428757,AX,-0.0758275517328656,L1,-0.0148889689718376,L2,0.09...
GetData ===>> H2,-0.257169428576635,H1,-0.0832175633923125,AX,-0.0945811879684869,L1,-0.0282875882544897,L2,-0....
Peak center baseline intensity achieved
_do_sweep sm= 5.86374538042, em= 5.89374538042, stm= 0.001
calculated step values: start=5.86374538042, end=5.89374538042, width=0.001, nsteps=31.0
setting magnet DAC
current  : 5.863745
requested: 5.863745
Delta Dac: 0.000000
Checking detector protection. dv=0.00000
Checking detector "CDD". Protection Threshold: 0.1 (V)
SetMagnetDAC 5.86374538042 ===>> OK
GetData ===>> H2,-0.257169428576635,H1,-0.0832175633923125,AX,-0.0945811879684869,L1,-0.0282875882544897,L2,-0....
setting magnet DAC
current  : 5.863745
requested: 5.864780
Delta Dac: 0.001034
Checking detector protection. dv=0.00103
Checking detector "CDD". Protection Threshold: 0.1 (V)
SetMagnetDAC 5.86477986317 ===>> OK
Magnet settling time: 1.049
GetData ===>> H2,-0.342343232540238,H1,0.0707947245812025,AX,-0.0131423920550252,L1,-0.0603603831898371,L2,0.02...
setting magnet DAC
current  : 5.864780
requested: 5.865814
Delta Dac: 0.001034
Checking detector protection. dv=0.00103
Checking detector "CDD". Protection Threshold: 0.1 (V)
SetMagnetDAC 5.86581434593 ===>> OK
Magnet settling time: 1.049
Get Checksum: -860229079
GetData ===>> H2,-0.178848932866168,H1,0.192260229922492,AX,0.0309446039015055,L1,-0.058858947874692,L2,-0.1912...
setting magnet DAC
current  : 5.865814
requested: 5.866849
Delta Dac: 0.001034
Checking detector protection. dv=0.00103
Checking detector "CDD". Protection Threshold: 0.1 (V)
SetMagnetDAC 5.86684882869 ===>> OK
Magnet settling time: 1.049
GetData ===>> H2,-0.196363257880945,H1,1.79520285213417,AX,0.279882234774533,L1,-0.0461714675789171,L2,-0.02857...
setting magnet DAC
current  : 5.866849
requested: 5.867883
Delta Dac: 0.001034
Checking detector protection. dv=0.00103
Checking detector "CDD". Protection Threshold: 0.1 (V)
SetMagnetDAC 5.86788331145 ===>> OK
Magnet settling time: 1.049
Get Checksum: -860229079
GetData ===>> H2,-0.0423010434913697,H1,5.71439037722017,AX,0.88786374728099,L1,-0.0586078898061183,L2,-0.07259...
setting magnet DAC
current  : 5.867883
requested: 5.868918
Delta Dac: 0.001034
Checking detector protection. dv=0.00103
Checking detector "CDD". Protection Threshold: 0.1 (V)
SetMagnetDAC 5.86891779421 ===>> OK
Magnet settling time: 1.049
GetData ===>> H2,-0.159689730853532,H1,15.8538334134922,AX,3.03904188783061,L1,-0.0153563287559047,L2,-0.094395...
setting magnet DAC
current  : 5.868918
requested: 5.869952
Delta Dac: 0.001034
Checking detector protection. dv=0.00103
Checking detector "CDD". Protection Threshold: 0.1 (V)
SetMagnetDAC 5.86995227697 ===>> OK
Magnet settling time: 1.049
GetData ===>> H2,-0.208676206989974,H1,32.2726683836933,AX,6.71442357420688,L1,-0.017450792633073,L2,-0.0216324...
setting magnet DAC
current  : 5.869952
requested: 5.870987
Delta Dac: 0.001034
Checking detector protection. dv=0.00103
Checking detector "CDD". Protection Threshold: 0.1 (V)
SetMagnetDAC 5.87098675973 ===>> OK
Magnet settling time: 1.049
Get Checksum: -860229079
GetData ===>> H2,-0.204900438682987,H1,49.3255621438294,AX,11.2502799039337,L1,0.0354238479746742,L2,-0.0137770...
setting magnet DAC
current  : 5.870987
requested: 5.872021
Delta Dac: 0.001034
Checking detector protection. dv=0.00103
Checking detector "CDD". Protection Threshold: 0.1 (V)
SetMagnetDAC 5.87202124248 ===>> OK
Magnet settling time: 1.049
GetData ===>> H2,-0.219880200425686,H1,60.9887567772644,AX,15.0448658435545,L1,0.122500263789418,L2,0.105408591...
setting magnet DAC
current  : 5.872021
requested: 5.873056
Delta Dac: 0.001034
Checking detector protection. dv=0.00103
Checking detector "CDD". Protection Threshold: 0.1 (V)
SetMagnetDAC 5.87305572524 ===>> OK
Magnet settling time: 1.049
GetData ===>> H2,-0.155288715396761,H1,66.4494614276079,AX,17.1442907346923,L1,0.161416011654223,L2,0.160506047...
setting magnet DAC
current  : 5.873056
requested: 5.874090
Delta Dac: 0.001034
Checking detector protection. dv=0.00103
Checking detector "CDD". Protection Threshold: 0.1 (V)
SetMagnetDAC 5.874090208 ===>> OK
Magnet settling time: 1.049
Get Checksum: -860229079
GetData ===>> H2,-0.136444604706979,H1,68.358672034507,AX,17.949021051301,L1,0.18627934129738,L2,0.107939277899...
setting magnet DAC
current  : 5.874090
requested: 5.875125
Delta Dac: 0.001034
Checking detector protection. dv=0.00103
Checking detector "CDD". Protection Threshold: 0.1 (V)
SetMagnetDAC 5.87512469076 ===>> OK
Magnet settling time: 1.049
GetData ===>> H2,-0.170567411137134,H1,68.9256466067678,AX,18.2715206069502,L1,0.172591895718325,L2,0.127252215...
setting magnet DAC
current  : 5.875125
requested: 5.876159
Delta Dac: 0.001034
Checking detector protection. dv=0.00103
Checking detector "CDD". Protection Threshold: 0.1 (V)
SetMagnetDAC 5.87615917352 ===>> OK
Magnet settling time: 1.049
GetData ===>> H2,-0.227880486373812,H1,68.965309938636,AX,18.3869058725032,L1,0.201990467658063,L2,0.2865801187...
setting magnet DAC
current  : 5.876159
requested: 5.877194
Delta Dac: 0.001034
Checking detector protection. dv=0.00103
Checking detector "CDD". Protection Threshold: 0.1 (V)
SetMagnetDAC 5.87719365628 ===>> OK
Magnet settling time: 1.049
Get Checksum: -860229079
GetData ===>> H2,-0.217718371122373,H1,69.1365717849703,AX,18.1968367114849,L1,0.218694295383288,L2,0.289498362...
setting magnet DAC
current  : 5.877194
requested: 5.878228
Delta Dac: 0.001034
Checking detector protection. dv=0.00103
Checking detector "CDD". Protection Threshold: 0.1 (V)
SetMagnetDAC 5.87822813904 ===>> OK
Magnet settling time: 1.049
GetData ===>> H2,-0.116727786823385,H1,69.2410135098039,AX,18.4110691514714,L1,0.24104335623042,L2,0.2863977314...
setting magnet DAC
current  : 5.878228
requested: 5.879263
Delta Dac: 0.001034
Checking detector protection. dv=0.00103
Checking detector "CDD". Protection Threshold: 0.1 (V)
SetMagnetDAC 5.8792626218 ===>> OK
Magnet settling time: 1.049
Get Checksum: -860229079
GetData ===>> H2,-0.106918450400537,H1,69.1022173566423,AX,18.3423501639377,L1,0.242529565062616,L2,0.112841248...
setting magnet DAC
current  : 5.879263
requested: 5.880297
Delta Dac: 0.001034
Checking detector protection. dv=0.00103
Checking detector "CDD". Protection Threshold: 0.1 (V)
SetMagnetDAC 5.88029710455 ===>> OK
Magnet settling time: 1.049
GetData ===>> H2,-0.137989785804541,H1,69.0340831377021,AX,18.314043121485,L1,0.247005023168306,L2,0.1270013729...
setting magnet DAC
current  : 5.880297
requested: 5.881332
Delta Dac: 0.001034
Checking detector protection. dv=0.00103
Checking detector "CDD". Protection Threshold: 0.1 (V)
SetMagnetDAC 5.88133158731 ===>> OK
Magnet settling time: 1.049
GetData ===>> H2,-0.186264789830152,H1,69.0756078516629,AX,18.2444235824666,L1,0.221407348401825,L2,0.390734343...
setting magnet DAC
current  : 5.881332
requested: 5.882366
Delta Dac: 0.001034
Checking detector protection. dv=0.00103
Checking detector "CDD". Protection Threshold: 0.1 (V)
SetMagnetDAC 5.88236607007 ===>> OK
Magnet settling time: 1.049
Get Checksum: -860229079
GetData ===>> H2,-0.336867759920143,H1,68.9187860684333,AX,18.2531171991002,L1,0.204967979442726,L2,0.133318239...
setting magnet DAC
current  : 5.882366
requested: 5.883401
Delta Dac: 0.001034
Checking detector protection. dv=0.00103
Checking detector "CDD". Protection Threshold: 0.1 (V)
SetMagnetDAC 5.88340055283 ===>> OK
Magnet settling time: 1.049
GetData ===>> H2,-0.31177360628961,H1,68.5403510778204,AX,18.0355187864281,L1,0.180216070967571,L2,0.1024448095...
setting magnet DAC
current  : 5.883401
requested: 5.884435
Delta Dac: 0.001034
Checking detector protection. dv=0.00103
Checking detector "CDD". Protection Threshold: 0.1 (V)
SetMagnetDAC 5.88443503559 ===>> OK
Magnet settling time: 1.049
GetData ===>> H2,-0.2369180562728,H1,66.9311929494133,AX,17.2781654926692,L1,0.1522508889079,L2,0.0540341696488...
setting magnet DAC
current  : 5.884435
requested: 5.885470
Delta Dac: 0.001034
Checking detector protection. dv=0.00103
Checking detector "CDD". Protection Threshold: 0.1 (V)
SetMagnetDAC 5.88546951835 ===>> OK
Magnet settling time: 1.049
Get Checksum: -860229079
GetData ===>> H2,-0.180474852665423,H1,61.7235439170509,AX,15.1835665952251,L1,0.203895558341207,L2,0.158795177...
setting magnet DAC
current  : 5.885470
requested: 5.886504
Delta Dac: 0.001034
Checking detector protection. dv=0.00103
Checking detector "CDD". Protection Threshold: 0.1 (V)
SetMagnetDAC 5.88650400111 ===>> OK
Magnet settling time: 1.049
GetData ===>> H2,-0.09479239149937,H1,51.01470673411,AX,11.3401448596305,L1,0.142891128850358,L2,0.209815050227...
setting magnet DAC
current  : 5.886504
requested: 5.887538
Delta Dac: 0.001034
Checking detector protection. dv=0.00103
Checking detector "CDD". Protection Threshold: 0.1 (V)
SetMagnetDAC 5.88753848386 ===>> OK
Magnet settling time: 1.049
GetData ===>> H2,-0.119541934689761,H1,34.4596548126955,AX,6.52606498366686,L1,0.0679769758936982,L2,0.14962543...
setting magnet DAC
current  : 5.887538
requested: 5.888573
Delta Dac: 0.001034
Checking detector protection. dv=0.00103
Checking detector "CDD". Protection Threshold: 0.1 (V)
SetMagnetDAC 5.88857296662 ===>> OK
Magnet settling time: 1.049
Get Checksum: -860229079
GetData ===>> H2,-0.203873405702528,H1,17.9012607549278,AX,2.81507007184262,L1,0.00309569159192512,L2,-0.037523...
setting magnet DAC
current  : 5.888573
requested: 5.889607
Delta Dac: 0.001034
Checking detector protection. dv=0.00103
Checking detector "CDD". Protection Threshold: 0.1 (V)
SetMagnetDAC 5.88960744938 ===>> OK
Magnet settling time: 1.049
GetData ===>> H2,-0.183534615776544,H1,7.03237167735369,AX,0.905861531215818,L1,0.0416498728224916,L2,-0.122221...
setting magnet DAC
current  : 5.889607
requested: 5.890642
Delta Dac: 0.001034
Checking detector protection. dv=0.00103
Checking detector "CDD". Protection Threshold: 0.1 (V)
SetMagnetDAC 5.89064193214 ===>> OK
Magnet settling time: 1.049
Get Checksum: -860229079
GetData ===>> H2,-0.104531048501832,H1,2.17367455783462,AX,0.283644622551375,L1,0.0443685005205846,L2,0.0241202...
setting magnet DAC
current  : 5.890642
requested: 5.891676
Delta Dac: 0.001034
Checking detector protection. dv=0.00103
Checking detector "CDD". Protection Threshold: 0.1 (V)
SetMagnetDAC 5.8916764149 ===>> OK
Magnet settling time: 1.049
GetData ===>> H2,-0.160427118760404,H1,0.278996156691869,AX,0.0114974571199547,L1,0.0179590788989332,L2,0.07208...
setting magnet DAC
current  : 5.891676
requested: 5.892711
Delta Dac: 0.001034
Checking detector protection. dv=0.00103
Checking detector "CDD". Protection Threshold: 0.1 (V)
SetMagnetDAC 5.89271089766 ===>> OK
Magnet settling time: 1.049
GetData ===>> H2,-0.328169565439709,H1,0.0723999717772152,AX,-0.0914056100991134,L1,0.0105772999219916,L2,-0.01...
setting magnet DAC
current  : 5.892711
requested: 5.893745
Delta Dac: 0.001034
Checking detector protection. dv=0.00103
Checking detector "CDD". Protection Threshold: 0.1 (V)
SetMagnetDAC 5.89374538042 ===>> OK
Magnet settling time: 1.049
Get Checksum: -860229079
GetData ===>> H2,-0.199297797746314,H1,-0.0652187550591819,AX,-0.121951762717308,L1,-0.0117966573842906,L2,-0.0...
result of _do_sweep=True
result of _calculate_peak_center=([5.8711702301152435, 5.8788355607765661, 5.8865008914378887], [51.394084638940768, 69.240179063993224, 50.97074452964803], 5.8782343583717562, 69.240179063993224)
Failed to find a valid peak. No peak greater than 1.0. max = 0.0145852438571
new center pos Detector(H1) (Ar40) @ 5.87883556078
GetHighVoltage ===>> 4499.94659342336
GetDeflection H1 ===>> 0
dac uncorrected for HV and deflection 5.87887018089
update mftable H1 Ar40 5.87887018089 message=automated run peakcenter
get initial guess parabolic
get initial guess parabolic
get initial guess parabolic
get initial guess parabolic
get initial guess parabolic
get initial guess parabolic
dump mftable to /Users/jan/PychronDev/setupfiles/spectrometer/mftables/mftable.csv
add to repo msg=modified - automated run peakcenter
locally archiving mftable
setting magnet DAC
current  : 5.893745
requested: 5.878836
Delta Dac: 0.014910
Checking detector protection. dv=0.01491
Checking detector "CDD". Protection Threshold: 0.1 (V)
sweep finished
SetMagnetDAC 5.87883556078 ===>> OK
Magnet settling time: 0.500
setting integration time = 1.048576
SetIntegrationTime 1.048576 ===>> OK
Failed to find a valid peak. No peak greater than 1.0. max = 0.0145852438571
flush and close file /Users/jan/PychronDev/data/isotopes/03/6e5832-a5c0-4e8f-ab80-bec934158d6d.h5
finished measure script
executed 278.04
jan_co2_whiff_120_60_large.py completed successfully
Measurement Finished
07:10:53 -- ******* Measurement Finished *******
Post Measurement Started jan_pump_ms.py
07:10:53 -- ******* Post Measurement Started jan_pump_ms.py *******
testing...
no interpolation path defined
executed 0
Pumping spectrometer
open () {'name': 'O'}
opening name=O desc=---
checking ownership. requestor=129.138.12.150
check software interlocks O
interlocks []
actuate state mode=None-script, software_lock=False
doing actuation None-script open_channel True
Open O ===>> OK
GetIndicatorState O ===>> OK
change switch state (True, True)
update switch state O True args=() kw={} ncanvase=2
07:10:53 -- OPEN   VALVE-O (Jan Ion Pump)
---------------------------------------- open O () result=[(True, True)], time=0.10 sec
action=open, ok=True, locked=[False]
executed 0
jan_pump_ms.py completed successfully
setting _ms_pumptime
Post Measurement Finished
07:10:53 -- ******* Post Measurement Finished *******
$$$$$$$$$$$$$$$$$$$$ state at run end measurement
state changed from measurement to success
post measurement save measured=True aborted=False
Set filtering
setting fod for Ar40= {'filter_outliers': True, 'std_devs': 2, 'iterations': 1}
setting fod for H1= {'filter_outliers': True, 'std_devs': 2, 'iterations': 1}
setting fod for PM41= {'filter_outliers': False, 'std_devs': 2, 'iterations': 1}
setting fod for H2= {'filter_outliers': True, 'std_devs': 2, 'iterations': 1}
setting fod for Ar36= {'filter_outliers': True, 'std_devs': 2, 'iterations': 1}
setting fod for CDD= {'filter_outliers': True, 'std_devs': 10, 'iterations': 1}
setting fod for Ar37= {'filter_outliers': True, 'std_devs': 2, 'iterations': 1}
setting fod for L2= {'filter_outliers': True, 'std_devs': 2, 'iterations': 1}
setting fod for Ar38= {'filter_outliers': True, 'std_devs': 2, 'iterations': 1}
setting fod for L1= {'filter_outliers': True, 'std_devs': 2, 'iterations': 1}
setting fod for Ar39= {'filter_outliers': True, 'std_devs': 2, 'iterations': 1}
setting fod for AX= {'filter_outliers': True, 'std_devs': 2, 'iterations': 1}
persistence save...
persistence save - db
post measurement save
6460070128 connecting to database sqlite:////Users/jan/PychronDev/.appdata/local_lab.db
connected to db sqlite:////Users/jan/PychronDev/.appdata/local_lab.db
create new session 6460070128
close session 6460070128
No database instance. Not saving post measurement to isotopedb database
$$$$$$$$$$$$$$$ auto_save_detector_ic=False
massspec enabled True
create new session 5010684144
MassSpec Database Version: 16.0
close session 5010684144
saving post measurement to secondary database
saving to massspec database 129.138.12.160/massspecdata
setting labnumber to 65518
setting aliquot to 24
setting step to 
setting uuid to 036e5832-a5c0-4e8f-ab80-bec934158d6d
setting irradpos to 65518
setting extract_device to Fusions CO2
setting tray to 
setting position to 188
setting power_requested to 5.0
setting extract_value to 5.0
setting duration to 30.0
setting duration_at_request to 30.0
setting first_stage_delay to 30.0
setting cleanup to 30.0
setting comment to F:20
setting irradiation to NM-289
setting level to F
setting irradiation_level to F
setting sample to MB-64b-djk
setting material to DetritalSanidine
setting project to IR943
setting mass_spectrometer to Jan
no attribute chron_dosages
no attribute production_ratios
no attribute interference_corrections
no attribute production_name
no attribute j
Reference Isotope=Ar40
Reference Detector=H1
%%%%%%%%%%%%%%%%%%%% Comment: F:20 %%%%%%%%%%%%%%%%%%%
adding isotope PM41 H2
add baseline dbdet= PM41. original det= H2
get baseline data PM41 H2
Get data baseline <pychron.processing.isotope.Baseline object at 0x181cabe10> len t=60
baseline PM41. v=-0.219603964016, e=0.00596828226425
get signal data PM41 H2
Get data signal PM41 0.10+/-0.08 len t=120
adding isotope Ar40 H1
add baseline dbdet= Ar40. original det= H1
get baseline data Ar40 H1
Get data baseline <pychron.processing.isotope.Baseline object at 0x181cabfd0> len t=60
baseline Ar40. v=-0.0286358411061, e=0.00534873797664
get signal data Ar40 H1
Get data signal Ar40 73.333+/-0.019 len t=120
adding isotope Ar39 AX
add baseline dbdet= Ar39. original det= AX
get baseline data Ar39 AX
Get data baseline <pychron.processing.isotope.Baseline object at 0x181cb91d0> len t=60
baseline Ar39. v=-0.0731365495456, e=0.00617863554716
get signal data Ar39 AX
Get data signal Ar39 20.173+/-0.014 len t=120
adding isotope Ar38 L1
add baseline dbdet= Ar38. original det= L1
get baseline data Ar38 L1
Get data baseline <pychron.processing.isotope.Baseline object at 0x181cb9390> len t=60
baseline Ar38. v=-0.0292598424971, e=0.00199624800297
get signal data Ar38 L1
Get data signal Ar38 0.264+/-0.004 len t=120
adding isotope Ar37 L2
add baseline dbdet= Ar37. original det= L2
get baseline data Ar37 L2
Get data baseline <pychron.processing.isotope.Baseline object at 0x181cb9550> len t=60
baseline Ar37. v=-0.0252440525871, e=0.00786993664736
get signal data Ar37 L2
Get data signal Ar37 0.234+/-0.012 len t=120
adding isotope Ar36 CDD
add baseline dbdet= Ar36. original det= CDD
get baseline data Ar36 CDD
Get data baseline <pychron.processing.isotope.Baseline object at 0x181cb9710> len t=60
baseline Ar36. v=4.96218038285e-05, e=1.04167733887e-05
get signal data Ar36 CDD
Get data signal Ar36 0.00820+/-0.00029 len t=120
65518-24 added analysis time 0.486143827438s
analysis added to mass spec database
mass spec save time= 0.494
persistence save - dvc
================= post measurement started
create new session 4983034992
close session 4983034992
Get Checksum: -1965264452
---------------- Experiment Queue saving disabled
DVC saving peakcenter
Failed to find a valid peak. No peak greater than 1.0. max = 0.0145852438571
Smart pull ahead: 0 behind: 0
Up-to-date with origin
add to repo msg=modified - ad8224ebc6dbfeb9f5997218dfa5fe690569839d.json
add to repo msg=modified - 18-24.json
add to repo msg=modified - 18-24.dat.json
add to repo msg=modified - 18-24.blan.json
add to repo msg=modified - 18-24.inte.json
add to repo msg=modified - 18-24.icfa.json
add to repo msg=modified - 18-24.base.json
not at valid file /Users/jan/PychronDev/data/.dvc/repositories/Load1782/655/tags/18-24.tags.json
add to repo msg=modified - 18-24.peak.json
add to repo msg=modified - 18-24.extr.json
not at valid file /Users/jan/PychronDev/data/.dvc/repositories/Load1782/655/monitor/18-24.moni.json
commit message=<COLLECTION>
Get Checksum: -1965264452
add to repo msg=modified - 18-24.inte.json
add to repo msg=modified - 18-24.base.json
commit message=<ISOEVO> default collection fits
add to repo msg=modified - 18-24.blan.json
commit message=<BLANKS> preceding bc-02-J-249
add to repo msg=modified - 18-24.icfa.json
commit message=<ICFactor> default
push repository <pychron.git_archive.repo_manager.GitRepoManager object at 0x17facdc50>
pushing to remote=origin, url=https://github.com
Get Checksum: -1965264452
Get Checksum: -1965264452
no changes to meta repo
create new session 4983034992
add association Load1782
get identifier "65518"
setting analysis irradiation position=<pychron.dvc.dvc_orm.IrradiationPositionTbl object at 0x1810cfdd0>
close session 4983034992
================= post measurement finished
07:11:05 -- ******* Post Run Check *******
loading queue conditionals post_run_actions
loading system conditionals post_run_actions
loading conditionals from /Users/jan/PychronDev/setupfiles/spectrometer/default_conditionals.yaml
loading queue conditionals post_run_terminations
loading system conditionals post_run_terminations
loading conditionals from /Users/jan/PychronDev/setupfiles/spectrometer/default_conditionals.yaml
Checking default post run terminations n=1
GetDeflection CDD ===>> 50
testing CDD==2000
evaluate ot="CDD.deflection==2000" t="CDD==2000", ctx="{'CDD': 50.0}"
07:11:05 -- ******* Post Run Check Passed *******
07:11:05 -- Automated run 65518-24 success duration: 369.051 s
----------------- finish -----------------
----------------- stop -----------------
retroactive repository identifiers disabled
finish run. runs completed=98
update duration runid=65518-24, duration=369.050629854, md5=3d9034cf
loading script "jan_co2_whiff_120_60_large.py"
loading script "jan_pump_ms.py"
loading script "jan_co2.py"
loading script "jan_pump_extraction_line.py"
testing...
no interpolation path defined
executed 266.04
script duration name:co2_whiff_120_60_large seconds:266.0
loading script "jan_co2_whiff_120_60_large.py"
loading script "jan_pump_ms.py"
loading script "jan_co2.py"
loading script "jan_pump_extraction_line.py"
testing...
no interpolation path defined
executed 0
loading script "jan_co2_whiff_120_60_large.py"
loading script "jan_pump_ms.py"
loading script "jan_co2.py"
loading script "jan_pump_extraction_line.py"
testing...
no interpolation path defined
calculate duration
testing...
no interpolation path defined
executed 0
calculate duration
testing...
no interpolation path defined
executed 0
executed 0.0
script duration name:co2 seconds:0.0
loading script "jan_co2_whiff_120_60_large.py"
loading script "jan_pump_ms.py"
loading script "jan_co2.py"
loading script "jan_pump_extraction_line.py"
testing...
no interpolation path defined
calculate duration
testing...
no interpolation path defined
executed 4.0
executed 4.0
Script duration 266.0
Run total estimated duration= 267.000
co2_whiff_120_60_large in script context. using previous estimated duration
script duration name:co2_whiff_120_60_large seconds:266.0
pump_ms in script context. using previous estimated duration
co2 in script context. using previous estimated duration
script duration name:co2 seconds:0.0
pump_extraction_line in script context. using previous estimated duration
Script duration 266.0
Run total estimated duration= 267.000
script duration name:co2_whiff_120_60_large seconds:266.0
script duration name:co2 seconds:0.0
Script duration 266.0
Run total estimated duration= 267.000
script duration name:co2_whiff_120_60_large seconds:266.0
script duration name:co2 seconds:0.0
Script duration 266.0
Run total estimated duration= 267.000
script duration name:co2_whiff_120_60_large seconds:266.0
script duration name:co2 seconds:0.0
Script duration 266.0
Run total estimated duration= 267.000
script duration name:co2_whiff_120_60_large seconds:266.0
script duration name:co2 seconds:0.0
Script duration 266.0
Run total estimated duration= 267.000
script duration name:co2_whiff_120_60_large seconds:266.0
script duration name:co2 seconds:0.0
Script duration 266.0
Run total estimated duration= 267.000
loading script "jan_unknown400_120.py"
loading script "jan_pump_ms.py"
loading script "jan_co2.py"
loading script "jan_pump_extraction_line.py"
testing...
no interpolation path defined
executed 556.052928
script duration name:unknown400_120 seconds:556.0
script duration name:co2 seconds:0.0
Script duration 556.0
Run total estimated duration= 557.000
unknown400_120 in script context. using previous estimated duration
script duration name:unknown400_120 seconds:556.0
loading script "jan_unknown400_120.py"
loading script "jan_pump_ms.py"
loading script "jan_cocktail_x1.py"
loading script "jan_pump_extraction_line.py"
testing...
no interpolation path defined
calculate duration
testing...
no interpolation path defined
executed 0
calculate duration
testing...
no interpolation path defined
executed 0
calculate duration
testing...
no interpolation path defined
executed 32.0
calculate duration
testing...
no interpolation path defined
executed 34.0
calculate duration
testing...
no interpolation path defined
executed 4.0
calculate duration
testing...
no interpolation path defined
executed 38.0
executed 108.0
script duration name:cocktail_x1 seconds:108.0
Script duration 664.0
Run total estimated duration= 665.000
loading script "jan_unknown120_60.py"
loading script "jan_pump_ms.py"
loading script "jan_cocktail_x1.py"
loading script "jan_pump_extraction_line.py"
testing...
no interpolation path defined
executed 213.652928
script duration name:unknown120_60 seconds:214.0
cocktail_x1 in script context. using previous estimated duration
script duration name:cocktail_x1 seconds:108.0
Script duration 322.0
Run total estimated duration= 323.000
loading script "jan_ic_peak_hop3.py"
loading script "jan_pump_ms.py"
loading script "jan_air_x1.py"
loading script "jan_pump_extraction_line.py"
testing...
no interpolation path defined
executed 133.8
script duration name:ic_peak_hop3 seconds:134.0
loading script "jan_ic_peak_hop3.py"
loading script "jan_pump_ms.py"
loading script "jan_air_x1.py"
loading script "jan_pump_extraction_line.py"
testing...
no interpolation path defined
calculate duration
testing...
no interpolation path defined
executed 0
calculate duration
testing...
no interpolation path defined
executed 0
calculate duration
testing...
no interpolation path defined
executed 32.0
calculate duration
testing...
no interpolation path defined
executed 34.0
calculate duration
testing...
no interpolation path defined
executed 4.0
calculate duration
testing...
no interpolation path defined
executed 36.0
executed 106.0
script duration name:air_x1 seconds:106.0
Script duration 240.0
Run total estimated duration= 241.000
script duration name:co2_whiff_120_60_large seconds:266.0
script duration name:co2 seconds:0.0
Script duration 266.0
Run total estimated duration= 267.000
script duration name:co2_whiff_120_60_large seconds:266.0
script duration name:co2 seconds:0.0
Script duration 266.0
Run total estimated duration= 267.000
script duration name:co2_whiff_120_60_large seconds:266.0
script duration name:co2 seconds:0.0
Script duration 266.0
Run total estimated duration= 267.000
script duration name:co2_whiff_120_60_large seconds:266.0
script duration name:co2 seconds:0.0
Script duration 266.0
Run total estimated duration= 267.000
script duration name:co2_whiff_120_60_large seconds:266.0
script duration name:co2 seconds:0.0
Script duration 266.0
Run total estimated duration= 267.000
script duration name:unknown400_120 seconds:556.0
loading script "jan_unknown400_120.py"
loading script "jan_pump_ms.py"
loading script "jan_sniffair_x2.py"
loading script "jan_pump_extraction_line.py"
testing...
no interpolation path defined
calculate duration
testing...
no interpolation path defined
executed 0
calculate duration
testing...
no interpolation path defined
executed 0
calculate duration
testing...
no interpolation path defined
executed 32.0
calculate duration
testing...
no interpolation path defined
executed 34.0
calculate duration
testing...
no interpolation path defined
executed 4.0
calculate duration
testing...
no interpolation path defined
executed 36.0
calculate duration
testing...
no interpolation path defined
executed 34.0
calculate duration
testing...
no interpolation path defined
executed 4.0
calculate duration
testing...
no interpolation path defined
executed 36.0
calculate duration
testing...
no interpolation path defined
executed 70.0
executed 250.0
script duration name:sniffair_x2 seconds:250.0
Script duration 806.0
Run total estimated duration= 807.000
script duration name:co2_whiff_120_60_large seconds:266.0
script duration name:co2 seconds:0.0
Script duration 266.0
Run total estimated duration= 267.000
script duration name:co2_whiff_120_60_large seconds:266.0
script duration name:co2 seconds:0.0
Script duration 266.0
Run total estimated duration= 267.000
nruns=19 before=5.0, run_dur=6331.0, btw=540.0
write rem/ex queues
/Users/jan/PychronDev/experiments/rem/CurrentExperiment.rem.txt
/Users/jan/PychronDev/experiments/rem/CurrentExperiment.ex.txt
doing event level: 3
