do run
loading script "jan_co2_whiff_120_60_large.py"
loading script "jan_pump_ms.py"
loading script "jan_co2.py"
loading script "jan_pump_extraction_line.py"
testing...
no interpolation path defined
executed 266.04
script duration name:co2_whiff_120_60_large seconds:266.0
loading script "jan_co2_whiff_120_60_large.py"
loading script "jan_pump_ms.py"
loading script "jan_co2.py"
loading script "jan_pump_extraction_line.py"
testing...
no interpolation path defined
executed 0
loading script "jan_co2_whiff_120_60_large.py"
loading script "jan_pump_ms.py"
loading script "jan_co2.py"
loading script "jan_pump_extraction_line.py"
testing...
no interpolation path defined
calculate duration
testing...
no interpolation path defined
executed 0
calculate duration
testing...
no interpolation path defined
executed 0
executed 0.0
script duration name:co2 seconds:0.0
loading script "jan_co2_whiff_120_60_large.py"
loading script "jan_pump_ms.py"
loading script "jan_co2.py"
loading script "jan_pump_extraction_line.py"
testing...
no interpolation path defined
calculate duration
testing...
no interpolation path defined
executed 4.0
executed 4.0
Script duration 266.0
Run total estimated duration= 267.000
run duration: 0:04:27
doing event level: 2
06:51:25 -- Setting default integration. t=1.048576
setting integration time = 1.048576
SetIntegrationTime 1.048576 ===>> OK
----------------- start -----------------
**************** Experiment Type: Ar/Ar, Ar/Ar
create new session 4985261232
close session 4985261232
$$$$$ Clearing conditionals
adding conditionals detrital
extract conditionals from file. /Users/jan/PychronDev/scripts/conditionals/detrital.yaml
no attr for this modification cd={'extraction_str': '', 'attr': '', 'mapper': '', 'use_termination': False, 'start_count': 0, 'nskip': 0, 'window': 0, 'frequency': 1, 'teststr': '', 'action': 'Skip Next Run', 'ntrips': 1, 'use_truncation': False}
no attr for this cancelation cd={'mapper': '', 'window': 0, 'frequency': 1, 'attr': '', 'teststr': '', 'start_count': 0, 'ntrips': 1}
adding truncation attr="age" test="age>100.0" start="60"
adding truncation attr="Ar39" test="Ar39<0.5" start="60"
no attr for this termination cd={'mapper': '', 'window': 0, 'frequency': 1, 'attr': '', 'teststr': '', 'start_count': 0, 'ntrips': 1}
Invalid conditional kind="pre_run_terminations"
no attr for this action cd={'mapper': '', 'attr': '', 'start_count': 0, 'window': 0, 'frequency': 1, 'teststr': '', 'action': None, 'ntrips': 1}
Invalid conditional kind="post_run_terminations"
Add queue conditionals
add default conditionals
adding default conditionals from /Users/jan/PychronDev/setupfiles/spectrometer/default_conditionals.yaml
Start automated run 65518-22
loading script "jan_co2_whiff_120_60_large.py"
loading script "jan_pump_ms.py"
loading script "jan_co2.py"
loading script "jan_pump_extraction_line.py"
%%%%%%%%%%%%%%%%%% setting automated run 65518-22
No value "sensitivity_multiplier" in metadata
$$$$$$$$$$$$$$$ auto_save_detector_ic=False
============================= Pre Extraction Check =============================
loading queue conditionals pre_run_terminations
loading system conditionals pre_run_terminations
loading conditionals from /Users/jan/PychronDev/setupfiles/spectrometer/default_conditionals.yaml
06:51:25 -- ******* Pre Extraction Check *******
Get a measurement from the spectrometer
GetData ===>> H2,-0.162969793663903,H1,0.0501696762598815,AX,-0.0291943806681189,L1,0.0273662632998213,L2,0.013...
Pre Extraction Termination data. keys=H2,H1,AX,L1,L2,CDD, signals=-0.16297,0.05017,-0.02919,0.02737,0.01346,0.00298
06:51:25 -- testing system defined conditionals
Checking default pre extraction terminations n=2
testing CDD
evaluate ot="CDD.inactive" t="CDD", ctx="{'CDD': False}"
GetDeflection CDD ===>> 50
testing CDD==2000
evaluate ot="CDD.deflection==2000" t="CDD==2000", ctx="{'CDD': 50.0}"
06:51:25 -- ******* Pre Extraction Check Passed *******
=================================================================================
06:51:25 -- stopping status monitor
stop 4976082864
Alive clients [4983386864]
06:51:25 -- starting status monitor
start 4976082864
Monitor already running
start extraction
do extraction
Analysis started at 06:51:25.592572
Extraction Started jan_co2.py
06:51:25 -- ******* Extraction Started jan_co2.py *******
state changed from not run to extraction
DO EXTRACTION <pychron.extraction_line.pyscript_runner.RemotePyScriptRunner object at 0x12bb183b0>
testing...
no interpolation path defined
calculate duration
testing...
no interpolation path defined
executed 0
calculate duration
testing...
no interpolation path defined
executed 0
executed 100.0
Jan CO2 laser analysis
doing GOSUB
testing...
no interpolation path defined
executed 0
Waiting for CO2 access
wait ('FelixCO2Flag', 0) {}
waiting for FelixCO2Flag = 0
Read FelixCO2Flag ===>> 0
finished waiting
CO2 free
wait ('CO2PumpTimeFlag', 0) {}
waiting for CO2PumpTimeFlag = 0
Read CO2PumpTimeFlag ===>> 0
finished waiting
acquire ('JanCO2Flag',) {'clear': True}
acquire JanCO2Flag
Set JanCO2Flag 1 ===>> OK
JanCO2Flag acquired
set extraction state False (0.75, 'red', 1.5)
CO2 acquired
executed 0
WaitForCO2Access.py completed successfully
gosub finished
doing GOSUB
testing...
no interpolation path defined
executed 0
Prepare for CO2 analysis
close () {'description': 'Jan Inlet'}
closing name=--- desc=Jan Inlet
checking ownership. requestor=129.138.12.150
check software interlocks R
interlocks []
actuate state mode=None-script, software_lock=False
doing actuation None-script close_channel False
Close R ===>> OK
GetIndicatorState R ===>> False
change switch state (True, True)
update switch state R False args=() kw={} ncanvase=2
06:51:26 -- CLOSE  VALVE-R (Jan Inlet)
---------------------------------------- close None (Jan Inlet) result=[(True, True)]
action=close, ok=True, locked=[False]
open () {'description': 'Jan Ion Pump'}
opening name=--- desc=Jan Ion Pump
checking ownership. requestor=129.138.12.150
check software interlocks O
interlocks []
actuate state mode=None-script, software_lock=False
doing actuation None-script open_channel False
Open O ===>> OK
GetIndicatorState O ===>> OK
change switch state (True, True)
update switch state O True args=() kw={} ncanvase=2
06:51:26 -- OPEN   VALVE-O (Jan Ion Pump)
---------------------------------------- open None (Jan Ion Pump) result=[(True, True)], time=0.13 sec
action=open, ok=True, locked=[False]
close () {'description': 'Microbone to Minibone'}
closing name=--- desc=Microbone to Minibone
checking ownership. requestor=129.138.12.150
check software interlocks L
interlocks []
actuate state mode=None-script, software_lock=False
doing actuation None-script close_channel False
Close L ===>> OK
Get Checksum: -1965264452
GetIndicatorState L ===>> False
change switch state (True, True)
update switch state L False args=() kw={} ncanvase=2
06:51:27 -- CLOSE  VALVE-L (Microbone to Minibone)
---------------------------------------- close None (Microbone to Minibone) result=[(True, True)]
action=close, ok=True, locked=[False]
open () {'description': 'Microbone to Turbo'}
opening name=--- desc=Microbone to Turbo
checking ownership. requestor=129.138.12.150
check software interlocks U
interlocks []
actuate state mode=None-script, software_lock=False
doing actuation None-script open_channel False
Open U ===>> OK
GetIndicatorState U ===>> OK
change switch state (True, True)
update switch state U True args=() kw={} ncanvase=2
06:51:27 -- OPEN   VALVE-U (Microbone to Turbo)
---------------------------------------- open None (Microbone to Turbo) result=[(True, True)], time=0.12 sec
action=open, ok=True, locked=[False]
open () {'description': 'Microbone to Inlet Pipette'}
opening name=--- desc=Microbone to Inlet Pipette
checking ownership. requestor=129.138.12.150
check software interlocks S
interlocks []
actuate state mode=None-script, software_lock=False
doing actuation None-script open_channel False
Open S ===>> OK
GetIndicatorState S ===>> OK
change switch state (True, True)
update switch state S True args=() kw={} ncanvase=2
06:51:28 -- OPEN   VALVE-S (Microbone to Inlet Pipette)
---------------------------------------- open None (Microbone to Inlet Pipette) result=[(True, True)], time=0.46 sec
action=open, ok=True, locked=[False]
open () {'description': 'Microbone to Getter D-50'}
opening name=--- desc=Microbone to Getter D-50
checking ownership. requestor=129.138.12.150
check software interlocks K
interlocks []
actuate state mode=None-script, software_lock=False
doing actuation None-script open_channel False
Open K ===>> OK
GetIndicatorState K ===>> OK
change switch state (True, True)
update switch state K True args=() kw={} ncanvase=2
06:51:28 -- OPEN   VALVE-K (Microbone to Getter D-50)
---------------------------------------- open None (Microbone to Getter D-50) result=[(True, True)], time=0.47 sec
action=open, ok=True, locked=[False]
open () {'description': 'Microbone to Getter NP-10'}
opening name=--- desc=Microbone to Getter NP-10
checking ownership. requestor=129.138.12.150
check software interlocks M
interlocks []
actuate state mode=None-script, software_lock=False
doing actuation None-script open_channel False
Open M ===>> OK
GetIndicatorState M ===>> OK
change switch state (True, True)
update switch state M True args=() kw={} ncanvase=2
06:51:29 -- OPEN   VALVE-M (Microbone to Getter NP-10)
---------------------------------------- open None (Microbone to Getter NP-10) result=[(True, True)], time=0.17 sec
action=open, ok=True, locked=[False]
close () {'description': 'CO2 Laser to Felix'}
closing name=--- desc=CO2 Laser to Felix
checking ownership. requestor=129.138.12.150
check software interlocks F
interlocks []
actuate state mode=None-script, software_lock=True
VALVE-F(CO2 Laser to Felix) software locked
change switch state (True, False)
---------------------------------------- close None (CO2 Laser to Felix) result=[(True, False)]
action=close, ok=True, locked=[True]
open () {'description': 'CO2 Laser to Jan'}
opening name=--- desc=CO2 Laser to Jan
checking ownership. requestor=129.138.12.150
check software interlocks A
interlocks []
actuate state mode=None-script, software_lock=False
doing actuation None-script open_channel False
Open A ===>> OK
GetIndicatorState A ===>> OK
change switch state (True, True)
update switch state A True args=() kw={} ncanvase=2
06:51:29 -- OPEN   VALVE-A (CO2 Laser to Jan)
---------------------------------------- open None (CO2 Laser to Jan) result=[(True, True)], time=0.13 sec
action=open, ok=True, locked=[False]
open () {'description': 'Microbone to CO2 Laser'}
opening name=--- desc=Microbone to CO2 Laser
checking ownership. requestor=129.138.12.150
check software interlocks T
interlocks []
actuate state mode=None-script, software_lock=False
doing actuation None-script open_channel False
Open T ===>> OK
GetIndicatorState T ===>> OK
change switch state (True, True)
update switch state T True args=() kw={} ncanvase=2
06:51:30 -- OPEN   VALVE-T (Microbone to CO2 Laser)
---------------------------------------- open None (Microbone to CO2 Laser) result=[(True, True)], time=0.47 sec
action=open, ok=True, locked=[False]
executed 0
PrepareForCO2Analysis.py completed successfully
gosub finished
set_motor ('beam', '1.25') {}
setting motor "beam" to 1.25
set motor beam to 1.25
SetMotor beam,1.25 ===>> OK
GetMotorMoving beam ===>> False
GetMotorMoving beam ===>> False
Block completed
move_to_position ('186',) {'autocenter': True}
FusionsCO2 move to position 186
sending GoToHole 186,True
GoToHole 186,True ===>> OK
Get Checksum: -1965264452
GetDriveMoving ===>> OK
GetDriveMoving ===>> OK
GetDriveMoving ===>> OK
GetDriveMoving ===>> OK
GetDriveMoving ===>> OK
GetDriveMoving ===>> OK
GetDriveMoving ===>> OK
GetDriveMoving ===>> False
GetDriveMoving ===>> OK
GetDriveMoving ===>> OK
GetDriveMoving ===>> OK
Get Checksum: -1965264452
GetDriveMoving ===>> OK
GetDriveMoving ===>> OK
GetDriveMoving ===>> False
Block completed
GetAutoCorrecting ===>> False
GetAutoCorrecting ===>> False
Block completed
update position
GetPosition ===>> -7.97560,-9.96950,1.00000
got position (-7.9756, -9.9695, 1.0)
move to position succeeded
sleep (5,) {}
SLEEP 5.0
block started
WaitControl setup for 5.0  
Get Checksum: -1965264452
Get Checksum: -1965264452
Join finished
block finished. duration 5.0304069519
close () {'description': 'Microbone to Turbo'}
closing name=--- desc=Microbone to Turbo
checking ownership. requestor=129.138.12.150
check software interlocks U
interlocks []
actuate state mode=None-script, software_lock=False
doing actuation None-script close_channel True
Close U ===>> OK
GetIndicatorState U ===>> False
change switch state (True, True)
update switch state U False args=() kw={} ncanvase=2
06:51:42 -- CLOSE  VALVE-U (Microbone to Turbo)
---------------------------------------- close None (Microbone to Turbo) result=[(True, True)]
action=close, ok=True, locked=[False]
enable laser
enable () {}
set extraction state FusionsCO2 Enabled (False, 'red', 1.5)
enabling laser
Enable ===>> OK
begin interval
BEGIN INTERVAL Interval 1 waiting for 30.0
block started
set extract to 5.0
WaitControl setup for 30.0  
extract (5.0,) {}
GetPosition ===>> -7.97560,-9.96950,1.00000
set extraction state FusionsCO2 ON! 5.0(watts) (0.75, 'red', 1.5)
extract sample to 5.0 (watts)
set laser output
SetLaserOutput 5.0,watts ===>> OK
executing pattern triangle.lp
execute_pattern ('triangle.lp',) {}
executing pattern triangle.lp
Get Checksum: 1551197106
IsPatterning ===>> OK
IsPatterning ===>> OK
IsPatterning ===>> OK
Get Checksum: 1551197106
IsPatterning ===>> OK
IsPatterning ===>> OK
IsPatterning ===>> OK
Get Checksum: 1551197106
IsPatterning ===>> OK
IsPatterning ===>> OK
IsPatterning ===>> OK
Get Checksum: 1551197106
IsPatterning ===>> OK
IsPatterning ===>> OK
IsPatterning ===>> OK
Get Checksum: 1551197106
IsPatterning ===>> OK
IsPatterning ===>> OK
IsPatterning ===>> OK
Get Checksum: 1551197106
IsPatterning ===>> OK
IsPatterning ===>> OK
IsPatterning ===>> OK
Get Checksum: 1551197106
IsPatterning ===>> OK
IsPatterning ===>> OK
IsPatterning ===>> OK
Get Checksum: 1551197106
IsPatterning ===>> OK
IsPatterning ===>> OK
IsPatterning ===>> OK
Get Checksum: 1551197106
IsPatterning ===>> OK
IsPatterning ===>> OK
IsPatterning ===>> OK
Get Checksum: 1551197106
IsPatterning ===>> OK
Join finished
block finished. duration 30.0577020645
Interval 1 finished
IsPatterning ===>> False
IsPatterning ===>> False
Block completed
COMPLETE INTERVAL waiting for Interval 1 to complete
end_extract () {}
ending extraction. set laser power to 0
set laser power 0
SetLaserPower 0 ===>> OK
disable () {}
%%%%%%%%%%%%%%%%%%%%%%%%%%%%%%%%%%% disable
set extraction state False (0.75, 'red', 1.5)
disabling laser
Disable ===>> OK
sleep (30.0,) {}
SLEEP 30.0
block started
WaitControl setup for 30.0  
Get Checksum: 1551197106
Get Checksum: 1551197106
Get Checksum: 1551197106
Get Checksum: 1551197106
Get Checksum: 1551197106
Get Checksum: 1551197106
Get Checksum: 1551197106
Get Checksum: 1551197106
Get Checksum: 1551197106
Get Checksum: 1551197106
Join finished
block finished. duration 30.0612950325
executed 165.0
jan_co2.py completed successfully
GetAchievedOutput ===>> No Response
Requested Output= 0.000
Achieved Output=  0.000
GetResponseBlob ===>> No Response
GetOutputBlob ===>> No Response
persistence save...
persistence save - db
AutomatedRunPersister post_extraction_save deprecated
persistence save - dvc
no extraction position for 186
create new session 4983034992
close session 4983034992
Extraction Finished
06:52:44 -- ******* Extraction Finished *******
no overlap. not waiting for min ms pumptime
06:52:44 -- Sending spectrometer configuration
======== Sending configuration ========
SetDeflection CDD,50.0 ===>> OK
SetDeflection H2,0.0 ===>> OK
Get Checksum: 1551197106
SetDeflection H1,0.0 ===>> OK
SetDeflection L2,825.0 ===>> OK
SetDeflection L1,400.0 ===>> OK
SetDeflection AX,190.0 ===>> OK
SetZFocus 74.64 ===>> OK
SetZSymmetry -50.72 ===>> OK
SetExtractionLens 26.13 ===>> OK
SetIonRepeller -3.81 ===>> OK
SetElectronEnergy 75.08 ===>> OK
SetYSymmetry -2.81 ===>> OK
SetIonCounterVoltage 1590.0 ===>> OK
send trap current 200.0
GetParameter Trap Current Readback ===>> 197.587621314778
SetParameter Trap Current Set,200.0 ===>> OK
updating mftable name mftable
Using mftable located at /Users/jan/PychronDev/setupfiles/spectrometer/mftables/mftable.csv
============ MFtable ===========
Isotope  H2     H1     AX     L1     L2     CDD    
Ar40     5.7772 5.8788 5.9921 6.1171 6.2305 6.3454
Ar39     5.6765 5.7710 5.8846 6.0032 6.1156 6.2319
Ar36     5.3540 5.4400 5.5479 5.6621 5.7706 5.8830
================================
get initial guess parabolic
get initial guess parabolic
get initial guess parabolic
get initial guess parabolic
get initial guess parabolic
get initial guess parabolic
======== Configuration Finished ========
GetYSymmetry ===>> -2.81
GetZSymmetry ===>> -50.72
GetParameter Trap Current Readback ===>> 198.147042666178
GetHighVoltage ===>> 4499.94659342336
start measurement
do measurement
L#=65518 analysis type=unknown
Measurement Started jan_co2_whiff_120_60_large.py
06:52:44 -- ******* Measurement Started jan_co2_whiff_120_60_large.py *******
state changed from extraction to measurement
setting spec, defl, and gains
GetExtractionLens ===>> 26.13
GetYSymmetry ===>> -2.81
GetZSymmetry ===>> -50.72
GetZFocus ===>> 74.64
GetDeflection H2 ===>> 0
GetDeflection H1 ===>> 0
GetDeflection AX ===>> 190
GetDeflection L1 ===>> 400
GetDeflection L2 ===>> 825
GetDeflection CDD ===>> 50
GetGain H2 ===>> 0.0113
GetGain H1 ===>> 0.1
GetGain AX ===>> 0.097049
GetGain L1 ===>> 0.010355
GetGain L2 ===>> 0.095649
GetGain CDD ===>> 0
pre measurement save
New frame /Users/jan/PychronDev/data/isotopes/e4/58642e-2a65-4bc8-8e2a-a3db1d69af50.h5
flush and close file /Users/jan/PychronDev/data/isotopes/e4/58642e-2a65-4bc8-8e2a-a3db1d69af50.h5
testing...
no interpolation path defined
executed 266.04
co2 whiff measurement script
activate_detectors ('H2', 'H1', 'AX', 'L1', 'L2', 'CDD') {}
activate detectors
*************** Set Analysis View Ar/Ar
create graphs
clearing graphs
clear isotope group
setting isotope det=H2, iso=PM41
setting isotope det=H1, iso=Ar40
setting isotope det=AX, iso=Ar39
setting isotope det=L1, iso=Ar38
setting isotope det=L2, iso=Ar37
setting isotope det=CDD, iso=Ar36
setting previous blanks
 - setting Ar40 blank 0.211+/-0.007
 - setting Ar36 blank 0.00445+/-0.00017
 - setting Ar37 blank 0.044+/-0.005
 - setting Ar38 blank 0.0059+/-0.0022
 - setting PM41 blank 0.03+/-0.07
 - setting Ar39 blank 0.036+/-0.008
load analysis view
position_magnet ('Ar40',) {'detector': 'H1'}
detector Detector(H1)
POSITION Ar40 H1
setting detector H2 to PM41 (40.9624)
setting detector H1 to Ar40 (39.9624)
setting detector AX to Ar39 (38.9624)
setting detector L1 to Ar38 (37.9624)
setting detector L2 to Ar37 (36.9624)
setting detector CDD to Ar36 (35.9624)
Mapping mass to dac mass func: "parabolic"
H1 map mass coeffs = [-0.00063987  0.15840543  0.57035999]
H1 map mass to dac 39.9624 >> 5.87875
GetDeflection H1 ===>> 0
GetHighVoltage ===>> 4499.94659342336
positioning Ar40 (5.87871538059) on H1
setting magnet DAC
current  : 5.878716
requested: 5.878715
Delta Dac: 0.000000
Checking detector protection. dv=0.00000
Checking detector "CDD". Protection Threshold: 0.1 (V)
SetMagnetDAC 5.87871538059 ===>> OK
Magnet settling time: 0.500
close ('S',) {}
closing name=S desc=---
checking ownership. requestor=129.138.12.150
check software interlocks S
interlocks []
actuate state mode=None-script, software_lock=False
doing actuation None-script close_channel True
Close S ===>> OK
GetIndicatorState S ===>> False
change switch state (True, True)
update switch state S False args=() kw={} ncanvase=2
06:52:46 -- CLOSE  VALVE-S (Microbone to Inlet Pipette)
---------------------------------------- close S () result=[(True, True)]
action=close, ok=True, locked=[False]
equilibrate () {'do_post_equilibration': False, 'inlet': 'R', 'outlet': 'O', 'eqtime': 4}
Equilibration Started
06:52:47 -- ******* Equilibration Started *******
checking ownership. requestor=129.138.12.150
check software interlocks O
interlocks []
actuate state mode=None-script, software_lock=False
doing actuation None-script close_channel True
Close O ===>> OK
GetIndicatorState O ===>> False
change switch state (True, True)
update switch state O False args=() kw={} ncanvase=2
06:52:47 -- CLOSE  VALVE-O (Jan Ion Pump)
waiting 3s before opening inlet value ('R',)
Get Checksum: 1174506924
checking ownership. requestor=129.138.12.150
check software interlocks R
interlocks []
actuate state mode=None-script, software_lock=False
doing actuation None-script open_channel True
Open R ===>> OK
Get Checksum: 1427694182
State checksums do not match. Local:1174506924 Remote:1427694182
State checksum failed
GetIndicatorState R ===>> OK
change switch state (True, True)
update switch state R True args=() kw={} ncanvase=2
06:52:50 -- OPEN   VALVE-R (Jan Inlet)
set_time_zero (0,) {}
equilibrating for 4sec
sniff (4,) {}
py_sniff
build tables- sniff [Detector(H2), Detector(H1), Detector(AX), Detector(L1), Detector(L2), Detector(CDD)]
add group /sniff/PM41 (Group) '' table H2
add group /sniff/Ar40 (Group) '' table H1
add group /sniff/Ar39 (Group) '' table AX
add group /sniff/Ar38 (Group) '' table L1
add group /sniff/Ar37 (Group) '' table L2
add group /sniff/Ar36 (Group) '' table CDD
flush and close file /Users/jan/PychronDev/data/isotopes/e4/58642e-2a65-4bc8-8e2a-a3db1d69af50.h5
measuring sniff. ncounts=4
starting measurement
GetData ===>> H2,-0.0396005761688057,H1,0.0263033957665694,AX,0.0833333541697955,L1,-0.0221444404239564,L2,0.17...
GetData ===>> H2,5.31875349168071,H1,3.96790379516874,AX,7.19855347659686,L1,0.646355335866277,L2,1.49243875602...
GetData ===>> H2,4.17766334772504,H1,4.78873455806161,AX,4.05815155502846,L1,0.92662668818715,L2,0.446439197489...
Get Checksum: 1427694182
GetData ===>> H2,1.38316361310979,H1,4.35431216050841,AX,2.15656415829538,L1,0.684464354258228,L2,0.06820499513...
Equilibration Finished
06:52:54 -- ******* Equilibration Finished *******
checking ownership. requestor=129.138.12.150
check software interlocks R
interlocks []
actuate state mode=None-script, software_lock=False
doing actuation None-script close_channel True
Close R ===>> OK
measurement finished
estimated time: 4.194 actual time: :4.258
flush and close file /Users/jan/PychronDev/data/isotopes/e4/58642e-2a65-4bc8-8e2a-a3db1d69af50.h5
set_fits () {}
using default fits file=/Users/jan/PychronDev/scripts/measurement/fits/nominal_linear.yaml
set "Ar40" to "('Linear', 'SEM')"
No fit for "PM41". defaulting to linear. check the measurement script "jan_co2_whiff_120_60_large.py"
set "PM41" to "linear"
set "Ar36" to "('Linear', 'SEM')"
set "Ar37" to "('linear', 'SEM')"
set "Ar38" to "('linear', 'SEM')"
set "Ar39" to "('Linear', 'SEM')"
set_baseline_fits () {}
using default fits file=/Users/jan/PychronDev/scripts/measurement/fits/nominal_linear.yaml
set "H1" to "('average', 'SEM')"
set "H2" to "('average', 'SEM')"
set "CDD" to "('average', 'SEM')"
set "L2" to "('average', 'SEM')"
set "L1" to "('average', 'SEM')"
set "AX" to "('average', 'SEM')"
whiff () {'ncounts': 1, 'conditionals': [{'action': 'run_remainder', 'attr': 'Ar40', 'teststr': 'Ar40.cur<=175'}, {'action': 'run_pipette', 'attr': 'Ar40', 'teststr': 'Ar40.cur>500'}, {'action': 'run_chamber_split', 'attr': 'Ar40', 'teststr': 'Ar40.cur>=300'}, {'action': 'pump', 'attr': 'Ar40', 'teststr': 'Ar40.cur>175'}]}
build tables- whiff [Detector(H2), Detector(H1), Detector(AX), Detector(L1), Detector(L2), Detector(CDD)]
add group /whiff/PM41 (Group) '' table H2
add group /whiff/Ar40 (Group) '' table H1
GetIndicatorState R ===>> False
add group /whiff/Ar39 (Group) '' table AX
change switch state (True, True)
add group /whiff/Ar38 (Group) '' table L1
update switch state R False args=() kw={} ncanvase=2
add group /whiff/Ar37 (Group) '' table L2
add group /whiff/Ar36 (Group) '' table CDD
flush and close file /Users/jan/PychronDev/data/isotopes/e4/58642e-2a65-4bc8-8e2a-a3db1d69af50.h5
measuring whiff. ncounts=1
06:52:55 -- CLOSE  VALVE-R (Jan Inlet)
starting measurement
GetData ===>> H2,0.334018677203787,H1,4.10214920453245,AX,1.48230579666896,L1,0.26883069237824,L2,0.08392325170...
Get Checksum: 1174506924
testing Ar40<=175
evaluate ot="Ar40.cur<=175" t="Ar40<=175", ctx="{'Ar40': 4.1021492045324504}"
condition Ar40<=175 is true trips=1/1
06:52:57 -- Conditional tripped: Ar40.cur<=175 condition Ar40<=175 is True
measurement finished
estimated time: 1.049 actual time: :1.104
flush and close file /Users/jan/PychronDev/data/isotopes/e4/58642e-2a65-4bc8-8e2a-a3db1d69af50.h5
WHIFF Result=run_remainder
Whiff result=run_remainder
open ('R',) {}
opening name=R desc=---
checking ownership. requestor=129.138.12.150
check software interlocks R
interlocks []
actuate state mode=None-script, software_lock=False
doing actuation None-script open_channel True
Open R ===>> OK
GetIndicatorState R ===>> OK
change switch state (True, True)
update switch state R True args=() kw={} ncanvase=2
06:52:57 -- OPEN   VALVE-R (Jan Inlet)
---------------------------------------- open R () result=[(True, True)], time=0.39 sec
action=open, ok=True, locked=[False]
open ('S',) {}
opening name=S desc=---
checking ownership. requestor=129.138.12.150
check software interlocks S
interlocks []
actuate state mode=None-script, software_lock=False
doing actuation None-script open_channel True
Open S ===>> OK
GetIndicatorState S ===>> OK
change switch state (True, True)
update switch state S True args=() kw={} ncanvase=2
06:52:58 -- OPEN   VALVE-S (Microbone to Inlet Pipette)
---------------------------------------- open S () result=[(True, True)], time=0.46 sec
action=open, ok=True, locked=[False]
sleep (12.0,) {}
SLEEP 12.0
block started
WaitControl setup for 12.0  
Get Checksum: -1449001502
Get Checksum: -1449001502
Get Checksum: -1449001502
Get Checksum: -1449001502
Join finished
block finished. duration 12.0522310734
close ('R',) {}
closing name=R desc=---
checking ownership. requestor=129.138.12.150
check software interlocks R
interlocks []
actuate state mode=None-script, software_lock=False
doing actuation None-script close_channel True
Close R ===>> OK
GetIndicatorState R ===>> False
change switch state (True, True)
update switch state R False args=() kw={} ncanvase=2
06:53:11 -- CLOSE  VALVE-R (Jan Inlet)
---------------------------------------- close R () result=[(True, True)]
action=close, ok=True, locked=[False]
post_equilibration () {}
multicollect () {'integration_time': 1, 'ncounts': 120.0}
Post Equilibration Started jan_pump_extraction_line.py
build tables- signal [Detector(H2), Detector(H1), Detector(AX), Detector(L1), Detector(L2), Detector(CDD)]
add group /signal/PM41 (Group) '' table H2
add group /signal/Ar40 (Group) '' table H1
add group /signal/Ar39 (Group) '' table AX
add group /signal/Ar38 (Group) '' table L1
add group /signal/Ar37 (Group) '' table L2
add group /signal/Ar36 (Group) '' table CDD
flush and close file /Users/jan/PychronDev/data/isotopes/e4/58642e-2a65-4bc8-8e2a-a3db1d69af50.h5
measuring signal. ncounts=120.0
06:53:11 -- ******* Post Equilibration Started jan_pump_extraction_line.py *******
testing...
no interpolation path defined
calculate duration
testing...
no interpolation path defined
executed 4.0
executed 4.0
Pump after analysis
doing GOSUB
testing...
no interpolation path defined
executed 4.0
Pump Microbone
close () {'description': 'Jan Inlet'}
closing name=--- desc=Jan Inlet
checking ownership. requestor=129.138.12.150
check software interlocks R
interlocks []
actuate state mode=None-script, software_lock=False
doing actuation None-script close_channel False
Close R ===>> OK
GetIndicatorState R ===>> False
change switch state (True, True)
update switch state R False args=() kw={} ncanvase=2
06:53:12 -- CLOSE  VALVE-R (Jan Inlet)
---------------------------------------- close None (Jan Inlet) result=[(True, True)]
starting measurement
GetData ===>> H2,0.00515739152883071,H1,112.551376600691,AX,30.9790562347069,L1,0.49474700351716,L2,0.359083496...
action=close, ok=True, locked=[False]
is_closed ('F',) {}
is F () closed?
is closed True
open () {'description': 'CO2 Laser to Jan'}
opening name=--- desc=CO2 Laser to Jan
checking ownership. requestor=129.138.12.150
check software interlocks A
interlocks []
actuate state mode=None-script, software_lock=False
doing actuation None-script open_channel False
Open A ===>> OK
GetIndicatorState A ===>> OK
change switch state (True, True)
update switch state A True args=() kw={} ncanvase=2
06:53:12 -- OPEN   VALVE-A (CO2 Laser to Jan)
---------------------------------------- open None (CO2 Laser to Jan) result=[(True, True)], time=0.18 sec
action=open, ok=True, locked=[False]
sleep (1,) {}
SLEEP 1.0
GetData ===>> H2,0.191296253471768,H1,112.79068704889,AX,30.930370673151,L1,0.422897497450999,L2,0.371028199688...
close () {'description': 'CO2 Laser to Roughing'}
closing name=--- desc=CO2 Laser to Roughing
checking ownership. requestor=129.138.12.150
check software interlocks G
interlocks []
actuate state mode=None-script, software_lock=True
VALVE-G(CO2 Laser to Roughing) software locked
change switch state (True, False)
---------------------------------------- close None (CO2 Laser to Roughing) result=[(True, False)]
action=close, ok=True, locked=[True]
open () {'description': 'Microbone to Turbo'}
opening name=--- desc=Microbone to Turbo
checking ownership. requestor=129.138.12.150
check software interlocks U
interlocks []
actuate state mode=None-script, software_lock=False
doing actuation None-script open_channel True
Open U ===>> OK
Get Checksum: -860229079
State checksums do not match. Local:-598318598 Remote:-860229079
State checksum failed
GetIndicatorState U ===>> OK
change switch state (True, True)
update switch state U True args=() kw={} ncanvase=2
06:53:14 -- OPEN   VALVE-U (Microbone to Turbo)
---------------------------------------- open None (Microbone to Turbo) result=[(True, True)], time=0.17 sec
action=open, ok=True, locked=[False]
open () {'description': 'Microbone to Getter NP-10'}
opening name=--- desc=Microbone to Getter NP-10
checking ownership. requestor=129.138.12.150
check software interlocks M
interlocks []
actuate state mode=None-script, software_lock=False
doing actuation None-script open_channel False
Open M ===>> OK
GetData ===>> H2,0.11798882971203,H1,112.568953438012,AX,30.8868293497041,L1,0.430484708691622,L2,0.40292991006...
GetIndicatorState M ===>> OK
change switch state (True, True)
update switch state M True args=() kw={} ncanvase=2
06:53:14 -- OPEN   VALVE-M (Microbone to Getter NP-10)
---------------------------------------- open None (Microbone to Getter NP-10) result=[(True, True)], time=0.18 sec
action=open, ok=True, locked=[False]
open () {'description': 'Microbone to Getter D-50'}
opening name=--- desc=Microbone to Getter D-50
checking ownership. requestor=129.138.12.150
check software interlocks K
interlocks []
actuate state mode=None-script, software_lock=False
doing actuation None-script open_channel False
Open K ===>> OK
GetIndicatorState K ===>> OK
change switch state (True, True)
update switch state K True args=() kw={} ncanvase=2
06:53:15 -- OPEN   VALVE-K (Microbone to Getter D-50)
---------------------------------------- open None (Microbone to Getter D-50) result=[(True, True)], time=0.46 sec
GetData ===>> H2,0.0413006403074981,H1,112.560062256416,AX,30.7503973805274,L1,0.411167781306863,L2,0.317277341...
action=open, ok=True, locked=[False]
open () {'description': 'Microbone to CO2 Laser'}
opening name=--- desc=Microbone to CO2 Laser
checking ownership. requestor=129.138.12.150
check software interlocks T
interlocks []
actuate state mode=None-script, software_lock=False
doing actuation None-script open_channel False
Open T ===>> OK
GetIndicatorState T ===>> OK
change switch state (True, True)
update switch state T True args=() kw={} ncanvase=2
06:53:15 -- OPEN   VALVE-T (Microbone to CO2 Laser)
---------------------------------------- open None (Microbone to CO2 Laser) result=[(True, True)], time=0.41 sec
action=open, ok=True, locked=[False]
open () {'description': 'Microbone to Inlet Pipette'}
opening name=--- desc=Microbone to Inlet Pipette
checking ownership. requestor=129.138.12.150
check software interlocks S
interlocks []
actuate state mode=None-script, software_lock=False
doing actuation None-script open_channel False
Open S ===>> OK
GetData ===>> H2,-0.0918171422918531,H1,112.457542642783,AX,30.7987630075517,L1,0.417686389421003,L2,0.25775651...
GetIndicatorState S ===>> OK
change switch state (True, True)
update switch state S True args=() kw={} ncanvase=2
06:53:16 -- OPEN   VALVE-S (Microbone to Inlet Pipette)
---------------------------------------- open None (Microbone to Inlet Pipette) result=[(True, True)], time=0.44 sec
action=open, ok=True, locked=[False]
sleep (1,) {}
SLEEP 1.0
Get Checksum: -860229079
GetData ===>> H2,-0.191043421601982,H1,112.467005468694,AX,30.857385639272,L1,0.417191408294636,L2,0.3454733736...
set_resource () {'name': 'CO2PumpTimeFlag', 'value': 30}
Set CO2PumpTimeFlag 30 ===>> OK
release ('JanCO2Flag',) {}
release JanCO2Flag
Set JanCO2Flag 0 ===>> OK
executed 6.0
PumpMicrobone.py completed successfully
gosub finished
get_resource_value () {'name': 'JanMiniboneFlag'}
Read JanMiniboneFlag ===>> 0
Get Resource Value JanMiniboneFlag=0.0
get resource value 0.0
get_resource_value () {'name': 'JanMiniboneFlag'}
Read JanMiniboneFlag ===>> 0
Get Resource Value JanMiniboneFlag=0.0
executed 4.0
jan_pump_extraction_line.py completed successfully
Post Equilibration Finished
06:53:17 -- ******* Post Equilibration Finished *******
GetData ===>> H2,-0.165957348964104,H1,112.436272003088,AX,30.8014758480844,L1,0.413719859141701,L2,0.376784114...
GetData ===>> H2,-0.04183698862712,H1,112.437687472403,AX,30.8435466605046,L1,0.368662768386281,L2,0.2477781458...
Get Checksum: -860229079
GetData ===>> H2,-0.188098746914876,H1,112.307187343554,AX,30.7168417395911,L1,0.349272551101405,L2,0.309493502...
GetData ===>> H2,-0.161623583860764,H1,112.345922761922,AX,30.6224344835933,L1,0.359736050713087,L2,0.282928209...
GetData ===>> H2,-0.0913998537073357,H1,112.302718490034,AX,30.7337123423247,L1,0.368357337665758,L2,0.24318890...
Get Checksum: -860229079
GetData ===>> H2,-0.140194387305977,H1,112.161688805496,AX,30.8071300473189,L1,0.383033649142055,L2,0.235004155...
GetData ===>> H2,-0.155099560412317,H1,112.187807149161,AX,30.6541900979548,L1,0.381424035999362,L2,0.287743192...
GetData ===>> H2,-0.165514597900095,H1,112.110079293012,AX,30.7102607401484,L1,0.399693357970967,L2,0.304905670...
Get Checksum: -860229079
GetData ===>> H2,-0.117888707337207,H1,112.160106580014,AX,30.7136989286511,L1,0.371424275000016,L2,0.232116259...
GetData ===>> H2,-0.0892454254475613,H1,111.994861467106,AX,30.5799746428107,L1,0.35610778731665,L2,0.335130059...
GetData ===>> H2,-0.0835650018305362,H1,112.146760680563,AX,30.5630460826305,L1,0.317095658955192,L2,0.26870146...
Get Checksum: -860229079
GetData ===>> H2,-0.0337414828580007,H1,112.115736337259,AX,30.5037423623711,L1,0.374611929142419,L2,0.28874729...
GetData ===>> H2,-0.174719418903281,H1,112.187769913916,AX,30.6118736318532,L1,0.347705411858367,L2,0.240506237...
GetData ===>> H2,-0.149669274209336,H1,112.202404049025,AX,30.4287415326079,L1,0.364338716829762,L2,0.288199601...
Get Checksum: -860229079
GetData ===>> H2,-0.13743271050001,H1,111.992777609847,AX,30.4362635027659,L1,0.387751502060124,L2,0.2319450435...
GetData ===>> H2,-0.115545095393987,H1,112.023219575461,AX,30.5297736415046,L1,0.380842339681379,L2,0.383773903...
GetData ===>> H2,-0.179793173023286,H1,111.790297502224,AX,30.5075930022189,L1,0.356282452050071,L2,0.234022489...
Get Checksum: -860229079
GetData ===>> H2,-0.148110710968713,H1,111.79674939817,AX,30.529317371396,L1,0.332586820343181,L2,0.33962800843...
06:53:37 -- collecting point 25
GetData ===>> H2,-0.180450340647121,H1,111.703622543235,AX,30.6320702794139,L1,0.375169381475588,L2,0.252755782...
GetData ===>> H2,-0.136583660536854,H1,111.652417177902,AX,30.563918626628,L1,0.391552790838974,L2,0.2461342124...
Get Checksum: -860229079
GetData ===>> H2,-0.19741794576244,H1,111.781019883308,AX,30.6363113644028,L1,0.376602270773686,L2,0.2351753774...
GetData ===>> H2,-0.16585071233224,H1,111.758320861933,AX,30.5216549937471,L1,0.396351664864554,L2,0.2897399985...
Get Checksum: -860229079
GetData ===>> H2,-0.139510451675068,H1,111.775870020383,AX,30.5608446170507,L1,0.400754186304242,L2,0.257585251...
GetData ===>> H2,-0.0851618546681126,H1,111.73841313726,AX,30.4907558094956,L1,0.403515348881089,L2,0.311935870...
GetData ===>> H2,-0.0539438663220535,H1,111.738784873543,AX,30.6027091715825,L1,0.349841369654346,L2,0.28550681...
Get Checksum: -860229079
GetData ===>> H2,-0.172114924145554,H1,111.712932726913,AX,30.5308606453884,L1,0.35672950961326,L2,0.3282465528...
GetData ===>> H2,-0.104817217730746,H1,111.647579488798,AX,30.5438518248354,L1,0.425519861198332,L2,0.349161160...
GetData ===>> H2,-0.0658268967461,H1,111.567079958662,AX,30.3417837068688,L1,0.426818429901774,L2,0.27205545279...
Get Checksum: -860229079
GetData ===>> H2,-0.187148035868643,H1,111.509462473356,AX,30.4491633098079,L1,0.364166525415606,L2,0.277189339...
GetData ===>> H2,-0.16352065387018,H1,111.524208441256,AX,30.4182974201133,L1,0.372788195927226,L2,0.3213064691...
GetData ===>> H2,-0.102079244467518,H1,111.42859554723,AX,30.3242335332987,L1,0.404704700314838,L2,0.3157250888...
Get Checksum: -860229079
GetData ===>> H2,-0.0907454384880537,H1,111.564330478056,AX,30.4294521428681,L1,0.416017761188959,L2,0.32696807...
GetData ===>> H2,-0.0916206934054776,H1,111.543859518874,AX,30.3710445515566,L1,0.370748492495283,L2,0.27029858...
GetData ===>> H2,-0.16081199998403,H1,111.323714272079,AX,30.3841889290507,L1,0.358300473083146,L2,0.2110589420...
Get Checksum: -860229079
GetData ===>> H2,-0.17500292881094,H1,111.281273117751,AX,30.3755107851608,L1,0.368770282164644,L2,0.1551226133...
GetData ===>> H2,-0.195771132975899,H1,111.327240730042,AX,30.3661359227069,L1,0.353959532444061,L2,0.270321402...
GetData ===>> H2,-0.226359515253183,H1,111.36830200102,AX,30.4683950807234,L1,0.363143206323253,L2,0.2987546684...
Get Checksum: -860229079
GetData ===>> H2,-0.200305021756549,H1,111.170387815703,AX,30.4360221483241,L1,0.326417738202883,L2,0.351193500...
GetData ===>> H2,-0.0995788972078702,H1,111.128908422675,AX,30.3405233281437,L1,0.349273771708264,L2,0.32484493...
GetData ===>> H2,-0.100408797338178,H1,111.245787656386,AX,30.3187907201652,L1,0.38336733630895,L2,0.2832476795...
Get Checksum: -860229079
GetData ===>> H2,-0.0832859697527795,H1,111.262475941914,AX,30.2414266895342,L1,0.396531574487609,L2,0.31815620...
GetData ===>> H2,-0.240700379297492,H1,111.121693324063,AX,30.3612677400155,L1,0.403963174923911,L2,0.204520131...
GetData ===>> H2,-0.262354784384825,H1,111.109879090403,AX,30.3185092025102,L1,0.366802225525939,L2,0.272237986...
Get Checksum: -860229079
06:54:03 -- collecting point 50
GetData ===>> H2,-0.24292249337254,H1,111.013908849436,AX,30.2573159448879,L1,0.337224310396449,L2,0.3665858750...
GetData ===>> H2,-0.131832946072351,H1,110.830961680535,AX,30.2628093799804,L1,0.340909926679444,L2,0.283236269...
Get Checksum: -860229079
GetData ===>> H2,-0.157321932148877,H1,110.90964166453,AX,30.2047857594584,L1,0.324569810497213,L2,0.2146195290...
GetData ===>> H2,-0.0861775476697099,H1,110.842917510098,AX,30.2136589353215,L1,0.360784344297773,L2,0.20228357...
GetData ===>> H2,-0.141018839866938,H1,110.861622349186,AX,30.2078953123929,L1,0.348268040964956,L2,0.285312851...
Get Checksum: -860229079
GetData ===>> H2,-0.17223364352574,H1,110.680557258167,AX,30.3080533314658,L1,0.381087967927616,L2,0.2977504606...
GetData ===>> H2,-0.205136292669934,H1,110.700119345568,AX,30.3324250612409,L1,0.3552564920337,L2,0.24534650437...
GetData ===>> H2,-0.233922841167592,H1,110.711435395508,AX,30.1036917339814,L1,0.360379987870312,L2,0.303102552...
Get Checksum: -860229079
GetData ===>> H2,-0.15179473350046,H1,110.68215075138,AX,30.1629625884933,L1,0.359921774167019,L2,0.27507870828...
GetData ===>> H2,-0.120870294835264,H1,110.740090354453,AX,30.1886094296147,L1,0.356171301420737,L2,0.238371574...
GetData ===>> H2,-0.105934954844604,H1,110.779330468509,AX,30.2547435016745,L1,0.368339012111816,L2,0.287047173...
Get Checksum: -860229079
GetData ===>> H2,-0.206268323349923,H1,110.596144006583,AX,30.2031237922911,L1,0.372967865698136,L2,0.259997605...
GetData ===>> H2,-0.0683857418763515,H1,110.676073330039,AX,30.0278244143788,L1,0.351157341339421,L2,0.37333509...
GetData ===>> H2,-0.0445308886390123,H1,110.68424455218,AX,30.0782383018398,L1,0.367048975417638,L2,0.233520245...
Get Checksum: -860229079
GetData ===>> H2,-0.141345901165951,H1,110.621368706903,AX,30.0722004850757,L1,0.362112663599264,L2,0.307656060...
testing age>100.0
evaluate ot="age>100.0" t="age>100.0", ctx="{'age': 25.48934227286301}"
testing Ar39<0.5
evaluate ot="Ar39<0.5" t="Ar39<0.5", ctx="{'Ar39': 31.10543619474617}"
GetData ===>> H2,-0.238679773693356,H1,110.531489687629,AX,30.155902024558,L1,0.423753580978372,L2,0.2957306656...
GetData ===>> H2,-0.310847919702597,H1,110.641781116255,AX,30.3596718802344,L1,0.383006759073564,L2,0.260716242...
Get Checksum: -860229079
GetData ===>> H2,-0.25097685051701,H1,110.582681396749,AX,30.1572551533164,L1,0.368227837786579,L2,0.3469119362...
GetData ===>> H2,-0.191186321301985,H1,110.454061244047,AX,30.0088347484547,L1,0.358502052700741,L2,0.304175289...
GetData ===>> H2,-0.116078269022015,H1,110.375177746021,AX,30.0237530168254,L1,0.384780432264904,L2,0.197354200...
Get Checksum: -860229079
testing age>100.0
evaluate ot="age>100.0" t="age>100.0", ctx="{'age': 25.520327398449798}"
testing Ar39<0.5
evaluate ot="Ar39<0.5" t="Ar39<0.5", ctx="{'Ar39': 31.09033158623303}"
GetData ===>> H2,-0.206780395246557,H1,110.279845003236,AX,30.0087677948035,L1,0.409971559930921,L2,0.272808405...
GetData ===>> H2,-0.212985402491465,H1,110.416983600903,AX,30.0194005345871,L1,0.3479385147456,L2,0.25500493782...
GetData ===>> H2,-0.0914310153971178,H1,110.567923864718,AX,29.9385152358631,L1,0.308059838889496,L2,0.25680886...
Get Checksum: -860229079
GetData ===>> H2,-0.193282425575839,H1,110.500962423172,AX,30.0240074748501,L1,0.33754892795452,L2,0.2023178059...
GetData ===>> H2,-0.240917091675195,H1,110.374049014433,AX,30.0679701903249,L1,0.402072894441867,L2,0.242583869...
Get Checksum: -860229079
testing age>100.0
evaluate ot="age>100.0" t="age>100.0", ctx="{'age': 25.533713631009775}"
testing Ar39<0.5
evaluate ot="Ar39<0.5" t="Ar39<0.5", ctx="{'Ar39': 31.095320964701934}"
06:54:30 -- collecting point 75
GetData ===>> H2,-0.242436653571075,H1,110.200983063556,AX,29.9191526389788,L1,0.367763606376586,L2,0.275922955...
GetData ===>> H2,-0.186247146616206,H1,110.243951655458,AX,29.8863361796082,L1,0.39466898938033,L2,0.2464424478...
GetData ===>> H2,-0.184441106278927,H1,110.242675189221,AX,29.9089575060842,L1,0.379241169081256,L2,0.250586597...
Get Checksum: -860229079
GetData ===>> H2,-0.19638214062548,H1,110.027176577562,AX,29.9697941520625,L1,0.352361151772204,L2,0.3619382134...
GetData ===>> H2,-0.25501599065514,H1,110.044183815388,AX,29.9760054654955,L1,0.362126094177022,L2,0.2610470457...
testing age>100.0
evaluate ot="age>100.0" t="age>100.0", ctx="{'age': 25.549233299548153}"
testing Ar39<0.5
evaluate ot="Ar39<0.5" t="Ar39<0.5", ctx="{'Ar39': 31.103354959134247}"
GetData ===>> H2,-0.264160646861977,H1,109.9971226929,AX,29.9621643448877,L1,0.37457403326337,L2,0.299085602823...
Get Checksum: -860229079
GetData ===>> H2,-0.209178739187268,H1,110.109475650058,AX,30.0327129649144,L1,0.375236620098234,L2,0.287366656...
GetData ===>> H2,-0.191992457506626,H1,110.04192840052,AX,30.0266458367564,L1,0.409420634795838,L2,0.2325043515...
GetData ===>> H2,-0.219611648000858,H1,109.89819835879,AX,30.011392407807,L1,0.412719280928173,L2,0.33886311398...
Get Checksum: -860229079
GetData ===>> H2,-0.30454894844923,H1,109.930247909294,AX,29.9206779746785,L1,0.383815936521904,L2,0.2943841592...
testing age>100.0
evaluate ot="age>100.0" t="age>100.0", ctx="{'age': 25.560011792898266}"
testing Ar39<0.5
evaluate ot="Ar39<0.5" t="Ar39<0.5", ctx="{'Ar39': 31.087557284129083}"
GetData ===>> H2,-0.1864238236632,H1,109.878036782673,AX,29.7527560842551,L1,0.358761057786409,L2,0.32056454911...
GetData ===>> H2,-0.207941903973693,H1,109.843614780104,AX,29.9333096208325,L1,0.372144099553544,L2,0.252641614...
Get Checksum: -860229079
GetData ===>> H2,-0.288715488424537,H1,109.923722867452,AX,29.9929276824202,L1,0.38714010054537,L2,0.2341708803...
GetData ===>> H2,-0.211604860617827,H1,109.92878760696,AX,29.8679187492961,L1,0.401232473676577,L2,0.3091739449...
GetData ===>> H2,-0.187572831523728,H1,109.876632407585,AX,29.9270203821237,L1,0.369938345400699,L2,0.327458919...
Get Checksum: -860229079
testing age>100.0
evaluate ot="age>100.0" t="age>100.0", ctx="{'age': 25.569761479214833}"
testing Ar39<0.5
evaluate ot="Ar39<0.5" t="Ar39<0.5", ctx="{'Ar39': 31.08267593187805}"
GetData ===>> H2,-0.285621026314954,H1,109.84847367627,AX,29.8444667865109,L1,0.350515204168976,L2,0.2919878811...
GetData ===>> H2,-0.219874364907742,H1,109.920026081743,AX,29.8968904478601,L1,0.364519459864812,L2,0.262507155...
GetData ===>> H2,-0.120829715869623,H1,109.747668929283,AX,29.8177859044381,L1,0.356637897868204,L2,0.166140728...
Get Checksum: -860229079
GetData ===>> H2,-0.149825929028924,H1,109.707726166487,AX,29.7824976693381,L1,0.366854750995517,L2,0.216822137...
GetData ===>> H2,-0.124128312383754,H1,109.727360774818,AX,29.8030298454187,L1,0.360480186662684,L2,0.316626762...
testing age>100.0
evaluate ot="age>100.0" t="age>100.0", ctx="{'age': 25.582495400258846}"
testing Ar39<0.5
evaluate ot="Ar39<0.5" t="Ar39<0.5", ctx="{'Ar39': 31.081228772045556}"
GetData ===>> H2,-0.101922227479995,H1,109.638960008847,AX,29.8432356333436,L1,0.375619277378392,L2,0.350108819...
Get Checksum: -860229079
GetData ===>> H2,-0.250917677935159,H1,109.694576248965,AX,29.8071099759505,L1,0.361442378026342,L2,0.267982765...
GetData ===>> H2,-0.215577671993562,H1,109.555683778524,AX,29.8763981494967,L1,0.345599183348488,L2,0.258418730...
GetData ===>> H2,-0.121546589575758,H1,109.421281124779,AX,29.7310967611744,L1,0.355462897164588,L2,0.248737120...
GetData ===>> H2,-0.113852035510496,H1,109.468198938698,AX,29.7147213449561,L1,0.335275601037388,L2,0.313111425...
Get Checksum: -860229079
testing age>100.0
evaluate ot="age>100.0" t="age>100.0", ctx="{'age': 25.600746855802203}"
testing Ar39<0.5
evaluate ot="Ar39<0.5" t="Ar39<0.5", ctx="{'Ar39': 31.077120577325214}"
06:54:56 -- collecting point 100
GetData ===>> H2,-0.16070261401847,H1,109.651588239655,AX,29.7842096551378,L1,0.379713258607879,L2,0.3336231803...
GetData ===>> H2,-0.115298798615022,H1,109.505163878299,AX,29.7309096000593,L1,0.388496238302148,L2,0.338075393...
GetData ===>> H2,-0.124636743843372,H1,109.548894662905,AX,29.7327411186772,L1,0.370411228915507,L2,0.266419902...
Get Checksum: -860229079
GetData ===>> H2,-0.177361186162931,H1,109.351188326459,AX,29.7000055609786,L1,0.366098654479436,L2,0.322094052...
GetData ===>> H2,-0.244751270712464,H1,109.428881472815,AX,29.7207766285547,L1,0.343427512465374,L2,0.266431310...
testing age>100.0
evaluate ot="age>100.0" t="age>100.0", ctx="{'age': 25.59992048446764}"
testing Ar39<0.5
evaluate ot="Ar39<0.5" t="Ar39<0.5", ctx="{'Ar39': 31.074695836182897}"
GetData ===>> H2,-0.165868260201406,H1,109.204119454678,AX,29.5002841436665,L1,0.410243360545475,L2,0.238611293...
Get Checksum: -860229079
GetData ===>> H2,-0.0906858211505854,H1,109.263391218488,AX,29.3971946495332,L1,0.606203044218399,L2,0.31833882...
GetData ===>> H2,-0.185205909839569,H1,109.227880741338,AX,29.7776694750696,L1,0.538815612146168,L2,0.336088995...
GetData ===>> H2,-0.175428180365832,H1,109.187733851013,AX,29.7634134709251,L1,0.458660227084098,L2,0.281912758...
Get Checksum: -860229079
GetData ===>> H2,-0.0714085703350019,H1,109.231899690586,AX,29.7425141795729,L1,0.433088167914222,L2,0.29155427...
testing age>100.0
evaluate ot="age>100.0" t="age>100.0", ctx="{'age': 25.602456693143697}"
testing Ar39<0.5
evaluate ot="Ar39<0.5" t="Ar39<0.5", ctx="{'Ar39': 31.077861678606688}"
GetData ===>> H2,-0.215269324066713,H1,109.231457232344,AX,29.5167753038735,L1,0.417175481079966,L2,0.256009653...
GetData ===>> H2,-0.296965918898629,H1,109.116232582637,AX,29.6247956142102,L1,0.372267538040412,L2,0.197822023...
Get Checksum: -860229079
GetData ===>> H2,-0.218978407795503,H1,109.115108151529,AX,29.7094549843189,L1,0.366699618408086,L2,0.379034039...
GetData ===>> H2,-0.263481633454072,H1,109.005542990705,AX,29.8553613188846,L1,0.349146829373845,L2,0.352061253...
GetData ===>> H2,-0.216802901608903,H1,108.953093837428,AX,29.6673998018868,L1,0.34595303851942,L2,0.2618455405...
Get Checksum: -860229079
testing age>100.0
evaluate ot="age>100.0" t="age>100.0", ctx="{'age': 25.61754560293466}"
testing Ar39<0.5
evaluate ot="Ar39<0.5" t="Ar39<0.5", ctx="{'Ar39': 31.068757172454838}"
GetData ===>> H2,-0.0473033335603947,H1,109.04485663852,AX,29.6040385533924,L1,0.341911275969017,L2,0.177080257...
GetData ===>> H2,-0.183759888526576,H1,109.148107153025,AX,29.5981850350078,L1,0.347281934844013,L2,0.328223722...
GetData ===>> H2,-0.146318233451609,H1,108.654563638965,AX,29.5821228395976,L1,0.38006183605894,L2,0.3411692322...
Get Checksum: -860229079
GetData ===>> H2,-0.148243075616822,H1,108.844017801012,AX,29.4089307249445,L1,0.397783685901976,L2,0.216867788...
GetData ===>> H2,-0.180910470223266,H1,108.78950240352,AX,29.505104385712,L1,0.32768076203185,L2,0.250050016959...
testing age>100.0
evaluate ot="age>100.0" t="age>100.0", ctx="{'age': 25.62520695160985}"
testing Ar39<0.5
evaluate ot="Ar39<0.5" t="Ar39<0.5", ctx="{'Ar39': 31.071705959670492}"
GetData ===>> H2,-0.198588507220172,H1,108.687376230544,AX,29.6141827026115,L1,0.306672575854032,L2,0.270036199...
Get Checksum: -860229079
measurement finished
estimated time: 125.829 actual time: :126.169
flush and close file /Users/jan/PychronDev/data/isotopes/e4/58642e-2a65-4bc8-8e2a-a3db1d69af50.h5
baselines () {'settling_time': 15.0, 'detector': 'H1', 'mass': 34.2, 'ncounts': 60.0}
%%%%%%%%%%%%%%%%%%%%%%%%%%%%%%%% Baseline
build tables- baseline [Detector(H2), Detector(H1), Detector(AX), Detector(L1), Detector(L2), Detector(CDD)]
add group baseline table H2
add group baseline table H1
add group baseline table AX
add group baseline table L1
add group baseline table L2
add group baseline table CDD
flush and close file /Users/jan/PychronDev/data/isotopes/e4/58642e-2a65-4bc8-8e2a-a3db1d69af50.h5
detector Detector(H1)
POSITION 34.2 H1
Mapping mass to dac mass func: "parabolic"
H1 map mass coeffs = [-0.00063987  0.15840543  0.57035999]
H1 map mass to dac 34.2 >> 5.23940599104
GetDeflection H1 ===>> 0
GetHighVoltage ===>> 4499.94659342336
positioning 34.2 (5.23937513667) on H1
setting magnet DAC
current  : 5.878715
requested: 5.239375
Delta Dac: 0.639340
Checking detector protection. dv=0.63934
Checking detector "CDD". Protection Threshold: 0.1 (V)
ProtectDetector CDD,On ===>> OK
GetDeflection CDD ===>> 2000
SetMagnetDAC 5.23937513667 ===>> OK
Magnet settling time: 0.500
GetMagnetMoving ===>> True
GetMagnetMoving ===>> True
GetMagnetMoving ===>> True
GetMagnetMoving ===>> True
GetMagnetMoving ===>> True
GetMagnetMoving ===>> True
Get Checksum: -860229079
GetMagnetMoving ===>> True
GetMagnetMoving ===>> True
GetMagnetMoving ===>> False
ProtectDetector CDD,Off ===>> OK
GetDeflection CDD ===>> 50
Delaying 15.0s for detectors to settle
Get Checksum: -860229079
Get Checksum: -860229079
Get Checksum: -860229079
Get Checksum: -860229079
Get Checksum: -860229079
Join finished
measuring baseline. ncounts=60.0
starting measurement
GetData ===>> H2,-0.24838103425862,H1,-0.0832414007267744,AX,-0.128439846888322,L1,0.0162154565719547,L2,-0.051...
GetData ===>> H2,-0.203309980545963,H1,-0.0803808800474702,AX,-0.111384527918629,L1,-0.0307450130489102,L2,-0.0...
Get Checksum: -860229079
GetData ===>> H2,-0.187322001731071,H1,-0.0607364290985622,AX,-0.0718862785604416,L1,-0.0356514202851215,L2,0.0...
GetData ===>> H2,-0.171390439144354,H1,0.00618854012628418,AX,-0.0770330857607727,L1,-0.0526667418123243,L2,-0....
GetData ===>> H2,-0.133825161607298,H1,0.0221035191179777,AX,-0.0540558188529224,L1,-0.0176459215995,L2,-0.0078...
Get Checksum: -860229079
GetData ===>> H2,-0.139951094771566,H1,-0.0756250834223813,AX,-0.0157753780479719,L1,-0.0401103714048964,L2,0.0...
GetData ===>> H2,-0.175393080842069,H1,-0.0727405051676786,AX,-0.145620574822783,L1,-0.043316191240705,L2,-0.01...
GetData ===>> H2,-0.151647557610119,H1,-0.0940510466702403,AX,-0.107803921563078,L1,-0.046491064370424,L2,-0.07...
Get Checksum: -860229079
GetData ===>> H2,-0.0601357638447317,H1,-0.0491362864759147,AX,-0.111604690351693,L1,-0.0353578412089312,L2,-0....
GetData ===>> H2,-0.0857062773995941,H1,-0.018144316580959,AX,-0.0853786809503466,L1,-0.0411200095993824,L2,-0....
GetData ===>> H2,-0.131485320691573,H1,0.000271771868987258,AX,-0.0416027020133399,L1,-0.014246613440303,L2,-0....
Get Checksum: -860229079
GetData ===>> H2,-0.155583250445569,H1,-0.0521526913630719,AX,-0.00815460218711564,L1,-0.0177646450317547,L2,0....
GetData ===>> H2,-0.276326209050989,H1,-0.053166087620826,AX,-0.0135019670286654,L1,-0.0510792097957309,L2,-0.0...
GetData ===>> H2,-0.182681996898203,H1,-0.0715127462190377,AX,-0.189970840396201,L1,-0.0175823620145584,L2,0.00...
Get Checksum: -860229079
GetData ===>> H2,-0.264081318691143,H1,0.0432120679908945,AX,-0.121731623699828,L1,-0.0383794981983025,L2,0.044...
GetData ===>> H2,-0.230804709961277,H1,-0.0134451963091252,AX,-0.0412200391097808,L1,0.00595645167173052,L2,0.0...
GetData ===>> H2,-0.0994841249846333,H1,-0.0761018652083443,AX,-0.02663134333471,L1,0.0125161134533323,L2,-0.01...
Get Checksum: -860229079
GetData ===>> H2,-0.0826371259744747,H1,-0.124757213270343,AX,0.0257923562008455,L1,-0.0338141801328554,L2,-0.0...
GetData ===>> H2,-0.184290027859359,H1,-0.113557893046878,AX,-0.0390515875682343,L1,-0.0405104062621287,L2,-0.0...
GetData ===>> H2,-0.21047875238184,H1,-0.0027461224145096,AX,-0.0591803817539665,L1,-0.0118745761280315,L2,0.00...
Get Checksum: -860229079
GetData ===>> H2,-0.239930411002467,H1,-0.0475743968352703,AX,-0.182634620706932,L1,-0.0427905404180787,L2,0.00...
GetData ===>> H2,-0.147050387361651,H1,-0.0118827495813932,AX,-0.129262412364667,L1,-0.0295460710258777,L2,-0.0...
GetData ===>> H2,-0.254193220490818,H1,-0.111294007009799,AX,-0.0936076641641681,L1,-0.0357976074845696,L2,-0.1...
Get Checksum: -860229079
GetData ===>> H2,-0.177100681573808,H1,0.0432717366753323,AX,-0.0459162524835539,L1,-0.0109622896371356,L2,0.04...
06:56:02 -- collecting point 25
GetData ===>> H2,-0.177417875486837,H1,-0.0558127917987815,AX,0.0143632305086352,L1,-0.00906672309283014,L2,-0....
Get Checksum: -860229079
GetData ===>> H2,-0.184283283240046,H1,-0.0425547238497302,AX,-0.119657657975645,L1,-0.0145713916044169,L2,-0.0...
GetData ===>> H2,-0.220120909066254,H1,-0.0467755583604788,AX,-0.0715732882604783,L1,-0.0293041093457562,L2,-0....
GetData ===>> H2,-0.173053852519724,H1,0.0682163611980481,AX,0.0166489483045907,L1,-0.0311929327265152,L2,-0.04...
Get Checksum: -860229079
GetData ===>> H2,-0.0878997168764134,H1,-0.00503632138417736,AX,-0.159556109526209,L1,-0.0057351283513178,L2,0....
GetData ===>> H2,-0.199214195471399,H1,-0.00466655322266514,AX,-0.0905479545038525,L1,-0.00739626643528837,L2,-...
GetData ===>> H2,-0.14944914352076,H1,-0.0286747925501317,AX,-0.0487802516137621,L1,-0.0185201249604523,L2,-0.0...
Get Checksum: -860229079
GetData ===>> H2,-0.105552013714405,H1,-0.0525818957367584,AX,-0.12116389446112,L1,-0.0114753860388049,L2,-0.07...
GetData ===>> H2,-0.1776405807977,H1,-0.0732292205574357,AX,-0.0535224777975833,L1,-0.0411523450894414,L2,-0.00...
GetData ===>> H2,-0.119497292596479,H1,-0.0477532403963419,AX,-0.038019526816187,L1,-0.0277539790765193,L2,-0.0...
Get Checksum: -860229079
GetData ===>> H2,-0.104053953900813,H1,-0.055121317282114,AX,-0.0820057557513359,L1,-0.0204121733376732,L2,-0.0...
GetData ===>> H2,-0.14412689262673,H1,-0.00582356517824216,AX,-0.0458582759223035,L1,-0.00461475483482867,L2,-0...
GetData ===>> H2,-0.27167815647,H1,-0.00952114258716534,AX,0.00696112192175037,L1,-0.0452054334502546,L2,-0.046...
Get Checksum: -860229079
GetData ===>> H2,-0.32928636645535,H1,-0.0291279478511928,AX,-0.0536732049139451,L1,-0.00417568795471476,L2,-0....
GetData ===>> H2,-0.297772381000084,H1,-0.0346133492798327,AX,0.0157787448474813,L1,0.0157915421411763,L2,-0.04...
GetData ===>> H2,-0.240727300315978,H1,-0.112128076246765,AX,-0.0624265715709994,L1,-0.038948503248127,L2,0.037...
Get Checksum: -860229079
GetData ===>> H2,-0.13522072136174,H1,-0.045452095510856,AX,-0.09244869455308,L1,-0.0423379078827341,L2,0.03305...
GetData ===>> H2,-0.0512246068099697,H1,-0.0203149017093949,AX,-0.051876058709375,L1,-0.0438370254129821,L2,-0....
GetData ===>> H2,-0.206368044431894,H1,-0.0476340113911398,AX,-0.140681212241495,L1,-0.00273599009572838,L2,-0....
Get Checksum: -860229079
GetData ===>> H2,-0.212256766761225,H1,0.0127260213977688,AX,-0.1229713474592,L1,0.0196554669659589,L2,-0.10404...
GetData ===>> H2,-0.0927519215115111,H1,-0.0101532953750592,AX,-0.16174712260494,L1,-0.00615373699410339,L2,0.0...
GetData ===>> H2,-0.15662892315672,H1,-0.0389656821523808,AX,-0.0368019129795143,L1,-0.0194206308897671,L2,-0.0...
Get Checksum: -860229079
GetData ===>> H2,-0.214262085336081,H1,-0.0091394634992302,AX,-0.0244973603064161,L1,-0.0287722523177782,L2,-0....
GetData ===>> H2,-0.226184471802151,H1,-0.00458305699713151,AX,-0.00141488010700681,L1,-0.0291100566625591,L2,-...
Get Checksum: -860229079
GetData ===>> H2,-0.138802142851397,H1,-0.0330631576131556,AX,-0.0895859804487958,L1,0.0009949849147801,L2,0.05...
06:56:28 -- collecting point 50
GetData ===>> H2,-0.273457001744951,H1,0.0329018532806426,AX,-0.126273338333814,L1,-0.0305881166783846,L2,-0.04...
GetData ===>> H2,-0.21700974732207,H1,-0.0924779403790097,AX,-0.047945410368568,L1,-0.0570478129684596,L2,0.044...
Get Checksum: -860229079
GetData ===>> H2,-0.198966081856846,H1,-0.0395857251311192,AX,-0.07200220063825,L1,-0.0402253531142456,L2,-0.03...
GetData ===>> H2,-0.174130775668881,H1,-0.0693194306043974,AX,-0.0236507127713242,L1,-0.0167752402882541,L2,0.0...
GetData ===>> H2,-0.24126974516335,H1,0.031302910451392,AX,-0.116424964011531,L1,-0.0108316137107933,L2,-0.0947...
Get Checksum: -860229079
GetData ===>> H2,-0.262101967464542,H1,-0.039621496724229,AX,0.00218137596089495,L1,-0.00206406063922883,L2,-0....
GetData ===>> H2,-0.250890781204501,H1,-0.0541794736164779,AX,-0.0374976941801537,L1,0.00264430279759343,L2,0.0...
GetData ===>> H2,-0.258928705472518,H1,-0.0424831827475767,AX,-0.0593311001069554,L1,-0.0138738846225098,L2,-0....
GetData ===>> H2,-0.255626307548355,H1,-0.0755654855393971,AX,-0.157365047088716,L1,-0.0335854918334623,L2,-0.0...
GetData ===>> H2,-0.217515083025976,H1,-0.129586753393229,AX,-0.0304120896859574,L1,-0.0222511239392194,L2,-0.0...
Get Checksum: -860229079
GetData ===>> H2,-0.209697415220137,H1,-0.014614033638982,AX,-0.0178515590676855,L1,-0.0189577976964652,L2,-0.0...
measurement finished
estimated time: 62.915 actual time: :63.419
flush and close file /Users/jan/PychronDev/data/isotopes/e4/58642e-2a65-4bc8-8e2a-a3db1d69af50.h5
activate_detectors ('H1', 'AX', 'CDD') {'peak_center': True}
peak_center () {'detector': 'H1', 'isotope': 'Ar40'}
peak center: mean=108.935840143 threshold=3
peak center started
setup peak center. detector=['H1', 'AX', 'CDD'], isotope=Ar40
VersionedUnpickler [<apptools.sweet_pickle.versioned_unpickler.VersionedUnpickler object at 0x17f4a7650>] using Updater [<apptools.sweet_pickle.updater.Updater object at 0x12ce00cb0>]
VersionedUnpickler [<apptools.sweet_pickle.versioned_unpickler.VersionedUnpickler object at 0x17f4a7650>] using Updater [<apptools.sweet_pickle.updater.Updater object at 0x12ce00cb0>]
VersionedUnpickler [<apptools.sweet_pickle.versioned_unpickler.VersionedUnpickler object at 0x17d3f6d70>] using Updater [<apptools.sweet_pickle.updater.Updater object at 0x12ce00cb0>]
setting integration time = 0.524288
SetIntegrationTime 0.524288 ===>> OK
Mapping mass to dac mass func: "parabolic"
H1 map mass coeffs = [-0.00063987  0.15840543  0.57035999]
H1 map mass to dac 39.9624 >> 5.87875
GetDeflection H1 ===>> 0
GetHighVoltage ===>> 4499.94659342336
do peak center. <pychron.spectrometer.jobs.peak_center.PeakCenter object at 0x12ce00b30>
doing pc
starting peak center. center dac= 5.87871538059 step_width=0.001
width = 0.001
get scan parameters. half-width=0.015,window=0.015, i=0, scalar=1
Scan parameters center=5.87872 width=0.03000 (5.86372 - 5.89372)
GetData ===>> H2,-0.220328379218598,H1,-0.058721701229447,AX,-0.090327744415019,L1,-0.0518377153245283,L2,0.013...
Moving to starting dac 5.86371538059
setting magnet DAC
current  : 5.239375
requested: 5.863715
Delta Dac: 0.624340
Checking detector protection. dv=0.62434
Checking detector "CDD". Protection Threshold: 0.1 (V)
ProtectDetector CDD,On ===>> OK
GetDeflection CDD ===>> 2000
SetMagnetDAC 5.86371538059 ===>> OK
Magnet settling time: 0.500
GetMagnetMoving ===>> True
GetMagnetMoving ===>> True
GetMagnetMoving ===>> True
Get Checksum: -860229079
GetMagnetMoving ===>> True
GetMagnetMoving ===>> True
GetMagnetMoving ===>> True
GetMagnetMoving ===>> True
GetMagnetMoving ===>> True
GetMagnetMoving ===>> False
ProtectDetector CDD,Off ===>> OK
GetDeflection CDD ===>> 50
Wait until signal near baseline. tol= -0.0440412759221. timeout= 10
GetData ===>> H2,0.382700928908183,H1,0.298387150569135,AX,0.037768270538331,L1,-0.00681340009959858,L2,0.08858...
GetData ===>> H2,6.19129750414123,H1,3.73360769868432,AX,0.18976768771364,L1,0.0177934873657962,L2,-0.169266560...
GetData ===>> H2,6.78935517539107,H1,4.02512152359182,AX,0.578371769286965,L1,0.00572942801363764,L2,-0.1121711...
GetData ===>> H2,3.4717842798865,H1,1.91339586375412,AX,0.0538019683653939,L1,-0.0034570645061945,L2,0.07853272...
Get Checksum: -860229079
GetData ===>> H2,1.34681947232658,H1,0.960219185584488,AX,0.0689565476389644,L1,-0.0330736135838116,L2,-0.12557...
GetData ===>> H2,0.433201853836909,H1,0.436788171202607,AX,0.0438728402087131,L1,-0.0372473818265691,L2,-0.0311...
GetData ===>> H2,0.0511457421743555,H1,0.239103582789446,AX,-0.0532442117388014,L1,-0.0121514824744151,L2,-0.01...
GetData ===>> H2,-0.132151030173399,H1,0.229007621589284,AX,-0.128509359732821,L1,0.0219773072900199,L2,-0.0180...
GetData ===>> H2,-0.124800356570579,H1,0.13396929529621,AX,-0.0114952897131829,L1,0.00168636913720048,L2,-0.071...
GetData ===>> H2,-0.102007914396545,H1,0.0544184707047314,AX,-0.0487222767586916,L1,0.00248103949217964,L2,-0.0...
Get Checksum: -860229079
GetData ===>> H2,-0.0821684182939567,H1,-0.0165700165973391,AX,-0.0481425263084677,L1,-0.0210180458987444,L2,0....
GetData ===>> H2,-0.131145628824836,H1,0.061341050070385,AX,-0.105613776991684,L1,-0.0293119892805792,L2,-0.001...
GetData ===>> H2,-0.111887986360318,H1,-0.00874585541541502,AX,-0.0993327714944872,L1,-0.0305181595057219,L2,0....
GetData ===>> H2,-0.069478880662854,H1,-0.0466920972564065,AX,-0.116181638613304,L1,-0.0211306249745482,L2,0.02...
Peak center baseline intensity achieved
_do_sweep sm= 5.86371538059, em= 5.89371538059, stm= 0.001
calculated step values: start=5.86371538059, end=5.89371538059, width=0.001, nsteps=31.0
setting magnet DAC
current  : 5.863715
requested: 5.863715
Delta Dac: 0.000000
Checking detector protection. dv=0.00000
Checking detector "CDD". Protection Threshold: 0.1 (V)
SetMagnetDAC 5.86371538059 ===>> OK
GetData ===>> H2,-0.069478880662854,H1,-0.0466920972564065,AX,-0.116181638613304,L1,-0.0211306249745482,L2,0.02...
setting magnet DAC
current  : 5.863715
requested: 5.864750
Delta Dac: 0.001034
Checking detector protection. dv=0.00103
Checking detector "CDD". Protection Threshold: 0.1 (V)
SetMagnetDAC 5.86474986335 ===>> OK
Magnet settling time: 1.049
GetData ===>> H2,-0.159781569325689,H1,0.19839181243031,AX,-0.0746220027686428,L1,-0.023829750237627,L2,-0.0203...
setting magnet DAC
current  : 5.864750
requested: 5.865784
Delta Dac: 0.001034
Checking detector protection. dv=0.00103
Checking detector "CDD". Protection Threshold: 0.1 (V)
Get Checksum: -860229079
SetMagnetDAC 5.86578434611 ===>> OK
Magnet settling time: 1.049
GetData ===>> H2,-0.215644995749838,H1,0.525367965759593,AX,0.190324554184647,L1,-0.0292593356972253,L2,0.03623...
setting magnet DAC
current  : 5.865784
requested: 5.866819
Delta Dac: 0.001034
Checking detector protection. dv=0.00103
Checking detector "CDD". Protection Threshold: 0.1 (V)
SetMagnetDAC 5.86681882887 ===>> OK
Magnet settling time: 1.049
GetData ===>> H2,-0.1511342192438,H1,2.05142785318297,AX,0.335961501920407,L1,0.0241311032468599,L2,-0.02823506...
setting magnet DAC
current  : 5.866819
requested: 5.867853
Delta Dac: 0.001034
Checking detector protection. dv=0.00103
Checking detector "CDD". Protection Threshold: 0.1 (V)
SetMagnetDAC 5.86785331163 ===>> OK
Magnet settling time: 1.049
Get Checksum: -860229079
GetData ===>> H2,-0.12831002527601,H1,6.83033358977807,AX,1.18928629945617,L1,-0.010142240144786,L2,0.070601344...
setting magnet DAC
current  : 5.867853
requested: 5.868888
Delta Dac: 0.001034
Checking detector protection. dv=0.00103
Checking detector "CDD". Protection Threshold: 0.1 (V)
SetMagnetDAC 5.86888779439 ===>> OK
Magnet settling time: 1.049
GetData ===>> H2,-0.123924122063542,H1,18.990223163046,AX,3.58537709673769,L1,-0.0217461946632175,L2,-0.0236588...
setting magnet DAC
current  : 5.868888
requested: 5.869922
Delta Dac: 0.001034
Checking detector protection. dv=0.00103
Checking detector "CDD". Protection Threshold: 0.1 (V)
SetMagnetDAC 5.86992227714 ===>> OK
Magnet settling time: 1.049
GetData ===>> H2,-0.145121363991042,H1,53.6853560851717,AX,11.1575920885343,L1,0.0537345186946317,L2,-0.1363486...
setting magnet DAC
current  : 5.869922
requested: 5.870957
Delta Dac: 0.001034
Checking detector protection. dv=0.00103
Checking detector "CDD". Protection Threshold: 0.1 (V)
SetMagnetDAC 5.8709567599 ===>> OK
Magnet settling time: 1.049
Get Checksum: -860229079
GetData ===>> H2,-0.255018679348199,H1,79.425605505272,AX,18.6401366282581,L1,0.122449540525748,L2,-0.014642285...
setting magnet DAC
current  : 5.870957
requested: 5.871991
Delta Dac: 0.001034
Checking detector protection. dv=0.00103
Checking detector "CDD". Protection Threshold: 0.1 (V)
SetMagnetDAC 5.87199124266 ===>> OK
Magnet settling time: 1.049
GetData ===>> H2,-0.306736189481278,H1,95.349090286791,AX,23.9128787458165,L1,0.154886616240575,L2,0.1126360445...
setting magnet DAC
current  : 5.871991
requested: 5.873026
Delta Dac: 0.001034
Checking detector protection. dv=0.00103
Checking detector "CDD". Protection Threshold: 0.1 (V)
SetMagnetDAC 5.87302572542 ===>> OK
Magnet settling time: 1.049
GetData ===>> H2,-0.16674022008604,H1,102.316021752388,AX,26.7746466897234,L1,0.255094940494263,L2,0.2559982362...
setting magnet DAC
current  : 5.873026
requested: 5.874060
Delta Dac: 0.001034
Checking detector protection. dv=0.00103
Checking detector "CDD". Protection Threshold: 0.1 (V)
SetMagnetDAC 5.87406020818 ===>> OK
Magnet settling time: 1.049
Get Checksum: -860229079
GetData ===>> H2,-0.0161330853282388,H1,104.364778979694,AX,27.9633909668063,L1,0.306570274180289,L2,0.09929874...
setting magnet DAC
current  : 5.874060
requested: 5.875095
Delta Dac: 0.001034
Checking detector protection. dv=0.00103
Checking detector "CDD". Protection Threshold: 0.1 (V)
SetMagnetDAC 5.87509469094 ===>> OK
Magnet settling time: 1.049
GetData ===>> H2,-0.168375976163712,H1,105.093032239192,AX,28.1437824886905,L1,0.332205607505008,L2,0.290752322...
setting magnet DAC
current  : 5.875095
requested: 5.876129
Delta Dac: 0.001034
Checking detector protection. dv=0.00103
Checking detector "CDD". Protection Threshold: 0.1 (V)
SetMagnetDAC 5.8761291737 ===>> OK
Magnet settling time: 1.049
GetData ===>> H2,-0.131091572465401,H1,105.195826685962,AX,28.2329910381284,L1,0.336793348721624,L2,0.015828941...
setting magnet DAC
current  : 5.876129
requested: 5.877164
Delta Dac: 0.001034
Checking detector protection. dv=0.00103
Checking detector "CDD". Protection Threshold: 0.1 (V)
SetMagnetDAC 5.87716365645 ===>> OK
Magnet settling time: 1.049
Get Checksum: -860229079
GetData ===>> H2,-0.0931089221258509,H1,105.119397180012,AX,28.3082421977299,L1,0.322259564736353,L2,0.42885671...
setting magnet DAC
current  : 5.877164
requested: 5.878198
Delta Dac: 0.001034
Checking detector protection. dv=0.00103
Checking detector "CDD". Protection Threshold: 0.1 (V)
SetMagnetDAC 5.87819813921 ===>> OK
Magnet settling time: 1.049
GetData ===>> H2,-0.114004976150777,H1,105.15584284324,AX,28.2581752766628,L1,0.298537918133552,L2,0.2406774691...
setting magnet DAC
current  : 5.878198
requested: 5.879233
Delta Dac: 0.001034
Checking detector protection. dv=0.00103
Checking detector "CDD". Protection Threshold: 0.1 (V)
SetMagnetDAC 5.87923262197 ===>> OK
Magnet settling time: 1.049
Get Checksum: -860229079
GetData ===>> H2,0.0151982046738151,H1,105.103759493247,AX,28.3554626814881,L1,0.331111386339538,L2,0.164726324...
setting magnet DAC
current  : 5.879233
requested: 5.880267
Delta Dac: 0.001034
Checking detector protection. dv=0.00103
Checking detector "CDD". Protection Threshold: 0.1 (V)
SetMagnetDAC 5.88026710473 ===>> OK
Magnet settling time: 1.049
GetData ===>> H2,-0.164677643137452,H1,105.119579023001,AX,28.1272649669835,L1,0.364548699389637,L2,0.225587425...
setting magnet DAC
current  : 5.880267
requested: 5.881302
Delta Dac: 0.001034
Checking detector protection. dv=0.00103
Checking detector "CDD". Protection Threshold: 0.1 (V)
SetMagnetDAC 5.88130158749 ===>> OK
Magnet settling time: 1.049
GetData ===>> H2,-0.0758674372188602,H1,104.873879121626,AX,28.1784719438829,L1,0.351726264546444,L2,0.27967244...
setting magnet DAC
current  : 5.881302
requested: 5.882336
Delta Dac: 0.001034
Checking detector protection. dv=0.00103
Checking detector "CDD". Protection Threshold: 0.1 (V)
SetMagnetDAC 5.88233607025 ===>> OK
Magnet settling time: 1.049
Get Checksum: -860229079
GetData ===>> H2,-0.208228894131104,H1,105.121979370755,AX,27.9401136811255,L1,0.322977850340694,L2,0.296862762...
setting magnet DAC
current  : 5.882336
requested: 5.883371
Delta Dac: 0.001034
Checking detector protection. dv=0.00103
Checking detector "CDD". Protection Threshold: 0.1 (V)
SetMagnetDAC 5.88337055301 ===>> OK
Magnet settling time: 1.049
GetData ===>> H2,-0.231874472637116,H1,104.171042795026,AX,27.6760104976235,L1,0.319443963480169,L2,0.160825413...
setting magnet DAC
current  : 5.883371
requested: 5.884405
Delta Dac: 0.001034
Checking detector protection. dv=0.00103
Checking detector "CDD". Protection Threshold: 0.1 (V)
SetMagnetDAC 5.88440503576 ===>> OK
Magnet settling time: 1.049
GetData ===>> H2,-0.278259981398078,H1,101.25506375908,AX,26.526443746455,L1,0.325315671238955,L2,0.25960616530...
setting magnet DAC
current  : 5.884405
requested: 5.885440
Delta Dac: 0.001034
Checking detector protection. dv=0.00103
Checking detector "CDD". Protection Threshold: 0.1 (V)
SetMagnetDAC 5.88543951852 ===>> OK
Magnet settling time: 1.049
Get Checksum: -860229079
GetData ===>> H2,-0.128539819342877,H1,93.2618276907437,AX,22.8177489542422,L1,0.291499276668189,L2,0.133044575...
setting magnet DAC
current  : 5.885440
requested: 5.886474
Delta Dac: 0.001034
Checking detector protection. dv=0.00103
Checking detector "CDD". Protection Threshold: 0.1 (V)
SetMagnetDAC 5.88647400128 ===>> OK
Magnet settling time: 1.049
GetData ===>> H2,-0.246930883250878,H1,74.9326481374482,AX,16.1859165415132,L1,0.248555518124973,L2,0.167486713...
setting magnet DAC
current  : 5.886474
requested: 5.887508
Delta Dac: 0.001034
Checking detector protection. dv=0.00103
Checking detector "CDD". Protection Threshold: 0.1 (V)
SetMagnetDAC 5.88750848404 ===>> OK
Magnet settling time: 1.049
GetData ===>> H2,-0.296265417439728,H1,48.4510940338277,AX,9.03556230001173,L1,0.162609126431996,L2,0.152020432...
setting magnet DAC
current  : 5.887508
requested: 5.888543
Delta Dac: 0.001034
Checking detector protection. dv=0.00103
Checking detector "CDD". Protection Threshold: 0.1 (V)
SetMagnetDAC 5.8885429668 ===>> OK
Magnet settling time: 1.049
Get Checksum: -860229079
GetData ===>> H2,-0.17252908749085,H1,23.9374976816135,AX,3.65792551000973,L1,0.103749975848079,L2,0.0552418585...
setting magnet DAC
current  : 5.888543
requested: 5.889577
Delta Dac: 0.001034
Checking detector protection. dv=0.00103
Checking detector "CDD". Protection Threshold: 0.1 (V)
SetMagnetDAC 5.88957744956 ===>> OK
Magnet settling time: 1.049
GetData ===>> H2,-0.247880632140251,H1,9.10878418975234,AX,1.171573329378,L1,0.0127166676396639,L2,-0.093530852...
setting magnet DAC
current  : 5.889577
requested: 5.890612
Delta Dac: 0.001034
Checking detector protection. dv=0.00103
Checking detector "CDD". Protection Threshold: 0.1 (V)
SetMagnetDAC 5.89061193232 ===>> OK
Magnet settling time: 1.049
Get Checksum: -860229079
GetData ===>> H2,-0.345489618935179,H1,2.84546773254431,AX,0.237484126863468,L1,0.0394730928588886,L2,-0.026982...
setting magnet DAC
current  : 5.890612
requested: 5.891646
Delta Dac: 0.001034
Checking detector protection. dv=0.00103
Checking detector "CDD". Protection Threshold: 0.1 (V)
SetMagnetDAC 5.89164641508 ===>> OK
Magnet settling time: 1.049
GetData ===>> H2,-0.121773815566044,H1,0.719291540277989,AX,0.159632037144297,L1,0.016020148631347,L2,-0.113743...
setting magnet DAC
current  : 5.891646
requested: 5.892681
Delta Dac: 0.001034
Checking detector protection. dv=0.00103
Checking detector "CDD". Protection Threshold: 0.1 (V)
SetMagnetDAC 5.89268089783 ===>> OK
Magnet settling time: 1.049
GetData ===>> H2,-0.290616871747049,H1,0.0986868488537464,AX,0.00671748841710172,L1,0.0178462843707956,L2,0.092...
setting magnet DAC
current  : 5.892681
requested: 5.893715
Delta Dac: 0.001034
Checking detector protection. dv=0.00103
Checking detector "CDD". Protection Threshold: 0.1 (V)
SetMagnetDAC 5.89371538059 ===>> OK
Magnet settling time: 1.049
Get Checksum: -860229079
GetData ===>> H2,-0.283036284391356,H1,-0.102523943806898,AX,-0.0797918478171137,L1,-0.0122114179100202,L2,-0.0...
result of _do_sweep=True
result of _calculate_peak_center=([5.8708997493299844, 5.8785951401115479, 5.8862905308931115], [78.007054685520842, 105.19352920582324, 78.183414451013562], 5.8761602703720692, 105.19352920582324)
Failed to find a valid peak. No peak greater than 1.0. max = 0.0199217375234
new center pos Detector(H1) (Ar40) @ 5.87859514011
GetHighVoltage ===>> 4499.94659342336
GetDeflection H1 ===>> 0
dac uncorrected for HV and deflection 5.87862975881
update mftable H1 Ar40 5.87862975881 message=automated run peakcenter
get initial guess parabolic
get initial guess parabolic
get initial guess parabolic
get initial guess parabolic
get initial guess parabolic
get initial guess parabolic
dump mftable to /Users/jan/PychronDev/setupfiles/spectrometer/mftables/mftable.csv
add to repo msg=modified - automated run peakcenter
sweep finished
locally archiving mftable
setting magnet DAC
current  : 5.893715
requested: 5.878595
Delta Dac: 0.015120
Checking detector protection. dv=0.01512
Checking detector "CDD". Protection Threshold: 0.1 (V)
SetMagnetDAC 5.87859514011 ===>> OK
Magnet settling time: 0.500
setting integration time = 1.048576
SetIntegrationTime 1.048576 ===>> OK
Failed to find a valid peak. No peak greater than 1.0. max = 0.0199217375234
flush and close file /Users/jan/PychronDev/data/isotopes/e4/58642e-2a65-4bc8-8e2a-a3db1d69af50.h5
finished measure script
executed 278.04
jan_co2_whiff_120_60_large.py completed successfully
Measurement Finished
06:57:23 -- ******* Measurement Finished *******
Post Measurement Started jan_pump_ms.py
06:57:23 -- ******* Post Measurement Started jan_pump_ms.py *******
testing...
no interpolation path defined
executed 0
Pumping spectrometer
open () {'name': 'O'}
opening name=O desc=---
checking ownership. requestor=129.138.12.150
check software interlocks O
interlocks []
actuate state mode=None-script, software_lock=False
doing actuation None-script open_channel True
Open O ===>> OK
GetIndicatorState O ===>> OK
change switch state (True, True)
update switch state O True args=() kw={} ncanvase=2
06:57:23 -- OPEN   VALVE-O (Jan Ion Pump)
---------------------------------------- open O () result=[(True, True)], time=0.12 sec
action=open, ok=True, locked=[False]
executed 0
jan_pump_ms.py completed successfully
setting _ms_pumptime
Post Measurement Finished
06:57:23 -- ******* Post Measurement Finished *******
$$$$$$$$$$$$$$$$$$$$ state at run end measurement
state changed from measurement to success
post measurement save measured=True aborted=False
Set filtering
setting fod for Ar40= {'filter_outliers': True, 'std_devs': 2, 'iterations': 1}
setting fod for H1= {'filter_outliers': True, 'std_devs': 2, 'iterations': 1}
setting fod for PM41= {'filter_outliers': False, 'std_devs': 2, 'iterations': 1}
setting fod for H2= {'filter_outliers': True, 'std_devs': 2, 'iterations': 1}
setting fod for Ar36= {'filter_outliers': True, 'std_devs': 2, 'iterations': 1}
setting fod for CDD= {'filter_outliers': True, 'std_devs': 10, 'iterations': 1}
setting fod for Ar37= {'filter_outliers': True, 'std_devs': 2, 'iterations': 1}
setting fod for L2= {'filter_outliers': True, 'std_devs': 2, 'iterations': 1}
setting fod for Ar38= {'filter_outliers': True, 'std_devs': 2, 'iterations': 1}
setting fod for L1= {'filter_outliers': True, 'std_devs': 2, 'iterations': 1}
setting fod for Ar39= {'filter_outliers': True, 'std_devs': 2, 'iterations': 1}
setting fod for AX= {'filter_outliers': True, 'std_devs': 2, 'iterations': 1}
persistence save...
persistence save - db
post measurement save
6413137968 connecting to database sqlite:////Users/jan/PychronDev/.appdata/local_lab.db
connected to db sqlite:////Users/jan/PychronDev/.appdata/local_lab.db
create new session 6413137968
close session 6413137968
No database instance. Not saving post measurement to isotopedb database
$$$$$$$$$$$$$$$ auto_save_detector_ic=False
massspec enabled True
create new session 5010684144
MassSpec Database Version: 16.0
close session 5010684144
saving post measurement to secondary database
saving to massspec database 129.138.12.160/massspecdata
setting labnumber to 65518
setting aliquot to 22
setting step to 
setting uuid to e458642e-2a65-4bc8-8e2a-a3db1d69af50
setting irradpos to 65518
setting extract_device to Fusions CO2
setting tray to 
setting position to 186
setting power_requested to 5.0
setting extract_value to 5.0
setting duration to 30.0
setting duration_at_request to 30.0
setting first_stage_delay to 30.0
setting cleanup to 30.0
setting comment to F:20
setting irradiation to NM-289
setting level to F
setting irradiation_level to F
setting sample to MB-64b-djk
setting material to DetritalSanidine
setting project to IR943
setting mass_spectrometer to Jan
no attribute chron_dosages
no attribute production_ratios
no attribute interference_corrections
no attribute production_name
no attribute j
Reference Isotope=Ar40
Reference Detector=H1
%%%%%%%%%%%%%%%%%%%% Comment: F:20 %%%%%%%%%%%%%%%%%%%
adding isotope PM41 H2
add baseline dbdet= PM41. original det= H2
get baseline data PM41 H2
Get data baseline <pychron.processing.isotope.Baseline object at 0x17ee46c10> len t=60
baseline PM41. v=-0.188203691259, e=0.00740022489346
get signal data PM41 H2
Get data signal PM41 0.11+/-0.07 len t=120
adding isotope Ar40 H1
add baseline dbdet= Ar40. original det= H1
get baseline data Ar40 H1
Get data baseline <pychron.processing.isotope.Baseline object at 0x17ee46dd0> len t=60
baseline Ar40. v=-0.0374751616105, e=0.00504815084484
get signal data Ar40 H1
Get data signal Ar40 113.287+/-0.019 len t=120
adding isotope Ar39 AX
add baseline dbdet= Ar39. original det= AX
get baseline data Ar39 AX
Get data baseline <pychron.processing.isotope.Baseline object at 0x17ee46f90> len t=60
baseline Ar39. v=-0.0655979526975, e=0.00651393481367
get signal data Ar39 AX
Get data signal Ar39 31.108+/-0.017 len t=120
adding isotope Ar38 L1
add baseline dbdet= Ar38. original det= L1
get baseline data Ar38 L1
Get data baseline <pychron.processing.isotope.Baseline object at 0x17ee55190> len t=60
baseline Ar38. v=-0.0244462062561, e=0.00219164722016
get signal data Ar38 L1
Get data signal Ar38 0.410+/-0.006 len t=120
adding isotope Ar37 L2
add baseline dbdet= Ar37. original det= L2
get baseline data Ar37 L2
Get data baseline <pychron.processing.isotope.Baseline object at 0x17ee55350> len t=60
baseline Ar37. v=-0.0275498859968, e=0.00596143803775
get signal data Ar37 L2
Get data signal Ar37 0.323+/-0.011 len t=120
adding isotope Ar36 CDD
add baseline dbdet= Ar36. original det= CDD
get baseline data Ar36 CDD
Get data baseline <pychron.processing.isotope.Baseline object at 0x17ee55510> len t=60
baseline Ar36. v=5.45839844385e-05, e=1.32237173935e-05
get signal data Ar36 CDD
Get data signal Ar36 0.00932+/-0.00030 len t=120
65518-22 added analysis time 0.47856092453s
analysis added to mass spec database
mass spec save time= 0.491
persistence save - dvc
================= post measurement started
create new session 4983034992
close session 4983034992
Get Checksum: -1965264452
---------------- Experiment Queue saving disabled
DVC saving peakcenter
Failed to find a valid peak. No peak greater than 1.0. max = 0.0199217375234
Smart pull ahead: 0 behind: 0
Up-to-date with origin
add to repo msg=modified - ad8224ebc6dbfeb9f5997218dfa5fe690569839d.json
add to repo msg=modified - 18-22.json
add to repo msg=modified - 18-22.dat.json
add to repo msg=modified - 18-22.blan.json
add to repo msg=modified - 18-22.inte.json
add to repo msg=modified - 18-22.icfa.json
add to repo msg=modified - 18-22.base.json
not at valid file /Users/jan/PychronDev/data/.dvc/repositories/Load1782/655/tags/18-22.tags.json
add to repo msg=modified - 18-22.peak.json
add to repo msg=modified - 18-22.extr.json
not at valid file /Users/jan/PychronDev/data/.dvc/repositories/Load1782/655/monitor/18-22.moni.json
commit message=<COLLECTION>
Get Checksum: -1965264452
add to repo msg=modified - 18-22.inte.json
add to repo msg=modified - 18-22.base.json
commit message=<ISOEVO> default collection fits
add to repo msg=modified - 18-22.blan.json
commit message=<BLANKS> preceding bc-02-J-249
add to repo msg=modified - 18-22.icfa.json
Get Checksum: -1965264452
commit message=<ICFactor> default
push repository <pychron.git_archive.repo_manager.GitRepoManager object at 0x17c9dfb30>
pushing to remote=origin, url=https://github.com
Get Checksum: -1965264452
no changes to meta repo
create new session 4983034992
add association Load1782
get identifier "65518"
setting analysis irradiation position=<pychron.dvc.dvc_orm.IrradiationPositionTbl object at 0x17b0f0210>
close session 4983034992
================= post measurement finished
06:57:35 -- ******* Post Run Check *******
loading queue conditionals post_run_actions
loading system conditionals post_run_actions
loading conditionals from /Users/jan/PychronDev/setupfiles/spectrometer/default_conditionals.yaml
loading queue conditionals post_run_terminations
loading system conditionals post_run_terminations
loading conditionals from /Users/jan/PychronDev/setupfiles/spectrometer/default_conditionals.yaml
Checking default post run terminations n=1
GetDeflection CDD ===>> 50
testing CDD==2000
evaluate ot="CDD.deflection==2000" t="CDD==2000", ctx="{'CDD': 50.0}"
06:57:35 -- ******* Post Run Check Passed *******
06:57:35 -- Automated run 65518-22 success duration: 370.368 s
----------------- finish -----------------
----------------- stop -----------------
retroactive repository identifiers disabled
finish run. runs completed=96
update duration runid=65518-22, duration=370.367785931, md5=3d9034cf
loading script "jan_co2_whiff_120_60_large.py"
loading script "jan_pump_ms.py"
loading script "jan_co2.py"
loading script "jan_pump_extraction_line.py"
testing...
no interpolation path defined
executed 266.04
script duration name:co2_whiff_120_60_large seconds:266.0
loading script "jan_co2_whiff_120_60_large.py"
loading script "jan_pump_ms.py"
loading script "jan_co2.py"
loading script "jan_pump_extraction_line.py"
testing...
no interpolation path defined
executed 0
loading script "jan_co2_whiff_120_60_large.py"
loading script "jan_pump_ms.py"
loading script "jan_co2.py"
loading script "jan_pump_extraction_line.py"
testing...
no interpolation path defined
calculate duration
testing...
no interpolation path defined
executed 0
calculate duration
testing...
no interpolation path defined
executed 0
executed 0.0
script duration name:co2 seconds:0.0
loading script "jan_co2_whiff_120_60_large.py"
loading script "jan_pump_ms.py"
loading script "jan_co2.py"
loading script "jan_pump_extraction_line.py"
testing...
no interpolation path defined
calculate duration
testing...
no interpolation path defined
executed 4.0
executed 4.0
Script duration 266.0
Run total estimated duration= 267.000
co2_whiff_120_60_large in script context. using previous estimated duration
script duration name:co2_whiff_120_60_large seconds:266.0
pump_ms in script context. using previous estimated duration
co2 in script context. using previous estimated duration
script duration name:co2 seconds:0.0
pump_extraction_line in script context. using previous estimated duration
Script duration 266.0
Run total estimated duration= 267.000
script duration name:co2_whiff_120_60_large seconds:266.0
script duration name:co2 seconds:0.0
Script duration 266.0
Run total estimated duration= 267.000
script duration name:co2_whiff_120_60_large seconds:266.0
script duration name:co2 seconds:0.0
Script duration 266.0
Run total estimated duration= 267.000
script duration name:co2_whiff_120_60_large seconds:266.0
script duration name:co2 seconds:0.0
Script duration 266.0
Run total estimated duration= 267.000
script duration name:co2_whiff_120_60_large seconds:266.0
script duration name:co2 seconds:0.0
Script duration 266.0
Run total estimated duration= 267.000
script duration name:co2_whiff_120_60_large seconds:266.0
script duration name:co2 seconds:0.0
Script duration 266.0
Run total estimated duration= 267.000
script duration name:co2_whiff_120_60_large seconds:266.0
script duration name:co2 seconds:0.0
Script duration 266.0
Run total estimated duration= 267.000
script duration name:co2_whiff_120_60_large seconds:266.0
script duration name:co2 seconds:0.0
Script duration 266.0
Run total estimated duration= 267.000
loading script "jan_unknown400_120.py"
loading script "jan_pump_ms.py"
loading script "jan_co2.py"
loading script "jan_pump_extraction_line.py"
testing...
no interpolation path defined
executed 556.052928
script duration name:unknown400_120 seconds:556.0
script duration name:co2 seconds:0.0
Script duration 556.0
Run total estimated duration= 557.000
unknown400_120 in script context. using previous estimated duration
script duration name:unknown400_120 seconds:556.0
loading script "jan_unknown400_120.py"
loading script "jan_pump_ms.py"
loading script "jan_cocktail_x1.py"
loading script "jan_pump_extraction_line.py"
testing...
no interpolation path defined
calculate duration
testing...
no interpolation path defined
executed 0
calculate duration
testing...
no interpolation path defined
executed 0
calculate duration
testing...
no interpolation path defined
executed 32.0
calculate duration
testing...
no interpolation path defined
executed 34.0
calculate duration
testing...
no interpolation path defined
executed 4.0
calculate duration
testing...
no interpolation path defined
executed 38.0
executed 108.0
script duration name:cocktail_x1 seconds:108.0
Script duration 664.0
Run total estimated duration= 665.000
loading script "jan_unknown120_60.py"
loading script "jan_pump_ms.py"
loading script "jan_cocktail_x1.py"
loading script "jan_pump_extraction_line.py"
testing...
no interpolation path defined
executed 213.652928
script duration name:unknown120_60 seconds:214.0
cocktail_x1 in script context. using previous estimated duration
script duration name:cocktail_x1 seconds:108.0
Script duration 322.0
Run total estimated duration= 323.000
loading script "jan_ic_peak_hop3.py"
loading script "jan_pump_ms.py"
loading script "jan_air_x1.py"
loading script "jan_pump_extraction_line.py"
testing...
no interpolation path defined
executed 133.8
script duration name:ic_peak_hop3 seconds:134.0
loading script "jan_ic_peak_hop3.py"
loading script "jan_pump_ms.py"
loading script "jan_air_x1.py"
loading script "jan_pump_extraction_line.py"
testing...
no interpolation path defined
calculate duration
testing...
no interpolation path defined
executed 0
calculate duration
testing...
no interpolation path defined
executed 0
calculate duration
testing...
no interpolation path defined
executed 32.0
calculate duration
testing...
no interpolation path defined
executed 34.0
calculate duration
testing...
no interpolation path defined
executed 4.0
calculate duration
testing...
no interpolation path defined
executed 36.0
executed 106.0
script duration name:air_x1 seconds:106.0
Script duration 240.0
Run total estimated duration= 241.000
script duration name:co2_whiff_120_60_large seconds:266.0
script duration name:co2 seconds:0.0
Script duration 266.0
Run total estimated duration= 267.000
script duration name:co2_whiff_120_60_large seconds:266.0
script duration name:co2 seconds:0.0
Script duration 266.0
Run total estimated duration= 267.000
script duration name:co2_whiff_120_60_large seconds:266.0
script duration name:co2 seconds:0.0
Script duration 266.0
Run total estimated duration= 267.000
script duration name:co2_whiff_120_60_large seconds:266.0
script duration name:co2 seconds:0.0
Script duration 266.0
Run total estimated duration= 267.000
script duration name:co2_whiff_120_60_large seconds:266.0
script duration name:co2 seconds:0.0
Script duration 266.0
Run total estimated duration= 267.000
script duration name:unknown400_120 seconds:556.0
loading script "jan_unknown400_120.py"
loading script "jan_pump_ms.py"
loading script "jan_sniffair_x2.py"
loading script "jan_pump_extraction_line.py"
testing...
no interpolation path defined
calculate duration
testing...
no interpolation path defined
executed 0
calculate duration
testing...
no interpolation path defined
executed 0
calculate duration
testing...
no interpolation path defined
executed 32.0
calculate duration
testing...
no interpolation path defined
executed 34.0
calculate duration
testing...
no interpolation path defined
executed 4.0
calculate duration
testing...
no interpolation path defined
executed 36.0
calculate duration
testing...
no interpolation path defined
executed 34.0
calculate duration
testing...
no interpolation path defined
executed 4.0
calculate duration
testing...
no interpolation path defined
executed 36.0
calculate duration
testing...
no interpolation path defined
executed 70.0
executed 250.0
script duration name:sniffair_x2 seconds:250.0
Script duration 806.0
Run total estimated duration= 807.000
script duration name:co2_whiff_120_60_large seconds:266.0
script duration name:co2 seconds:0.0
Script duration 266.0
Run total estimated duration= 267.000
script duration name:co2_whiff_120_60_large seconds:266.0
script duration name:co2 seconds:0.0
Script duration 266.0
Run total estimated duration= 267.000
nruns=21 before=5.0, run_dur=6865.0, btw=600.0
write rem/ex queues
/Users/jan/PychronDev/experiments/rem/CurrentExperiment.rem.txt
/Users/jan/PychronDev/experiments/rem/CurrentExperiment.ex.txt
doing event level: 3
