do run
loading script "jan_co2_whiff_120_60_large.py"
loading script "jan_pump_ms.py"
loading script "jan_co2.py"
loading script "jan_pump_extraction_line.py"
testing...
no interpolation path defined
executed 266.04
script duration name:co2_whiff_120_60_large seconds:266.0
loading script "jan_co2_whiff_120_60_large.py"
loading script "jan_pump_ms.py"
loading script "jan_co2.py"
loading script "jan_pump_extraction_line.py"
testing...
no interpolation path defined
executed 0
loading script "jan_co2_whiff_120_60_large.py"
loading script "jan_pump_ms.py"
loading script "jan_co2.py"
loading script "jan_pump_extraction_line.py"
testing...
no interpolation path defined
calculate duration
testing...
no interpolation path defined
executed 0
calculate duration
testing...
no interpolation path defined
executed 0
executed 0.0
script duration name:co2 seconds:0.0
loading script "jan_co2_whiff_120_60_large.py"
loading script "jan_pump_ms.py"
loading script "jan_co2.py"
loading script "jan_pump_extraction_line.py"
testing...
no interpolation path defined
calculate duration
testing...
no interpolation path defined
executed 4.0
executed 4.0
Script duration 266.0
Run total estimated duration= 267.000
run duration: 0:04:27
doing event level: 2
06:58:11 -- Setting default integration. t=1.048576
setting integration time = 1.048576
SetIntegrationTime 1.048576 ===>> OK
----------------- start -----------------
**************** Experiment Type: Ar/Ar, Ar/Ar
create new session 4985261232
close session 4985261232
$$$$$ Clearing conditionals
adding conditionals detrital
extract conditionals from file. /Users/jan/PychronDev/scripts/conditionals/detrital.yaml
no attr for this modification cd={'extraction_str': '', 'attr': '', 'mapper': '', 'use_termination': False, 'start_count': 0, 'nskip': 0, 'window': 0, 'frequency': 1, 'teststr': '', 'action': 'Skip Next Run', 'ntrips': 1, 'use_truncation': False}
no attr for this cancelation cd={'mapper': '', 'window': 0, 'frequency': 1, 'attr': '', 'teststr': '', 'start_count': 0, 'ntrips': 1}
adding truncation attr="age" test="age>100.0" start="60"
adding truncation attr="Ar39" test="Ar39<0.5" start="60"
no attr for this termination cd={'mapper': '', 'window': 0, 'frequency': 1, 'attr': '', 'teststr': '', 'start_count': 0, 'ntrips': 1}
Invalid conditional kind="pre_run_terminations"
no attr for this action cd={'mapper': '', 'attr': '', 'start_count': 0, 'window': 0, 'frequency': 1, 'teststr': '', 'action': None, 'ntrips': 1}
Invalid conditional kind="post_run_terminations"
Add queue conditionals
add default conditionals
adding default conditionals from /Users/jan/PychronDev/setupfiles/spectrometer/default_conditionals.yaml
Start automated run 65518-23
loading script "jan_co2_whiff_120_60_large.py"
loading script "jan_pump_ms.py"
loading script "jan_co2.py"
loading script "jan_pump_extraction_line.py"
%%%%%%%%%%%%%%%%%% setting automated run 65518-23
No value "sensitivity_multiplier" in metadata
$$$$$$$$$$$$$$$ auto_save_detector_ic=False
============================= Pre Extraction Check =============================
loading queue conditionals pre_run_terminations
loading system conditionals pre_run_terminations
loading conditionals from /Users/jan/PychronDev/setupfiles/spectrometer/default_conditionals.yaml
06:58:11 -- ******* Pre Extraction Check *******
Get a measurement from the spectrometer
GetData ===>> H2,-0.192113777382216,H1,0.0349423323366295,AX,0.00332988572850667,L1,-0.0255050268743026,L2,-0.0...
Pre Extraction Termination data. keys=H2,H1,AX,L1,L2,CDD, signals=-0.19211,0.03494,0.00333,-0.02551,-0.05023,0.00506
06:58:11 -- testing system defined conditionals
Checking default pre extraction terminations n=2
testing CDD
evaluate ot="CDD.inactive" t="CDD", ctx="{'CDD': False}"
GetDeflection CDD ===>> 50
testing CDD==2000
evaluate ot="CDD.deflection==2000" t="CDD==2000", ctx="{'CDD': 50.0}"
06:58:11 -- ******* Pre Extraction Check Passed *******
=================================================================================
06:58:11 -- stopping status monitor
stop 4976082864
Alive clients [4983386864]
06:58:11 -- starting status monitor
start 4976082864
Monitor already running
start extraction
do extraction
Analysis started at 06:58:11.803948
Extraction Started jan_co2.py
06:58:11 -- ******* Extraction Started jan_co2.py *******
state changed from not run to extraction
DO EXTRACTION <pychron.extraction_line.pyscript_runner.RemotePyScriptRunner object at 0x12bb183b0>
testing...
no interpolation path defined
calculate duration
testing...
no interpolation path defined
executed 0
calculate duration
testing...
no interpolation path defined
executed 0
executed 100.0
Jan CO2 laser analysis
doing GOSUB
testing...
no interpolation path defined
executed 0
Waiting for CO2 access
wait ('FelixCO2Flag', 0) {}
waiting for FelixCO2Flag = 0
Read FelixCO2Flag ===>> 0
finished waiting
CO2 free
wait ('CO2PumpTimeFlag', 0) {}
waiting for CO2PumpTimeFlag = 0
Read CO2PumpTimeFlag ===>> 0
finished waiting
acquire ('JanCO2Flag',) {'clear': True}
acquire JanCO2Flag
Set JanCO2Flag 1 ===>> OK
JanCO2Flag acquired
set extraction state False (0.75, 'red', 1.5)
CO2 acquired
executed 0
WaitForCO2Access.py completed successfully
gosub finished
doing GOSUB
testing...
no interpolation path defined
executed 0
Prepare for CO2 analysis
close () {'description': 'Jan Inlet'}
closing name=--- desc=Jan Inlet
checking ownership. requestor=129.138.12.150
check software interlocks R
interlocks []
actuate state mode=None-script, software_lock=False
doing actuation None-script close_channel False
Close R ===>> OK
GetIndicatorState R ===>> False
change switch state (True, True)
update switch state R False args=() kw={} ncanvase=2
06:58:12 -- CLOSE  VALVE-R (Jan Inlet)
---------------------------------------- close None (Jan Inlet) result=[(True, True)]
action=close, ok=True, locked=[False]
open () {'description': 'Jan Ion Pump'}
opening name=--- desc=Jan Ion Pump
checking ownership. requestor=129.138.12.150
check software interlocks O
interlocks []
actuate state mode=None-script, software_lock=False
doing actuation None-script open_channel False
Open O ===>> OK
GetIndicatorState O ===>> OK
change switch state (True, True)
update switch state O True args=() kw={} ncanvase=2
06:58:12 -- OPEN   VALVE-O (Jan Ion Pump)
---------------------------------------- open None (Jan Ion Pump) result=[(True, True)], time=0.10 sec
action=open, ok=True, locked=[False]
close () {'description': 'Microbone to Minibone'}
closing name=--- desc=Microbone to Minibone
checking ownership. requestor=129.138.12.150
check software interlocks L
interlocks []
actuate state mode=None-script, software_lock=False
doing actuation None-script close_channel False
Close L ===>> OK
GetIndicatorState L ===>> False
change switch state (True, True)
update switch state L False args=() kw={} ncanvase=2
06:58:13 -- CLOSE  VALVE-L (Microbone to Minibone)
---------------------------------------- close None (Microbone to Minibone) result=[(True, True)]
Get Checksum: -1965264452
action=close, ok=True, locked=[False]
open () {'description': 'Microbone to Turbo'}
opening name=--- desc=Microbone to Turbo
checking ownership. requestor=129.138.12.150
check software interlocks U
interlocks []
actuate state mode=None-script, software_lock=False
doing actuation None-script open_channel False
Open U ===>> OK
GetIndicatorState U ===>> OK
change switch state (True, True)
update switch state U True args=() kw={} ncanvase=2
06:58:13 -- OPEN   VALVE-U (Microbone to Turbo)
---------------------------------------- open None (Microbone to Turbo) result=[(True, True)], time=0.15 sec
action=open, ok=True, locked=[False]
open () {'description': 'Microbone to Inlet Pipette'}
opening name=--- desc=Microbone to Inlet Pipette
checking ownership. requestor=129.138.12.150
check software interlocks S
interlocks []
actuate state mode=None-script, software_lock=False
doing actuation None-script open_channel False
Open S ===>> OK
GetIndicatorState S ===>> OK
change switch state (True, True)
update switch state S True args=() kw={} ncanvase=2
06:58:14 -- OPEN   VALVE-S (Microbone to Inlet Pipette)
---------------------------------------- open None (Microbone to Inlet Pipette) result=[(True, True)], time=0.44 sec
action=open, ok=True, locked=[False]
open () {'description': 'Microbone to Getter D-50'}
opening name=--- desc=Microbone to Getter D-50
checking ownership. requestor=129.138.12.150
check software interlocks K
interlocks []
actuate state mode=None-script, software_lock=False
doing actuation None-script open_channel False
Open K ===>> OK
GetIndicatorState K ===>> OK
change switch state (True, True)
update switch state K True args=() kw={} ncanvase=2
06:58:15 -- OPEN   VALVE-K (Microbone to Getter D-50)
---------------------------------------- open None (Microbone to Getter D-50) result=[(True, True)], time=0.46 sec
action=open, ok=True, locked=[False]
open () {'description': 'Microbone to Getter NP-10'}
opening name=--- desc=Microbone to Getter NP-10
checking ownership. requestor=129.138.12.150
check software interlocks M
interlocks []
actuate state mode=None-script, software_lock=False
doing actuation None-script open_channel False
Open M ===>> OK
GetIndicatorState M ===>> OK
change switch state (True, True)
update switch state M True args=() kw={} ncanvase=2
06:58:15 -- OPEN   VALVE-M (Microbone to Getter NP-10)
---------------------------------------- open None (Microbone to Getter NP-10) result=[(True, True)], time=0.21 sec
action=open, ok=True, locked=[False]
close () {'description': 'CO2 Laser to Felix'}
closing name=--- desc=CO2 Laser to Felix
checking ownership. requestor=129.138.12.150
check software interlocks F
interlocks []
actuate state mode=None-script, software_lock=True
VALVE-F(CO2 Laser to Felix) software locked
change switch state (True, False)
---------------------------------------- close None (CO2 Laser to Felix) result=[(True, False)]
action=close, ok=True, locked=[True]
open () {'description': 'CO2 Laser to Jan'}
opening name=--- desc=CO2 Laser to Jan
checking ownership. requestor=129.138.12.150
check software interlocks A
interlocks []
actuate state mode=None-script, software_lock=False
doing actuation None-script open_channel False
Open A ===>> OK
GetIndicatorState A ===>> OK
change switch state (True, True)
update switch state A True args=() kw={} ncanvase=2
06:58:15 -- OPEN   VALVE-A (CO2 Laser to Jan)
---------------------------------------- open None (CO2 Laser to Jan) result=[(True, True)], time=0.13 sec
action=open, ok=True, locked=[False]
open () {'description': 'Microbone to CO2 Laser'}
opening name=--- desc=Microbone to CO2 Laser
checking ownership. requestor=129.138.12.150
check software interlocks T
interlocks []
actuate state mode=None-script, software_lock=False
doing actuation None-script open_channel False
Open T ===>> OK
Get Checksum: -1965264452
GetIndicatorState T ===>> OK
change switch state (True, True)
update switch state T True args=() kw={} ncanvase=2
06:58:16 -- OPEN   VALVE-T (Microbone to CO2 Laser)
---------------------------------------- open None (Microbone to CO2 Laser) result=[(True, True)], time=0.45 sec
action=open, ok=True, locked=[False]
executed 0
PrepareForCO2Analysis.py completed successfully
gosub finished
set_motor ('beam', '1.25') {}
setting motor "beam" to 1.25
set motor beam to 1.25
SetMotor beam,1.25 ===>> OK
GetMotorMoving beam ===>> False
GetMotorMoving beam ===>> False
Block completed
move_to_position ('187',) {'autocenter': True}
FusionsCO2 move to position 187
sending GoToHole 187,True
GoToHole 187,True ===>> OK
GetDriveMoving ===>> OK
GetDriveMoving ===>> OK
GetDriveMoving ===>> OK
GetDriveMoving ===>> OK
GetDriveMoving ===>> OK
GetDriveMoving ===>> OK
GetDriveMoving ===>> OK
GetDriveMoving ===>> False
GetDriveMoving ===>> False
Block completed
Get Checksum: -1965264452
GetAutoCorrecting ===>> OK
GetAutoCorrecting ===>> OK
GetAutoCorrecting ===>> OK
GetAutoCorrecting ===>> False
GetAutoCorrecting ===>> False
Block completed
update position
GetPosition ===>> -5.98170,-9.96950,1.00000
got position (-5.9817, -9.9695, 1.0)
move to position succeeded
sleep (5,) {}
SLEEP 5.0
block started
WaitControl setup for 5.0  
Get Checksum: -1965264452
Get Checksum: -1965264452
Join finished
block finished. duration 5.03958797455
close () {'description': 'Microbone to Turbo'}
closing name=--- desc=Microbone to Turbo
checking ownership. requestor=129.138.12.150
check software interlocks U
interlocks []
actuate state mode=None-script, software_lock=False
doing actuation None-script close_channel True
Close U ===>> OK
GetIndicatorState U ===>> False
change switch state (True, True)
update switch state U False args=() kw={} ncanvase=2
06:58:29 -- CLOSE  VALVE-U (Microbone to Turbo)
---------------------------------------- close None (Microbone to Turbo) result=[(True, True)]
action=close, ok=True, locked=[False]
enable laser
enable () {}
set extraction state FusionsCO2 Enabled (False, 'red', 1.5)
enabling laser
Enable ===>> OK
begin interval
BEGIN INTERVAL Interval 1 waiting for 30.0
block started
set extract to 5.0
WaitControl setup for 30.0  
extract (5.0,) {}
GetPosition ===>> -5.98170,-9.96950,1.00000
set extraction state FusionsCO2 ON! 5.0(watts) (0.75, 'red', 1.5)
extract sample to 5.0 (watts)
set laser output
SetLaserOutput 5.0,watts ===>> OK
executing pattern triangle.lp
execute_pattern ('triangle.lp',) {}
executing pattern triangle.lp
Get Checksum: 1551197106
IsPatterning ===>> OK
IsPatterning ===>> OK
IsPatterning ===>> OK
Get Checksum: 1551197106
IsPatterning ===>> OK
IsPatterning ===>> OK
IsPatterning ===>> OK
Get Checksum: 1551197106
IsPatterning ===>> OK
IsPatterning ===>> OK
IsPatterning ===>> OK
Get Checksum: 1551197106
IsPatterning ===>> OK
IsPatterning ===>> OK
IsPatterning ===>> OK
Get Checksum: 1551197106
IsPatterning ===>> OK
IsPatterning ===>> OK
IsPatterning ===>> OK
Get Checksum: 1551197106
IsPatterning ===>> OK
IsPatterning ===>> OK
IsPatterning ===>> OK
Get Checksum: 1551197106
IsPatterning ===>> OK
IsPatterning ===>> OK
IsPatterning ===>> OK
Get Checksum: 1551197106
IsPatterning ===>> OK
IsPatterning ===>> OK
IsPatterning ===>> OK
Get Checksum: 1551197106
IsPatterning ===>> OK
IsPatterning ===>> OK
IsPatterning ===>> OK
Get Checksum: 1551197106
IsPatterning ===>> OK
IsPatterning ===>> False
Join finished
block finished. duration 30.0915699005
Interval 1 finished
IsPatterning ===>> False
Block completed
COMPLETE INTERVAL waiting for Interval 1 to complete
end_extract () {}
ending extraction. set laser power to 0
set laser power 0
Get Checksum: 1551197106
SetLaserPower 0 ===>> OK
disable () {}
%%%%%%%%%%%%%%%%%%%%%%%%%%%%%%%%%%% disable
set extraction state False (0.75, 'red', 1.5)
disabling laser
Disable ===>> OK
sleep (30.0,) {}
SLEEP 30.0
block started
WaitControl setup for 30.0  
Get Checksum: 1551197106
Get Checksum: 1551197106
Get Checksum: 1551197106
Get Checksum: 1551197106
Get Checksum: 1551197106
Get Checksum: 1551197106
Get Checksum: 1551197106
Get Checksum: 1551197106
Get Checksum: 1551197106
Get Checksum: 1551197106
Join finished
block finished. duration 30.0690748692
executed 165.0
jan_co2.py completed successfully
GetAchievedOutput ===>> No Response
Requested Output= 0.000
Achieved Output=  0.000
GetResponseBlob ===>> No Response
GetOutputBlob ===>> No Response
persistence save...
persistence save - db
AutomatedRunPersister post_extraction_save deprecated
persistence save - dvc
no extraction position for 187
create new session 4983034992
close session 4983034992
Extraction Finished
06:59:31 -- ******* Extraction Finished *******
no overlap. not waiting for min ms pumptime
06:59:31 -- Sending spectrometer configuration
======== Sending configuration ========
SetDeflection CDD,50.0 ===>> OK
SetDeflection H2,0.0 ===>> OK
SetDeflection H1,0.0 ===>> OK
SetDeflection L2,825.0 ===>> OK
SetDeflection L1,400.0 ===>> OK
SetDeflection AX,190.0 ===>> OK
SetZFocus 74.64 ===>> OK
SetZSymmetry -50.72 ===>> OK
SetExtractionLens 26.13 ===>> OK
SetIonRepeller -3.81 ===>> OK
SetElectronEnergy 75.08 ===>> OK
SetYSymmetry -2.81 ===>> OK
SetIonCounterVoltage 1590.0 ===>> OK
send trap current 200.0
GetParameter Trap Current Readback ===>> 198.147042666178
SetParameter Trap Current Set,200.0 ===>> OK
updating mftable name mftable
Using mftable located at /Users/jan/PychronDev/setupfiles/spectrometer/mftables/mftable.csv
============ MFtable ===========
Isotope  H2     H1     AX     L1     L2     CDD    
Ar40     5.7771 5.8786 5.9920 6.1170 6.2304 6.3452
Ar39     5.6763 5.7709 5.8845 6.0031 6.1155 6.2317
Ar36     5.3539 5.4399 5.5478 5.6619 5.7705 5.8828
================================
get initial guess parabolic
get initial guess parabolic
get initial guess parabolic
get initial guess parabolic
get initial guess parabolic
get initial guess parabolic
======== Configuration Finished ========
GetYSymmetry ===>> -2.81
GetZSymmetry ===>> -50.72
GetParameter Trap Current Readback ===>> 198.035158395898
GetHighVoltage ===>> 4499.94659342336
start measurement
do measurement
L#=65518 analysis type=unknown
Measurement Started jan_co2_whiff_120_60_large.py
06:59:31 -- ******* Measurement Started jan_co2_whiff_120_60_large.py *******
state changed from extraction to measurement
setting spec, defl, and gains
GetExtractionLens ===>> 26.13
GetYSymmetry ===>> -2.81
GetZSymmetry ===>> -50.72
GetZFocus ===>> 74.64
GetDeflection H2 ===>> 0
GetDeflection H1 ===>> 0
GetDeflection AX ===>> 190
GetDeflection L1 ===>> 400
GetDeflection L2 ===>> 825
GetDeflection CDD ===>> 50
GetGain H2 ===>> 0.0113
GetGain H1 ===>> 0.1
GetGain AX ===>> 0.097049
GetGain L1 ===>> 0.010355
GetGain L2 ===>> 0.095649
GetGain CDD ===>> 0
pre measurement save
New frame /Users/jan/PychronDev/data/isotopes/8d/9593ec-ac63-4e79-86dc-cf971cbbdf0a.h5
flush and close file /Users/jan/PychronDev/data/isotopes/8d/9593ec-ac63-4e79-86dc-cf971cbbdf0a.h5
testing...
no interpolation path defined
executed 266.04
co2 whiff measurement script
activate_detectors ('H2', 'H1', 'AX', 'L1', 'L2', 'CDD') {}
activate detectors
*************** Set Analysis View Ar/Ar
create graphs
clearing graphs
clear isotope group
setting isotope det=H2, iso=PM41
setting isotope det=H1, iso=Ar40
setting isotope det=AX, iso=Ar39
setting isotope det=L1, iso=Ar38
setting isotope det=L2, iso=Ar37
setting isotope det=CDD, iso=Ar36
setting previous blanks
 - setting Ar40 blank 0.211+/-0.007
 - setting Ar36 blank 0.00445+/-0.00017
 - setting Ar37 blank 0.044+/-0.005
 - setting Ar38 blank 0.0059+/-0.0022
 - setting PM41 blank 0.03+/-0.07
 - setting Ar39 blank 0.036+/-0.008
load analysis view
position_magnet ('Ar40',) {'detector': 'H1'}
detector Detector(H1)
POSITION Ar40 H1
setting detector H2 to PM41 (40.9624)
setting detector H1 to Ar40 (39.9624)
setting detector AX to Ar39 (38.9624)
setting detector L1 to Ar38 (37.9624)
setting detector L2 to Ar37 (36.9624)
setting detector CDD to Ar36 (35.9624)
Mapping mass to dac mass func: "parabolic"
H1 map mass coeffs = [-0.00063987  0.15840543  0.57023999]
H1 map mass to dac 39.9624 >> 5.87863
GetDeflection H1 ===>> 0
GetHighVoltage ===>> 4499.94659342336
positioning Ar40 (5.8785953813) on H1
setting magnet DAC
current  : 5.878595
requested: 5.878595
Delta Dac: 0.000000
Checking detector protection. dv=0.00000
Checking detector "CDD". Protection Threshold: 0.1 (V)
SetMagnetDAC 5.8785953813 ===>> OK
Magnet settling time: 0.500
close ('S',) {}
closing name=S desc=---
checking ownership. requestor=129.138.12.150
check software interlocks S
interlocks []
actuate state mode=None-script, software_lock=False
doing actuation None-script close_channel True
Close S ===>> OK
Get Checksum: 1048995596
State checksums do not match. Local:1551197106 Remote:1048995596
State checksum failed
GetIndicatorState S ===>> False
change switch state (True, True)
update switch state S False args=() kw={} ncanvase=2
06:59:34 -- CLOSE  VALVE-S (Microbone to Inlet Pipette)
---------------------------------------- close S () result=[(True, True)]
action=close, ok=True, locked=[False]
equilibrate () {'do_post_equilibration': False, 'inlet': 'R', 'outlet': 'O', 'eqtime': 4}
Equilibration Started
06:59:34 -- ******* Equilibration Started *******
checking ownership. requestor=129.138.12.150
check software interlocks O
interlocks []
actuate state mode=None-script, software_lock=False
doing actuation None-script close_channel True
Close O ===>> OK
GetIndicatorState O ===>> False
change switch state (True, True)
update switch state O False args=() kw={} ncanvase=2
06:59:34 -- CLOSE  VALVE-O (Jan Ion Pump)
waiting 3s before opening inlet value ('R',)
Get Checksum: 1174506924
checking ownership. requestor=129.138.12.150
check software interlocks R
interlocks []
actuate state mode=None-script, software_lock=False
doing actuation None-script open_channel True
Open R ===>> OK
GetIndicatorState R ===>> OK
change switch state (True, True)
update switch state R True args=() kw={} ncanvase=2
06:59:37 -- OPEN   VALVE-R (Jan Inlet)
set_time_zero (0,) {}
equilibrating for 4sec
sniff (4,) {}
py_sniff
build tables- sniff [Detector(H2), Detector(H1), Detector(AX), Detector(L1), Detector(L2), Detector(CDD)]
add group /sniff/PM41 (Group) '' table H2
add group /sniff/Ar40 (Group) '' table H1
add group /sniff/Ar39 (Group) '' table AX
add group /sniff/Ar38 (Group) '' table L1
add group /sniff/Ar37 (Group) '' table L2
add group /sniff/Ar36 (Group) '' table CDD
flush and close file /Users/jan/PychronDev/data/isotopes/8d/9593ec-ac63-4e79-86dc-cf971cbbdf0a.h5
measuring sniff. ncounts=4
starting measurement
GetData ===>> H2,-0.0881233350761283,H1,0.143452726879834,AX,0.470270454394913,L1,0.00101538967215047,L2,0.1402...
GetData ===>> H2,5.61762573992239,H1,1.97752104252553,AX,6.47096526288743,L1,0.717207306515712,L2,1.48895778530...
Get Checksum: 1427694182
GetData ===>> H2,3.81643489299169,H1,1.80037541579205,AX,2.75390684498362,L1,0.907325162850489,L2,0.38737178814...
GetData ===>> H2,1.27638179879133,H1,1.53755526688995,AX,1.30333126708817,L1,0.592716555697304,L2,0.10527179948...
Equilibration Finished
06:59:42 -- ******* Equilibration Finished *******
checking ownership. requestor=129.138.12.150
check software interlocks R
interlocks []
actuate state mode=None-script, software_lock=False
doing actuation None-script close_channel True
Close R ===>> OK
measurement finished
estimated time: 4.194 actual time: :4.262
flush and close file /Users/jan/PychronDev/data/isotopes/8d/9593ec-ac63-4e79-86dc-cf971cbbdf0a.h5
set_fits () {}
using default fits file=/Users/jan/PychronDev/scripts/measurement/fits/nominal_linear.yaml
set "Ar40" to "('Linear', 'SEM')"
No fit for "PM41". defaulting to linear. check the measurement script "jan_co2_whiff_120_60_large.py"
set "PM41" to "linear"
set "Ar36" to "('Linear', 'SEM')"
set "Ar37" to "('linear', 'SEM')"
set "Ar38" to "('linear', 'SEM')"
set "Ar39" to "('Linear', 'SEM')"
set_baseline_fits () {}
using default fits file=/Users/jan/PychronDev/scripts/measurement/fits/nominal_linear.yaml
GetIndicatorState R ===>> False
change switch state (True, True)
set "H1" to "('average', 'SEM')"
update switch state R False args=() kw={} ncanvase=2
set "H2" to "('average', 'SEM')"
set "CDD" to "('average', 'SEM')"
set "L2" to "('average', 'SEM')"
set "L1" to "('average', 'SEM')"
set "AX" to "('average', 'SEM')"
whiff () {'ncounts': 1, 'conditionals': [{'action': 'run_remainder', 'attr': 'Ar40', 'teststr': 'Ar40.cur<=175'}, {'action': 'run_pipette', 'attr': 'Ar40', 'teststr': 'Ar40.cur>500'}, {'action': 'run_chamber_split', 'attr': 'Ar40', 'teststr': 'Ar40.cur>=300'}, {'action': 'pump', 'attr': 'Ar40', 'teststr': 'Ar40.cur>175'}]}
build tables- whiff [Detector(H2), Detector(H1), Detector(AX), Detector(L1), Detector(L2), Detector(CDD)]
06:59:42 -- CLOSE  VALVE-R (Jan Inlet)
add group /whiff/PM41 (Group) '' table H2
add group /whiff/Ar40 (Group) '' table H1
add group /whiff/Ar39 (Group) '' table AX
add group /whiff/Ar38 (Group) '' table L1
add group /whiff/Ar37 (Group) '' table L2
add group /whiff/Ar36 (Group) '' table CDD
flush and close file /Users/jan/PychronDev/data/isotopes/8d/9593ec-ac63-4e79-86dc-cf971cbbdf0a.h5
measuring whiff. ncounts=1
Get Checksum: 1174506924
starting measurement
GetData ===>> H2,0.377029667329653,H1,1.54408283997227,AX,0.617871948663361,L1,0.185181391206926,L2,0.167110292...
testing Ar40<=175
evaluate ot="Ar40.cur<=175" t="Ar40<=175", ctx="{'Ar40': 1.5440828399722699}"
condition Ar40<=175 is true trips=1/1
06:59:44 -- Conditional tripped: Ar40.cur<=175 condition Ar40<=175 is True
measurement finished
estimated time: 1.049 actual time: :1.125
flush and close file /Users/jan/PychronDev/data/isotopes/8d/9593ec-ac63-4e79-86dc-cf971cbbdf0a.h5
WHIFF Result=run_remainder
Whiff result=run_remainder
open ('R',) {}
opening name=R desc=---
checking ownership. requestor=129.138.12.150
check software interlocks R
interlocks []
actuate state mode=None-script, software_lock=False
doing actuation None-script open_channel True
Open R ===>> OK
GetIndicatorState R ===>> OK
change switch state (True, True)
update switch state R True args=() kw={} ncanvase=2
06:59:44 -- OPEN   VALVE-R (Jan Inlet)
---------------------------------------- open R () result=[(True, True)], time=0.40 sec
action=open, ok=True, locked=[False]
open ('S',) {}
opening name=S desc=---
checking ownership. requestor=129.138.12.150
check software interlocks S
interlocks []
actuate state mode=None-script, software_lock=False
doing actuation None-script open_channel True
Open S ===>> OK
set states for children of S. state=True
handle state [('S', True)]
update switch state S True args=() kw={'refresh': False} ncanvase=2
refresh_canvas_needed fired
GetIndicatorState S ===>> OK
change switch state (True, True)
update switch state S True args=() kw={} ncanvase=2
06:59:45 -- OPEN   VALVE-S (Microbone to Inlet Pipette)
---------------------------------------- open S () result=[(True, True)], time=0.48 sec
action=open, ok=True, locked=[False]
sleep (12.0,) {}
SLEEP 12.0
block started
WaitControl setup for 12.0  
Get Checksum: -1449001502
Get Checksum: -1449001502
Get Checksum: -1449001502
Get Checksum: -1449001502
Join finished
block finished. duration 12.049282074
close ('R',) {}
closing name=R desc=---
checking ownership. requestor=129.138.12.150
check software interlocks R
interlocks []
actuate state mode=None-script, software_lock=False
doing actuation None-script close_channel True
Close R ===>> OK
Get Checksum: -598318598
State checksums do not match. Local:-1449001502 Remote:-598318598
State checksum failed
GetIndicatorState R ===>> False
change switch state (True, True)
update switch state R False args=() kw={} ncanvase=2
06:59:58 -- CLOSE  VALVE-R (Jan Inlet)
---------------------------------------- close R () result=[(True, True)]
action=close, ok=True, locked=[False]
post_equilibration () {}
multicollect () {'integration_time': 1, 'ncounts': 120.0}
Post Equilibration Started jan_pump_extraction_line.py
build tables- signal [Detector(H2), Detector(H1), Detector(AX), Detector(L1), Detector(L2), Detector(CDD)]
add group /signal/PM41 (Group) '' table H2
add group /signal/Ar40 (Group) '' table H1
add group /signal/Ar39 (Group) '' table AX
add group /signal/Ar38 (Group) '' table L1
add group /signal/Ar37 (Group) '' table L2
add group /signal/Ar36 (Group) '' table CDD
flush and close file /Users/jan/PychronDev/data/isotopes/8d/9593ec-ac63-4e79-86dc-cf971cbbdf0a.h5
06:59:58 -- ******* Post Equilibration Started jan_pump_extraction_line.py *******
measuring signal. ncounts=120.0
testing...
no interpolation path defined
calculate duration
testing...
no interpolation path defined
executed 4.0
executed 4.0
Pump after analysis
doing GOSUB
testing...
no interpolation path defined
executed 4.0
Pump Microbone
close () {'description': 'Jan Inlet'}
closing name=--- desc=Jan Inlet
checking ownership. requestor=129.138.12.150
check software interlocks R
interlocks []
actuate state mode=None-script, software_lock=False
doing actuation None-script close_channel False
Close R ===>> OK
GetIndicatorState R ===>> False
change switch state (True, True)
update switch state R False args=() kw={} ncanvase=2
06:59:59 -- CLOSE  VALVE-R (Jan Inlet)
---------------------------------------- close None (Jan Inlet) result=[(True, True)]
starting measurement
GetData ===>> H2,0.125096554576167,H1,39.2258592676102,AX,9.50196783435396,L1,0.12888717454334,L2,0.13317000499...
action=close, ok=True, locked=[False]
is_closed ('F',) {}
is F () closed?
is closed True
open () {'description': 'CO2 Laser to Jan'}
opening name=--- desc=CO2 Laser to Jan
checking ownership. requestor=129.138.12.150
check software interlocks A
interlocks []
actuate state mode=None-script, software_lock=False
doing actuation None-script open_channel False
Open A ===>> OK
GetIndicatorState A ===>> OK
change switch state (True, True)
update switch state A True args=() kw={} ncanvase=2
06:59:59 -- OPEN   VALVE-A (CO2 Laser to Jan)
---------------------------------------- open None (CO2 Laser to Jan) result=[(True, True)], time=0.14 sec
action=open, ok=True, locked=[False]
sleep (1,) {}
SLEEP 1.0
GetData ===>> H2,0.25731498229547,H1,39.2025705040928,AX,9.64515236615599,L1,0.196670342438172,L2,0.26700169539...
close () {'description': 'CO2 Laser to Roughing'}
closing name=--- desc=CO2 Laser to Roughing
checking ownership. requestor=129.138.12.150
check software interlocks G
interlocks []
actuate state mode=None-script, software_lock=True
VALVE-G(CO2 Laser to Roughing) software locked
change switch state (True, False)
---------------------------------------- close None (CO2 Laser to Roughing) result=[(True, False)]
action=close, ok=True, locked=[True]
open () {'description': 'Microbone to Turbo'}
opening name=--- desc=Microbone to Turbo
checking ownership. requestor=129.138.12.150
check software interlocks U
interlocks []
actuate state mode=None-script, software_lock=False
doing actuation None-script open_channel True
Open U ===>> OK
GetIndicatorState U ===>> OK
change switch state (True, True)
update switch state U True args=() kw={} ncanvase=2
07:00:01 -- OPEN   VALVE-U (Microbone to Turbo)
---------------------------------------- open None (Microbone to Turbo) result=[(True, True)], time=0.19 sec
action=open, ok=True, locked=[False]
open () {'description': 'Microbone to Getter NP-10'}
opening name=--- desc=Microbone to Getter NP-10
checking ownership. requestor=129.138.12.150
check software interlocks M
interlocks []
actuate state mode=None-script, software_lock=False
doing actuation None-script open_channel False
Open M ===>> OK
GetData ===>> H2,0.0760285811812286,H1,39.2268291368011,AX,9.49540176148743,L1,0.187345931197845,L2,0.168524732...
GetIndicatorState M ===>> OK
change switch state (True, True)
update switch state M True args=() kw={} ncanvase=2
07:00:01 -- OPEN   VALVE-M (Microbone to Getter NP-10)
---------------------------------------- open None (Microbone to Getter NP-10) result=[(True, True)], time=0.18 sec
action=open, ok=True, locked=[False]
open () {'description': 'Microbone to Getter D-50'}
opening name=--- desc=Microbone to Getter D-50
checking ownership. requestor=129.138.12.150
check software interlocks K
interlocks []
actuate state mode=None-script, software_lock=False
doing actuation None-script open_channel False
Open K ===>> OK
GetIndicatorState K ===>> OK
change switch state (True, True)
update switch state K True args=() kw={} ncanvase=2
07:00:02 -- OPEN   VALVE-K (Microbone to Getter D-50)
---------------------------------------- open None (Microbone to Getter D-50) result=[(True, True)], time=0.43 sec
action=open, ok=True, locked=[False]
open () {'description': 'Microbone to CO2 Laser'}
opening name=--- desc=Microbone to CO2 Laser
checking ownership. requestor=129.138.12.150
check software interlocks T
interlocks []
actuate state mode=None-script, software_lock=False
doing actuation None-script open_channel False
GetData ===>> H2,0.041744976854952,H1,39.2365282608915,AX,9.34885488044721,L1,0.120604352547235,L2,0.1821226714...
Open T ===>> OK
GetIndicatorState T ===>> OK
change switch state (True, True)
update switch state T True args=() kw={} ncanvase=2
07:00:03 -- OPEN   VALVE-T (Microbone to CO2 Laser)
---------------------------------------- open None (Microbone to CO2 Laser) result=[(True, True)], time=0.48 sec
action=open, ok=True, locked=[False]
open () {'description': 'Microbone to Inlet Pipette'}
opening name=--- desc=Microbone to Inlet Pipette
checking ownership. requestor=129.138.12.150
check software interlocks S
interlocks []
actuate state mode=None-script, software_lock=False
doing actuation None-script open_channel False
Open S ===>> OK
GetData ===>> H2,-0.0967827843076592,H1,39.1597555669619,AX,9.33000799638702,L1,0.145923103034808,L2,0.07759824...
GetIndicatorState S ===>> OK
change switch state (True, True)
update switch state S True args=() kw={} ncanvase=2
07:00:03 -- OPEN   VALVE-S (Microbone to Inlet Pipette)
---------------------------------------- open None (Microbone to Inlet Pipette) result=[(True, True)], time=0.44 sec
Get Checksum: -860229079
action=open, ok=True, locked=[False]
sleep (1,) {}
SLEEP 1.0
GetData ===>> H2,-0.00537503564471333,H1,39.2344742631472,AX,9.30958535658032,L1,0.149604968883286,L2,0.1543014...
set_resource () {'name': 'CO2PumpTimeFlag', 'value': 30}
Set CO2PumpTimeFlag 30 ===>> OK
release ('JanCO2Flag',) {}
release JanCO2Flag
Set JanCO2Flag 0 ===>> OK
executed 6.0
PumpMicrobone.py completed successfully
gosub finished
get_resource_value () {'name': 'JanMiniboneFlag'}
Read JanMiniboneFlag ===>> 0
Get Resource Value JanMiniboneFlag=0.0
get resource value 0.0
get_resource_value () {'name': 'JanMiniboneFlag'}
Read JanMiniboneFlag ===>> 0
Get Resource Value JanMiniboneFlag=0.0
executed 4.0
jan_pump_extraction_line.py completed successfully
Post Equilibration Finished
07:00:05 -- ******* Post Equilibration Finished *******
GetData ===>> H2,-0.0914093377089217,H1,39.1687578829717,AX,9.27243294441528,L1,0.154885407034378,L2,0.15200902...
GetData ===>> H2,-0.149677377097915,H1,39.1191037785603,AX,9.29867784424786,L1,0.108440323976944,L2,0.161213216...
Get Checksum: -860229079
GetData ===>> H2,-0.152072877213378,H1,39.2101855595725,AX,9.229670296022,L1,0.122693497596497,L2,0.19847241533...
GetData ===>> H2,-0.159639759607512,H1,39.2745906508029,AX,9.26168894981164,L1,0.102986049885625,L2,0.149043802...
GetData ===>> H2,-0.136117196808655,H1,39.319202387707,AX,9.38738578026203,L1,0.0852869601631522,L2,0.204143564...
Get Checksum: -860229079
GetData ===>> H2,-0.0238409719440753,H1,39.3983439694412,AX,9.22456768242298,L1,0.0893672276722707,L2,0.2786154...
GetData ===>> H2,-0.132662064006848,H1,39.4275764253742,AX,9.2364255773249,L1,0.0995901793457001,L2,0.051166292...
Get Checksum: -860229079
GetData ===>> H2,-0.12502751743851,H1,39.3163048316955,AX,9.3059726703065,L1,0.136639698037838,L2,0.27681284505...
GetData ===>> H2,-0.165020532080564,H1,39.2684125362953,AX,9.33625345099141,L1,0.133561650778601,L2,0.133888374...
GetData ===>> H2,-0.289695761418103,H1,39.1781029309166,AX,9.26114205728729,L1,0.0906806843076243,L2,0.12800474...
Get Checksum: -860229079
GetData ===>> H2,-0.257940909966881,H1,39.3138212680551,AX,9.26583327515866,L1,0.0633384986092585,L2,0.25745965...
GetData ===>> H2,-0.209158530548638,H1,39.2220797052974,AX,9.29444708419281,L1,0.0935395482543163,L2,0.20123377...
GetData ===>> H2,-0.192782361362892,H1,39.2181148587438,AX,9.30799399600579,L1,0.115250621316429,L2,0.091228865...
Get Checksum: -860229079
GetData ===>> H2,-0.157713672872088,H1,39.221780197915,AX,9.20737861356135,L1,0.135150086726784,L2,0.2529498704...
GetData ===>> H2,-0.0543535986309277,H1,39.2185427135619,AX,9.32342273664237,L1,0.149241193731671,L2,0.07816805...
GetData ===>> H2,-0.0964252655481711,H1,39.2779723403895,AX,9.32689756242104,L1,0.127541141670101,L2,0.20376699...
Get Checksum: -860229079
GetData ===>> H2,-0.144488992940143,H1,39.2553582157907,AX,9.30686426654582,L1,0.10623233413306,L2,0.1237290807...
GetData ===>> H2,-0.116872570102499,H1,39.2395522661477,AX,9.09333262759848,L1,0.119557526860047,L2,0.199145632...
07:00:24 -- collecting point 25
GetData ===>> H2,-0.132253599121058,H1,39.2889599236153,AX,9.18509180447504,L1,0.0694827357804602,L2,0.21821448...
Get Checksum: -860229079
GetData ===>> H2,-0.120924399897151,H1,39.2180578115503,AX,9.30950032141786,L1,0.0863553565154249,L2,0.06143020...
GetData ===>> H2,-0.118450182246593,H1,39.1681586586514,AX,9.3715948599646,L1,0.13372954213046,L2,0.25241327673...
GetData ===>> H2,-0.192047725611233,H1,39.1817385301264,AX,9.34717784054149,L1,0.129787848832396,L2,0.170327032...
Get Checksum: -860229079
GetData ===>> H2,-0.211480940322751,H1,39.1323390552594,AX,9.26823973491319,L1,0.146133321296334,L2,0.155749904...
GetData ===>> H2,-0.208301651041938,H1,39.2187138559173,AX,9.24199051576193,L1,0.129769737971012,L2,0.196532662...
GetData ===>> H2,-0.210962346093348,H1,39.3071844110571,AX,9.27068271426705,L1,0.0895732724341443,L2,0.22548470...
Get Checksum: -860229079
GetData ===>> H2,-0.143664792599769,H1,39.1897800123947,AX,9.2173394169597,L1,0.0734028561315206,L2,0.153947878...
GetData ===>> H2,-0.155480569370908,H1,39.2281270622767,AX,9.13458497907703,L1,0.110017926764504,L2,0.258669917...
GetData ===>> H2,-0.164408994550479,H1,39.3019322774202,AX,9.19972646225468,L1,0.107418872858908,L2,0.159399681...
Get Checksum: -860229079
GetData ===>> H2,-0.256838777548234,H1,39.3105670212447,AX,9.27171583259702,L1,0.0824275584445762,L2,0.02270679...
GetData ===>> H2,-0.123684768468803,H1,39.2778439200531,AX,9.22061940668239,L1,0.108055609510054,L2,0.100928756...
Get Checksum: -860229079
GetData ===>> H2,-0.173076785141331,H1,39.3404294801605,AX,9.22218655013711,L1,0.139358531062276,L2,0.230426938...
GetData ===>> H2,-0.14990155471889,H1,39.26016603493,AX,9.21888221379601,L1,0.136506796003413,L2,0.185054695001...
GetData ===>> H2,-0.240522698965872,H1,39.2395950592231,AX,9.32502648767727,L1,0.108392083116782,L2,0.168695835...
Get Checksum: -860229079
GetData ===>> H2,-0.248978259364603,H1,39.2695539653148,AX,9.24932989463061,L1,0.107576847345785,L2,0.154597972...
GetData ===>> H2,-0.19890674953414,H1,39.2971513234434,AX,9.14330047588652,L1,0.0684993324020784,L2,0.155852552...
GetData ===>> H2,-0.171340519476977,H1,39.2483964934679,AX,9.17291202752987,L1,0.11334279369658,L2,0.0658896519...
Get Checksum: -860229079
GetData ===>> H2,-0.0809762423406366,H1,39.22670077131,AX,9.1578441481902,L1,0.0882515260138361,L2,0.1892304166...
GetData ===>> H2,-0.260072502991241,H1,39.3208724395218,AX,9.16872290923038,L1,0.0958494060758809,L2,0.13630578...
GetData ===>> H2,-0.303652259580857,H1,39.2775870797933,AX,9.10899980234415,L1,0.112067488892614,L2,0.163848035...
Get Checksum: -860229079
GetData ===>> H2,-0.122389196450907,H1,39.2796418172973,AX,9.14297272087522,L1,0.0807029538610815,L2,0.23240162...
GetData ===>> H2,-0.15091705083285,H1,39.2994347403369,AX,9.1702042589231,L1,0.0660153711590976,L2,0.0268566111...
GetData ===>> H2,-0.155711600480889,H1,39.3090112941442,AX,9.22334066343268,L1,0.10952218564202,L2,0.2038468766...
Get Checksum: -860229079
GetData ===>> H2,-0.0236017753042323,H1,39.2307800086736,AX,9.14121257310462,L1,0.106527749980468,L2,0.14494966...
07:00:51 -- collecting point 50
GetData ===>> H2,-0.143010794300299,H1,39.1584573490467,AX,9.13743746213434,L1,0.0913350662613169,L2,0.14879290...
GetData ===>> H2,-0.173219775734596,H1,39.1225265546102,AX,9.18300304541606,L1,0.128021588491653,L2,0.182658871...
Get Checksum: -860229079
GetData ===>> H2,-0.14007679656591,H1,39.1390998799728,AX,9.1644732549987,L1,0.122422971298508,L2,0.20239768221...
GetData ===>> H2,-0.21149979784657,H1,39.1306560401313,AX,9.09213036255534,L1,0.0906336861281506,L2,0.204679888...
GetData ===>> H2,-0.261678351946849,H1,39.1983781522295,AX,9.21251680890432,L1,0.070150830612082,L2,0.128529241...
Get Checksum: -860229079
GetData ===>> H2,-0.233651031430963,H1,39.2485248822239,AX,9.2451254838226,L1,0.0842536018561599,L2,0.105043813...
GetData ===>> H2,-0.217661963033315,H1,39.3035735444372,AX,9.28812558586437,L1,0.106718267630003,L2,0.145474249...
GetData ===>> H2,-0.14634795279647,H1,39.1218562532578,AX,9.17951782762871,L1,0.16103003395414,L2,0.26185694764...
Get Checksum: -860229079
GetData ===>> H2,-0.128045080459301,H1,39.123895692444,AX,9.13026392278947,L1,0.109916605437557,L2,0.0715355377...
GetData ===>> H2,-0.181420504031037,H1,39.1195458816271,AX,9.10530747597829,L1,0.115021325118557,L2,0.131550843...
Get Checksum: -860229079
GetData ===>> H2,-0.298977270037662,H1,39.3043870503401,AX,9.21989051095784,L1,0.105581243928351,L2,0.206996382...
GetData ===>> H2,-0.0742503001345321,H1,39.325483045342,AX,9.17351916040856,L1,0.0973964376411997,L2,0.13424185...
GetData ===>> H2,-0.0736117862320744,H1,39.197522588257,AX,9.12630716116676,L1,0.123244234166633,L2,0.101669681...
Get Checksum: -860229079
GetData ===>> H2,-0.174800422458227,H1,39.2665292022021,AX,9.0308215145918,L1,0.0974024670655748,L2,0.128095962...
GetData ===>> H2,-0.223186768539056,H1,39.2380973106881,AX,9.11220640484571,L1,0.102263351801349,L2,0.154632188...
testing age>100.0
evaluate ot="age>100.0" t="age>100.0", ctx="{'age': 27.82105709399579}"
testing Ar39<0.5
evaluate ot="Ar39<0.5" t="Ar39<0.5", ctx="{'Ar39': 9.48491679306362}"
GetData ===>> H2,-0.236941911478769,H1,39.2810830083905,AX,9.05262138426063,L1,0.107605789503685,L2,0.180514089...
Get Checksum: -860229079
GetData ===>> H2,-0.165846662820111,H1,39.1352915203375,AX,9.08568209215581,L1,0.100633549383845,L2,0.200275279...
GetData ===>> H2,-0.0897901685178605,H1,39.1856879140127,AX,9.23776210687739,L1,0.0816730830677992,L2,0.1291449...
GetData ===>> H2,-0.189443091343458,H1,39.3325634543466,AX,9.15700643460972,L1,0.114620672643925,L2,0.115360730...
Get Checksum: -860229079
GetData ===>> H2,-0.230220553417839,H1,39.2753040794754,AX,9.15705499752782,L1,0.114191074949249,L2,0.170692059...
testing age>100.0
evaluate ot="age>100.0" t="age>100.0", ctx="{'age': 27.898180654929433}"
testing Ar39<0.5
evaluate ot="Ar39<0.5" t="Ar39<0.5", ctx="{'Ar39': 9.475576283436792}"
GetData ===>> H2,-0.280946838019182,H1,39.2664435968108,AX,9.06046368102746,L1,0.148078650971538,L2,0.023117208...
GetData ===>> H2,-0.204024366527485,H1,39.2156048079457,AX,9.00691499532677,L1,0.135641767153506,L2,0.059833526...
Get Checksum: -860229079
GetData ===>> H2,-0.0722085565190464,H1,39.2689975173085,AX,9.15829335975783,L1,0.130258742587972,L2,0.23703600...
GetData ===>> H2,-0.143885035604322,H1,39.1789013275547,AX,9.14113974005875,L1,0.137693310359611,L2,0.118609935...
GetData ===>> H2,-0.118958868070151,H1,39.1501262637475,AX,9.12180440769484,L1,0.100276499668627,L2,0.173612325...
Get Checksum: -860229079
testing age>100.0
evaluate ot="age>100.0" t="age>100.0", ctx="{'age': 27.95098395906544}"
testing Ar39<0.5
evaluate ot="Ar39<0.5" t="Ar39<0.5", ctx="{'Ar39': 9.474055036991029}"
07:01:17 -- collecting point 75
GetData ===>> H2,-0.146776172891697,H1,39.1149395330523,AX,9.08613139343822,L1,0.0923426321055382,L2,0.04612597...
GetData ===>> H2,-0.130937484760028,H1,39.1838201386046,AX,9.0530705397578,L1,0.0859301525630288,L2,0.241008517...
GetData ===>> H2,-0.116780558512762,H1,39.145361828384,AX,9.04064058889427,L1,0.110833359118892,L2,0.2103285815...
Get Checksum: -860229079
GetData ===>> H2,-0.167693090215634,H1,39.1282313989343,AX,9.18601475815909,L1,0.064617208127684,L2,0.297351062...
GetData ===>> H2,-0.165193322576492,H1,39.1593275814778,AX,9.23669288183381,L1,0.0795425364724415,L2,0.08319386...
testing age>100.0
evaluate ot="age>100.0" t="age>100.0", ctx="{'age': 28.061524540149648}"
testing Ar39<0.5
evaluate ot="Ar39<0.5" t="Ar39<0.5", ctx="{'Ar39': 9.464194888685993}"
GetData ===>> H2,-0.0915136612041386,H1,39.2022282657836,AX,9.1697428526118,L1,0.0752924252172554,L2,0.17640719...
Get Checksum: -860229079
GetData ===>> H2,-0.132447013134924,H1,39.1475871099167,AX,9.02631889349175,L1,0.105397981645373,L2,0.156434227...
GetData ===>> H2,-0.24666316339204,H1,39.080162333954,AX,9.07914923250473,L1,0.118157098803983,L2,0.18098183050...
Get Checksum: -860229079
GetData ===>> H2,-0.277470464476414,H1,39.1639356389953,AX,9.00343263565809,L1,0.108429469763365,L2,0.175711321...
GetData ===>> H2,-0.182236780170999,H1,39.2795704716542,AX,9.04482824471249,L1,0.0898443903576531,L2,0.04509969...
testing age>100.0
evaluate ot="age>100.0" t="age>100.0", ctx="{'age': 28.1056972052788}"
testing Ar39<0.5
evaluate ot="Ar39<0.5" t="Ar39<0.5", ctx="{'Ar39': 9.465232768550372}"
GetData ===>> H2,-0.214613551824307,H1,39.2303806366399,AX,9.18127863705224,L1,0.0919268182498375,L2,0.15174671...
Get Checksum: -860229079
GetData ===>> H2,-0.147477230188927,H1,39.1852459187263,AX,9.13886980288748,L1,0.0736557416522412,L2,0.17413707...
GetData ===>> H2,-0.116174345871534,H1,39.0502269630359,AX,9.08366633241026,L1,0.0919931062700784,L2,0.12692155...
GetData ===>> H2,-0.10088667317525,H1,39.1505256861079,AX,9.07387953573106,L1,0.112941001060402,L2,0.2085255280...
Get Checksum: -860229079
GetData ===>> H2,-0.135538484715087,H1,39.2143640636372,AX,9.12976628481416,L1,0.11003119510859,L2,0.1391223706...
testing age>100.0
evaluate ot="age>100.0" t="age>100.0", ctx="{'age': 28.149554515339638}"
testing Ar39<0.5
evaluate ot="Ar39<0.5" t="Ar39<0.5", ctx="{'Ar39': 9.452845263590298}"
GetData ===>> H2,-0.222397483512176,H1,39.2252317093796,AX,9.09493566972464,L1,0.105634294155782,L2,0.152009028...
GetData ===>> H2,-0.190394957839547,H1,38.9632005743541,AX,9.05744080473031,L1,0.110332753071392,L2,0.133580501...
Get Checksum: -860229079
GetData ===>> H2,-0.165050230634583,H1,39.1503402398462,AX,9.07237395814556,L1,0.112732268235284,L2,0.201085438...
GetData ===>> H2,-0.127681447145969,H1,39.1119875700782,AX,9.06506493801181,L1,0.0608377287634498,L2,0.22534773...
GetData ===>> H2,-0.127251560765867,H1,39.1215424964681,AX,9.04552013485434,L1,0.0577634852510468,L2,0.23637393...
Get Checksum: -860229079
testing age>100.0
evaluate ot="age>100.0" t="age>100.0", ctx="{'age': 28.204147469544203}"
testing Ar39<0.5
evaluate ot="Ar39<0.5" t="Ar39<0.5", ctx="{'Ar39': 9.449770744491728}"
GetData ===>> H2,-0.22742587523821,H1,39.2435178227607,AX,9.02221694834674,L1,0.0975990282677837,L2,0.142360977...
GetData ===>> H2,-0.203981235068796,H1,39.2129807202023,AX,9.12247191923294,L1,0.0792557664071091,L2,0.13409362...
GetData ===>> H2,-0.269549622407024,H1,39.2037540857886,AX,8.97616029233197,L1,0.0930899347465708,L2,0.12133479...
Get Checksum: -860229079
GetData ===>> H2,-0.172418465538857,H1,39.1946707525136,AX,8.98201934793523,L1,0.11164644433349,L2,0.1087828549...
GetData ===>> H2,-0.17681452454849,H1,39.1222413195332,AX,9.08224561004423,L1,0.107035403061266,L2,0.2252450163...
testing age>100.0
evaluate ot="age>100.0" t="age>100.0", ctx="{'age': 28.237827000863987}"
testing Ar39<0.5
evaluate ot="Ar39<0.5" t="Ar39<0.5", ctx="{'Ar39': 9.449477527146717}"
07:01:43 -- collecting point 100
GetData ===>> H2,-0.138957596095176,H1,39.0870200138329,AX,9.15568310399784,L1,0.105553513238291,L2,0.133546293...
GetData ===>> H2,-0.106187986600426,H1,39.043328634847,AX,9.05361681262608,L1,0.116602367564078,L2,0.1632891280...
GetData ===>> H2,-0.0967462204053838,H1,39.1065116577012,AX,8.94867696639468,L1,0.137419022298569,L2,0.16756656...
Get Checksum: -860229079
GetData ===>> H2,-0.135648009595666,H1,39.1703130267518,AX,9.10111733346431,L1,0.121509998369388,L2,0.155898174...
GetData ===>> H2,-0.135826492320738,H1,39.1176491283856,AX,9.05648175830378,L1,0.121070448152314,L2,0.112430841...
Get Checksum: -860229079
testing age>100.0
evaluate ot="age>100.0" t="age>100.0", ctx="{'age': 28.267396373929575}"
testing Ar39<0.5
evaluate ot="Ar39<0.5" t="Ar39<0.5", ctx="{'Ar39': 9.443333324726627}"
GetData ===>> H2,-0.108358145153087,H1,39.1961536986205,AX,9.05240287689707,L1,0.13985162421172,L2,0.1740115876...
GetData ===>> H2,-0.114478673028709,H1,39.0459653455556,AX,8.97042286893381,L1,0.120659896493855,L2,0.109466841...
GetData ===>> H2,-0.177965857654215,H1,39.1263915569272,AX,8.90982945060976,L1,0.121086146045967,L2,0.072436629...
Get Checksum: -860229079
GetData ===>> H2,-0.129550857962822,H1,39.1121159147801,AX,8.93088293927796,L1,0.124929261522529,L2,0.143227666...
GetData ===>> H2,-0.11365848820774,H1,39.2020001074545,AX,9.11770887837084,L1,0.148844802437709,L2,0.1123624401...
testing age>100.0
evaluate ot="age>100.0" t="age>100.0", ctx="{'age': 28.282418884205732}"
testing Ar39<0.5
evaluate ot="Ar39<0.5" t="Ar39<0.5", ctx="{'Ar39': 9.44526288084422}"
GetData ===>> H2,-0.108958789097766,H1,39.1632365724138,AX,9.08984731243208,L1,0.126203736308502,L2,0.125883992...
Get Checksum: -860229079
GetData ===>> H2,-0.138172197465027,H1,39.0852663493476,AX,8.95544401665964,L1,0.082057545115043,L2,0.030698771...
GetData ===>> H2,-0.0834471590212664,H1,39.1421523605895,AX,9.05752578396305,L1,0.0628447973548776,L2,0.1224407...
GetData ===>> H2,-0.169243694771272,H1,39.1531504947834,AX,9.05581407308481,L1,0.0745011477529252,L2,0.19519767...
Get Checksum: -860229079
GetData ===>> H2,-0.16413493942887,H1,39.1017061806459,AX,9.1488603326001,L1,0.104991681704977,L2,0.21730146884...
testing age>100.0
evaluate ot="age>100.0" t="age>100.0", ctx="{'age': 28.334244092870197}"
testing Ar39<0.5
evaluate ot="Ar39<0.5" t="Ar39<0.5", ctx="{'Ar39': 9.436457481320513}"
GetData ===>> H2,-0.220697505009365,H1,38.9901222579572,AX,9.12027194208794,L1,0.0779654017676923,L2,0.20236344...
GetData ===>> H2,-0.207008125036415,H1,39.1511676176942,AX,8.91945162881475,L1,0.0968911846435953,L2,0.17928200...
Get Checksum: -860229079
GetData ===>> H2,-0.210251092472075,H1,39.0471483211386,AX,8.89752700668774,L1,0.108470474631269,L2,0.189150551...
GetData ===>> H2,-0.143031063408929,H1,38.9935555919535,AX,8.97869553588535,L1,0.091991901029474,L2,0.088242728...
GetData ===>> H2,-0.150105471476201,H1,39.1109322966371,AX,8.92811600753609,L1,0.0514963241494298,L2,0.12904233...
Get Checksum: -860229079
testing age>100.0
evaluate ot="age>100.0" t="age>100.0", ctx="{'age': 28.37874671347466}"
testing Ar39<0.5
evaluate ot="Ar39<0.5" t="Ar39<0.5", ctx="{'Ar39': 9.439047345327326}"
GetData ===>> H2,-0.157723128515294,H1,39.1535641927068,AX,8.79216787800365,L1,0.103655707691046,L2,0.216251508...
measurement finished
estimated time: 125.829 actual time: :126.186
flush and close file /Users/jan/PychronDev/data/isotopes/8d/9593ec-ac63-4e79-86dc-cf971cbbdf0a.h5
baselines () {'settling_time': 15.0, 'detector': 'H1', 'mass': 34.2, 'ncounts': 60.0}
%%%%%%%%%%%%%%%%%%%%%%%%%%%%%%%% Baseline
build tables- baseline [Detector(H2), Detector(H1), Detector(AX), Detector(L1), Detector(L2), Detector(CDD)]
add group baseline table H2
add group baseline table H1
add group baseline table AX
add group baseline table L1
add group baseline table L2
add group baseline table CDD
flush and close file /Users/jan/PychronDev/data/isotopes/8d/9593ec-ac63-4e79-86dc-cf971cbbdf0a.h5
detector Detector(H1)
POSITION 34.2 H1
Mapping mass to dac mass func: "parabolic"
H1 map mass coeffs = [-0.00063987  0.15840543  0.57023999]
H1 map mass to dac 34.2 >> 5.23928599104
GetDeflection H1 ===>> 0
GetHighVoltage ===>> 4499.94659342336
positioning 34.2 (5.23925513738) on H1
setting magnet DAC
current  : 5.878595
requested: 5.239255
Delta Dac: 0.639340
Checking detector protection. dv=0.63934
Checking detector "CDD". Protection Threshold: 0.1 (V)
ProtectDetector CDD,On ===>> OK
GetDeflection CDD ===>> 2000
SetMagnetDAC 5.23925513738 ===>> OK
Magnet settling time: 0.500
GetMagnetMoving ===>> True
GetMagnetMoving ===>> True
GetMagnetMoving ===>> True
Get Checksum: -860229079
GetMagnetMoving ===>> True
GetMagnetMoving ===>> True
GetMagnetMoving ===>> True
GetMagnetMoving ===>> True
GetMagnetMoving ===>> True
GetMagnetMoving ===>> False
ProtectDetector CDD,Off ===>> OK
GetDeflection CDD ===>> 50
Delaying 15.0s for detectors to settle
Get Checksum: -860229079
Get Checksum: -860229079
Get Checksum: -860229079
Get Checksum: -860229079
Get Checksum: -860229079
Join finished
measuring baseline. ncounts=60.0
starting measurement
GetData ===>> H2,-0.20783815456578,H1,0.0496684258838755,AX,-0.0999817502564137,L1,-0.0498097214520918,L2,0.080...
GetData ===>> H2,-0.126609404556003,H1,-0.0167846953259108,AX,-0.0791427343702307,L1,-0.0476580449660427,L2,-0....
Get Checksum: -860229079
GetData ===>> H2,-0.171223139932803,H1,-0.149057571023525,AX,-0.12760568887935,L1,0.00200326943575552,L2,-0.088...
GetData ===>> H2,-0.191023199800597,H1,-0.0474909363973762,AX,-0.10592665780629,L1,0.00182921311317401,L2,-0.01...
Get Checksum: -860229079
GetData ===>> H2,-0.17388639873381,H1,-0.0424593357021273,AX,-0.129123387702186,L1,0.0121967921020775,L2,-0.098...
GetData ===>> H2,-0.198659977671832,H1,-0.0869480371321839,AX,-0.162686113100774,L1,-0.00170168007077931,L2,0.0...
GetData ===>> H2,-0.257166740395957,H1,0.0252534100863457,AX,-0.0483976169320786,L1,-0.0680794792494825,L2,-0.0...
Get Checksum: -860229079
GetData ===>> H2,-0.312799697625138,H1,-0.104430544683942,AX,-0.0233955572754207,L1,-0.0869336468606271,L2,0.03...
GetData ===>> H2,-0.246809804704085,H1,-0.0406111723966649,AX,-0.102855747023315,L1,-0.0217152975511027,L2,-0.0...
GetData ===>> H2,-0.189672301641558,H1,-0.0374513302677791,AX,-0.0218762084267117,L1,-0.0250616471709703,L2,0.0...
Get Checksum: -860229079
GetData ===>> H2,-0.140612027322214,H1,0.027305665097921,AX,-0.00808500331107106,L1,-0.042563029258242,L2,-0.03...
GetData ===>> H2,-0.19697423355708,H1,-0.0787241244232238,AX,-0.0602585925254219,L1,0.00439834980865242,L2,0.02...
GetData ===>> H2,-0.244550779044528,H1,-0.100700722733671,AX,-0.08998004325994,L1,0.0188085677602889,L2,-0.0434...
Get Checksum: -860229079
GetData ===>> H2,-0.141655384371952,H1,-0.0100578763422064,AX,-0.0967136346443105,L1,0.0114921601116149,L2,-0.0...
GetData ===>> H2,-0.127635485228651,H1,0.0549078097328295,AX,-0.00315495631330553,L1,-0.0539263004426529,L2,0.0...
GetData ===>> H2,-0.161226576713771,H1,-0.0351976460619017,AX,-0.0643046747998529,L1,-0.0345225917999873,L2,-0....
Get Checksum: -860229079
GetData ===>> H2,-0.195590387082644,H1,0.00944529768494036,AX,-0.0098597591045002,L1,0.00662830263951955,L2,0.0...
GetData ===>> H2,-0.185470274361863,H1,-0.0468470963942867,AX,-0.0944537032627052,L1,-0.0182563130186529,L2,-0....
GetData ===>> H2,-0.230112871495326,H1,-0.045297094212393,AX,-0.167160684016571,L1,-0.0202778951965331,L2,0.103...
Get Checksum: -860229079
GetData ===>> H2,-0.191717460973538,H1,0.011151260597342,AX,-0.118846597900423,L1,-0.00349305688400489,L2,-0.04...
GetData ===>> H2,-0.241607582260066,H1,0.00120220821926438,AX,-0.0175035988575231,L1,-0.0448091769762889,L2,-0....
GetData ===>> H2,-0.302664932210307,H1,-0.0848623261454627,AX,-0.102948455182905,L1,-0.0531882876244248,L2,-0.1...
Get Checksum: -860229079
GetData ===>> H2,-0.269305030260373,H1,-0.0146975214974308,AX,-0.0761868951690701,L1,-0.0291867198984665,L2,-0....
GetData ===>> H2,-0.256927489750743,H1,-0.0627868797190566,AX,-0.0276867198227805,L1,-0.0519298327578739,L2,0.0...
07:02:49 -- collecting point 25
GetData ===>> H2,-0.166386585002199,H1,-0.106313277395231,AX,-0.0332997387381508,L1,-0.0455885064235518,L2,-0.1...
Get Checksum: -860229079
GetData ===>> H2,-0.209085779150551,H1,-0.0786406899612622,AX,-0.0200088846060302,L1,-0.0455466085284474,L2,-0....
GetData ===>> H2,-0.194398392164984,H1,-0.0517830972328824,AX,-0.0321052597615183,L1,-0.00840241100378194,L2,-0...
Get Checksum: -860229079
GetData ===>> H2,-0.259533435555001,H1,-0.0725497863192313,AX,0.0251773538586211,L1,0.00342584248202134,L2,0.06...
GetData ===>> H2,-0.127494894679022,H1,-0.01200202118381,AX,0.0151289980052351,L1,0.0275644415836895,L2,0.08084...
GetData ===>> H2,-0.146212864237665,H1,-0.0538098869715896,AX,-0.127825814604202,L1,-0.0128646910098297,L2,-0.0...
Get Checksum: -860229079
GetData ===>> H2,-0.214124727647142,H1,-0.0146021067963574,AX,-0.0145922830215643,L1,-0.00524812905828536,L2,0....
GetData ===>> H2,-0.170281361170804,H1,-0.0502212489012386,AX,-0.0603629348692811,L1,-0.0280978075713916,L2,-0....
GetData ===>> H2,-0.143837744522222,H1,-0.0975070266645116,AX,-0.066936276985053,L1,-0.060586396201035,L2,-0.09...
Get Checksum: -860229079
GetData ===>> H2,-0.227552431485133,H1,-0.059436993874473,AX,-0.140286980006349,L1,-0.0196760193646753,L2,-0.00...
GetData ===>> H2,-0.244264163967574,H1,-0.143287068629205,AX,-0.110967376678961,L1,0.00430229552321436,L2,-0.06...
GetData ===>> H2,-0.167286848020221,H1,-0.0705948971647661,AX,-0.136762009008941,L1,-0.007157607139365,L2,-0.04...
Get Checksum: -860229079
GetData ===>> H2,-0.184183462404368,H1,-0.0458694055059048,AX,-0.0844166557848811,L1,-0.0160280253169089,L2,0.0...
GetData ===>> H2,-0.139645620089145,H1,-0.0509962148606434,AX,-6.91998446182041E-05,L1,-0.0274760324672922,L2,-...
GetData ===>> H2,-0.221562343775184,H1,-0.0243339378121597,AX,-0.062739591293043,L1,0.00417862697960294,L2,-0.0...
Get Checksum: -860229079
GetData ===>> H2,-0.154005101751938,H1,-0.0573030223572022,AX,-0.0972930957737625,L1,-0.00264360245426397,L2,-0...
GetData ===>> H2,-0.083352342081224,H1,0.0219603446106166,AX,0.0149317542862102,L1,-0.0353194955536743,L2,0.059...
GetData ===>> H2,-0.182347411416704,H1,-0.0308809240378459,AX,-0.187734105361246,L1,-0.0314444296804742,L2,0.03...
Get Checksum: -860229079
GetData ===>> H2,-0.191044769720793,H1,-0.075815796409384,AX,-0.053070295048015,L1,0.0260067451761237,L2,-0.041...
GetData ===>> H2,-0.191203846612675,H1,-0.0856131871092679,AX,-0.104976424071553,L1,-0.0289040213199217,L2,-0.0...
GetData ===>> H2,-0.166022140351526,H1,0.0127021612007951,AX,-0.0602238117192534,L1,-0.0047958943344409,L2,0.04...
Get Checksum: -860229079
GetData ===>> H2,-0.234208099797869,H1,-0.0185259613327603,AX,0.00302825558857321,L1,0.0180650369066364,L2,0.06...
GetData ===>> H2,-0.137531401675753,H1,-0.0616305261047721,AX,-0.0541137905306484,L1,-0.0371024138014968,L2,0.0...
GetData ===>> H2,-0.175717072313662,H1,-0.0212332120166579,AX,-0.0623222314398989,L1,-0.04060502295676,L2,-0.01...
Get Checksum: -860229079
GetData ===>> H2,-0.21078857803165,H1,-0.103810903384249,AX,-0.0555398829279115,L1,-0.0387927787519009,L2,-0.05...
07:03:15 -- collecting point 50
GetData ===>> H2,-0.154423981128632,H1,-0.0086265799329464,AX,-0.0275243549541177,L1,0.0114537488810756,L2,0.13...
Get Checksum: -860229079
GetData ===>> H2,-0.166625492356247,H1,0.0616871916022223,AX,-0.0839530258024803,L1,-0.0290501631028316,L2,-0.0...
GetData ===>> H2,-0.148445671575547,H1,-0.0896296016600793,AX,-0.132981248341952,L1,-0.0051965489357614,L2,-0.0...
GetData ===>> H2,-0.299678944465819,H1,-0.0439259184244587,AX,-0.199763193806714,L1,0.00318693221031936,L2,-0.0...
Get Checksum: -860229079
GetData ===>> H2,-0.220817400938914,H1,-0.0575056919988935,AX,-0.0474004406923181,L1,-0.0246901518299944,L2,-0....
GetData ===>> H2,-0.192750011434493,H1,-0.0766859198001011,AX,-0.0585543184043529,L1,-0.0280355119913691,L2,-0....
GetData ===>> H2,-0.251908777765498,H1,-0.0262897308324959,AX,-0.0758623269620993,L1,-0.0225400028342779,L2,-0....
Get Checksum: -860229079
GetData ===>> H2,-0.291532536534826,H1,-0.100307474616801,AX,-0.101928660568288,L1,0.0240484716362189,L2,-0.112...
GetData ===>> H2,-0.198512990780706,H1,-0.00847152159322282,AX,-0.0700546914015978,L1,-0.00666707855961039,L2,-...
GetData ===>> H2,-0.158961749575543,H1,-0.085207961257283,AX,-0.059887596618851,L1,0.00610761423268974,L2,0.046...
GetData ===>> H2,-0.0209456295112465,H1,-0.093169156795647,AX,-0.0292291725657935,L1,-0.00792273602960741,L2,0....
measurement finished
estimated time: 62.915 actual time: :63.087
flush and close file /Users/jan/PychronDev/data/isotopes/8d/9593ec-ac63-4e79-86dc-cf971cbbdf0a.h5
activate_detectors ('H1', 'AX', 'CDD') {'peak_center': True}
peak_center () {'detector': 'H1', 'isotope': 'Ar40'}
peak center: mean=39.0928765663 threshold=3
peak center started
setup peak center. detector=['H1', 'AX', 'CDD'], isotope=Ar40
VersionedUnpickler [<apptools.sweet_pickle.versioned_unpickler.VersionedUnpickler object at 0x180813830>] using Updater [<apptools.sweet_pickle.updater.Updater object at 0x12ce00cb0>]
VersionedUnpickler [<apptools.sweet_pickle.versioned_unpickler.VersionedUnpickler object at 0x180813830>] using Updater [<apptools.sweet_pickle.updater.Updater object at 0x12ce00cb0>]
VersionedUnpickler [<apptools.sweet_pickle.versioned_unpickler.VersionedUnpickler object at 0x17f4a7650>] using Updater [<apptools.sweet_pickle.updater.Updater object at 0x12ce00cb0>]
setting integration time = 0.524288
SetIntegrationTime 0.524288 ===>> OK
Mapping mass to dac mass func: "parabolic"
H1 map mass coeffs = [-0.00063987  0.15840543  0.57023999]
H1 map mass to dac 39.9624 >> 5.87863
GetDeflection H1 ===>> 0
GetHighVoltage ===>> 4499.94659342336
do peak center. <pychron.spectrometer.jobs.peak_center.PeakCenter object at 0x12ce00b30>
doing pc
starting peak center. center dac= 5.8785953813 step_width=0.001
width = 0.001
get scan parameters. half-width=0.015,window=0.015, i=0, scalar=1
Scan parameters center=5.87860 width=0.03000 (5.86360 - 5.89360)
GetData ===>> H2,-0.0501470359305672,H1,-0.0267786731160456,AX,-0.157318674863498,L1,-0.0318659723703584,L2,-0....
Moving to starting dac 5.8635953813
setting magnet DAC
current  : 5.239255
requested: 5.863595
Delta Dac: 0.624340
Checking detector protection. dv=0.62434
Checking detector "CDD". Protection Threshold: 0.1 (V)
ProtectDetector CDD,On ===>> OK
GetDeflection CDD ===>> 2000
SetMagnetDAC 5.8635953813 ===>> OK
Magnet settling time: 0.500
Get Checksum: -860229079
GetMagnetMoving ===>> True
GetMagnetMoving ===>> True
GetMagnetMoving ===>> True
GetMagnetMoving ===>> True
GetMagnetMoving ===>> True
GetMagnetMoving ===>> True
GetMagnetMoving ===>> True
GetMagnetMoving ===>> True
GetMagnetMoving ===>> False
ProtectDetector CDD,Off ===>> OK
GetDeflection CDD ===>> 50
Wait until signal near baseline. tol= -0.020084004837. timeout= 10
GetData ===>> H2,1.56978400511885,H1,0.919488973662097,AX,-0.0457539180249594,L1,0.036301367028314,L2,-0.011112...
GetData ===>> H2,1.56978400511885,H1,0.919488973662097,AX,-0.0457539180249594,L1,0.036301367028314,L2,-0.011112...
Get Checksum: -860229079
GetData ===>> H2,2.1201795717338,H1,1.39129460957645,AX,0.0973024049137283,L1,0.0053914586622102,L2,-0.12468221...
GetData ===>> H2,1.04084081723686,H1,0.601132697471019,AX,-0.0531514562090556,L1,-0.0193507699746895,L2,-0.0333...
GetData ===>> H2,0.32158919809688,H1,0.334504515838785,AX,-0.0229316364782415,L1,-0.0226682811123538,L2,-0.1162...
GetData ===>> H2,0.0413537089529205,H1,0.111606410542664,AX,-0.066994240989796,L1,-0.0240213198887237,L2,-0.013...
GetData ===>> H2,-0.131499691611975,H1,0.0396916785509795,AX,-0.113841048936873,L1,-0.0325137662858349,L2,-0.00...
GetData ===>> H2,-0.151069465796365,H1,-0.0146855946647538,AX,-0.0693127728679994,L1,-0.0363439932763004,L2,0.0...
Get Checksum: -860229079
GetData ===>> H2,-0.126417426592393,H1,-0.0448559353565468,AX,-0.148318496187706,L1,-0.0623850526373194,L2,0.03...
Peak center baseline intensity achieved
_do_sweep sm= 5.8635953813, em= 5.8935953813, stm= 0.001
calculated step values: start=5.8635953813, end=5.8935953813, width=0.001, nsteps=31.0
setting magnet DAC
current  : 5.863595
requested: 5.863595
Delta Dac: 0.000000
Checking detector protection. dv=0.00000
Checking detector "CDD". Protection Threshold: 0.1 (V)
SetMagnetDAC 5.8635953813 ===>> OK
GetData ===>> H2,-0.126417426592393,H1,-0.0448559353565468,AX,-0.148318496187706,L1,-0.0623850526373194,L2,0.03...
setting magnet DAC
current  : 5.863595
requested: 5.864630
Delta Dac: 0.001034
Checking detector protection. dv=0.00103
Checking detector "CDD". Protection Threshold: 0.1 (V)
SetMagnetDAC 5.86462986406 ===>> OK
Magnet settling time: 1.049
GetData ===>> H2,-0.101464271945815,H1,-0.0970660979296543,AX,-0.0152998219717372,L1,-0.0378943210814824,L2,-0....
setting magnet DAC
current  : 5.864630
requested: 5.865664
Delta Dac: 0.001034
Checking detector protection. dv=0.00103
Checking detector "CDD". Protection Threshold: 0.1 (V)
SetMagnetDAC 5.86566434682 ===>> OK
Magnet settling time: 1.049
GetData ===>> H2,-0.182971250143008,H1,0.215142249862388,AX,-0.0232795772834292,L1,-0.0298097913522784,L2,-0.07...
setting magnet DAC
current  : 5.865664
requested: 5.866699
Delta Dac: 0.001034
Checking detector protection. dv=0.00103
Checking detector "CDD". Protection Threshold: 0.1 (V)
SetMagnetDAC 5.86669882958 ===>> OK
Magnet settling time: 1.049
Get Checksum: -860229079
GetData ===>> H2,-0.204700969758306,H1,0.724103136114995,AX,0.112162360371075,L1,-0.0651429181147775,L2,-0.0385...
setting magnet DAC
current  : 5.866699
requested: 5.867733
Delta Dac: 0.001034
Checking detector protection. dv=0.00103
Checking detector "CDD". Protection Threshold: 0.1 (V)
SetMagnetDAC 5.86773331233 ===>> OK
Magnet settling time: 1.049
GetData ===>> H2,-0.122896353422868,H1,2.8568291252258,AX,0.13126803670587,L1,-0.0605157737051003,L2,-0.0120920...
setting magnet DAC
current  : 5.867733
requested: 5.868768
Delta Dac: 0.001034
Checking detector protection. dv=0.00103
Checking detector "CDD". Protection Threshold: 0.1 (V)
SetMagnetDAC 5.86876779509 ===>> OK
Magnet settling time: 1.049
GetData ===>> H2,-0.174506609845477,H1,8.15981874219422,AX,1.25627494624892,L1,-0.0463007439100262,L2,-0.151476...
setting magnet DAC
current  : 5.868768
requested: 5.869802
Delta Dac: 0.001034
Checking detector protection. dv=0.00103
Checking detector "CDD". Protection Threshold: 0.1 (V)
SetMagnetDAC 5.86980227785 ===>> OK
Magnet settling time: 1.049
Get Checksum: -860229079
GetData ===>> H2,-0.160605381162712,H1,17.1747753257702,AX,2.97725378171601,L1,0.0207577473030465,L2,0.01863059...
setting magnet DAC
current  : 5.869802
requested: 5.870837
Delta Dac: 0.001034
Checking detector protection. dv=0.00103
Checking detector "CDD". Protection Threshold: 0.1 (V)
SetMagnetDAC 5.87083676061 ===>> OK
Magnet settling time: 1.049
GetData ===>> H2,-0.3486324481841,H1,26.7832260681286,AX,5.04346663685546,L1,0.0362845371778595,L2,-0.046241942...
setting magnet DAC
current  : 5.870837
requested: 5.871871
Delta Dac: 0.001034
Checking detector protection. dv=0.00103
Checking detector "CDD". Protection Threshold: 0.1 (V)
SetMagnetDAC 5.87187124337 ===>> OK
Magnet settling time: 1.049
GetData ===>> H2,-0.190559505775617,H1,33.5243951386375,AX,6.83439400745992,L1,0.0217540303540337,L2,0.02480363...
setting magnet DAC
current  : 5.871871
requested: 5.872906
Delta Dac: 0.001034
Checking detector protection. dv=0.00103
Checking detector "CDD". Protection Threshold: 0.1 (V)
Get Checksum: -860229079
SetMagnetDAC 5.87290572613 ===>> OK
Magnet settling time: 1.049
GetData ===>> H2,-0.160003059049665,H1,36.8296131013165,AX,8.0257059907095,L1,0.0526480962159037,L2,0.166505739...
setting magnet DAC
current  : 5.872906
requested: 5.873940
Delta Dac: 0.001034
Checking detector protection. dv=0.00103
Checking detector "CDD". Protection Threshold: 0.1 (V)
SetMagnetDAC 5.87394020889 ===>> OK
Magnet settling time: 1.049
GetData ===>> H2,0.02188992437013,H1,38.0507250565191,AX,8.32193277053978,L1,0.078084672262984,L2,0.26791002388...
setting magnet DAC
current  : 5.873940
requested: 5.874975
Delta Dac: 0.001034
Checking detector protection. dv=0.00103
Checking detector "CDD". Protection Threshold: 0.1 (V)
SetMagnetDAC 5.87497469164 ===>> OK
Magnet settling time: 1.049
Get Checksum: -860229079
GetData ===>> H2,-0.181294465011424,H1,38.3975059461781,AX,8.5202530940811,L1,0.0710248375634955,L2,0.044441559...
setting magnet DAC
current  : 5.874975
requested: 5.876009
Delta Dac: 0.001034
Checking detector protection. dv=0.00103
Checking detector "CDD". Protection Threshold: 0.1 (V)
SetMagnetDAC 5.8760091744 ===>> OK
Magnet settling time: 1.049
GetData ===>> H2,-0.246758682261108,H1,38.5498432727417,AX,8.47775957979513,L1,0.105649968139817,L2,0.141391664...
setting magnet DAC
current  : 5.876009
requested: 5.877044
Delta Dac: 0.001034
Checking detector protection. dv=0.00103
Checking detector "CDD". Protection Threshold: 0.1 (V)
SetMagnetDAC 5.87704365716 ===>> OK
Magnet settling time: 1.049
GetData ===>> H2,-0.272540720300343,H1,38.56461244315,AX,8.60381455974546,L1,0.124645962584395,L2,0.17823245971...
setting magnet DAC
current  : 5.877044
requested: 5.878078
Delta Dac: 0.001034
Checking detector protection. dv=0.00103
Checking detector "CDD". Protection Threshold: 0.1 (V)
SetMagnetDAC 5.87807813992 ===>> OK
Magnet settling time: 1.049
Get Checksum: -860229079
GetData ===>> H2,-0.129383258858334,H1,38.5091592485142,AX,8.67630066820392,L1,0.124421722450971,L2,0.105864566...
setting magnet DAC
current  : 5.878078
requested: 5.879113
Delta Dac: 0.001034
Checking detector protection. dv=0.00103
Checking detector "CDD". Protection Threshold: 0.1 (V)
SetMagnetDAC 5.87911262268 ===>> OK
Magnet settling time: 1.049
GetData ===>> H2,-0.090520981383024,H1,38.6165724703673,AX,8.66484950844942,L1,0.0816779038180144,L2,0.24455880...
setting magnet DAC
current  : 5.879113
requested: 5.880147
Delta Dac: 0.001034
Checking detector protection. dv=0.00103
Checking detector "CDD". Protection Threshold: 0.1 (V)
SetMagnetDAC 5.88014710544 ===>> OK
Magnet settling time: 1.049
GetData ===>> H2,-0.128685803744896,H1,38.6407652046717,AX,8.70133792793984,L1,0.100105303773593,L2,-0.02732438...
setting magnet DAC
current  : 5.880147
requested: 5.881182
Delta Dac: 0.001034
Checking detector protection. dv=0.00103
Checking detector "CDD". Protection Threshold: 0.1 (V)
SetMagnetDAC 5.8811815882 ===>> OK
Magnet settling time: 1.049
Get Checksum: -860229079
GetData ===>> H2,-0.150915674876448,H1,38.5595468955955,AX,8.57512482592867,L1,0.0681984324984607,L2,0.17417129...
setting magnet DAC
current  : 5.881182
requested: 5.882216
Delta Dac: 0.001034
Checking detector protection. dv=0.00103
Checking detector "CDD". Protection Threshold: 0.1 (V)
SetMagnetDAC 5.88221607095 ===>> OK
Magnet settling time: 1.049
GetData ===>> H2,-0.197034924703618,H1,38.467095740033,AX,8.63026176504828,L1,0.0636691663525734,L2,-0.04881407...
setting magnet DAC
current  : 5.882216
requested: 5.883251
Delta Dac: 0.001034
Checking detector protection. dv=0.00103
Checking detector "CDD". Protection Threshold: 0.1 (V)
SetMagnetDAC 5.88325055371 ===>> OK
Magnet settling time: 1.049
Get Checksum: -860229079
GetData ===>> H2,-0.230707352634867,H1,38.5903134480478,AX,8.46241301599999,L1,0.138638229100263,L2,0.125473529...
setting magnet DAC
current  : 5.883251
requested: 5.884285
Delta Dac: 0.001034
Checking detector protection. dv=0.00103
Checking detector "CDD". Protection Threshold: 0.1 (V)
SetMagnetDAC 5.88428503647 ===>> OK
Magnet settling time: 1.049
GetData ===>> H2,-0.149477493905551,H1,37.9609591789735,AX,8.33614610410902,L1,0.135132920483743,L2,0.217369944...
setting magnet DAC
current  : 5.884285
requested: 5.885320
Delta Dac: 0.001034
Checking detector protection. dv=0.00103
Checking detector "CDD". Protection Threshold: 0.1 (V)
SetMagnetDAC 5.88531951923 ===>> OK
Magnet settling time: 1.049
GetData ===>> H2,-0.108591765991355,H1,36.0855811368838,AX,7.5703335887104,L1,0.137795589043503,L2,0.1764528261...
setting magnet DAC
current  : 5.885320
requested: 5.886354
Delta Dac: 0.001034
Checking detector protection. dv=0.00103
Checking detector "CDD". Protection Threshold: 0.1 (V)
SetMagnetDAC 5.88635400199 ===>> OK
Magnet settling time: 1.049
Get Checksum: -860229079
GetData ===>> H2,-0.0876670666299057,H1,28.364544425031,AX,5.19662426544719,L1,0.0272533634734699,L2,-0.1166835...
setting magnet DAC
current  : 5.886354
requested: 5.887388
Delta Dac: 0.001034
Checking detector protection. dv=0.00103
Checking detector "CDD". Protection Threshold: 0.1 (V)
SetMagnetDAC 5.88738848475 ===>> OK
Magnet settling time: 1.049
GetData ===>> H2,-0.145272534071692,H1,18.8149753870019,AX,3.00312421396408,L1,0.0720193230800109,L2,0.05077576...
setting magnet DAC
current  : 5.887388
requested: 5.888423
Delta Dac: 0.001034
Checking detector protection. dv=0.00103
Checking detector "CDD". Protection Threshold: 0.1 (V)
SetMagnetDAC 5.88842296751 ===>> OK
Magnet settling time: 1.049
GetData ===>> H2,-0.255854831812404,H1,9.60689897535561,AX,1.24885800626233,L1,0.0423763724103809,L2,0.07741591...
setting magnet DAC
current  : 5.888423
requested: 5.889457
Delta Dac: 0.001034
Checking detector protection. dv=0.00103
Checking detector "CDD". Protection Threshold: 0.1 (V)
SetMagnetDAC 5.88945745026 ===>> OK
Magnet settling time: 1.049
Get Checksum: -860229079
GetData ===>> H2,-0.27254608933876,H1,3.80403193950045,AX,0.355157591264537,L1,0.0104094315414267,L2,-0.1251151...
setting magnet DAC
current  : 5.889457
requested: 5.890492
Delta Dac: 0.001034
Checking detector protection. dv=0.00103
Checking detector "CDD". Protection Threshold: 0.1 (V)
SetMagnetDAC 5.89049193302 ===>> OK
Magnet settling time: 1.049
GetData ===>> H2,-0.311079386319929,H1,1.26516876932843,AX,0.0792926747063461,L1,0.00841680771390012,L2,-0.1296...
setting magnet DAC
current  : 5.890492
requested: 5.891526
Delta Dac: 0.001034
Checking detector protection. dv=0.00103
Checking detector "CDD". Protection Threshold: 0.1 (V)
SetMagnetDAC 5.89152641578 ===>> OK
Magnet settling time: 1.049
Get Checksum: -860229079
GetData ===>> H2,-0.205412572513913,H1,0.277873886411029,AX,-0.0929354634712949,L1,-0.0551402554165427,L2,0.042...
setting magnet DAC
current  : 5.891526
requested: 5.892561
Delta Dac: 0.001034
Checking detector protection. dv=0.00103
Checking detector "CDD". Protection Threshold: 0.1 (V)
SetMagnetDAC 5.89256089854 ===>> OK
Magnet settling time: 1.049
GetData ===>> H2,-0.160394707113265,H1,0.1075062953108,AX,-0.0618932763920686,L1,-0.0267867001828147,L2,0.02787...
setting magnet DAC
current  : 5.892561
requested: 5.893595
Delta Dac: 0.001034
Checking detector protection. dv=0.00103
Checking detector "CDD". Protection Threshold: 0.1 (V)
SetMagnetDAC 5.8935953813 ===>> OK
Magnet settling time: 1.049
GetData ===>> H2,-0.183000901664734,H1,-0.141554354093443,AX,-0.00590421331929119,L1,0.0113807087516125,L2,-0.0...
result of _do_sweep=True
result of _calculate_peak_center=([5.8711404714795403, 5.8787456819003818, 5.8863508923212233], [28.762346847349679, 38.640328862770417, 28.363935396868918], 5.8801284474314439, 38.640328862770417)
Failed to find a valid peak. No peak greater than 1.0. max = 0.0163591025396
new center pos Detector(H1) (Ar40) @ 5.8787456819
GetHighVoltage ===>> 4499.94659342336
GetDeflection H1 ===>> 0
dac uncorrected for HV and deflection 5.87878030149
update mftable H1 Ar40 5.87878030149 message=automated run peakcenter
get initial guess parabolic
get initial guess parabolic
get initial guess parabolic
get initial guess parabolic
get initial guess parabolic
get initial guess parabolic
dump mftable to /Users/jan/PychronDev/setupfiles/spectrometer/mftables/mftable.csv
add to repo msg=modified - automated run peakcenter
sweep finished
Get Checksum: -860229079
locally archiving mftable
setting magnet DAC
current  : 5.893595
requested: 5.878746
Delta Dac: 0.014850
Checking detector protection. dv=0.01485
Checking detector "CDD". Protection Threshold: 0.1 (V)
SetMagnetDAC 5.8787456819 ===>> OK
Magnet settling time: 0.500
setting integration time = 1.048576
SetIntegrationTime 1.048576 ===>> OK
Failed to find a valid peak. No peak greater than 1.0. max = 0.0163591025396
flush and close file /Users/jan/PychronDev/data/isotopes/8d/9593ec-ac63-4e79-86dc-cf971cbbdf0a.h5
finished measure script
executed 278.04
jan_co2_whiff_120_60_large.py completed successfully
Measurement Finished
07:04:07 -- ******* Measurement Finished *******
Post Measurement Started jan_pump_ms.py
07:04:07 -- ******* Post Measurement Started jan_pump_ms.py *******
testing...
no interpolation path defined
executed 0
Pumping spectrometer
open () {'name': 'O'}
opening name=O desc=---
checking ownership. requestor=129.138.12.150
check software interlocks O
interlocks []
actuate state mode=None-script, software_lock=False
doing actuation None-script open_channel True
Open O ===>> OK
GetIndicatorState O ===>> OK
change switch state (True, True)
update switch state O True args=() kw={} ncanvase=2
07:04:07 -- OPEN   VALVE-O (Jan Ion Pump)
---------------------------------------- open O () result=[(True, True)], time=0.08 sec
action=open, ok=True, locked=[False]
executed 0
jan_pump_ms.py completed successfully
setting _ms_pumptime
Post Measurement Finished
07:04:08 -- ******* Post Measurement Finished *******
$$$$$$$$$$$$$$$$$$$$ state at run end measurement
state changed from measurement to success
post measurement save measured=True aborted=False
Set filtering
setting fod for Ar40= {'filter_outliers': True, 'std_devs': 2, 'iterations': 1}
setting fod for H1= {'filter_outliers': True, 'std_devs': 2, 'iterations': 1}
setting fod for PM41= {'filter_outliers': False, 'std_devs': 2, 'iterations': 1}
setting fod for H2= {'filter_outliers': True, 'std_devs': 2, 'iterations': 1}
setting fod for Ar36= {'filter_outliers': True, 'std_devs': 2, 'iterations': 1}
setting fod for CDD= {'filter_outliers': True, 'std_devs': 10, 'iterations': 1}
setting fod for Ar37= {'filter_outliers': True, 'std_devs': 2, 'iterations': 1}
setting fod for L2= {'filter_outliers': True, 'std_devs': 2, 'iterations': 1}
setting fod for Ar38= {'filter_outliers': True, 'std_devs': 2, 'iterations': 1}
setting fod for L1= {'filter_outliers': True, 'std_devs': 2, 'iterations': 1}
setting fod for Ar39= {'filter_outliers': True, 'std_devs': 2, 'iterations': 1}
setting fod for AX= {'filter_outliers': True, 'std_devs': 2, 'iterations': 1}
persistence save...
persistence save - db
post measurement save
6459518704 connecting to database sqlite:////Users/jan/PychronDev/.appdata/local_lab.db
connected to db sqlite:////Users/jan/PychronDev/.appdata/local_lab.db
create new session 6459518704
close session 6459518704
No database instance. Not saving post measurement to isotopedb database
$$$$$$$$$$$$$$$ auto_save_detector_ic=False
massspec enabled True
create new session 5010684144
MassSpec Database Version: 16.0
close session 5010684144
saving post measurement to secondary database
saving to massspec database 129.138.12.160/massspecdata
setting labnumber to 65518
setting aliquot to 23
setting step to 
setting uuid to 8d9593ec-ac63-4e79-86dc-cf971cbbdf0a
setting irradpos to 65518
setting extract_device to Fusions CO2
setting tray to 
setting position to 187
setting power_requested to 5.0
setting extract_value to 5.0
setting duration to 30.0
setting duration_at_request to 30.0
setting first_stage_delay to 30.0
setting cleanup to 30.0
setting comment to F:20
setting irradiation to NM-289
setting level to F
setting irradiation_level to F
setting sample to MB-64b-djk
setting material to DetritalSanidine
setting project to IR943
setting mass_spectrometer to Jan
no attribute chron_dosages
no attribute production_ratios
no attribute interference_corrections
no attribute production_name
no attribute j
Reference Isotope=Ar40
Reference Detector=H1
%%%%%%%%%%%%%%%%%%%% Comment: F:20 %%%%%%%%%%%%%%%%%%%
adding isotope PM41 H2
add baseline dbdet= PM41. original det= H2
get baseline data PM41 H2
Get data baseline <pychron.processing.isotope.Baseline object at 0x1801a0990> len t=60
baseline PM41. v=-0.194440202438, e=0.00573748599021
get signal data PM41 H2
Get data signal PM41 0.08+/-0.08 len t=120
adding isotope Ar40 H1
add baseline dbdet= Ar40. original det= H1
get baseline data Ar40 H1
Get data baseline <pychron.processing.isotope.Baseline object at 0x1801a0b50> len t=60
baseline Ar40. v=-0.0469021940408, e=0.0049779301807
get signal data Ar40 H1
Get data signal Ar40 39.354+/-0.015 len t=120
adding isotope Ar39 AX
add baseline dbdet= Ar39. original det= AX
get baseline data Ar39 AX
Get data baseline <pychron.processing.isotope.Baseline object at 0x1801a0d10> len t=60
baseline Ar39. v=-0.0662958067453, e=0.00610808594406
get signal data Ar39 AX
Get data signal Ar39 9.452+/-0.015 len t=120
adding isotope Ar38 L1
add baseline dbdet= Ar38. original det= L1
get baseline data Ar38 L1
Get data baseline <pychron.processing.isotope.Baseline object at 0x1801a0ed0> len t=60
baseline Ar38. v=-0.0169638093213, e=0.00309019333454
get signal data Ar38 L1
Get data signal Ar38 0.137+/-0.005 len t=120
adding isotope Ar37 L2
add baseline dbdet= Ar37. original det= L2
get baseline data Ar37 L2
Get data baseline <pychron.processing.isotope.Baseline object at 0x1801ae0d0> len t=60
baseline Ar37. v=-0.0204669198551, e=0.00705069668383
get signal data Ar37 L2
Get data signal Ar37 0.202+/-0.013 len t=120
adding isotope Ar36 CDD
add baseline dbdet= Ar36. original det= CDD
get baseline data Ar36 CDD
Get data baseline <pychron.processing.isotope.Baseline object at 0x1801ae290> len t=60
baseline Ar36. v=2.97730822877e-05, e=8.52160042208e-06
get signal data Ar36 CDD
Get data signal Ar36 0.00941+/-0.00029 len t=120
65518-23 added analysis time 0.546566009521s
analysis added to mass spec database
mass spec save time= 0.555
persistence save - dvc
================= post measurement started
create new session 4983034992
close session 4983034992
---------------- Experiment Queue saving disabled
DVC saving peakcenter
Failed to find a valid peak. No peak greater than 1.0. max = 0.0163591025396
Get Checksum: -1965264452
Smart pull ahead: 0 behind: 0
Up-to-date with origin
add to repo msg=modified - ad8224ebc6dbfeb9f5997218dfa5fe690569839d.json
add to repo msg=modified - 18-23.json
add to repo msg=modified - 18-23.dat.json
add to repo msg=modified - 18-23.blan.json
add to repo msg=modified - 18-23.inte.json
add to repo msg=modified - 18-23.icfa.json
add to repo msg=modified - 18-23.base.json
not at valid file /Users/jan/PychronDev/data/.dvc/repositories/Load1782/655/tags/18-23.tags.json
add to repo msg=modified - 18-23.peak.json
add to repo msg=modified - 18-23.extr.json
not at valid file /Users/jan/PychronDev/data/.dvc/repositories/Load1782/655/monitor/18-23.moni.json
commit message=<COLLECTION>
add to repo msg=modified - 18-23.inte.json
Get Checksum: -1965264452
add to repo msg=modified - 18-23.base.json
commit message=<ISOEVO> default collection fits
add to repo msg=modified - 18-23.blan.json
commit message=<BLANKS> preceding bc-02-J-249
add to repo msg=modified - 18-23.icfa.json
commit message=<ICFactor> default
push repository <pychron.git_archive.repo_manager.GitRepoManager object at 0x17e40bbf0>
Get Checksum: -1965264452
pushing to remote=origin, url=https://github.com
no changes to meta repo
Get Checksum: -1965264452
create new session 4983034992
add association Load1782
get identifier "65518"
setting analysis irradiation position=<pychron.dvc.dvc_orm.IrradiationPositionTbl object at 0x1811976d0>
close session 4983034992
================= post measurement finished
07:04:21 -- ******* Post Run Check *******
loading queue conditionals post_run_actions
loading system conditionals post_run_actions
loading conditionals from /Users/jan/PychronDev/setupfiles/spectrometer/default_conditionals.yaml
loading queue conditionals post_run_terminations
loading system conditionals post_run_terminations
loading conditionals from /Users/jan/PychronDev/setupfiles/spectrometer/default_conditionals.yaml
Checking default post run terminations n=1
GetDeflection CDD ===>> 50
testing CDD==2000
evaluate ot="CDD.deflection==2000" t="CDD==2000", ctx="{'CDD': 50.0}"
07:04:21 -- ******* Post Run Check Passed *******
07:04:21 -- Automated run 65518-23 success duration: 369.482 s
----------------- finish -----------------
----------------- stop -----------------
retroactive repository identifiers disabled
finish run. runs completed=97
update duration runid=65518-23, duration=369.481518984, md5=3d9034cf
loading script "jan_co2_whiff_120_60_large.py"
loading script "jan_pump_ms.py"
loading script "jan_co2.py"
loading script "jan_pump_extraction_line.py"
testing...
no interpolation path defined
executed 266.04
script duration name:co2_whiff_120_60_large seconds:266.0
loading script "jan_co2_whiff_120_60_large.py"
loading script "jan_pump_ms.py"
loading script "jan_co2.py"
loading script "jan_pump_extraction_line.py"
testing...
no interpolation path defined
executed 0
loading script "jan_co2_whiff_120_60_large.py"
loading script "jan_pump_ms.py"
loading script "jan_co2.py"
loading script "jan_pump_extraction_line.py"
testing...
no interpolation path defined
calculate duration
testing...
no interpolation path defined
executed 0
calculate duration
testing...
no interpolation path defined
executed 0
executed 0.0
script duration name:co2 seconds:0.0
loading script "jan_co2_whiff_120_60_large.py"
loading script "jan_pump_ms.py"
loading script "jan_co2.py"
loading script "jan_pump_extraction_line.py"
testing...
no interpolation path defined
calculate duration
testing...
no interpolation path defined
executed 4.0
executed 4.0
Script duration 266.0
Run total estimated duration= 267.000
co2_whiff_120_60_large in script context. using previous estimated duration
script duration name:co2_whiff_120_60_large seconds:266.0
pump_ms in script context. using previous estimated duration
co2 in script context. using previous estimated duration
script duration name:co2 seconds:0.0
pump_extraction_line in script context. using previous estimated duration
Script duration 266.0
Run total estimated duration= 267.000
script duration name:co2_whiff_120_60_large seconds:266.0
script duration name:co2 seconds:0.0
Script duration 266.0
Run total estimated duration= 267.000
script duration name:co2_whiff_120_60_large seconds:266.0
script duration name:co2 seconds:0.0
Script duration 266.0
Run total estimated duration= 267.000
script duration name:co2_whiff_120_60_large seconds:266.0
script duration name:co2 seconds:0.0
Script duration 266.0
Run total estimated duration= 267.000
script duration name:co2_whiff_120_60_large seconds:266.0
script duration name:co2 seconds:0.0
Script duration 266.0
Run total estimated duration= 267.000
script duration name:co2_whiff_120_60_large seconds:266.0
script duration name:co2 seconds:0.0
Script duration 266.0
Run total estimated duration= 267.000
script duration name:co2_whiff_120_60_large seconds:266.0
script duration name:co2 seconds:0.0
Script duration 266.0
Run total estimated duration= 267.000
loading script "jan_unknown400_120.py"
loading script "jan_pump_ms.py"
loading script "jan_co2.py"
loading script "jan_pump_extraction_line.py"
testing...
no interpolation path defined
executed 556.052928
script duration name:unknown400_120 seconds:556.0
script duration name:co2 seconds:0.0
Script duration 556.0
Run total estimated duration= 557.000
unknown400_120 in script context. using previous estimated duration
script duration name:unknown400_120 seconds:556.0
loading script "jan_unknown400_120.py"
loading script "jan_pump_ms.py"
loading script "jan_cocktail_x1.py"
loading script "jan_pump_extraction_line.py"
testing...
no interpolation path defined
calculate duration
testing...
no interpolation path defined
executed 0
calculate duration
testing...
no interpolation path defined
executed 0
calculate duration
testing...
no interpolation path defined
executed 32.0
calculate duration
testing...
no interpolation path defined
executed 34.0
calculate duration
testing...
no interpolation path defined
executed 4.0
calculate duration
testing...
no interpolation path defined
executed 38.0
executed 108.0
script duration name:cocktail_x1 seconds:108.0
Script duration 664.0
Run total estimated duration= 665.000
loading script "jan_unknown120_60.py"
loading script "jan_pump_ms.py"
loading script "jan_cocktail_x1.py"
loading script "jan_pump_extraction_line.py"
testing...
no interpolation path defined
executed 213.652928
script duration name:unknown120_60 seconds:214.0
cocktail_x1 in script context. using previous estimated duration
script duration name:cocktail_x1 seconds:108.0
Script duration 322.0
Run total estimated duration= 323.000
loading script "jan_ic_peak_hop3.py"
loading script "jan_pump_ms.py"
loading script "jan_air_x1.py"
loading script "jan_pump_extraction_line.py"
testing...
no interpolation path defined
executed 133.8
script duration name:ic_peak_hop3 seconds:134.0
loading script "jan_ic_peak_hop3.py"
loading script "jan_pump_ms.py"
loading script "jan_air_x1.py"
loading script "jan_pump_extraction_line.py"
testing...
no interpolation path defined
calculate duration
testing...
no interpolation path defined
executed 0
calculate duration
testing...
no interpolation path defined
executed 0
calculate duration
testing...
no interpolation path defined
executed 32.0
calculate duration
testing...
no interpolation path defined
executed 34.0
calculate duration
testing...
no interpolation path defined
executed 4.0
calculate duration
testing...
no interpolation path defined
executed 36.0
executed 106.0
script duration name:air_x1 seconds:106.0
Script duration 240.0
Run total estimated duration= 241.000
script duration name:co2_whiff_120_60_large seconds:266.0
script duration name:co2 seconds:0.0
Script duration 266.0
Run total estimated duration= 267.000
script duration name:co2_whiff_120_60_large seconds:266.0
script duration name:co2 seconds:0.0
Script duration 266.0
Run total estimated duration= 267.000
script duration name:co2_whiff_120_60_large seconds:266.0
script duration name:co2 seconds:0.0
Script duration 266.0
Run total estimated duration= 267.000
script duration name:co2_whiff_120_60_large seconds:266.0
script duration name:co2 seconds:0.0
Script duration 266.0
Run total estimated duration= 267.000
script duration name:co2_whiff_120_60_large seconds:266.0
script duration name:co2 seconds:0.0
Script duration 266.0
Run total estimated duration= 267.000
script duration name:unknown400_120 seconds:556.0
loading script "jan_unknown400_120.py"
loading script "jan_pump_ms.py"
loading script "jan_sniffair_x2.py"
loading script "jan_pump_extraction_line.py"
testing...
no interpolation path defined
calculate duration
testing...
no interpolation path defined
executed 0
calculate duration
testing...
no interpolation path defined
executed 0
calculate duration
testing...
no interpolation path defined
executed 32.0
calculate duration
testing...
no interpolation path defined
executed 34.0
calculate duration
testing...
no interpolation path defined
executed 4.0
calculate duration
testing...
no interpolation path defined
executed 36.0
calculate duration
testing...
no interpolation path defined
executed 34.0
calculate duration
testing...
no interpolation path defined
executed 4.0
calculate duration
testing...
no interpolation path defined
executed 36.0
calculate duration
testing...
no interpolation path defined
executed 70.0
executed 250.0
script duration name:sniffair_x2 seconds:250.0
Script duration 806.0
Run total estimated duration= 807.000
script duration name:co2_whiff_120_60_large seconds:266.0
script duration name:co2 seconds:0.0
Script duration 266.0
Run total estimated duration= 267.000
script duration name:co2_whiff_120_60_large seconds:266.0
script duration name:co2 seconds:0.0
Script duration 266.0
Run total estimated duration= 267.000
nruns=20 before=5.0, run_dur=6598.0, btw=570.0
write rem/ex queues
/Users/jan/PychronDev/experiments/rem/CurrentExperiment.rem.txt
/Users/jan/PychronDev/experiments/rem/CurrentExperiment.ex.txt
doing event level: 3
