do run
loading script "jan_co2_whiff_120_60_large.py"
loading script "jan_pump_ms.py"
loading script "jan_co2.py"
loading script "jan_pump_extraction_line.py"
testing...
no interpolation path defined
executed 266.04
script duration name:co2_whiff_120_60_large seconds:266.0
loading script "jan_co2_whiff_120_60_large.py"
loading script "jan_pump_ms.py"
loading script "jan_co2.py"
loading script "jan_pump_extraction_line.py"
testing...
no interpolation path defined
executed 0
loading script "jan_co2_whiff_120_60_large.py"
loading script "jan_pump_ms.py"
loading script "jan_co2.py"
loading script "jan_pump_extraction_line.py"
testing...
no interpolation path defined
calculate duration
testing...
no interpolation path defined
executed 0
calculate duration
testing...
no interpolation path defined
executed 0
executed 0.0
script duration name:co2 seconds:0.0
loading script "jan_co2_whiff_120_60_large.py"
loading script "jan_pump_ms.py"
loading script "jan_co2.py"
loading script "jan_pump_extraction_line.py"
testing...
no interpolation path defined
calculate duration
testing...
no interpolation path defined
executed 4.0
executed 4.0
Script duration 266.0
Run total estimated duration= 267.000
run duration: 0:04:27
doing event level: 2
06:44:37 -- Setting default integration. t=1.048576
setting integration time = 1.048576
SetIntegrationTime 1.048576 ===>> OK
----------------- start -----------------
**************** Experiment Type: Ar/Ar, Ar/Ar
create new session 4985261232
close session 4985261232
$$$$$ Clearing conditionals
adding conditionals detrital
extract conditionals from file. /Users/jan/PychronDev/scripts/conditionals/detrital.yaml
no attr for this modification cd={'extraction_str': '', 'attr': '', 'mapper': '', 'use_termination': False, 'start_count': 0, 'nskip': 0, 'window': 0, 'frequency': 1, 'teststr': '', 'action': 'Skip Next Run', 'ntrips': 1, 'use_truncation': False}
no attr for this cancelation cd={'mapper': '', 'window': 0, 'frequency': 1, 'attr': '', 'teststr': '', 'start_count': 0, 'ntrips': 1}
adding truncation attr="age" test="age>100.0" start="60"
adding truncation attr="Ar39" test="Ar39<0.5" start="60"
no attr for this termination cd={'mapper': '', 'window': 0, 'frequency': 1, 'attr': '', 'teststr': '', 'start_count': 0, 'ntrips': 1}
Invalid conditional kind="pre_run_terminations"
no attr for this action cd={'mapper': '', 'attr': '', 'start_count': 0, 'window': 0, 'frequency': 1, 'teststr': '', 'action': None, 'ntrips': 1}
Invalid conditional kind="post_run_terminations"
Add queue conditionals
add default conditionals
adding default conditionals from /Users/jan/PychronDev/setupfiles/spectrometer/default_conditionals.yaml
Start automated run 65518-21
loading script "jan_co2_whiff_120_60_large.py"
loading script "jan_pump_ms.py"
loading script "jan_co2.py"
loading script "jan_pump_extraction_line.py"
%%%%%%%%%%%%%%%%%% setting automated run 65518-21
No value "sensitivity_multiplier" in metadata
$$$$$$$$$$$$$$$ auto_save_detector_ic=False
============================= Pre Extraction Check =============================
loading queue conditionals pre_run_terminations
loading system conditionals pre_run_terminations
loading conditionals from /Users/jan/PychronDev/setupfiles/spectrometer/default_conditionals.yaml
06:44:37 -- ******* Pre Extraction Check *******
Get a measurement from the spectrometer
GetData ===>> H2,-0.073175244424046,H1,-0.0885331484049122,AX,-0.0392835098266672,L1,-0.0552714695570662,L2,0.0...
Pre Extraction Termination data. keys=H2,H1,AX,L1,L2,CDD, signals=-0.07318,-0.08853,-0.03928,-0.05527,0.01265,0.00357
06:44:37 -- testing system defined conditionals
Checking default pre extraction terminations n=2
testing CDD
evaluate ot="CDD.inactive" t="CDD", ctx="{'CDD': False}"
GetDeflection CDD ===>> 50
testing CDD==2000
evaluate ot="CDD.deflection==2000" t="CDD==2000", ctx="{'CDD': 50.0}"
06:44:37 -- ******* Pre Extraction Check Passed *******
=================================================================================
06:44:37 -- stopping status monitor
stop 4976082864
Alive clients [4983386864]
06:44:37 -- starting status monitor
start 4976082864
Monitor already running
start extraction
do extraction
Analysis started at 06:44:37.796245
Extraction Started jan_co2.py
06:44:37 -- ******* Extraction Started jan_co2.py *******
state changed from not run to extraction
DO EXTRACTION <pychron.extraction_line.pyscript_runner.RemotePyScriptRunner object at 0x12bb183b0>
testing...
no interpolation path defined
calculate duration
testing...
no interpolation path defined
executed 0
calculate duration
testing...
no interpolation path defined
executed 0
executed 100.0
Jan CO2 laser analysis
doing GOSUB
testing...
no interpolation path defined
executed 0
Waiting for CO2 access
wait ('FelixCO2Flag', 0) {}
waiting for FelixCO2Flag = 0
Read FelixCO2Flag ===>> 0
finished waiting
CO2 free
wait ('CO2PumpTimeFlag', 0) {}
waiting for CO2PumpTimeFlag = 0
Read CO2PumpTimeFlag ===>> 0
finished waiting
acquire ('JanCO2Flag',) {'clear': True}
acquire JanCO2Flag
Set JanCO2Flag 1 ===>> OK
JanCO2Flag acquired
set extraction state False (0.75, 'red', 1.5)
CO2 acquired
executed 0
WaitForCO2Access.py completed successfully
gosub finished
doing GOSUB
testing...
no interpolation path defined
executed 0
Prepare for CO2 analysis
close () {'description': 'Jan Inlet'}
closing name=--- desc=Jan Inlet
checking ownership. requestor=129.138.12.150
check software interlocks R
interlocks []
actuate state mode=None-script, software_lock=False
doing actuation None-script close_channel False
Close R ===>> OK
GetIndicatorState R ===>> False
change switch state (True, True)
update switch state R False args=() kw={} ncanvase=2
06:44:38 -- CLOSE  VALVE-R (Jan Inlet)
---------------------------------------- close None (Jan Inlet) result=[(True, True)]
action=close, ok=True, locked=[False]
open () {'description': 'Jan Ion Pump'}
opening name=--- desc=Jan Ion Pump
checking ownership. requestor=129.138.12.150
check software interlocks O
interlocks []
actuate state mode=None-script, software_lock=False
doing actuation None-script open_channel False
Open O ===>> OK
GetIndicatorState O ===>> OK
change switch state (True, True)
update switch state O True args=() kw={} ncanvase=2
06:44:38 -- OPEN   VALVE-O (Jan Ion Pump)
---------------------------------------- open None (Jan Ion Pump) result=[(True, True)], time=0.11 sec
action=open, ok=True, locked=[False]
close () {'description': 'Microbone to Minibone'}
closing name=--- desc=Microbone to Minibone
checking ownership. requestor=129.138.12.150
check software interlocks L
interlocks []
actuate state mode=None-script, software_lock=False
doing actuation None-script close_channel False
Close L ===>> OK
GetIndicatorState L ===>> False
change switch state (True, True)
update switch state L False args=() kw={} ncanvase=2
06:44:39 -- CLOSE  VALVE-L (Microbone to Minibone)
---------------------------------------- close None (Microbone to Minibone) result=[(True, True)]
action=close, ok=True, locked=[False]
open () {'description': 'Microbone to Turbo'}
opening name=--- desc=Microbone to Turbo
checking ownership. requestor=129.138.12.150
check software interlocks U
interlocks []
actuate state mode=None-script, software_lock=False
doing actuation None-script open_channel False
Open U ===>> OK
GetIndicatorState U ===>> OK
change switch state (True, True)
update switch state U True args=() kw={} ncanvase=2
06:44:39 -- OPEN   VALVE-U (Microbone to Turbo)
---------------------------------------- open None (Microbone to Turbo) result=[(True, True)], time=0.14 sec
action=open, ok=True, locked=[False]
open () {'description': 'Microbone to Inlet Pipette'}
opening name=--- desc=Microbone to Inlet Pipette
checking ownership. requestor=129.138.12.150
check software interlocks S
interlocks []
actuate state mode=None-script, software_lock=False
doing actuation None-script open_channel False
Open S ===>> OK
GetIndicatorState S ===>> OK
change switch state (True, True)
update switch state S True args=() kw={} ncanvase=2
06:44:40 -- OPEN   VALVE-S (Microbone to Inlet Pipette)
---------------------------------------- open None (Microbone to Inlet Pipette) result=[(True, True)], time=0.45 sec
action=open, ok=True, locked=[False]
open () {'description': 'Microbone to Getter D-50'}
opening name=--- desc=Microbone to Getter D-50
checking ownership. requestor=129.138.12.150
check software interlocks K
interlocks []
actuate state mode=None-script, software_lock=False
doing actuation None-script open_channel False
Open K ===>> OK
GetIndicatorState K ===>> OK
change switch state (True, True)
update switch state K True args=() kw={} ncanvase=2
06:44:41 -- OPEN   VALVE-K (Microbone to Getter D-50)
---------------------------------------- open None (Microbone to Getter D-50) result=[(True, True)], time=0.40 sec
action=open, ok=True, locked=[False]
open () {'description': 'Microbone to Getter NP-10'}
opening name=--- desc=Microbone to Getter NP-10
checking ownership. requestor=129.138.12.150
check software interlocks M
interlocks []
actuate state mode=None-script, software_lock=False
doing actuation None-script open_channel False
Open M ===>> OK
GetIndicatorState M ===>> OK
change switch state (True, True)
update switch state M True args=() kw={} ncanvase=2
06:44:41 -- OPEN   VALVE-M (Microbone to Getter NP-10)
---------------------------------------- open None (Microbone to Getter NP-10) result=[(True, True)], time=0.16 sec
action=open, ok=True, locked=[False]
close () {'description': 'CO2 Laser to Felix'}
closing name=--- desc=CO2 Laser to Felix
checking ownership. requestor=129.138.12.150
check software interlocks F
interlocks []
actuate state mode=None-script, software_lock=True
VALVE-F(CO2 Laser to Felix) software locked
change switch state (True, False)
---------------------------------------- close None (CO2 Laser to Felix) result=[(True, False)]
action=close, ok=True, locked=[True]
open () {'description': 'CO2 Laser to Jan'}
opening name=--- desc=CO2 Laser to Jan
checking ownership. requestor=129.138.12.150
check software interlocks A
interlocks []
actuate state mode=None-script, software_lock=False
doing actuation None-script open_channel False
Open A ===>> OK
GetIndicatorState A ===>> OK
change switch state (True, True)
update switch state A True args=() kw={} ncanvase=2
06:44:41 -- OPEN   VALVE-A (CO2 Laser to Jan)
---------------------------------------- open None (CO2 Laser to Jan) result=[(True, True)], time=0.15 sec
action=open, ok=True, locked=[False]
open () {'description': 'Microbone to CO2 Laser'}
opening name=--- desc=Microbone to CO2 Laser
checking ownership. requestor=129.138.12.150
check software interlocks T
interlocks []
actuate state mode=None-script, software_lock=False
doing actuation None-script open_channel False
Open T ===>> OK
Get Checksum: -1965264452
GetIndicatorState T ===>> OK
change switch state (True, True)
update switch state T True args=() kw={} ncanvase=2
06:44:42 -- OPEN   VALVE-T (Microbone to CO2 Laser)
---------------------------------------- open None (Microbone to CO2 Laser) result=[(True, True)], time=0.44 sec
action=open, ok=True, locked=[False]
executed 0
PrepareForCO2Analysis.py completed successfully
gosub finished
set_motor ('beam', '1.25') {}
setting motor "beam" to 1.25
set motor beam to 1.25
SetMotor beam,1.25 ===>> OK
GetMotorMoving beam ===>> False
GetMotorMoving beam ===>> False
Block completed
move_to_position ('185',) {'autocenter': True}
FusionsCO2 move to position 185
sending GoToHole 185,True
GoToHole 185,True ===>> OK
GetDriveMoving ===>> OK
GetDriveMoving ===>> OK
GetDriveMoving ===>> OK
GetDriveMoving ===>> False
Get Checksum: -1965264452
GetDriveMoving ===>> OK
GetDriveMoving ===>> OK
GetDriveMoving ===>> OK
GetDriveMoving ===>> OK
GetDriveMoving ===>> False
Block completed
GetAutoCorrecting ===>> False
GetAutoCorrecting ===>> False
Block completed
update position
GetPosition ===>> -9.96950,-9.96950,1.00000
got position (-9.9695, -9.9695, 1.0)
move to position succeeded
sleep (5,) {}
SLEEP 5.0
block started
WaitControl setup for 5.0  
Get Checksum: -1965264452
Get Checksum: -1965264452
Join finished
block finished. duration 5.03968214989
close () {'description': 'Microbone to Turbo'}
closing name=--- desc=Microbone to Turbo
checking ownership. requestor=129.138.12.150
check software interlocks U
interlocks []
actuate state mode=None-script, software_lock=False
doing actuation None-script close_channel True
Close U ===>> OK
GetIndicatorState U ===>> False
change switch state (True, True)
update switch state U False args=() kw={} ncanvase=2
06:44:52 -- CLOSE  VALVE-U (Microbone to Turbo)
---------------------------------------- close None (Microbone to Turbo) result=[(True, True)]
action=close, ok=True, locked=[False]
enable laser
enable () {}
set extraction state FusionsCO2 Enabled (False, 'red', 1.5)
enabling laser
Enable ===>> OK
begin interval
BEGIN INTERVAL Interval 1 waiting for 30.0
block started
set extract to 5.0
WaitControl setup for 30.0  
extract (5.0,) {}
GetPosition ===>> -9.96950,-9.96950,1.00000
set extraction state FusionsCO2 ON! 5.0(watts) (0.75, 'red', 1.5)
extract sample to 5.0 (watts)
set laser output
SetLaserOutput 5.0,watts ===>> OK
executing pattern triangle.lp
execute_pattern ('triangle.lp',) {}
executing pattern triangle.lp
Get Checksum: 1551197106
IsPatterning ===>> OK
IsPatterning ===>> OK
IsPatterning ===>> OK
Get Checksum: 1551197106
IsPatterning ===>> OK
IsPatterning ===>> OK
IsPatterning ===>> OK
Get Checksum: 1551197106
IsPatterning ===>> OK
IsPatterning ===>> OK
IsPatterning ===>> OK
Get Checksum: 1551197106
IsPatterning ===>> OK
IsPatterning ===>> OK
IsPatterning ===>> OK
Get Checksum: 1551197106
IsPatterning ===>> OK
IsPatterning ===>> OK
IsPatterning ===>> OK
Get Checksum: 1551197106
IsPatterning ===>> OK
IsPatterning ===>> OK
IsPatterning ===>> OK
Get Checksum: 1551197106
IsPatterning ===>> OK
IsPatterning ===>> OK
IsPatterning ===>> OK
Get Checksum: 1551197106
IsPatterning ===>> OK
IsPatterning ===>> OK
IsPatterning ===>> OK
Get Checksum: 1551197106
IsPatterning ===>> OK
IsPatterning ===>> OK
IsPatterning ===>> OK
Get Checksum: 1551197106
IsPatterning ===>> OK
IsPatterning ===>> OK
Join finished
block finished. duration 30.0874929428
Interval 1 finished
IsPatterning ===>> OK
Get Checksum: 1551197106
IsPatterning ===>> False
IsPatterning ===>> False
Block completed
COMPLETE INTERVAL waiting for Interval 1 to complete
end_extract () {}
ending extraction. set laser power to 0
set laser power 0
SetLaserPower 0 ===>> OK
disable () {}
%%%%%%%%%%%%%%%%%%%%%%%%%%%%%%%%%%% disable
set extraction state False (0.75, 'red', 1.5)
disabling laser
Disable ===>> OK
sleep (30.0,) {}
SLEEP 30.0
block started
WaitControl setup for 30.0  
Get Checksum: 1551197106
Get Checksum: 1551197106
Get Checksum: 1551197106
Get Checksum: 1551197106
Get Checksum: 1551197106
Get Checksum: 1551197106
Get Checksum: 1551197106
Get Checksum: 1551197106
Get Checksum: 1551197106
Get Checksum: 1551197106
Join finished
block finished. duration 30.0766308308
executed 165.0
jan_co2.py completed successfully
GetAchievedOutput ===>> No Response
Requested Output= 0.000
Achieved Output=  0.000
GetResponseBlob ===>> No Response
GetOutputBlob ===>> No Response
persistence save...
persistence save - db
AutomatedRunPersister post_extraction_save deprecated
persistence save - dvc
no extraction position for 185
create new session 4983034992
close session 4983034992
Extraction Finished
06:45:57 -- ******* Extraction Finished *******
no overlap. not waiting for min ms pumptime
06:45:57 -- Sending spectrometer configuration
======== Sending configuration ========
SetDeflection CDD,50.0 ===>> OK
SetDeflection H2,0.0 ===>> OK
SetDeflection H1,0.0 ===>> OK
SetDeflection L2,825.0 ===>> OK
SetDeflection L1,400.0 ===>> OK
SetDeflection AX,190.0 ===>> OK
SetZFocus 74.64 ===>> OK
SetZSymmetry -50.72 ===>> OK
SetExtractionLens 26.13 ===>> OK
SetIonRepeller -3.81 ===>> OK
SetElectronEnergy 75.08 ===>> OK
SetYSymmetry -2.81 ===>> OK
SetIonCounterVoltage 1590.0 ===>> OK
send trap current 200.0
GetParameter Trap Current Readback ===>> 198.035158395898
SetParameter Trap Current Set,200.0 ===>> OK
updating mftable name mftable
Using mftable located at /Users/jan/PychronDev/setupfiles/spectrometer/mftables/mftable.csv
============ MFtable ===========
Isotope  H2     H1     AX     L1     L2     CDD    
Ar40     5.7771 5.8787 5.9921 6.1170 6.2304 6.3453
Ar39     5.6764 5.7709 5.8845 6.0031 6.1155 6.2318
Ar36     5.3539 5.4399 5.5479 5.6620 5.7705 5.8829
================================
get initial guess parabolic
get initial guess parabolic
get initial guess parabolic
get initial guess parabolic
get initial guess parabolic
get initial guess parabolic
======== Configuration Finished ========
GetYSymmetry ===>> -2.81
GetZSymmetry ===>> -50.72
GetParameter Trap Current Readback ===>> 197.923274125618
GetHighVoltage ===>> 4499.94659342336
start measurement
do measurement
L#=65518 analysis type=unknown
Measurement Started jan_co2_whiff_120_60_large.py
06:45:57 -- ******* Measurement Started jan_co2_whiff_120_60_large.py *******
state changed from extraction to measurement
setting spec, defl, and gains
GetExtractionLens ===>> 26.13
GetYSymmetry ===>> -2.81
GetZSymmetry ===>> -50.72
GetZFocus ===>> 74.64
GetDeflection H2 ===>> 0
GetDeflection H1 ===>> 0
GetDeflection AX ===>> 190
GetDeflection L1 ===>> 400
GetDeflection L2 ===>> 825
GetDeflection CDD ===>> 50
GetGain H2 ===>> 0.0113
GetGain H1 ===>> 0.1
GetGain AX ===>> 0.097049
GetGain L1 ===>> 0.010355
GetGain L2 ===>> 0.095649
GetGain CDD ===>> 0
pre measurement save
New frame /Users/jan/PychronDev/data/isotopes/2e/96193f-226e-4b4b-b11d-ab51b3b34ab3.h5
flush and close file /Users/jan/PychronDev/data/isotopes/2e/96193f-226e-4b4b-b11d-ab51b3b34ab3.h5
testing...
no interpolation path defined
executed 266.04
co2 whiff measurement script
activate_detectors ('H2', 'H1', 'AX', 'L1', 'L2', 'CDD') {}
activate detectors
*************** Set Analysis View Ar/Ar
create graphs
clearing graphs
Get Checksum: 1551197106
clear isotope group
setting isotope det=H2, iso=PM41
setting isotope det=H1, iso=Ar40
setting isotope det=AX, iso=Ar39
setting isotope det=L1, iso=Ar38
setting isotope det=L2, iso=Ar37
setting isotope det=CDD, iso=Ar36
setting previous blanks
 - setting Ar40 blank 0.211+/-0.007
 - setting Ar36 blank 0.00445+/-0.00017
 - setting Ar37 blank 0.044+/-0.005
 - setting Ar38 blank 0.0059+/-0.0022
 - setting PM41 blank 0.03+/-0.07
 - setting Ar39 blank 0.036+/-0.008
load analysis view
position_magnet ('Ar40',) {'detector': 'H1'}
detector Detector(H1)
POSITION Ar40 H1
setting detector H2 to PM41 (40.9624)
setting detector H1 to Ar40 (39.9624)
setting detector AX to Ar39 (38.9624)
setting detector L1 to Ar38 (37.9624)
setting detector L2 to Ar37 (36.9624)
setting detector CDD to Ar36 (35.9624)
Mapping mass to dac mass func: "parabolic"
H1 map mass coeffs = [-0.00063987  0.15840543  0.57026999]
H1 map mass to dac 39.9624 >> 5.87866
GetDeflection H1 ===>> 0
GetHighVoltage ===>> 4499.94659342336
positioning Ar40 (5.87862538112) on H1
setting magnet DAC
current  : 5.878625
requested: 5.878625
Delta Dac: 0.000000
Checking detector protection. dv=0.00000
Checking detector "CDD". Protection Threshold: 0.1 (V)
SetMagnetDAC 5.87862538112 ===>> OK
Magnet settling time: 0.500
close ('S',) {}
closing name=S desc=---
checking ownership. requestor=129.138.12.150
check software interlocks S
interlocks []
actuate state mode=None-script, software_lock=False
doing actuation None-script close_channel True
Close S ===>> OK
GetIndicatorState S ===>> False
change switch state (True, True)
update switch state S False args=() kw={} ncanvase=2
06:46:00 -- CLOSE  VALVE-S (Microbone to Inlet Pipette)
---------------------------------------- close S () result=[(True, True)]
action=close, ok=True, locked=[False]
equilibrate () {'do_post_equilibration': False, 'inlet': 'R', 'outlet': 'O', 'eqtime': 4}
Equilibration Started
06:46:00 -- ******* Equilibration Started *******
checking ownership. requestor=129.138.12.150
check software interlocks O
interlocks []
actuate state mode=None-script, software_lock=False
doing actuation None-script close_channel True
Close O ===>> OK
GetIndicatorState O ===>> False
change switch state (True, True)
update switch state O False args=() kw={} ncanvase=2
06:46:00 -- CLOSE  VALVE-O (Jan Ion Pump)
waiting 3s before opening inlet value ('R',)
Get Checksum: 1174506924
checking ownership. requestor=129.138.12.150
check software interlocks R
interlocks []
actuate state mode=None-script, software_lock=False
doing actuation None-script open_channel True
Open R ===>> OK
GetIndicatorState R ===>> OK
change switch state (True, True)
update switch state R True args=() kw={} ncanvase=2
06:46:04 -- OPEN   VALVE-R (Jan Inlet)
equilibrating for 4sec
set_time_zero (0,) {}
sniff (4,) {}
py_sniff
build tables- sniff [Detector(H2), Detector(H1), Detector(AX), Detector(L1), Detector(L2), Detector(CDD)]
add group /sniff/PM41 (Group) '' table H2
add group /sniff/Ar40 (Group) '' table H1
add group /sniff/Ar39 (Group) '' table AX
add group /sniff/Ar38 (Group) '' table L1
add group /sniff/Ar37 (Group) '' table L2
add group /sniff/Ar36 (Group) '' table CDD
flush and close file /Users/jan/PychronDev/data/isotopes/2e/96193f-226e-4b4b-b11d-ab51b3b34ab3.h5
measuring sniff. ncounts=4
starting measurement
GetData ===>> H2,-0.139083308899544,H1,0.0611381400735358,AX,-0.066124777292694,L1,0.00419423554701006,L2,0.081...
Get Checksum: 1427694182
GetData ===>> H2,4.69624231290134,H1,1.20685597472738,AX,6.24535042493297,L1,0.556121830571138,L2,1.43388786631...
GetData ===>> H2,4.39475396766976,H1,0.957309961904662,AX,3.16288053268344,L1,0.919866595085305,L2,0.4127321381...
GetData ===>> H2,1.46805972916266,H1,0.714133095248193,AX,1.38334805480568,L1,0.642473791707935,L2,0.2447300416...
Get Checksum: 1427694182
Equilibration Finished
06:46:08 -- ******* Equilibration Finished *******
checking ownership. requestor=129.138.12.150
check software interlocks R
interlocks []
actuate state mode=None-script, software_lock=False
doing actuation None-script close_channel True
Close R ===>> OK
set states for children of R. state=False
handle state [('R', False)]
update switch state R False args=() kw={'refresh': False} ncanvase=2
measurement finished
estimated time: 4.194 actual time: :4.252
flush and close file /Users/jan/PychronDev/data/isotopes/2e/96193f-226e-4b4b-b11d-ab51b3b34ab3.h5
set_fits () {}
refresh_canvas_needed fired
using default fits file=/Users/jan/PychronDev/scripts/measurement/fits/nominal_linear.yaml
set "Ar40" to "('Linear', 'SEM')"
No fit for "PM41". defaulting to linear. check the measurement script "jan_co2_whiff_120_60_large.py"
set "PM41" to "linear"
set "Ar36" to "('Linear', 'SEM')"
set "Ar37" to "('linear', 'SEM')"
set "Ar38" to "('linear', 'SEM')"
set "Ar39" to "('Linear', 'SEM')"
GetIndicatorState R ===>> False
set_baseline_fits () {}
change switch state (True, True)
update switch state R False args=() kw={} ncanvase=2
using default fits file=/Users/jan/PychronDev/scripts/measurement/fits/nominal_linear.yaml
set "H1" to "('average', 'SEM')"
set "H2" to "('average', 'SEM')"
set "CDD" to "('average', 'SEM')"
set "L2" to "('average', 'SEM')"
06:46:08 -- CLOSE  VALVE-R (Jan Inlet)
set "L1" to "('average', 'SEM')"
set "AX" to "('average', 'SEM')"
whiff () {'ncounts': 1, 'conditionals': [{'action': 'run_remainder', 'attr': 'Ar40', 'teststr': 'Ar40.cur<=175'}, {'action': 'run_pipette', 'attr': 'Ar40', 'teststr': 'Ar40.cur>500'}, {'action': 'run_chamber_split', 'attr': 'Ar40', 'teststr': 'Ar40.cur>=300'}, {'action': 'pump', 'attr': 'Ar40', 'teststr': 'Ar40.cur>175'}]}
build tables- whiff [Detector(H2), Detector(H1), Detector(AX), Detector(L1), Detector(L2), Detector(CDD)]
add group /whiff/PM41 (Group) '' table H2
add group /whiff/Ar40 (Group) '' table H1
add group /whiff/Ar39 (Group) '' table AX
add group /whiff/Ar38 (Group) '' table L1
add group /whiff/Ar37 (Group) '' table L2
add group /whiff/Ar36 (Group) '' table CDD
flush and close file /Users/jan/PychronDev/data/isotopes/2e/96193f-226e-4b4b-b11d-ab51b3b34ab3.h5
measuring whiff. ncounts=1
starting measurement
GetData ===>> H2,0.412781110902249,H1,0.571578714304022,AX,0.617557930742103,L1,0.261067696782175,L2,0.10814447...
testing Ar40<=175
evaluate ot="Ar40.cur<=175" t="Ar40<=175", ctx="{'Ar40': 0.57157871430402196}"
condition Ar40<=175 is true trips=1/1
06:46:10 -- Conditional tripped: Ar40.cur<=175 condition Ar40<=175 is True
measurement finished
estimated time: 1.049 actual time: :1.101
flush and close file /Users/jan/PychronDev/data/isotopes/2e/96193f-226e-4b4b-b11d-ab51b3b34ab3.h5
WHIFF Result=run_remainder
Whiff result=run_remainder
open ('R',) {}
opening name=R desc=---
checking ownership. requestor=129.138.12.150
check software interlocks R
interlocks []
actuate state mode=None-script, software_lock=False
doing actuation None-script open_channel True
Open R ===>> OK
set states for children of R. state=True
handle state [('R', True)]
update switch state R True args=() kw={'refresh': False} ncanvase=2
refresh_canvas_needed fired
Get Checksum: 1427694182
GetIndicatorState R ===>> OK
change switch state (True, True)
update switch state R True args=() kw={} ncanvase=2
06:46:11 -- OPEN   VALVE-R (Jan Inlet)
---------------------------------------- open R () result=[(True, True)], time=0.42 sec
action=open, ok=True, locked=[False]
open ('S',) {}
opening name=S desc=---
checking ownership. requestor=129.138.12.150
check software interlocks S
interlocks []
actuate state mode=None-script, software_lock=False
doing actuation None-script open_channel True
Open S ===>> OK
GetIndicatorState S ===>> OK
change switch state (True, True)
update switch state S True args=() kw={} ncanvase=2
06:46:11 -- OPEN   VALVE-S (Microbone to Inlet Pipette)
---------------------------------------- open S () result=[(True, True)], time=0.47 sec
action=open, ok=True, locked=[False]
sleep (12.0,) {}
SLEEP 12.0
block started
WaitControl setup for 12.0  
Get Checksum: -1449001502
Get Checksum: -1449001502
Get Checksum: -1449001502
Join finished
block finished. duration 12.0407011509
close ('R',) {}
closing name=R desc=---
checking ownership. requestor=129.138.12.150
check software interlocks R
interlocks []
actuate state mode=None-script, software_lock=False
doing actuation None-script close_channel True
Close R ===>> OK
GetIndicatorState R ===>> False
change switch state (True, True)
update switch state R False args=() kw={} ncanvase=2
06:46:24 -- CLOSE  VALVE-R (Jan Inlet)
---------------------------------------- close R () result=[(True, True)]
Get Checksum: -598318598
action=close, ok=True, locked=[False]
post_equilibration () {}
multicollect () {'integration_time': 1, 'ncounts': 120.0}
Post Equilibration Started jan_pump_extraction_line.py
build tables- signal [Detector(H2), Detector(H1), Detector(AX), Detector(L1), Detector(L2), Detector(CDD)]
add group /signal/PM41 (Group) '' table H2
add group /signal/Ar40 (Group) '' table H1
add group /signal/Ar39 (Group) '' table AX
add group /signal/Ar38 (Group) '' table L1
add group /signal/Ar37 (Group) '' table L2
add group /signal/Ar36 (Group) '' table CDD
flush and close file /Users/jan/PychronDev/data/isotopes/2e/96193f-226e-4b4b-b11d-ab51b3b34ab3.h5
06:46:25 -- ******* Post Equilibration Started jan_pump_extraction_line.py *******
measuring signal. ncounts=120.0
testing...
no interpolation path defined
calculate duration
testing...
no interpolation path defined
executed 4.0
executed 4.0
Pump after analysis
doing GOSUB
testing...
no interpolation path defined
executed 4.0
Pump Microbone
close () {'description': 'Jan Inlet'}
closing name=--- desc=Jan Inlet
checking ownership. requestor=129.138.12.150
check software interlocks R
interlocks []
actuate state mode=None-script, software_lock=False
doing actuation None-script close_channel False
Close R ===>> OK
GetIndicatorState R ===>> False
change switch state (True, True)
update switch state R False args=() kw={} ncanvase=2
06:46:25 -- CLOSE  VALVE-R (Jan Inlet)
---------------------------------------- close None (Jan Inlet) result=[(True, True)]
starting measurement
GetData ===>> H2,0.170096720557458,H1,14.6365025947001,AX,6.93491280086324,L1,0.151149647862618,L2,0.1043712573...
action=close, ok=True, locked=[False]
is_closed ('F',) {}
is F () closed?
is closed True
open () {'description': 'CO2 Laser to Jan'}
opening name=--- desc=CO2 Laser to Jan
checking ownership. requestor=129.138.12.150
check software interlocks A
interlocks []
actuate state mode=None-script, software_lock=False
doing actuation None-script open_channel False
Open A ===>> OK
GetIndicatorState A ===>> OK
change switch state (True, True)
update switch state A True args=() kw={} ncanvase=2
06:46:25 -- OPEN   VALVE-A (CO2 Laser to Jan)
---------------------------------------- open None (CO2 Laser to Jan) result=[(True, True)], time=0.15 sec
action=open, ok=True, locked=[False]
sleep (1,) {}
SLEEP 1.0
GetData ===>> H2,0.230990356946782,H1,14.7652268613868,AX,7.00427217880256,L1,0.168040790333247,L2,0.0425796630...
close () {'description': 'CO2 Laser to Roughing'}
closing name=--- desc=CO2 Laser to Roughing
checking ownership. requestor=129.138.12.150
check software interlocks G
interlocks []
actuate state mode=None-script, software_lock=True
VALVE-G(CO2 Laser to Roughing) software locked
change switch state (True, False)
---------------------------------------- close None (CO2 Laser to Roughing) result=[(True, False)]
action=close, ok=True, locked=[True]
open () {'description': 'Microbone to Turbo'}
opening name=--- desc=Microbone to Turbo
checking ownership. requestor=129.138.12.150
check software interlocks U
interlocks []
actuate state mode=None-script, software_lock=False
doing actuation None-script open_channel True
Open U ===>> OK
GetIndicatorState U ===>> OK
change switch state (True, True)
update switch state U True args=() kw={} ncanvase=2
06:46:27 -- OPEN   VALVE-U (Microbone to Turbo)
---------------------------------------- open None (Microbone to Turbo) result=[(True, True)], time=0.17 sec
action=open, ok=True, locked=[False]
open () {'description': 'Microbone to Getter NP-10'}
opening name=--- desc=Microbone to Getter NP-10
checking ownership. requestor=129.138.12.150
check software interlocks M
interlocks []
actuate state mode=None-script, software_lock=False
doing actuation None-script open_channel False
Open M ===>> OK
GetData ===>> H2,0.0954865045928246,H1,14.745930048522,AX,6.9155333791321,L1,0.113276430450401,L2,0.10950104122...
GetIndicatorState M ===>> OK
change switch state (True, True)
update switch state M True args=() kw={} ncanvase=2
06:46:27 -- OPEN   VALVE-M (Microbone to Getter NP-10)
---------------------------------------- open None (Microbone to Getter NP-10) result=[(True, True)], time=0.18 sec
Get Checksum: -860229079
action=open, ok=True, locked=[False]
open () {'description': 'Microbone to Getter D-50'}
opening name=--- desc=Microbone to Getter D-50
checking ownership. requestor=129.138.12.150
check software interlocks K
interlocks []
actuate state mode=None-script, software_lock=False
doing actuation None-script open_channel False
Open K ===>> OK
GetIndicatorState K ===>> OK
change switch state (True, True)
update switch state K True args=() kw={} ncanvase=2
06:46:28 -- OPEN   VALVE-K (Microbone to Getter D-50)
---------------------------------------- open None (Microbone to Getter D-50) result=[(True, True)], time=0.43 sec
action=open, ok=True, locked=[False]
open () {'description': 'Microbone to CO2 Laser'}
opening name=--- desc=Microbone to CO2 Laser
checking ownership. requestor=129.138.12.150
check software interlocks T
interlocks []
actuate state mode=None-script, software_lock=False
doing actuation None-script open_channel False
GetData ===>> H2,0.00752938324045663,H1,14.7396656300723,AX,6.77837013238224,L1,0.105988773265096,L2,0.01953755...
Open T ===>> OK
GetIndicatorState T ===>> OK
change switch state (True, True)
update switch state T True args=() kw={} ncanvase=2
06:46:29 -- OPEN   VALVE-T (Microbone to CO2 Laser)
---------------------------------------- open None (Microbone to CO2 Laser) result=[(True, True)], time=0.45 sec
action=open, ok=True, locked=[False]
open () {'description': 'Microbone to Inlet Pipette'}
opening name=--- desc=Microbone to Inlet Pipette
checking ownership. requestor=129.138.12.150
check software interlocks S
interlocks []
actuate state mode=None-script, software_lock=False
doing actuation None-script open_channel False
Open S ===>> OK
GetData ===>> H2,-0.107931993363848,H1,14.6929054058282,AX,6.74656156365497,L1,0.11422727629905,L2,-0.001287924...
GetIndicatorState S ===>> OK
change switch state (True, True)
update switch state S True args=() kw={} ncanvase=2
06:46:29 -- OPEN   VALVE-S (Microbone to Inlet Pipette)
---------------------------------------- open None (Microbone to Inlet Pipette) result=[(True, True)], time=0.45 sec
action=open, ok=True, locked=[False]
sleep (1,) {}
SLEEP 1.0
GetData ===>> H2,-0.0296657633885683,H1,14.7236667584232,AX,6.78008623286617,L1,0.0798823333816444,L2,0.0332983...
Get Checksum: -860229079
set_resource () {'name': 'CO2PumpTimeFlag', 'value': 30}
Set CO2PumpTimeFlag 30 ===>> OK
release ('JanCO2Flag',) {}
release JanCO2Flag
Set JanCO2Flag 0 ===>> OK
executed 6.0
PumpMicrobone.py completed successfully
gosub finished
get_resource_value () {'name': 'JanMiniboneFlag'}
Read JanMiniboneFlag ===>> 0
Get Resource Value JanMiniboneFlag=0.0
get resource value 0.0
get_resource_value () {'name': 'JanMiniboneFlag'}
Read JanMiniboneFlag ===>> 0
Get Resource Value JanMiniboneFlag=0.0
executed 4.0
jan_pump_extraction_line.py completed successfully
Post Equilibration Finished
06:46:31 -- ******* Post Equilibration Finished *******
GetData ===>> H2,-0.134053709793832,H1,14.7210282621987,AX,6.80526706856657,L1,0.0462524167869356,L2,0.09472800...
GetData ===>> H2,-0.181358437652631,H1,14.8354046476505,AX,6.7531840211491,L1,0.0585638540136664,L2,0.099880072...
GetData ===>> H2,-0.157500243398282,H1,14.7793611832536,AX,6.69583108515933,L1,0.0582280524785919,L2,0.09267637...
Get Checksum: -860229079
GetData ===>> H2,-0.192758098925263,H1,14.7625000729524,AX,6.7499567184443,L1,0.0541872738765485,L2,0.074626658...
GetData ===>> H2,-0.17247242760162,H1,14.8345463578881,AX,6.84129692940477,L1,0.0903167553882843,L2,0.162148511...
Get Checksum: -860229079
GetData ===>> H2,-0.146793733622987,H1,14.8249775315697,AX,6.86720172749869,L1,0.0674161346823343,L2,0.04679876...
GetData ===>> H2,-0.120345462353043,H1,14.9269735468202,AX,6.68518606022508,L1,0.0776268739867473,L2,0.05618406...
GetData ===>> H2,-0.219842030848724,H1,14.8698059295299,AX,6.79289190563708,L1,0.119013027085803,L2,0.068364676...
Get Checksum: -860229079
GetData ===>> H2,-0.108125454729084,H1,14.871497449601,AX,6.66656297396149,L1,0.125325103953224,L2,0.0224331871...
GetData ===>> H2,-0.0577529940380145,H1,14.8308570709623,AX,6.76082678234807,L1,0.0736232274451107,L2,0.2099748...
GetData ===>> H2,-0.158863151113095,H1,14.7759682643633,AX,6.7553796058887,L1,0.0589875335290871,L2,0.131607855...
Get Checksum: -860229079
GetData ===>> H2,-0.128004527135414,H1,14.8584785565916,AX,6.65398953920863,L1,0.0859650836584869,L2,0.00401205...
GetData ===>> H2,-0.16825451724577,H1,14.877366717993,AX,6.76694620858772,L1,0.0903432663243537,L2,-0.045648053...
GetData ===>> H2,-0.131578653065283,H1,14.8458840214224,AX,6.8217616469832,L1,0.0895997814216934,L2,0.125530537...
Get Checksum: -860229079
GetData ===>> H2,-0.0548474285735372,H1,14.9312046453464,AX,6.65247795337468,L1,0.0771281384082605,L2,0.0821339...
GetData ===>> H2,-0.1503174869972,H1,14.8870811891761,AX,6.73505727882857,L1,0.103537458587402,L2,0.13728644828...
GetData ===>> H2,-0.135606092790959,H1,14.9397827467264,AX,6.71138660642963,L1,0.122629488489695,L2,0.094682415...
Get Checksum: -860229079
GetData ===>> H2,-0.148263335375592,H1,14.8971426153765,AX,6.70862580611255,L1,0.13045435104107,L2,0.0887784026...
06:46:50 -- collecting point 25
GetData ===>> H2,-0.1833106670664,H1,14.8963094679084,AX,6.80446281683538,L1,0.0818683252899925,L2,0.0721514727...
GetData ===>> H2,-0.116298838608247,H1,14.9162939686686,AX,6.79177569507509,L1,0.0734341654242215,L2,0.10535159...
Get Checksum: -860229079
GetData ===>> H2,-0.0626481845418825,H1,15.0037186020765,AX,6.79075551344396,L1,0.0526486412821726,L2,0.0783959...
GetData ===>> H2,-0.0662588384598466,H1,14.9137684611606,AX,6.67273028983276,L1,0.0294491315256839,L2,0.1354847...
GetData ===>> H2,0.00304559120548957,H1,14.9027697342013,AX,6.68681814432387,L1,0.0407261872854071,L2,0.0670416...
Get Checksum: -860229079
GetData ===>> H2,-0.0510441140113544,H1,15.0735152857722,AX,6.67113443062223,L1,0.0605078708254582,L2,0.0178389...
GetData ===>> H2,-0.17838559945785,H1,15.1141215382897,AX,6.69433087259348,L1,0.0794220438574848,L2,0.022740996...
GetData ===>> H2,-0.156538410081982,H1,14.9727138033165,AX,6.64610794816357,L1,0.081635722331562,L2,0.173133213...
Get Checksum: -860229079
GetData ===>> H2,-0.188754084205628,H1,15.0226155314381,AX,6.69416285017804,L1,0.0535460482169321,L2,-0.0495441...
GetData ===>> H2,-0.146759962961761,H1,15.026179910452,AX,6.6496947753367,L1,0.0432208134838947,L2,0.1498991467...
Get Checksum: -860229079
GetData ===>> H2,-0.191895400669724,H1,15.0463888378828,AX,6.71065438679611,L1,0.0695465339198263,L2,0.05784911...
GetData ===>> H2,-0.143741810578482,H1,15.0661141534849,AX,6.63215772528271,L1,0.0562495776670417,L2,-0.0520046...
GetData ===>> H2,-0.0888808937405271,H1,15.0133974152352,AX,6.73492532906571,L1,0.0865782042534953,L2,0.1739317...
Get Checksum: -860229079
GetData ===>> H2,-0.140110587133274,H1,15.0472224093998,AX,6.64874707279107,L1,0.0927054285899984,L2,0.07300694...
GetData ===>> H2,-0.0942121908424321,H1,15.1024705314875,AX,6.67949797389877,L1,0.0528074259774084,L2,-0.057176...
GetData ===>> H2,-0.0394010690212019,H1,15.120550662283,AX,6.60082175544565,L1,0.0494025228689811,L2,0.00609793...
Get Checksum: -860229079
GetData ===>> H2,-0.118201242580484,H1,15.0525317702739,AX,6.64037408858224,L1,0.0609075540880175,L2,0.15308109...
GetData ===>> H2,-0.237471914525773,H1,15.0966968213941,AX,6.68321799399851,L1,0.085902448676561,L2,0.024120448...
GetData ===>> H2,-0.198193388840037,H1,15.085727625298,AX,6.71832502896833,L1,0.0706191252117926,L2,-0.00468431...
Get Checksum: -860229079
GetData ===>> H2,-0.173689203858959,H1,15.1354250973295,AX,6.79378008201714,L1,0.0976484706435703,L2,0.00471873...
GetData ===>> H2,-0.194364699132837,H1,15.1156614132618,AX,6.68405801756018,L1,0.045414557911754,L2,0.111860834...
GetData ===>> H2,-0.166201664551908,H1,15.1450884198238,AX,6.69453490018919,L1,0.0541223073217349,L2,0.07382820...
Get Checksum: -860229079
GetData ===>> H2,-0.262806613280731,H1,15.0933738708763,AX,6.70660926936979,L1,0.0496742956375775,L2,0.08604307...
GetData ===>> H2,-0.167083046614667,H1,15.0580337756348,AX,6.7477972427866,L1,0.0583520209208268,L2,-0.00932281...
GetData ===>> H2,-0.253693075980492,H1,15.061496720432,AX,6.73462544388396,L1,0.0700786020142861,L2,0.120639318...
Get Checksum: -860229079
06:47:17 -- collecting point 50
GetData ===>> H2,-0.186214778003373,H1,15.1603250416233,AX,6.67346223372203,L1,0.0682622225295756,L2,0.10042721...
GetData ===>> H2,-0.150961611743991,H1,15.2496847826923,AX,6.70087196311419,L1,0.0542185542186894,L2,0.05831670...
GetData ===>> H2,-0.0696782383245178,H1,15.2972178153028,AX,6.71400343486554,L1,0.0785147805841655,L2,0.0876842...
Get Checksum: -860229079
GetData ===>> H2,-0.0998212397267238,H1,15.3300871895497,AX,6.73016325788202,L1,0.0976207346469177,L2,0.0475171...
GetData ===>> H2,-0.175209481560488,H1,15.1809004672801,AX,6.57631622330058,L1,0.0935648622095041,L2,0.04216916...
GetData ===>> H2,-0.269060432809166,H1,15.0955677765083,AX,6.60597778863566,L1,0.0691156033728846,L2,0.14135745...
Get Checksum: -860229079
GetData ===>> H2,-0.190421921730095,H1,15.1636086364381,AX,6.69861553892543,L1,0.0390029219536402,L2,0.08912032...
GetData ===>> H2,-0.277941831704539,H1,15.1468197455406,AX,6.59751244076739,L1,0.0796533909465373,L2,0.03560145...
Get Checksum: -860229079
GetData ===>> H2,-0.23065665470873,H1,15.1920107791312,AX,6.83170291543899,L1,0.0714763170428164,L2,0.123295823...
GetData ===>> H2,-0.0900909855930241,H1,15.2086783962728,AX,6.71855290473674,L1,0.0744373183287463,L2,-0.003920...
GetData ===>> H2,-0.216007190678021,H1,15.2604427199664,AX,6.69345475879365,L1,0.0796811047549795,L2,0.04944434...
Get Checksum: -860229079
GetData ===>> H2,-0.141752687390514,H1,15.2823598846216,AX,6.61066641091533,L1,0.0953791939392291,L2,0.06973338...
GetData ===>> H2,-0.0671894076206477,H1,15.2601731165289,AX,6.57575281010945,L1,0.106657976846796,L2,0.13386556...
GetData ===>> H2,-0.0958849033504796,H1,15.2059451921733,AX,6.51203774519199,L1,0.0817176750949907,L2,0.1484507...
Get Checksum: -860229079
GetData ===>> H2,-0.16953786733133,H1,15.2415721086099,AX,6.77444601246985,L1,0.0749985493391124,L2,0.020825756...
testing age>100.0
evaluate ot="age>100.0" t="age>100.0", ctx="{'age': 13.224501559773364}"
testing Ar39<0.5
evaluate ot="Ar39<0.5" t="Ar39<0.5", ctx="{'Ar39': 6.888748071270564}"
GetData ===>> H2,-0.208635787880481,H1,15.2662072596619,AX,6.62714427394767,L1,0.0689976423487834,L2,0.05365234...
GetData ===>> H2,-0.207355774688564,H1,15.368691077772,AX,6.6242418636215,L1,0.0644511740810167,L2,0.0516224434...
Get Checksum: -860229079
GetData ===>> H2,-0.25511816054098,H1,15.3130282870386,AX,6.63268547152855,L1,0.0576611870486481,L2,0.044780412...
GetData ===>> H2,-0.3109619504008,H1,15.37323646833,AX,6.56057780328334,L1,0.0716545064951313,L2,-0.00070665110...
GetData ===>> H2,-0.247428636967513,H1,15.4364809356069,AX,6.55535218534921,L1,0.0763331035815131,L2,0.01921835...
Get Checksum: -860229079
testing age>100.0
evaluate ot="age>100.0" t="age>100.0", ctx="{'age': 13.141535501532152}"
testing Ar39<0.5
evaluate ot="Ar39<0.5" t="Ar39<0.5", ctx="{'Ar39': 6.89598027926401}"
GetData ===>> H2,-0.0793042759901129,H1,15.3673942641991,AX,6.71887672908418,L1,0.0688544058136514,L2,0.0429103...
GetData ===>> H2,-0.154842845027497,H1,15.3014945052483,AX,6.600617917701,L1,0.0783183983242326,L2,0.0686612269...
GetData ===>> H2,-0.281613348643715,H1,15.307107115674,AX,6.55569975242883,L1,0.0437994527938529,L2,0.167977204...
Get Checksum: -860229079
GetData ===>> H2,-0.139767270284679,H1,15.4272693903233,AX,6.67329424612941,L1,0.0596074375730857,L2,0.11777767...
GetData ===>> H2,-0.241734100324425,H1,15.3692817109072,AX,6.61807751768669,L1,0.0645257687499066,L2,0.13735486...
testing age>100.0
evaluate ot="age>100.0" t="age>100.0", ctx="{'age': 13.215284239969481}"
testing Ar39<0.5
evaluate ot="Ar39<0.5" t="Ar39<0.5", ctx="{'Ar39': 6.8900871745809615}"
06:47:43 -- collecting point 75
GetData ===>> H2,-0.24462747761984,H1,15.4634391835299,AX,6.48888595616861,L1,0.0478357632627276,L2,0.144584733...
Get Checksum: -860229079
GetData ===>> H2,-0.149481555669594,H1,15.4526833451502,AX,6.69079045955994,L1,0.101002674832036,L2,0.030949600...
GetData ===>> H2,-0.146458724213854,H1,15.4007568663616,AX,6.63557613073213,L1,0.110156642130156,L2,0.102365016...
GetData ===>> H2,-0.200918481059,H1,15.4235567305864,AX,6.66224367808152,L1,0.100806047509118,L2,-0.08357656162...
Get Checksum: -860229079
GetData ===>> H2,-0.257358943700542,H1,15.3789248966079,AX,6.56464102862667,L1,0.0743650590897151,L2,0.04866890...
testing age>100.0
evaluate ot="age>100.0" t="age>100.0", ctx="{'age': 13.16068984849707}"
testing Ar39<0.5
evaluate ot="Ar39<0.5" t="Ar39<0.5", ctx="{'Ar39': 6.8879720892517415}"
GetData ===>> H2,-0.240441934254586,H1,15.4627966301973,AX,6.71680187260134,L1,0.0622138581918208,L2,0.15697028...
Get Checksum: -860229079
GetData ===>> H2,-0.190160369281167,H1,15.451938057985,AX,6.64162159508441,L1,0.0751033319712836,L2,0.171330860...
GetData ===>> H2,-0.225888238246173,H1,15.4246229830992,AX,6.56615129580216,L1,0.0859494248766395,L2,0.08032193...
GetData ===>> H2,-0.143894493797079,H1,15.3680105696941,AX,6.55138521166753,L1,0.0854387209746473,L2,0.11735584...
Get Checksum: -860229079
GetData ===>> H2,-0.146377672063439,H1,15.5064861245337,AX,6.49633087515679,L1,0.0749636220364389,L2,0.08034473...
testing age>100.0
evaluate ot="age>100.0" t="age>100.0", ctx="{'age': 13.240716439293262}"
testing Ar39<0.5
evaluate ot="Ar39<0.5" t="Ar39<0.5", ctx="{'Ar39': 6.887399257084516}"
GetData ===>> H2,-0.249591592802415,H1,15.4465541537285,AX,6.51034704063243,L1,0.0740013620969506,L2,0.08382068...
GetData ===>> H2,-0.205820915241469,H1,15.5664237924416,AX,6.59568996610657,L1,0.0841765257481052,L2,0.13421905...
Get Checksum: -860229079
GetData ===>> H2,-0.125188420302707,H1,15.4876405296576,AX,6.68579808866178,L1,0.0838293929927689,L2,0.16980230...
GetData ===>> H2,-0.23136326458257,H1,15.4683741207485,AX,6.64074593986454,L1,0.0575456515013837,L2,0.175882437...
GetData ===>> H2,-0.248742870358824,H1,15.4846841526286,AX,6.63735134848211,L1,0.041675131036507,L2,0.020483753...
Get Checksum: -860229079
testing age>100.0
evaluate ot="age>100.0" t="age>100.0", ctx="{'age': 13.2848978879072}"
testing Ar39<0.5
evaluate ot="Ar39<0.5" t="Ar39<0.5", ctx="{'Ar39': 6.880369630128071}"
GetData ===>> H2,-0.149927213320516,H1,15.4953274892408,AX,6.6211836292469,L1,0.0462307782366119,L2,0.042055139...
GetData ===>> H2,-0.193721816860948,H1,15.5295705007917,AX,6.50057508523753,L1,0.086782987585432,L2,0.024154650...
GetData ===>> H2,-0.14162159840637,H1,15.5290309017663,AX,6.6546253717777,L1,0.089805830920826,L2,0.19035994639...
Get Checksum: -860229079
GetData ===>> H2,-0.135024650171799,H1,15.5644960069809,AX,6.54153437039735,L1,0.0813344311172674,L2,0.04948995...
GetData ===>> H2,-0.135896802926337,H1,15.4624239510188,AX,6.55615518697117,L1,0.0644896744865052,L2,0.15016145...
testing age>100.0
evaluate ot="age>100.0" t="age>100.0", ctx="{'age': 13.320370898563999}"
testing Ar39<0.5
evaluate ot="Ar39<0.5" t="Ar39<0.5", ctx="{'Ar39': 6.879859640228252}"
GetData ===>> H2,-0.300573750728571,H1,15.5191888333849,AX,6.60401127039744,L1,0.0410448973504431,L2,0.09835266...
GetData ===>> H2,-0.260818968748615,H1,15.5545620320572,AX,6.53035447456984,L1,0.0366079156460711,L2,0.02050655...
GetData ===>> H2,-0.188128413208868,H1,15.5888528949566,AX,6.49411292700961,L1,0.107641967317409,L2,-0.03487042...
Get Checksum: -860229079
GetData ===>> H2,0.0552718586403768,H1,15.4938363305015,AX,6.50860840245871,L1,0.103891016320885,L2,0.034894541...
GetData ===>> H2,-0.0779654417764106,H1,15.562169858387,AX,6.6178136825116,L1,0.088181648147972,L2,0.0672241039...
testing age>100.0
evaluate ot="age>100.0" t="age>100.0", ctx="{'age': 13.316794835563872}"
testing Ar39<0.5
evaluate ot="Ar39<0.5" t="Ar39<0.5", ctx="{'Ar39': 6.8811140877287045}"
06:48:09 -- collecting point 100
GetData ===>> H2,-0.142316217622641,H1,15.605192443077,AX,6.59549812858843,L1,0.0903444713685543,L2,-0.04809734...
Get Checksum: -860229079
GetData ===>> H2,-0.205353273994249,H1,15.6344452564982,AX,6.54154635380324,L1,0.060547597670785,L2,0.302417833...
GetData ===>> H2,-0.165941151059355,H1,15.5522489479814,AX,6.58371281240886,L1,0.0634926346749281,L2,0.04893118...
Get Checksum: -860229079
GetData ===>> H2,-0.135036820206355,H1,15.4978342249622,AX,6.51214566346908,L1,0.0529589955159773,L2,0.12100415...
GetData ===>> H2,-0.100052746467971,H1,15.5091602547051,AX,6.5737509206711,L1,0.044167585713825,L2,0.1131718553...
testing age>100.0
evaluate ot="age>100.0" t="age>100.0", ctx="{'age': 13.347795256517632}"
testing Ar39<0.5
evaluate ot="Ar39<0.5" t="Ar39<0.5", ctx="{'Ar39': 6.878862424505829}"
GetData ===>> H2,-0.231806050911725,H1,15.5356347516613,AX,6.55373421647164,L1,0.0578525457063063,L2,0.06703020...
Get Checksum: -860229079
GetData ===>> H2,-0.247055996385047,H1,15.6461357410252,AX,6.63435268807402,L1,0.096535472726209,L2,0.161498366...
GetData ===>> H2,-0.158066227946918,H1,15.5248041361229,AX,6.51655842105962,L1,0.0669299370217068,L2,0.14171096...
GetData ===>> H2,-0.238305879113522,H1,15.716659599668,AX,6.65446941247391,L1,0.0443348139265869,L2,0.107369297...
Get Checksum: -860229079
GetData ===>> H2,-0.128476288507409,H1,15.7882154885164,AX,6.55541211062209,L1,0.0665917786817855,L2,0.11561154...
testing age>100.0
evaluate ot="age>100.0" t="age>100.0", ctx="{'age': 13.344376828842899}"
testing Ar39<0.5
evaluate ot="Ar39<0.5" t="Ar39<0.5", ctx="{'Ar39': 6.872516784708373}"
GetData ===>> H2,-0.0821142311891451,H1,15.6785387626055,AX,6.50914797660718,L1,0.0767715696012842,L2,0.0616811...
GetData ===>> H2,-0.111020231381133,H1,15.5977872744002,AX,6.55387803487392,L1,0.0821021388378097,L2,0.03514538...
Get Checksum: -860229079
GetData ===>> H2,-0.172217454592618,H1,15.657325839744,AX,6.59691293888103,L1,0.0859181073856755,L2,0.044700591...
GetData ===>> H2,-0.0980529683275028,H1,15.712879248507,AX,6.53517138347067,L1,0.060329703865175,L2,0.103470723...
GetData ===>> H2,-0.151069637468304,H1,15.705726728937,AX,6.60240450962934,L1,0.097220380033575,L2,0.0202785520...
Get Checksum: -860229079
testing age>100.0
evaluate ot="age>100.0" t="age>100.0", ctx="{'age': 13.38607415039467}"
testing Ar39<0.5
evaluate ot="Ar39<0.5" t="Ar39<0.5", ctx="{'Ar39': 6.868919504803587}"
GetData ===>> H2,-0.0952239743047732,H1,15.7063444243813,AX,6.67111043293242,L1,0.0813404568535714,L2,0.1771943...
GetData ===>> H2,-0.0583551753355061,H1,15.7075412193626,AX,6.56285510701227,L1,0.063295148264528,L2,0.07425024...
GetData ===>> H2,-0.0935511645160023,H1,15.6513190563036,AX,6.56513246228312,L1,0.0404628080737247,L2,0.0940327...
Get Checksum: -860229079
GetData ===>> H2,-0.1915058169345,H1,15.7360391924864,AX,6.61976847772964,L1,0.0567116684771651,L2,0.0423516090...
GetData ===>> H2,-0.273379082375473,H1,15.658843666628,AX,6.52263827099613,L1,0.0530395929432828,L2,-0.00738538...
testing age>100.0
evaluate ot="age>100.0" t="age>100.0", ctx="{'age': 13.45678321543256}"
testing Ar39<0.5
evaluate ot="Ar39<0.5" t="Ar39<0.5", ctx="{'Ar39': 6.861489182083897}"
GetData ===>> H2,-0.137447581828002,H1,15.5526730096825,AX,6.53875425881039,L1,0.0670466704643469,L2,0.06198905...
Get Checksum: -860229079
measurement finished
estimated time: 125.829 actual time: :126.177
flush and close file /Users/jan/PychronDev/data/isotopes/2e/96193f-226e-4b4b-b11d-ab51b3b34ab3.h5
baselines () {'settling_time': 15.0, 'detector': 'H1', 'mass': 34.2, 'ncounts': 60.0}
%%%%%%%%%%%%%%%%%%%%%%%%%%%%%%%% Baseline
build tables- baseline [Detector(H2), Detector(H1), Detector(AX), Detector(L1), Detector(L2), Detector(CDD)]
add group baseline table H2
add group baseline table H1
add group baseline table AX
add group baseline table L1
add group baseline table L2
add group baseline table CDD
flush and close file /Users/jan/PychronDev/data/isotopes/2e/96193f-226e-4b4b-b11d-ab51b3b34ab3.h5
detector Detector(H1)
POSITION 34.2 H1
Mapping mass to dac mass func: "parabolic"
H1 map mass coeffs = [-0.00063987  0.15840543  0.57026999]
H1 map mass to dac 34.2 >> 5.23931599104
GetDeflection H1 ===>> 0
GetHighVoltage ===>> 4499.94659342336
positioning 34.2 (5.2392851372) on H1
setting magnet DAC
current  : 5.878625
requested: 5.239285
Delta Dac: 0.639340
Checking detector protection. dv=0.63934
Checking detector "CDD". Protection Threshold: 0.1 (V)
ProtectDetector CDD,On ===>> OK
GetDeflection CDD ===>> 2000
SetMagnetDAC 5.2392851372 ===>> OK
Magnet settling time: 0.500
GetMagnetMoving ===>> True
GetMagnetMoving ===>> True
GetMagnetMoving ===>> True
GetMagnetMoving ===>> True
GetMagnetMoving ===>> True
GetMagnetMoving ===>> True
GetMagnetMoving ===>> True
Get Checksum: -860229079
GetMagnetMoving ===>> True
GetMagnetMoving ===>> False
ProtectDetector CDD,Off ===>> OK
GetDeflection CDD ===>> 50
Delaying 15.0s for detectors to settle
Get Checksum: -860229079
Get Checksum: -860229079
Get Checksum: -860229079
Get Checksum: -860229079
Get Checksum: -860229079
Join finished
measuring baseline. ncounts=60.0
starting measurement
GetData ===>> H2,-0.22780419342116,H1,0.0507425369051574,AX,-0.0526644882273273,L1,-0.0575241643057279,L2,0.025...
GetData ===>> H2,-0.222599524177704,H1,-0.0289371458692454,AX,-0.0647104330814264,L1,-0.0691781539321788,L2,0.0...
Get Checksum: -860229079
GetData ===>> H2,-0.226121186194781,H1,-0.110650577418547,AX,0.0014505131641808,L1,-0.0270507113619561,L2,-0.00...
GetData ===>> H2,-0.212171913337245,H1,-0.0416723800153783,AX,-0.0606759612296011,L1,-0.025465482991954,L2,-0.0...
GetData ===>> H2,-0.202304372126901,H1,-0.0481228494097817,AX,-0.145794491469092,L1,-0.0122737503844145,L2,-0.1...
Get Checksum: -860229079
GetData ===>> H2,-0.159248085453174,H1,-0.058077933477496,AX,-0.131417269225831,L1,-0.00477550130853745,L2,0.03...
GetData ===>> H2,-0.160670203159245,H1,-0.0614755498627105,AX,-0.14969014284954,L1,-0.0402397257354174,L2,-0.00...
GetData ===>> H2,-0.271965692770008,H1,-0.0627272741893002,AX,-0.149330729166412,L1,-0.0369730190875807,L2,-0.0...
Get Checksum: -860229079
GetData ===>> H2,-0.180270871550025,H1,0.0132390170078046,AX,0.0423756764806003,L1,-0.0397594295115224,L2,-0.04...
GetData ===>> H2,-0.161785623597275,H1,-0.0164746036812822,AX,-0.102484913501396,L1,-0.00100328073246168,L2,0.0...
GetData ===>> H2,-0.220904964578232,H1,-0.0581971500402954,AX,-0.16616377671367,L1,0.00287359617296636,L2,-0.09...
Get Checksum: -860229079
GetData ===>> H2,-0.243600749987974,H1,-0.0110239898484686,AX,-0.075398656216831,L1,-0.00526372299679578,L2,-0....
GetData ===>> H2,-0.27412063800111,H1,-0.0323476764377826,AX,-0.149284353110564,L1,-0.044221347802238,L2,0.0210...
GetData ===>> H2,-0.150058206329173,H1,-0.0702015307070035,AX,-0.176723519783661,L1,-0.0381842321994698,L2,-0.0...
Get Checksum: -860229079
GetData ===>> H2,-0.252903824372012,H1,-0.0609629344290539,AX,-0.074332205117745,L1,-0.0379074990409813,L2,-0.0...
GetData ===>> H2,-0.28825217904632,H1,0.0560058474753824,AX,-0.0655451305118685,L1,-0.0674852601280278,L2,0.013...
GetData ===>> H2,-0.24903071681708,H1,-0.00448763265408196,AX,0.00109088427864855,L1,-0.0466730025720354,L2,-0....
Get Checksum: -860229079
GetData ===>> H2,-0.22721180346621,H1,-0.00461884110232165,AX,-0.0107297256154954,L1,-0.0229595217267757,L2,0.0...
GetData ===>> H2,-0.269205579189381,H1,-0.0156278100657879,AX,-0.103608998262995,L1,-0.00344146776918729,L2,0.0...
GetData ===>> H2,-0.235518582256095,H1,-0.0737298533598494,AX,-0.0208903586998771,L1,-0.023482097931626,L2,-0.0...
Get Checksum: -860229079
GetData ===>> H2,-0.177523154906903,H1,-0.0737179335603465,AX,-0.141005872882409,L1,-0.0185608952797787,L2,-0.0...
GetData ===>> H2,-0.1649921833882,H1,-0.0759826699747944,AX,-0.0927384382501082,L1,-0.0155842277211923,L2,-0.09...
GetData ===>> H2,-0.264741473422607,H1,-0.0437589913936385,AX,-0.0374745015535856,L1,-0.00756656257419552,L2,-0...
Get Checksum: -860229079
GetData ===>> H2,-0.193283773427952,H1,-0.00576392571363087,AX,-0.0156477900604621,L1,0.000162025994802867,L2,-...
06:49:15 -- collecting point 25
GetData ===>> H2,-0.0959079268252741,H1,-0.0393710953040081,AX,-0.120097944899007,L1,-0.046651457430662,L2,0.02...
Get Checksum: -860229079
GetData ===>> H2,-0.173970108553932,H1,-0.00933030322507451,AX,-0.0871056661177739,L1,-0.00571593670684718,L2,0...
GetData ===>> H2,-0.192561301675716,H1,-0.0962795715779173,AX,-0.127860571252072,L1,-0.012821540333265,L2,0.061...
GetData ===>> H2,-0.170176114554127,H1,-0.0968754254424773,AX,-0.0161349432947743,L1,-0.0817875889322815,L2,0.0...
Get Checksum: -860229079
GetData ===>> H2,-0.255319808917112,H1,-0.123111538931453,AX,-0.0742858374134641,L1,-0.0469375252640169,L2,-0.0...
GetData ===>> H2,-0.200598947067895,H1,-0.0202552708786328,AX,-0.0611860761037141,L1,-0.0167044791302541,L2,-0....
GetData ===>> H2,-0.116923988019065,H1,0.018631595036367,AX,-0.112879305172156,L1,0.00701463723704515,L2,0.1170...
Get Checksum: -860229079
GetData ===>> H2,-0.19416658207456,H1,-0.0715723465159133,AX,-0.0472728941571642,L1,-0.0211458758129444,L2,-0.0...
GetData ===>> H2,-0.185126329514236,H1,-0.118657406552791,AX,-0.0217486284363279,L1,-0.0202719005948651,L2,-0.0...
GetData ===>> H2,-0.280099663075649,H1,-0.0289609961368729,AX,0.0348321784840676,L1,-0.0250700356170261,L2,-0.0...
Get Checksum: -860229079
GetData ===>> H2,-0.267599457352166,H1,-0.0320018587028013,AX,0.0101516169498664,L1,-0.0330993622502125,L2,0.00...
GetData ===>> H2,-0.120533485026243,H1,-0.00317553871267402,AX,0.0310490441745286,L1,0.0112148823278535,L2,-0.0...
GetData ===>> H2,-0.144221472182317,H1,-0.0138149320424439,AX,-0.0500093104137478,L1,-0.0335435850366142,L2,-0....
Get Checksum: -860229079
GetData ===>> H2,-0.189371630713109,H1,-0.048051312287911,AX,-0.110642924478137,L1,-0.0773120642023793,L2,0.099...
GetData ===>> H2,-0.204818225565853,H1,-0.0651114676873952,AX,-0.100989976531742,L1,-0.102684867794112,L2,0.006...
GetData ===>> H2,-0.187455508602922,H1,-0.117025113926661,AX,-0.0337056263153965,L1,-0.0371503373469079,L2,-0.0...
Get Checksum: -860229079
GetData ===>> H2,-0.206851813958224,H1,-0.0782354358705327,AX,-0.0380775080474954,L1,-0.0419044152842681,L2,-0....
GetData ===>> H2,-0.166333943721462,H1,-0.0423401003897482,AX,-0.0626236581800581,L1,-0.0350966085364571,L2,-0....
GetData ===>> H2,-0.176444669378914,H1,-0.0449274747625903,AX,-0.0728368355218606,L1,-0.0384334053211891,L2,-0....
Get Checksum: -860229079
GetData ===>> H2,-0.266798326998879,H1,-0.0894627508528643,AX,-0.0885080946060219,L1,-0.058045970488595,L2,-0.0...
GetData ===>> H2,-0.278793197208255,H1,0.00945722739456052,AX,0.0124256335956249,L1,-0.00766490128592373,L2,-0....
GetData ===>> H2,-0.290964618311445,H1,0.00622432809509483,AX,-0.0723615582018992,L1,0.0217207578039889,L2,-0.0...
Get Checksum: -860229079
GetData ===>> H2,-0.148183646782273,H1,-0.0258007861603236,AX,0.0333583632827165,L1,-0.0409104251967883,L2,0.01...
GetData ===>> H2,-0.213630495491286,H1,-0.0172856105685735,AX,-0.0333461259755379,L1,-0.0285362616987031,L2,0.0...
Get Checksum: -860229079
GetData ===>> H2,-0.195861504839837,H1,0.035013928848149,AX,-0.0856568551289131,L1,-0.00533569470767478,L2,-0.0...
06:49:41 -- collecting point 50
GetData ===>> H2,-0.140624191364071,H1,0.0797318066688259,AX,-0.142513211663344,L1,-0.0184481769350766,L2,-0.12...
GetData ===>> H2,-0.253702487506535,H1,-0.0376182678197832,AX,-0.0716660262320596,L1,0.00388927253353046,L2,-0....
Get Checksum: -860229079
GetData ===>> H2,-0.393023049031372,H1,-0.0254072435916573,AX,-0.0472728941571642,L1,-0.0210883324546446,L2,0.0...
GetData ===>> H2,-0.307124518287409,H1,0.0124874196840931,AX,-0.0331605768934191,L1,-0.00347386096518327,L2,-0....
GetData ===>> H2,-0.151951358954914,H1,-0.109316043592611,AX,-0.061359978290505,L1,-0.0319378244749487,L2,0.002...
GetData ===>> H2,-0.0874355269466117,H1,-0.0177268909673288,AX,-0.029507507299355,L1,-0.018963793081203,L2,-0.0...
GetData ===>> H2,-0.146931516878558,H1,0.00825233390091564,AX,-0.0446987374434437,L1,-0.00861106248356907,L2,0....
Get Checksum: -860229079
GetData ===>> H2,-0.203370637712303,H1,0.0616394478715644,AX,-0.0481077411715982,L1,-0.0292561954511595,L2,-0.0...
GetData ===>> H2,-0.131600295245196,H1,0.00946915710564613,AX,-0.0216210482787223,L1,-0.0303342028612638,L2,-0....
GetData ===>> H2,-0.196057083268087,H1,-0.0273153143363068,AX,-0.132019693788796,L1,-0.0509356376337,L2,0.01154...
Get Checksum: -860229079
GetData ===>> H2,-0.13604959177852,H1,-0.0176553321159066,AX,-0.0162625306437381,L1,-0.0332873511080023,L2,-0.0...
measurement finished
estimated time: 62.915 actual time: :63.110
flush and close file /Users/jan/PychronDev/data/isotopes/2e/96193f-226e-4b4b-b11d-ab51b3b34ab3.h5
activate_detectors ('H1', 'AX', 'CDD') {'peak_center': True}
peak_center () {'detector': 'H1', 'isotope': 'Ar40'}
peak center: mean=15.668647966 threshold=3
peak center started
setup peak center. detector=['H1', 'AX', 'CDD'], isotope=Ar40
VersionedUnpickler [<apptools.sweet_pickle.versioned_unpickler.VersionedUnpickler object at 0x17d3f6d70>] using Updater [<apptools.sweet_pickle.updater.Updater object at 0x12ce00cb0>]
VersionedUnpickler [<apptools.sweet_pickle.versioned_unpickler.VersionedUnpickler object at 0x17d3f6d70>] using Updater [<apptools.sweet_pickle.updater.Updater object at 0x12ce00cb0>]
VersionedUnpickler [<apptools.sweet_pickle.versioned_unpickler.VersionedUnpickler object at 0x17bc86710>] using Updater [<apptools.sweet_pickle.updater.Updater object at 0x12ce00cb0>]
setting integration time = 0.524288
SetIntegrationTime 0.524288 ===>> OK
Mapping mass to dac mass func: "parabolic"
H1 map mass coeffs = [-0.00063987  0.15840543  0.57026999]
H1 map mass to dac 39.9624 >> 5.87866
GetDeflection H1 ===>> 0
GetHighVoltage ===>> 4499.94659342336
do peak center. <pychron.spectrometer.jobs.peak_center.PeakCenter object at 0x12ce00b30>
doing pc
starting peak center. center dac= 5.87862538112 step_width=0.001
width = 0.001
get scan parameters. half-width=0.015,window=0.015, i=0, scalar=1
Scan parameters center=5.87863 width=0.03000 (5.86363 - 5.89363)
GetData ===>> H2,-0.151391007912247,H1,-0.110090551998643,AX,-0.0031085546847978,L1,-0.0194194318675527,L2,-0.0...
Moving to starting dac 5.86362538112
setting magnet DAC
current  : 5.239285
requested: 5.863625
Delta Dac: 0.624340
Checking detector protection. dv=0.62434
Checking detector "CDD". Protection Threshold: 0.1 (V)
ProtectDetector CDD,On ===>> OK
GetDeflection CDD ===>> 2000
SetMagnetDAC 5.86362538112 ===>> OK
Magnet settling time: 0.500
GetMagnetMoving ===>> True
GetMagnetMoving ===>> True
GetMagnetMoving ===>> True
GetMagnetMoving ===>> True
Get Checksum: -860229079
GetMagnetMoving ===>> True
GetMagnetMoving ===>> True
GetMagnetMoving ===>> True
GetMagnetMoving ===>> True
GetMagnetMoving ===>> False
ProtectDetector CDD,Off ===>> OK
GetDeflection CDD ===>> 50
Wait until signal near baseline. tol= -0.082567913999. timeout= 10
GetData ===>> H2,-0.110734575221777,H1,0.0753548158952679,AX,-0.0966904561273874,L1,-0.0121754566914893,L2,-0.0...
GetData ===>> H2,0.81531599781639,H1,0.77206412038493,AX,0.0398108215830449,L1,-0.00711802992525601,L2,-0.01584...
GetData ===>> H2,0.991868904574657,H1,0.597402874198605,AX,-0.0755029823271985,L1,-0.0510851919246145,L2,-0.241...
GetData ===>> H2,0.416958334940287,H1,0.294279385538432,AX,-0.0968527056301733,L1,-0.0695410297111549,L2,-0.026...
Get Checksum: -860229079
GetData ===>> H2,0.0114992194772743,H1,0.215213838937234,AX,0.0568836718746406,L1,-0.0299749221729871,L2,-0.115...
GetData ===>> H2,-0.042531707004492,H1,0.115468300481747,AX,-0.0363380560821982,L1,-0.0153731053702113,L2,-0.01...
GetData ===>> H2,-0.0850643433666315,H1,-0.0197424442676784,AX,-0.0595745677224913,L1,-0.0164491469114264,L2,-0...
GetData ===>> H2,-0.114695213591845,H1,-0.0357700151123684,AX,-0.0525253540706972,L1,-0.0236932546352465,L2,-0....
GetData ===>> H2,-0.149644796377938,H1,0.0265420304115917,AX,-0.0435275895559115,L1,-0.0586533198265638,L2,-0.0...
GetData ===>> H2,-0.189460386091379,H1,-0.0285913163497796,AX,-0.0199392942060214,L1,-0.0648848484542763,L2,0.0...
Get Checksum: -860229079
GetData ===>> H2,-0.298498281700978,H1,0.0539888091396047,AX,-0.160202041903654,L1,-0.038917358541906,L2,-0.039...
GetData ===>> H2,-0.296219789396838,H1,-0.0471451709847191,AX,-0.0507861603280374,L1,-0.0327051705786459,L2,0.0...
GetData ===>> H2,-0.258473120738477,H1,-0.015258081029068,AX,-0.0283129817788922,L1,-0.0381650647803966,L2,0.03...
GetData ===>> H2,-0.148330595977378,H1,-0.0469782493234703,AX,-0.00274894131409128,L1,-0.0198562520642257,L2,-0...
GetData ===>> H2,-0.117306908863233,H1,-0.0971137659946607,AX,-0.0891803258878217,L1,-0.037324058283699,L2,-0.1...
Peak center baseline intensity achieved
_do_sweep sm= 5.86362538112, em= 5.89362538112, stm= 0.001
calculated step values: start=5.86362538112, end=5.89362538112, width=0.001, nsteps=31.0
setting magnet DAC
current  : 5.863625
requested: 5.863625
Delta Dac: 0.000000
Checking detector protection. dv=0.00000
Checking detector "CDD". Protection Threshold: 0.1 (V)
SetMagnetDAC 5.86362538112 ===>> OK
GetData ===>> H2,-0.117306908863233,H1,-0.0971137659946607,AX,-0.0891803258878217,L1,-0.037324058283699,L2,-0.1...
setting magnet DAC
current  : 5.863625
requested: 5.864660
Delta Dac: 0.001034
Checking detector protection. dv=0.00103
Checking detector "CDD". Protection Threshold: 0.1 (V)
SetMagnetDAC 5.86465986388 ===>> OK
Magnet settling time: 1.049
Get Checksum: -860229079
GetData ===>> H2,-0.144716434204073,H1,-0.0962795715779173,AX,-0.13564574744106,L1,0.0144198523083012,L2,-0.019...
setting magnet DAC
current  : 5.864660
requested: 5.865694
Delta Dac: 0.001034
Checking detector protection. dv=0.00103
Checking detector "CDD". Protection Threshold: 0.1 (V)
SetMagnetDAC 5.86569434664 ===>> OK
Magnet settling time: 1.049
GetData ===>> H2,-0.191154817706532,H1,-0.00275805066991526,AX,-0.107792333626337,L1,0.00404655545436881,L2,-0....
setting magnet DAC
current  : 5.865694
requested: 5.866729
Delta Dac: 0.001034
Checking detector protection. dv=0.00103
Checking detector "CDD". Protection Threshold: 0.1 (V)
SetMagnetDAC 5.8667288294 ===>> OK
Magnet settling time: 1.049
GetData ===>> H2,-0.243887381905627,H1,0.32798236230589,AX,-0.0370570333306439,L1,-0.00754257737682651,L2,0.054...
setting magnet DAC
current  : 5.866729
requested: 5.867763
Delta Dac: 0.001034
Checking detector protection. dv=0.00103
Checking detector "CDD". Protection Threshold: 0.1 (V)
SetMagnetDAC 5.86776331216 ===>> OK
Magnet settling time: 1.049
Get Checksum: -860229079
GetData ===>> H2,-0.155658909589605,H1,0.918172281473573,AX,0.294746835370594,L1,0.0183550696835552,L2,-0.06117...
setting magnet DAC
current  : 5.867763
requested: 5.868798
Delta Dac: 0.001034
Checking detector protection. dv=0.00103
Checking detector "CDD". Protection Threshold: 0.1 (V)
SetMagnetDAC 5.86879779492 ===>> OK
Magnet settling time: 1.049
GetData ===>> H2,-0.0971818402594233,H1,2.65754595752956,AX,0.628211843509273,L1,0.00336461368135624,L2,0.00239...
setting magnet DAC
current  : 5.868798
requested: 5.869832
Delta Dac: 0.001034
Checking detector protection. dv=0.00103
Checking detector "CDD". Protection Threshold: 0.1 (V)
SetMagnetDAC 5.86983227767 ===>> OK
Magnet settling time: 1.049
GetData ===>> H2,-0.19953781374789,H1,7.65045445834465,AX,2.30524888586052,L1,-0.00103328169972681,L2,-0.037318...
setting magnet DAC
current  : 5.869832
requested: 5.870867
Delta Dac: 0.001034
Checking detector protection. dv=0.00103
Checking detector "CDD". Protection Threshold: 0.1 (V)
SetMagnetDAC 5.87086676043 ===>> OK
Magnet settling time: 1.049
Get Checksum: -860229079
GetData ===>> H2,-0.207565976270655,H1,11.926383718824,AX,3.94895895087155,L1,0.0225343207722659,L2,-0.00897236...
setting magnet DAC
current  : 5.870867
requested: 5.871901
Delta Dac: 0.001034
Checking detector protection. dv=0.00103
Checking detector "CDD". Protection Threshold: 0.1 (V)
SetMagnetDAC 5.87190124319 ===>> OK
Magnet settling time: 1.049
GetData ===>> H2,-0.319308096976541,H1,14.5395020084151,AX,5.25110174679144,L1,0.0189574854999713,L2,0.02942798...
setting magnet DAC
current  : 5.871901
requested: 5.872936
Delta Dac: 0.001034
Checking detector protection. dv=0.00103
Checking detector "CDD". Protection Threshold: 0.1 (V)
SetMagnetDAC 5.87293572595 ===>> OK
Magnet settling time: 1.049
Get Checksum: -860229079
GetData ===>> H2,-0.215022908978901,H1,15.5613987704746,AX,5.91938398563449,L1,0.0394105624728044,L2,-0.0546864...
setting magnet DAC
current  : 5.872936
requested: 5.873970
Delta Dac: 0.001034
Checking detector protection. dv=0.00103
Checking detector "CDD". Protection Threshold: 0.1 (V)
SetMagnetDAC 5.87397020871 ===>> OK
Magnet settling time: 1.049
GetData ===>> H2,-0.18607076168199,H1,16.1867999766184,AX,6.25800367839244,L1,0.0339430574101001,L2,0.093576810...
setting magnet DAC
current  : 5.873970
requested: 5.875005
Delta Dac: 0.001034
Checking detector protection. dv=0.00103
Checking detector "CDD". Protection Threshold: 0.1 (V)
SetMagnetDAC 5.87500469147 ===>> OK
Magnet settling time: 1.049
GetData ===>> H2,-0.162755112949469,H1,16.2056329281364,AX,6.20656263312919,L1,0.0395091682579092,L2,0.13486901...
setting magnet DAC
current  : 5.875005
requested: 5.876039
Delta Dac: 0.001034
Checking detector protection. dv=0.00103
Checking detector "CDD". Protection Threshold: 0.1 (V)
SetMagnetDAC 5.87603917423 ===>> OK
Magnet settling time: 1.049
Get Checksum: -860229079
GetData ===>> H2,-0.172782704473641,H1,16.3092856825492,AX,6.33580172634253,L1,0.057790406868869,L2,0.129874697...
setting magnet DAC
current  : 5.876039
requested: 5.877074
Delta Dac: 0.001034
Checking detector protection. dv=0.00103
Checking detector "CDD". Protection Threshold: 0.1 (V)
SetMagnetDAC 5.87707365698 ===>> OK
Magnet settling time: 1.049
GetData ===>> H2,-0.0722072006578533,H1,16.2942510389962,AX,6.37719645903732,L1,0.0692046768954144,L2,0.0190406...
setting magnet DAC
current  : 5.877074
requested: 5.878108
Delta Dac: 0.001034
Checking detector protection. dv=0.00103
Checking detector "CDD". Protection Threshold: 0.1 (V)
SetMagnetDAC 5.87810813974 ===>> OK
Magnet settling time: 1.049
GetData ===>> H2,-0.10645344656804,H1,16.1641584010384,AX,6.39078829943105,L1,0.0917506537505897,L2,0.016307267...
setting magnet DAC
current  : 5.878108
requested: 5.879143
Delta Dac: 0.001034
Checking detector protection. dv=0.00103
Checking detector "CDD". Protection Threshold: 0.1 (V)
SetMagnetDAC 5.8791426225 ===>> OK
Magnet settling time: 1.049
Get Checksum: -860229079
GetData ===>> H2,-0.18239707354728,H1,16.2683128071924,AX,6.24294445204873,L1,0.0775738671045,L2,0.107323699360...
setting magnet DAC
current  : 5.879143
requested: 5.880177
Delta Dac: 0.001034
Checking detector protection. dv=0.00103
Checking detector "CDD". Protection Threshold: 0.1 (V)
SetMagnetDAC 5.88017710526 ===>> OK
Magnet settling time: 1.049
GetData ===>> H2,-0.321437310725892,H1,16.2611718604764,AX,6.23133434807852,L1,0.0624998769617371,L2,0.04795038...
setting magnet DAC
current  : 5.880177
requested: 5.881212
Delta Dac: 0.001034
Checking detector protection. dv=0.00103
Checking detector "CDD". Protection Threshold: 0.1 (V)
SetMagnetDAC 5.88121158802 ===>> OK
Magnet settling time: 1.049
GetData ===>> H2,-0.00904791705186293,H1,16.3797674508111,AX,6.23052049420992,L1,0.0788485186962479,L2,0.053555...
setting magnet DAC
current  : 5.881212
requested: 5.882246
Delta Dac: 0.001034
Checking detector protection. dv=0.00103
Checking detector "CDD". Protection Threshold: 0.1 (V)
SetMagnetDAC 5.88224607078 ===>> OK
Magnet settling time: 1.049
Get Checksum: -860229079
GetData ===>> H2,0.0119781963850671,H1,16.3392322483339,AX,6.17320825613131,L1,0.04027399707047,L2,0.0667954262...
setting magnet DAC
current  : 5.882246
requested: 5.883281
Delta Dac: 0.001034
Checking detector protection. dv=0.00103
Checking detector "CDD". Protection Threshold: 0.1 (V)
SetMagnetDAC 5.88328055354 ===>> OK
Magnet settling time: 1.049
GetData ===>> H2,0.00662894761986868,H1,16.1493756744551,AX,6.27646568250637,L1,0.0691733807034312,L2,0.1693574...
setting magnet DAC
current  : 5.883281
requested: 5.884315
Delta Dac: 0.001034
Checking detector protection. dv=0.00103
Checking detector "CDD". Protection Threshold: 0.1 (V)
SetMagnetDAC 5.88431503629 ===>> OK
Magnet settling time: 1.049
Get Checksum: -860229079
GetData ===>> H2,-0.0129807424682619,H1,15.730876413491,AX,5.98933612113671,L1,0.0215763726689783,L2,0.02202457...
setting magnet DAC
current  : 5.884315
requested: 5.885350
Delta Dac: 0.001034
Checking detector protection. dv=0.00103
Checking detector "CDD". Protection Threshold: 0.1 (V)
SetMagnetDAC 5.88534951905 ===>> OK
Magnet settling time: 1.049
GetData ===>> H2,-0.0542812236984636,H1,14.8927718674672,AX,5.32016882727951,L1,0.0453490232935612,L2,0.0164439...
setting magnet DAC
current  : 5.885350
requested: 5.886384
Delta Dac: 0.001034
Checking detector protection. dv=0.00103
Checking detector "CDD". Protection Threshold: 0.1 (V)
SetMagnetDAC 5.88638400181 ===>> OK
Magnet settling time: 1.049
GetData ===>> H2,-0.169841477788514,H1,12.4918780075812,AX,4.05554638879384,L1,0.0697270968747995,L2,0.12280556...
setting magnet DAC
current  : 5.886384
requested: 5.887418
Delta Dac: 0.001034
Checking detector protection. dv=0.00103
Checking detector "CDD". Protection Threshold: 0.1 (V)
SetMagnetDAC 5.88741848457 ===>> OK
Magnet settling time: 1.049
Get Checksum: -860229079
GetData ===>> H2,-0.196042246402383,H1,8.94743846769981,AX,2.47377908028009,L1,0.00804758015383567,L2,-0.107818...
setting magnet DAC
current  : 5.887418
requested: 5.888453
Delta Dac: 0.001034
Checking detector protection. dv=0.00103
Checking detector "CDD". Protection Threshold: 0.1 (V)
SetMagnetDAC 5.88845296733 ===>> OK
Magnet settling time: 1.049
GetData ===>> H2,-0.237708264549538,H1,3.29984482660477,AX,0.617930100241063,L1,-0.00414809568072602,L2,0.10312...
setting magnet DAC
current  : 5.888453
requested: 5.889487
Delta Dac: 0.001034
Checking detector protection. dv=0.00103
Checking detector "CDD". Protection Threshold: 0.1 (V)
SetMagnetDAC 5.88948745009 ===>> OK
Magnet settling time: 1.049
GetData ===>> H2,-0.280175593808101,H1,1.20425108873448,AX,0.324227255237513,L1,0.0067002541108829,L2,0.1372408...
setting magnet DAC
current  : 5.889487
requested: 5.890522
Delta Dac: 0.001034
Checking detector protection. dv=0.00103
Checking detector "CDD". Protection Threshold: 0.1 (V)
SetMagnetDAC 5.89052193285 ===>> OK
Magnet settling time: 1.049
Get Checksum: -860229079
GetData ===>> H2,-0.26606917103698,H1,0.462457403551064,AX,-0.0597368791277873,L1,-0.0259128742982711,L2,-0.151...
setting magnet DAC
current  : 5.890522
requested: 5.891556
Delta Dac: 0.001034
Checking detector protection. dv=0.00103
Checking detector "CDD". Protection Threshold: 0.1 (V)
SetMagnetDAC 5.89155641561 ===>> OK
Magnet settling time: 1.049
GetData ===>> H2,-0.279681965720453,H1,0.227480188853391,AX,-0.0806727805686372,L1,-0.0258362612855986,L2,-0.05...
setting magnet DAC
current  : 5.891556
requested: 5.892591
Delta Dac: 0.001034
Checking detector protection. dv=0.00103
Checking detector "CDD". Protection Threshold: 0.1 (V)
SetMagnetDAC 5.89259089836 ===>> OK
Magnet settling time: 1.049
Get Checksum: -860229079
GetData ===>> H2,-0.24163988487934,H1,0.100879719750169,AX,-0.0581369406002023,L1,0.0154011133200348,L2,0.04305...
setting magnet DAC
current  : 5.892591
requested: 5.893625
Delta Dac: 0.001034
Checking detector protection. dv=0.00103
Checking detector "CDD". Protection Threshold: 0.1 (V)
SetMagnetDAC 5.89362538112 ===>> OK
Magnet settling time: 1.049
GetData ===>> H2,-0.231229075556799,H1,-0.028233560417079,AX,-0.025158436138023,L1,-0.0606615995395955,L2,-0.16...
result of _do_sweep=True
result of _calculate_peak_center=([5.8709299903409473, 5.878715561483232, 5.8865011326255168], [12.086103373799048, 16.378630190621347, 12.090553690941546], 5.8812406115834328, 16.378630190621347)
Failed to find a valid peak. No peak greater than 1.0. max = 0.0144993254093
new center pos Detector(H1) (Ar40) @ 5.87871556148
GetHighVoltage ===>> 4499.94659342336
GetDeflection H1 ===>> 0
dac uncorrected for HV and deflection 5.87875018089
update mftable H1 Ar40 5.87875018089 message=automated run peakcenter
get initial guess parabolic
get initial guess parabolic
get initial guess parabolic
get initial guess parabolic
get initial guess parabolic
get initial guess parabolic
dump mftable to /Users/jan/PychronDev/setupfiles/spectrometer/mftables/mftable.csv
add to repo msg=modified - automated run peakcenter
sweep finished
locally archiving mftable
setting magnet DAC
current  : 5.893625
requested: 5.878716
Delta Dac: 0.014910
Checking detector protection. dv=0.01491
Checking detector "CDD". Protection Threshold: 0.1 (V)
SetMagnetDAC 5.87871556148 ===>> OK
Magnet settling time: 0.500
setting integration time = 1.048576
SetIntegrationTime 1.048576 ===>> OK
Failed to find a valid peak. No peak greater than 1.0. max = 0.0144993254093
flush and close file /Users/jan/PychronDev/data/isotopes/2e/96193f-226e-4b4b-b11d-ab51b3b34ab3.h5
finished measure script
executed 278.04
jan_co2_whiff_120_60_large.py completed successfully
Measurement Finished
06:50:36 -- ******* Measurement Finished *******
Post Measurement Started jan_pump_ms.py
06:50:36 -- ******* Post Measurement Started jan_pump_ms.py *******
testing...
no interpolation path defined
executed 0
Pumping spectrometer
open () {'name': 'O'}
opening name=O desc=---
checking ownership. requestor=129.138.12.150
check software interlocks O
interlocks []
actuate state mode=None-script, software_lock=False
doing actuation None-script open_channel True
Open O ===>> OK
GetIndicatorState O ===>> OK
change switch state (True, True)
update switch state O True args=() kw={} ncanvase=2
06:50:37 -- OPEN   VALVE-O (Jan Ion Pump)
---------------------------------------- open O () result=[(True, True)], time=0.11 sec
Get Checksum: -1965264452
action=open, ok=True, locked=[False]
executed 0
jan_pump_ms.py completed successfully
setting _ms_pumptime
Post Measurement Finished
06:50:37 -- ******* Post Measurement Finished *******
$$$$$$$$$$$$$$$$$$$$ state at run end measurement
state changed from measurement to success
post measurement save measured=True aborted=False
Set filtering
setting fod for Ar40= {'filter_outliers': True, 'std_devs': 2, 'iterations': 1}
setting fod for H1= {'filter_outliers': True, 'std_devs': 2, 'iterations': 1}
setting fod for PM41= {'filter_outliers': False, 'std_devs': 2, 'iterations': 1}
setting fod for H2= {'filter_outliers': True, 'std_devs': 2, 'iterations': 1}
setting fod for Ar36= {'filter_outliers': True, 'std_devs': 2, 'iterations': 1}
setting fod for CDD= {'filter_outliers': True, 'std_devs': 10, 'iterations': 1}
setting fod for Ar37= {'filter_outliers': True, 'std_devs': 2, 'iterations': 1}
setting fod for L2= {'filter_outliers': True, 'std_devs': 2, 'iterations': 1}
setting fod for Ar38= {'filter_outliers': True, 'std_devs': 2, 'iterations': 1}
setting fod for L1= {'filter_outliers': True, 'std_devs': 2, 'iterations': 1}
setting fod for Ar39= {'filter_outliers': True, 'std_devs': 2, 'iterations': 1}
setting fod for AX= {'filter_outliers': True, 'std_devs': 2, 'iterations': 1}
persistence save...
persistence save - db
post measurement save
6413139600 connecting to database sqlite:////Users/jan/PychronDev/.appdata/local_lab.db
connected to db sqlite:////Users/jan/PychronDev/.appdata/local_lab.db
create new session 6413139600
close session 6413139600
No database instance. Not saving post measurement to isotopedb database
$$$$$$$$$$$$$$$ auto_save_detector_ic=False
massspec enabled True
create new session 5010684144
MassSpec Database Version: 16.0
close session 5010684144
saving post measurement to secondary database
saving to massspec database 129.138.12.160/massspecdata
setting labnumber to 65518
setting aliquot to 21
setting step to 
setting uuid to 2e96193f-226e-4b4b-b11d-ab51b3b34ab3
setting irradpos to 65518
setting extract_device to Fusions CO2
setting tray to 
setting position to 185
setting power_requested to 5.0
setting extract_value to 5.0
setting duration to 30.0
setting duration_at_request to 30.0
setting first_stage_delay to 30.0
setting cleanup to 30.0
setting comment to F:20
setting irradiation to NM-289
setting level to F
setting irradiation_level to F
setting sample to MB-64b-djk
setting material to DetritalSanidine
setting project to IR943
setting mass_spectrometer to Jan
no attribute chron_dosages
no attribute production_ratios
no attribute interference_corrections
no attribute production_name
no attribute j
Reference Isotope=Ar40
Reference Detector=H1
%%%%%%%%%%%%%%%%%%%% Comment: F:20 %%%%%%%%%%%%%%%%%%%
adding isotope PM41 H2
add baseline dbdet= PM41. original det= H2
get baseline data PM41 H2
Get data baseline <pychron.processing.isotope.Baseline object at 0x17cf7a110> len t=60
baseline PM41. v=-0.203903688662, e=0.00665231974194
get signal data PM41 H2
Get data signal PM41 0.11+/-0.08 len t=120
adding isotope Ar40 H1
add baseline dbdet= Ar40. original det= H1
get baseline data Ar40 H1
Get data baseline <pychron.processing.isotope.Baseline object at 0x17cf7a2d0> len t=60
baseline Ar40. v=-0.0371676084605, e=0.00549976739247
get signal data Ar40 H1
Get data signal Ar40 14.589+/-0.012 len t=120
adding isotope Ar39 AX
add baseline dbdet= Ar39. original det= AX
get baseline data Ar39 AX
Get data baseline <pychron.processing.isotope.Baseline object at 0x17cf7a490> len t=60
baseline Ar39. v=-0.0628538069737, e=0.006858248704
get signal data Ar39 AX
Get data signal Ar39 6.879+/-0.014 len t=120
adding isotope Ar38 L1
add baseline dbdet= Ar38. original det= L1
get baseline data Ar38 L1
Get data baseline <pychron.processing.isotope.Baseline object at 0x17cf7a650> len t=60
baseline Ar38. v=-0.0253891928271, e=0.00253190350568
get signal data Ar38 L1
Get data signal Ar38 0.107+/-0.005 len t=120
adding isotope Ar37 L2
add baseline dbdet= Ar37. original det= L2
get baseline data Ar37 L2
Get data baseline <pychron.processing.isotope.Baseline object at 0x17cf7a810> len t=60
baseline Ar37. v=-0.0224265189652, e=0.00625564886314
get signal data Ar37 L2
Get data signal Ar37 0.087+/-0.013 len t=120
adding isotope Ar36 CDD
add baseline dbdet= Ar36. original det= CDD
get baseline data Ar36 CDD
Get data baseline <pychron.processing.isotope.Baseline object at 0x17cf7a9d0> len t=60
baseline Ar36. v=2.23298117276e-05, e=7.77241226866e-06
get signal data Ar36 CDD
Get data signal Ar36 0.00900+/-0.00032 len t=120
65518-21 added analysis time 0.519503831863s
analysis added to mass spec database
mass spec save time= 0.528
persistence save - dvc
================= post measurement started
create new session 4983034992
close session 4983034992
---------------- Experiment Queue saving disabled
DVC saving peakcenter
Failed to find a valid peak. No peak greater than 1.0. max = 0.0144993254093
Smart pull ahead: 0 behind: 0
Up-to-date with origin
add to repo msg=modified - ad8224ebc6dbfeb9f5997218dfa5fe690569839d.json
add to repo msg=modified - 18-21.json
add to repo msg=modified - 18-21.dat.json
add to repo msg=modified - 18-21.blan.json
add to repo msg=modified - 18-21.inte.json
Get Checksum: -1965264452
add to repo msg=modified - 18-21.icfa.json
add to repo msg=modified - 18-21.base.json
not at valid file /Users/jan/PychronDev/data/.dvc/repositories/Load1782/655/tags/18-21.tags.json
add to repo msg=modified - 18-21.peak.json
add to repo msg=modified - 18-21.extr.json
not at valid file /Users/jan/PychronDev/data/.dvc/repositories/Load1782/655/monitor/18-21.moni.json
commit message=<COLLECTION>
add to repo msg=modified - 18-21.inte.json
add to repo msg=modified - 18-21.base.json
commit message=<ISOEVO> default collection fits
add to repo msg=modified - 18-21.blan.json
commit message=<BLANKS> preceding bc-02-J-249
add to repo msg=modified - 18-21.icfa.json
Get Checksum: -1965264452
commit message=<ICFactor> default
push repository <pychron.git_archive.repo_manager.GitRepoManager object at 0x17b1219b0>
pushing to remote=origin, url=https://github.com
Get Checksum: -1965264452
no changes to meta repo
create new session 4983034992
add association Load1782
get identifier "65518"
setting analysis irradiation position=<pychron.dvc.dvc_orm.IrradiationPositionTbl object at 0x17e418150>
close session 4983034992
================= post measurement finished
06:50:49 -- ******* Post Run Check *******
loading queue conditionals post_run_actions
loading system conditionals post_run_actions
loading conditionals from /Users/jan/PychronDev/setupfiles/spectrometer/default_conditionals.yaml
loading queue conditionals post_run_terminations
loading system conditionals post_run_terminations
loading conditionals from /Users/jan/PychronDev/setupfiles/spectrometer/default_conditionals.yaml
Checking default post run terminations n=1
GetDeflection CDD ===>> 50
testing CDD==2000
evaluate ot="CDD.deflection==2000" t="CDD==2000", ctx="{'CDD': 50.0}"
06:50:49 -- ******* Post Run Check Passed *******
06:50:49 -- Automated run 65518-21 success duration: 372.040 s
----------------- finish -----------------
----------------- stop -----------------
retroactive repository identifiers disabled
finish run. runs completed=95
update duration runid=65518-21, duration=372.0397439, md5=3d9034cf
loading script "jan_co2_whiff_120_60_large.py"
loading script "jan_pump_ms.py"
loading script "jan_co2.py"
loading script "jan_pump_extraction_line.py"
testing...
no interpolation path defined
executed 266.04
script duration name:co2_whiff_120_60_large seconds:266.0
loading script "jan_co2_whiff_120_60_large.py"
loading script "jan_pump_ms.py"
loading script "jan_co2.py"
loading script "jan_pump_extraction_line.py"
testing...
no interpolation path defined
executed 0
loading script "jan_co2_whiff_120_60_large.py"
loading script "jan_pump_ms.py"
loading script "jan_co2.py"
loading script "jan_pump_extraction_line.py"
testing...
no interpolation path defined
calculate duration
testing...
no interpolation path defined
executed 0
calculate duration
testing...
no interpolation path defined
executed 0
executed 0.0
script duration name:co2 seconds:0.0
loading script "jan_co2_whiff_120_60_large.py"
loading script "jan_pump_ms.py"
loading script "jan_co2.py"
loading script "jan_pump_extraction_line.py"
testing...
no interpolation path defined
calculate duration
testing...
no interpolation path defined
executed 4.0
executed 4.0
Script duration 266.0
Run total estimated duration= 267.000
co2_whiff_120_60_large in script context. using previous estimated duration
script duration name:co2_whiff_120_60_large seconds:266.0
pump_ms in script context. using previous estimated duration
co2 in script context. using previous estimated duration
script duration name:co2 seconds:0.0
pump_extraction_line in script context. using previous estimated duration
Script duration 266.0
Run total estimated duration= 267.000
script duration name:co2_whiff_120_60_large seconds:266.0
script duration name:co2 seconds:0.0
Script duration 266.0
Run total estimated duration= 267.000
script duration name:co2_whiff_120_60_large seconds:266.0
script duration name:co2 seconds:0.0
Script duration 266.0
Run total estimated duration= 267.000
script duration name:co2_whiff_120_60_large seconds:266.0
script duration name:co2 seconds:0.0
Script duration 266.0
Run total estimated duration= 267.000
script duration name:co2_whiff_120_60_large seconds:266.0
script duration name:co2 seconds:0.0
Script duration 266.0
Run total estimated duration= 267.000
script duration name:co2_whiff_120_60_large seconds:266.0
script duration name:co2 seconds:0.0
Script duration 266.0
Run total estimated duration= 267.000
script duration name:co2_whiff_120_60_large seconds:266.0
script duration name:co2 seconds:0.0
Script duration 266.0
Run total estimated duration= 267.000
script duration name:co2_whiff_120_60_large seconds:266.0
script duration name:co2 seconds:0.0
Script duration 266.0
Run total estimated duration= 267.000
script duration name:co2_whiff_120_60_large seconds:266.0
script duration name:co2 seconds:0.0
Script duration 266.0
Run total estimated duration= 267.000
loading script "jan_unknown400_120.py"
loading script "jan_pump_ms.py"
loading script "jan_co2.py"
loading script "jan_pump_extraction_line.py"
testing...
no interpolation path defined
executed 556.052928
script duration name:unknown400_120 seconds:556.0
script duration name:co2 seconds:0.0
Script duration 556.0
Run total estimated duration= 557.000
unknown400_120 in script context. using previous estimated duration
script duration name:unknown400_120 seconds:556.0
loading script "jan_unknown400_120.py"
loading script "jan_pump_ms.py"
loading script "jan_cocktail_x1.py"
loading script "jan_pump_extraction_line.py"
testing...
no interpolation path defined
calculate duration
testing...
no interpolation path defined
executed 0
calculate duration
testing...
no interpolation path defined
executed 0
calculate duration
testing...
no interpolation path defined
executed 32.0
calculate duration
testing...
no interpolation path defined
executed 34.0
calculate duration
testing...
no interpolation path defined
executed 4.0
calculate duration
testing...
no interpolation path defined
executed 38.0
executed 108.0
script duration name:cocktail_x1 seconds:108.0
Script duration 664.0
Run total estimated duration= 665.000
loading script "jan_unknown120_60.py"
loading script "jan_pump_ms.py"
loading script "jan_cocktail_x1.py"
loading script "jan_pump_extraction_line.py"
testing...
no interpolation path defined
executed 213.652928
script duration name:unknown120_60 seconds:214.0
cocktail_x1 in script context. using previous estimated duration
script duration name:cocktail_x1 seconds:108.0
Script duration 322.0
Run total estimated duration= 323.000
loading script "jan_ic_peak_hop3.py"
loading script "jan_pump_ms.py"
loading script "jan_air_x1.py"
loading script "jan_pump_extraction_line.py"
testing...
no interpolation path defined
executed 133.8
script duration name:ic_peak_hop3 seconds:134.0
loading script "jan_ic_peak_hop3.py"
loading script "jan_pump_ms.py"
loading script "jan_air_x1.py"
loading script "jan_pump_extraction_line.py"
testing...
no interpolation path defined
calculate duration
testing...
no interpolation path defined
executed 0
calculate duration
testing...
no interpolation path defined
executed 0
calculate duration
testing...
no interpolation path defined
executed 32.0
calculate duration
testing...
no interpolation path defined
executed 34.0
calculate duration
testing...
no interpolation path defined
executed 4.0
calculate duration
testing...
no interpolation path defined
executed 36.0
executed 106.0
script duration name:air_x1 seconds:106.0
Script duration 240.0
Run total estimated duration= 241.000
script duration name:co2_whiff_120_60_large seconds:266.0
script duration name:co2 seconds:0.0
Script duration 266.0
Run total estimated duration= 267.000
script duration name:co2_whiff_120_60_large seconds:266.0
script duration name:co2 seconds:0.0
Script duration 266.0
Run total estimated duration= 267.000
script duration name:co2_whiff_120_60_large seconds:266.0
script duration name:co2 seconds:0.0
Script duration 266.0
Run total estimated duration= 267.000
script duration name:co2_whiff_120_60_large seconds:266.0
script duration name:co2 seconds:0.0
Script duration 266.0
Run total estimated duration= 267.000
script duration name:co2_whiff_120_60_large seconds:266.0
script duration name:co2 seconds:0.0
Script duration 266.0
Run total estimated duration= 267.000
script duration name:unknown400_120 seconds:556.0
loading script "jan_unknown400_120.py"
loading script "jan_pump_ms.py"
loading script "jan_sniffair_x2.py"
loading script "jan_pump_extraction_line.py"
testing...
no interpolation path defined
calculate duration
testing...
no interpolation path defined
executed 0
calculate duration
testing...
no interpolation path defined
executed 0
calculate duration
testing...
no interpolation path defined
executed 32.0
calculate duration
testing...
no interpolation path defined
executed 34.0
calculate duration
testing...
no interpolation path defined
executed 4.0
calculate duration
testing...
no interpolation path defined
executed 36.0
calculate duration
testing...
no interpolation path defined
executed 34.0
calculate duration
testing...
no interpolation path defined
executed 4.0
calculate duration
testing...
no interpolation path defined
executed 36.0
calculate duration
testing...
no interpolation path defined
executed 70.0
executed 250.0
script duration name:sniffair_x2 seconds:250.0
Script duration 806.0
Run total estimated duration= 807.000
script duration name:co2_whiff_120_60_large seconds:266.0
script duration name:co2 seconds:0.0
Script duration 266.0
Run total estimated duration= 267.000
script duration name:co2_whiff_120_60_large seconds:266.0
script duration name:co2 seconds:0.0
Script duration 266.0
Run total estimated duration= 267.000
nruns=22 before=5.0, run_dur=7132.0, btw=630.0
write rem/ex queues
/Users/jan/PychronDev/experiments/rem/CurrentExperiment.rem.txt
/Users/jan/PychronDev/experiments/rem/CurrentExperiment.ex.txt
doing event level: 3
