do run
loading script "jan_co2_whiff_120_60_large.py"
loading script "jan_pump_ms.py"
loading script "jan_co2.py"
loading script "jan_pump_extraction_line.py"
testing...
no interpolation path defined
executed 266.04
script duration name:co2_whiff_120_60_large seconds:266.0
loading script "jan_co2_whiff_120_60_large.py"
loading script "jan_pump_ms.py"
loading script "jan_co2.py"
loading script "jan_pump_extraction_line.py"
testing...
no interpolation path defined
executed 0
loading script "jan_co2_whiff_120_60_large.py"
loading script "jan_pump_ms.py"
loading script "jan_co2.py"
loading script "jan_pump_extraction_line.py"
testing...
no interpolation path defined
calculate duration
testing...
no interpolation path defined
executed 0
calculate duration
testing...
no interpolation path defined
executed 0
executed 0.0
script duration name:co2 seconds:0.0
loading script "jan_co2_whiff_120_60_large.py"
loading script "jan_pump_ms.py"
loading script "jan_co2.py"
loading script "jan_pump_extraction_line.py"
testing...
no interpolation path defined
calculate duration
testing...
no interpolation path defined
executed 4.0
executed 4.0
Script duration 266.0
Run total estimated duration= 267.000
run duration: 0:04:27
doing event level: 2
07:38:58 -- Setting default integration. t=1.048576
setting integration time = 1.048576
SetIntegrationTime 1.048576 ===>> OK
----------------- start -----------------
**************** Experiment Type: Ar/Ar, Ar/Ar
create new session 4985261232
close session 4985261232
$$$$$ Clearing conditionals
adding conditionals detrital
extract conditionals from file. /Users/jan/PychronDev/scripts/conditionals/detrital.yaml
Get Checksum: -1965264452
no attr for this modification cd={'extraction_str': '', 'attr': '', 'mapper': '', 'use_termination': False, 'start_count': 0, 'nskip': 0, 'window': 0, 'frequency': 1, 'teststr': '', 'action': 'Skip Next Run', 'ntrips': 1, 'use_truncation': False}
no attr for this cancelation cd={'mapper': '', 'window': 0, 'frequency': 1, 'attr': '', 'teststr': '', 'start_count': 0, 'ntrips': 1}
adding truncation attr="age" test="age>100.0" start="60"
adding truncation attr="Ar39" test="Ar39<0.5" start="60"
no attr for this termination cd={'mapper': '', 'window': 0, 'frequency': 1, 'attr': '', 'teststr': '', 'start_count': 0, 'ntrips': 1}
Invalid conditional kind="pre_run_terminations"
no attr for this action cd={'mapper': '', 'attr': '', 'start_count': 0, 'window': 0, 'frequency': 1, 'teststr': '', 'action': None, 'ntrips': 1}
Invalid conditional kind="post_run_terminations"
Add queue conditionals
add default conditionals
adding default conditionals from /Users/jan/PychronDev/setupfiles/spectrometer/default_conditionals.yaml
Start automated run 65518-29
loading script "jan_co2_whiff_120_60_large.py"
loading script "jan_pump_ms.py"
loading script "jan_co2.py"
loading script "jan_pump_extraction_line.py"
%%%%%%%%%%%%%%%%%% setting automated run 65518-29
No value "sensitivity_multiplier" in metadata
$$$$$$$$$$$$$$$ auto_save_detector_ic=False
============================= Pre Extraction Check =============================
loading queue conditionals pre_run_terminations
loading system conditionals pre_run_terminations
loading conditionals from /Users/jan/PychronDev/setupfiles/spectrometer/default_conditionals.yaml
07:38:58 -- ******* Pre Extraction Check *******
Get a measurement from the spectrometer
GetData ===>> H2,-0.0540795409048436,H1,-0.0381429268845988,AX,-0.128173380524087,L1,-0.031236046936828,L2,0.10...
Pre Extraction Termination data. keys=H2,H1,AX,L1,L2,CDD, signals=-0.05408,-0.03814,-0.12817,-0.03124,0.10309,0.00357
07:38:58 -- testing system defined conditionals
Checking default pre extraction terminations n=2
testing CDD
evaluate ot="CDD.inactive" t="CDD", ctx="{'CDD': False}"
GetDeflection CDD ===>> 50
testing CDD==2000
evaluate ot="CDD.deflection==2000" t="CDD==2000", ctx="{'CDD': 50.0}"
07:38:58 -- ******* Pre Extraction Check Passed *******
=================================================================================
07:38:58 -- stopping status monitor
stop 4976082864
Alive clients [4983386864]
07:38:58 -- starting status monitor
start 4976082864
Monitor already running
start extraction
do extraction
Analysis started at 07:38:58.521411
Extraction Started jan_co2.py
07:38:58 -- ******* Extraction Started jan_co2.py *******
state changed from not run to extraction
DO EXTRACTION <pychron.extraction_line.pyscript_runner.RemotePyScriptRunner object at 0x12bb183b0>
testing...
no interpolation path defined
calculate duration
testing...
no interpolation path defined
executed 0
calculate duration
testing...
no interpolation path defined
executed 0
executed 100.0
Jan CO2 laser analysis
doing GOSUB
testing...
no interpolation path defined
executed 0
Waiting for CO2 access
wait ('FelixCO2Flag', 0) {}
waiting for FelixCO2Flag = 0
Read FelixCO2Flag ===>> 0
finished waiting
CO2 free
wait ('CO2PumpTimeFlag', 0) {}
waiting for CO2PumpTimeFlag = 0
Read CO2PumpTimeFlag ===>> 0
finished waiting
acquire ('JanCO2Flag',) {'clear': True}
acquire JanCO2Flag
Set JanCO2Flag 1 ===>> OK
JanCO2Flag acquired
set extraction state False (0.75, 'red', 1.5)
CO2 acquired
executed 0
WaitForCO2Access.py completed successfully
gosub finished
doing GOSUB
testing...
no interpolation path defined
executed 0
Prepare for CO2 analysis
close () {'description': 'Jan Inlet'}
closing name=--- desc=Jan Inlet
checking ownership. requestor=129.138.12.150
check software interlocks R
interlocks []
actuate state mode=None-script, software_lock=False
doing actuation None-script close_channel False
Close R ===>> OK
GetIndicatorState R ===>> False
change switch state (True, True)
update switch state R False args=() kw={} ncanvase=2
07:38:58 -- CLOSE  VALVE-R (Jan Inlet)
---------------------------------------- close None (Jan Inlet) result=[(True, True)]
action=close, ok=True, locked=[False]
open () {'description': 'Jan Ion Pump'}
opening name=--- desc=Jan Ion Pump
checking ownership. requestor=129.138.12.150
check software interlocks O
interlocks []
actuate state mode=None-script, software_lock=False
doing actuation None-script open_channel False
Open O ===>> OK
GetIndicatorState O ===>> OK
change switch state (True, True)
update switch state O True args=() kw={} ncanvase=2
07:38:59 -- OPEN   VALVE-O (Jan Ion Pump)
---------------------------------------- open None (Jan Ion Pump) result=[(True, True)], time=0.13 sec
action=open, ok=True, locked=[False]
close () {'description': 'Microbone to Minibone'}
closing name=--- desc=Microbone to Minibone
checking ownership. requestor=129.138.12.150
check software interlocks L
interlocks []
actuate state mode=None-script, software_lock=False
doing actuation None-script close_channel False
Close L ===>> OK
GetIndicatorState L ===>> False
change switch state (True, True)
update switch state L False args=() kw={} ncanvase=2
07:39:00 -- CLOSE  VALVE-L (Microbone to Minibone)
---------------------------------------- close None (Microbone to Minibone) result=[(True, True)]
action=close, ok=True, locked=[False]
open () {'description': 'Microbone to Turbo'}
opening name=--- desc=Microbone to Turbo
checking ownership. requestor=129.138.12.150
check software interlocks U
interlocks []
actuate state mode=None-script, software_lock=False
doing actuation None-script open_channel False
Open U ===>> OK
GetIndicatorState U ===>> OK
change switch state (True, True)
update switch state U True args=() kw={} ncanvase=2
07:39:00 -- OPEN   VALVE-U (Microbone to Turbo)
---------------------------------------- open None (Microbone to Turbo) result=[(True, True)], time=0.15 sec
action=open, ok=True, locked=[False]
open () {'description': 'Microbone to Inlet Pipette'}
opening name=--- desc=Microbone to Inlet Pipette
checking ownership. requestor=129.138.12.150
check software interlocks S
interlocks []
actuate state mode=None-script, software_lock=False
doing actuation None-script open_channel False
Open S ===>> OK
GetIndicatorState S ===>> OK
change switch state (True, True)
update switch state S True args=() kw={} ncanvase=2
07:39:01 -- OPEN   VALVE-S (Microbone to Inlet Pipette)
---------------------------------------- open None (Microbone to Inlet Pipette) result=[(True, True)], time=0.43 sec
action=open, ok=True, locked=[False]
open () {'description': 'Microbone to Getter D-50'}
opening name=--- desc=Microbone to Getter D-50
checking ownership. requestor=129.138.12.150
check software interlocks K
interlocks []
actuate state mode=None-script, software_lock=False
doing actuation None-script open_channel False
Open K ===>> OK
Get Checksum: -1965264452
GetIndicatorState K ===>> OK
change switch state (True, True)
update switch state K True args=() kw={} ncanvase=2
07:39:01 -- OPEN   VALVE-K (Microbone to Getter D-50)
---------------------------------------- open None (Microbone to Getter D-50) result=[(True, True)], time=0.48 sec
action=open, ok=True, locked=[False]
open () {'description': 'Microbone to Getter NP-10'}
opening name=--- desc=Microbone to Getter NP-10
checking ownership. requestor=129.138.12.150
check software interlocks M
interlocks []
actuate state mode=None-script, software_lock=False
doing actuation None-script open_channel False
Open M ===>> OK
GetIndicatorState M ===>> OK
change switch state (True, True)
update switch state M True args=() kw={} ncanvase=2
07:39:02 -- OPEN   VALVE-M (Microbone to Getter NP-10)
---------------------------------------- open None (Microbone to Getter NP-10) result=[(True, True)], time=0.18 sec
action=open, ok=True, locked=[False]
close () {'description': 'CO2 Laser to Felix'}
closing name=--- desc=CO2 Laser to Felix
checking ownership. requestor=129.138.12.150
check software interlocks F
interlocks []
actuate state mode=None-script, software_lock=True
VALVE-F(CO2 Laser to Felix) software locked
change switch state (True, False)
---------------------------------------- close None (CO2 Laser to Felix) result=[(True, False)]
action=close, ok=True, locked=[True]
open () {'description': 'CO2 Laser to Jan'}
opening name=--- desc=CO2 Laser to Jan
checking ownership. requestor=129.138.12.150
check software interlocks A
interlocks []
actuate state mode=None-script, software_lock=False
doing actuation None-script open_channel False
Open A ===>> OK
GetIndicatorState A ===>> OK
change switch state (True, True)
update switch state A True args=() kw={} ncanvase=2
07:39:02 -- OPEN   VALVE-A (CO2 Laser to Jan)
---------------------------------------- open None (CO2 Laser to Jan) result=[(True, True)], time=0.21 sec
action=open, ok=True, locked=[False]
open () {'description': 'Microbone to CO2 Laser'}
opening name=--- desc=Microbone to CO2 Laser
checking ownership. requestor=129.138.12.150
check software interlocks T
interlocks []
actuate state mode=None-script, software_lock=False
doing actuation None-script open_channel False
Open T ===>> OK
GetIndicatorState T ===>> OK
change switch state (True, True)
update switch state T True args=() kw={} ncanvase=2
07:39:03 -- OPEN   VALVE-T (Microbone to CO2 Laser)
---------------------------------------- open None (Microbone to CO2 Laser) result=[(True, True)], time=0.49 sec
action=open, ok=True, locked=[False]
executed 0
PrepareForCO2Analysis.py completed successfully
gosub finished
set_motor ('beam', '1.25') {}
setting motor "beam" to 1.25
set motor beam to 1.25
SetMotor beam,1.25 ===>> OK
GetMotorMoving beam ===>> False
Get Checksum: -1965264452
GetMotorMoving beam ===>> False
Block completed
move_to_position ('193',) {'autocenter': True}
FusionsCO2 move to position 193
sending GoToHole 193,True
GoToHole 193,True ===>> OK
GetDriveMoving ===>> OK
GetDriveMoving ===>> OK
GetDriveMoving ===>> OK
GetDriveMoving ===>> OK
GetDriveMoving ===>> OK
GetDriveMoving ===>> OK
GetDriveMoving ===>> False
GetDriveMoving ===>> False
Block completed
Get Checksum: -1965264452
GetAutoCorrecting ===>> OK
GetAutoCorrecting ===>> OK
GetAutoCorrecting ===>> OK
GetAutoCorrecting ===>> OK
GetAutoCorrecting ===>> OK
GetAutoCorrecting ===>> OK
Get Checksum: -1965264452
GetAutoCorrecting ===>> OK
GetAutoCorrecting ===>> OK
GetAutoCorrecting ===>> OK
GetAutoCorrecting ===>> OK
GetAutoCorrecting ===>> OK
GetAutoCorrecting ===>> OK
Get Checksum: -1965264452
GetAutoCorrecting ===>> OK
GetAutoCorrecting ===>> OK
GetAutoCorrecting ===>> OK
GetAutoCorrecting ===>> OK
GetAutoCorrecting ===>> OK
GetAutoCorrecting ===>> OK
Get Checksum: -1965264452
GetAutoCorrecting ===>> OK
GetAutoCorrecting ===>> OK
GetAutoCorrecting ===>> OK
GetAutoCorrecting ===>> OK
GetAutoCorrecting ===>> OK
GetAutoCorrecting ===>> OK
GetAutoCorrecting ===>> OK
GetAutoCorrecting ===>> OK
GetAutoCorrecting ===>> OK
Get Checksum: -1965264452
GetAutoCorrecting ===>> False
GetAutoCorrecting ===>> False
Block completed
update position
GetPosition ===>> 5.98170,-9.96950,1.00000
got position (5.9817, -9.9695, 1.0)
move to position succeeded
sleep (5,) {}
SLEEP 5.0
block started
WaitControl setup for 5.0  
Get Checksum: -1965264452
Join finished
block finished. duration 5.05151200294
close () {'description': 'Microbone to Turbo'}
closing name=--- desc=Microbone to Turbo
checking ownership. requestor=129.138.12.150
check software interlocks U
interlocks []
actuate state mode=None-script, software_lock=False
doing actuation None-script close_channel True
Close U ===>> OK
GetIndicatorState U ===>> False
change switch state (True, True)
update switch state U False args=() kw={} ncanvase=2
07:39:27 -- CLOSE  VALVE-U (Microbone to Turbo)
---------------------------------------- close None (Microbone to Turbo) result=[(True, True)]
Get Checksum: 1551197106
action=close, ok=True, locked=[False]
enable laser
enable () {}
set extraction state FusionsCO2 Enabled (False, 'red', 1.5)
enabling laser
Enable ===>> OK
begin interval
BEGIN INTERVAL Interval 1 waiting for 30.0
block started
set extract to 5.0
WaitControl setup for 30.0  
extract (5.0,) {}
GetPosition ===>> 5.98170,-9.96950,1.00000
set extraction state FusionsCO2 ON! 5.0(watts) (0.75, 'red', 1.5)
extract sample to 5.0 (watts)
set laser output
SetLaserOutput 5.0,watts ===>> OK
executing pattern triangle.lp
execute_pattern ('triangle.lp',) {}
executing pattern triangle.lp
IsPatterning ===>> OK
Get Checksum: 1551197106
IsPatterning ===>> OK
IsPatterning ===>> OK
IsPatterning ===>> OK
Get Checksum: 1551197106
IsPatterning ===>> OK
IsPatterning ===>> OK
IsPatterning ===>> OK
Get Checksum: 1551197106
IsPatterning ===>> OK
IsPatterning ===>> OK
IsPatterning ===>> OK
Get Checksum: 1551197106
IsPatterning ===>> OK
IsPatterning ===>> OK
IsPatterning ===>> OK
Get Checksum: 1551197106
IsPatterning ===>> OK
IsPatterning ===>> OK
IsPatterning ===>> OK
Get Checksum: 1551197106
IsPatterning ===>> OK
IsPatterning ===>> OK
IsPatterning ===>> OK
Get Checksum: 1551197106
IsPatterning ===>> OK
IsPatterning ===>> OK
IsPatterning ===>> OK
Get Checksum: 1551197106
IsPatterning ===>> OK
IsPatterning ===>> OK
IsPatterning ===>> OK
Get Checksum: 1551197106
IsPatterning ===>> OK
IsPatterning ===>> OK
IsPatterning ===>> OK
Get Checksum: 1551197106
IsPatterning ===>> False
Join finished
block finished. duration 30.1003348827
Interval 1 finished
IsPatterning ===>> False
Block completed
COMPLETE INTERVAL waiting for Interval 1 to complete
end_extract () {}
ending extraction. set laser power to 0
set laser power 0
SetLaserPower 0 ===>> OK
disable () {}
%%%%%%%%%%%%%%%%%%%%%%%%%%%%%%%%%%% disable
set extraction state False (0.75, 'red', 1.5)
disabling laser
Disable ===>> OK
sleep (30.0,) {}
SLEEP 30.0
block started
WaitControl setup for 30.0  
Get Checksum: 1551197106
Get Checksum: 1551197106
Get Checksum: 1551197106
Get Checksum: 1551197106
Get Checksum: 1551197106
Get Checksum: 1551197106
Get Checksum: 1551197106
Get Checksum: 1551197106
Get Checksum: 1551197106
Get Checksum: 1551197106
Join finished
block finished. duration 30.0940351486
executed 165.0
jan_co2.py completed successfully
GetAchievedOutput ===>> No Response
Requested Output= 0.000
Achieved Output=  0.000
GetResponseBlob ===>> No Response
GetOutputBlob ===>> No Response
persistence save...
persistence save - db
AutomatedRunPersister post_extraction_save deprecated
persistence save - dvc
no extraction position for 193
create new session 4983034992
close session 4983034992
Extraction Finished
07:40:29 -- ******* Extraction Finished *******
no overlap. not waiting for min ms pumptime
07:40:29 -- Sending spectrometer configuration
======== Sending configuration ========
SetDeflection CDD,50.0 ===>> OK
SetDeflection H2,0.0 ===>> OK
SetDeflection H1,0.0 ===>> OK
SetDeflection L2,825.0 ===>> OK
SetDeflection L1,400.0 ===>> OK
SetDeflection AX,190.0 ===>> OK
SetZFocus 74.64 ===>> OK
SetZSymmetry -50.72 ===>> OK
SetExtractionLens 26.13 ===>> OK
SetIonRepeller -3.81 ===>> OK
SetElectronEnergy 75.08 ===>> OK
SetYSymmetry -2.81 ===>> OK
SetIonCounterVoltage 1590.0 ===>> OK
send trap current 200.0
GetParameter Trap Current Readback ===>> 198.258926936459
SetParameter Trap Current Set,200.0 ===>> OK
updating mftable name mftable
Using mftable located at /Users/jan/PychronDev/setupfiles/spectrometer/mftables/mftable.csv
============ MFtable ===========
Isotope  H2     H1     AX     L1     L2     CDD    
Ar40     5.7772 5.8787 5.9921 6.1171 6.2305 6.3453
Ar39     5.6764 5.7710 5.8845 6.0032 6.1156 6.2318
Ar36     5.3539 5.4400 5.5479 5.6620 5.7706 5.8829
================================
get initial guess parabolic
get initial guess parabolic
get initial guess parabolic
get initial guess parabolic
get initial guess parabolic
get initial guess parabolic
======== Configuration Finished ========
GetYSymmetry ===>> -2.81
GetZSymmetry ===>> -50.72
GetParameter Trap Current Readback ===>> 198.258926936459
GetHighVoltage ===>> 4499.94659342336
start measurement
do measurement
L#=65518 analysis type=unknown
Measurement Started jan_co2_whiff_120_60_large.py
07:40:30 -- ******* Measurement Started jan_co2_whiff_120_60_large.py *******
state changed from extraction to measurement
setting spec, defl, and gains
GetExtractionLens ===>> 26.13
GetYSymmetry ===>> -2.81
GetZSymmetry ===>> -50.72
GetZFocus ===>> 74.64
GetDeflection H2 ===>> 0
GetDeflection H1 ===>> 0
GetDeflection AX ===>> 190
GetDeflection L1 ===>> 400
GetDeflection L2 ===>> 825
GetDeflection CDD ===>> 50
GetGain H2 ===>> 0.0113
GetGain H1 ===>> 0.1
GetGain AX ===>> 0.097049
GetGain L1 ===>> 0.010355
GetGain L2 ===>> 0.095649
GetGain CDD ===>> 0
pre measurement save
New frame /Users/jan/PychronDev/data/isotopes/31/55b60c-6e58-4682-9ed3-45dca22d15a3.h5
flush and close file /Users/jan/PychronDev/data/isotopes/31/55b60c-6e58-4682-9ed3-45dca22d15a3.h5
testing...
no interpolation path defined
executed 266.04
co2 whiff measurement script
activate_detectors ('H2', 'H1', 'AX', 'L1', 'L2', 'CDD') {}
activate detectors
*************** Set Analysis View Ar/Ar
create graphs
clearing graphs
clear isotope group
setting isotope det=H2, iso=PM41
setting isotope det=H1, iso=Ar40
setting isotope det=AX, iso=Ar39
setting isotope det=L1, iso=Ar38
setting isotope det=L2, iso=Ar37
setting isotope det=CDD, iso=Ar36
setting previous blanks
 - setting Ar40 blank 0.211+/-0.007
 - setting Ar36 blank 0.00445+/-0.00017
 - setting Ar37 blank 0.044+/-0.005
 - setting Ar38 blank 0.0059+/-0.0022
 - setting PM41 blank 0.03+/-0.07
 - setting Ar39 blank 0.036+/-0.008
load analysis view
position_magnet ('Ar40',) {'detector': 'H1'}
detector Detector(H1)
POSITION Ar40 H1
setting detector H2 to PM41 (40.9624)
setting detector H1 to Ar40 (39.9624)
setting detector AX to Ar39 (38.9624)
setting detector L1 to Ar38 (37.9624)
setting detector L2 to Ar37 (36.9624)
setting detector CDD to Ar36 (35.9624)
Mapping mass to dac mass func: "parabolic"
H1 map mass coeffs = [-0.00063987  0.15840543  0.57032999]
H1 map mass to dac 39.9624 >> 5.87872
GetDeflection H1 ===>> 0
GetHighVoltage ===>> 4499.94659342336
positioning Ar40 (5.87868538077) on H1
setting magnet DAC
current  : 5.878685
requested: 5.878685
Delta Dac: 0.000000
Checking detector protection. dv=0.00000
Checking detector "CDD". Protection Threshold: 0.1 (V)
SetMagnetDAC 5.87868538077 ===>> OK
close ('S',) {}
closing name=S desc=---
checking ownership. requestor=129.138.12.150
check software interlocks S
interlocks []
actuate state mode=None-script, software_lock=False
doing actuation None-script close_channel True
Close S ===>> OK
set states for children of S. state=False
handle state [('S', False)]
update switch state S False args=() kw={'refresh': False} ncanvase=2
refresh_canvas_needed fired
Get Checksum: 1048995596
GetIndicatorState S ===>> False
change switch state (True, True)
update switch state S False args=() kw={} ncanvase=2
07:40:31 -- CLOSE  VALVE-S (Microbone to Inlet Pipette)
---------------------------------------- close S () result=[(True, True)]
action=close, ok=True, locked=[False]
equilibrate () {'do_post_equilibration': False, 'inlet': 'R', 'outlet': 'O', 'eqtime': 4}
Equilibration Started
07:40:32 -- ******* Equilibration Started *******
checking ownership. requestor=129.138.12.150
check software interlocks O
interlocks []
actuate state mode=None-script, software_lock=False
doing actuation None-script close_channel True
Close O ===>> OK
GetIndicatorState O ===>> False
change switch state (True, True)
update switch state O False args=() kw={} ncanvase=2
07:40:32 -- CLOSE  VALVE-O (Jan Ion Pump)
waiting 3s before opening inlet value ('R',)
Get Checksum: 1174506924
checking ownership. requestor=129.138.12.150
check software interlocks R
interlocks []
actuate state mode=None-script, software_lock=False
doing actuation None-script open_channel True
Open R ===>> OK
GetIndicatorState R ===>> OK
change switch state (True, True)
update switch state R True args=() kw={} ncanvase=2
07:40:35 -- OPEN   VALVE-R (Jan Inlet)
equilibrating for 4sec
set_time_zero (0,) {}
sniff (4,) {}
py_sniff
build tables- sniff [Detector(H2), Detector(H1), Detector(AX), Detector(L1), Detector(L2), Detector(CDD)]
add group /sniff/PM41 (Group) '' table H2
add group /sniff/Ar40 (Group) '' table H1
add group /sniff/Ar39 (Group) '' table AX
add group /sniff/Ar38 (Group) '' table L1
add group /sniff/Ar37 (Group) '' table L2
add group /sniff/Ar36 (Group) '' table CDD
flush and close file /Users/jan/PychronDev/data/isotopes/31/55b60c-6e58-4682-9ed3-45dca22d15a3.h5
measuring sniff. ncounts=4
starting measurement
GetData ===>> H2,2.61961750145312,H1,0.531021681940858,AX,4.29753309315477,L1,0.315451191357668,L2,1.0401414241...
GetData ===>> H2,5.31960728795731,H1,0.72930997331524,AX,3.96449139427391,L1,0.958450081520535,L2,0.82168074557...
Get Checksum: 1427694182
GetData ===>> H2,1.96501351253955,H1,0.392266781994555,AX,1.40765179615325,L1,0.700017367991202,L2,0.3462040694...
GetData ===>> H2,0.67333976429752,H1,0.298112498237813,AX,0.692345964998916,L1,0.430875675819309,L2,0.157734453...
Equilibration Finished
07:40:39 -- ******* Equilibration Finished *******
checking ownership. requestor=129.138.12.150
check software interlocks R
interlocks []
actuate state mode=None-script, software_lock=False
doing actuation None-script close_channel True
Close R ===>> OK
measurement finished
estimated time: 4.194 actual time: :4.254
flush and close file /Users/jan/PychronDev/data/isotopes/31/55b60c-6e58-4682-9ed3-45dca22d15a3.h5
set_fits () {}
using default fits file=/Users/jan/PychronDev/scripts/measurement/fits/nominal_linear.yaml
set states for children of R. state=False
set "Ar40" to "('Linear', 'SEM')"
handle state [('R', False)]
update switch state R False args=() kw={'refresh': False} ncanvase=2
No fit for "PM41". defaulting to linear. check the measurement script "jan_co2_whiff_120_60_large.py"
set "PM41" to "linear"
set "Ar36" to "('Linear', 'SEM')"
set "Ar37" to "('linear', 'SEM')"
set "Ar38" to "('linear', 'SEM')"
refresh_canvas_needed fired
set "Ar39" to "('Linear', 'SEM')"
set_baseline_fits () {}
using default fits file=/Users/jan/PychronDev/scripts/measurement/fits/nominal_linear.yaml
set "H1" to "('average', 'SEM')"
set "H2" to "('average', 'SEM')"
set "CDD" to "('average', 'SEM')"
set "L2" to "('average', 'SEM')"
set "L1" to "('average', 'SEM')"
set "AX" to "('average', 'SEM')"
whiff () {'ncounts': 1, 'conditionals': [{'action': 'run_remainder', 'attr': 'Ar40', 'teststr': 'Ar40.cur<=175'}, {'action': 'run_pipette', 'attr': 'Ar40', 'teststr': 'Ar40.cur>500'}, {'action': 'run_chamber_split', 'attr': 'Ar40', 'teststr': 'Ar40.cur>=300'}, {'action': 'pump', 'attr': 'Ar40', 'teststr': 'Ar40.cur>175'}]}
build tables- whiff [Detector(H2), Detector(H1), Detector(AX), Detector(L1), Detector(L2), Detector(CDD)]
add group /whiff/PM41 (Group) '' table H2
add group /whiff/Ar40 (Group) '' table H1
add group /whiff/Ar39 (Group) '' table AX
add group /whiff/Ar38 (Group) '' table L1
add group /whiff/Ar37 (Group) '' table L2
add group /whiff/Ar36 (Group) '' table CDD
flush and close file /Users/jan/PychronDev/data/isotopes/31/55b60c-6e58-4682-9ed3-45dca22d15a3.h5
GetIndicatorState R ===>> False
measuring whiff. ncounts=1
change switch state (True, True)
update switch state R False args=() kw={} ncanvase=2
07:40:40 -- CLOSE  VALVE-R (Jan Inlet)
starting measurement
GetData ===>> H2,0.355582216913491,H1,0.326345917834847,AX,0.350451178539186,L1,0.292160608596949,L2,0.17977255...
Get Checksum: 1174506924
testing Ar40<=175
evaluate ot="Ar40.cur<=175" t="Ar40<=175", ctx="{'Ar40': 0.32634591783484701}"
condition Ar40<=175 is true trips=1/1
07:40:42 -- Conditional tripped: Ar40.cur<=175 condition Ar40<=175 is True
measurement finished
estimated time: 1.049 actual time: :1.204
flush and close file /Users/jan/PychronDev/data/isotopes/31/55b60c-6e58-4682-9ed3-45dca22d15a3.h5
WHIFF Result=run_remainder
Whiff result=run_remainder
open ('R',) {}
opening name=R desc=---
checking ownership. requestor=129.138.12.150
check software interlocks R
interlocks []
actuate state mode=None-script, software_lock=False
doing actuation None-script open_channel True
Open R ===>> OK
set states for children of R. state=True
handle state [('R', True)]
update switch state R True args=() kw={'refresh': False} ncanvase=2
refresh_canvas_needed fired
GetIndicatorState R ===>> OK
change switch state (True, True)
update switch state R True args=() kw={} ncanvase=2
07:40:42 -- OPEN   VALVE-R (Jan Inlet)
---------------------------------------- open R () result=[(True, True)], time=0.40 sec
action=open, ok=True, locked=[False]
open ('S',) {}
opening name=S desc=---
checking ownership. requestor=129.138.12.150
check software interlocks S
interlocks []
actuate state mode=None-script, software_lock=False
doing actuation None-script open_channel True
Open S ===>> OK
GetIndicatorState S ===>> OK
change switch state (True, True)
update switch state S True args=() kw={} ncanvase=2
07:40:43 -- OPEN   VALVE-S (Microbone to Inlet Pipette)
---------------------------------------- open S () result=[(True, True)], time=0.54 sec
action=open, ok=True, locked=[False]
sleep (12.0,) {}
SLEEP 12.0
block started
WaitControl setup for 12.0  
Get Checksum: -1449001502
Get Checksum: -1449001502
Get Checksum: -1449001502
Get Checksum: -1449001502
Join finished
block finished. duration 12.0676989555
close ('R',) {}
closing name=R desc=---
checking ownership. requestor=129.138.12.150
check software interlocks R
interlocks []
actuate state mode=None-script, software_lock=False
doing actuation None-script close_channel True
Close R ===>> OK
GetIndicatorState R ===>> False
change switch state (True, True)
update switch state R False args=() kw={} ncanvase=2
07:40:56 -- CLOSE  VALVE-R (Jan Inlet)
---------------------------------------- close R () result=[(True, True)]
Get Checksum: -598318598
action=close, ok=True, locked=[False]
post_equilibration () {}
multicollect () {'integration_time': 1, 'ncounts': 120.0}
Post Equilibration Started jan_pump_extraction_line.py
build tables- signal [Detector(H2), Detector(H1), Detector(AX), Detector(L1), Detector(L2), Detector(CDD)]
07:40:56 -- ******* Post Equilibration Started jan_pump_extraction_line.py *******
add group /signal/PM41 (Group) '' table H2
testing...
add group /signal/Ar40 (Group) '' table H1
no interpolation path defined
add group /signal/Ar39 (Group) '' table AX
calculate duration
add group /signal/Ar38 (Group) '' table L1
testing...
add group /signal/Ar37 (Group) '' table L2
no interpolation path defined
add group /signal/Ar36 (Group) '' table CDD
executed 4.0
flush and close file /Users/jan/PychronDev/data/isotopes/31/55b60c-6e58-4682-9ed3-45dca22d15a3.h5
executed 4.0
measuring signal. ncounts=120.0
Pump after analysis
doing GOSUB
testing...
no interpolation path defined
executed 4.0
Pump Microbone
close () {'description': 'Jan Inlet'}
closing name=--- desc=Jan Inlet
checking ownership. requestor=129.138.12.150
check software interlocks R
interlocks []
actuate state mode=None-script, software_lock=False
doing actuation None-script close_channel False
Close R ===>> OK
GetIndicatorState R ===>> False
change switch state (True, True)
update switch state R False args=() kw={} ncanvase=2
07:40:57 -- CLOSE  VALVE-R (Jan Inlet)
---------------------------------------- close None (Jan Inlet) result=[(True, True)]
starting measurement
GetData ===>> H2,0.259159829371139,H1,4.83669054092435,AX,2.14714905803132,L1,0.0560281666469767,L2,0.957664408...
action=close, ok=True, locked=[False]
is_closed ('F',) {}
is F () closed?
is closed True
open () {'description': 'CO2 Laser to Jan'}
opening name=--- desc=CO2 Laser to Jan
checking ownership. requestor=129.138.12.150
check software interlocks A
interlocks []
actuate state mode=None-script, software_lock=False
doing actuation None-script open_channel False
Open A ===>> OK
GetIndicatorState A ===>> OK
change switch state (True, True)
update switch state A True args=() kw={} ncanvase=2
07:40:57 -- OPEN   VALVE-A (CO2 Laser to Jan)
---------------------------------------- open None (CO2 Laser to Jan) result=[(True, True)], time=0.17 sec
action=open, ok=True, locked=[False]
sleep (1,) {}
SLEEP 1.0
GetData ===>> H2,0.251347994198628,H1,4.85487177132524,AX,2.10066128371405,L1,0.0520844946458487,L2,0.885212011...
close () {'description': 'CO2 Laser to Roughing'}
closing name=--- desc=CO2 Laser to Roughing
checking ownership. requestor=129.138.12.150
check software interlocks G
interlocks []
actuate state mode=None-script, software_lock=True
VALVE-G(CO2 Laser to Roughing) software locked
change switch state (True, False)
---------------------------------------- close None (CO2 Laser to Roughing) result=[(True, False)]
action=close, ok=True, locked=[True]
open () {'description': 'Microbone to Turbo'}
opening name=--- desc=Microbone to Turbo
checking ownership. requestor=129.138.12.150
check software interlocks U
interlocks []
actuate state mode=None-script, software_lock=False
doing actuation None-script open_channel True
Open U ===>> OK
GetIndicatorState U ===>> OK
change switch state (True, True)
update switch state U True args=() kw={} ncanvase=2
07:40:59 -- OPEN   VALVE-U (Microbone to Turbo)
---------------------------------------- open None (Microbone to Turbo) result=[(True, True)], time=0.18 sec
action=open, ok=True, locked=[False]
open () {'description': 'Microbone to Getter NP-10'}
opening name=--- desc=Microbone to Getter NP-10
GetData ===>> H2,0.059130790028518,H1,4.83999893764124,AX,1.89089126269754,L1,0.0418062342107089,L2,0.936585045...
checking ownership. requestor=129.138.12.150
check software interlocks M
interlocks []
actuate state mode=None-script, software_lock=False
doing actuation None-script open_channel False
Open M ===>> OK
GetIndicatorState M ===>> OK
change switch state (True, True)
update switch state M True args=() kw={} ncanvase=2
Get Checksum: -860229079
07:40:59 -- OPEN   VALVE-M (Microbone to Getter NP-10)
---------------------------------------- open None (Microbone to Getter NP-10) result=[(True, True)], time=0.22 sec
action=open, ok=True, locked=[False]
open () {'description': 'Microbone to Getter D-50'}
opening name=--- desc=Microbone to Getter D-50
checking ownership. requestor=129.138.12.150
check software interlocks K
interlocks []
actuate state mode=None-script, software_lock=False
doing actuation None-script open_channel False
Open K ===>> OK
GetIndicatorState K ===>> OK
change switch state (True, True)
update switch state K True args=() kw={} ncanvase=2
07:41:00 -- OPEN   VALVE-K (Microbone to Getter D-50)
---------------------------------------- open None (Microbone to Getter D-50) result=[(True, True)], time=0.48 sec
GetData ===>> H2,-0.102161812874887,H1,4.89144027358071,AX,1.89018831364456,L1,0.0482289333400072,L2,0.97751072...
action=open, ok=True, locked=[False]
open () {'description': 'Microbone to CO2 Laser'}
opening name=--- desc=Microbone to CO2 Laser
checking ownership. requestor=129.138.12.150
check software interlocks T
interlocks []
actuate state mode=None-script, software_lock=False
doing actuation None-script open_channel False
Open T ===>> OK
GetIndicatorState T ===>> OK
change switch state (True, True)
update switch state T True args=() kw={} ncanvase=2
07:41:01 -- OPEN   VALVE-T (Microbone to CO2 Laser)
---------------------------------------- open None (Microbone to CO2 Laser) result=[(True, True)], time=0.47 sec
action=open, ok=True, locked=[False]
open () {'description': 'Microbone to Inlet Pipette'}
opening name=--- desc=Microbone to Inlet Pipette
checking ownership. requestor=129.138.12.150
check software interlocks S
interlocks []
actuate state mode=None-script, software_lock=False
doing actuation None-script open_channel False
GetData ===>> H2,-0.0783408190893423,H1,4.94378743261945,AX,1.876833236811,L1,0.0586180165972453,L2,0.916151642...
Open S ===>> OK
GetIndicatorState S ===>> OK
change switch state (True, True)
update switch state S True args=() kw={} ncanvase=2
07:41:01 -- OPEN   VALVE-S (Microbone to Inlet Pipette)
---------------------------------------- open None (Microbone to Inlet Pipette) result=[(True, True)], time=0.51 sec
action=open, ok=True, locked=[False]
sleep (1,) {}
SLEEP 1.0
GetData ===>> H2,-0.0427542250263303,H1,4.83587174100249,AX,1.87417415307124,L1,0.0485475686428958,L2,0.8056311...
set_resource () {'name': 'CO2PumpTimeFlag', 'value': 30}
Set CO2PumpTimeFlag 30 ===>> OK
release ('JanCO2Flag',) {}
release JanCO2Flag
Set JanCO2Flag 0 ===>> OK
executed 6.0
PumpMicrobone.py completed successfully
gosub finished
get_resource_value () {'name': 'JanMiniboneFlag'}
Read JanMiniboneFlag ===>> 0
Get Resource Value JanMiniboneFlag=0.0
get resource value 0.0
get_resource_value () {'name': 'JanMiniboneFlag'}
Read JanMiniboneFlag ===>> 0
Get Resource Value JanMiniboneFlag=0.0
executed 4.0
jan_pump_extraction_line.py completed successfully
Post Equilibration Finished
07:41:03 -- ******* Post Equilibration Finished *******
GetData ===>> H2,-0.00231332288866339,H1,4.86015959578758,AX,1.73415269781957,L1,0.0163931937064738,L2,0.951374...
GetData ===>> H2,0.0445241673967203,H1,4.88693262925237,AX,1.97400374644704,L1,0.0260427724439733,L2,0.93817729...
Get Checksum: -860229079
GetData ===>> H2,0.0456574654539067,H1,4.92994045202699,AX,1.88858326548584,L1,0.0242840368985902,L2,0.87579011...
GetData ===>> H2,-0.0765369975109849,H1,4.92847397926959,AX,1.77889291562401,L1,0.031981825332871,L2,0.82964417...
GetData ===>> H2,-0.159676225133092,H1,4.92277937553365,AX,1.86297633437907,L1,0.0269819286382156,L2,0.95978405...
Get Checksum: -860229079
GetData ===>> H2,-0.114184983292088,H1,4.9087763943817,AX,1.88308881001968,L1,0.0205192573220558,L2,0.956266611...
GetData ===>> H2,-0.0858119086413399,H1,4.89213659403143,AX,1.82161637627932,L1,0.0201047728790639,L2,0.9248215...
GetData ===>> H2,-0.0818175522135411,H1,5.00748561530211,AX,1.90635098739364,L1,0.0136050033169301,L2,0.8636906...
Get Checksum: -860229079
GetData ===>> H2,-0.110122624102293,H1,5.00725324680047,AX,1.91043670331705,L1,-0.00242282855314442,L2,0.751441...
GetData ===>> H2,-0.218377470454314,H1,5.02311666277364,AX,1.81322238338036,L1,0.00039126286077514,L2,0.8944401...
GetData ===>> H2,-0.0650448396733613,H1,5.02966088349608,AX,1.87738380498977,L1,0.00186882566701128,L2,0.961869...
Get Checksum: -860229079
GetData ===>> H2,-0.217547423741898,H1,5.04825456500788,AX,1.8726162211335,L1,0.00413540338070375,L2,0.88619661...
GetData ===>> H2,-0.246465396404187,H1,5.06330271655833,AX,1.8005683605275,L1,0.00695824585988034,L2,0.92951762...
Get Checksum: -860229079
GetData ===>> H2,-0.208056431435608,H1,5.08469909446958,AX,1.7757332879849,L1,0.00282557618577343,L2,0.89019236...
GetData ===>> H2,-0.225200138517769,H1,5.04169079038659,AX,1.78015679513718,L1,0.00939656129412148,L2,0.8998332...
GetData ===>> H2,-0.222079598886575,H1,5.05475763840535,AX,1.81926317622076,L1,-0.0123181021022715,L2,0.8643545...
Get Checksum: -860229079
GetData ===>> H2,-0.136977097640043,H1,5.13236180177004,AX,1.87231166589625,L1,0.0140144179246493,L2,0.89560808...
GetData ===>> H2,-0.160400109060892,H1,5.05149382637529,AX,1.87647009778538,L1,0.0306721461855488,L2,0.76812771...
07:41:22 -- collecting point 25
GetData ===>> H2,-0.25947565163652,H1,5.10540280730598,AX,1.94400687897331,L1,0.058427847028717,L2,0.8215777745...
Get Checksum: -860229079
GetData ===>> H2,-0.130400979815056,H1,5.25635032308929,AX,1.79795815896751,L1,0.0263177848301865,L2,0.88372367...
GetData ===>> H2,-0.210110991787864,H1,5.22747536504975,AX,1.99430748329651,L1,-0.00672224922610169,L2,0.848102...
GetData ===>> H2,-0.124565078021767,H1,5.18883472349032,AX,1.9195921332717,L1,0.00399852987455343,L2,0.93325172...
Get Checksum: -860229079
GetData ===>> H2,-0.218729143941786,H1,5.09533781102418,AX,1.89758124611624,L1,0.00955497621557624,L2,0.8905358...
GetData ===>> H2,-0.265608624090072,H1,5.17763556494197,AX,1.89616354085333,L1,-0.0183162708855775,L2,0.8420826...
GetData ===>> H2,-0.206056750034609,H1,5.23610029683901,AX,1.82259981986848,L1,-0.0379110930269358,L2,0.8414303...
Get Checksum: -860229079
GetData ===>> H2,-0.104063427347733,H1,5.32449558142594,AX,1.84533884384758,L1,-0.020027317800921,L2,0.83591468...
GetData ===>> H2,-0.239951949290867,H1,5.21226511008546,AX,1.86136001823305,L1,0.0151490995851257,L2,0.96131939...
GetData ===>> H2,-0.202722263157193,H1,5.21642780689,AX,1.86590451104384,L1,0.041714822643416,L2,0.875240626158...
Get Checksum: -860229079
GetData ===>> H2,-0.175954660168799,H1,5.2497915693521,AX,1.81387795533408,L1,0.0620741899641563,L2,0.822927847...
GetData ===>> H2,-0.187369201310157,H1,5.3196589241115,AX,1.88887615553045,L1,-0.0158193229396737,L2,0.82398046...
GetData ===>> H2,-0.106247522665079,H1,5.31335324442532,AX,1.77315885171767,L1,-0.0265738511000161,L2,0.8956424...
Get Checksum: -860229079
GetData ===>> H2,-0.13283924122265,H1,5.37724829108253,AX,1.93735516266145,L1,-0.0144970890377172,L2,0.89345549...
GetData ===>> H2,-0.26199303927915,H1,5.36187408834656,AX,1.81550519748103,L1,-0.0037917886541104,L2,0.85509494...
GetData ===>> H2,-0.309640464973737,H1,5.2510641306182,AX,1.90988646806801,L1,0.0227325322702409,L2,0.789728197...
Get Checksum: -860229079
GetData ===>> H2,-0.273561789013606,H1,5.35228322072829,AX,1.87238194779031,L1,-0.00351225276622445,L2,0.856022...
GetData ===>> H2,-0.183758539539867,H1,5.38527319074109,AX,1.80499298616218,L1,-0.00945401839330151,L2,0.873202...
GetData ===>> H2,-0.237676376058226,H1,5.45861384855357,AX,1.84001074259674,L1,0.00730499783585564,L2,0.7775594...
Get Checksum: -860229079
GetData ===>> H2,-0.177021044259897,H1,5.41473284823393,AX,1.93632465532794,L1,0.00162275020338403,L2,0.9044479...
GetData ===>> H2,-0.259346644611149,H1,5.45246472644496,AX,1.91891305675893,L1,-0.00905952861190345,L2,0.840446...
GetData ===>> H2,-0.156573534644566,H1,5.43089670924461,AX,1.89438265082341,L1,-0.0142478119029826,L2,0.8326535...
Get Checksum: -860229079
GetData ===>> H2,-0.166562054171563,H1,5.42476149004585,AX,1.84653331498035,L1,0.0330513225115283,L2,0.89513863...
GetData ===>> H2,-0.129568428693328,H1,5.42156544304719,AX,1.94107913148367,L1,0.0339106074534875,L2,0.86549920...
GetData ===>> H2,-0.18596391811566,H1,5.46514309982664,AX,1.85432115427708,L1,0.0146087590511172,L2,0.837093317...
Get Checksum: -860229079
07:41:48 -- collecting point 50
GetData ===>> H2,-0.154687461838585,H1,5.47984462021935,AX,1.83024525872315,L1,-0.0130348946520824,L2,0.9068755...
GetData ===>> H2,-0.138731850250426,H1,5.42151646225706,AX,1.78152601629425,L1,0.00478377684084957,L2,0.9681599...
Get Checksum: -860229079
GetData ===>> H2,-0.0750609306952087,H1,5.46306055439321,AX,1.91845643898287,L1,-0.0172873443444855,L2,0.838626...
GetData ===>> H2,-0.149026426595686,H1,5.41765929830358,AX,1.85023392556457,L1,0.0348721319276214,L2,0.83035358...
GetData ===>> H2,-0.190543258442592,H1,5.51597028104884,AX,1.79919887393105,L1,0.0103410871048821,L2,0.74479274...
Get Checksum: -860229079
GetData ===>> H2,-0.171967872279026,H1,5.49289398011108,AX,1.79223468620866,L1,-0.0055432102602525,L2,0.7848627...
GetData ===>> H2,-0.24482124012095,H1,5.50904562155734,AX,1.81890024988503,L1,0.00833812551396775,L2,0.87160035...
GetData ===>> H2,-0.185713052668585,H1,5.58274055670409,AX,1.82005927739483,L1,0.0352375352598463,L2,0.95234830...
Get Checksum: -860229079
GetData ===>> H2,-0.196152848024196,H1,5.4833365401856,AX,1.83648615746784,L1,0.0255432058128882,L2,0.821223097...
GetData ===>> H2,-0.120230482924998,H1,5.55823919383387,AX,1.90578906840237,L1,0.0313750262356251,L2,0.88759339...
GetData ===>> H2,-0.119194262838656,H1,5.49633732674233,AX,1.949511280301,L1,0.0111740715233501,L2,0.9425417882...
Get Checksum: -860229079
GetData ===>> H2,-0.20361191522038,H1,5.47123172454922,AX,1.87832094940845,L1,0.0144670745500151,L2,0.923103551...
GetData ===>> H2,-0.18904533304488,H1,5.52321409633005,AX,1.86381964031301,L1,0.00312930646043294,L2,0.86670108...
GetData ===>> H2,-0.0522803645166038,H1,5.5617828238254,AX,1.79752508290543,L1,-0.0103724362211891,L2,0.9116051...
Get Checksum: -860229079
GetData ===>> H2,-0.136096915341915,H1,5.66628365371671,AX,1.7017813108909,L1,0.00488704017065762,L2,0.79294521...
testing age>100.0
evaluate ot="age>100.0" t="age>100.0", ctx="{'age': 7.71961022682534}"
testing Ar39<0.5
evaluate ot="Ar39<0.5" t="Ar39<0.5", ctx="{'Ar39': 1.9669233816951288}"
GetData ===>> H2,-0.156264164562303,H1,5.66558466511073,AX,1.77079511056219,L1,-0.00324830617763343,L2,0.863667...
GetData ===>> H2,-0.195830481744025,H1,5.54823430914972,AX,1.86682983301175,L1,0.0202357240933179,L2,0.83320275...
Get Checksum: -860229079
GetData ===>> H2,-0.273955404285371,H1,5.61976834556279,AX,1.90547299038146,L1,0.00993422205581198,L2,0.8617448...
GetData ===>> H2,-0.216918110694848,H1,5.6857346087605,AX,1.78685094667273,L1,0.012291627086098,L2,0.9589820216...
GetData ===>> H2,-0.212363169361238,H1,5.70218371300621,AX,1.88095671599658,L1,0.0115197682740092,L2,0.83061676...
Get Checksum: -860229079
testing age>100.0
evaluate ot="age>100.0" t="age>100.0", ctx="{'age': 7.769224155661861}"
testing Ar39<0.5
evaluate ot="Ar39<0.5" t="Ar39<0.5", ctx="{'Ar39': 1.9634650830911307}"
GetData ===>> H2,-0.175902013289859,H1,5.66361035451075,AX,1.96289880203756,L1,-0.0113555060437872,L2,0.8223672...
GetData ===>> H2,-0.107549119550451,H1,5.66841743776976,AX,1.95746392774103,L1,-0.00677022347292717,L2,0.886001...
Get Checksum: -860229079
GetData ===>> H2,-0.13030502330331,H1,5.72670892057106,AX,1.83175568378615,L1,0.0359287126259816,L2,0.865213043...
GetData ===>> H2,-0.0788286555683825,H1,5.73643964855661,AX,1.80554315195632,L1,0.0499653170681751,L2,0.9043334...
GetData ===>> H2,-0.118914223684156,H1,5.70590076503341,AX,1.91970921590321,L1,-0.011614445044162,L2,0.86997487...
Get Checksum: -860229079
testing age>100.0
evaluate ot="age>100.0" t="age>100.0", ctx="{'age': 8.13132809652416}"
testing Ar39<0.5
evaluate ot="Ar39<0.5" t="Ar39<0.5", ctx="{'Ar39': 1.9486674512613038}"
07:42:15 -- collecting point 75
GetData ===>> H2,-0.074034754862436,H1,5.66873628286368,AX,1.78448687601941,L1,-0.0179817014222858,L2,0.9562093...
GetData ===>> H2,-0.11888851926107,H1,5.7699459096461,AX,1.89091469441924,L1,0.0282418804011205,L2,0.9148002586...
GetData ===>> H2,-0.305238867027012,H1,5.77168902446841,AX,1.94735632903022,L1,0.031334173746656,L2,0.857807498...
Get Checksum: -860229079
GetData ===>> H2,-0.167678244411779,H1,5.69484814271946,AX,1.84668555254048,L1,0.00809453302013504,L2,0.8893336...
GetData ===>> H2,-0.0392463467872247,H1,5.76213908129801,AX,1.79587472946655,L1,0.00629477102246291,L2,0.819152...
testing age>100.0
evaluate ot="age>100.0" t="age>100.0", ctx="{'age': 8.6742132539698}"
testing Ar39<0.5
evaluate ot="Ar39<0.5" t="Ar39<0.5", ctx="{'Ar39': 1.9461809556416834}"
GetData ===>> H2,-0.0958781317313648,H1,5.7769553745205,AX,1.88710711294576,L1,0.00346906303601082,L2,0.9228973...
Get Checksum: -860229079
GetData ===>> H2,-0.0980990064467016,H1,5.7965775221718,AX,1.91481528081806,L1,0.000234037013592463,L2,0.881765...
GetData ===>> H2,-0.124882838125678,H1,5.86251011563077,AX,1.74799144064329,L1,0.013105564031023,L2,0.942931280...
GetData ===>> H2,-0.109154536745245,H1,5.80920121230506,AX,1.93192170021685,L1,0.0511415139375442,L2,0.86964290...
Get Checksum: -860229079
GetData ===>> H2,-0.0791511581961725,H1,5.88884340381657,AX,1.88098014534985,L1,0.0485247227581611,L2,0.9239740...
testing age>100.0
evaluate ot="age>100.0" t="age>100.0", ctx="{'age': 8.8899673436562}"
testing Ar39<0.5
evaluate ot="Ar39<0.5" t="Ar39<0.5", ctx="{'Ar39': 1.9401352616171748}"
GetData ===>> H2,-0.122738122879457,H1,5.88099795819435,AX,1.86638474034473,L1,0.0280136601134494,L2,0.89567678...
GetData ===>> H2,-0.167894181460473,H1,5.91211314430071,AX,1.89719459719839,L1,0.0112724978626843,L2,0.81434719...
Get Checksum: -860229079
GetData ===>> H2,-0.0735195986740695,H1,5.84114151748063,AX,1.79408395178024,L1,0.0115641815635462,L2,0.7654265...
GetData ===>> H2,-0.16723691026657,H1,5.88970287860702,AX,1.87890666920805,L1,0.0192350116577863,L2,0.817630635...
GetData ===>> H2,-0.178099474900352,H1,5.86370079970016,AX,1.77580350082827,L1,-0.00120848556335391,L2,0.932587...
Get Checksum: -860229079
testing age>100.0
evaluate ot="age>100.0" t="age>100.0", ctx="{'age': 9.043322637682651}"
testing Ar39<0.5
evaluate ot="Ar39<0.5" t="Ar39<0.5", ctx="{'Ar39': 1.940828492927438}"
GetData ===>> H2,-0.187245133423871,H1,5.79533854558549,AX,1.83560795825725,L1,-0.0020760597727291,L2,0.8127684...
GetData ===>> H2,-0.139968666073882,H1,5.88223796540974,AX,1.85838512902386,L1,-0.00294955828184208,L2,0.933022...
GetData ===>> H2,-0.288822919762619,H1,5.93872936258844,AX,1.79796986375241,L1,0.0269627122896505,L2,0.88703238...
Get Checksum: -860229079
GetData ===>> H2,-0.184260351504317,H1,5.93327536430868,AX,1.89179338801496,L1,0.00427708142507342,L2,0.8543967...
GetData ===>> H2,-0.0507170483430786,H1,5.92597925035026,AX,1.90776750577313,L1,0.00474535354651128,L2,0.825982...
Get Checksum: -860229079
testing age>100.0
evaluate ot="age>100.0" t="age>100.0", ctx="{'age': 9.109279747406072}"
testing Ar39<0.5
evaluate ot="Ar39<0.5" t="Ar39<0.5", ctx="{'Ar39': 1.938004947969831}"
GetData ===>> H2,-0.0933953842720556,H1,5.93456513514379,AX,1.91566994570121,L1,0.0206442067002081,L2,0.7763346...
GetData ===>> H2,-0.222513320602182,H1,5.87655369848494,AX,1.86898504707032,L1,-0.00883889536656406,L2,0.845378...
GetData ===>> H2,-0.114726340958354,H1,5.98105679354724,AX,1.91389037787839,L1,0.0420359695682965,L2,0.89982178...
Get Checksum: -860229079
GetData ===>> H2,-0.154768531594189,H1,5.96960394182553,AX,1.84303191619305,L1,0.00169957311722372,L2,0.8662546...
GetData ===>> H2,-0.228322509155842,H1,5.89185159694676,AX,1.88123786860485,L1,-0.00958950827705574,L2,0.859821...
testing age>100.0
evaluate ot="age>100.0" t="age>100.0", ctx="{'age': 9.382109334790364}"
testing Ar39<0.5
evaluate ot="Ar39<0.5" t="Ar39<0.5", ctx="{'Ar39': 1.9317922811112438}"
07:42:41 -- collecting point 100
GetData ===>> H2,-0.23691904276728,H1,5.93444229913078,AX,1.81785830753183,L1,-0.0121550786106162,L2,0.86298101...
Get Checksum: -860229079
GetData ===>> H2,-0.217294085657508,H1,5.97847610431874,AX,1.8626366715334,L1,0.00613880678950612,L2,0.89842483...
GetData ===>> H2,-0.190002625964766,H1,5.98092161298427,AX,1.98571918224319,L1,-0.0117726822648555,L2,0.8821094...
GetData ===>> H2,-0.20632896465319,H1,6.01535854158859,AX,1.89847171607587,L1,-0.0218303767659713,L2,0.80629529...
GetData ===>> H2,-0.295869520912707,H1,6.08515550596496,AX,1.88489292570507,L1,-0.0067498344459588,L2,0.8613785...
testing age>100.0
evaluate ot="age>100.0" t="age>100.0", ctx="{'age': 9.52948367774799}"
testing Ar39<0.5
evaluate ot="Ar39<0.5" t="Ar39<0.5", ctx="{'Ar39': 1.9258758762354595}"
GetData ===>> H2,-0.167906327797198,H1,5.98020884567456,AX,1.94099715580881,L1,0.000872557238756442,L2,0.757872...
Get Checksum: -860229079
GetData ===>> H2,-0.0945453985560113,H1,6.06820872169476,AX,1.72659660809485,L1,0.00480418927558529,L2,0.885154...
GetData ===>> H2,-0.172736837993136,H1,6.02958193718577,AX,1.92399453617476,L1,0.0259491018153092,L2,0.73466628...
GetData ===>> H2,-0.0523007187805208,H1,6.03703833510767,AX,1.93794068300435,L1,0.0253618788553062,L2,0.8850517...
Get Checksum: -860229079
GetData ===>> H2,-0.127143410685349,H1,6.05863667830666,AX,1.88594729436039,L1,0.00829612638792344,L2,0.9239625...
testing age>100.0
evaluate ot="age>100.0" t="age>100.0", ctx="{'age': 9.676520325004121}"
testing Ar39<0.5
evaluate ot="Ar39<0.5" t="Ar39<0.5", ctx="{'Ar39': 1.9221229824105521}"
GetData ===>> H2,-0.12528577218865,H1,6.02627770919917,AX,1.84758727215555,L1,-0.00474551148953573,L2,0.8083755...
GetData ===>> H2,-0.132207612087182,H1,6.01002834434976,AX,1.8079428472978,L1,-0.0297317307435726,L2,0.86024542...
Get Checksum: -860229079
GetData ===>> H2,-0.109739460930588,H1,6.15893533474801,AX,1.8032137476662,L1,-0.0243402146363083,L2,0.74597137...
GetData ===>> H2,-0.151867645619136,H1,6.1973162631509,AX,1.80190275044614,L1,0.0173611955532929,L2,0.875492473...
GetData ===>> H2,-0.210621542648997,H1,6.12317608024104,AX,1.82470723213586,L1,0.0560053038290359,L2,0.85073441...
Get Checksum: -860229079
testing age>100.0
evaluate ot="age>100.0" t="age>100.0", ctx="{'age': 9.846473091991843}"
testing Ar39<0.5
evaluate ot="Ar39<0.5" t="Ar39<0.5", ctx="{'Ar39': 1.9275403559490907}"
GetData ===>> H2,-0.219440541911288,H1,6.15876314908339,AX,1.92612555733198,L1,0.0133096588252155,L2,0.95146613...
GetData ===>> H2,-0.0727752923495945,H1,6.21021158773918,AX,1.91824569303244,L1,0.0191977721759604,L2,0.7742742...
GetData ===>> H2,-0.151731272571039,H1,6.27489691000809,AX,1.89995975624971,L1,0.023826131922308,L2,0.904768547...
Get Checksum: -860229079
GetData ===>> H2,-0.253145849471932,H1,6.27984220879092,AX,1.86914903268358,L1,0.0247419626721982,L2,0.86678121...
GetData ===>> H2,-0.269468988219513,H1,6.23568735500999,AX,1.89128960272593,L1,0.0354707271995856,L2,0.88237275...
Get Checksum: -860229079
testing age>100.0
evaluate ot="age>100.0" t="age>100.0", ctx="{'age': 9.889931342959354}"
testing Ar39<0.5
evaluate ot="Ar39<0.5" t="Ar39<0.5", ctx="{'Ar39': 1.9216855311791352}"
GetData ===>> H2,-0.254515882606326,H1,6.16449462632198,AX,1.78855966682409,L1,0.0192205963581782,L2,0.86299246...
measurement finished
estimated time: 125.829 actual time: :126.197
flush and close file /Users/jan/PychronDev/data/isotopes/31/55b60c-6e58-4682-9ed3-45dca22d15a3.h5
baselines () {'settling_time': 15.0, 'detector': 'H1', 'mass': 34.2, 'ncounts': 60.0}
%%%%%%%%%%%%%%%%%%%%%%%%%%%%%%%% Baseline
build tables- baseline [Detector(H2), Detector(H1), Detector(AX), Detector(L1), Detector(L2), Detector(CDD)]
add group baseline table H2
add group baseline table H1
add group baseline table AX
add group baseline table L1
add group baseline table L2
add group baseline table CDD
flush and close file /Users/jan/PychronDev/data/isotopes/31/55b60c-6e58-4682-9ed3-45dca22d15a3.h5
detector Detector(H1)
POSITION 34.2 H1
Mapping mass to dac mass func: "parabolic"
H1 map mass coeffs = [-0.00063987  0.15840543  0.57032999]
H1 map mass to dac 34.2 >> 5.23937599104
GetDeflection H1 ===>> 0
GetHighVoltage ===>> 4499.94659342336
positioning 34.2 (5.23934513685) on H1
setting magnet DAC
current  : 5.878685
requested: 5.239345
Delta Dac: 0.639340
Checking detector protection. dv=0.63934
Checking detector "CDD". Protection Threshold: 0.1 (V)
ProtectDetector CDD,On ===>> OK
GetDeflection CDD ===>> 2000
SetMagnetDAC 5.23934513685 ===>> OK
Magnet settling time: 0.500
GetMagnetMoving ===>> True
GetMagnetMoving ===>> True
GetMagnetMoving ===>> True
GetMagnetMoving ===>> True
GetMagnetMoving ===>> True
Get Checksum: -860229079
GetMagnetMoving ===>> True
GetMagnetMoving ===>> True
GetMagnetMoving ===>> True
GetMagnetMoving ===>> False
ProtectDetector CDD,Off ===>> OK
GetDeflection CDD ===>> 50
Delaying 15.0s for detectors to settle
Get Checksum: -860229079
Get Checksum: -860229079
Get Checksum: 800219246
State checksums do not match. Local:-860229079 Remote:800219246
State checksum failed
set states for children of C. state=False
set states for children of B. state=False
handle state [('C', False), ('B', False)]
update switch state C False args=() kw={'refresh': True} ncanvase=2
update switch state B False args=() kw={'refresh': False} ncanvase=2
refresh_canvas_needed fired
Get Checksum: -1019187554
Get Checksum: -1019187554
Join finished
measuring baseline. ncounts=60.0
starting measurement
GetData ===>> H2,-0.325852486540515,H1,-0.0333135748161738,AX,-0.0942798602128423,L1,-0.00561398048214557,L2,-0...
GetData ===>> H2,-0.192140737177952,H1,-0.03314663008378,AX,0.0444067181144431,L1,-0.0159104808322843,L2,0.0284...
Get Checksum: -1019187554
GetData ===>> H2,-0.185111492442549,H1,-0.0615113136321675,AX,-0.0710632278366856,L1,-0.00597502082033618,L2,-0...
GetData ===>> H2,-0.229346954210669,H1,-0.0170470798132925,AX,-0.0162277341106136,L1,-0.00265440105350744,L2,0....
GetData ===>> H2,-0.254210698258385,H1,-0.028388588144934,AX,-0.0554587237588364,L1,-0.00679780856133251,L2,0.0...
Get Checksum: -1019187554
GetData ===>> H2,-0.219887837405035,H1,0.036493601550114,AX,-0.065939290698491,L1,-0.0243521989881162,L2,-0.086...
GetData ===>> H2,-0.226787687035456,H1,-0.0400746024636021,AX,-0.104281125214741,L1,-0.0134208387258087,L2,-0.0...
GetData ===>> H2,-0.200500523387487,H1,-0.0629776171757744,AX,-0.101511468781244,L1,-0.0275203606741654,L2,-0.0...
Get Checksum: -1019187554
GetData ===>> H2,-0.20997088936784,H1,0.0327825283071849,AX,-0.0399676772689268,L1,-0.0173305182023851,L2,0.032...
GetData ===>> H2,-0.258149227778866,H1,-0.0103799152137317,AX,-0.0262602192125995,L1,-0.0579681800023485,L2,-0....
GetData ===>> H2,-0.277697421527814,H1,-0.0956598797944295,AX,-0.0379615455504,L1,-0.0309677777356893,L2,-0.084...
Get Checksum: -1019187554
GetData ===>> H2,-0.231438633693983,H1,-0.0686757310272899,AX,-0.112983591100192,L1,-0.0306324311685306,L2,-0.1...
GetData ===>> H2,-0.124762495983928,H1,-0.0287344183648618,AX,0.0131449764514483,L1,-0.0360684076635779,L2,-0.0...
GetData ===>> H2,-0.131002414844613,H1,-0.0415531437653936,AX,-0.0872679316051149,L1,-0.0390718832512605,L2,-0....
Get Checksum: -1019187554
GetData ===>> H2,-0.132701286682369,H1,-0.0336355388707908,AX,-0.138385366783733,L1,-0.0439387944546978,L2,-0.1...
GetData ===>> H2,-0.216491894359144,H1,-0.0388106708074652,AX,-0.0688374783346608,L1,0.0181647317206836,L2,0.03...
GetData ===>> H2,-0.145315835386628,H1,-0.02175795698085,AX,-0.0442813002089079,L1,0.000156025099811631,L2,-0.0...
Get Checksum: -1019187554
GetData ===>> H2,-0.249205573231476,H1,0.00379077536007979,AX,-0.0443044912133809,L1,-0.00565356360964839,L2,-0...
GetData ===>> H2,-0.332503420615425,H1,-0.0513538894332253,AX,-0.102172021617867,L1,-0.0120136296179367,L2,0.13...
GetData ===>> H2,-0.268022850579155,H1,-0.0123836893564764,AX,0.0460431881952346,L1,-0.0115101509702732,L2,-0.0...
Get Checksum: -1019187554
GetData ===>> H2,-0.255408533061168,H1,-0.0721087475900937,AX,-0.119194195903543,L1,-0.010782459941584,L2,0.004...
GetData ===>> H2,-0.252267811454132,H1,-0.0888906888300898,AX,-0.0323024077871957,L1,-0.0306132681697319,L2,-0....
Get Checksum: -1019187554
GetData ===>> H2,-0.103347483171159,H1,-0.00921102843902659,AX,0.0197933482989013,L1,-0.0321150574708571,L2,0.0...
GetData ===>> H2,-0.183190601855662,H1,-0.0637048003941264,AX,-0.0809857415997782,L1,0.000408065768258213,L2,-0...
07:43:46 -- collecting point 25
GetData ===>> H2,-0.173489564390647,H1,0.00404128541002819,AX,-0.0423912147669139,L1,-0.0178030199829912,L2,-0....
Get Checksum: -1019187554
GetData ===>> H2,-0.19751504763258,H1,-0.044307464878046,AX,-0.151730659876298,L1,-0.0255865107476505,L2,-0.014...
GetData ===>> H2,-0.242183631767692,H1,0.0346559468024534,AX,-0.0066118154267416,L1,-0.0383291846227521,L2,-0.0...
GetData ===>> H2,-0.172249832435717,H1,0.0430688632934164,AX,-0.0658697331345172,L1,-0.0438166714809548,L2,0.01...
Get Checksum: -1019187554
GetData ===>> H2,-0.105953898593698,H1,-0.0270410314054502,AX,-0.0209367518520903,L1,-0.0623007903395423,L2,-0....
GetData ===>> H2,-0.103199957876619,H1,-0.0690571831283513,AX,-0.0304468811482951,L1,-0.0532863734900225,L2,-0....
GetData ===>> H2,-0.150295880501328,H1,-0.0529395646420071,AX,-0.144171257343605,L1,-0.0219574418697201,L2,-0.0...
Get Checksum: -1019187554
GetData ===>> H2,-0.133428910350156,H1,-0.0887834268366692,AX,-0.0165177048398709,L1,-0.0174000756948855,L2,0.0...
GetData ===>> H2,-0.149780013185345,H1,-0.0883424596557657,AX,-0.104848952986465,L1,0.0119074908932083,L2,-0.02...
GetData ===>> H2,-0.168967057642124,H1,-0.124447160754548,AX,-0.123712856923084,L1,-0.0239878683118197,L2,0.006...
Get Checksum: -1019187554
GetData ===>> H2,-0.198479277921774,H1,-0.0273630156389036,AX,0.0193988423587026,L1,-0.0523856221716471,L2,-0.0...
GetData ===>> H2,-0.123389964449733,H1,-0.0121451469191179,AX,-0.0903045643766356,L1,-0.0718173508357607,L2,-0....
GetData ===>> H2,-0.130696699119538,H1,-0.046298636828168,AX,-0.160158932861255,L1,-0.0643378229710229,L2,-0.09...
Get Checksum: -1019187554
GetData ===>> H2,-0.199762992670247,H1,-0.0731457815135393,AX,-0.118348371930005,L1,-0.0186760105837084,L2,0.06...
GetData ===>> H2,-0.251548387896165,H1,-0.0884258860282426,AX,-0.0356538631231779,L1,0.00542860020239079,L2,-0....
GetData ===>> H2,-0.266231049285671,H1,-0.0712743446766638,AX,-0.0744365323714703,L1,-0.0173173262099033,L2,0.0...
Get Checksum: -1019187554
GetData ===>> H2,-0.289299633969046,H1,-0.0609390917867934,AX,-0.0733816627644903,L1,-0.0328251556387958,L2,-0....
GetData ===>> H2,-0.297679795106985,H1,-0.104359047806768,AX,-0.0676666209218607,L1,-0.00712042854872418,L2,0.0...
GetData ===>> H2,-0.154626659141391,H1,-0.0368431982593396,AX,-0.0352015973401627,L1,-0.0111397184543783,L2,0.0...
Get Checksum: -1019187554
GetData ===>> H2,-0.100173236414411,H1,-0.060140359989602,AX,-0.0710284508922212,L1,-0.0086194564181225,L2,0.07...
GetData ===>> H2,-0.114383935233888,H1,0.0242272983566274,AX,-0.0697996575437265,L1,0.0155669827977081,L2,-0.16...
GetData ===>> H2,-0.247653291592196,H1,-0.00525102485113822,AX,-0.0696025854684873,L1,0.00479338268733779,L2,-0...
Get Checksum: -1019187554
GetData ===>> H2,-0.237758428658769,H1,-0.0744092795853966,AX,-0.0641307778755076,L1,-0.0375337174848979,L2,-0....
GetData ===>> H2,-0.285963554175278,H1,0.0680253739588245,AX,0.027138412620414,L1,-0.0688733106632752,L2,-0.037...
GetData ===>> H2,-0.262345371090403,H1,-0.143835519123292,AX,-0.106679885269911,L1,-0.00459436144201889,L2,-0.0...
Get Checksum: -1019187554
07:44:13 -- collecting point 50
GetData ===>> H2,-0.143414818363489,H1,-0.0337905582313834,AX,-0.0248105020495506,L1,0.0108799985544011,L2,-0.0...
GetData ===>> H2,-0.225147620379151,H1,0.00584259042051301,AX,-0.040361941068101,L1,0.00776335267321457,L2,0.04...
GetData ===>> H2,-0.203560694727195,H1,-0.0574222398432188,AX,-0.0913824303175103,L1,-0.0655780214706886,L2,0.0...
Get Checksum: -1019187554
GetData ===>> H2,-0.148228218437382,H1,-0.0360204255426709,AX,-0.0538819036125699,L1,-0.026891361076332,L2,0.01...
GetData ===>> H2,-0.234790704713265,H1,-0.0441047685056926,AX,-0.0196261367901057,L1,0.00818092968380019,L2,0.0...
GetData ===>> H2,-0.183564283775417,H1,-0.0582329149814374,AX,-0.048861416352876,L1,-0.0189314179611813,L2,-0.0...
Get Checksum: -1019187554
GetData ===>> H2,-0.210855930310478,H1,-0.0758038768583045,AX,-0.195892724630679,L1,0.00105259845378779,L2,-0.0...
GetData ===>> H2,-0.242330331269878,H1,-0.0511869747917835,AX,-0.117027481425892,L1,-0.0161599613681192,L2,-0.1...
Get Checksum: -1019187554
GetData ===>> H2,-0.299741999109389,H1,-0.052498439474946,AX,-0.0468090871656132,L1,-0.0222966738594922,L2,-0.0...
GetData ===>> H2,-0.170568760412316,H1,-0.0949090942224949,AX,-0.0925993613832514,L1,-0.0320324289628605,L2,-0....
set states for children of V. state=False
handle state [('V', False)]
update switch state V False args=() kw={'refresh': False} ncanvase=2
refresh_canvas_needed fired
GetData ===>> H2,-0.0306070702917801,H1,-0.0232248430816593,AX,-0.0424607891149185,L1,-0.000558055872630419,L2,...
Get Checksum: -1401191061
measurement finished
estimated time: 62.915 actual time: :63.099
flush and close file /Users/jan/PychronDev/data/isotopes/31/55b60c-6e58-4682-9ed3-45dca22d15a3.h5
activate_detectors ('H1', 'AX', 'CDD') {'peak_center': True}
peak_center () {'detector': 'H1', 'isotope': 'Ar40'}
peak center: mean=6.18133518594 threshold=3
peak center started
setup peak center. detector=['H1', 'AX', 'CDD'], isotope=Ar40
VersionedUnpickler [<apptools.sweet_pickle.versioned_unpickler.VersionedUnpickler object at 0x18fce4830>] using Updater [<apptools.sweet_pickle.updater.Updater object at 0x12ce00cb0>]
VersionedUnpickler [<apptools.sweet_pickle.versioned_unpickler.VersionedUnpickler object at 0x18fce4830>] using Updater [<apptools.sweet_pickle.updater.Updater object at 0x12ce00cb0>]
VersionedUnpickler [<apptools.sweet_pickle.versioned_unpickler.VersionedUnpickler object at 0x186957f50>] using Updater [<apptools.sweet_pickle.updater.Updater object at 0x12ce00cb0>]
setting integration time = 0.524288
SetIntegrationTime 0.524288 ===>> OK
Mapping mass to dac mass func: "parabolic"
H1 map mass coeffs = [-0.00063987  0.15840543  0.57032999]
H1 map mass to dac 39.9624 >> 5.87872
GetDeflection H1 ===>> 0
GetHighVoltage ===>> 4499.94659342336
do peak center. <pychron.spectrometer.jobs.peak_center.PeakCenter object at 0x12ce00b30>
doing pc
starting peak center. center dac= 5.87868538077 step_width=0.001
width = 0.001
get scan parameters. half-width=0.015,window=0.015, i=0, scalar=1
Scan parameters center=5.87869 width=0.03000 (5.86369 - 5.89369)
GetData ===>> H2,-0.204416585681656,H1,-0.0241669781009033,AX,-0.0464380399807652,L1,0.0164304228276312,L2,-0.1...
Moving to starting dac 5.86368538077
setting magnet DAC
current  : 5.239345
requested: 5.863685
Delta Dac: 0.624340
Checking detector protection. dv=0.62434
Checking detector "CDD". Protection Threshold: 0.1 (V)
ProtectDetector CDD,On ===>> OK
GetDeflection CDD ===>> 2000
SetMagnetDAC 5.86368538077 ===>> OK
Magnet settling time: 0.500
GetMagnetMoving ===>> True
set states for children of H. state=True
handle state [('H', True)]
update switch state H True args=() kw={'refresh': False} ncanvase=2
refresh_canvas_needed fired
GetMagnetMoving ===>> True
GetMagnetMoving ===>> True
GetMagnetMoving ===>> True
GetMagnetMoving ===>> True
GetMagnetMoving ===>> True
GetMagnetMoving ===>> True
GetMagnetMoving ===>> True
GetMagnetMoving ===>> False
ProtectDetector CDD,Off ===>> OK
GetDeflection CDD ===>> 50
Wait until signal near baseline. tol= -0.0181252335757. timeout= 10
GetData ===>> H2,0.00970867694493103,H1,0.289837456961739,AX,0.0328013365753421,L1,-0.00396574483836371,L2,0.00...
GetData ===>> H2,0.0814992685531221,H1,0.169812773504163,AX,-0.0666000850764244,L1,-0.031561475767542,L2,-0.129...
GetData ===>> H2,0.0814992685531221,H1,0.169812773504163,AX,-0.0666000850764244,L1,-0.031561475767542,L2,-0.129...
GetData ===>> H2,-0.0598886175988951,H1,0.104765032823839,AX,-0.25357515703225,L1,-0.0367345929839292,L2,-0.074...
GetData ===>> H2,-0.147742259788076,H1,0.0498355090637005,AX,-0.166062203371479,L1,-0.016132817019218,L2,-0.079...
Get Checksum: -1722284511
GetData ===>> H2,-0.119550051415136,H1,-0.0274226422350975,AX,-0.162147747316839,L1,-0.0163580832648391,L2,-0.0...
Peak center baseline intensity achieved
_do_sweep sm= 5.86368538077, em= 5.89368538077, stm= 0.001
calculated step values: start=5.86368538077, end=5.89368538077, width=0.001, nsteps=31.0
setting magnet DAC
current  : 5.863685
requested: 5.863685
Delta Dac: 0.000000
Checking detector protection. dv=0.00000
Checking detector "CDD". Protection Threshold: 0.1 (V)
SetMagnetDAC 5.86368538077 ===>> OK
GetData ===>> H2,-0.126874382889795,H1,-0.0248467408982876,AX,-0.151121568615078,L1,-0.0312527994346833,L2,0.07...
setting magnet DAC
current  : 5.863685
requested: 5.864720
Delta Dac: 0.001034
Checking detector protection. dv=0.00103
Checking detector "CDD". Protection Threshold: 0.1 (V)
SetMagnetDAC 5.86471986353 ===>> OK
Magnet settling time: 1.049
GetData ===>> H2,-0.273136667958888,H1,-0.0546325134481716,AX,-0.180236311834488,L1,-0.00242282855314442,L2,0.0...
setting magnet DAC
current  : 5.864720
requested: 5.865754
Delta Dac: 0.001034
Checking detector protection. dv=0.00103
Checking detector "CDD". Protection Threshold: 0.1 (V)
SetMagnetDAC 5.86575434629 ===>> OK
Magnet settling time: 1.049
GetData ===>> H2,-0.214042581565154,H1,-0.0550855512288393,AX,-0.10635541876981,L1,-0.0156103716345846,L2,0.041...
setting magnet DAC
current  : 5.865754
requested: 5.866789
Delta Dac: 0.001034
Checking detector protection. dv=0.00103
Checking detector "CDD". Protection Threshold: 0.1 (V)
SetMagnetDAC 5.86678882905 ===>> OK
Magnet settling time: 1.049
Get Checksum: -1722284511
GetData ===>> H2,-0.228620219988776,H1,0.0703172448717428,AX,-0.10264715334113,L1,-0.0476628322995555,L2,0.1318...
setting magnet DAC
current  : 5.866789
requested: 5.867823
Delta Dac: 0.001034
Checking detector protection. dv=0.00103
Checking detector "CDD". Protection Threshold: 0.1 (V)
SetMagnetDAC 5.8678233118 ===>> OK
Magnet settling time: 1.049
GetData ===>> H2,-0.198232496735279,H1,0.500476080475854,AX,0.0641364868235305,L1,-0.037062876704525,L2,-0.0667...
setting magnet DAC
current  : 5.867823
requested: 5.868858
Delta Dac: 0.001034
Checking detector protection. dv=0.00103
Checking detector "CDD". Protection Threshold: 0.1 (V)
SetMagnetDAC 5.86885779456 ===>> OK
Magnet settling time: 1.049
Get Checksum: -1722284511
GetData ===>> H2,-0.317015059089465,H1,1.33465400757278,AX,0.16000316629151,L1,-0.0256279667071213,L2,-0.041438...
setting magnet DAC
current  : 5.868858
requested: 5.869892
Delta Dac: 0.001034
Checking detector protection. dv=0.00103
Checking detector "CDD". Protection Threshold: 0.1 (V)
SetMagnetDAC 5.86989227732 ===>> OK
Magnet settling time: 1.049
GetData ===>> H2,-0.27442241170616,H1,2.85491935543403,AX,0.442795126611888,L1,-0.00226684407431474,L2,0.009064...
setting magnet DAC
current  : 5.869892
requested: 5.870927
Delta Dac: 0.001034
Checking detector protection. dv=0.00103
Checking detector "CDD". Protection Threshold: 0.1 (V)
SetMagnetDAC 5.87092676008 ===>> OK
Magnet settling time: 1.049
GetData ===>> H2,-0.219382181760115,H1,4.51129024937396,AX,0.940026849884129,L1,-0.0305516621689317,L2,0.124036...
setting magnet DAC
current  : 5.870927
requested: 5.871961
Delta Dac: 0.001034
Checking detector protection. dv=0.00103
Checking detector "CDD". Protection Threshold: 0.1 (V)
SetMagnetDAC 5.87196124284 ===>> OK
Magnet settling time: 1.049
Get Checksum: -1722284511
GetData ===>> H2,-0.211788044653294,H1,5.85105976682858,AX,1.34725976656235,L1,-0.0357352984464006,L2,0.2579391...
setting magnet DAC
current  : 5.871961
requested: 5.872996
Delta Dac: 0.001034
Checking detector protection. dv=0.00103
Checking detector "CDD". Protection Threshold: 0.1 (V)
SetMagnetDAC 5.8729957256 ===>> OK
Magnet settling time: 1.049
GetData ===>> H2,-0.160146214738925,H1,6.56744517021426,AX,1.60577818984891,L1,-0.0437508202419204,L2,0.5592492...
setting magnet DAC
current  : 5.872996
requested: 5.874030
Delta Dac: 0.001034
Checking detector protection. dv=0.00103
Checking detector "CDD". Protection Threshold: 0.1 (V)
SetMagnetDAC 5.87403020836 ===>> OK
Magnet settling time: 1.049
GetData ===>> H2,-0.223112750235833,H1,6.82811357426962,AX,1.74767557269629,L1,0.00424826539019944,L2,0.7375559...
setting magnet DAC
current  : 5.874030
requested: 5.875065
Delta Dac: 0.001034
Checking detector protection. dv=0.00103
Checking detector "CDD". Protection Threshold: 0.1 (V)
SetMagnetDAC 5.87506469111 ===>> OK
Magnet settling time: 1.049
Get Checksum: -1722284511
GetData ===>> H2,-0.143857935236048,H1,7.06711263386401,AX,1.78940233428011,L1,-0.0131415701153298,L2,0.7825368...
setting magnet DAC
current  : 5.875065
requested: 5.876099
Delta Dac: 0.001034
Checking detector protection. dv=0.00103
Checking detector "CDD". Protection Threshold: 0.1 (V)
SetMagnetDAC 5.87609917387 ===>> OK
Magnet settling time: 1.049
GetData ===>> H2,-0.135869160062516,H1,6.99542284743739,AX,1.82419208274067,L1,-0.00595223128151221,L2,0.708959...
setting magnet DAC
current  : 5.876099
requested: 5.877134
Delta Dac: 0.001034
Checking detector protection. dv=0.00103
Checking detector "CDD". Protection Threshold: 0.1 (V)
SetMagnetDAC 5.87713365663 ===>> OK
Magnet settling time: 1.049
GetData ===>> H2,-0.25760490539191,H1,6.99850552364698,AX,1.8415447377367,L1,0.0132155989691389,L2,0.6860378372...
setting magnet DAC
current  : 5.877134
requested: 5.878168
Delta Dac: 0.001034
Checking detector protection. dv=0.00103
Checking detector "CDD". Protection Threshold: 0.1 (V)
SetMagnetDAC 5.87816813939 ===>> OK
Magnet settling time: 1.049
Get Checksum: -1722284511
GetData ===>> H2,-0.170767102115159,H1,7.13796302361829,AX,1.77943123268781,L1,-0.00940845501376232,L2,0.911582...
setting magnet DAC
current  : 5.878168
requested: 5.879203
Delta Dac: 0.001034
Checking detector protection. dv=0.00103
Checking detector "CDD". Protection Threshold: 0.1 (V)
SetMagnetDAC 5.87920262215 ===>> OK
Magnet settling time: 1.049
GetData ===>> H2,-0.262627802434265,H1,7.1188014858165,AX,1.79759531132638,L1,0.0322966542975269,L2,0.777550622...
setting magnet DAC
current  : 5.879203
requested: 5.880237
Delta Dac: 0.001034
Checking detector protection. dv=0.00103
Checking detector "CDD". Protection Threshold: 0.1 (V)
SetMagnetDAC 5.88023710491 ===>> OK
Magnet settling time: 1.049
Get Checksum: -1401191061
State checksums do not match. Local:-1722284511 Remote:-1401191061
State checksum failed
GetData ===>> H2,-0.210931364386486,H1,7.0471006180626,AX,1.81311702401009,L1,-0.0022500456016995,L2,0.84342154...
setting magnet DAC
current  : 5.880237
requested: 5.881272
Delta Dac: 0.001034
Checking detector protection. dv=0.00103
Checking detector "CDD". Protection Threshold: 0.1 (V)
SetMagnetDAC 5.88127158767 ===>> OK
Magnet settling time: 1.049
set states for children of H. state=False
handle state [('H', False)]
update switch state H False args=() kw={'refresh': False} ncanvase=2
refresh_canvas_needed fired
GetData ===>> H2,-0.218410309175218,H1,7.03365451692701,AX,1.87567353946122,L1,-0.0291324872960484,L2,0.8369903...
setting magnet DAC
current  : 5.881272
requested: 5.882306
Delta Dac: 0.001034
Checking detector protection. dv=0.00103
Checking detector "CDD". Protection Threshold: 0.1 (V)
SetMagnetDAC 5.88230607042 ===>> OK
Magnet settling time: 1.049
GetData ===>> H2,-0.166140923599509,H1,7.05822889461645,AX,1.78472093988306,L1,-0.0287016694594123,L2,0.7719242...
setting magnet DAC
current  : 5.882306
requested: 5.883341
Delta Dac: 0.001034
Checking detector protection. dv=0.00103
Checking detector "CDD". Protection Threshold: 0.1 (V)
SetMagnetDAC 5.88334055318 ===>> OK
Magnet settling time: 1.049
set states for children of C. state=True
handle state [('C', True)]
update switch state C True args=() kw={'refresh': False} ncanvase=2
refresh_canvas_needed fired
Get Checksum: 287999353
GetData ===>> H2,-0.200581419625836,H1,7.08066180257256,AX,1.67797550122545,L1,-0.0368687832455689,L2,0.8207196...
setting magnet DAC
current  : 5.883341
requested: 5.884375
Delta Dac: 0.001034
Checking detector protection. dv=0.00103
Checking detector "CDD". Protection Threshold: 0.1 (V)
SetMagnetDAC 5.88437503594 ===>> OK
Magnet settling time: 1.049
GetData ===>> H2,-0.0612189180331032,H1,6.99532420331328,AX,1.72112290004167,L1,0.00054609071215887,L2,0.631555...
setting magnet DAC
current  : 5.884375
requested: 5.885410
Delta Dac: 0.001034
Checking detector protection. dv=0.00103
Checking detector "CDD". Protection Threshold: 0.1 (V)
SetMagnetDAC 5.8854095187 ===>> OK
Magnet settling time: 1.049
set states for children of B. state=True
handle state [('B', True)]
update switch state B True args=() kw={'refresh': False} ncanvase=2
refresh_canvas_needed fired
GetData ===>> H2,-0.176704950401196,H1,6.29971669391385,AX,1.44456856850426,L1,0.0549292376509982,L2,0.56475952...
setting magnet DAC
current  : 5.885410
requested: 5.886444
Delta Dac: 0.001034
Checking detector protection. dv=0.00103
Checking detector "CDD". Protection Threshold: 0.1 (V)
SetMagnetDAC 5.88644400146 ===>> OK
Magnet settling time: 1.049
Get Checksum: -110011688
GetData ===>> H2,-0.26793045750837,H1,5.16951748641425,AX,1.06320951632727,L1,0.034070454545457,L2,0.3016054625...
setting magnet DAC
current  : 5.886444
requested: 5.887478
Delta Dac: 0.001034
Checking detector protection. dv=0.00103
Checking detector "CDD". Protection Threshold: 0.1 (V)
SetMagnetDAC 5.88747848422 ===>> OK
Magnet settling time: 1.049
GetData ===>> H2,-0.224234909773906,H1,3.27469235883948,AX,0.547475792806698,L1,0.00142469383152811,L2,0.049568...
setting magnet DAC
current  : 5.887478
requested: 5.888513
Delta Dac: 0.001034
Checking detector protection. dv=0.00103
Checking detector "CDD". Protection Threshold: 0.1 (V)
SetMagnetDAC 5.88851296698 ===>> OK
Magnet settling time: 1.049
GetData ===>> H2,-0.184246195455495,H1,1.66265912157371,AX,0.230079120606109,L1,-0.0267292454703052,L2,0.055401...
setting magnet DAC
current  : 5.888513
requested: 5.889547
Delta Dac: 0.001034
Checking detector protection. dv=0.00103
Checking detector "CDD". Protection Threshold: 0.1 (V)
SetMagnetDAC 5.88954744973 ===>> OK
Magnet settling time: 1.049
Get Checksum: -110011688
GetData ===>> H2,-0.201244746960632,H1,0.536836554577858,AX,0.0438728402087131,L1,-0.0250844651376952,L2,0.0364...
setting magnet DAC
current  : 5.889547
requested: 5.890582
Delta Dac: 0.001034
Checking detector protection. dv=0.00103
Checking detector "CDD". Protection Threshold: 0.1 (V)
SetMagnetDAC 5.89058193249 ===>> OK
Magnet settling time: 1.049
GetData ===>> H2,-0.127869348342563,H1,0.158197414246053,AX,-0.044130558545323,L1,-0.0507190790739227,L2,0.0405...
setting magnet DAC
current  : 5.890582
requested: 5.891616
Delta Dac: 0.001034
Checking detector protection. dv=0.00103
Checking detector "CDD". Protection Threshold: 0.1 (V)
SetMagnetDAC 5.89161641525 ===>> OK
Magnet settling time: 1.049
Get Checksum: -110011688
GetData ===>> H2,-0.186251315760654,H1,0.116278839498496,AX,0.0229146428346942,L1,-0.0423235382620063,L2,0.0545...
setting magnet DAC
current  : 5.891616
requested: 5.892651
Delta Dac: 0.001034
Checking detector protection. dv=0.00103
Checking detector "CDD". Protection Threshold: 0.1 (V)
SetMagnetDAC 5.89265089801 ===>> OK
Magnet settling time: 1.049
GetData ===>> H2,-0.0793151161097792,H1,0.0600997247615755,AX,-0.0304004925290435,L1,-0.00445520542377744,L2,0....
setting magnet DAC
current  : 5.892651
requested: 5.893685
Delta Dac: 0.001034
Checking detector protection. dv=0.00103
Checking detector "CDD". Protection Threshold: 0.1 (V)
SetMagnetDAC 5.89368538077 ===>> OK
Magnet settling time: 1.049
GetData ===>> H2,-0.170443277133258,H1,-0.0202671970476185,AX,-0.0769635361266914,L1,0.0212858850910915,L2,0.00...
result of _do_sweep=True
result of _calculate_peak_center=([5.8715310721519423, 5.8789258617311004, 5.8863206513102586], [5.2939411799114833, 7.1378478239922147, 5.304280718571178], 5.8781743587250892, 7.1378478239922147)
Failed to find a valid peak. No peak greater than 1.0. max = 0.0154641182939
new center pos Detector(H1) (Ar40) @ 5.87892586173
GetHighVoltage ===>> 4499.94659342336
GetDeflection H1 ===>> 0
dac uncorrected for HV and deflection 5.87896048238
update mftable H1 Ar40 5.87896048238 message=automated run peakcenter
get initial guess parabolic
get initial guess parabolic
get initial guess parabolic
get initial guess parabolic
get initial guess parabolic
get initial guess parabolic
dump mftable to /Users/jan/PychronDev/setupfiles/spectrometer/mftables/mftable.csv
add to repo msg=modified - automated run peakcenter
sweep finished
Get Checksum: -110011688
locally archiving mftable
setting magnet DAC
current  : 5.893685
requested: 5.878926
Delta Dac: 0.014760
Checking detector protection. dv=0.01476
Checking detector "CDD". Protection Threshold: 0.1 (V)
SetMagnetDAC 5.87892586173 ===>> OK
Magnet settling time: 0.500
setting integration time = 1.048576
SetIntegrationTime 1.048576 ===>> OK
Failed to find a valid peak. No peak greater than 1.0. max = 0.0154641182939
flush and close file /Users/jan/PychronDev/data/isotopes/31/55b60c-6e58-4682-9ed3-45dca22d15a3.h5
finished measure script
executed 278.04
jan_co2_whiff_120_60_large.py completed successfully
Measurement Finished
07:45:04 -- ******* Measurement Finished *******
Post Measurement Started jan_pump_ms.py
07:45:04 -- ******* Post Measurement Started jan_pump_ms.py *******
testing...
no interpolation path defined
executed 0
Pumping spectrometer
open () {'name': 'O'}
opening name=O desc=---
checking ownership. requestor=129.138.12.150
check software interlocks O
interlocks []
actuate state mode=None-script, software_lock=False
doing actuation None-script open_channel True
Open O ===>> OK
GetIndicatorState O ===>> OK
change switch state (True, True)
update switch state O True args=() kw={} ncanvase=2
07:45:04 -- OPEN   VALVE-O (Jan Ion Pump)
---------------------------------------- open O () result=[(True, True)], time=0.11 sec
action=open, ok=True, locked=[False]
executed 0
jan_pump_ms.py completed successfully
setting _ms_pumptime
Post Measurement Finished
07:45:04 -- ******* Post Measurement Finished *******
$$$$$$$$$$$$$$$$$$$$ state at run end measurement
state changed from measurement to success
post measurement save measured=True aborted=False
Set filtering
setting fod for Ar40= {'filter_outliers': True, 'std_devs': 2, 'iterations': 1}
setting fod for H1= {'filter_outliers': True, 'std_devs': 2, 'iterations': 1}
setting fod for PM41= {'filter_outliers': False, 'std_devs': 2, 'iterations': 1}
setting fod for H2= {'filter_outliers': True, 'std_devs': 2, 'iterations': 1}
setting fod for Ar36= {'filter_outliers': True, 'std_devs': 2, 'iterations': 1}
setting fod for CDD= {'filter_outliers': True, 'std_devs': 10, 'iterations': 1}
setting fod for Ar37= {'filter_outliers': True, 'std_devs': 2, 'iterations': 1}
setting fod for L2= {'filter_outliers': True, 'std_devs': 2, 'iterations': 1}
setting fod for Ar38= {'filter_outliers': True, 'std_devs': 2, 'iterations': 1}
setting fod for L1= {'filter_outliers': True, 'std_devs': 2, 'iterations': 1}
setting fod for Ar39= {'filter_outliers': True, 'std_devs': 2, 'iterations': 1}
setting fod for AX= {'filter_outliers': True, 'std_devs': 2, 'iterations': 1}
persistence save...
persistence save - db
post measurement save
6733820464 connecting to database sqlite:////Users/jan/PychronDev/.appdata/local_lab.db
connected to db sqlite:////Users/jan/PychronDev/.appdata/local_lab.db
create new session 6733820464
close session 6733820464
No database instance. Not saving post measurement to isotopedb database
$$$$$$$$$$$$$$$ auto_save_detector_ic=False
massspec enabled True
create new session 5010684144
MassSpec Database Version: 16.0
close session 5010684144
saving post measurement to secondary database
saving to massspec database 129.138.12.160/massspecdata
setting labnumber to 65518
setting aliquot to 29
setting step to 
setting uuid to 3155b60c-6e58-4682-9ed3-45dca22d15a3
setting irradpos to 65518
setting extract_device to Fusions CO2
setting tray to 
setting position to 193
setting power_requested to 5.0
setting extract_value to 5.0
setting duration to 30.0
setting duration_at_request to 30.0
setting first_stage_delay to 30.0
setting cleanup to 30.0
setting comment to F:20
setting irradiation to NM-289
setting level to F
setting irradiation_level to F
setting sample to MB-64b-djk
setting material to DetritalSanidine
setting project to IR943
setting mass_spectrometer to Jan
no attribute chron_dosages
no attribute production_ratios
no attribute interference_corrections
no attribute production_name
no attribute j
Reference Isotope=Ar40
Reference Detector=H1
%%%%%%%%%%%%%%%%%%%% Comment: F:20 %%%%%%%%%%%%%%%%%%%
adding isotope PM41 H2
add baseline dbdet= PM41. original det= H2
get baseline data PM41 H2
Get data baseline <pychron.processing.isotope.Baseline object at 0x18f31a150> len t=60
baseline PM41. v=-0.201587427621, e=0.0076650477435
get signal data PM41 H2
Get data signal PM41 0.11+/-0.09 len t=120
adding isotope Ar40 H1
add baseline dbdet= Ar40. original det= H1
get baseline data Ar40 H1
Get data baseline <pychron.processing.isotope.Baseline object at 0x18f31a310> len t=60
baseline Ar40. v=-0.0416025992635, e=0.00455119894272
get signal data Ar40 H1
Get data signal Ar40 4.657+/-0.011 len t=120
adding isotope Ar39 AX
add baseline dbdet= Ar39. original det= AX
get baseline data Ar39 AX
Get data baseline <pychron.processing.isotope.Baseline object at 0x18f31a4d0> len t=60
baseline Ar39. v=-0.0646603894629, e=0.00578646223403
get signal data Ar39 AX
Get data signal Ar39 1.929+/-0.014 len t=120
adding isotope Ar38 L1
add baseline dbdet= Ar38. original det= L1
get baseline data Ar38 L1
Get data baseline <pychron.processing.isotope.Baseline object at 0x18f31a690> len t=60
baseline Ar38. v=-0.0184648510426, e=0.00261273662683
get signal data Ar38 L1
Get data signal Ar38 0.038+/-0.005 len t=120
adding isotope Ar37 L2
add baseline dbdet= Ar37. original det= L2
get baseline data Ar37 L2
Get data baseline <pychron.processing.isotope.Baseline object at 0x18f31a850> len t=60
baseline Ar37. v=-0.0216608096956, e=0.00704755142665
get signal data Ar37 L2
Get data signal Ar37 0.927+/-0.012 len t=120
adding isotope Ar36 CDD
add baseline dbdet= Ar36. original det= CDD
get baseline data Ar36 CDD
Get data baseline <pychron.processing.isotope.Baseline object at 0x18f31aa10> len t=60
baseline Ar36. v=1.48865411202e-05, e=5.81418773012e-06
get signal data Ar36 CDD
Get data signal Ar36 0.01038+/-0.00029 len t=120
65518-29 added analysis time 0.503736019135s
analysis added to mass spec database
mass spec save time= 0.530
persistence save - dvc
================= post measurement started
create new session 4983034992
close session 4983034992
---------------- Experiment Queue saving disabled
DVC saving peakcenter
Failed to find a valid peak. No peak greater than 1.0. max = 0.0154641182939
Get Checksum: 2035439760
Smart pull ahead: 0 behind: 0
Up-to-date with origin
add to repo msg=modified - ad8224ebc6dbfeb9f5997218dfa5fe690569839d.json
add to repo msg=modified - 18-29.json
add to repo msg=modified - 18-29.dat.json
add to repo msg=modified - 18-29.blan.json
add to repo msg=modified - 18-29.inte.json
add to repo msg=modified - 18-29.icfa.json
add to repo msg=modified - 18-29.base.json
not at valid file /Users/jan/PychronDev/data/.dvc/repositories/Load1782/655/tags/18-29.tags.json
add to repo msg=modified - 18-29.peak.json
add to repo msg=modified - 18-29.extr.json
not at valid file /Users/jan/PychronDev/data/.dvc/repositories/Load1782/655/monitor/18-29.moni.json
commit message=<COLLECTION>
add to repo msg=modified - 18-29.inte.json
add to repo msg=modified - 18-29.base.json
commit message=<ISOEVO> default collection fits
Get Checksum: 2035439760
add to repo msg=modified - 18-29.blan.json
commit message=<BLANKS> preceding bc-02-J-249
add to repo msg=modified - 18-29.icfa.json
commit message=<ICFactor> default
push repository <pychron.git_archive.repo_manager.GitRepoManager object at 0x18c79e770>
pushing to remote=origin, url=https://github.com
Get Checksum: 2035439760
no changes to meta repo
Get Checksum: 2035439760
create new session 4983034992
add association Load1782
get identifier "65518"
setting analysis irradiation position=<pychron.dvc.dvc_orm.IrradiationPositionTbl object at 0x1915cfd90>
close session 4983034992
================= post measurement finished
07:45:16 -- ******* Post Run Check *******
loading queue conditionals post_run_actions
loading system conditionals post_run_actions
loading conditionals from /Users/jan/PychronDev/setupfiles/spectrometer/default_conditionals.yaml
loading queue conditionals post_run_terminations
loading system conditionals post_run_terminations
loading conditionals from /Users/jan/PychronDev/setupfiles/spectrometer/default_conditionals.yaml
Checking default post run terminations n=1
GetDeflection CDD ===>> 50
testing CDD==2000
evaluate ot="CDD.deflection==2000" t="CDD==2000", ctx="{'CDD': 50.0}"
07:45:16 -- ******* Post Run Check Passed *******
07:45:16 -- Automated run 65518-29 success duration: 378.256 s
----------------- finish -----------------
----------------- stop -----------------
retroactive repository identifiers disabled
finish run. runs completed=103
update duration runid=65518-29, duration=378.255984068, md5=3d9034cf
loading script "jan_co2_whiff_120_60_large.py"
loading script "jan_pump_ms.py"
loading script "jan_co2.py"
loading script "jan_pump_extraction_line.py"
testing...
no interpolation path defined
executed 266.04
script duration name:co2_whiff_120_60_large seconds:266.0
loading script "jan_co2_whiff_120_60_large.py"
loading script "jan_pump_ms.py"
loading script "jan_co2.py"
loading script "jan_pump_extraction_line.py"
testing...
no interpolation path defined
executed 0
loading script "jan_co2_whiff_120_60_large.py"
loading script "jan_pump_ms.py"
loading script "jan_co2.py"
loading script "jan_pump_extraction_line.py"
testing...
no interpolation path defined
calculate duration
testing...
no interpolation path defined
executed 0
calculate duration
testing...
no interpolation path defined
executed 0
executed 0.0
script duration name:co2 seconds:0.0
loading script "jan_co2_whiff_120_60_large.py"
loading script "jan_pump_ms.py"
loading script "jan_co2.py"
loading script "jan_pump_extraction_line.py"
testing...
no interpolation path defined
calculate duration
testing...
no interpolation path defined
executed 4.0
executed 4.0
Script duration 266.0
Run total estimated duration= 267.000
co2_whiff_120_60_large in script context. using previous estimated duration
script duration name:co2_whiff_120_60_large seconds:266.0
pump_ms in script context. using previous estimated duration
co2 in script context. using previous estimated duration
script duration name:co2 seconds:0.0
pump_extraction_line in script context. using previous estimated duration
Script duration 266.0
Run total estimated duration= 267.000
loading script "jan_unknown400_120.py"
loading script "jan_pump_ms.py"
loading script "jan_co2.py"
loading script "jan_pump_extraction_line.py"
testing...
no interpolation path defined
executed 556.052928
script duration name:unknown400_120 seconds:556.0
script duration name:co2 seconds:0.0
Script duration 556.0
Run total estimated duration= 557.000
unknown400_120 in script context. using previous estimated duration
script duration name:unknown400_120 seconds:556.0
loading script "jan_unknown400_120.py"
loading script "jan_pump_ms.py"
loading script "jan_cocktail_x1.py"
loading script "jan_pump_extraction_line.py"
testing...
no interpolation path defined
calculate duration
testing...
no interpolation path defined
executed 0
calculate duration
testing...
no interpolation path defined
executed 0
calculate duration
testing...
no interpolation path defined
executed 32.0
calculate duration
testing...
no interpolation path defined
executed 34.0
calculate duration
testing...
no interpolation path defined
executed 4.0
calculate duration
testing...
no interpolation path defined
executed 38.0
executed 108.0
script duration name:cocktail_x1 seconds:108.0
Script duration 664.0
Run total estimated duration= 665.000
loading script "jan_unknown120_60.py"
loading script "jan_pump_ms.py"
loading script "jan_cocktail_x1.py"
loading script "jan_pump_extraction_line.py"
testing...
no interpolation path defined
executed 213.652928
script duration name:unknown120_60 seconds:214.0
cocktail_x1 in script context. using previous estimated duration
script duration name:cocktail_x1 seconds:108.0
Script duration 322.0
Run total estimated duration= 323.000
loading script "jan_ic_peak_hop3.py"
loading script "jan_pump_ms.py"
loading script "jan_air_x1.py"
loading script "jan_pump_extraction_line.py"
testing...
no interpolation path defined
executed 133.8
script duration name:ic_peak_hop3 seconds:134.0
loading script "jan_ic_peak_hop3.py"
loading script "jan_pump_ms.py"
loading script "jan_air_x1.py"
loading script "jan_pump_extraction_line.py"
testing...
no interpolation path defined
calculate duration
testing...
no interpolation path defined
executed 0
calculate duration
testing...
no interpolation path defined
executed 0
calculate duration
testing...
no interpolation path defined
executed 32.0
calculate duration
testing...
no interpolation path defined
executed 34.0
calculate duration
testing...
no interpolation path defined
executed 4.0
calculate duration
testing...
no interpolation path defined
executed 36.0
executed 106.0
script duration name:air_x1 seconds:106.0
Script duration 240.0
Run total estimated duration= 241.000
script duration name:co2_whiff_120_60_large seconds:266.0
script duration name:co2 seconds:0.0
Script duration 266.0
Run total estimated duration= 267.000
script duration name:co2_whiff_120_60_large seconds:266.0
script duration name:co2 seconds:0.0
Script duration 266.0
Run total estimated duration= 267.000
script duration name:co2_whiff_120_60_large seconds:266.0
script duration name:co2 seconds:0.0
Script duration 266.0
Run total estimated duration= 267.000
script duration name:co2_whiff_120_60_large seconds:266.0
script duration name:co2 seconds:0.0
Script duration 266.0
Run total estimated duration= 267.000
script duration name:co2_whiff_120_60_large seconds:266.0
script duration name:co2 seconds:0.0
Script duration 266.0
Run total estimated duration= 267.000
script duration name:unknown400_120 seconds:556.0
loading script "jan_unknown400_120.py"
loading script "jan_pump_ms.py"
loading script "jan_sniffair_x2.py"
loading script "jan_pump_extraction_line.py"
testing...
no interpolation path defined
calculate duration
testing...
no interpolation path defined
executed 0
calculate duration
testing...
no interpolation path defined
executed 0
calculate duration
testing...
no interpolation path defined
executed 32.0
calculate duration
testing...
no interpolation path defined
executed 34.0
calculate duration
testing...
no interpolation path defined
executed 4.0
calculate duration
testing...
no interpolation path defined
executed 36.0
calculate duration
testing...
no interpolation path defined
executed 34.0
calculate duration
testing...
no interpolation path defined
executed 4.0
calculate duration
testing...
no interpolation path defined
executed 36.0
calculate duration
testing...
no interpolation path defined
executed 70.0
executed 250.0
script duration name:sniffair_x2 seconds:250.0
Script duration 806.0
Run total estimated duration= 807.000
script duration name:co2_whiff_120_60_large seconds:266.0
script duration name:co2 seconds:0.0
Script duration 266.0
Run total estimated duration= 267.000
script duration name:co2_whiff_120_60_large seconds:266.0
script duration name:co2 seconds:0.0
Script duration 266.0
Run total estimated duration= 267.000
nruns=14 before=5.0, run_dur=4996.0, btw=390.0
write rem/ex queues
/Users/jan/PychronDev/experiments/rem/CurrentExperiment.rem.txt
/Users/jan/PychronDev/experiments/rem/CurrentExperiment.ex.txt
doing event level: 3
