do run
loading script "jan_co2_whiff_120_60_large.py"
loading script "jan_pump_ms.py"
loading script "jan_co2.py"
loading script "jan_pump_extraction_line.py"
testing...
no interpolation path defined
executed 266.04
script duration name:co2_whiff_120_60_large seconds:266.0
loading script "jan_co2_whiff_120_60_large.py"
loading script "jan_pump_ms.py"
loading script "jan_co2.py"
loading script "jan_pump_extraction_line.py"
testing...
no interpolation path defined
executed 0
loading script "jan_co2_whiff_120_60_large.py"
loading script "jan_pump_ms.py"
loading script "jan_co2.py"
loading script "jan_pump_extraction_line.py"
testing...
no interpolation path defined
calculate duration
testing...
no interpolation path defined
executed 0
calculate duration
testing...
no interpolation path defined
executed 0
executed 0.0
script duration name:co2 seconds:0.0
loading script "jan_co2_whiff_120_60_large.py"
loading script "jan_pump_ms.py"
loading script "jan_co2.py"
loading script "jan_pump_extraction_line.py"
testing...
no interpolation path defined
calculate duration
testing...
no interpolation path defined
executed 4.0
executed 4.0
Script duration 266.0
Run total estimated duration= 267.000
run duration: 0:04:27
Get Checksum: 77604501
doing event level: 2
09:27:19 -- Setting default integration. t=1.048576
setting integration time = 1.048576
SetIntegrationTime 1.048576 ===>> OK
----------------- start -----------------
**************** Experiment Type: Ar/Ar, Ar/Ar
create new session 4985261232
close session 4985261232
$$$$$ Clearing conditionals
adding conditionals detrital
extract conditionals from file. /Users/jan/PychronDev/scripts/conditionals/detrital.yaml
no attr for this modification cd={'extraction_str': '', 'attr': '', 'mapper': '', 'use_termination': False, 'start_count': 0, 'nskip': 0, 'window': 0, 'frequency': 1, 'teststr': '', 'action': 'Skip Next Run', 'ntrips': 1, 'use_truncation': False}
no attr for this cancelation cd={'mapper': '', 'window': 0, 'frequency': 1, 'attr': '', 'teststr': '', 'start_count': 0, 'ntrips': 1}
adding truncation attr="age" test="age>100.0" start="60"
adding truncation attr="Ar39" test="Ar39<0.5" start="60"
no attr for this termination cd={'mapper': '', 'window': 0, 'frequency': 1, 'attr': '', 'teststr': '', 'start_count': 0, 'ntrips': 1}
Invalid conditional kind="pre_run_terminations"
no attr for this action cd={'mapper': '', 'attr': '', 'start_count': 0, 'window': 0, 'frequency': 1, 'teststr': '', 'action': None, 'ntrips': 1}
Invalid conditional kind="post_run_terminations"
Add queue conditionals
add default conditionals
adding default conditionals from /Users/jan/PychronDev/setupfiles/spectrometer/default_conditionals.yaml
Start automated run 65518-37
loading script "jan_co2_whiff_120_60_large.py"
loading script "jan_pump_ms.py"
loading script "jan_co2.py"
loading script "jan_pump_extraction_line.py"
%%%%%%%%%%%%%%%%%% setting automated run 65518-37
No value "sensitivity_multiplier" in metadata
$$$$$$$$$$$$$$$ auto_save_detector_ic=False
============================= Pre Extraction Check =============================
loading queue conditionals pre_run_terminations
loading system conditionals pre_run_terminations
loading conditionals from /Users/jan/PychronDev/setupfiles/spectrometer/default_conditionals.yaml
09:27:19 -- ******* Pre Extraction Check *******
Get a measurement from the spectrometer
GetData ===>> H2,-0.132263067016665,H1,-0.0140296166801555,AX,-0.00484860061459027,L1,-0.0553851936772603,L2,-0...
Pre Extraction Termination data. keys=H2,H1,AX,L1,L2,CDD, signals=-0.13226,-0.01403,-0.00485,-0.05539,-0.09917,0.00417
09:27:19 -- testing system defined conditionals
Checking default pre extraction terminations n=2
testing CDD
evaluate ot="CDD.inactive" t="CDD", ctx="{'CDD': False}"
GetDeflection CDD ===>> 50
testing CDD==2000
evaluate ot="CDD.deflection==2000" t="CDD==2000", ctx="{'CDD': 50.0}"
09:27:19 -- ******* Pre Extraction Check Passed *******
=================================================================================
09:27:20 -- stopping status monitor
stop 4976082864
Alive clients [4983386864]
09:27:20 -- starting status monitor
start 4976082864
Monitor already running
start extraction
do extraction
Analysis started at 09:27:20.011469
Extraction Started jan_co2.py
09:27:20 -- ******* Extraction Started jan_co2.py *******
state changed from not run to extraction
DO EXTRACTION <pychron.extraction_line.pyscript_runner.RemotePyScriptRunner object at 0x12bb183b0>
testing...
no interpolation path defined
calculate duration
testing...
no interpolation path defined
executed 0
calculate duration
testing...
no interpolation path defined
executed 0
executed 100.0
Jan CO2 laser analysis
doing GOSUB
testing...
no interpolation path defined
executed 0
Waiting for CO2 access
wait ('FelixCO2Flag', 0) {}
waiting for FelixCO2Flag = 0
Read FelixCO2Flag ===>> 0
finished waiting
CO2 free
wait ('CO2PumpTimeFlag', 0) {}
waiting for CO2PumpTimeFlag = 0
Read CO2PumpTimeFlag ===>> 0
finished waiting
acquire ('JanCO2Flag',) {'clear': True}
acquire JanCO2Flag
Set JanCO2Flag 1 ===>> OK
JanCO2Flag acquired
set extraction state False (0.75, 'red', 1.5)
CO2 acquired
executed 0
WaitForCO2Access.py completed successfully
gosub finished
doing GOSUB
testing...
no interpolation path defined
executed 0
Prepare for CO2 analysis
close () {'description': 'Jan Inlet'}
closing name=--- desc=Jan Inlet
checking ownership. requestor=129.138.12.150
check software interlocks R
interlocks []
actuate state mode=None-script, software_lock=False
doing actuation None-script close_channel False
Close R ===>> OK
GetIndicatorState R ===>> False
change switch state (True, True)
update switch state R False args=() kw={} ncanvase=2
09:27:20 -- CLOSE  VALVE-R (Jan Inlet)
---------------------------------------- close None (Jan Inlet) result=[(True, True)]
action=close, ok=True, locked=[False]
open () {'description': 'Jan Ion Pump'}
opening name=--- desc=Jan Ion Pump
checking ownership. requestor=129.138.12.150
check software interlocks O
interlocks []
actuate state mode=None-script, software_lock=False
doing actuation None-script open_channel False
Open O ===>> OK
GetIndicatorState O ===>> OK
change switch state (True, True)
update switch state O True args=() kw={} ncanvase=2
09:27:20 -- OPEN   VALVE-O (Jan Ion Pump)
---------------------------------------- open None (Jan Ion Pump) result=[(True, True)], time=0.12 sec
action=open, ok=True, locked=[False]
close () {'description': 'Microbone to Minibone'}
closing name=--- desc=Microbone to Minibone
checking ownership. requestor=129.138.12.150
check software interlocks L
interlocks []
actuate state mode=None-script, software_lock=False
doing actuation None-script close_channel False
Close L ===>> OK
GetIndicatorState L ===>> False
change switch state (True, True)
update switch state L False args=() kw={} ncanvase=2
09:27:21 -- CLOSE  VALVE-L (Microbone to Minibone)
---------------------------------------- close None (Microbone to Minibone) result=[(True, True)]
action=close, ok=True, locked=[False]
open () {'description': 'Microbone to Turbo'}
opening name=--- desc=Microbone to Turbo
checking ownership. requestor=129.138.12.150
check software interlocks U
interlocks []
actuate state mode=None-script, software_lock=False
doing actuation None-script open_channel False
Open U ===>> OK
GetIndicatorState U ===>> OK
change switch state (True, True)
update switch state U True args=() kw={} ncanvase=2
09:27:21 -- OPEN   VALVE-U (Microbone to Turbo)
---------------------------------------- open None (Microbone to Turbo) result=[(True, True)], time=0.13 sec
action=open, ok=True, locked=[False]
open () {'description': 'Microbone to Inlet Pipette'}
opening name=--- desc=Microbone to Inlet Pipette
checking ownership. requestor=129.138.12.150
check software interlocks S
interlocks []
actuate state mode=None-script, software_lock=False
doing actuation None-script open_channel False
Open S ===>> OK
GetIndicatorState S ===>> OK
change switch state (True, True)
update switch state S True args=() kw={} ncanvase=2
09:27:22 -- OPEN   VALVE-S (Microbone to Inlet Pipette)
---------------------------------------- open None (Microbone to Inlet Pipette) result=[(True, True)], time=0.41 sec
action=open, ok=True, locked=[False]
open () {'description': 'Microbone to Getter D-50'}
Get Checksum: 77604501
opening name=--- desc=Microbone to Getter D-50
checking ownership. requestor=129.138.12.150
check software interlocks K
interlocks []
actuate state mode=None-script, software_lock=False
doing actuation None-script open_channel False
Open K ===>> OK
GetIndicatorState K ===>> OK
change switch state (True, True)
update switch state K True args=() kw={} ncanvase=2
09:27:23 -- OPEN   VALVE-K (Microbone to Getter D-50)
---------------------------------------- open None (Microbone to Getter D-50) result=[(True, True)], time=0.49 sec
action=open, ok=True, locked=[False]
open () {'description': 'Microbone to Getter NP-10'}
opening name=--- desc=Microbone to Getter NP-10
checking ownership. requestor=129.138.12.150
check software interlocks M
interlocks []
actuate state mode=None-script, software_lock=False
doing actuation None-script open_channel False
Open M ===>> OK
GetIndicatorState M ===>> OK
change switch state (True, True)
update switch state M True args=() kw={} ncanvase=2
09:27:23 -- OPEN   VALVE-M (Microbone to Getter NP-10)
---------------------------------------- open None (Microbone to Getter NP-10) result=[(True, True)], time=0.24 sec
action=open, ok=True, locked=[False]
close () {'description': 'CO2 Laser to Felix'}
closing name=--- desc=CO2 Laser to Felix
checking ownership. requestor=129.138.12.150
check software interlocks F
interlocks []
actuate state mode=None-script, software_lock=True
VALVE-F(CO2 Laser to Felix) software locked
change switch state (True, False)
---------------------------------------- close None (CO2 Laser to Felix) result=[(True, False)]
action=close, ok=True, locked=[True]
open () {'description': 'CO2 Laser to Jan'}
opening name=--- desc=CO2 Laser to Jan
checking ownership. requestor=129.138.12.150
check software interlocks A
interlocks []
actuate state mode=None-script, software_lock=False
doing actuation None-script open_channel False
Open A ===>> OK
GetIndicatorState A ===>> OK
change switch state (True, True)
update switch state A True args=() kw={} ncanvase=2
09:27:24 -- OPEN   VALVE-A (CO2 Laser to Jan)
---------------------------------------- open None (CO2 Laser to Jan) result=[(True, True)], time=0.17 sec
action=open, ok=True, locked=[False]
open () {'description': 'Microbone to CO2 Laser'}
opening name=--- desc=Microbone to CO2 Laser
checking ownership. requestor=129.138.12.150
check software interlocks T
interlocks []
actuate state mode=None-script, software_lock=False
doing actuation None-script open_channel False
Open T ===>> OK
GetIndicatorState T ===>> OK
change switch state (True, True)
update switch state T True args=() kw={} ncanvase=2
09:27:25 -- OPEN   VALVE-T (Microbone to CO2 Laser)
---------------------------------------- open None (Microbone to CO2 Laser) result=[(True, True)], time=0.45 sec
action=open, ok=True, locked=[False]
executed 0
PrepareForCO2Analysis.py completed successfully
gosub finished
set_motor ('beam', '1.25') {}
setting motor "beam" to 1.25
set motor beam to 1.25
SetMotor beam,1.25 ===>> OK
Get Checksum: 1104366075
State checksums do not match. Local:77604501 Remote:1104366075
State checksum failed
GetMotorMoving beam ===>> False
GetMotorMoving beam ===>> False
Block completed
move_to_position ('201',) {'autocenter': True}
FusionsCO2 move to position 201
sending GoToHole 201,True
GoToHole 201,True ===>> OK
set states for children of Y. state=False
set states for children of Z. state=True
handle state [('Y', False), ('Z', True)]
update switch state Y False args=() kw={'refresh': True} ncanvase=2
update switch state Z True args=() kw={'refresh': False} ncanvase=2
refresh_canvas_needed fired
GetDriveMoving ===>> OK
GetDriveMoving ===>> OK
GetDriveMoving ===>> OK
GetDriveMoving ===>> OK
GetDriveMoving ===>> OK
GetDriveMoving ===>> OK
GetDriveMoving ===>> False
Get Checksum: 88106371
GetDriveMoving ===>> False
Block completed
GetAutoCorrecting ===>> OK
GetAutoCorrecting ===>> OK
GetAutoCorrecting ===>> False
GetAutoCorrecting ===>> False
Block completed
update position
GetPosition ===>> -1.99390,-11.96340,1.00000
got position (-1.9939, -11.9634, 1.0)
move to position succeeded
sleep (5,) {}
SLEEP 5.0
block started
WaitControl setup for 5.0  
Get Checksum: 88106371
Get Checksum: 88106371
Join finished
block finished. duration 5.05635499954
close () {'description': 'Microbone to Turbo'}
closing name=--- desc=Microbone to Turbo
checking ownership. requestor=129.138.12.150
check software interlocks U
interlocks []
actuate state mode=None-script, software_lock=False
doing actuation None-script close_channel True
Close U ===>> OK
GetIndicatorState U ===>> False
change switch state (True, True)
update switch state U False args=() kw={} ncanvase=2
09:27:36 -- CLOSE  VALVE-U (Microbone to Turbo)
---------------------------------------- close None (Microbone to Turbo) result=[(True, True)]
action=close, ok=True, locked=[False]
enable laser
enable () {}
set extraction state FusionsCO2 Enabled (False, 'red', 1.5)
enabling laser
Enable ===>> OK
begin interval
BEGIN INTERVAL Interval 1 waiting for 30.0
block started
set extract to 5.0
WaitControl setup for 30.0  
extract (5.0,) {}
GetPosition ===>> -1.99390,-11.96340,1.00000
set extraction state FusionsCO2 ON! 5.0(watts) (0.75, 'red', 1.5)
extract sample to 5.0 (watts)
set laser output
SetLaserOutput 5.0,watts ===>> OK
executing pattern triangle.lp
execute_pattern ('triangle.lp',) {}
executing pattern triangle.lp
Get Checksum: -545951532
IsPatterning ===>> OK
IsPatterning ===>> OK
Get Checksum: -545951532
IsPatterning ===>> OK
IsPatterning ===>> OK
set states for children of Z. state=False
handle state [('Z', False)]
update switch state Z False args=() kw={'refresh': False} ncanvase=2
refresh_canvas_needed fired
IsPatterning ===>> OK
Get Checksum: 156743851
State checksums do not match. Local:-1274627911 Remote:156743851
State checksum failed
IsPatterning ===>> OK
set states for children of C. state=False
handle state [('C', False)]
update switch state C False args=() kw={'refresh': False} ncanvase=2
refresh_canvas_needed fired
IsPatterning ===>> OK
IsPatterning ===>> OK
set states for children of P. state=False
handle state [('P', False)]
update switch state P False args=() kw={'refresh': False} ncanvase=2
refresh_canvas_needed fired
Get Checksum: 1348205436
IsPatterning ===>> OK
IsPatterning ===>> OK
set states for children of Y. state=True
handle state [('Y', True)]
update switch state Y True args=() kw={'refresh': False} ncanvase=2
refresh_canvas_needed fired
IsPatterning ===>> OK
Get Checksum: -1927676594
IsPatterning ===>> OK
IsPatterning ===>> OK
IsPatterning ===>> OK
Get Checksum: -1927676594
IsPatterning ===>> OK
IsPatterning ===>> OK
IsPatterning ===>> OK
Get Checksum: -1927676594
IsPatterning ===>> OK
IsPatterning ===>> OK
IsPatterning ===>> OK
Get Checksum: -1927676594
IsPatterning ===>> OK
IsPatterning ===>> OK
IsPatterning ===>> OK
Get Checksum: -1927676594
IsPatterning ===>> OK
IsPatterning ===>> OK
IsPatterning ===>> OK
set states for children of Y. state=False
handle state [('Y', False)]
update switch state Y False args=() kw={'refresh': False} ncanvase=2
refresh_canvas_needed fired
Get Checksum: 1348205436
IsPatterning ===>> OK
IsPatterning ===>> OK
set states for children of V. state=False
handle state [('V', False)]
update switch state V False args=() kw={'refresh': False} ncanvase=2
refresh_canvas_needed fired
IsPatterning ===>> False
Join finished
block finished. duration 30.0922429562
Interval 1 finished
Get Checksum: -487842390
IsPatterning ===>> False
Block completed
COMPLETE INTERVAL waiting for Interval 1 to complete
end_extract () {}
ending extraction. set laser power to 0
set laser power 0
SetLaserPower 0 ===>> OK
disable () {}
%%%%%%%%%%%%%%%%%%%%%%%%%%%%%%%%%%% disable
set extraction state False (0.75, 'red', 1.5)
disabling laser
Disable ===>> OK
sleep (30.0,) {}
SLEEP 30.0
block started
WaitControl setup for 30.0  
set states for children of H. state=True
handle state [('H', True)]
update switch state H True args=() kw={'refresh': False} ncanvase=2
refresh_canvas_needed fired
Get Checksum: -2041049482
Get Checksum: -2041049482
Get Checksum: -2041049482
Get Checksum: -2041049482
Get Checksum: -2041049482
Get Checksum: -2041049482
Get Checksum: -2041049482
Get Checksum: -2041049482
Get Checksum: -2041049482
Join finished
block finished. duration 30.1254241467
executed 165.0
jan_co2.py completed successfully
GetAchievedOutput ===>> No Response
Requested Output= 0.000
Achieved Output=  0.000
GetResponseBlob ===>> No Response
GetOutputBlob ===>> No Response
persistence save...
persistence save - db
AutomatedRunPersister post_extraction_save deprecated
persistence save - dvc
no extraction position for 201
create new session 4983034992
close session 4983034992
Extraction Finished
09:28:39 -- ******* Extraction Finished *******
no overlap. not waiting for min ms pumptime
09:28:39 -- Sending spectrometer configuration
======== Sending configuration ========
SetDeflection CDD,50.0 ===>> OK
SetDeflection H2,0.0 ===>> OK
SetDeflection H1,0.0 ===>> OK
SetDeflection L2,825.0 ===>> OK
SetDeflection L1,400.0 ===>> OK
SetDeflection AX,190.0 ===>> OK
SetZFocus 74.64 ===>> OK
SetZSymmetry -50.72 ===>> OK
SetExtractionLens 26.13 ===>> OK
SetIonRepeller -3.81 ===>> OK
SetElectronEnergy 75.08 ===>> OK
SetYSymmetry -2.81 ===>> OK
SetIonCounterVoltage 1590.0 ===>> OK
send trap current 200.0
GetParameter Trap Current Readback ===>> 197.923274125618
SetParameter Trap Current Set,200.0 ===>> OK
updating mftable name mftable
Using mftable located at /Users/jan/PychronDev/setupfiles/spectrometer/mftables/mftable.csv
============ MFtable ===========
Isotope  H2     H1     AX     L1     L2     CDD    
Ar40     5.7776 5.8788 5.9923 6.1175 6.2308 6.3457
Ar39     5.6768 5.7710 5.8847 6.0036 6.1159 6.2322
Ar36     5.3544 5.4401 5.5481 5.6624 5.7709 5.8834
================================
get initial guess parabolic
get initial guess parabolic
get initial guess parabolic
get initial guess parabolic
get initial guess parabolic
get initial guess parabolic
======== Configuration Finished ========
GetYSymmetry ===>> -2.81
GetZSymmetry ===>> -50.72
GetParameter Trap Current Readback ===>> 197.923274125618
GetHighVoltage ===>> 4499.94659342336
start measurement
do measurement
L#=65518 analysis type=unknown
Measurement Started jan_co2_whiff_120_60_large.py
09:28:39 -- ******* Measurement Started jan_co2_whiff_120_60_large.py *******
state changed from extraction to measurement
setting spec, defl, and gains
GetExtractionLens ===>> 26.13
GetYSymmetry ===>> -2.81
GetZSymmetry ===>> -50.72
GetZFocus ===>> 74.64
GetDeflection H2 ===>> 0
GetDeflection H1 ===>> 0
GetDeflection AX ===>> 190
GetDeflection L1 ===>> 400
GetDeflection L2 ===>> 825
GetDeflection CDD ===>> 50
GetGain H2 ===>> 0.0113
GetGain H1 ===>> 0.1
GetGain AX ===>> 0.097049
GetGain L1 ===>> 0.010355
GetGain L2 ===>> 0.095649
GetGain CDD ===>> 0
pre measurement save
New frame /Users/jan/PychronDev/data/isotopes/51/84edb3-f078-497d-b412-bc649a58242a.h5
flush and close file /Users/jan/PychronDev/data/isotopes/51/84edb3-f078-497d-b412-bc649a58242a.h5
testing...
no interpolation path defined
executed 266.04
co2 whiff measurement script
activate_detectors ('H2', 'H1', 'AX', 'L1', 'L2', 'CDD') {}
activate detectors
*************** Set Analysis View Ar/Ar
create graphs
clearing graphs
clear isotope group
setting isotope det=H2, iso=PM41
setting isotope det=H1, iso=Ar40
setting isotope det=AX, iso=Ar39
setting isotope det=L1, iso=Ar38
setting isotope det=L2, iso=Ar37
setting isotope det=CDD, iso=Ar36
setting previous blanks
 - setting Ar40 blank 0.248+/-0.007
 - setting Ar36 blank 0.00451+/-0.00017
 - setting Ar37 blank 0.054+/-0.005
 - setting Ar38 blank 0.0094+/-0.0020
 - setting PM41 blank 0.01+/-0.06
 - setting Ar39 blank 0.061+/-0.009
load analysis view
position_magnet ('Ar40',) {'detector': 'H1'}
detector Detector(H1)
POSITION Ar40 H1
setting detector H2 to PM41 (40.9624)
setting detector H1 to Ar40 (39.9624)
setting detector AX to Ar39 (38.9624)
setting detector L1 to Ar38 (37.9624)
setting detector L2 to Ar37 (36.9624)
setting detector CDD to Ar36 (35.9624)
Mapping mass to dac mass func: "parabolic"
H1 map mass coeffs = [-0.00063987  0.15840543  0.57038999]
H1 map mass to dac 39.9624 >> 5.87878
GetDeflection H1 ===>> 0
GetHighVoltage ===>> 4499.94659342336
positioning Ar40 (5.87874538042) on H1
setting magnet DAC
current  : 5.878745
requested: 5.878745
Delta Dac: 0.000000
Checking detector protection. dv=0.00000
Checking detector "CDD". Protection Threshold: 0.1 (V)
SetMagnetDAC 5.87874538042 ===>> OK
Magnet settling time: 0.500
Get Checksum: -2041049482
close ('S',) {}
closing name=S desc=---
checking ownership. requestor=129.138.12.150
check software interlocks S
interlocks []
actuate state mode=None-script, software_lock=False
doing actuation None-script close_channel True
Close S ===>> OK
GetIndicatorState S ===>> False
change switch state (True, True)
update switch state S False args=() kw={} ncanvase=2
09:28:41 -- CLOSE  VALVE-S (Microbone to Inlet Pipette)
---------------------------------------- close S () result=[(True, True)]
action=close, ok=True, locked=[False]
equilibrate () {'do_post_equilibration': False, 'inlet': 'R', 'outlet': 'O', 'eqtime': 4}
Equilibration Started
09:28:41 -- ******* Equilibration Started *******
checking ownership. requestor=129.138.12.150
check software interlocks O
interlocks []
actuate state mode=None-script, software_lock=False
doing actuation None-script close_channel True
Close O ===>> OK
GetIndicatorState O ===>> False
change switch state (True, True)
update switch state O False args=() kw={} ncanvase=2
09:28:42 -- CLOSE  VALVE-O (Jan Ion Pump)
waiting 3s before opening inlet value ('R',)
Get Checksum: -1588720393
set states for children of H. state=False
handle state [('H', False)]
update switch state H False args=() kw={'refresh': False} ncanvase=2
refresh_canvas_needed fired
checking ownership. requestor=129.138.12.150
check software interlocks R
interlocks []
actuate state mode=None-script, software_lock=False
doing actuation None-script open_channel True
Open R ===>> OK
GetIndicatorState R ===>> OK
change switch state (True, True)
update switch state R True args=() kw={} ncanvase=2
09:28:45 -- OPEN   VALVE-R (Jan Inlet)
equilibrating for 4sec
set_time_zero (0,) {}
sniff (4,) {}
py_sniff
build tables- sniff [Detector(H2), Detector(H1), Detector(AX), Detector(L1), Detector(L2), Detector(CDD)]
add group /sniff/PM41 (Group) '' table H2
add group /sniff/Ar40 (Group) '' table H1
add group /sniff/Ar39 (Group) '' table AX
add group /sniff/Ar38 (Group) '' table L1
add group /sniff/Ar37 (Group) '' table L2
add group /sniff/Ar36 (Group) '' table CDD
flush and close file /Users/jan/PychronDev/data/isotopes/51/84edb3-f078-497d-b412-bc649a58242a.h5
measuring sniff. ncounts=4
starting measurement
GetData ===>> H2,2.89016091398517,H1,1.35748204982959,AX,4.80219498536016,L1,0.356932279854485,L2,1.19683802255...
set states for children of C. state=True
handle state [('C', True)]
update switch state C True args=() kw={'refresh': False} ncanvase=2
refresh_canvas_needed fired
Get Checksum: 1323752028
GetData ===>> H2,4.92452621280388,H1,2.23332191627825,AX,4.00904382333975,L1,0.9526098854077,L2,0.7114423938079...
GetData ===>> H2,1.78559076407364,H1,1.85199526941002,AX,1.62491383698619,L1,0.711650450938418,L2,0.30228089034...
set states for children of B. state=True
set states for children of D. state=True
handle state [('B', True), ('D', True)]
update switch state B True args=() kw={'refresh': True} ncanvase=2
update switch state D True args=() kw={'refresh': False} ncanvase=2
refresh_canvas_needed fired
GetData ===>> H2,0.624293874256977,H1,1.74662049290994,AX,0.991308866721637,L1,0.414797702309993,L2,0.140935521...
Equilibration Finished
09:28:49 -- ******* Equilibration Finished *******
checking ownership. requestor=129.138.12.150
check software interlocks R
interlocks []
actuate state mode=None-script, software_lock=False
doing actuation None-script close_channel True
measurement finished
estimated time: 4.194 actual time: :4.255
flush and close file /Users/jan/PychronDev/data/isotopes/51/84edb3-f078-497d-b412-bc649a58242a.h5
set_fits () {}
using default fits file=/Users/jan/PychronDev/scripts/measurement/fits/nominal_linear.yaml
set "Ar40" to "('Linear', 'SEM')"
No fit for "PM41". defaulting to linear. check the measurement script "jan_co2_whiff_120_60_large.py"
set "PM41" to "linear"
set "Ar36" to "('Linear', 'SEM')"
set "Ar37" to "('linear', 'SEM')"
set "Ar38" to "('linear', 'SEM')"
set "Ar39" to "('Linear', 'SEM')"
set_baseline_fits () {}
using default fits file=/Users/jan/PychronDev/scripts/measurement/fits/nominal_linear.yaml
set "H1" to "('average', 'SEM')"
set "H2" to "('average', 'SEM')"
set "CDD" to "('average', 'SEM')"
set "L2" to "('average', 'SEM')"
set "L1" to "('average', 'SEM')"
set "AX" to "('average', 'SEM')"
whiff () {'ncounts': 1, 'conditionals': [{'action': 'run_remainder', 'attr': 'Ar40', 'teststr': 'Ar40.cur<=175'}, {'action': 'run_pipette', 'attr': 'Ar40', 'teststr': 'Ar40.cur>500'}, {'action': 'run_chamber_split', 'attr': 'Ar40', 'teststr': 'Ar40.cur>=300'}, {'action': 'pump', 'attr': 'Ar40', 'teststr': 'Ar40.cur>175'}]}
build tables- whiff [Detector(H2), Detector(H1), Detector(AX), Detector(L1), Detector(L2), Detector(CDD)]
add group /whiff/PM41 (Group) '' table H2
add group /whiff/Ar40 (Group) '' table H1
add group /whiff/Ar39 (Group) '' table AX
add group /whiff/Ar38 (Group) '' table L1
add group /whiff/Ar37 (Group) '' table L2
add group /whiff/Ar36 (Group) '' table CDD
flush and close file /Users/jan/PychronDev/data/isotopes/51/84edb3-f078-497d-b412-bc649a58242a.h5
measuring whiff. ncounts=1
Close R ===>> OK
Get Checksum: -2122905146
State checksums do not match. Local:-396679576 Remote:-2122905146
State checksum failed
GetIndicatorState R ===>> False
change switch state (True, True)
update switch state R False args=() kw={} ncanvase=2
09:28:50 -- CLOSE  VALVE-R (Jan Inlet)
starting measurement
GetData ===>> H2,0.264456811185349,H1,1.67395840233635,AX,0.720470281175759,L1,0.275828380433027,L2,0.072425222...
set states for children of I. state=False
set states for children of Q. state=True
set states for children of P. state=True
handle state [('I', False), ('Q', True), ('P', True)]
update switch state I False args=() kw={'refresh': True} ncanvase=2
update switch state Q True args=() kw={'refresh': True} ncanvase=2
update switch state P True args=() kw={'refresh': False} ncanvase=2
refresh_canvas_needed fired
testing Ar40<=175
evaluate ot="Ar40.cur<=175" t="Ar40<=175", ctx="{'Ar40': 1.6739584023363501}"
condition Ar40<=175 is true trips=1/1
09:28:52 -- Conditional tripped: Ar40.cur<=175 condition Ar40<=175 is True
measurement finished
estimated time: 1.049 actual time: :1.109
flush and close file /Users/jan/PychronDev/data/isotopes/51/84edb3-f078-497d-b412-bc649a58242a.h5
WHIFF Result=run_remainder
Whiff result=run_remainder
open ('R',) {}
opening name=R desc=---
checking ownership. requestor=129.138.12.150
check software interlocks R
interlocks []
actuate state mode=None-script, software_lock=False
doing actuation None-script open_channel True
Open R ===>> OK
GetIndicatorState R ===>> OK
change switch state (True, True)
update switch state R True args=() kw={} ncanvase=2
09:28:52 -- OPEN   VALVE-R (Jan Inlet)
---------------------------------------- open R () result=[(True, True)], time=0.48 sec
action=open, ok=True, locked=[False]
open ('S',) {}
opening name=S desc=---
checking ownership. requestor=129.138.12.150
check software interlocks S
interlocks []
actuate state mode=None-script, software_lock=False
doing actuation None-script open_channel True
Open S ===>> OK
GetIndicatorState S ===>> OK
change switch state (True, True)
update switch state S True args=() kw={} ncanvase=2
09:28:53 -- OPEN   VALVE-S (Microbone to Inlet Pipette)
---------------------------------------- open S () result=[(True, True)], time=0.54 sec
action=open, ok=True, locked=[False]
sleep (12.0,) {}
SLEEP 12.0
block started
WaitControl setup for 12.0  
Get Checksum: 1775861429
Get Checksum: 1775861429
Get Checksum: 1775861429
Get Checksum: 1775861429
Join finished
block finished. duration 12.1771202087
close ('R',) {}
closing name=R desc=---
checking ownership. requestor=129.138.12.150
check software interlocks R
interlocks []
actuate state mode=None-script, software_lock=False
doing actuation None-script close_channel True
Close R ===>> OK
set states for children of R. state=False
handle state [('R', False)]
update switch state R False args=() kw={'refresh': False} ncanvase=2
refresh_canvas_needed fired
GetIndicatorState R ===>> False
change switch state (True, True)
update switch state R False args=() kw={} ncanvase=2
09:29:06 -- CLOSE  VALVE-R (Jan Inlet)
---------------------------------------- close R () result=[(True, True)]
Get Checksum: 1838806504
action=close, ok=True, locked=[False]
post_equilibration () {}
multicollect () {'integration_time': 1, 'ncounts': 120.0}
build tables- signal [Detector(H2), Detector(H1), Detector(AX), Detector(L1), Detector(L2), Detector(CDD)]
add group /signal/PM41 (Group) '' table H2
add group /signal/Ar40 (Group) '' table H1
add group /signal/Ar39 (Group) '' table AX
add group /signal/Ar38 (Group) '' table L1
add group /signal/Ar37 (Group) '' table L2
add group /signal/Ar36 (Group) '' table CDD
flush and close file /Users/jan/PychronDev/data/isotopes/51/84edb3-f078-497d-b412-bc649a58242a.h5
Post Equilibration Started jan_pump_extraction_line.py
measuring signal. ncounts=120.0
09:29:06 -- ******* Post Equilibration Started jan_pump_extraction_line.py *******
testing...
no interpolation path defined
calculate duration
testing...
no interpolation path defined
executed 4.0
executed 4.0
Pump after analysis
doing GOSUB
testing...
no interpolation path defined
executed 4.0
Pump Microbone
close () {'description': 'Jan Inlet'}
closing name=--- desc=Jan Inlet
checking ownership. requestor=129.138.12.150
check software interlocks R
interlocks []
actuate state mode=None-script, software_lock=False
doing actuation None-script close_channel False
Close R ===>> OK
GetIndicatorState R ===>> False
change switch state (True, True)
update switch state R False args=() kw={} ncanvase=2
09:29:07 -- CLOSE  VALVE-R (Jan Inlet)
---------------------------------------- close None (Jan Inlet) result=[(True, True)]
starting measurement
GetData ===>> H2,0.0877381219177904,H1,45.3007268348746,AX,12.5373463040137,L1,0.185714009292674,L2,0.123136203...
action=close, ok=True, locked=[False]
is_closed ('F',) {}
is F () closed?
is closed True
open () {'description': 'CO2 Laser to Jan'}
opening name=--- desc=CO2 Laser to Jan
checking ownership. requestor=129.138.12.150
check software interlocks A
interlocks []
actuate state mode=None-script, software_lock=False
doing actuation None-script open_channel False
Open A ===>> OK
GetIndicatorState A ===>> OK
change switch state (True, True)
update switch state A True args=() kw={} ncanvase=2
09:29:07 -- OPEN   VALVE-A (CO2 Laser to Jan)
---------------------------------------- open None (CO2 Laser to Jan) result=[(True, True)], time=0.19 sec
action=open, ok=True, locked=[False]
sleep (1,) {}
SLEEP 1.0
GetData ===>> H2,0.177262483771564,H1,45.2784578597299,AX,12.3633454651933,L1,0.177621692298766,L2,0.1066853257...
close () {'description': 'CO2 Laser to Roughing'}
closing name=--- desc=CO2 Laser to Roughing
checking ownership. requestor=129.138.12.150
check software interlocks G
interlocks []
actuate state mode=None-script, software_lock=True
VALVE-G(CO2 Laser to Roughing) software locked
change switch state (True, False)
---------------------------------------- close None (CO2 Laser to Roughing) result=[(True, False)]
action=close, ok=True, locked=[True]
open () {'description': 'Microbone to Turbo'}
opening name=--- desc=Microbone to Turbo
checking ownership. requestor=129.138.12.150
check software interlocks U
interlocks []
actuate state mode=None-script, software_lock=False
doing actuation None-script open_channel True
Open U ===>> OK
GetIndicatorState U ===>> OK
change switch state (True, True)
update switch state U True args=() kw={} ncanvase=2
09:29:09 -- OPEN   VALVE-U (Microbone to Turbo)
---------------------------------------- open None (Microbone to Turbo) result=[(True, True)], time=0.18 sec
GetData ===>> H2,0.0402893619892273,H1,45.1911403931192,AX,12.3543903641009,L1,0.181925570747069,L2,0.040743843...
Get Checksum: 1695186306
action=open, ok=True, locked=[False]
open () {'description': 'Microbone to Getter NP-10'}
opening name=--- desc=Microbone to Getter NP-10
checking ownership. requestor=129.138.12.150
check software interlocks M
interlocks []
actuate state mode=None-script, software_lock=False
doing actuation None-script open_channel False
Open M ===>> OK
GetIndicatorState M ===>> OK
change switch state (True, True)
update switch state M True args=() kw={} ncanvase=2
09:29:09 -- OPEN   VALVE-M (Microbone to Getter NP-10)
---------------------------------------- open None (Microbone to Getter NP-10) result=[(True, True)], time=0.18 sec
action=open, ok=True, locked=[False]
open () {'description': 'Microbone to Getter D-50'}
opening name=--- desc=Microbone to Getter D-50
checking ownership. requestor=129.138.12.150
check software interlocks K
interlocks []
actuate state mode=None-script, software_lock=False
doing actuation None-script open_channel False
GetData ===>> H2,-0.0701257632105326,H1,45.3318487560508,AX,12.2979762424736,L1,0.184600385128907,L2,0.25767659...
Open K ===>> OK
GetIndicatorState K ===>> OK
change switch state (True, True)
update switch state K True args=() kw={} ncanvase=2
09:29:10 -- OPEN   VALVE-K (Microbone to Getter D-50)
---------------------------------------- open None (Microbone to Getter D-50) result=[(True, True)], time=0.71 sec
action=open, ok=True, locked=[False]
open () {'description': 'Microbone to CO2 Laser'}
opening name=--- desc=Microbone to CO2 Laser
checking ownership. requestor=129.138.12.150
check software interlocks T
interlocks []
actuate state mode=None-script, software_lock=False
doing actuation None-script open_channel False
Open T ===>> OK
GetIndicatorState T ===>> OK
change switch state (True, True)
update switch state T True args=() kw={} ncanvase=2
09:29:11 -- OPEN   VALVE-T (Microbone to CO2 Laser)
---------------------------------------- open None (Microbone to CO2 Laser) result=[(True, True)], time=0.45 sec
GetData ===>> H2,-0.0421667137641449,H1,45.3126744965132,AX,12.2758012741223,L1,0.180639302388119,L2,0.12735483...
action=open, ok=True, locked=[False]
open () {'description': 'Microbone to Inlet Pipette'}
opening name=--- desc=Microbone to Inlet Pipette
checking ownership. requestor=129.138.12.150
check software interlocks S
interlocks []
actuate state mode=None-script, software_lock=False
doing actuation None-script open_channel False
Open S ===>> OK
GetIndicatorState S ===>> OK
change switch state (True, True)
update switch state S True args=() kw={} ncanvase=2
09:29:12 -- OPEN   VALVE-S (Microbone to Inlet Pipette)
---------------------------------------- open None (Microbone to Inlet Pipette) result=[(True, True)], time=0.47 sec
action=open, ok=True, locked=[False]
sleep (1,) {}
SLEEP 1.0
Get Checksum: 1695186306
GetData ===>> H2,-0.026091349149703,H1,45.3436824212742,AX,12.3402068718959,L1,0.153740353437337,L2,0.079649555...
set_resource () {'name': 'CO2PumpTimeFlag', 'value': 30}
Set CO2PumpTimeFlag 30 ===>> OK
release ('JanCO2Flag',) {}
release JanCO2Flag
Set JanCO2Flag 0 ===>> OK
executed 6.0
PumpMicrobone.py completed successfully
gosub finished
get_resource_value () {'name': 'JanMiniboneFlag'}
Read JanMiniboneFlag ===>> 0
Get Resource Value JanMiniboneFlag=0.0
get resource value 0.0
get_resource_value () {'name': 'JanMiniboneFlag'}
Read JanMiniboneFlag ===>> 0
Get Resource Value JanMiniboneFlag=0.0
executed 4.0
jan_pump_extraction_line.py completed successfully
Post Equilibration Finished
09:29:13 -- ******* Post Equilibration Finished *******
GetData ===>> H2,0.0554559123798486,H1,45.1555570436181,AX,12.2133269769551,L1,0.115651298712885,L2,0.144265421...
GetData ===>> H2,-0.133504645448529,H1,45.2032328944252,AX,12.335779553651,L1,0.133884149575644,L2,0.1121230369...
Get Checksum: 1695186306
GetData ===>> H2,-0.182394631741178,H1,45.30400245504,AX,12.1936401853674,L1,0.168408514659476,L2,0.05799737599...
GetData ===>> H2,-0.116106686203008,H1,45.2653079691412,AX,12.2162981957523,L1,0.161226045873678,L2,0.126214644...
GetData ===>> H2,-0.109553967401919,H1,45.2293959626435,AX,12.1837673819397,L1,0.131039991510915,L2,0.123307225...
Get Checksum: 1695186306
GetData ===>> H2,-0.0767118357130865,H1,45.228679292283,AX,12.2740881196704,L1,0.131425204412731,L2,0.186994215...
GetData ===>> H2,-0.0201049228257427,H1,45.2538383898886,AX,12.1381133012567,L1,0.134961635685722,L2,0.12785652...
GetData ===>> H2,-0.112487659717346,H1,45.42877503912,AX,12.1396286194079,L1,0.127322654544564,L2,0.12579277811...
Get Checksum: 1695186306
GetData ===>> H2,-0.135808914601253,H1,45.2849641352876,AX,12.0914572994457,L1,0.149138468891239,L2,0.097623160...
GetData ===>> H2,-0.187114321244932,H1,45.1175582897249,AX,12.2285168430878,L1,0.155573468647839,L2,0.076577196...
GetData ===>> H2,-0.215682696878231,H1,45.2621039864348,AX,12.2060040883534,L1,0.144335733383649,L2,0.081951629...
Get Checksum: 1695186306
GetData ===>> H2,-0.207456833629143,H1,45.2145222541882,AX,12.1388031994501,L1,0.133357527628733,L2,0.027506461...
GetData ===>> H2,-0.242045005716061,H1,45.1280067736836,AX,12.1145856003265,L1,0.105407626945975,L2,-0.00912907...
GetData ===>> H2,-0.315724718667727,H1,45.1942547928119,AX,12.2108489717732,L1,0.1582427185314,L2,0.16861598711...
Get Checksum: 1695186306
GetData ===>> H2,-0.226515705581786,H1,45.2040517767751,AX,12.1929745734898,L1,0.180020449737937,L2,0.082316319...
GetData ===>> H2,-0.222902578403858,H1,45.3261883083879,AX,12.2195407435235,L1,0.132660641100979,L2,0.099845876...
GetData ===>> H2,-0.119540581901633,H1,45.2371918514423,AX,12.2503068519257,L1,0.144596653798858,L2,0.072824443...
Get Checksum: 1695186306
GetData ===>> H2,-0.192960284316092,H1,45.1728649927325,AX,12.2217107181898,L1,0.128632440706139,L2,0.249513439...
09:29:32 -- collecting point 25
GetData ===>> H2,-0.175483529393817,H1,45.1000828149853,AX,12.2027249830486,L1,0.117984473232346,L2,0.126157635...
GetData ===>> H2,-0.23429286866278,H1,45.171154554574,AX,12.2314145140396,L1,0.144177493253546,L2,0.09696205488...
Get Checksum: 1695186306
GetData ===>> H2,-0.247621006172704,H1,44.9468495275984,AX,12.2009375446081,L1,0.0878623847302408,L2,0.04267088...
GetData ===>> H2,-0.219679011892441,H1,45.09407802179,AX,12.1960807988973,L1,0.0939530174539275,L2,0.0659124629...
Get Checksum: 1695186306
GetData ===>> H2,-0.212414350002058,H1,45.1582612497126,AX,12.0655372391563,L1,0.126827756376169,L2,0.183788323...
GetData ===>> H2,-0.199628155530561,H1,45.2126503714114,AX,12.0733250024637,L1,0.139843164078064,L2,0.061624092...
GetData ===>> H2,-0.0748454007823973,H1,45.1624857774477,AX,12.0449493175065,L1,0.14840975665054,L2,0.084094203...
Get Checksum: 1695186306
GetData ===>> H2,-0.185026516111929,H1,45.197968781236,AX,12.1237619987039,L1,0.183604279087007,L2,0.1018178673...
GetData ===>> H2,-0.281550192469106,H1,45.0911122591595,AX,12.049039469845,L1,0.17096722854482,L2,0.06651695614...
GetData ===>> H2,-0.167451506080912,H1,45.2086727153215,AX,12.0567643857722,L1,0.171269719604891,L2,0.061441612...
Get Checksum: 1695186306
GetData ===>> H2,-0.205818219958271,H1,45.1528821308288,AX,12.1825718629697,L1,0.16701268442981,L2,0.0724822542...
GetData ===>> H2,-0.185143864210239,H1,45.0720668123208,AX,12.1157926505094,L1,0.113243852288696,L2,0.106651127...
GetData ===>> H2,-0.27465796667827,H1,45.1015877119057,AX,12.0906445778609,L1,0.116447873147495,L2,0.0961413785...
Get Checksum: 1695186306
GetData ===>> H2,-0.162570133222789,H1,45.0889354642453,AX,12.1767546895206,L1,0.169083516992968,L2,0.129954513...
GetData ===>> H2,-0.130891492391992,H1,45.1636406044653,AX,12.1506307414289,L1,0.135986078454057,L2,0.143273281...
GetData ===>> H2,-0.188669135215787,H1,45.0339767050368,AX,12.1073435951272,L1,0.158116920263933,L2,-0.01355083...
Get Checksum: 1695186306
GetData ===>> H2,-0.0776252877358113,H1,45.0802827303477,AX,12.0078619812645,L1,0.148164447391143,L2,0.08297732...
GetData ===>> H2,-0.125322278930605,H1,45.1079143252103,AX,12.0646870283683,L1,0.152560370035435,L2,0.103903890...
GetData ===>> H2,-0.177991501490371,H1,45.1303304036739,AX,12.051454214074,L1,0.162174700253504,L2,0.1205709117...
Get Checksum: 1695186306
GetData ===>> H2,-0.219491739280514,H1,45.0051758122064,AX,12.1197218196107,L1,0.159777824911955,L2,0.069322767...
GetData ===>> H2,-0.146501951790533,H1,45.0166456767844,AX,12.078697915351,L1,0.131188520143281,L2,0.1028209767...
GetData ===>> H2,-0.0417894965659516,H1,44.9999014958016,AX,12.0497909913394,L1,0.131678800834637,L2,0.08374090...
Get Checksum: 1695186306
GetData ===>> H2,-0.0782825483332161,H1,45.0166018408645,AX,12.1080702360196,L1,0.136779851161456,L2,0.07980910...
GetData ===>> H2,-0.2043586297558,H1,45.0595393278249,AX,12.1501748631841,L1,0.141924569685476,L2,0.11621577386...
GetData ===>> H2,-0.219730208181544,H1,45.10918553169,AX,11.9587611401929,L1,0.091525483694233,L2,0.08811735820...
Get Checksum: 1695186306
09:29:59 -- collecting point 50
GetData ===>> H2,-0.126005068579787,H1,45.1931435425358,AX,12.0697021408553,L1,0.117519726700148,L2,0.058271085...
GetData ===>> H2,-0.130680735718061,H1,45.070941186708,AX,11.9786178229277,L1,0.158282635615227,L2,0.0942834844...
Get Checksum: 1695186306
GetData ===>> H2,-0.196893311521944,H1,45.0286865361573,AX,12.0759374848595,L1,0.116025439508548,L2,0.161658050...
GetData ===>> H2,-0.114274309084871,H1,44.8825982593772,AX,12.0147093882918,L1,0.124686694991579,L2,0.057997375...
GetData ===>> H2,-0.0853961492378294,H1,44.8613902025148,AX,12.0796098594786,L1,0.166158830894425,L2,0.04837241...
Get Checksum: 1695186306
GetData ===>> H2,-0.176171994693842,H1,45.0368849337714,AX,12.0440130403388,L1,0.165016037329602,L2,0.098455247...
GetData ===>> H2,-0.158757798383368,H1,45.0226513459716,AX,12.0674964471602,L1,0.133887773215919,L2,0.135872469...
GetData ===>> H2,-0.268357521597455,H1,45.044572342858,AX,12.0177760899697,L1,0.125325103953224,L2,0.0677715768...
Get Checksum: 1695186306
GetData ===>> H2,-0.142814857715976,H1,44.9967896094524,AX,11.9521020657803,L1,0.140767777594553,L2,0.144060150...
GetData ===>> H2,-0.115362403239933,H1,44.9936485836153,AX,11.9614692044859,L1,0.119765193020187,L2,0.126556699...
GetData ===>> H2,-0.15857140269325,H1,44.8470636961464,AX,11.9567793744838,L1,0.146863078268926,L2,0.0469470026...
Get Checksum: 1695186306
GetData ===>> H2,-0.171615749500355,H1,44.9536258127133,AX,11.9929371914503,L1,0.177925592373194,L2,0.135815455...
GetData ===>> H2,-0.234162351257267,H1,45.1273199229325,AX,12.0404404816999,L1,0.157116637612061,L2,0.102353617...
GetData ===>> H2,-0.142262163178947,H1,44.9832472492998,AX,12.0369296392027,L1,0.159742741086263,L2,0.158030998...
Get Checksum: 1695186306
GetData ===>> H2,-0.147357013423091,H1,44.9502522273931,AX,11.9911764054359,L1,0.128531031860845,L2,0.039307139...
testing age>100.0
evaluate ot="age>100.0" t="age>100.0", ctx="{'age': 25.26055614876287}"
testing Ar39<0.5
evaluate ot="Ar39<0.5" t="Ar39<0.5", ctx="{'Ar39': 12.421634455890196}"
GetData ===>> H2,-0.189618370224309,H1,44.9727299434177,AX,11.9144082266352,L1,0.0972095272675833,L2,0.06607214...
GetData ===>> H2,-0.197057852385372,H1,44.8994260187406,AX,12.034219596726,L1,0.1410349038623,L2,0.091399830645...
Get Checksum: 1695186306
GetData ===>> H2,-0.169645818648369,H1,44.9880387655921,AX,12.0913834154013,L1,0.129954470275581,L2,0.089439451...
GetData ===>> H2,-0.0996858534818493,H1,45.0248724952227,AX,11.9548838080699,L1,0.114928401295537,L2,0.00405764...
GetData ===>> H2,-0.112854487177348,H1,44.9356490328484,AX,11.9971853651369,L1,0.158964879137087,L2,0.116398184...
testing age>100.0
evaluate ot="age>100.0" t="age>100.0", ctx="{'age': 25.28364170495468}"
testing Ar39<0.5
evaluate ot="Ar39<0.5" t="Ar39<0.5", ctx="{'Ar39': 12.41095737122636}"
GetData ===>> H2,-0.147786546121138,H1,44.9553053378589,AX,11.9722775498272,L1,0.198943994803599,L2,0.180742255...
GetData ===>> H2,-0.0960298150323997,H1,45.0741572872983,AX,11.9546376331651,L1,0.142921910165935,L2,0.15544196...
Get Checksum: 1695186306
GetData ===>> H2,-0.0551757322315311,H1,45.0064615525421,AX,12.058477005123,L1,0.144236682020824,L2,0.022341984...
GetData ===>> H2,-0.133577675243206,H1,44.9645504404079,AX,12.0292431583173,L1,0.172556012199694,L2,0.063517338...
Get Checksum: 1695186306
GetData ===>> H2,-0.140474167269508,H1,44.9221864289083,AX,11.9554007772792,L1,0.171901349985615,L2,0.172117959...
testing age>100.0
evaluate ot="age>100.0" t="age>100.0", ctx="{'age': 25.340501188638818}"
testing Ar39<0.5
evaluate ot="Ar39<0.5" t="Ar39<0.5", ctx="{'Ar39': 12.399313929767207}"
09:30:25 -- collecting point 75
GetData ===>> H2,-0.161057776944164,H1,44.9723063486115,AX,11.8854699448765,L1,0.1720937509528,L2,0.09239143300...
GetData ===>> H2,-0.263542141258032,H1,44.9073529942563,AX,11.9465388058836,L1,0.13854884677918,L2,0.0877412487...
Get Checksum: 1695186306
GetData ===>> H2,-0.14134184674477,H1,44.8903842316285,AX,12.0023572905663,L1,0.153474361592508,L2,0.1045878426...
GetData ===>> H2,-0.0786430091523264,H1,44.8202844857112,AX,11.9443480468096,L1,0.145894107754435,L2,0.10249040...
GetData ===>> H2,-0.1574327015884,H1,44.8941970551384,AX,12.0132561236943,L1,0.139828661008221,L2,0.00447937764...
Get Checksum: 1695186306
testing age>100.0
evaluate ot="age>100.0" t="age>100.0", ctx="{'age': 25.3670240987866}"
testing Ar39<0.5
evaluate ot="Ar39<0.5" t="Ar39<0.5", ctx="{'Ar39': 12.393453594142626}"
GetData ===>> H2,-0.199224982896428,H1,44.9826191070853,AX,11.9566070488272,L1,0.132742767352177,L2,0.124424575...
GetData ===>> H2,-0.190715823970847,H1,44.9729928650679,AX,12.0324211532162,L1,0.129415978968755,L2,0.091194672...
GetData ===>> H2,-0.0645297640677764,H1,44.9245225665024,AX,11.8787850093357,L1,0.114834271538882,L2,0.03444987...
Get Checksum: 1695186306
GetData ===>> H2,-0.0637611737014591,H1,44.9357220444934,AX,11.9937991256122,L1,0.106697768723429,L2,0.16955135...
GetData ===>> H2,-0.106464014815384,H1,44.9415485139842,AX,11.8548311326818,L1,0.109928667447121,L2,0.120730527...
testing age>100.0
evaluate ot="age>100.0" t="age>100.0", ctx="{'age': 25.37890791911543}"
testing Ar39<0.5
evaluate ot="Ar39<0.5" t="Ar39<0.5", ctx="{'Ar39': 12.388467912951064}"
GetData ===>> H2,-0.122559603721055,H1,44.8175835271914,AX,11.9145066581886,L1,0.132456536093716,L2,0.076018266...
Get Checksum: 1695186306
GetData ===>> H2,-0.222254705930482,H1,44.8180799151017,AX,11.8989802402051,L1,0.135396527989418,L2,0.081894646...
GetData ===>> H2,-0.221187857853678,H1,44.8463481449509,AX,12.0075910500296,L1,0.135926880240154,L2,0.053139159...
GetData ===>> H2,-0.0923631168838269,H1,44.8762296142559,AX,11.7582718908842,L1,0.122788908147837,L2,0.20311657...
Get Checksum: 1695186306
GetData ===>> H2,-0.167711984846949,H1,44.8625731999284,AX,11.9568532284246,L1,0.123389169818723,L2,0.169904971...
testing age>100.0
evaluate ot="age>100.0" t="age>100.0", ctx="{'age': 25.386886580196073}"
testing Ar39<0.5
evaluate ot="Ar39<0.5" t="Ar39<0.5", ctx="{'Ar39': 12.387074848252885}"
GetData ===>> H2,-0.0255220022078561,H1,44.9227266567689,AX,11.8746117606703,L1,0.142973895450037,L2,0.08980417...
GetData ===>> H2,-0.107371883839662,H1,44.8013790264878,AX,11.9606075399661,L1,0.121380787947411,L2,0.107335098...
Get Checksum: 1695186306
GetData ===>> H2,-0.159537115275929,H1,44.8038022659634,AX,11.8615022091765,L1,0.149072000431121,L2,-0.01820030...
GetData ===>> H2,-0.325918197320456,H1,44.8919181118815,AX,11.9626755468862,L1,0.173545951292562,L2,0.061624092...
GetData ===>> H2,-0.178768887064063,H1,44.7046200136866,AX,11.8826260243884,L1,0.171030145943205,L2,0.076417501...
Get Checksum: 1695186306
testing age>100.0
evaluate ot="age>100.0" t="age>100.0", ctx="{'age': 25.41137270071521}"
testing Ar39<0.5
evaluate ot="Ar39<0.5" t="Ar39<0.5", ctx="{'Ar39': 12.382201548803735}"
GetData ===>> H2,-0.117055237960863,H1,44.7646421657543,AX,11.8339098872994,L1,0.148653863378298,L2,0.105636578...
GetData ===>> H2,-0.113318757343047,H1,44.849794511564,AX,11.7970126811983,L1,0.123530484075721,L2,0.1992597379...
GetData ===>> H2,-0.200739165626767,H1,44.8124737685606,AX,11.9681904343732,L1,0.15874834652675,L2,0.0591606474...
Get Checksum: 1695186306
GetData ===>> H2,-0.158715927154729,H1,44.7763611513961,AX,11.979885924234,L1,0.178172593552965,L2,0.0585904145...
GetData ===>> H2,-0.0516385080644303,H1,44.6707393233336,AX,11.839595123969,L1,0.153612192859853,L2,0.065479055...
Get Checksum: 1695186306
testing age>100.0
evaluate ot="age>100.0" t="age>100.0", ctx="{'age': 25.432488039655826}"
testing Ar39<0.5
evaluate ot="Ar39<0.5" t="Ar39<0.5", ctx="{'Ar39': 12.378861760059232}"
09:30:51 -- collecting point 100
GetData ===>> H2,-0.127363765385133,H1,44.7517131787001,AX,11.7997804369065,L1,0.0952321064244845,L2,0.18475806...
GetData ===>> H2,-0.13403612932754,H1,44.7492326036007,AX,11.8870827657512,L1,0.115926471889138,L2,0.0328308384...
GetData ===>> H2,-0.136086098544828,H1,44.6943976353577,AX,11.8999521107344,L1,0.163490094534446,L2,0.043548898...
Get Checksum: 1695186306
GetData ===>> H2,-0.18358856592826,H1,44.782651629784,AX,11.8996322536013,L1,0.157070677779416,L2,0.02282079857...
GetData ===>> H2,-0.0926408358320932,H1,44.7420829917627,AX,11.8534772767726,L1,0.106718267630003,L2,0.12476662...
testing age>100.0
evaluate ot="age>100.0" t="age>100.0", ctx="{'age': 25.433936470984825}"
testing Ar39<0.5
evaluate ot="Ar39<0.5" t="Ar39<0.5", ctx="{'Ar39': 12.375560054607464}"
GetData ===>> H2,-0.158992814666837,H1,44.7312280525358,AX,11.8793759254307,L1,0.124946156920104,L2,0.126043617...
Get Checksum: 1695186306
GetData ===>> H2,-0.105534422468987,H1,44.6322769598395,AX,11.8345251575483,L1,0.115891471377171,L2,0.016174619...
GetData ===>> H2,-0.0966067348089277,H1,44.8680940055462,AX,11.8332946207167,L1,0.130006389111102,L2,0.08345598...
GetData ===>> H2,-0.0810737887040917,H1,44.7677067984377,AX,11.8114919400498,L1,0.146713256329451,L2,0.04179287...
Get Checksum: 1695186306
GetData ===>> H2,-0.0904988374731236,H1,44.6686962535769,AX,11.7686013467697,L1,0.125811480307462,L2,0.09135423...
testing age>100.0
evaluate ot="age>100.0" t="age>100.0", ctx="{'age': 25.4595861163505}"
testing Ar39<0.5
evaluate ot="Ar39<0.5" t="Ar39<0.5", ctx="{'Ar39': 12.376173359942067}"
GetData ===>> H2,-0.0166246342354672,H1,44.7955692861114,AX,11.8777139825309,L1,0.121305919111194,L2,0.04841803...
GetData ===>> H2,0.0131798092631547,H1,44.8458516424955,AX,11.894506991207,L1,0.132243981401474,L2,0.0895420285...
Get Checksum: 1695186306
GetData ===>> H2,-0.131763962894357,H1,44.7065162286303,AX,11.8469051739422,L1,0.134250143785058,L2,0.072607723...
GetData ===>> H2,-0.117018704624282,H1,44.7701731537592,AX,11.7607311913866,L1,0.14406636425624,L2,0.1634145966...
GetData ===>> H2,-0.145922418386762,H1,44.7550401465346,AX,11.8720881965409,L1,0.117663373351421,L2,0.070942418...
Get Checksum: 1695186306
testing age>100.0
evaluate ot="age>100.0" t="age>100.0", ctx="{'age': 25.482000470819266}"
testing Ar39<0.5
evaluate ot="Ar39<0.5" t="Ar39<0.5", ctx="{'Ar39': 12.370771941467204}"
GetData ===>> H2,-0.249237854119498,H1,44.5946142325119,AX,11.9088223896746,L1,0.129560861708791,L2,0.068011097...
GetData ===>> H2,-0.210458546066329,H1,44.6762557819743,AX,11.80468877283,L1,0.149486529029719,L2,-0.0056416657...
GetData ===>> H2,-0.192546474347042,H1,44.5058139147465,AX,11.7657975351068,L1,0.146757961031369,L2,0.032545800...
Get Checksum: 1695186306
GetData ===>> H2,-0.180156171764937,H1,44.6302782978051,AX,12.0286395966843,L1,0.153820152350464,L2,0.136761905...
GetData ===>> H2,-0.227304703035199,H1,44.6896539306524,AX,11.8411826160861,L1,0.132867165735204,L2,0.185636546...
testing age>100.0
evaluate ot="age>100.0" t="age>100.0", ctx="{'age': 25.511254945127394}"
testing Ar39<0.5
evaluate ot="Ar39<0.5" t="Ar39<0.5", ctx="{'Ar39': 12.361580425400732}"
Get Checksum: 1695186306
GetData ===>> H2,-0.311470379104494,H1,44.7006158158544,AX,11.786741880846,L1,0.113202828086001,L2,0.0556138541...
measurement finished
estimated time: 125.829 actual time: :126.209
flush and close file /Users/jan/PychronDev/data/isotopes/51/84edb3-f078-497d-b412-bc649a58242a.h5
baselines () {'settling_time': 15.0, 'detector': 'H1', 'mass': 34.2, 'ncounts': 60.0}
%%%%%%%%%%%%%%%%%%%%%%%%%%%%%%%% Baseline
build tables- baseline [Detector(H2), Detector(H1), Detector(AX), Detector(L1), Detector(L2), Detector(CDD)]
add group baseline table H2
add group baseline table H1
add group baseline table AX
add group baseline table L1
add group baseline table L2
add group baseline table CDD
flush and close file /Users/jan/PychronDev/data/isotopes/51/84edb3-f078-497d-b412-bc649a58242a.h5
detector Detector(H1)
POSITION 34.2 H1
Mapping mass to dac mass func: "parabolic"
H1 map mass coeffs = [-0.00063987  0.15840543  0.57038999]
H1 map mass to dac 34.2 >> 5.23943599104
GetDeflection H1 ===>> 0
GetHighVoltage ===>> 4499.94659342336
positioning 34.2 (5.2394051365) on H1
setting magnet DAC
current  : 5.878745
requested: 5.239405
Delta Dac: 0.639340
Checking detector protection. dv=0.63934
Checking detector "CDD". Protection Threshold: 0.1 (V)
ProtectDetector CDD,On ===>> OK
GetDeflection CDD ===>> 2000
SetMagnetDAC 5.2394051365 ===>> OK
Magnet settling time: 0.500
GetMagnetMoving ===>> True
GetMagnetMoving ===>> True
GetMagnetMoving ===>> True
GetMagnetMoving ===>> True
GetMagnetMoving ===>> True
GetMagnetMoving ===>> True
Get Checksum: 1695186306
GetMagnetMoving ===>> True
GetMagnetMoving ===>> True
GetMagnetMoving ===>> False
ProtectDetector CDD,Off ===>> OK
GetDeflection CDD ===>> 50
Delaying 15.0s for detectors to settle
Get Checksum: 1695186306
Get Checksum: 1695186306
Get Checksum: 1695186306
Get Checksum: 1695186306
Get Checksum: 1695186306
Join finished
measuring baseline. ncounts=60.0
starting measurement
GetData ===>> H2,-0.138353344142346,H1,-0.0611536753622797,AX,-0.118093464632824,L1,-0.028996258594061,L2,0.039...
GetData ===>> H2,-0.112924873379355,H1,0.0308852803363237,AX,-0.0184314899870002,L1,-0.0217033100571743,L2,-0.1...
Get Checksum: 1695186306
GetData ===>> H2,-0.17079408711246,H1,-0.141260160275869,AX,-0.0386109337545837,L1,-0.0498599775749493,L2,-0.10...
GetData ===>> H2,-0.235540108419415,H1,-0.039490334153691,AX,-0.148808997263138,L1,-0.0884517491614943,L2,-0.04...
GetData ===>> H2,-0.250640638539685,H1,-0.0391803128489297,AX,-0.0388660493635948,L1,-0.0870160674417171,L2,0.0...
Get Checksum: 1695186306
GetData ===>> H2,-0.22649281575485,H1,-0.0404203923056066,AX,-0.00648421542688482,L1,-0.0595944741442974,L2,-0....
GetData ===>> H2,-0.217345292749398,H1,0.0150046964123575,AX,-0.107317227030354,L1,-0.054779448261797,L2,-0.019...
GetData ===>> H2,-0.247760908990329,H1,-0.0809768285994881,AX,-0.0928659252034722,L1,-0.0351852846083732,L2,-0....
Get Checksum: 1695186306
GetData ===>> H2,-0.279660610759847,H1,-0.0945873272527152,AX,-0.0870940757154589,L1,-0.0210823383358905,L2,-0....
GetData ===>> H2,-0.312251087713902,H1,-0.0277446252409107,AX,-0.0809857415997782,L1,-0.0446212190455915,L2,-0....
GetData ===>> H2,-0.187079257929754,H1,-0.038464875403643,AX,-0.0352943699798063,L1,-0.0146401931420888,L2,-0.0...
Get Checksum: 1695186306
GetData ===>> H2,-0.122980201192837,H1,0.0122726786280893,AX,-0.120352846943871,L1,0.00137187945684929,L2,-0.03...
GetData ===>> H2,-0.233513778484775,H1,-0.0141846664100108,AX,-0.0486990868070266,L1,0.023221633055993,L2,-0.03...
GetData ===>> H2,-0.23894095159101,H1,-0.00894862340945475,AX,-0.0447219283484456,L1,-0.0247464761996581,L2,0.0...
Get Checksum: 1695186306
GetData ===>> H2,-0.147852730530411,H1,-0.126939478793209,AX,-0.0663450421640504,L1,-0.0549913435996651,L2,-0.0...
GetData ===>> H2,-0.118831698750903,H1,-0.108541529190575,AX,-0.106135244457013,L1,-0.0416349698533282,L2,-0.08...
Get Checksum: 1695186306
GetData ===>> H2,-0.160744477907784,H1,-0.0192057624424756,AX,-0.027048856280574,L1,-0.0482360989948942,L2,-0.0...
GetData ===>> H2,-0.188495190056789,H1,-0.0653856462977885,AX,-0.129065460700836,L1,-0.0454125340900214,L2,0.00...
GetData ===>> H2,-0.155904798320086,H1,-0.0632875647674556,AX,-0.130455699212541,L1,-0.00847555942869565,L2,0.0...
Get Checksum: 1695186306
GetData ===>> H2,-0.229015803419943,H1,0.0267329385370775,AX,-0.118162984871072,L1,-0.0309869400588584,L2,-0.07...
GetData ===>> H2,-0.212379331693892,H1,-0.0436993745293933,AX,-0.148727838715542,L1,-0.0473432727814301,L2,-0.0...
GetData ===>> H2,-0.0926354169906935,H1,-0.0626438263879645,AX,-0.0776358471737425,L1,-0.00134768645992443,L2,-...
Get Checksum: 1695186306
GetData ===>> H2,-0.149586894513423,H1,-0.0563135117419343,AX,-0.143185709122455,L1,-0.0230158557884038,L2,0.01...
GetData ===>> H2,-0.204630885246953,H1,-0.0625007728523695,AX,-0.0840805242678614,L1,-0.048962508965475,L2,0.03...
09:31:57 -- collecting point 25
GetData ===>> H2,-0.267657254824615,H1,-0.117847220840983,AX,-0.0522354906054185,L1,-0.0525291736095473,L2,0.02...
Get Checksum: 1695186306
GetData ===>> H2,-0.300127027252692,H1,-0.0197662967264421,AX,-0.123110380914188,L1,-0.0249226376177228,L2,-0.0...
GetData ===>> H2,-0.274942740495688,H1,-0.0315367915890484,AX,-0.118788664779141,L1,-0.0227209974167017,L2,0.02...
GetData ===>> H2,-0.206645641732133,H1,-0.0165103835354728,AX,-0.0745176757137304,L1,-0.0671672129045884,L2,-0....
GetData ===>> H2,-0.159306162130801,H1,-0.033695161730196,AX,0.0137018907001062,L1,-0.0320527867742516,L2,0.001...
GetData ===>> H2,-0.114163328448632,H1,-0.00570428621344805,AX,-0.153898662313195,L1,-0.00117608507858785,L2,0....
Get Checksum: 1695186306
GetData ===>> H2,-0.23098102777629,H1,-0.0400149834045791,AX,-0.00692501471720546,L1,-0.0109023467622892,L2,-0....
GetData ===>> H2,-0.218196913531937,H1,-0.0808695581220541,AX,-0.0440725809201883,L1,0.00426747607095356,L2,-0....
GetData ===>> H2,-0.177612236728646,H1,-0.000670584337103386,AX,-0.158280894005658,L1,-0.0217764335479214,L2,0....
Get Checksum: 1695186306
GetData ===>> H2,-0.229433105670908,H1,-0.0550140190840541,AX,-0.0594586308386968,L1,-0.00416009233088397,L2,-0...
GetData ===>> H2,-0.300670337258556,H1,-0.112807241774804,AX,-0.0997152059316312,L1,-0.015490667892065,L2,-0.05...
GetData ===>> H2,-0.209627361665036,H1,0.000987491370785376,AX,-0.192647901220969,L1,-0.0172549638294866,L2,-0....
Get Checksum: 1695186306
GetData ===>> H2,-0.123119495312574,H1,0.0210655085784996,AX,0.00366632044881442,L1,0.00382203783582205,L2,0.01...
GetData ===>> H2,-0.153760523087792,H1,-0.0227120316856897,AX,-0.140194219248205,L1,-0.0339099642622602,L2,-0.0...
Get Checksum: 1695186306
GetData ===>> H2,-0.220244852732104,H1,-0.0462390214768458,AX,-0.0758739187023616,L1,-0.0799050995044591,L2,-0....
GetData ===>> H2,-0.269094031674443,H1,-0.00337831799088733,AX,-0.017132439928832,L1,-0.0482372957596213,L2,0.1...
GetData ===>> H2,-0.253179463658677,H1,-0.031453317775809,AX,-0.00713381368433296,L1,-0.00145448584324854,L2,-0...
Get Checksum: 1695186306
GetData ===>> H2,-0.253179463658677,H1,-0.031453317775809,AX,-0.00713381368433296,L1,-0.00145448584324854,L2,-0...
GetData ===>> H2,-0.133830571085023,H1,-0.0746834327209232,AX,-0.100746612525353,L1,-0.0102261664074606,L2,-0.1...
GetData ===>> H2,-0.0985526073551173,H1,-0.0704756953711748,AX,-0.00909418214275512,L1,-0.00197286675731093,L2,...
Get Checksum: 1695186306
GetData ===>> H2,-0.0895652280258991,H1,-0.0447843958993442,AX,-0.00469779786508075,L1,-0.0171278393185234,L2,-...
GetData ===>> H2,-0.214815539114879,H1,-0.05515708332251,AX,-0.170626596164199,L1,0.0256392743966589,L2,0.01037...
GetData ===>> H2,-0.23967060216237,H1,-0.0031039694575739,AX,-0.0737294232391916,L1,-0.0363691550645321,L2,-0.0...
Get Checksum: 1695186306
GetData ===>> H2,-0.130191496241543,H1,-0.0021139228453702,AX,-0.0445711873673241,L1,-0.0280666598296168,L2,-0....
GetData ===>> H2,-0.135126066727584,H1,-0.0954453702058931,AX,-0.0845905164587197,L1,-0.0376930555530695,L2,-0....
09:32:23 -- collecting point 50
GetData ===>> H2,-0.192411679558955,H1,-0.0571003523050838,AX,0.0575274688632993,L1,-0.0280702538047438,L2,-0.0...
Get Checksum: 1695186306
GetData ===>> H2,-0.198446913482685,H1,-0.00675393622520097,AX,-0.185427780650293,L1,0.00344265045319772,L2,0.0...
GetData ===>> H2,-0.288155485990923,H1,-0.0430555101330164,AX,-0.139197035511562,L1,0.0189575207614991,L2,0.024...
GetData ===>> H2,-0.248810124861327,H1,-0.0101652227477931,AX,-0.199589373644695,L1,0.00652752213771226,L2,-0.0...
Get Checksum: 1695186306
GetData ===>> H2,-0.221870813865305,H1,-0.0644558201381649,AX,-0.0572326158832846,L1,-0.00739386787754722,L2,-0...
GetData ===>> H2,-0.108822158919131,H1,-0.0238807608050394,AX,-0.0471801329357128,L1,-0.0515493942613054,L2,-0....
GetData ===>> H2,-0.0771401101871669,H1,-0.00971198158532511,AX,0.0646480501903774,L1,-0.0520315198526155,L2,-0...
Get Checksum: 1695186306
GetData ===>> H2,-0.234726121815553,H1,-0.00842381128653964,AX,-0.197433977821232,L1,-0.0356202653612468,L2,-0....
GetData ===>> H2,-0.171453850296518,H1,0.0168897128502767,AX,-0.0533717504478437,L1,-0.044767275831311,L2,0.028...
GetData ===>> H2,-0.209872547209261,H1,-0.0301892772368138,AX,-0.129250826983748,L1,-0.0266217777765295,L2,-0.0...
Get Checksum: 1695186306
GetData ===>> H2,-0.311447574087241,H1,-0.00304432837256989,AX,-0.0249728714456156,L1,-0.0196748203728964,L2,0....
measurement finished
estimated time: 62.915 actual time: :63.112
flush and close file /Users/jan/PychronDev/data/isotopes/51/84edb3-f078-497d-b412-bc649a58242a.h5
activate_detectors ('H1', 'AX', 'CDD') {'peak_center': True}
peak_center () {'detector': 'H1', 'isotope': 'Ar40'}
peak center: mean=44.6874813145 threshold=3
peak center started
setup peak center. detector=['H1', 'AX', 'CDD'], isotope=Ar40
VersionedUnpickler [<apptools.sweet_pickle.versioned_unpickler.VersionedUnpickler object at 0x1b206bd70>] using Updater [<apptools.sweet_pickle.updater.Updater object at 0x12ce00cb0>]
VersionedUnpickler [<apptools.sweet_pickle.versioned_unpickler.VersionedUnpickler object at 0x1b206bd70>] using Updater [<apptools.sweet_pickle.updater.Updater object at 0x12ce00cb0>]
VersionedUnpickler [<apptools.sweet_pickle.versioned_unpickler.VersionedUnpickler object at 0x1aa14bcb0>] using Updater [<apptools.sweet_pickle.updater.Updater object at 0x12ce00cb0>]
setting integration time = 0.524288
SetIntegrationTime 0.524288 ===>> OK
Mapping mass to dac mass func: "parabolic"
H1 map mass coeffs = [-0.00063987  0.15840543  0.57038999]
H1 map mass to dac 39.9624 >> 5.87878
GetDeflection H1 ===>> 0
GetHighVoltage ===>> 4499.94659342336
do peak center. <pychron.spectrometer.jobs.peak_center.PeakCenter object at 0x12ce00b30>
doing pc
starting peak center. center dac= 5.87874538042 step_width=0.001
width = 0.001
get scan parameters. half-width=0.015,window=0.015, i=0, scalar=1
Scan parameters center=5.87875 width=0.03000 (5.86375 - 5.89375)
GetData ===>> H2,-0.138219512174773,H1,0.0342979660366673,AX,-0.0589021318736396,L1,-0.0299209803470888,L2,0.02...
Moving to starting dac 5.86374538042
setting magnet DAC
current  : 5.239405
requested: 5.863745
Delta Dac: 0.624340
Checking detector protection. dv=0.62434
Checking detector "CDD". Protection Threshold: 0.1 (V)
ProtectDetector CDD,On ===>> OK
GetDeflection CDD ===>> 2000
SetMagnetDAC 5.86374538042 ===>> OK
Magnet settling time: 0.500
GetMagnetMoving ===>> True
Get Checksum: 1695186306
GetMagnetMoving ===>> True
GetMagnetMoving ===>> True
GetMagnetMoving ===>> True
GetMagnetMoving ===>> True
GetMagnetMoving ===>> True
GetMagnetMoving ===>> True
GetMagnetMoving ===>> True
GetMagnetMoving ===>> True
GetMagnetMoving ===>> False
ProtectDetector CDD,Off ===>> OK
GetDeflection CDD ===>> 50
Wait until signal near baseline. tol= 0.0257234745275. timeout= 10
GetData ===>> H2,1.0350898233178,H1,0.557172628549974,AX,-0.0214006821580726,L1,0.0231970148291336,L2,0.0942834...
GetData ===>> H2,2.58928686428129,H1,1.77001745563985,AX,0.168121970139274,L1,0.0034270430504615,L2,-0.30284941...
Get Checksum: 1695186306
GetData ===>> H2,1.50780804967573,H1,0.987429738898116,AX,0.18563769405379,L1,-0.0193411871305356,L2,-0.0669081...
GetData ===>> H2,0.517461801825602,H1,0.482611239678055,AX,-0.0466583494174331,L1,-0.0115281327842547,L2,0.0258...
GetData ===>> H2,0.0366051136089659,H1,0.169192617623781,AX,-0.00894338597079638,L1,-0.00954754257881936,L2,-0....
GetData ===>> H2,-0.200964320638131,H1,0.0622243101413346,AX,-0.0515050308436063,L1,-0.0469423129408777,L2,-0.0...
GetData ===>> H2,-0.224869943497178,H1,0.111987825144033,AX,-0.123736029002742,L1,-0.0357784355139637,L2,-0.004...
GetData ===>> H2,-0.15276729031042,H1,-0.0460005597163747,AX,-0.147762505279291,L1,-0.0102669303396949,L2,-0.04...
Peak center baseline intensity achieved
_do_sweep sm= 5.86374538042, em= 5.89374538042, stm= 0.001
calculated step values: start=5.86374538042, end=5.89374538042, width=0.001, nsteps=31.0
setting magnet DAC
current  : 5.863745
requested: 5.863745
Delta Dac: 0.000000
Checking detector protection. dv=0.00000
Checking detector "CDD". Protection Threshold: 0.1 (V)
SetMagnetDAC 5.86374538042 ===>> OK
GetData ===>> H2,-0.15276729031042,H1,-0.0460005597163747,AX,-0.147762505279291,L1,-0.0102669303396949,L2,-0.04...
setting magnet DAC
current  : 5.863745
requested: 5.864780
Delta Dac: 0.001034
Checking detector protection. dv=0.00103
Checking detector "CDD". Protection Threshold: 0.1 (V)
SetMagnetDAC 5.86477986317 ===>> OK
Magnet settling time: 1.049
Get Checksum: 1695186306
GetData ===>> H2,-0.0617228201625157,H1,0.0536546291969977,AX,-0.124755595043844,L1,-0.0165545879989263,L2,-0.0...
setting magnet DAC
current  : 5.864780
requested: 5.865814
Delta Dac: 0.001034
Checking detector protection. dv=0.00103
Checking detector "CDD". Protection Threshold: 0.1 (V)
SetMagnetDAC 5.86581434593 ===>> OK
Magnet settling time: 1.049
GetData ===>> H2,-0.0882113694183207,H1,0.169359582290851,AX,0.0344724262585038,L1,0.00711018655662889,L2,0.056...
setting magnet DAC
current  : 5.865814
requested: 5.866849
Delta Dac: 0.001034
Checking detector protection. dv=0.00103
Checking detector "CDD". Protection Threshold: 0.1 (V)
SetMagnetDAC 5.86684882869 ===>> OK
Magnet settling time: 1.049
Get Checksum: 1695186306
GetData ===>> H2,-0.100888144840973,H1,1.09502659748741,AX,-0.0335548682700183,L1,-0.0251060142172246,L2,-0.147...
setting magnet DAC
current  : 5.866849
requested: 5.867883
Delta Dac: 0.001034
Checking detector protection. dv=0.00103
Checking detector "CDD". Protection Threshold: 0.1 (V)
SetMagnetDAC 5.86788331145 ===>> OK
Magnet settling time: 1.049
GetData ===>> H2,-0.272707159302605,H1,3.70596647676333,AX,0.57846477419495,L1,0.00280036578414887,L2,0.0068550...
setting magnet DAC
current  : 5.867883
requested: 5.868918
Delta Dac: 0.001034
Checking detector protection. dv=0.00103
Checking detector "CDD". Protection Threshold: 0.1 (V)
SetMagnetDAC 5.86891779421 ===>> OK
Magnet settling time: 1.049
GetData ===>> H2,-0.119076566064464,H1,10.055502572428,AX,1.86998067822109,L1,0.00816506018236441,L2,-0.1169114...
setting magnet DAC
current  : 5.868918
requested: 5.869952
Delta Dac: 0.001034
Checking detector protection. dv=0.00103
Checking detector "CDD". Protection Threshold: 0.1 (V)
SetMagnetDAC 5.86995227697 ===>> OK
Magnet settling time: 1.049
Get Checksum: 1695186306
GetData ===>> H2,-0.212297172929784,H1,19.7168117969934,AX,3.95037841833965,L1,0.0399998064902689,L2,-0.1409509...
setting magnet DAC
current  : 5.869952
requested: 5.870987
Delta Dac: 0.001034
Checking detector protection. dv=0.00103
Checking detector "CDD". Protection Threshold: 0.1 (V)
SetMagnetDAC 5.87098675973 ===>> OK
Magnet settling time: 1.049
GetData ===>> H2,-0.110618144584032,H1,30.3189462521739,AX,6.5241719145666,L1,0.0324504674413153,L2,0.004509273...
setting magnet DAC
current  : 5.870987
requested: 5.872021
Delta Dac: 0.001034
Checking detector protection. dv=0.00103
Checking detector "CDD". Protection Threshold: 0.1 (V)
SetMagnetDAC 5.87202124248 ===>> OK
Magnet settling time: 1.049
GetData ===>> H2,-0.198758417366049,H1,40.3314850019828,AX,9.79747160019192,L1,0.0736111851727195,L2,0.13530232...
setting magnet DAC
current  : 5.872021
requested: 5.873056
Delta Dac: 0.001034
Checking detector protection. dv=0.00103
Checking detector "CDD". Protection Threshold: 0.1 (V)
SetMagnetDAC 5.87305572524 ===>> OK
Magnet settling time: 1.049
Get Checksum: 1695186306
GetData ===>> H2,-0.148039130488073,H1,42.7041054297243,AX,10.7562044154149,L1,0.0459086402743147,L2,0.19009752...
setting magnet DAC
current  : 5.873056
requested: 5.874090
Delta Dac: 0.001034
Checking detector protection. dv=0.00103
Checking detector "CDD". Protection Threshold: 0.1 (V)
SetMagnetDAC 5.874090208 ===>> OK
Magnet settling time: 1.049
GetData ===>> H2,-0.138708277353197,H1,43.5027660526147,AX,11.2230219834911,L1,0.0749455562375902,L2,0.06185023...
setting magnet DAC
current  : 5.874090
requested: 5.875125
Delta Dac: 0.001034
Checking detector protection. dv=0.00103
Checking detector "CDD". Protection Threshold: 0.1 (V)
SetMagnetDAC 5.87512469076 ===>> OK
Magnet settling time: 1.049
Get Checksum: 1695186306
GetData ===>> H2,-0.195175720209211,H1,43.7221635800628,AX,11.0982033282814,L1,0.124019067140913,L2,0.070874829...
setting magnet DAC
current  : 5.875125
requested: 5.876159
Delta Dac: 0.001034
Checking detector protection. dv=0.00103
Checking detector "CDD". Protection Threshold: 0.1 (V)
SetMagnetDAC 5.87615917352 ===>> OK
Magnet settling time: 1.049
GetData ===>> H2,-0.257018889472399,H1,43.68678365849,AX,11.234836131283,L1,0.13205832393815,L2,0.0484060848727...
setting magnet DAC
current  : 5.876159
requested: 5.877194
Delta Dac: 0.001034
Checking detector protection. dv=0.00103
Checking detector "CDD". Protection Threshold: 0.1 (V)
SetMagnetDAC 5.87719365628 ===>> OK
Magnet settling time: 1.049
GetData ===>> H2,-0.27736913758018,H1,43.7262599482133,AX,11.1852111186659,L1,0.126481060249082,L2,0.0214095529...
setting magnet DAC
current  : 5.877194
requested: 5.878228
Delta Dac: 0.001034
Checking detector protection. dv=0.00103
Checking detector "CDD". Protection Threshold: 0.1 (V)
SetMagnetDAC 5.87822813904 ===>> OK
Magnet settling time: 1.049
Get Checksum: 1695186306
GetData ===>> H2,-0.222281150065398,H1,43.7051694795555,AX,11.1799681937417,L1,0.143903296736213,L2,0.045512421...
setting magnet DAC
current  : 5.878228
requested: 5.879263
Delta Dac: 0.001034
Checking detector protection. dv=0.00103
Checking detector "CDD". Protection Threshold: 0.1 (V)
SetMagnetDAC 5.8792626218 ===>> OK
Magnet settling time: 1.049
GetData ===>> H2,-0.188309967593383,H1,43.8220553996791,AX,11.2809046460723,L1,0.12142305285735,L2,-0.008835737...
setting magnet DAC
current  : 5.879263
requested: 5.880297
Delta Dac: 0.001034
Checking detector protection. dv=0.00103
Checking detector "CDD". Protection Threshold: 0.1 (V)
SetMagnetDAC 5.88029710455 ===>> OK
Magnet settling time: 1.049
GetData ===>> H2,-0.23010761043796,H1,43.8496512342204,AX,11.261410662115,L1,0.111335196286431,L2,0.02006562093...
setting magnet DAC
current  : 5.880297
requested: 5.881332
Delta Dac: 0.001034
Checking detector protection. dv=0.00103
Checking detector "CDD". Protection Threshold: 0.1 (V)
SetMagnetDAC 5.88133158731 ===>> OK
Magnet settling time: 1.049
Get Checksum: 1695186306
GetData ===>> H2,-0.263036200835415,H1,43.7481676848247,AX,11.3050872179302,L1,0.133105609244056,L2,0.087444921...
setting magnet DAC
current  : 5.881332
requested: 5.882366
Delta Dac: 0.001034
Checking detector protection. dv=0.00103
Checking detector "CDD". Protection Threshold: 0.1 (V)
SetMagnetDAC 5.88236607007 ===>> OK
Magnet settling time: 1.049
GetData ===>> H2,-0.21866607322018,H1,43.5825045819327,AX,11.1640695543194,L1,0.107909687157055,L2,0.0885162637...
setting magnet DAC
current  : 5.882366
requested: 5.883401
Delta Dac: 0.001034
Checking detector protection. dv=0.00103
Checking detector "CDD". Protection Threshold: 0.1 (V)
SetMagnetDAC 5.88340055283 ===>> OK
Magnet settling time: 1.049
GetData ===>> H2,-0.188520123026883,H1,43.5674449053437,AX,11.2478038416019,L1,0.111463072233178,L2,0.013983995...
setting magnet DAC
current  : 5.883401
requested: 5.884435
Delta Dac: 0.001034
Checking detector protection. dv=0.00103
Checking detector "CDD". Protection Threshold: 0.1 (V)
SetMagnetDAC 5.88443503559 ===>> OK
Magnet settling time: 1.049
Get Checksum: 1695186306
GetData ===>> H2,-0.186469593711926,H1,42.4430667398183,AX,10.7862778561893,L1,0.124038355653138,L2,-0.00257337...
setting magnet DAC
current  : 5.884435
requested: 5.885470
Delta Dac: 0.001034
Checking detector protection. dv=0.00103
Checking detector "CDD". Protection Threshold: 0.1 (V)
SetMagnetDAC 5.88546951835 ===>> OK
Magnet settling time: 1.049
GetData ===>> H2,-0.229236179390018,H1,39.1998896635262,AX,9.3553410768178,L1,0.116712204871611,L2,0.0460592485...
setting magnet DAC
current  : 5.885470
requested: 5.886504
Delta Dac: 0.001034
Checking detector protection. dv=0.00103
Checking detector "CDD". Protection Threshold: 0.1 (V)
SetMagnetDAC 5.88650400111 ===>> OK
Magnet settling time: 1.049
Get Checksum: 1695186306
GetData ===>> H2,-0.0676099022493793,H1,32.2771259538916,AX,6.88147833071272,L1,0.105338904379714,L2,-0.0039397...
setting magnet DAC
current  : 5.886504
requested: 5.887538
Delta Dac: 0.001034
Checking detector protection. dv=0.00103
Checking detector "CDD". Protection Threshold: 0.1 (V)
SetMagnetDAC 5.88753848386 ===>> OK
Magnet settling time: 1.049
GetData ===>> H2,-0.0470816075557523,H1,22.1171582585712,AX,4.08198015341989,L1,0.0852340963390631,L2,0.1918774...
setting magnet DAC
current  : 5.887538
requested: 5.888573
Delta Dac: 0.001034
Checking detector protection. dv=0.00103
Checking detector "CDD". Protection Threshold: 0.1 (V)
SetMagnetDAC 5.88857296662 ===>> OK
Magnet settling time: 1.049
GetData ===>> H2,-0.103903697722311,H1,11.7333281954114,AX,1.75221480967776,L1,0.0583098320813097,L2,-0.0316272...
setting magnet DAC
current  : 5.888573
requested: 5.889607
Delta Dac: 0.001034
Checking detector protection. dv=0.00103
Checking detector "CDD". Protection Threshold: 0.1 (V)
SetMagnetDAC 5.88960744938 ===>> OK
Magnet settling time: 1.049
Get Checksum: 1695186306
GetData ===>> H2,-0.18032116874532,H1,4.58791865686587,AX,0.594718742524824,L1,0.0144174532542094,L2,-0.0211315...
setting magnet DAC
current  : 5.889607
requested: 5.890642
Delta Dac: 0.001034
Checking detector protection. dv=0.00103
Checking detector "CDD". Protection Threshold: 0.1 (V)
SetMagnetDAC 5.89064193214 ===>> OK
Magnet settling time: 1.049
GetData ===>> H2,-0.176510758357346,H1,1.54950477337563,AX,0.262883626243175,L1,0.00172238003258334,L2,0.000113...
setting magnet DAC
current  : 5.890642
requested: 5.891676
Delta Dac: 0.001034
Checking detector protection. dv=0.00103
Checking detector "CDD". Protection Threshold: 0.1 (V)
SetMagnetDAC 5.8916764149 ===>> OK
Magnet settling time: 1.049
GetData ===>> H2,-0.250543807632803,H1,0.210656103196283,AX,0.0105924935769719,L1,-0.0462384999582408,L2,0.0598...
setting magnet DAC
current  : 5.891676
requested: 5.892711
Delta Dac: 0.001034
Checking detector protection. dv=0.00103
Checking detector "CDD". Protection Threshold: 0.1 (V)
SetMagnetDAC 5.89271089766 ===>> OK
Magnet settling time: 1.049
Get Checksum: 1695186306
GetData ===>> H2,-0.178835449968102,H1,0.0324364866883144,AX,0.00878259172948024,L1,-0.0143137271304869,L2,0.03...
setting magnet DAC
current  : 5.892711
requested: 5.893745
Delta Dac: 0.001034
Checking detector protection. dv=0.00103
Checking detector "CDD". Protection Threshold: 0.1 (V)
SetMagnetDAC 5.89374538042 ===>> OK
Magnet settling time: 1.049
GetData ===>> H2,-0.188840737260602,H1,-0.106837576400154,AX,-0.1546195043735,L1,-0.0424241251756102,L2,-0.0552...
result of _do_sweep=True
result of _calculate_peak_center=([5.8712044364589655, 5.878837633888307, 5.8864708313176486], [32.425793083299297, 43.849430025125884, 32.499098337366519], 5.8802888121068122, 43.849430025125884)
Failed to find a valid peak. No peak greater than 1.0. max = 0.0148603023128
new center pos Detector(H1) (Ar40) @ 5.87883763389
GetHighVoltage ===>> 4499.94659342336
GetDeflection H1 ===>> 0
dac uncorrected for HV and deflection 5.87887225402
update mftable H1 Ar40 5.87887225402 message=automated run peakcenter
get initial guess parabolic
get initial guess parabolic
get initial guess parabolic
get initial guess parabolic
get initial guess parabolic
get initial guess parabolic
dump mftable to /Users/jan/PychronDev/setupfiles/spectrometer/mftables/mftable.csv
add to repo msg=modified - automated run peakcenter
locally archiving mftable
setting magnet DAC
current  : 5.893745
requested: 5.878838
Delta Dac: 0.014908
Checking detector protection. dv=0.01491
Checking detector "CDD". Protection Threshold: 0.1 (V)
Get Checksum: 1695186306
SetMagnetDAC 5.87883763389 ===>> OK
Magnet settling time: 0.500
sweep finished
setting integration time = 1.048576
SetIntegrationTime 1.048576 ===>> OK
Failed to find a valid peak. No peak greater than 1.0. max = 0.0148603023128
flush and close file /Users/jan/PychronDev/data/isotopes/51/84edb3-f078-497d-b412-bc649a58242a.h5
finished measure script
executed 278.04
jan_co2_whiff_120_60_large.py completed successfully
Measurement Finished
09:33:16 -- ******* Measurement Finished *******
Post Measurement Started jan_pump_ms.py
09:33:16 -- ******* Post Measurement Started jan_pump_ms.py *******
testing...
no interpolation path defined
executed 0
Pumping spectrometer
open () {'name': 'O'}
opening name=O desc=---
checking ownership. requestor=129.138.12.150
check software interlocks O
interlocks []
actuate state mode=None-script, software_lock=False
doing actuation None-script open_channel True
Open O ===>> OK
GetIndicatorState O ===>> OK
change switch state (True, True)
update switch state O True args=() kw={} ncanvase=2
09:33:16 -- OPEN   VALVE-O (Jan Ion Pump)
---------------------------------------- open O () result=[(True, True)], time=0.18 sec
action=open, ok=True, locked=[False]
executed 0
jan_pump_ms.py completed successfully
setting _ms_pumptime
Post Measurement Finished
09:33:16 -- ******* Post Measurement Finished *******
$$$$$$$$$$$$$$$$$$$$ state at run end measurement
state changed from measurement to success
post measurement save measured=True aborted=False
Set filtering
setting fod for Ar40= {'filter_outliers': True, 'std_devs': 2, 'iterations': 1}
setting fod for H1= {'filter_outliers': True, 'std_devs': 2, 'iterations': 1}
setting fod for PM41= {'filter_outliers': False, 'std_devs': 2, 'iterations': 1}
setting fod for H2= {'filter_outliers': True, 'std_devs': 2, 'iterations': 1}
setting fod for Ar36= {'filter_outliers': True, 'std_devs': 2, 'iterations': 1}
setting fod for CDD= {'filter_outliers': True, 'std_devs': 10, 'iterations': 1}
setting fod for Ar37= {'filter_outliers': True, 'std_devs': 2, 'iterations': 1}
setting fod for L2= {'filter_outliers': True, 'std_devs': 2, 'iterations': 1}
setting fod for Ar38= {'filter_outliers': True, 'std_devs': 2, 'iterations': 1}
setting fod for L1= {'filter_outliers': True, 'std_devs': 2, 'iterations': 1}
setting fod for Ar39= {'filter_outliers': True, 'std_devs': 2, 'iterations': 1}
setting fod for AX= {'filter_outliers': True, 'std_devs': 2, 'iterations': 1}
persistence save...
persistence save - db
post measurement save
7304941104 connecting to database sqlite:////Users/jan/PychronDev/.appdata/local_lab.db
connected to db sqlite:////Users/jan/PychronDev/.appdata/local_lab.db
create new session 7304941104
close session 7304941104
No database instance. Not saving post measurement to isotopedb database
$$$$$$$$$$$$$$$ auto_save_detector_ic=False
massspec enabled True
create new session 5010684144
MassSpec Database Version: 16.0
close session 5010684144
saving post measurement to secondary database
saving to massspec database 129.138.12.160/massspecdata
setting labnumber to 65518
setting aliquot to 37
setting step to 
setting uuid to 5184edb3-f078-497d-b412-bc649a58242a
setting irradpos to 65518
setting extract_device to Fusions CO2
setting tray to 
setting position to 201
setting power_requested to 5.0
setting extract_value to 5.0
setting duration to 30.0
setting duration_at_request to 30.0
setting first_stage_delay to 30.0
setting cleanup to 30.0
setting comment to F:20
setting irradiation to NM-289
setting level to F
setting irradiation_level to F
setting sample to MB-64b-djk
setting material to DetritalSanidine
setting project to IR943
setting mass_spectrometer to Jan
no attribute chron_dosages
no attribute production_ratios
no attribute interference_corrections
no attribute production_name
no attribute j
Reference Isotope=Ar40
Reference Detector=H1
%%%%%%%%%%%%%%%%%%%% Comment: F:20 %%%%%%%%%%%%%%%%%%%
adding isotope PM41 H2
add baseline dbdet= PM41. original det= H2
get baseline data PM41 H2
Get data baseline <pychron.processing.isotope.Baseline object at 0x1b19fcb10> len t=60
baseline PM41. v=-0.19835342738, e=0.00792480539449
get signal data PM41 H2
Get data signal PM41 0.07+/-0.08 len t=120
adding isotope Ar40 H1
add baseline dbdet= Ar40. original det= H1
get baseline data Ar40 H1
Get data baseline <pychron.processing.isotope.Baseline object at 0x1b19fccd0> len t=60
baseline Ar40. v=-0.0339870443222, e=0.00447532047785
get signal data Ar40 H1
Get data signal Ar40 45.444+/-0.013 len t=120
adding isotope Ar39 AX
add baseline dbdet= Ar39. original det= AX
get baseline data Ar39 AX
Get data baseline <pychron.processing.isotope.Baseline object at 0x1b19fce90> len t=60
baseline Ar39. v=-0.0836712644167, e=0.00747333384326
get signal data Ar39 AX
Get data signal Ar39 12.424+/-0.013 len t=120
adding isotope Ar38 L1
add baseline dbdet= Ar38. original det= L1
get baseline data Ar38 L1
Get data baseline <pychron.processing.isotope.Baseline object at 0x1b1a09090> len t=60
baseline Ar38. v=-0.0249357067456, e=0.00284569074828
get signal data Ar38 L1
Get data signal Ar38 0.181+/-0.005 len t=120
adding isotope Ar37 L2
add baseline dbdet= Ar37. original det= L2
get baseline data Ar37 L2
Get data baseline <pychron.processing.isotope.Baseline object at 0x1b1a09250> len t=60
baseline Ar37. v=-0.0239875134122, e=0.00609660297989
get signal data Ar37 L2
Get data signal Ar37 0.137+/-0.010 len t=120
adding isotope Ar36 CDD
add baseline dbdet= Ar36. original det= CDD
get baseline data Ar36 CDD
Get data baseline <pychron.processing.isotope.Baseline object at 0x1b1a09410> len t=60
baseline Ar36. v=4.21785333631e-05, e=1.12405773781e-05
get signal data Ar36 CDD
Get data signal Ar36 0.00784+/-0.00026 len t=120
65518-37 added analysis time 0.489528894424s
analysis added to mass spec database
mass spec save time= 0.497
persistence save - dvc
================= post measurement started
create new session 4983034992
close session 4983034992
---------------- Experiment Queue saving disabled
DVC saving peakcenter
Failed to find a valid peak. No peak greater than 1.0. max = 0.0148603023128
Get Checksum: 192129876
Smart pull ahead: 0 behind: 0
Up-to-date with origin
add to repo msg=modified - ad8224ebc6dbfeb9f5997218dfa5fe690569839d.json
add to repo msg=modified - 18-37.json
add to repo msg=modified - 18-37.dat.json
add to repo msg=modified - 18-37.blan.json
add to repo msg=modified - 18-37.inte.json
add to repo msg=modified - 18-37.icfa.json
add to repo msg=modified - 18-37.base.json
not at valid file /Users/jan/PychronDev/data/.dvc/repositories/Load1782/655/tags/18-37.tags.json
add to repo msg=modified - 18-37.peak.json
add to repo msg=modified - 18-37.extr.json
not at valid file /Users/jan/PychronDev/data/.dvc/repositories/Load1782/655/monitor/18-37.moni.json
commit message=<COLLECTION>
add to repo msg=modified - 18-37.inte.json
add to repo msg=modified - 18-37.base.json
commit message=<ISOEVO> default collection fits
Get Checksum: 192129876
add to repo msg=modified - 18-37.blan.json
commit message=<BLANKS> preceding bc-02-J-250
add to repo msg=modified - 18-37.icfa.json
commit message=<ICFactor> default
push repository <pychron.git_archive.repo_manager.GitRepoManager object at 0x1ad2cee90>
pushing to remote=origin, url=https://github.com
Get Checksum: 192129876
no changes to meta repo
Get Checksum: 192129876
create new session 4983034992
add association Load1782
get identifier "65518"
setting analysis irradiation position=<pychron.dvc.dvc_orm.IrradiationPositionTbl object at 0x1b3687250>
close session 4983034992
================= post measurement finished
09:33:29 -- ******* Post Run Check *******
loading queue conditionals post_run_actions
loading system conditionals post_run_actions
loading conditionals from /Users/jan/PychronDev/setupfiles/spectrometer/default_conditionals.yaml
loading queue conditionals post_run_terminations
loading system conditionals post_run_terminations
loading conditionals from /Users/jan/PychronDev/setupfiles/spectrometer/default_conditionals.yaml
Checking default post run terminations n=1
GetDeflection CDD ===>> 50
testing CDD==2000
evaluate ot="CDD.deflection==2000" t="CDD==2000", ctx="{'CDD': 50.0}"
09:33:29 -- ******* Post Run Check Passed *******
09:33:29 -- Automated run 65518-37 success duration: 369.792 s
----------------- finish -----------------
----------------- stop -----------------
retroactive repository identifiers disabled
finish run. runs completed=116
update duration runid=65518-37, duration=369.792104959, md5=3d9034cf
loading script "jan_co2_whiff_120_60_large.py"
loading script "jan_pump_ms.py"
loading script "jan_co2.py"
loading script "jan_pump_extraction_line.py"
testing...
no interpolation path defined
executed 266.04
script duration name:co2_whiff_120_60_large seconds:266.0
loading script "jan_co2_whiff_120_60_large.py"
loading script "jan_pump_ms.py"
loading script "jan_co2.py"
loading script "jan_pump_extraction_line.py"
testing...
no interpolation path defined
executed 0
loading script "jan_co2_whiff_120_60_large.py"
loading script "jan_pump_ms.py"
loading script "jan_co2.py"
loading script "jan_pump_extraction_line.py"
testing...
no interpolation path defined
calculate duration
testing...
no interpolation path defined
executed 0
calculate duration
testing...
no interpolation path defined
executed 0
executed 0.0
script duration name:co2 seconds:0.0
loading script "jan_co2_whiff_120_60_large.py"
loading script "jan_pump_ms.py"
loading script "jan_co2.py"
loading script "jan_pump_extraction_line.py"
testing...
no interpolation path defined
calculate duration
testing...
no interpolation path defined
executed 4.0
executed 4.0
Script duration 266.0
Run total estimated duration= 267.000
nruns=1 before=5.0, run_dur=267.0, btw=0.0
write rem/ex queues
/Users/jan/PychronDev/experiments/rem/CurrentExperiment.rem.txt
/Users/jan/PychronDev/experiments/rem/CurrentExperiment.ex.txt
doing event level: 3
