do run
loading script "jan_co2_whiff_120_60_large.py"
loading script "jan_pump_ms.py"
loading script "jan_co2.py"
loading script "jan_pump_extraction_line.py"
testing...
no interpolation path defined
executed 266.04
script duration name:co2_whiff_120_60_large seconds:266.0
loading script "jan_co2_whiff_120_60_large.py"
loading script "jan_pump_ms.py"
loading script "jan_co2.py"
loading script "jan_pump_extraction_line.py"
testing...
no interpolation path defined
executed 0
loading script "jan_co2_whiff_120_60_large.py"
loading script "jan_pump_ms.py"
loading script "jan_co2.py"
loading script "jan_pump_extraction_line.py"
testing...
no interpolation path defined
calculate duration
testing...
no interpolation path defined
executed 0
calculate duration
testing...
no interpolation path defined
executed 0
executed 0.0
script duration name:co2 seconds:0.0
loading script "jan_co2_whiff_120_60_large.py"
loading script "jan_pump_ms.py"
loading script "jan_co2.py"
loading script "jan_pump_extraction_line.py"
testing...
no interpolation path defined
calculate duration
testing...
no interpolation path defined
executed 4.0
executed 4.0
Script duration 266.0
Run total estimated duration= 267.000
run duration: 0:04:27
doing event level: 2
09:34:05 -- Setting default integration. t=1.048576
setting integration time = 1.048576
SetIntegrationTime 1.048576 ===>> OK
----------------- start -----------------
**************** Experiment Type: Ar/Ar, Ar/Ar
create new session 4985261232
close session 4985261232
$$$$$ Clearing conditionals
adding conditionals detrital
extract conditionals from file. /Users/jan/PychronDev/scripts/conditionals/detrital.yaml
no attr for this modification cd={'extraction_str': '', 'attr': '', 'mapper': '', 'use_termination': False, 'start_count': 0, 'nskip': 0, 'window': 0, 'frequency': 1, 'teststr': '', 'action': 'Skip Next Run', 'ntrips': 1, 'use_truncation': False}
no attr for this cancelation cd={'mapper': '', 'window': 0, 'frequency': 1, 'attr': '', 'teststr': '', 'start_count': 0, 'ntrips': 1}
adding truncation attr="age" test="age>100.0" start="60"
adding truncation attr="Ar39" test="Ar39<0.5" start="60"
no attr for this termination cd={'mapper': '', 'window': 0, 'frequency': 1, 'attr': '', 'teststr': '', 'start_count': 0, 'ntrips': 1}
Invalid conditional kind="pre_run_terminations"
no attr for this action cd={'mapper': '', 'attr': '', 'start_count': 0, 'window': 0, 'frequency': 1, 'teststr': '', 'action': None, 'ntrips': 1}
Invalid conditional kind="post_run_terminations"
Add queue conditionals
add default conditionals
adding default conditionals from /Users/jan/PychronDev/setupfiles/spectrometer/default_conditionals.yaml
Start automated run 65518-38
loading script "jan_co2_whiff_120_60_large.py"
loading script "jan_pump_ms.py"
loading script "jan_co2.py"
loading script "jan_pump_extraction_line.py"
%%%%%%%%%%%%%%%%%% setting automated run 65518-38
No value "sensitivity_multiplier" in metadata
$$$$$$$$$$$$$$$ auto_save_detector_ic=False
============================= Pre Extraction Check =============================
loading queue conditionals pre_run_terminations
loading system conditionals pre_run_terminations
loading conditionals from /Users/jan/PychronDev/setupfiles/spectrometer/default_conditionals.yaml
09:34:05 -- ******* Pre Extraction Check *******
Get a measurement from the spectrometer
GetData ===>> H2,-0.213946968160709,H1,0.00470931527487579,AX,0.00186814837610699,L1,-0.0082956852991263,L2,0.0...
Pre Extraction Termination data. keys=H2,H1,AX,L1,L2,CDD, signals=-0.21395,0.00471,0.00187,-0.00830,0.01762,0.00417
09:34:05 -- testing system defined conditionals
Checking default pre extraction terminations n=2
testing CDD
evaluate ot="CDD.inactive" t="CDD", ctx="{'CDD': False}"
GetDeflection CDD ===>> 50
testing CDD==2000
evaluate ot="CDD.deflection==2000" t="CDD==2000", ctx="{'CDD': 50.0}"
09:34:05 -- ******* Pre Extraction Check Passed *******
=================================================================================
09:34:05 -- stopping status monitor
stop 4976082864
Alive clients [4983386864]
09:34:05 -- starting status monitor
start 4976082864
Monitor already running
start extraction
do extraction
Analysis started at 09:34:05.557763
Extraction Started jan_co2.py
09:34:05 -- ******* Extraction Started jan_co2.py *******
state changed from not run to extraction
DO EXTRACTION <pychron.extraction_line.pyscript_runner.RemotePyScriptRunner object at 0x12bb183b0>
testing...
no interpolation path defined
calculate duration
testing...
no interpolation path defined
executed 0
calculate duration
testing...
no interpolation path defined
executed 0
executed 100.0
Jan CO2 laser analysis
doing GOSUB
testing...
no interpolation path defined
executed 0
Waiting for CO2 access
wait ('FelixCO2Flag', 0) {}
waiting for FelixCO2Flag = 0
Read FelixCO2Flag ===>> 0
finished waiting
CO2 free
wait ('CO2PumpTimeFlag', 0) {}
waiting for CO2PumpTimeFlag = 0
Read CO2PumpTimeFlag ===>> 0
finished waiting
acquire ('JanCO2Flag',) {'clear': True}
acquire JanCO2Flag
Set JanCO2Flag 1 ===>> OK
JanCO2Flag acquired
set extraction state False (0.75, 'red', 1.5)
CO2 acquired
executed 0
WaitForCO2Access.py completed successfully
gosub finished
doing GOSUB
testing...
no interpolation path defined
executed 0
Prepare for CO2 analysis
close () {'description': 'Jan Inlet'}
closing name=--- desc=Jan Inlet
checking ownership. requestor=129.138.12.150
check software interlocks R
interlocks []
actuate state mode=None-script, software_lock=False
doing actuation None-script close_channel False
Close R ===>> OK
GetIndicatorState R ===>> False
change switch state (True, True)
update switch state R False args=() kw={} ncanvase=2
09:34:06 -- CLOSE  VALVE-R (Jan Inlet)
---------------------------------------- close None (Jan Inlet) result=[(True, True)]
action=close, ok=True, locked=[False]
open () {'description': 'Jan Ion Pump'}
opening name=--- desc=Jan Ion Pump
checking ownership. requestor=129.138.12.150
check software interlocks O
interlocks []
actuate state mode=None-script, software_lock=False
doing actuation None-script open_channel False
Open O ===>> OK
GetIndicatorState O ===>> OK
change switch state (True, True)
update switch state O True args=() kw={} ncanvase=2
09:34:06 -- OPEN   VALVE-O (Jan Ion Pump)
---------------------------------------- open None (Jan Ion Pump) result=[(True, True)], time=0.12 sec
action=open, ok=True, locked=[False]
close () {'description': 'Microbone to Minibone'}
closing name=--- desc=Microbone to Minibone
checking ownership. requestor=129.138.12.150
check software interlocks L
interlocks []
actuate state mode=None-script, software_lock=False
doing actuation None-script close_channel False
Close L ===>> OK
GetIndicatorState L ===>> False
change switch state (True, True)
update switch state L False args=() kw={} ncanvase=2
09:34:07 -- CLOSE  VALVE-L (Microbone to Minibone)
---------------------------------------- close None (Microbone to Minibone) result=[(True, True)]
action=close, ok=True, locked=[False]
open () {'description': 'Microbone to Turbo'}
opening name=--- desc=Microbone to Turbo
checking ownership. requestor=129.138.12.150
check software interlocks U
interlocks []
actuate state mode=None-script, software_lock=False
doing actuation None-script open_channel False
Open U ===>> OK
Get Checksum: 192129876
GetIndicatorState U ===>> OK
change switch state (True, True)
update switch state U True args=() kw={} ncanvase=2
09:34:07 -- OPEN   VALVE-U (Microbone to Turbo)
---------------------------------------- open None (Microbone to Turbo) result=[(True, True)], time=0.15 sec
action=open, ok=True, locked=[False]
open () {'description': 'Microbone to Inlet Pipette'}
opening name=--- desc=Microbone to Inlet Pipette
checking ownership. requestor=129.138.12.150
check software interlocks S
interlocks []
actuate state mode=None-script, software_lock=False
doing actuation None-script open_channel False
Open S ===>> OK
GetIndicatorState S ===>> OK
change switch state (True, True)
update switch state S True args=() kw={} ncanvase=2
09:34:08 -- OPEN   VALVE-S (Microbone to Inlet Pipette)
---------------------------------------- open None (Microbone to Inlet Pipette) result=[(True, True)], time=0.43 sec
action=open, ok=True, locked=[False]
open () {'description': 'Microbone to Getter D-50'}
opening name=--- desc=Microbone to Getter D-50
checking ownership. requestor=129.138.12.150
check software interlocks K
interlocks []
actuate state mode=None-script, software_lock=False
doing actuation None-script open_channel False
Open K ===>> OK
GetIndicatorState K ===>> OK
change switch state (True, True)
update switch state K True args=() kw={} ncanvase=2
09:34:08 -- OPEN   VALVE-K (Microbone to Getter D-50)
---------------------------------------- open None (Microbone to Getter D-50) result=[(True, True)], time=0.47 sec
action=open, ok=True, locked=[False]
open () {'description': 'Microbone to Getter NP-10'}
opening name=--- desc=Microbone to Getter NP-10
checking ownership. requestor=129.138.12.150
check software interlocks M
interlocks []
actuate state mode=None-script, software_lock=False
doing actuation None-script open_channel False
Open M ===>> OK
GetIndicatorState M ===>> OK
change switch state (True, True)
update switch state M True args=() kw={} ncanvase=2
09:34:09 -- OPEN   VALVE-M (Microbone to Getter NP-10)
---------------------------------------- open None (Microbone to Getter NP-10) result=[(True, True)], time=0.26 sec
action=open, ok=True, locked=[False]
close () {'description': 'CO2 Laser to Felix'}
closing name=--- desc=CO2 Laser to Felix
checking ownership. requestor=129.138.12.150
check software interlocks F
interlocks []
actuate state mode=None-script, software_lock=True
VALVE-F(CO2 Laser to Felix) software locked
change switch state (True, False)
---------------------------------------- close None (CO2 Laser to Felix) result=[(True, False)]
action=close, ok=True, locked=[True]
open () {'description': 'CO2 Laser to Jan'}
opening name=--- desc=CO2 Laser to Jan
checking ownership. requestor=129.138.12.150
check software interlocks A
interlocks []
actuate state mode=None-script, software_lock=False
doing actuation None-script open_channel False
Open A ===>> OK
GetIndicatorState A ===>> OK
change switch state (True, True)
update switch state A True args=() kw={} ncanvase=2
09:34:09 -- OPEN   VALVE-A (CO2 Laser to Jan)
---------------------------------------- open None (CO2 Laser to Jan) result=[(True, True)], time=0.16 sec
action=open, ok=True, locked=[False]
open () {'description': 'Microbone to CO2 Laser'}
opening name=--- desc=Microbone to CO2 Laser
checking ownership. requestor=129.138.12.150
check software interlocks T
interlocks []
actuate state mode=None-script, software_lock=False
doing actuation None-script open_channel False
Open T ===>> OK
Get Checksum: 192129876
GetIndicatorState T ===>> OK
change switch state (True, True)
update switch state T True args=() kw={} ncanvase=2
09:34:10 -- OPEN   VALVE-T (Microbone to CO2 Laser)
---------------------------------------- open None (Microbone to CO2 Laser) result=[(True, True)], time=0.46 sec
action=open, ok=True, locked=[False]
executed 0
PrepareForCO2Analysis.py completed successfully
gosub finished
set_motor ('beam', '1.25') {}
setting motor "beam" to 1.25
set motor beam to 1.25
SetMotor beam,1.25 ===>> OK
GetMotorMoving beam ===>> False
GetMotorMoving beam ===>> False
Block completed
move_to_position ('202',) {'autocenter': True}
FusionsCO2 move to position 202
sending GoToHole 202,True
GoToHole 202,True ===>> OK
GetDriveMoving ===>> OK
GetDriveMoving ===>> OK
GetDriveMoving ===>> OK
Get Checksum: 192129876
GetDriveMoving ===>> OK
GetDriveMoving ===>> OK
GetDriveMoving ===>> OK
GetDriveMoving ===>> OK
GetDriveMoving ===>> False
GetDriveMoving ===>> False
Block completed
GetAutoCorrecting ===>> OK
GetAutoCorrecting ===>> OK
GetAutoCorrecting ===>> False
Get Checksum: 192129876
GetAutoCorrecting ===>> False
Block completed
update position
GetPosition ===>> 0.00000,-11.96340,1.00000
got position (0.0, -11.9634, 1.0)
move to position succeeded
sleep (5,) {}
SLEEP 5.0
block started
WaitControl setup for 5.0  
Get Checksum: 192129876
Join finished
block finished. duration 5.06504392624
close () {'description': 'Microbone to Turbo'}
closing name=--- desc=Microbone to Turbo
checking ownership. requestor=129.138.12.150
check software interlocks U
interlocks []
actuate state mode=None-script, software_lock=False
doing actuation None-script close_channel True
Close U ===>> OK
GetIndicatorState U ===>> False
change switch state (True, True)
update switch state U False args=() kw={} ncanvase=2
09:34:22 -- CLOSE  VALVE-U (Microbone to Turbo)
---------------------------------------- close None (Microbone to Turbo) result=[(True, True)]
Get Checksum: 38271967
action=close, ok=True, locked=[False]
enable laser
enable () {}
set extraction state FusionsCO2 Enabled (False, 'red', 1.5)
enabling laser
Enable ===>> OK
begin interval
BEGIN INTERVAL Interval 1 waiting for 30.0
block started
WaitControl setup for 30.0  
set extract to 5.0
extract (5.0,) {}
GetPosition ===>> 0.00000,-11.96340,1.00000
set extraction state FusionsCO2 ON! 5.0(watts) (0.75, 'red', 1.5)
extract sample to 5.0 (watts)
set laser output
SetLaserOutput 5.0,watts ===>> OK
executing pattern triangle.lp
execute_pattern ('triangle.lp',) {}
executing pattern triangle.lp
IsPatterning ===>> OK
Get Checksum: 38271967
IsPatterning ===>> OK
IsPatterning ===>> OK
IsPatterning ===>> OK
Get Checksum: 38271967
IsPatterning ===>> OK
IsPatterning ===>> OK
IsPatterning ===>> OK
Get Checksum: 38271967
IsPatterning ===>> OK
IsPatterning ===>> OK
IsPatterning ===>> OK
Get Checksum: 38271967
IsPatterning ===>> OK
IsPatterning ===>> OK
IsPatterning ===>> OK
Get Checksum: 38271967
IsPatterning ===>> OK
IsPatterning ===>> OK
IsPatterning ===>> OK
Get Checksum: 38271967
IsPatterning ===>> OK
IsPatterning ===>> OK
IsPatterning ===>> OK
Get Checksum: 38271967
IsPatterning ===>> OK
IsPatterning ===>> OK
IsPatterning ===>> OK
Get Checksum: 38271967
IsPatterning ===>> OK
IsPatterning ===>> OK
IsPatterning ===>> OK
Get Checksum: 38271967
IsPatterning ===>> OK
IsPatterning ===>> OK
IsPatterning ===>> OK
Get Checksum: 38271967
Join finished
block finished. duration 30.1343650818
Interval 1 finished
IsPatterning ===>> False
IsPatterning ===>> False
Block completed
COMPLETE INTERVAL waiting for Interval 1 to complete
end_extract () {}
ending extraction. set laser power to 0
set laser power 0
SetLaserPower 0 ===>> OK
disable () {}
%%%%%%%%%%%%%%%%%%%%%%%%%%%%%%%%%%% disable
set extraction state False (0.75, 'red', 1.5)
disabling laser
Disable ===>> OK
sleep (30.0,) {}
SLEEP 30.0
block started
WaitControl setup for 30.0  
Get Checksum: 38271967
Get Checksum: 38271967
Get Checksum: 38271967
Get Checksum: 38271967
Get Checksum: 38271967
Get Checksum: 38271967
Get Checksum: 38271967
Get Checksum: 38271967
Get Checksum: 38271967
Get Checksum: 38271967
Join finished
block finished. duration 30.2964961529
executed 165.0
jan_co2.py completed successfully
GetAchievedOutput ===>> No Response
Requested Output= 0.000
Achieved Output=  0.000
GetResponseBlob ===>> No Response
GetOutputBlob ===>> No Response
persistence save...
persistence save - db
AutomatedRunPersister post_extraction_save deprecated
persistence save - dvc
no extraction position for 202
create new session 4983034992
close session 4983034992
Extraction Finished
09:35:25 -- ******* Extraction Finished *******
no overlap. not waiting for min ms pumptime
09:35:25 -- Sending spectrometer configuration
======== Sending configuration ========
SetDeflection CDD,50.0 ===>> OK
SetDeflection H2,0.0 ===>> OK
SetDeflection H1,0.0 ===>> OK
SetDeflection L2,825.0 ===>> OK
SetDeflection L1,400.0 ===>> OK
SetDeflection AX,190.0 ===>> OK
SetZFocus 74.64 ===>> OK
SetZSymmetry -50.72 ===>> OK
SetExtractionLens 26.13 ===>> OK
SetIonRepeller -3.81 ===>> OK
SetElectronEnergy 75.08 ===>> OK
SetYSymmetry -2.81 ===>> OK
SetIonCounterVoltage 1590.0 ===>> OK
send trap current 200.0
GetParameter Trap Current Readback ===>> 198.035158395898
SetParameter Trap Current Set,200.0 ===>> OK
updating mftable name mftable
Using mftable located at /Users/jan/PychronDev/setupfiles/spectrometer/mftables/mftable.csv
============ MFtable ===========
Isotope  H2     H1     AX     L1     L2     CDD    
Ar40     5.7777 5.8789 5.9924 6.1176 6.2309 6.3458
Ar39     5.6769 5.7711 5.8848 6.0037 6.1160 6.2323
Ar36     5.3544 5.4402 5.5482 5.6625 5.7710 5.8834
================================
get initial guess parabolic
get initial guess parabolic
get initial guess parabolic
get initial guess parabolic
get initial guess parabolic
get initial guess parabolic
======== Configuration Finished ========
GetYSymmetry ===>> -2.81
GetZSymmetry ===>> -50.72
GetParameter Trap Current Readback ===>> 198.147042666178
GetHighVoltage ===>> 4499.94659342336
start measurement
do measurement
L#=65518 analysis type=unknown
Measurement Started jan_co2_whiff_120_60_large.py
09:35:25 -- ******* Measurement Started jan_co2_whiff_120_60_large.py *******
state changed from extraction to measurement
setting spec, defl, and gains
GetExtractionLens ===>> 26.13
GetYSymmetry ===>> -2.81
GetZSymmetry ===>> -50.72
GetZFocus ===>> 74.64
GetDeflection H2 ===>> 0
GetDeflection H1 ===>> 0
GetDeflection AX ===>> 190
GetDeflection L1 ===>> 400
GetDeflection L2 ===>> 825
GetDeflection CDD ===>> 50
GetGain H2 ===>> 0.0113
GetGain H1 ===>> 0.1
GetGain AX ===>> 0.097049
GetGain L1 ===>> 0.010355
GetGain L2 ===>> 0.095649
GetGain CDD ===>> 0
pre measurement save
New frame /Users/jan/PychronDev/data/isotopes/19/b0af93-f92c-445a-9dfe-0eb10df38d7e.h5
flush and close file /Users/jan/PychronDev/data/isotopes/19/b0af93-f92c-445a-9dfe-0eb10df38d7e.h5
testing...
no interpolation path defined
executed 266.04
co2 whiff measurement script
activate_detectors ('H2', 'H1', 'AX', 'L1', 'L2', 'CDD') {}
activate detectors
*************** Set Analysis View Ar/Ar
create graphs
clearing graphs
clear isotope group
setting isotope det=H2, iso=PM41
setting isotope det=H1, iso=Ar40
setting isotope det=AX, iso=Ar39
setting isotope det=L1, iso=Ar38
setting isotope det=L2, iso=Ar37
setting isotope det=CDD, iso=Ar36
setting previous blanks
 - setting Ar40 blank 0.248+/-0.007
 - setting Ar36 blank 0.00451+/-0.00017
 - setting Ar37 blank 0.054+/-0.005
 - setting Ar38 blank 0.0094+/-0.0020
 - setting PM41 blank 0.01+/-0.06
 - setting Ar39 blank 0.061+/-0.009
load analysis view
position_magnet ('Ar40',) {'detector': 'H1'}
detector Detector(H1)
POSITION Ar40 H1
setting detector H2 to PM41 (40.9624)
setting detector H1 to Ar40 (39.9624)
setting detector AX to Ar39 (38.9624)
setting detector L1 to Ar38 (37.9624)
setting detector L2 to Ar37 (36.9624)
setting detector CDD to Ar36 (35.9624)
Mapping mass to dac mass func: "parabolic"
H1 map mass coeffs = [-0.00063987  0.15840543  0.57047999]
H1 map mass to dac 39.9624 >> 5.87887
GetDeflection H1 ===>> 0
GetHighVoltage ===>> 4499.94659342336
positioning Ar40 (5.87883537989) on H1
setting magnet DAC
current  : 5.878838
requested: 5.878835
Delta Dac: 0.000002
Checking detector protection. dv=0.00000
Checking detector "CDD". Protection Threshold: 0.1 (V)
SetMagnetDAC 5.87883537989 ===>> OK
Magnet settling time: 0.500
close ('S',) {}
closing name=S desc=---
checking ownership. requestor=129.138.12.150
check software interlocks S
interlocks []
actuate state mode=None-script, software_lock=False
doing actuation None-script close_channel True
Close S ===>> OK
set states for children of S. state=False
handle state [('S', False)]
update switch state S False args=() kw={'refresh': False} ncanvase=2
refresh_canvas_needed fired
GetIndicatorState S ===>> False
change switch state (True, True)
update switch state S False args=() kw={} ncanvase=2
09:35:27 -- CLOSE  VALVE-S (Microbone to Inlet Pipette)
---------------------------------------- close S () result=[(True, True)]
action=close, ok=True, locked=[False]
equilibrate () {'do_post_equilibration': False, 'inlet': 'R', 'outlet': 'O', 'eqtime': 4}
Equilibration Started
09:35:28 -- ******* Equilibration Started *******
checking ownership. requestor=129.138.12.150
check software interlocks O
interlocks []
actuate state mode=None-script, software_lock=False
doing actuation None-script close_channel True
Close O ===>> OK
GetIndicatorState O ===>> False
change switch state (True, True)
update switch state O False args=() kw={} ncanvase=2
09:35:28 -- CLOSE  VALVE-O (Jan Ion Pump)
waiting 3s before opening inlet value ('R',)
Get Checksum: -2122905146
checking ownership. requestor=129.138.12.150
check software interlocks R
interlocks []
actuate state mode=None-script, software_lock=False
doing actuation None-script open_channel True
Open R ===>> OK
set states for children of R. state=True
handle state [('R', True)]
update switch state R True args=() kw={'refresh': False} ncanvase=2
refresh_canvas_needed fired
Get Checksum: -1800838140
GetIndicatorState R ===>> OK
change switch state (True, True)
update switch state R True args=() kw={} ncanvase=2
09:35:31 -- OPEN   VALVE-R (Jan Inlet)
equilibrating for 4sec
set_time_zero (0,) {}
sniff (4,) {}
py_sniff
build tables- sniff [Detector(H2), Detector(H1), Detector(AX), Detector(L1), Detector(L2), Detector(CDD)]
add group /sniff/PM41 (Group) '' table H2
add group /sniff/Ar40 (Group) '' table H1
add group /sniff/Ar39 (Group) '' table AX
add group /sniff/Ar38 (Group) '' table L1
add group /sniff/Ar37 (Group) '' table L2
add group /sniff/Ar36 (Group) '' table CDD
flush and close file /Users/jan/PychronDev/data/isotopes/19/b0af93-f92c-445a-9dfe-0eb10df38d7e.h5
measuring sniff. ncounts=4
starting measurement
GetData ===>> H2,-0.225181285880706,H1,-0.0238449835855413,AX,-0.074784289076138,L1,-0.0205956039732556,L2,0.10...
GetData ===>> H2,4.19339960028013,H1,2.62248987361902,AX,5.71817225315428,L1,0.517498653708764,L2,1.37306616052...
GetData ===>> H2,4.35208777869515,H1,3.34227644431133,AX,3.27526080891861,L1,0.930184789184417,L2,0.50769481470...
Get Checksum: -1800838140
GetData ===>> H2,1.42219053442883,H1,3.16120139393907,AX,1.17804990898844,L1,0.646516324348407,L2,0.11687701240...
Equilibration Finished
09:35:35 -- ******* Equilibration Finished *******
checking ownership. requestor=129.138.12.150
check software interlocks R
interlocks []
actuate state mode=None-script, software_lock=False
doing actuation None-script close_channel True
Close R ===>> OK
measurement finished
estimated time: 4.194 actual time: :4.272
flush and close file /Users/jan/PychronDev/data/isotopes/19/b0af93-f92c-445a-9dfe-0eb10df38d7e.h5
set_fits () {}
using default fits file=/Users/jan/PychronDev/scripts/measurement/fits/nominal_linear.yaml
set "Ar40" to "('Linear', 'SEM')"
No fit for "PM41". defaulting to linear. check the measurement script "jan_co2_whiff_120_60_large.py"
set "PM41" to "linear"
set "Ar36" to "('Linear', 'SEM')"
set "Ar37" to "('linear', 'SEM')"
set "Ar38" to "('linear', 'SEM')"
set "Ar39" to "('Linear', 'SEM')"
set_baseline_fits () {}
GetIndicatorState R ===>> False
change switch state (True, True)
update switch state R False args=() kw={} ncanvase=2
using default fits file=/Users/jan/PychronDev/scripts/measurement/fits/nominal_linear.yaml
set "H1" to "('average', 'SEM')"
set "H2" to "('average', 'SEM')"
set "CDD" to "('average', 'SEM')"
set "L2" to "('average', 'SEM')"
set "L1" to "('average', 'SEM')"
set "AX" to "('average', 'SEM')"
whiff () {'ncounts': 1, 'conditionals': [{'action': 'run_remainder', 'attr': 'Ar40', 'teststr': 'Ar40.cur<=175'}, {'action': 'run_pipette', 'attr': 'Ar40', 'teststr': 'Ar40.cur>500'}, {'action': 'run_chamber_split', 'attr': 'Ar40', 'teststr': 'Ar40.cur>=300'}, {'action': 'pump', 'attr': 'Ar40', 'teststr': 'Ar40.cur>175'}]}
build tables- whiff [Detector(H2), Detector(H1), Detector(AX), Detector(L1), Detector(L2), Detector(CDD)]
add group /whiff/PM41 (Group) '' table H2
add group /whiff/Ar40 (Group) '' table H1
add group /whiff/Ar39 (Group) '' table AX
add group /whiff/Ar38 (Group) '' table L1
add group /whiff/Ar37 (Group) '' table L2
add group /whiff/Ar36 (Group) '' table CDD
flush and close file /Users/jan/PychronDev/data/isotopes/19/b0af93-f92c-445a-9dfe-0eb10df38d7e.h5
measuring whiff. ncounts=1
09:35:36 -- CLOSE  VALVE-R (Jan Inlet)
starting measurement
GetData ===>> H2,0.266279413845352,H1,2.88320589484761,AX,0.544888554320308,L1,0.236985624847938,L2,0.119373799...
Get Checksum: -2122905146
testing Ar40<=175
evaluate ot="Ar40.cur<=175" t="Ar40<=175", ctx="{'Ar40': 2.88320589484761}"
condition Ar40<=175 is true trips=1/1
09:35:38 -- Conditional tripped: Ar40.cur<=175 condition Ar40<=175 is True
measurement finished
estimated time: 1.049 actual time: :1.170
flush and close file /Users/jan/PychronDev/data/isotopes/19/b0af93-f92c-445a-9dfe-0eb10df38d7e.h5
WHIFF Result=run_remainder
Whiff result=run_remainder
open ('R',) {}
opening name=R desc=---
checking ownership. requestor=129.138.12.150
check software interlocks R
interlocks []
actuate state mode=None-script, software_lock=False
doing actuation None-script open_channel True
Open R ===>> OK
GetIndicatorState R ===>> OK
change switch state (True, True)
update switch state R True args=() kw={} ncanvase=2
09:35:38 -- OPEN   VALVE-R (Jan Inlet)
---------------------------------------- open R () result=[(True, True)], time=0.52 sec
action=open, ok=True, locked=[False]
open ('S',) {}
opening name=S desc=---
checking ownership. requestor=129.138.12.150
check software interlocks S
interlocks []
actuate state mode=None-script, software_lock=False
doing actuation None-script open_channel True
Open S ===>> OK
GetIndicatorState S ===>> OK
change switch state (True, True)
update switch state S True args=() kw={} ncanvase=2
09:35:39 -- OPEN   VALVE-S (Microbone to Inlet Pipette)
---------------------------------------- open S () result=[(True, True)], time=0.53 sec
action=open, ok=True, locked=[False]
sleep (12.0,) {}
SLEEP 12.0
block started
WaitControl setup for 12.0  
Get Checksum: 1775861429
Get Checksum: 1775861429
Get Checksum: 1775861429
Get Checksum: 1775861429
Join finished
block finished. duration 12.1171250343
close ('R',) {}
closing name=R desc=---
checking ownership. requestor=129.138.12.150
check software interlocks R
interlocks []
actuate state mode=None-script, software_lock=False
doing actuation None-script close_channel True
Close R ===>> OK
Get Checksum: 1838806504
State checksums do not match. Local:1775861429 Remote:1838806504
State checksum failed
GetIndicatorState R ===>> False
change switch state (True, True)
update switch state R False args=() kw={} ncanvase=2
09:35:53 -- CLOSE  VALVE-R (Jan Inlet)
---------------------------------------- close R () result=[(True, True)]
action=close, ok=True, locked=[False]
post_equilibration () {}
multicollect () {'integration_time': 1, 'ncounts': 120.0}
build tables- signal [Detector(H2), Detector(H1), Detector(AX), Detector(L1), Detector(L2), Detector(CDD)]
add group /signal/PM41 (Group) '' table H2
add group /signal/Ar40 (Group) '' table H1
add group /signal/Ar39 (Group) '' table AX
add group /signal/Ar38 (Group) '' table L1
add group /signal/Ar37 (Group) '' table L2
add group /signal/Ar36 (Group) '' table CDD
flush and close file /Users/jan/PychronDev/data/isotopes/19/b0af93-f92c-445a-9dfe-0eb10df38d7e.h5
Post Equilibration Started jan_pump_extraction_line.py
measuring signal. ncounts=120.0
09:35:53 -- ******* Post Equilibration Started jan_pump_extraction_line.py *******
testing...
no interpolation path defined
calculate duration
testing...
no interpolation path defined
executed 4.0
executed 4.0
Pump after analysis
doing GOSUB
testing...
no interpolation path defined
executed 4.0
Pump Microbone
close () {'description': 'Jan Inlet'}
closing name=--- desc=Jan Inlet
checking ownership. requestor=129.138.12.150
check software interlocks R
interlocks []
actuate state mode=None-script, software_lock=False
doing actuation None-script close_channel False
Close R ===>> OK
GetIndicatorState R ===>> False
change switch state (True, True)
update switch state R False args=() kw={} ncanvase=2
09:35:53 -- CLOSE  VALVE-R (Jan Inlet)
---------------------------------------- close None (Jan Inlet) result=[(True, True)]
starting measurement
GetData ===>> H2,0.220864157096469,H1,77.5031082459203,AX,7.21349412947183,L1,0.144586989960079,L2,0.1239913160...
action=close, ok=True, locked=[False]
is_closed ('F',) {}
is F () closed?
is closed True
open () {'description': 'CO2 Laser to Jan'}
opening name=--- desc=CO2 Laser to Jan
checking ownership. requestor=129.138.12.150
check software interlocks A
interlocks []
actuate state mode=None-script, software_lock=False
doing actuation None-script open_channel False
Open A ===>> OK
GetIndicatorState A ===>> OK
change switch state (True, True)
update switch state A True args=() kw={} ncanvase=2
09:35:54 -- OPEN   VALVE-A (CO2 Laser to Jan)
---------------------------------------- open None (CO2 Laser to Jan) result=[(True, True)], time=0.15 sec
action=open, ok=True, locked=[False]
sleep (1,) {}
SLEEP 1.0
GetData ===>> H2,0.264751159227968,H1,77.4283795886414,AX,7.14609826522961,L1,0.136112932933546,L2,0.1348005970...
close () {'description': 'CO2 Laser to Roughing'}
closing name=--- desc=CO2 Laser to Roughing
checking ownership. requestor=129.138.12.150
check software interlocks G
interlocks []
actuate state mode=None-script, software_lock=True
VALVE-G(CO2 Laser to Roughing) software locked
change switch state (True, False)
---------------------------------------- close None (CO2 Laser to Roughing) result=[(True, False)]
action=close, ok=True, locked=[True]
open () {'description': 'Microbone to Turbo'}
opening name=--- desc=Microbone to Turbo
checking ownership. requestor=129.138.12.150
check software interlocks U
interlocks []
actuate state mode=None-script, software_lock=False
doing actuation None-script open_channel True
Open U ===>> OK
GetIndicatorState U ===>> OK
change switch state (True, True)
update switch state U True args=() kw={} ncanvase=2
Get Checksum: 1695186306
09:35:55 -- OPEN   VALVE-U (Microbone to Turbo)
---------------------------------------- open None (Microbone to Turbo) result=[(True, True)], time=0.21 sec
GetData ===>> H2,0.0653655756813867,H1,77.5274928833224,AX,7.12920824775485,L1,0.113737362339566,L2,0.107745484...
action=open, ok=True, locked=[False]
open () {'description': 'Microbone to Getter NP-10'}
opening name=--- desc=Microbone to Getter NP-10
checking ownership. requestor=129.138.12.150
check software interlocks M
interlocks []
actuate state mode=None-script, software_lock=False
doing actuation None-script open_channel False
Open M ===>> OK
GetIndicatorState M ===>> OK
change switch state (True, True)
update switch state M True args=() kw={} ncanvase=2
09:35:56 -- OPEN   VALVE-M (Microbone to Getter NP-10)
---------------------------------------- open None (Microbone to Getter NP-10) result=[(True, True)], time=0.16 sec
action=open, ok=True, locked=[False]
open () {'description': 'Microbone to Getter D-50'}
opening name=--- desc=Microbone to Getter D-50
checking ownership. requestor=129.138.12.150
check software interlocks K
interlocks []
actuate state mode=None-script, software_lock=False
doing actuation None-script open_channel False
Open K ===>> OK
GetIndicatorState K ===>> OK
change switch state (True, True)
update switch state K True args=() kw={} ncanvase=2
09:35:57 -- OPEN   VALVE-K (Microbone to Getter D-50)
---------------------------------------- open None (Microbone to Getter D-50) result=[(True, True)], time=0.46 sec
GetData ===>> H2,0.0146401500335267,H1,77.4333756886311,AX,7.13799551258988,L1,0.115884229907039,L2,0.120639318...
action=open, ok=True, locked=[False]
open () {'description': 'Microbone to CO2 Laser'}
opening name=--- desc=Microbone to CO2 Laser
checking ownership. requestor=129.138.12.150
check software interlocks T
interlocks []
actuate state mode=None-script, software_lock=False
doing actuation None-script open_channel False
Open T ===>> OK
GetIndicatorState T ===>> OK
change switch state (True, True)
update switch state T True args=() kw={} ncanvase=2
09:35:57 -- OPEN   VALVE-T (Microbone to CO2 Laser)
---------------------------------------- open None (Microbone to CO2 Laser) result=[(True, True)], time=0.43 sec
action=open, ok=True, locked=[False]
open () {'description': 'Microbone to Inlet Pipette'}
opening name=--- desc=Microbone to Inlet Pipette
GetData ===>> H2,0.0152145383911016,H1,77.4075368730281,AX,7.14431897002964,L1,0.10966571889636,L2,0.0321239447...
checking ownership. requestor=129.138.12.150
check software interlocks S
interlocks []
actuate state mode=None-script, software_lock=False
doing actuation None-script open_channel False
Open S ===>> OK
GetIndicatorState S ===>> OK
change switch state (True, True)
update switch state S True args=() kw={} ncanvase=2
09:35:58 -- OPEN   VALVE-S (Microbone to Inlet Pipette)
---------------------------------------- open None (Microbone to Inlet Pipette) result=[(True, True)], time=0.58 sec
action=open, ok=True, locked=[False]
sleep (1,) {}
SLEEP 1.0
Get Checksum: 1695186306
GetData ===>> H2,-0.0700213423115357,H1,77.427684781031,AX,7.07414826197811,L1,0.0711572694536143,L2,-0.0092544...
set_resource () {'name': 'CO2PumpTimeFlag', 'value': 30}
Set CO2PumpTimeFlag 30 ===>> OK
release ('JanCO2Flag',) {}
release JanCO2Flag
Set JanCO2Flag 0 ===>> OK
executed 6.0
PumpMicrobone.py completed successfully
gosub finished
get_resource_value () {'name': 'JanMiniboneFlag'}
Read JanMiniboneFlag ===>> 0
Get Resource Value JanMiniboneFlag=0.0
get resource value 0.0
get_resource_value () {'name': 'JanMiniboneFlag'}
Read JanMiniboneFlag ===>> 0
Get Resource Value JanMiniboneFlag=0.0
executed 4.0
jan_pump_extraction_line.py completed successfully
Post Equilibration Finished
09:36:00 -- ******* Post Equilibration Finished *******
GetData ===>> H2,0.00611755357234783,H1,77.4541560998936,AX,7.03961888261348,L1,0.0891684165299666,L2,0.1493745...
GetData ===>> H2,-0.0861111918304749,H1,77.4317709614162,AX,6.94281452647016,L1,0.0820840602778501,L2,0.0317704...
Get Checksum: 1695186306
GetData ===>> H2,-0.0820478516338687,H1,77.3314875114703,AX,7.02210623338609,L1,0.0809463812617391,L2,0.0258419...
GetData ===>> H2,-0.101901923400763,H1,77.4076195760323,AX,7.01946217172272,L1,0.0807294654718055,L2,0.01175168...
GetData ===>> H2,-0.160979452997079,H1,77.4114570496191,AX,6.96553844103651,L1,0.0457859960903775,L2,0.03683286...
Get Checksum: 1695186306
GetData ===>> H2,-0.120170963704824,H1,77.3424318190198,AX,7.05977962259785,L1,0.0752093201065648,L2,0.06048360...
GetData ===>> H2,-0.135292387916581,H1,77.2755470204544,AX,7.13966650179577,L1,0.0933575307273467,L2,0.06201186...
GetData ===>> H2,-0.108253976192122,H1,77.2829719856625,AX,7.02832005117015,L1,0.0914206331453251,L2,0.09707603...
Get Checksum: 1695186306
GetData ===>> H2,-0.133043464962662,H1,77.2919353906277,AX,7.06974727298399,L1,0.103245461616239,L2,0.098592030...
GetData ===>> H2,-0.194274401311971,H1,77.3700113340691,AX,7.10656443291283,L1,0.0891515478856197,L2,0.04593212...
GetData ===>> H2,-0.0270872982136367,H1,77.3310907552043,AX,6.99566873580934,L1,0.0871251054605262,L2,0.0692657...
Get Checksum: 1695186306
GetData ===>> H2,0.0150416744011032,H1,77.3804294835075,AX,6.92494646189947,L1,0.0574914946686033,L2,0.05220403...
GetData ===>> H2,-0.00451141931424536,H1,77.2476201417915,AX,7.0532993746439,L1,0.0678373644417014,L2,0.0692087...
GetData ===>> H2,-0.159002269242935,H1,77.1850902773487,AX,7.14466761323933,L1,0.0476806636829627,L2,0.01184288...
Get Checksum: 1695186306
GetData ===>> H2,-0.110486820223071,H1,77.2048891777597,AX,6.99213624972257,L1,0.0611134212164895,L2,0.01408852...
GetData ===>> H2,-0.0838914335804068,H1,77.2840634394364,AX,7.06681338698793,L1,0.0532452997414018,L2,-0.035257...
GetData ===>> H2,-0.196927029106919,H1,77.2312535364142,AX,6.98159960285536,L1,0.0879117795434363,L2,0.00437679...
Get Checksum: 1695186306
GetData ===>> H2,-0.211676248866913,H1,77.1806284780186,AX,7.06122240607775,L1,0.105506491807021,L2,0.071524131...
09:36:19 -- collecting point 25
GetData ===>> H2,-0.238149851712267,H1,77.2060626570686,AX,6.98616494750491,L1,0.116733931073547,L2,0.067543462...
Get Checksum: 1695186306
GetData ===>> H2,-0.0840106262406523,H1,77.3534265922061,AX,6.9404127206463,L1,0.0929657822583591,L2,0.11679720...
GetData ===>> H2,-0.100022962239315,H1,77.17947173866,AX,6.90957861745437,L1,0.0551425711099245,L2,-0.018473791...
GetData ===>> H2,-0.0568754340795674,H1,77.1154496020236,AX,6.9831734220065,L1,0.054929606593841,L2,0.085883517...
Get Checksum: 1695186306
GetData ===>> H2,-0.0991321069493937,H1,77.3340333911708,AX,6.95273459074142,L1,0.0391640522259207,L2,0.0650912...
GetData ===>> H2,-0.0807594696484583,H1,77.1229702787356,AX,6.98162363044401,L1,0.0742470367769123,L2,0.0745468...
GetData ===>> H2,-0.169321961611073,H1,77.0814711460227,AX,7.01662589173058,L1,0.0889563556186007,L2,0.02602435...
Get Checksum: 1695186306
GetData ===>> H2,-0.143843149227299,H1,77.100343365386,AX,7.06516611955123,L1,0.0844053471607124,L2,0.021258961...
GetData ===>> H2,-0.133574970444376,H1,77.1220942228756,AX,7.01261197078055,L1,0.100580473629104,L2,-0.01206933...
GetData ===>> H2,-0.133431615183802,H1,76.8926841536132,AX,6.920095732943,L1,0.0481327435269195,L2,-0.000649663...
Get Checksum: 1695186306
GetData ===>> H2,-0.094412658442357,H1,76.8017421036095,AX,7.09162758551681,L1,0.0313798324216728,L2,0.10210284...
GetData ===>> H2,-0.0644443677013781,H1,76.9842422712284,AX,6.97406723606776,L1,0.0569451286450121,L2,0.0857239...
GetData ===>> H2,-0.0610984946241678,H1,76.9798168914196,AX,6.89718610771815,L1,0.0776943376934162,L2,0.0630383...
Get Checksum: 1695186306
GetData ===>> H2,-0.0483553825834876,H1,76.872126589354,AX,7.03219035940822,L1,0.0842523975374532,L2,-0.0115565...
GetData ===>> H2,-0.104097261022237,H1,76.9436265513458,AX,6.95883603516433,L1,0.0485102938049707,L2,0.10947824...
GetData ===>> H2,-0.158644340502286,H1,76.841584838027,AX,6.93768674036662,L1,0.0368591722435121,L2,0.074706504...
Get Checksum: 1695186306
GetData ===>> H2,-0.21292883725825,H1,76.7627522148949,AX,6.85612802253096,L1,0.0835256255915202,L2,0.094500046...
GetData ===>> H2,-0.226356822297547,H1,76.7800430327004,AX,6.91740632044748,L1,0.0820792393339834,L2,0.04522512...
GetData ===>> H2,-0.118448829328378,H1,76.6881688588768,AX,6.9686495657787,L1,0.0997952262361692,L2,-0.07125429...
Get Checksum: 1695186306
GetData ===>> H2,-0.0209211833420812,H1,76.7404682298966,AX,6.90104327221777,L1,0.0766764064041255,L2,0.0162658...
GetData ===>> H2,-0.182880315076695,H1,76.8821160287321,AX,6.91356442706758,L1,0.0785991176949407,L2,-0.0336513...
Get Checksum: 1695186306
GetData ===>> H2,-0.14851860523455,H1,76.6957262088623,AX,7.00760080269551,L1,0.097345790618306,L2,0.0700983715...
GetData ===>> H2,-0.115416534554967,H1,76.7967419402056,AX,6.99816798438618,L1,0.0902673488291939,L2,0.02648038...
GetData ===>> H2,-0.167145132199366,H1,76.7722717969124,AX,6.95219412626311,L1,0.0675027862267372,L2,-0.1285104...
Get Checksum: 1695186306
GetData ===>> H2,-0.286146231444188,H1,76.6226286293723,AX,6.97079978145146,L1,0.0479379619627514,L2,0.09502435...
09:36:45 -- collecting point 50
GetData ===>> H2,-0.26997025473742,H1,76.8005209249301,AX,6.91424875360729,L1,0.0849822409666567,L2,0.069505261...
GetData ===>> H2,-0.221745541001191,H1,76.8106702370159,AX,6.95189386947154,L1,0.0861566045674592,L2,0.06411041...
Get Checksum: 1695186306
GetData ===>> H2,-0.158013548000456,H1,76.5772157262879,AX,6.97202506452393,L1,0.0966126430630654,L2,0.05612704...
GetData ===>> H2,-0.216004497821744,H1,76.674045310714,AX,6.99411875218768,L1,0.11272502902375,L2,0.07922789404...
GetData ===>> H2,-0.152355106942225,H1,76.5974633571308,AX,7.06696969843398,L1,0.122368625368897,L2,0.133443668...
Get Checksum: 1695186306
GetData ===>> H2,-0.15102102601974,H1,76.6679079561984,AX,6.98695789685475,L1,0.0692913437790854,L2,-0.00221111...
GetData ===>> H2,-0.174200982432118,H1,76.5850473168757,AX,6.88436717402011,L1,0.0555119608937625,L2,0.05898957...
GetData ===>> H2,-0.118473181831611,H1,76.5535153275386,AX,6.94239420632019,L1,0.0872756891790574,L2,0.02398364...
Get Checksum: 1695186306
GetData ===>> H2,-0.197595965221101,H1,76.6275599757299,AX,6.93240311184544,L1,0.0424581670304551,L2,-0.0242511...
GetData ===>> H2,-0.128143759608767,H1,76.5744129489252,AX,6.81129315894931,L1,0.0383512123282556,L2,-0.0143029...
GetData ===>> H2,-0.113368837830294,H1,76.3759384175367,AX,6.94100115778079,L1,0.074981687867581,L2,0.095286514...
Get Checksum: 1695186306
GetData ===>> H2,-0.112447050782997,H1,76.3832038487668,AX,6.88743059472799,L1,0.0529698219986565,L2,0.05377778...
GetData ===>> H2,-0.137763930914371,H1,76.5018441684485,AX,6.88298566181343,L1,0.0828265130673856,L2,0.09536630...
GetData ===>> H2,-0.222409606053964,H1,76.6328708529139,AX,6.87297927354527,L1,0.105594506459146,L2,0.096449131...
Get Checksum: 1695186306
GetData ===>> H2,-0.146618125086328,H1,76.5440471599702,AX,6.80957652676642,L1,0.0902372229969593,L2,-0.0297773...
testing age>100.0
evaluate ot="age>100.0" t="age>100.0", ctx="{'age': 74.89382587894939}"
testing Ar39<0.5
evaluate ot="Ar39<0.5" t="Ar39<0.5", ctx="{'Ar39': 7.180502893598801}"
GetData ===>> H2,-0.123925474329399,H1,76.3917053821785,AX,6.90580905097464,L1,0.0861879227969792,L2,0.10209144...
GetData ===>> H2,-0.162251474933506,H1,76.4692318394851,AX,6.94672959262,L1,0.0666278804560092,L2,0.04086927111...
Get Checksum: 1695186306
GetData ===>> H2,-0.243507895834573,H1,76.3988068697918,AX,7.05832483681732,L1,0.0626978957859245,L2,0.08749050...
GetData ===>> H2,-0.351271561312402,H1,76.5359485969175,AX,6.98091481898589,L1,0.0681563072269939,L2,0.12432196...
GetData ===>> H2,-0.175888514050711,H1,76.2921818260259,AX,6.89299304369264,L1,0.0793858963530288,L2,-0.0141776...
Get Checksum: 1695186306
testing age>100.0
evaluate ot="age>100.0" t="age>100.0", ctx="{'age': 75.14677313706375}"
testing Ar39<0.5
evaluate ot="Ar39<0.5" t="Ar39<0.5", ctx="{'Ar39': 7.161118481582871}"
GetData ===>> H2,-0.140432268294032,H1,76.1418249681347,AX,6.94476003113516,L1,0.0880816513520921,L2,0.06381387...
GetData ===>> H2,-0.245227592344732,H1,76.25696095391,AX,6.94414755339496,L1,0.0969876510477828,L2,0.0151600633...
GetData ===>> H2,-0.217203798904124,H1,76.3510790439009,AX,6.91446485769038,L1,0.0550066101942418,L2,0.06834186...
GetData ===>> H2,-0.196982325728759,H1,76.354062474874,AX,6.82942161977513,L1,0.0669239198704932,L2,0.079273478...
Get Checksum: 1695186306
GetData ===>> H2,-0.28367446445426,H1,76.2099753262397,AX,6.91834280415571,L1,0.0924486975059864,L2,0.079615366...
testing age>100.0
evaluate ot="age>100.0" t="age>100.0", ctx="{'age': 75.18218379435395}"
testing Ar39<0.5
evaluate ot="Ar39<0.5" t="Ar39<0.5", ctx="{'Ar39': 7.15579805261676}"
09:37:11 -- collecting point 75
GetData ===>> H2,-0.212495161068514,H1,76.0824823928609,AX,6.98478330823312,L1,0.0309568968161171,L2,0.03402800...
GetData ===>> H2,-0.127931530787249,H1,76.2968280927452,AX,7.00079947170739,L1,0.0585734828961826,L2,0.08081198...
Get Checksum: 1695186306
GetData ===>> H2,-0.215697508001415,H1,76.2326509378872,AX,6.88494381080388,L1,0.0594786388442147,L2,0.14346714...
GetData ===>> H2,-0.217442316076858,H1,76.2759211221347,AX,6.9379869548471,L1,0.0730608686346634,L2,-0.06087821...
GetData ===>> H2,-0.286214734656637,H1,76.2864813007545,AX,6.89632104870879,L1,0.0459146202641098,L2,0.03896507...
Get Checksum: 1695186306
testing age>100.0
evaluate ot="age>100.0" t="age>100.0", ctx="{'age': 75.34822098872435}"
testing Ar39<0.5
evaluate ot="Ar39<0.5" t="Ar39<0.5", ctx="{'Ar39': 7.1430878095714165}"
GetData ===>> H2,-0.169177572364528,H1,76.2799572886135,AX,6.97167669821388,L1,0.059748275446269,L2,0.076600009...
GetData ===>> H2,-0.241127069887767,H1,76.1789567683151,AX,6.8454878429511,L1,0.0902745790422796,L2,0.066596795...
GetData ===>> H2,-0.147970240672586,H1,76.0395720574332,AX,6.92512656771645,L1,0.105941749812021,L2,0.025192102...
Get Checksum: 1695186306
GetData ===>> H2,-0.0800386707361817,H1,76.0559643059754,AX,6.90951859140589,L1,0.0828879848166526,L2,0.0846412...
GetData ===>> H2,-0.235977349732268,H1,76.1388934655996,AX,6.88913653995738,L1,0.07411336010748,L2,0.0263891778...
testing age>100.0
evaluate ot="age>100.0" t="age>100.0", ctx="{'age': 75.41801522576341}"
testing Ar39<0.5
evaluate ot="Ar39<0.5" t="Ar39<0.5", ctx="{'Ar39': 7.137897144421537}"
GetData ===>> H2,-0.254029197045508,H1,76.156401058651,AX,6.92589502281776,L1,0.0530528254182078,L2,0.016163219...
Get Checksum: 1695186306
GetData ===>> H2,-0.228284814267764,H1,76.1027324044863,AX,6.92404593764153,L1,0.0732703948125244,L2,0.07104507...
GetData ===>> H2,-0.129942813947026,H1,75.9799666290487,AX,6.82835303062313,L1,0.116437010347506,L2,0.069299955...
GetData ===>> H2,-0.0225915510034095,H1,75.9194020956614,AX,6.80712767553787,L1,0.106302268534426,L2,0.01000765...
Get Checksum: 1695186306
GetData ===>> H2,-0.135350532147303,H1,76.0255184053838,AX,6.83505291163383,L1,0.0669299370217068,L2,0.03661622...
testing age>100.0
evaluate ot="age>100.0" t="age>100.0", ctx="{'age': 75.44134629734091}"
testing Ar39<0.5
evaluate ot="Ar39<0.5" t="Ar39<0.5", ctx="{'Ar39': 7.140136746818048}"
GetData ===>> H2,-0.214847856746487,H1,75.9964611732751,AX,6.81500262488762,L1,0.0556551481899917,L2,0.05515768...
GetData ===>> H2,-0.211045861575966,H1,75.8699004507525,AX,6.81249361841479,L1,0.0977533857533496,L2,0.12904233...
Get Checksum: 1695186306
GetData ===>> H2,-0.195254161547016,H1,75.8879453553697,AX,6.87514143416117,L1,0.0503236938273918,L2,0.07853272...
GetData ===>> H2,-0.244503683169921,H1,75.8898865157118,AX,6.82141348023871,L1,0.0763403308892135,L2,0.02749506...
Get Checksum: 1695186306
GetData ===>> H2,-0.253014080894481,H1,76.0210590558932,AX,6.89012167641107,L1,0.0775835046987826,L2,-0.0195449...
testing age>100.0
evaluate ot="age>100.0" t="age>100.0", ctx="{'age': 75.41994388986741}"
testing Ar39<0.5
evaluate ot="Ar39<0.5" t="Ar39<0.5", ctx="{'Ar39': 7.1429303370426585}"
GetData ===>> H2,-0.195653783359018,H1,76.0192654836006,AX,6.95843967027659,L1,0.0598373534055703,L2,0.02161236...
GetData ===>> H2,-0.213211660594483,H1,75.9413701262786,AX,6.85956290277578,L1,0.0815465391966922,L2,0.02604715...
Get Checksum: 1695186306
GetData ===>> H2,-0.185587617860233,H1,75.9247004318739,AX,6.94767835853094,L1,0.0894925409454901,L2,0.05974228...
GetData ===>> H2,-0.150879241437561,H1,75.9913611573733,AX,6.901187322681,L1,0.0778099908094532,L2,0.0671328588...
GetData ===>> H2,-0.086814002374859,H1,75.7288105575664,AX,6.8049909814277,L1,0.040432742390845,L2,0.0153652535...
Get Checksum: 1695186306
testing age>100.0
evaluate ot="age>100.0" t="age>100.0", ctx="{'age': 75.49117206874138}"
testing Ar39<0.5
evaluate ot="Ar39<0.5" t="Ar39<0.5", ctx="{'Ar39': 7.135670587006371}"
09:37:38 -- collecting point 100
GetData ===>> H2,-0.181000874716311,H1,75.8524499654934,AX,6.85931068730635,L1,0.0742928003672729,L2,0.01103355...
GetData ===>> H2,-0.125529148250487,H1,75.8621699918825,AX,6.83816286442602,L1,0.0866191605881617,L2,0.04631982...
GetData ===>> H2,-0.210089437682376,H1,75.6260977928134,AX,6.77713407811892,L1,0.0719844060712927,L2,0.06214872...
Get Checksum: 1695186306
GetData ===>> H2,-0.123377793477034,H1,75.8683378762828,AX,6.80501498897489,L1,0.0463714296429311,L2,0.07605248...
GetData ===>> H2,-0.0650231527495447,H1,75.7662723252626,AX,6.79958942875038,L1,0.0433362980974123,L2,0.0671556...
testing age>100.0
evaluate ot="age>100.0" t="age>100.0", ctx="{'age': 75.51306477055728}"
testing Ar39<0.5
evaluate ot="Ar39<0.5" t="Ar39<0.5", ctx="{'Ar39': 7.13972297962224}"
GetData ===>> H2,-0.0675827740325446,H1,75.7960511407531,AX,6.81178534560008,L1,0.0649540971874137,L2,0.0314968...
Get Checksum: 1695186306
GetData ===>> H2,-0.147616355866263,H1,75.8702129677691,AX,6.87593423801007,L1,0.0651827068760762,L2,0.00209718...
GetData ===>> H2,-0.203092960020411,H1,75.682498984,AX,6.82321435569342,L1,0.0734474116926348,L2,0.051554020691...
GetData ===>> H2,-0.233862290059803,H1,75.7111028060238,AX,6.82154554334497,L1,0.07359793868966,L2,0.0285325495...
Get Checksum: 1695186306
GetData ===>> H2,-0.189168032858409,H1,75.618441367286,AX,6.89227219065948,L1,0.0541186980809463,L2,0.089781375...
testing age>100.0
evaluate ot="age>100.0" t="age>100.0", ctx="{'age': 75.57266831871337}"
testing Ar39<0.5
evaluate ot="Ar39<0.5" t="Ar39<0.5", ctx="{'Ar39': 7.137162915274688}"
GetData ===>> H2,-0.0916288223922515,H1,75.6447312995067,AX,6.84760137836497,L1,0.0284773130574718,L2,0.0231742...
GetData ===>> H2,-0.110145640559706,H1,75.6113439447396,AX,6.88930473330437,L1,0.0765475159072806,L2,0.03995707...
Get Checksum: 1695186306
GetData ===>> H2,-0.1811169152465,H1,75.5629339860295,AX,6.78941128989374,L1,0.037380940382452,L2,0.00576738002...
GetData ===>> H2,-0.115827924116453,H1,75.6196571661258,AX,6.85645228943731,L1,0.0673619778444496,L2,0.01179728...
GetData ===>> H2,-0.163216873980135,H1,75.5257972731319,AX,6.84631643961998,L1,0.040983559914187,L2,0.043206814...
Get Checksum: 1695186306
testing age>100.0
evaluate ot="age>100.0" t="age>100.0", ctx="{'age': 75.58914465492607}"
testing Ar39<0.5
evaluate ot="Ar39<0.5" t="Ar39<0.5", ctx="{'Ar39': 7.133701553951385}"
GetData ===>> H2,-0.135821083794572,H1,75.700466094464,AX,6.81349001063462,L1,0.0781955107523831,L2,-0.04585311...
GetData ===>> H2,-0.109930367165436,H1,75.3875665188761,AX,6.74100719324645,L1,0.0916134625795353,L2,0.10800767...
Get Checksum: 1695186306
GetData ===>> H2,-0.160085441318147,H1,75.4150217096268,AX,6.88185643981496,L1,0.057359112522211,L2,-0.02893423...
GetData ===>> H2,-0.149674676135696,H1,75.4335246422519,AX,6.89712603393598,L1,0.0529878661622535,L2,0.10677652...
GetData ===>> H2,-0.166826602551195,H1,75.4030067429756,AX,6.92803231937304,L1,0.0732378818450348,L2,0.05732450...
Get Checksum: 1695186306
testing age>100.0
evaluate ot="age>100.0" t="age>100.0", ctx="{'age': 75.66936294744498}"
testing Ar39<0.5
evaluate ot="Ar39<0.5" t="Ar39<0.5", ctx="{'Ar39': 7.128607770503659}"
GetData ===>> H2,-0.140222771095071,H1,75.3673325892698,AX,6.84576404108364,L1,0.0609545058707758,L2,0.04195251...
measurement finished
estimated time: 125.829 actual time: :126.187
flush and close file /Users/jan/PychronDev/data/isotopes/19/b0af93-f92c-445a-9dfe-0eb10df38d7e.h5
baselines () {'settling_time': 15.0, 'detector': 'H1', 'mass': 34.2, 'ncounts': 60.0}
%%%%%%%%%%%%%%%%%%%%%%%%%%%%%%%% Baseline
build tables- baseline [Detector(H2), Detector(H1), Detector(AX), Detector(L1), Detector(L2), Detector(CDD)]
add group baseline table H2
add group baseline table H1
add group baseline table AX
add group baseline table L1
add group baseline table L2
add group baseline table CDD
flush and close file /Users/jan/PychronDev/data/isotopes/19/b0af93-f92c-445a-9dfe-0eb10df38d7e.h5
detector Detector(H1)
POSITION 34.2 H1
Mapping mass to dac mass func: "parabolic"
H1 map mass coeffs = [-0.00063987  0.15840543  0.57047999]
H1 map mass to dac 34.2 >> 5.23952599104
GetDeflection H1 ===>> 0
GetHighVoltage ===>> 4499.94659342336
positioning 34.2 (5.23949513597) on H1
setting magnet DAC
current  : 5.878835
requested: 5.239495
Delta Dac: 0.639340
Checking detector protection. dv=0.63934
Checking detector "CDD". Protection Threshold: 0.1 (V)
ProtectDetector CDD,On ===>> OK
GetDeflection CDD ===>> 2000
SetMagnetDAC 5.23949513597 ===>> OK
Magnet settling time: 0.500
GetMagnetMoving ===>> True
GetMagnetMoving ===>> True
GetMagnetMoving ===>> True
GetMagnetMoving ===>> True
GetMagnetMoving ===>> True
Get Checksum: 1695186306
GetMagnetMoving ===>> True
GetMagnetMoving ===>> True
GetMagnetMoving ===>> True
GetMagnetMoving ===>> False
ProtectDetector CDD,Off ===>> OK
GetDeflection CDD ===>> 50
Delaying 15.0s for detectors to settle
Get Checksum: 1695186306
Get Checksum: 1695186306
Get Checksum: 1695186306
Get Checksum: 1695186306
Get Checksum: 1695186306
Join finished
measuring baseline. ncounts=60.0
starting measurement
GetData ===>> H2,-0.0837329595859028,H1,-0.0210066167497967,AX,-0.0387268954778901,L1,-0.0415786847844705,L2,0....
GetData ===>> H2,-0.0837329595859028,H1,-0.0210066167497967,AX,-0.0387268954778901,L1,-0.0415786847844705,L2,0....
Get Checksum: 1695186306
GetData ===>> H2,-0.148365984263678,H1,-0.0807265306399739,AX,-0.0211107259759952,L1,-0.0231692746119362,L2,-0....
GetData ===>> H2,-0.224902532505002,H1,-0.0685922881863419,AX,-0.0419621718551664,L1,-0.0393545734700435,L2,0.0...
GetData ===>> H2,-0.135979282119822,H1,-0.0549067207709751,AX,-0.115173569765535,L1,-0.027686889219022,L2,-0.03...
Get Checksum: 1695186306
GetData ===>> H2,-0.159913923461726,H1,0.00883688437867143,AX,-0.0793745610983574,L1,-0.0142873610912919,L2,-0....
GetData ===>> H2,-0.178289775529144,H1,0.0391546808733658,AX,-0.167067948884571,L1,-0.0282643265542845,L2,-0.01...
GetData ===>> H2,-0.30937346583315,H1,-0.00330674888073796,AX,-0.118522171976961,L1,-0.0691052314830076,L2,-0.1...
Get Checksum: 1695186306
GetData ===>> H2,-0.221971839357218,H1,-0.025192583356559,AX,-0.0805452776377431,L1,-0.0581620567089004,L2,-0.0...
GetData ===>> H2,-0.145960244314246,H1,-0.119307304047944,AX,0.0222880552340366,L1,-0.0388347048151598,L2,-0.05...
Get Checksum: 1695186306
GetData ===>> H2,-0.121780578174635,H1,-0.091238505880775,AX,-0.0406170520870019,L1,-0.0397618250608685,L2,-0.0...
GetData ===>> H2,-0.220527762529738,H1,-0.056385042957907,AX,-0.0517948964846224,L1,-0.0351181784637812,L2,-0.0...
GetData ===>> H2,-0.265010364480805,H1,-0.0115130067106726,AX,-0.0779140434895939,L1,-0.0703197395882901,L2,-0....
Get Checksum: 1695186306
GetData ===>> H2,-0.189463315968242,H1,-0.000968796478484202,AX,-0.0660899985832201,L1,0.039569294209564,L2,-0....
GetData ===>> H2,-0.239628870651641,H1,0.00652256166631133,AX,-0.0565833519293278,L1,0.0300546133701986,L2,-0.0...
GetData ===>> H2,-0.12464350474658,H1,-0.0388464426775535,AX,-0.129969117993564,L1,0.0230041184745922,L2,-0.050...
Get Checksum: 1695186306
GetData ===>> H2,-0.12464350474658,H1,-0.0388464426775535,AX,-0.129969117993564,L1,0.0230041184745922,L2,-0.050...
GetData ===>> H2,-0.222770582450947,H1,-0.0704160944211328,AX,-0.087140437316401,L1,-0.0124631428418769,L2,-0.0...
GetData ===>> H2,-0.222770582450947,H1,-0.0704160944211328,AX,-0.087140437316401,L1,-0.0124631428418769,L2,-0.0...
Get Checksum: 1695186306
GetData ===>> H2,-0.230339002347203,H1,-0.0230698073553135,AX,-0.131417269225831,L1,0.000849752247855157,L2,-0....
GetData ===>> H2,-0.309381516151074,H1,-0.0725259464376514,AX,-0.139208630730082,L1,0.0159488567472275,L2,0.026...
GetData ===>> H2,-0.309381516151074,H1,-0.0725259464376514,AX,-0.139208630730082,L1,0.0159488567472275,L2,0.026...
Get Checksum: 1695186306
GetData ===>> H2,-0.185826347429883,H1,-0.0123121266849545,AX,-0.0145922830215643,L1,0.00072252535160949,L2,0.0...
GetData ===>> H2,-0.185826347429883,H1,-0.0123121266849545,AX,-0.0145922830215643,L1,0.00072252535160949,L2,0.0...
09:38:43 -- collecting point 25
GetData ===>> H2,-0.267298368054468,H1,0.0474963699181654,AX,-0.0756652671653396,L1,-0.0397702094790737,L2,-0.0...
Get Checksum: 1695186306
GetData ===>> H2,-0.194919947506404,H1,-0.0398957451799962,AX,-0.128393504964348,L1,-0.0062376965173001,L2,-0.0...
GetData ===>> H2,-0.233707546865265,H1,-0.0817157998745486,AX,-0.00620581484657566,L1,-0.00249002112244617,L2,-...
GetData ===>> H2,-0.233707546865265,H1,-0.0817157998745486,AX,-0.00620581484657566,L1,-0.00249002112244617,L2,-...
Get Checksum: 1695186306
GetData ===>> H2,-0.251333224279505,H1,0.00915898508020447,AX,-0.0330562053793036,L1,-0.0291388054445168,L2,-0....
GetData ===>> H2,-0.181284227405755,H1,-0.0328365891276714,AX,-0.0835241661017877,L1,-0.0373252563487012,L2,-0....
GetData ===>> H2,-0.2389355665407,H1,0.0178203036720561,AX,-0.029461118232354,L1,-0.0456890606589701,L2,-0.0110...
GetData ===>> H2,-0.2389355665407,H1,0.0178203036720561,AX,-0.029461118232354,L1,-0.0456890606589701,L2,-0.0110...
GetData ===>> H2,-0.213782672816735,H1,-0.0276969241202128,AX,-0.000974055863092509,L1,-0.0201292280210367,L2,-...
Get Checksum: 1695186306
GetData ===>> H2,-0.19329455623909,H1,-0.0315248667628552,AX,-0.0419041929381998,L1,-0.0206003995005664,L2,-0.0...
GetData ===>> H2,-0.150664535694769,H1,-0.0566711673103402,AX,-0.0717355796528106,L1,-0.0243270318328274,L2,-0....
Get Checksum: 1695186306
GetData ===>> H2,-0.26149141813655,H1,-0.0162718509326919,AX,-0.144229230457414,L1,-0.0100691038309651,L2,-0.04...
GetData ===>> H2,-0.26149141813655,H1,-0.0162718509326919,AX,-0.144229230457414,L1,-0.0100691038309651,L2,-0.04...
GetData ===>> H2,-0.191666235390837,H1,0.000629630980175788,AX,-0.0516441664590315,L1,-0.029784433522642,L2,0.0...
Get Checksum: 1695186306
GetData ===>> H2,-0.191666235390837,H1,0.000629630980175788,AX,-0.0516441664590315,L1,-0.029784433522642,L2,0.0...
GetData ===>> H2,-0.130997004018426,H1,0.120577251094445,AX,-0.103342463875672,L1,-0.0337279736361116,L2,-0.071...
GetData ===>> H2,-0.126740542565847,H1,-0.0285316904498732,AX,-0.174324205719931,L1,-0.0252378030689455,L2,-0.0...
Get Checksum: 1695186306
GetData ===>> H2,-0.126740542565847,H1,-0.0285316904498732,AX,-0.174324205719931,L1,-0.0252378030689455,L2,-0.0...
GetData ===>> H2,-0.12245952357082,H1,-0.0729073838618309,AX,-0.0755609412290033,L1,0.00308248578141939,L2,-0.0...
GetData ===>> H2,-0.12245952357082,H1,-0.0729073838618309,AX,-0.0755609412290033,L1,0.00308248578141939,L2,-0.0...
Get Checksum: 1695186306
GetData ===>> H2,-0.193142248079347,H1,-0.115905131317384,AX,0.000696454125501904,L1,-0.0134328243296391,L2,-0....
GetData ===>> H2,-0.155987210382448,H1,-0.0911908350165412,AX,-0.0362104950478329,L1,-0.0284008940217714,L2,-0....
GetData ===>> H2,-0.2332352306146,H1,-0.0668518930719618,AX,-0.014847461596539,L1,-0.0125362617610714,L2,-0.037...
set states for children of V. state=True
handle state [('V', True)]
update switch state V True args=() kw={'refresh': False} ncanvase=2
refresh_canvas_needed fired
Get Checksum: -1097334291
GetData ===>> H2,-0.202416260593558,H1,-0.00837610095711912,AX,-0.0538123374293875,L1,-0.041929563155883,L2,-0....
GetData ===>> H2,-0.202416260593558,H1,-0.00837610095711912,AX,-0.0538123374293875,L1,-0.041929563155883,L2,-0....
09:39:10 -- collecting point 50
GetData ===>> H2,-0.268739222604734,H1,0.0169493658485511,AX,-0.045985824311508,L1,-0.0135011419989134,L2,-0.02...
Get Checksum: -1097334291
GetData ===>> H2,-0.268739222604734,H1,0.0169493658485511,AX,-0.045985824311508,L1,-0.0135011419989134,L2,-0.02...
GetData ===>> H2,-0.166748318470125,H1,0.0311955196840021,AX,-0.0655335375410604,L1,-0.000950478812982439,L2,-0...
GetData ===>> H2,-0.211200767692859,H1,-0.0398480498503549,AX,-0.00834019894659606,L1,-0.000234025404240789,L2,...
Get Checksum: -1097334291
GetData ===>> H2,-0.235600650533825,H1,-0.124816838644004,AX,0.0390100436235264,L1,-0.0157473555990093,L2,-0.03...
GetData ===>> H2,-0.235600650533825,H1,-0.124816838644004,AX,0.0390100436235264,L1,-0.0157473555990093,L2,-0.03...
Get Checksum: -1097334291
GetData ===>> H2,-0.145835958650145,H1,-0.112557023432491,AX,0.0758402442463088,L1,-0.000795671589592274,L2,-0....
GetData ===>> H2,-0.145835958650145,H1,-0.112557023432491,AX,0.0758402442463088,L1,-0.000795671589592274,L2,-0....
GetData ===>> H2,-0.156780226981102,H1,-0.0700584879754327,AX,-0.0377296201416022,L1,-0.0134819651561182,L2,-0....
Get Checksum: -1097334291
GetData ===>> H2,-0.156780226981102,H1,-0.0700584879754327,AX,-0.0377296201416022,L1,-0.0134819651561182,L2,-0....
GetData ===>> H2,-0.199961200348068,H1,0.159995057723284,AX,-0.0154390093564597,L1,-0.0188043146307405,L2,0.012...
measurement finished
estimated time: 62.915 actual time: :63.145
flush and close file /Users/jan/PychronDev/data/isotopes/19/b0af93-f92c-445a-9dfe-0eb10df38d7e.h5
activate_detectors ('H1', 'AX', 'CDD') {'peak_center': True}
peak_center () {'detector': 'H1', 'isotope': 'Ar40'}
peak center: mean=75.5026650667 threshold=3
peak center started
setup peak center. detector=['H1', 'AX', 'CDD'], isotope=Ar40
VersionedUnpickler [<apptools.sweet_pickle.versioned_unpickler.VersionedUnpickler object at 0x1b5317c50>] using Updater [<apptools.sweet_pickle.updater.Updater object at 0x12ce00cb0>]
VersionedUnpickler [<apptools.sweet_pickle.versioned_unpickler.VersionedUnpickler object at 0x1b5317c50>] using Updater [<apptools.sweet_pickle.updater.Updater object at 0x12ce00cb0>]
VersionedUnpickler [<apptools.sweet_pickle.versioned_unpickler.VersionedUnpickler object at 0x1b206bd70>] using Updater [<apptools.sweet_pickle.updater.Updater object at 0x12ce00cb0>]
setting integration time = 0.524288
SetIntegrationTime 0.524288 ===>> OK
Mapping mass to dac mass func: "parabolic"
H1 map mass coeffs = [-0.00063987  0.15840543  0.57047999]
H1 map mass to dac 39.9624 >> 5.87887
GetDeflection H1 ===>> 0
GetHighVoltage ===>> 4499.94659342336
do peak center. <pychron.spectrometer.jobs.peak_center.PeakCenter object at 0x12ce00b30>
doing pc
starting peak center. center dac= 5.87883537989 step_width=0.001
width = 0.001
get scan parameters. half-width=0.015,window=0.015, i=0, scalar=1
Scan parameters center=5.87884 width=0.03000 (5.86384 - 5.89384)
GetData ===>> H2,-0.174380547750372,H1,-0.0313698438928921,AX,-0.158814167984651,L1,0.0126505675760128,L2,0.003...
Moving to starting dac 5.86383537989
setting magnet DAC
current  : 5.239495
requested: 5.863835
Delta Dac: 0.624340
Checking detector protection. dv=0.62434
Checking detector "CDD". Protection Threshold: 0.1 (V)
ProtectDetector CDD,On ===>> OK
GetDeflection CDD ===>> 2000
SetMagnetDAC 5.86383537989 ===>> OK
Magnet settling time: 0.500
Get Checksum: -1097334291
GetMagnetMoving ===>> True
GetMagnetMoving ===>> True
GetMagnetMoving ===>> True
GetMagnetMoving ===>> True
GetMagnetMoving ===>> True
GetMagnetMoving ===>> True
GetMagnetMoving ===>> True
GetMagnetMoving ===>> True
GetMagnetMoving ===>> True
GetMagnetMoving ===>> False
ProtectDetector CDD,Off ===>> OK
GetDeflection CDD ===>> 50
Wait until signal near baseline. tol= -0.0235273829197. timeout= 10
GetData ===>> H2,2.22449947161543,H1,0.488939997291493,AX,-0.0909651933053614,L1,0.013021300658695,L2,-0.066248...
GetData ===>> H2,5.09530593229801,H1,2.56759182159596,AX,0.0137483003646579,L1,-0.0164275792801367,L2,-0.036863...
Get Checksum: -1097334291
GetData ===>> H2,3.13890099938376,H1,1.27826104550886,AX,-0.0127944150092433,L1,-0.0585863702510034,L2,-0.15983...
GetData ===>> H2,1.35559368672462,H1,0.538055169159679,AX,0.0172058825995276,L1,-0.0210923003242321,L2,0.189527...
GetData ===>> H2,0.345364722736835,H1,0.275701015837249,AX,0.0328013365753421,L1,-0.0377577484838533,L2,0.13042...
GetData ===>> H2,-0.088457786489459,H1,0.123502462210534,AX,0.0113814356827615,L1,-0.0307526758040072,L2,0.0435...
GetData ===>> H2,-0.245989126991826,H1,0.128342342475318,AX,-0.0256687372178844,L1,0.015170784305675,L2,-0.0156...
GetData ===>> H2,-0.159800477154042,H1,0.199751786238989,AX,-0.0918460248992619,L1,0.0167688002696102,L2,-0.025...
Get Checksum: -1097334291
GetData ===>> H2,-0.0991812306336701,H1,0.113728047694495,AX,-0.109252402789856,L1,0.028161402131203,L2,-0.1175...
GetData ===>> H2,-0.0882276168622027,H1,0.01327480749731,AX,-0.058832569279262,L1,0.00454363365587958,L2,-0.134...
GetData ===>> H2,-0.116002489524985,H1,0.0229387078255485,AX,-0.0379383530343794,L1,-0.0123145060243201,L2,-0.0...
GetData ===>> H2,-0.1664405758053,H1,0.0515779645547944,AX,-0.104524480379878,L1,-0.00893842074443795,L2,0.0510...
GetData ===>> H2,-0.1664405758053,H1,0.0515779645547944,AX,-0.104524480379878,L1,-0.00893842074443795,L2,0.0510...
GetData ===>> H2,-0.154029424203546,H1,0.00563979287295808,AX,-0.0773808331855329,L1,-0.00929574471506556,L2,0....
Get Checksum: -1097334291
GetData ===>> H2,-0.145887991453683,H1,9.3426671067931E-06,AX,-0.0181067290979256,L1,-0.0256758509001283,L2,-0....
GetData ===>> H2,-0.161037520802855,H1,-0.0069805637602059,AX,0.0118455222612215,L1,-0.0814601209194883,L2,0.09...
GetData ===>> H2,-0.26116604490187,H1,-0.00366459391958323,AX,-0.119240542210108,L1,-0.117100026668113,L2,-0.02...
GetData ===>> H2,-0.26389056546258,H1,-0.0595204443499807,AX,-0.118823424656031,L1,-0.0856327453485569,L2,0.038...
Peak center baseline intensity achieved
_do_sweep sm= 5.86383537989, em= 5.89383537989, stm= 0.001
calculated step values: start=5.86383537989, end=5.89383537989, width=0.001, nsteps=31.0
setting magnet DAC
current  : 5.863835
requested: 5.863835
Delta Dac: 0.000000
Checking detector protection. dv=0.00000
Checking detector "CDD". Protection Threshold: 0.1 (V)
SetMagnetDAC 5.86383537989 ===>> OK
GetData ===>> H2,-0.212135547389172,H1,-0.0614755498627105,AX,-0.0250192626518494,L1,-0.0882367683139348,L2,-0....
setting magnet DAC
current  : 5.863835
requested: 5.864870
Delta Dac: 0.001034
Checking detector protection. dv=0.00103
Checking detector "CDD". Protection Threshold: 0.1 (V)
SetMagnetDAC 5.86486986264 ===>> OK
Magnet settling time: 1.049
Get Checksum: -1097334291
GetData ===>> H2,-0.272586357045404,H1,0.14360260932309,AX,-0.101163807592186,L1,-0.0481822444345172,L2,0.02081...
setting magnet DAC
current  : 5.864870
requested: 5.865904
Delta Dac: 0.001034
Checking detector protection. dv=0.00103
Checking detector "CDD". Protection Threshold: 0.1 (V)
SetMagnetDAC 5.8659043454 ===>> OK
Magnet settling time: 1.049
GetData ===>> H2,-0.125203293561545,H1,0.397789038627505,AX,-0.0361061268044991,L1,-0.0415762896681599,L2,-0.03...
setting magnet DAC
current  : 5.865904
requested: 5.866939
Delta Dac: 0.001034
Checking detector protection. dv=0.00103
Checking detector "CDD". Protection Threshold: 0.1 (V)
SetMagnetDAC 5.86693882816 ===>> OK
Magnet settling time: 1.049
GetData ===>> H2,-0.0348956204011694,H1,1.67561010535027,AX,-0.039561815807208,L1,-0.0503601319520411,L2,-0.068...
setting magnet DAC
current  : 5.866939
requested: 5.867973
Delta Dac: 0.001034
Checking detector protection. dv=0.00103
Checking detector "CDD". Protection Threshold: 0.1 (V)
SetMagnetDAC 5.86797331092 ===>> OK
Magnet settling time: 1.049
Get Checksum: -1097334291
GetData ===>> H2,-0.0355934774532871,H1,5.70376620389952,AX,0.390329237923244,L1,-0.0153419487785206,L2,0.00332...
setting magnet DAC
current  : 5.867973
requested: 5.869008
Delta Dac: 0.001034
Checking detector protection. dv=0.00103
Checking detector "CDD". Protection Threshold: 0.1 (V)
SetMagnetDAC 5.86900779368 ===>> OK
Magnet settling time: 1.049
GetData ===>> H2,-0.0774884101320536,H1,15.2560136061426,AX,0.954493065502303,L1,0.0404760370025723,L2,-0.05555...
setting magnet DAC
current  : 5.869008
requested: 5.870042
Delta Dac: 0.001034
Checking detector protection. dv=0.00103
Checking detector "CDD". Protection Threshold: 0.1 (V)
SetMagnetDAC 5.87004227644 ===>> OK
Magnet settling time: 1.049
GetData ===>> H2,-0.121446500494267,H1,39.1282707115241,AX,2.66252171461469,L1,0.0365826701138186,L2,0.07411112...
setting magnet DAC
current  : 5.870042
requested: 5.871077
Delta Dac: 0.001034
Checking detector protection. dv=0.00103
Checking detector "CDD". Protection Threshold: 0.1 (V)
SetMagnetDAC 5.8710767592 ===>> OK
Magnet settling time: 1.049
Get Checksum: -1097334291
GetData ===>> H2,-0.122912582071845,H1,56.3632038854267,AX,4.36609448625346,L1,-0.00426086362786655,L2,0.034417...
setting magnet DAC
current  : 5.871077
requested: 5.872111
Delta Dac: 0.001034
Checking detector protection. dv=0.00103
Checking detector "CDD". Protection Threshold: 0.1 (V)
SetMagnetDAC 5.87211124195 ===>> OK
Magnet settling time: 1.049
GetData ===>> H2,-0.200309066652107,H1,66.8616715784331,AX,5.48601020719068,L1,0.027308612166732,L2,-0.02017525...
setting magnet DAC
current  : 5.872111
requested: 5.873146
Delta Dac: 0.001034
Checking detector protection. dv=0.00103
Checking detector "CDD". Protection Threshold: 0.1 (V)
SetMagnetDAC 5.87314572471 ===>> OK
Magnet settling time: 1.049
Get Checksum: -1097334291
GetData ===>> H2,-0.17968484119375,H1,71.1736528389657,AX,6.20976944811817,L1,0.0684367444840615,L2,0.046378232...
setting magnet DAC
current  : 5.873146
requested: 5.874180
Delta Dac: 0.001034
Checking detector protection. dv=0.00103
Checking detector "CDD". Protection Threshold: 0.1 (V)
SetMagnetDAC 5.87418020747 ===>> OK
Magnet settling time: 1.049
GetData ===>> H2,-0.260867758610116,H1,72.6623765869981,AX,6.39521561602661,L1,0.0223566493360955,L2,0.07538744...
setting magnet DAC
current  : 5.874180
requested: 5.875215
Delta Dac: 0.001034
Checking detector protection. dv=0.00103
Checking detector "CDD". Protection Threshold: 0.1 (V)
SetMagnetDAC 5.87521469023 ===>> OK
Magnet settling time: 1.049
GetData ===>> H2,-0.198623568252874,H1,73.2054239946863,AX,6.54288850429352,L1,0.0296942031313108,L2,0.03471322...
setting magnet DAC
current  : 5.875215
requested: 5.876249
Delta Dac: 0.001034
Checking detector protection. dv=0.00103
Checking detector "CDD". Protection Threshold: 0.1 (V)
SetMagnetDAC 5.87624917299 ===>> OK
Magnet settling time: 1.049
Get Checksum: -1097334291
GetData ===>> H2,-0.234877773151285,H1,73.2513037026884,AX,6.61558310367208,L1,0.046715696223311,L2,0.043621333...
setting magnet DAC
current  : 5.876249
requested: 5.877284
Delta Dac: 0.001034
Checking detector protection. dv=0.00103
Checking detector "CDD". Protection Threshold: 0.1 (V)
SetMagnetDAC 5.87728365575 ===>> OK
Magnet settling time: 1.049
GetData ===>> H2,-0.222068530490836,H1,73.1353958973243,AX,6.45937375497384,L1,0.0340440134982558,L2,0.10420026...
setting magnet DAC
current  : 5.877284
requested: 5.878318
Delta Dac: 0.001034
Checking detector protection. dv=0.00103
Checking detector "CDD". Protection Threshold: 0.1 (V)
SetMagnetDAC 5.87831813851 ===>> OK
Magnet settling time: 1.049
GetData ===>> H2,-0.220442800521796,H1,73.1131247120975,AX,6.40565049556609,L1,0.0588437136114768,L2,0.03664969...
setting magnet DAC
current  : 5.878318
requested: 5.879353
Delta Dac: 0.001034
Checking detector protection. dv=0.00103
Checking detector "CDD". Protection Threshold: 0.1 (V)
SetMagnetDAC 5.87935262127 ===>> OK
Magnet settling time: 1.049
Get Checksum: -1097334291
GetData ===>> H2,-0.193134476049406,H1,73.2247776189235,AX,6.53450035745945,L1,0.112541637390997,L2,0.082863357...
setting magnet DAC
current  : 5.879353
requested: 5.880387
Delta Dac: 0.001034
Checking detector protection. dv=0.00103
Checking detector "CDD". Protection Threshold: 0.1 (V)
SetMagnetDAC 5.88038710402 ===>> OK
Magnet settling time: 1.049
GetData ===>> H2,-0.193953172285422,H1,73.2868319499466,AX,6.72322604516105,L1,0.0618936320403947,L2,0.08377509...
setting magnet DAC
current  : 5.880387
requested: 5.881422
Delta Dac: 0.001034
Checking detector protection. dv=0.00103
Checking detector "CDD". Protection Threshold: 0.1 (V)
SetMagnetDAC 5.88142158678 ===>> OK
Magnet settling time: 1.049
GetData ===>> H2,-0.131694286301912,H1,73.062018901814,AX,6.53378140598541,L1,0.0875975783487048,L2,-0.05448163...
setting magnet DAC
current  : 5.881422
requested: 5.882456
Delta Dac: 0.001034
Checking detector protection. dv=0.00103
Checking detector "CDD". Protection Threshold: 0.1 (V)
Get Checksum: -1097334291
SetMagnetDAC 5.88245606954 ===>> OK
Magnet settling time: 1.049
GetData ===>> H2,-0.116275834618397,H1,72.9700440662904,AX,6.53696879662185,L1,0.0870126734275809,L2,0.01995172...
setting magnet DAC
current  : 5.882456
requested: 5.883491
Delta Dac: 0.001034
Checking detector protection. dv=0.00103
Checking detector "CDD". Protection Threshold: 0.1 (V)
SetMagnetDAC 5.8834905523 ===>> OK
Magnet settling time: 1.049
GetData ===>> H2,-0.08450092836155,H1,72.5296892371544,AX,6.361716442724,L1,0.106633860634052,L2,0.116968218079...
setting magnet DAC
current  : 5.883491
requested: 5.884525
Delta Dac: 0.001034
Checking detector protection. dv=0.00103
Checking detector "CDD". Protection Threshold: 0.1 (V)
SetMagnetDAC 5.88452503506 ===>> OK
Magnet settling time: 1.049
Get Checksum: -1097334291
GetData ===>> H2,-0.0707834572352204,H1,70.9355409572329,AX,6.22386628934182,L1,0.125914338905274,L2,0.04649215...
setting magnet DAC
current  : 5.884525
requested: 5.885560
Delta Dac: 0.001034
Checking detector protection. dv=0.00103
Checking detector "CDD". Protection Threshold: 0.1 (V)
SetMagnetDAC 5.88555951782 ===>> OK
Magnet settling time: 1.049
GetData ===>> H2,-0.118221536779346,H1,66.3099951375748,AX,5.44869576039373,L1,0.0678421785975889,L2,0.06481276...
setting magnet DAC
current  : 5.885560
requested: 5.886594
Delta Dac: 0.001034
Checking detector protection. dv=0.00103
Checking detector "CDD". Protection Threshold: 0.1 (V)
SetMagnetDAC 5.88659400058 ===>> OK
Magnet settling time: 1.049
GetData ===>> H2,-0.136544561599359,H1,55.5967654670555,AX,4.15983991873196,L1,0.070150830612082,L2,-0.02832612...
setting magnet DAC
current  : 5.886594
requested: 5.887628
Delta Dac: 0.001034
Checking detector protection. dv=0.00103
Checking detector "CDD". Protection Threshold: 0.1 (V)
SetMagnetDAC 5.88762848333 ===>> OK
Magnet settling time: 1.049
Get Checksum: -1097334291
GetData ===>> H2,0.0521270423218256,H1,29.5192356168627,AX,1.72512288745142,L1,-0.0252807994896267,L2,0.0214323...
setting magnet DAC
current  : 5.887628
requested: 5.888663
Delta Dac: 0.001034
Checking detector protection. dv=0.00103
Checking detector "CDD". Protection Threshold: 0.1 (V)
SetMagnetDAC 5.88866296609 ===>> OK
Magnet settling time: 1.049
set states for children of Q. state=False
handle state [('Q', False)]
update switch state Q False args=() kw={'refresh': False} ncanvase=2
refresh_canvas_needed fired
GetData ===>> H2,-0.136655323613605,H1,13.675277783503,AX,0.581208458839458,L1,-0.0246917849356817,L2,0.0459908...
setting magnet DAC
current  : 5.888663
requested: 5.889697
Delta Dac: 0.001034
Checking detector protection. dv=0.00103
Checking detector "CDD". Protection Threshold: 0.1 (V)
SetMagnetDAC 5.88969744885 ===>> OK
Magnet settling time: 1.049
GetData ===>> H2,-0.113685557958988,H1,5.01057983550968,AX,0.156036796720597,L1,-0.0232981253444006,L2,0.015874...
setting magnet DAC
current  : 5.889697
requested: 5.890732
Delta Dac: 0.001034
Checking detector protection. dv=0.00103
Checking detector "CDD". Protection Threshold: 0.1 (V)
SetMagnetDAC 5.89073193161 ===>> OK
Magnet settling time: 1.049
set states for children of D. state=False
set states for children of I. state=True
handle state [('D', False), ('I', True)]
update switch state D False args=() kw={'refresh': True} ncanvase=2
update switch state I True args=() kw={'refresh': False} ncanvase=2
refresh_canvas_needed fired
Get Checksum: -869564398
GetData ===>> H2,-0.291505685254086,H1,1.47369629594951,AX,0.0291111151351863,L1,0.020932989956264,L2,-0.009769...
setting magnet DAC
current  : 5.890732
requested: 5.891766
Delta Dac: 0.001034
Checking detector protection. dv=0.00103
Checking detector "CDD". Protection Threshold: 0.1 (V)
SetMagnetDAC 5.89176641437 ===>> OK
Magnet settling time: 1.049
set states for children of B. state=False
handle state [('B', False)]
update switch state B False args=() kw={'refresh': False} ncanvase=2
refresh_canvas_needed fired
GetData ===>> H2,-0.367043430439417,H1,0.396952313532873,AX,-0.0860741149056443,L1,-0.0457237755779915,L2,-0.05...
setting magnet DAC
current  : 5.891766
requested: 5.892801
Delta Dac: 0.001034
Checking detector protection. dv=0.00103
Checking detector "CDD". Protection Threshold: 0.1 (V)
SetMagnetDAC 5.89280089713 ===>> OK
Magnet settling time: 1.049
Get Checksum: 393193677
State checksums do not match. Local:611344307 Remote:393193677
State checksum failed
GetData ===>> H2,-0.297891802260089,H1,-0.00876971049488233,AX,-0.197765807375786,L1,0.00846955561288784,L2,0.0...
setting magnet DAC
current  : 5.892801
requested: 5.893835
Delta Dac: 0.001034
Checking detector protection. dv=0.00103
Checking detector "CDD". Protection Threshold: 0.1 (V)
SetMagnetDAC 5.89383537989 ===>> OK
Magnet settling time: 1.049
set states for children of Y. state=True
handle state [('Y', True)]
update switch state Y True args=() kw={'refresh': False} ncanvase=2
refresh_canvas_needed fired
GetData ===>> H2,-0.249545862950187,H1,-0.0576129875254015,AX,-0.142364595005233,L1,-0.0521858430061387,L2,-0.1...
result of _do_sweep=True
result of _calculate_peak_center=([5.8709461531565204, 5.8788115391008224, 5.8866769250451245], [54.187250398540769, 73.286334520439411, 53.506382312723375], 5.8803788115768088, 73.286334520439411)
Failed to find a valid peak. No peak greater than 1.0. max = 0.0145566043696
new center pos Detector(H1) (Ar40) @ 5.8788115391
GetHighVoltage ===>> 4499.94659342336
GetDeflection H1 ===>> 0
dac uncorrected for HV and deflection 5.87884615907
update mftable H1 Ar40 5.87884615907 message=automated run peakcenter
get initial guess parabolic
get initial guess parabolic
get initial guess parabolic
get initial guess parabolic
get initial guess parabolic
get initial guess parabolic
dump mftable to /Users/jan/PychronDev/setupfiles/spectrometer/mftables/mftable.csv
add to repo msg=modified - automated run peakcenter
locally archiving mftable
setting magnet DAC
current  : 5.893835
requested: 5.878812
Delta Dac: 0.015024
Checking detector protection. dv=0.01502
Checking detector "CDD". Protection Threshold: 0.1 (V)
SetMagnetDAC 5.8788115391 ===>> OK
Magnet settling time: 0.500
sweep finished
setting integration time = 1.048576
Get Checksum: 393193677
SetIntegrationTime 1.048576 ===>> OK
Failed to find a valid peak. No peak greater than 1.0. max = 0.0145566043696
flush and close file /Users/jan/PychronDev/data/isotopes/19/b0af93-f92c-445a-9dfe-0eb10df38d7e.h5
finished measure script
executed 278.04
jan_co2_whiff_120_60_large.py completed successfully
Measurement Finished
09:40:08 -- ******* Measurement Finished *******
Post Measurement Started jan_pump_ms.py
09:40:08 -- ******* Post Measurement Started jan_pump_ms.py *******
testing...
no interpolation path defined
executed 0
Pumping spectrometer
open () {'name': 'O'}
opening name=O desc=---
checking ownership. requestor=129.138.12.150
check software interlocks O
interlocks []
actuate state mode=None-script, software_lock=False
doing actuation None-script open_channel True
Open O ===>> OK
GetIndicatorState O ===>> OK
change switch state (True, True)
update switch state O True args=() kw={} ncanvase=2
09:40:08 -- OPEN   VALVE-O (Jan Ion Pump)
---------------------------------------- open O () result=[(True, True)], time=0.12 sec
action=open, ok=True, locked=[False]
executed 0
jan_pump_ms.py completed successfully
setting _ms_pumptime
Post Measurement Finished
09:40:08 -- ******* Post Measurement Finished *******
$$$$$$$$$$$$$$$$$$$$ state at run end measurement
state changed from measurement to success
post measurement save measured=True aborted=False
Set filtering
setting fod for Ar40= {'filter_outliers': True, 'std_devs': 2, 'iterations': 1}
setting fod for H1= {'filter_outliers': True, 'std_devs': 2, 'iterations': 1}
setting fod for PM41= {'filter_outliers': False, 'std_devs': 2, 'iterations': 1}
setting fod for H2= {'filter_outliers': True, 'std_devs': 2, 'iterations': 1}
setting fod for Ar36= {'filter_outliers': True, 'std_devs': 2, 'iterations': 1}
setting fod for CDD= {'filter_outliers': True, 'std_devs': 10, 'iterations': 1}
setting fod for Ar37= {'filter_outliers': True, 'std_devs': 2, 'iterations': 1}
setting fod for L2= {'filter_outliers': True, 'std_devs': 2, 'iterations': 1}
setting fod for Ar38= {'filter_outliers': True, 'std_devs': 2, 'iterations': 1}
setting fod for L1= {'filter_outliers': True, 'std_devs': 2, 'iterations': 1}
setting fod for Ar39= {'filter_outliers': True, 'std_devs': 2, 'iterations': 1}
setting fod for AX= {'filter_outliers': True, 'std_devs': 2, 'iterations': 1}
persistence save...
persistence save - db
post measurement save
7346691536 connecting to database sqlite:////Users/jan/PychronDev/.appdata/local_lab.db
connected to db sqlite:////Users/jan/PychronDev/.appdata/local_lab.db
create new session 7346691536
close session 7346691536
No database instance. Not saving post measurement to isotopedb database
$$$$$$$$$$$$$$$ auto_save_detector_ic=False
massspec enabled True
create new session 5010684144
MassSpec Database Version: 16.0
close session 5010684144
saving post measurement to secondary database
saving to massspec database 129.138.12.160/massspecdata
setting labnumber to 65518
setting aliquot to 38
setting step to 
setting uuid to 19b0af93-f92c-445a-9dfe-0eb10df38d7e
setting irradpos to 65518
setting extract_device to Fusions CO2
setting tray to 
setting position to 202
setting power_requested to 5.0
setting extract_value to 5.0
setting duration to 30.0
setting duration_at_request to 30.0
setting first_stage_delay to 30.0
setting cleanup to 30.0
setting comment to F:20
setting irradiation to NM-289
setting level to F
setting irradiation_level to F
setting sample to MB-64b-djk
setting material to DetritalSanidine
setting project to IR943
setting mass_spectrometer to Jan
no attribute chron_dosages
no attribute production_ratios
no attribute interference_corrections
no attribute production_name
no attribute j
Reference Isotope=Ar40
Reference Detector=H1
%%%%%%%%%%%%%%%%%%%% Comment: F:20 %%%%%%%%%%%%%%%%%%%
adding isotope PM41 H2
add baseline dbdet= PM41. original det= H2
get baseline data PM41 H2
Get data baseline <pychron.processing.isotope.Baseline object at 0x1b46ad6d0> len t=60
baseline PM41. v=-0.193840184753, e=0.00618454321424
get signal data PM41 H2
Get data signal PM41 0.14+/-0.08 len t=120
adding isotope Ar40 H1
add baseline dbdet= Ar40. original det= H1
get baseline data Ar40 H1
Get data baseline <pychron.processing.isotope.Baseline object at 0x1b46ad890> len t=60
baseline Ar40. v=-0.0393991334589, e=0.0057713242089
get signal data Ar40 H1
Get data signal Ar40 77.971+/-0.018 len t=120
adding isotope Ar39 AX
add baseline dbdet= Ar39. original det= AX
get baseline data Ar39 AX
Get data baseline <pychron.processing.isotope.Baseline object at 0x1b46ada50> len t=60
baseline Ar39. v=-0.0595476324305, e=0.00646216136882
get signal data Ar39 AX
Get data signal Ar39 7.163+/-0.013 len t=120
adding isotope Ar38 L1
add baseline dbdet= Ar38. original det= L1
get baseline data Ar38 L1
Get data baseline <pychron.processing.isotope.Baseline object at 0x1b46adc10> len t=60
baseline Ar38. v=-0.0180254421328, e=0.00247201848627
get signal data Ar38 L1
Get data signal Ar38 0.106+/-0.005 len t=120
adding isotope Ar37 L2
add baseline dbdet= Ar37. original det= L2
get baseline data Ar37 L2
Get data baseline <pychron.processing.isotope.Baseline object at 0x1b46addd0> len t=60
baseline Ar37. v=-0.0306456652066, e=0.00470813044952
get signal data Ar37 L2
Get data signal Ar37 0.096+/-0.010 len t=120
adding isotope Ar36 CDD
add baseline dbdet= Ar36. original det= CDD
get baseline data Ar36 CDD
Get data baseline <pychron.processing.isotope.Baseline object at 0x1b46adf90> len t=60
baseline Ar36. v=3.47352627084e-05, e=9.60379054457e-06
get signal data Ar36 CDD
Get data signal Ar36 0.00850+/-0.00027 len t=120
65518-38 added analysis time 0.448440074921s
analysis added to mass spec database
mass spec save time= 0.456
persistence save - dvc
================= post measurement started
create new session 4983034992
close session 4983034992
---------------- Experiment Queue saving disabled
DVC saving peakcenter
Failed to find a valid peak. No peak greater than 1.0. max = 0.0145566043696
Smart pull ahead: 0 behind: 0
Up-to-date with origin
add to repo msg=modified - ad8224ebc6dbfeb9f5997218dfa5fe690569839d.json
add to repo msg=modified - 18-38.json
add to repo msg=modified - 18-38.dat.json
add to repo msg=modified - 18-38.blan.json
Get Checksum: 77604501
add to repo msg=modified - 18-38.inte.json
add to repo msg=modified - 18-38.icfa.json
add to repo msg=modified - 18-38.base.json
not at valid file /Users/jan/PychronDev/data/.dvc/repositories/Load1782/655/tags/18-38.tags.json
add to repo msg=modified - 18-38.peak.json
add to repo msg=modified - 18-38.extr.json
not at valid file /Users/jan/PychronDev/data/.dvc/repositories/Load1782/655/monitor/18-38.moni.json
commit message=<COLLECTION>
add to repo msg=modified - 18-38.inte.json
add to repo msg=modified - 18-38.base.json
commit message=<ISOEVO> default collection fits
add to repo msg=modified - 18-38.blan.json
commit message=<BLANKS> preceding bc-02-J-250
Get Checksum: 77604501
add to repo msg=modified - 18-38.icfa.json
commit message=<ICFactor> default
push repository <pychron.git_archive.repo_manager.GitRepoManager object at 0x1adaa2e90>
pushing to remote=origin, url=https://github.com
Get Checksum: 77604501
no changes to meta repo
set states for children of Y. state=False
handle state [('Y', False)]
update switch state Y False args=() kw={'refresh': False} ncanvase=2
refresh_canvas_needed fired
create new session 4983034992
add association Load1782
Get Checksum: 1104366075
get identifier "65518"
setting analysis irradiation position=<pychron.dvc.dvc_orm.IrradiationPositionTbl object at 0x1b5eb8a10>
close session 4983034992
================= post measurement finished
09:40:20 -- ******* Post Run Check *******
loading queue conditionals post_run_actions
loading system conditionals post_run_actions
loading conditionals from /Users/jan/PychronDev/setupfiles/spectrometer/default_conditionals.yaml
loading queue conditionals post_run_terminations
loading system conditionals post_run_terminations
loading conditionals from /Users/jan/PychronDev/setupfiles/spectrometer/default_conditionals.yaml
Checking default post run terminations n=1
GetDeflection CDD ===>> 50
testing CDD==2000
evaluate ot="CDD.deflection==2000" t="CDD==2000", ctx="{'CDD': 50.0}"
09:40:20 -- ******* Post Run Check Passed *******
09:40:20 -- Automated run 65518-38 success duration: 375.636 s
----------------- finish -----------------
----------------- stop -----------------
retroactive repository identifiers disabled
finish run. runs completed=117
update duration runid=65518-38, duration=375.635861874, md5=3d9034cf
write rem/ex queues
/Users/jan/PychronDev/experiments/rem/CurrentExperiment.rem.txt
/Users/jan/PychronDev/experiments/rem/CurrentExperiment.ex.txt
doing event level: 3
