do run
loading script "jan_co2_whiff_120_60_large.py"
loading script "jan_pump_ms.py"
loading script "jan_co2.py"
loading script "jan_pump_extraction_line.py"
testing...
no interpolation path defined
executed 266.04
script duration name:co2_whiff_120_60_large seconds:266.0
loading script "jan_co2_whiff_120_60_large.py"
loading script "jan_pump_ms.py"
loading script "jan_co2.py"
loading script "jan_pump_extraction_line.py"
testing...
no interpolation path defined
executed 0
loading script "jan_co2_whiff_120_60_large.py"
loading script "jan_pump_ms.py"
loading script "jan_co2.py"
loading script "jan_pump_extraction_line.py"
testing...
no interpolation path defined
calculate duration
testing...
no interpolation path defined
executed 0
calculate duration
testing...
no interpolation path defined
executed 0
executed 0.0
script duration name:co2 seconds:0.0
loading script "jan_co2_whiff_120_60_large.py"
loading script "jan_pump_ms.py"
loading script "jan_co2.py"
loading script "jan_pump_extraction_line.py"
testing...
no interpolation path defined
calculate duration
testing...
no interpolation path defined
executed 4.0
executed 4.0
Script duration 266.0
Run total estimated duration= 267.000
run duration: 0:04:27
doing event level: 2
07:45:52 -- Setting default integration. t=1.048576
setting integration time = 1.048576
SetIntegrationTime 1.048576 ===>> OK
----------------- start -----------------
**************** Experiment Type: Ar/Ar, Ar/Ar
create new session 4985261232
close session 4985261232
$$$$$ Clearing conditionals
adding conditionals detrital
extract conditionals from file. /Users/jan/PychronDev/scripts/conditionals/detrital.yaml
no attr for this modification cd={'extraction_str': '', 'attr': '', 'mapper': '', 'use_termination': False, 'start_count': 0, 'nskip': 0, 'window': 0, 'frequency': 1, 'teststr': '', 'action': 'Skip Next Run', 'ntrips': 1, 'use_truncation': False}
no attr for this cancelation cd={'mapper': '', 'window': 0, 'frequency': 1, 'attr': '', 'teststr': '', 'start_count': 0, 'ntrips': 1}
adding truncation attr="age" test="age>100.0" start="60"
adding truncation attr="Ar39" test="Ar39<0.5" start="60"
no attr for this termination cd={'mapper': '', 'window': 0, 'frequency': 1, 'attr': '', 'teststr': '', 'start_count': 0, 'ntrips': 1}
Invalid conditional kind="pre_run_terminations"
no attr for this action cd={'mapper': '', 'attr': '', 'start_count': 0, 'window': 0, 'frequency': 1, 'teststr': '', 'action': None, 'ntrips': 1}
Invalid conditional kind="post_run_terminations"
Add queue conditionals
add default conditionals
adding default conditionals from /Users/jan/PychronDev/setupfiles/spectrometer/default_conditionals.yaml
Start automated run 65518-30
loading script "jan_co2_whiff_120_60_large.py"
loading script "jan_pump_ms.py"
loading script "jan_co2.py"
loading script "jan_pump_extraction_line.py"
%%%%%%%%%%%%%%%%%% setting automated run 65518-30
No value "sensitivity_multiplier" in metadata
$$$$$$$$$$$$$$$ auto_save_detector_ic=False
============================= Pre Extraction Check =============================
loading queue conditionals pre_run_terminations
loading system conditionals pre_run_terminations
loading conditionals from /Users/jan/PychronDev/setupfiles/spectrometer/default_conditionals.yaml
07:45:52 -- ******* Pre Extraction Check *******
Get a measurement from the spectrometer
GetData ===>> H2,-0.2022113555712,H1,-0.049493967696068,AX,-0.0327546870430338,L1,-0.0212369854570751,L2,0.0277...
Pre Extraction Termination data. keys=H2,H1,AX,L1,L2,CDD, signals=-0.20221,-0.04949,-0.03275,-0.02124,0.02773,0.00402
07:45:52 -- testing system defined conditionals
Checking default pre extraction terminations n=2
testing CDD
evaluate ot="CDD.inactive" t="CDD", ctx="{'CDD': False}"
GetDeflection CDD ===>> 50
testing CDD==2000
evaluate ot="CDD.deflection==2000" t="CDD==2000", ctx="{'CDD': 50.0}"
07:45:52 -- ******* Pre Extraction Check Passed *******
=================================================================================
07:45:52 -- stopping status monitor
stop 4976082864
Alive clients [4983386864]
07:45:52 -- starting status monitor
start 4976082864
Monitor already running
start extraction
do extraction
Analysis started at 07:45:52.878755
Extraction Started jan_co2.py
07:45:52 -- ******* Extraction Started jan_co2.py *******
state changed from not run to extraction
DO EXTRACTION <pychron.extraction_line.pyscript_runner.RemotePyScriptRunner object at 0x12bb183b0>
testing...
no interpolation path defined
calculate duration
testing...
no interpolation path defined
executed 0
calculate duration
testing...
no interpolation path defined
executed 0
executed 100.0
Jan CO2 laser analysis
doing GOSUB
testing...
no interpolation path defined
executed 0
Waiting for CO2 access
wait ('FelixCO2Flag', 0) {}
waiting for FelixCO2Flag = 0
Read FelixCO2Flag ===>> 0
finished waiting
CO2 free
wait ('CO2PumpTimeFlag', 0) {}
waiting for CO2PumpTimeFlag = 0
Read CO2PumpTimeFlag ===>> 0
finished waiting
acquire ('JanCO2Flag',) {'clear': True}
acquire JanCO2Flag
Set JanCO2Flag 1 ===>> OK
JanCO2Flag acquired
set extraction state False (0.75, 'red', 1.5)
CO2 acquired
executed 0
WaitForCO2Access.py completed successfully
gosub finished
doing GOSUB
testing...
no interpolation path defined
executed 0
Prepare for CO2 analysis
close () {'description': 'Jan Inlet'}
closing name=--- desc=Jan Inlet
checking ownership. requestor=129.138.12.150
check software interlocks R
interlocks []
actuate state mode=None-script, software_lock=False
doing actuation None-script close_channel False
Close R ===>> OK
Get Checksum: 2035439760
GetIndicatorState R ===>> False
change switch state (True, True)
update switch state R False args=() kw={} ncanvase=2
07:45:53 -- CLOSE  VALVE-R (Jan Inlet)
---------------------------------------- close None (Jan Inlet) result=[(True, True)]
action=close, ok=True, locked=[False]
open () {'description': 'Jan Ion Pump'}
opening name=--- desc=Jan Ion Pump
checking ownership. requestor=129.138.12.150
check software interlocks O
interlocks []
actuate state mode=None-script, software_lock=False
doing actuation None-script open_channel False
Open O ===>> OK
GetIndicatorState O ===>> OK
change switch state (True, True)
update switch state O True args=() kw={} ncanvase=2
07:45:53 -- OPEN   VALVE-O (Jan Ion Pump)
---------------------------------------- open None (Jan Ion Pump) result=[(True, True)], time=0.11 sec
action=open, ok=True, locked=[False]
close () {'description': 'Microbone to Minibone'}
closing name=--- desc=Microbone to Minibone
checking ownership. requestor=129.138.12.150
check software interlocks L
interlocks []
actuate state mode=None-script, software_lock=False
doing actuation None-script close_channel False
Close L ===>> OK
GetIndicatorState L ===>> False
change switch state (True, True)
update switch state L False args=() kw={} ncanvase=2
07:45:54 -- CLOSE  VALVE-L (Microbone to Minibone)
---------------------------------------- close None (Microbone to Minibone) result=[(True, True)]
action=close, ok=True, locked=[False]
open () {'description': 'Microbone to Turbo'}
opening name=--- desc=Microbone to Turbo
checking ownership. requestor=129.138.12.150
check software interlocks U
interlocks []
actuate state mode=None-script, software_lock=False
doing actuation None-script open_channel False
Open U ===>> OK
GetIndicatorState U ===>> OK
change switch state (True, True)
update switch state U True args=() kw={} ncanvase=2
07:45:54 -- OPEN   VALVE-U (Microbone to Turbo)
---------------------------------------- open None (Microbone to Turbo) result=[(True, True)], time=0.13 sec
action=open, ok=True, locked=[False]
open () {'description': 'Microbone to Inlet Pipette'}
opening name=--- desc=Microbone to Inlet Pipette
checking ownership. requestor=129.138.12.150
check software interlocks S
interlocks []
actuate state mode=None-script, software_lock=False
doing actuation None-script open_channel False
Open S ===>> OK
GetIndicatorState S ===>> OK
change switch state (True, True)
update switch state S True args=() kw={} ncanvase=2
07:45:55 -- OPEN   VALVE-S (Microbone to Inlet Pipette)
---------------------------------------- open None (Microbone to Inlet Pipette) result=[(True, True)], time=0.43 sec
action=open, ok=True, locked=[False]
open () {'description': 'Microbone to Getter D-50'}
opening name=--- desc=Microbone to Getter D-50
checking ownership. requestor=129.138.12.150
check software interlocks K
interlocks []
actuate state mode=None-script, software_lock=False
doing actuation None-script open_channel False
Open K ===>> OK
GetIndicatorState K ===>> OK
change switch state (True, True)
update switch state K True args=() kw={} ncanvase=2
07:45:56 -- OPEN   VALVE-K (Microbone to Getter D-50)
---------------------------------------- open None (Microbone to Getter D-50) result=[(True, True)], time=0.49 sec
Get Checksum: 2035439760
action=open, ok=True, locked=[False]
open () {'description': 'Microbone to Getter NP-10'}
opening name=--- desc=Microbone to Getter NP-10
checking ownership. requestor=129.138.12.150
check software interlocks M
interlocks []
actuate state mode=None-script, software_lock=False
doing actuation None-script open_channel False
Open M ===>> OK
GetIndicatorState M ===>> OK
change switch state (True, True)
update switch state M True args=() kw={} ncanvase=2
07:45:56 -- OPEN   VALVE-M (Microbone to Getter NP-10)
---------------------------------------- open None (Microbone to Getter NP-10) result=[(True, True)], time=0.20 sec
action=open, ok=True, locked=[False]
close () {'description': 'CO2 Laser to Felix'}
closing name=--- desc=CO2 Laser to Felix
checking ownership. requestor=129.138.12.150
check software interlocks F
interlocks []
actuate state mode=None-script, software_lock=True
VALVE-F(CO2 Laser to Felix) software locked
change switch state (True, False)
---------------------------------------- close None (CO2 Laser to Felix) result=[(True, False)]
action=close, ok=True, locked=[True]
open () {'description': 'CO2 Laser to Jan'}
opening name=--- desc=CO2 Laser to Jan
checking ownership. requestor=129.138.12.150
check software interlocks A
interlocks []
actuate state mode=None-script, software_lock=False
doing actuation None-script open_channel False
Open A ===>> OK
GetIndicatorState A ===>> OK
change switch state (True, True)
update switch state A True args=() kw={} ncanvase=2
07:45:57 -- OPEN   VALVE-A (CO2 Laser to Jan)
---------------------------------------- open None (CO2 Laser to Jan) result=[(True, True)], time=0.13 sec
action=open, ok=True, locked=[False]
open () {'description': 'Microbone to CO2 Laser'}
opening name=--- desc=Microbone to CO2 Laser
checking ownership. requestor=129.138.12.150
check software interlocks T
interlocks []
actuate state mode=None-script, software_lock=False
doing actuation None-script open_channel False
Open T ===>> OK
GetIndicatorState T ===>> OK
change switch state (True, True)
update switch state T True args=() kw={} ncanvase=2
07:45:57 -- OPEN   VALVE-T (Microbone to CO2 Laser)
---------------------------------------- open None (Microbone to CO2 Laser) result=[(True, True)], time=0.44 sec
action=open, ok=True, locked=[False]
executed 0
PrepareForCO2Analysis.py completed successfully
gosub finished
set_motor ('beam', '1.25') {}
setting motor "beam" to 1.25
set motor beam to 1.25
SetMotor beam,1.25 ===>> OK
GetMotorMoving beam ===>> False
GetMotorMoving beam ===>> False
Block completed
move_to_position ('194',) {'autocenter': True}
FusionsCO2 move to position 194
sending GoToHole 194,True
GoToHole 194,True ===>> OK
Get Checksum: 2035439760
GetDriveMoving ===>> OK
GetDriveMoving ===>> OK
GetDriveMoving ===>> OK
GetDriveMoving ===>> OK
GetDriveMoving ===>> OK
GetDriveMoving ===>> OK
GetDriveMoving ===>> False
GetDriveMoving ===>> False
Block completed
GetAutoCorrecting ===>> OK
Get Checksum: 2035439760
GetAutoCorrecting ===>> OK
GetAutoCorrecting ===>> OK
GetAutoCorrecting ===>> False
GetAutoCorrecting ===>> False
Block completed
update position
GetPosition ===>> 7.97560,-9.96950,1.00000
got position (7.9756, -9.9695, 1.0)
move to position succeeded
sleep (5,) {}
SLEEP 5.0
block started
WaitControl setup for 5.0  
Get Checksum: 2035439760
Get Checksum: 2035439760
Join finished
block finished. duration 5.0350458622
close () {'description': 'Microbone to Turbo'}
closing name=--- desc=Microbone to Turbo
checking ownership. requestor=129.138.12.150
check software interlocks U
interlocks []
actuate state mode=None-script, software_lock=False
doing actuation None-script close_channel True
Close U ===>> OK
set states for children of U. state=False
handle state [('U', False)]
update switch state U False args=() kw={'refresh': False} ncanvase=2
refresh_canvas_needed fired
GetIndicatorState U ===>> False
change switch state (True, True)
update switch state U False args=() kw={} ncanvase=2
07:46:09 -- CLOSE  VALVE-U (Microbone to Turbo)
---------------------------------------- close None (Microbone to Turbo) result=[(True, True)]
action=close, ok=True, locked=[False]
enable laser
enable () {}
set extraction state FusionsCO2 Enabled (False, 'red', 1.5)
enabling laser
Enable ===>> OK
begin interval
BEGIN INTERVAL Interval 1 waiting for 30.0
block started
set extract to 5.0
WaitControl setup for 30.0  
extract (5.0,) {}
GetPosition ===>> 7.97560,-9.96950,1.00000
set extraction state FusionsCO2 ON! 5.0(watts) (0.75, 'red', 1.5)
extract sample to 5.0 (watts)
set laser output
SetLaserOutput 5.0,watts ===>> OK
executing pattern triangle.lp
execute_pattern ('triangle.lp',) {}
executing pattern triangle.lp
IsPatterning ===>> OK
IsPatterning ===>> OK
Get Checksum: -1640178555
IsPatterning ===>> OK
IsPatterning ===>> OK
IsPatterning ===>> OK
Get Checksum: -1640178555
IsPatterning ===>> OK
IsPatterning ===>> OK
IsPatterning ===>> OK
Get Checksum: -1640178555
IsPatterning ===>> OK
IsPatterning ===>> OK
IsPatterning ===>> OK
Get Checksum: -1640178555
IsPatterning ===>> OK
IsPatterning ===>> OK
IsPatterning ===>> OK
Get Checksum: -1640178555
IsPatterning ===>> OK
IsPatterning ===>> OK
IsPatterning ===>> OK
Get Checksum: -1640178555
IsPatterning ===>> OK
IsPatterning ===>> OK
IsPatterning ===>> OK
Get Checksum: -1640178555
IsPatterning ===>> OK
IsPatterning ===>> OK
IsPatterning ===>> OK
Get Checksum: -1640178555
IsPatterning ===>> OK
IsPatterning ===>> OK
IsPatterning ===>> OK
Get Checksum: -1640178555
IsPatterning ===>> OK
IsPatterning ===>> OK
IsPatterning ===>> False
Join finished
block finished. duration 30.1628129482
Interval 1 finished
Get Checksum: -1640178555
IsPatterning ===>> False
Block completed
COMPLETE INTERVAL waiting for Interval 1 to complete
end_extract () {}
ending extraction. set laser power to 0
set laser power 0
SetLaserPower 0 ===>> OK
disable () {}
%%%%%%%%%%%%%%%%%%%%%%%%%%%%%%%%%%% disable
set extraction state False (0.75, 'red', 1.5)
disabling laser
Disable ===>> OK
sleep (30.0,) {}
SLEEP 30.0
block started
WaitControl setup for 30.0  
Get Checksum: -1640178555
Get Checksum: -1640178555
Get Checksum: -1640178555
Get Checksum: -1640178555
Get Checksum: -1640178555
Get Checksum: -1640178555
Get Checksum: -1640178555
Get Checksum: -1640178555
Get Checksum: -1640178555
Get Checksum: -1640178555
Join finished
block finished. duration 30.1682789326
executed 165.0
jan_co2.py completed successfully
GetAchievedOutput ===>> No Response
Requested Output= 0.000
Achieved Output=  0.000
GetResponseBlob ===>> No Response
GetOutputBlob ===>> No Response
persistence save...
persistence save - db
AutomatedRunPersister post_extraction_save deprecated
persistence save - dvc
no extraction position for 194
create new session 4983034992
close session 4983034992
Extraction Finished
07:47:12 -- ******* Extraction Finished *******
no overlap. not waiting for min ms pumptime
07:47:12 -- Sending spectrometer configuration
======== Sending configuration ========
SetDeflection CDD,50.0 ===>> OK
SetDeflection H2,0.0 ===>> OK
SetDeflection H1,0.0 ===>> OK
SetDeflection L2,825.0 ===>> OK
SetDeflection L1,400.0 ===>> OK
SetDeflection AX,190.0 ===>> OK
SetZFocus 74.64 ===>> OK
SetZSymmetry -50.72 ===>> OK
SetExtractionLens 26.13 ===>> OK
SetIonRepeller -3.81 ===>> OK
SetElectronEnergy 75.08 ===>> OK
SetYSymmetry -2.81 ===>> OK
SetIonCounterVoltage 1590.0 ===>> OK
send trap current 200.0
GetParameter Trap Current Readback ===>> 198.258926936459
SetParameter Trap Current Set,200.0 ===>> OK
updating mftable name mftable
Using mftable located at /Users/jan/PychronDev/setupfiles/spectrometer/mftables/mftable.csv
============ MFtable ===========
Isotope  H2     H1     AX     L1     L2     CDD    
Ar40     5.7774 5.8790 5.9924 6.1173 6.2307 6.3456
Ar39     5.6767 5.7712 5.8848 6.0034 6.1158 6.2321
Ar36     5.3542 5.4402 5.5481 5.6623 5.7708 5.8832
================================
get initial guess parabolic
get initial guess parabolic
get initial guess parabolic
get initial guess parabolic
get initial guess parabolic
get initial guess parabolic
======== Configuration Finished ========
GetYSymmetry ===>> -2.81
GetZSymmetry ===>> -50.72
GetParameter Trap Current Readback ===>> 198.258926936459
GetHighVoltage ===>> 4499.94659342336
start measurement
do measurement
L#=65518 analysis type=unknown
Measurement Started jan_co2_whiff_120_60_large.py
07:47:12 -- ******* Measurement Started jan_co2_whiff_120_60_large.py *******
state changed from extraction to measurement
setting spec, defl, and gains
GetExtractionLens ===>> 26.13
GetYSymmetry ===>> -2.81
GetZSymmetry ===>> -50.72
GetZFocus ===>> 74.64
GetDeflection H2 ===>> 0
GetDeflection H1 ===>> 0
GetDeflection AX ===>> 190
GetDeflection L1 ===>> 400
GetDeflection L2 ===>> 825
GetDeflection CDD ===>> 50
GetGain H2 ===>> 0.0113
GetGain H1 ===>> 0.1
GetGain AX ===>> 0.097049
GetGain L1 ===>> 0.010355
GetGain L2 ===>> 0.095649
GetGain CDD ===>> 0
pre measurement save
New frame /Users/jan/PychronDev/data/isotopes/21/4b3f59-499c-42e4-a683-a11ee6d32f1f.h5
flush and close file /Users/jan/PychronDev/data/isotopes/21/4b3f59-499c-42e4-a683-a11ee6d32f1f.h5
testing...
no interpolation path defined
executed 266.04
co2 whiff measurement script
activate_detectors ('H2', 'H1', 'AX', 'L1', 'L2', 'CDD') {}
activate detectors
*************** Set Analysis View Ar/Ar
create graphs
clearing graphs
clear isotope group
setting isotope det=H2, iso=PM41
setting isotope det=H1, iso=Ar40
setting isotope det=AX, iso=Ar39
setting isotope det=L1, iso=Ar38
setting isotope det=L2, iso=Ar37
setting isotope det=CDD, iso=Ar36
setting previous blanks
 - setting Ar40 blank 0.211+/-0.007
 - setting Ar36 blank 0.00445+/-0.00017
 - setting Ar37 blank 0.044+/-0.005
 - setting Ar38 blank 0.0059+/-0.0022
 - setting PM41 blank 0.03+/-0.07
 - setting Ar39 blank 0.036+/-0.008
load analysis view
position_magnet ('Ar40',) {'detector': 'H1'}
detector Detector(H1)
POSITION Ar40 H1
setting detector H2 to PM41 (40.9624)
setting detector H1 to Ar40 (39.9624)
setting detector AX to Ar39 (38.9624)
setting detector L1 to Ar38 (37.9624)
setting detector L2 to Ar37 (36.9624)
setting detector CDD to Ar36 (35.9624)
Mapping mass to dac mass func: "parabolic"
H1 map mass coeffs = [-0.00063987  0.15840543  0.57056999]
H1 map mass to dac 39.9624 >> 5.87896
GetDeflection H1 ===>> 0
GetHighVoltage ===>> 4499.94659342336
positioning Ar40 (5.87892537936) on H1
setting magnet DAC
current  : 5.878926
requested: 5.878925
Delta Dac: 0.000000
Checking detector protection. dv=0.00000
Checking detector "CDD". Protection Threshold: 0.1 (V)
SetMagnetDAC 5.87892537936 ===>> OK
Magnet settling time: 0.500
close ('S',) {}
closing name=S desc=---
checking ownership. requestor=129.138.12.150
check software interlocks S
interlocks []
actuate state mode=None-script, software_lock=False
doing actuation None-script close_channel True
Close S ===>> OK
Get Checksum: -1299730166
State checksums do not match. Local:-1640178555 Remote:-1299730166
State checksum failed
GetIndicatorState S ===>> False
change switch state (True, True)
update switch state S False args=() kw={} ncanvase=2
07:47:14 -- CLOSE  VALVE-S (Microbone to Inlet Pipette)
---------------------------------------- close S () result=[(True, True)]
action=close, ok=True, locked=[False]
equilibrate () {'do_post_equilibration': False, 'inlet': 'R', 'outlet': 'O', 'eqtime': 4}
Equilibration Started
07:47:14 -- ******* Equilibration Started *******
checking ownership. requestor=129.138.12.150
check software interlocks O
interlocks []
actuate state mode=None-script, software_lock=False
doing actuation None-script close_channel True
Close O ===>> OK
GetIndicatorState O ===>> False
change switch state (True, True)
update switch state O False args=() kw={} ncanvase=2
07:47:14 -- CLOSE  VALVE-O (Jan Ion Pump)
waiting 3s before opening inlet value ('R',)
Get Checksum: 1680446728
checking ownership. requestor=129.138.12.150
check software interlocks R
interlocks []
actuate state mode=None-script, software_lock=False
doing actuation None-script open_channel True
Open R ===>> OK
GetIndicatorState R ===>> OK
change switch state (True, True)
update switch state R True args=() kw={} ncanvase=2
07:47:18 -- OPEN   VALVE-R (Jan Inlet)
equilibrating for 4sec
set_time_zero (0,) {}
sniff (4,) {}
py_sniff
build tables- sniff [Detector(H2), Detector(H1), Detector(AX), Detector(L1), Detector(L2), Detector(CDD)]
add group /sniff/PM41 (Group) '' table H2
add group /sniff/Ar40 (Group) '' table H1
add group /sniff/Ar39 (Group) '' table AX
add group /sniff/Ar38 (Group) '' table L1
add group /sniff/Ar37 (Group) '' table L2
add group /sniff/Ar36 (Group) '' table CDD
flush and close file /Users/jan/PychronDev/data/isotopes/21/4b3f59-499c-42e4-a683-a11ee6d32f1f.h5
measuring sniff. ncounts=4
starting measurement
GetData ===>> H2,-0.194285183179209,H1,0.00903968840322302,AX,-0.0612788239753457,L1,-0.0187971200545849,L2,0.0...
GetData ===>> H2,3.0489875922301,H1,0.480775703618508,AX,4.83984626831918,L1,0.340494143155775,L2,1.14528838057...
Get Checksum: 529246153
GetData ===>> H2,5.08507713369383,H1,0.489680187153119,AX,3.62393619421571,L1,0.925909940311405,L2,0.8362007628...
GetData ===>> H2,1.86941160032433,H1,0.240525746344767,AX,1.31666949797028,L1,0.651971592298501,L2,0.3329154116...
Equilibration Finished
07:47:22 -- ******* Equilibration Finished *******
checking ownership. requestor=129.138.12.150
check software interlocks R
interlocks []
actuate state mode=None-script, software_lock=False
doing actuation None-script close_channel True
measurement finished
estimated time: 4.194 actual time: :4.250
flush and close file /Users/jan/PychronDev/data/isotopes/21/4b3f59-499c-42e4-a683-a11ee6d32f1f.h5
set_fits () {}
Close R ===>> OK
using default fits file=/Users/jan/PychronDev/scripts/measurement/fits/nominal_linear.yaml
set "Ar40" to "('Linear', 'SEM')"
No fit for "PM41". defaulting to linear. check the measurement script "jan_co2_whiff_120_60_large.py"
set "PM41" to "linear"
set "Ar36" to "('Linear', 'SEM')"
set "Ar37" to "('linear', 'SEM')"
set "Ar38" to "('linear', 'SEM')"
set "Ar39" to "('Linear', 'SEM')"
set_baseline_fits () {}
using default fits file=/Users/jan/PychronDev/scripts/measurement/fits/nominal_linear.yaml
set "H1" to "('average', 'SEM')"
set "H2" to "('average', 'SEM')"
set "CDD" to "('average', 'SEM')"
set "L2" to "('average', 'SEM')"
set "L1" to "('average', 'SEM')"
set "AX" to "('average', 'SEM')"
whiff () {'ncounts': 1, 'conditionals': [{'action': 'run_remainder', 'attr': 'Ar40', 'teststr': 'Ar40.cur<=175'}, {'action': 'run_pipette', 'attr': 'Ar40', 'teststr': 'Ar40.cur>500'}, {'action': 'run_chamber_split', 'attr': 'Ar40', 'teststr': 'Ar40.cur>=300'}, {'action': 'pump', 'attr': 'Ar40', 'teststr': 'Ar40.cur>175'}]}
build tables- whiff [Detector(H2), Detector(H1), Detector(AX), Detector(L1), Detector(L2), Detector(CDD)]
add group /whiff/PM41 (Group) '' table H2
add group /whiff/Ar40 (Group) '' table H1
add group /whiff/Ar39 (Group) '' table AX
add group /whiff/Ar38 (Group) '' table L1
add group /whiff/Ar37 (Group) '' table L2
add group /whiff/Ar36 (Group) '' table CDD
flush and close file /Users/jan/PychronDev/data/isotopes/21/4b3f59-499c-42e4-a683-a11ee6d32f1f.h5
measuring whiff. ncounts=1
GetIndicatorState R ===>> False
change switch state (True, True)
update switch state R False args=() kw={} ncanvase=2
07:47:23 -- CLOSE  VALVE-R (Jan Inlet)
Get Checksum: 1680446728
starting measurement
GetData ===>> H2,0.259300060804831,H1,0.177996598960051,AX,0.341027415110645,L1,0.274546206519963,L2,0.03112062...
testing Ar40<=175
evaluate ot="Ar40.cur<=175" t="Ar40<=175", ctx="{'Ar40': 0.17799659896005099}"
condition Ar40<=175 is true trips=1/1
07:47:24 -- Conditional tripped: Ar40.cur<=175 condition Ar40<=175 is True
measurement finished
estimated time: 1.049 actual time: :1.118
flush and close file /Users/jan/PychronDev/data/isotopes/21/4b3f59-499c-42e4-a683-a11ee6d32f1f.h5
WHIFF Result=run_remainder
Whiff result=run_remainder
open ('R',) {}
opening name=R desc=---
checking ownership. requestor=129.138.12.150
check software interlocks R
interlocks []
actuate state mode=None-script, software_lock=False
doing actuation None-script open_channel True
Open R ===>> OK
GetIndicatorState R ===>> OK
change switch state (True, True)
update switch state R True args=() kw={} ncanvase=2
07:47:25 -- OPEN   VALVE-R (Jan Inlet)
---------------------------------------- open R () result=[(True, True)], time=0.45 sec
action=open, ok=True, locked=[False]
open ('S',) {}
opening name=S desc=---
checking ownership. requestor=129.138.12.150
check software interlocks S
interlocks []
actuate state mode=None-script, software_lock=False
doing actuation None-script open_channel True
Open S ===>> OK
GetIndicatorState S ===>> OK
change switch state (True, True)
update switch state S True args=() kw={} ncanvase=2
07:47:26 -- OPEN   VALVE-S (Microbone to Inlet Pipette)
---------------------------------------- open S () result=[(True, True)], time=0.53 sec
action=open, ok=True, locked=[False]
sleep (12.0,) {}
SLEEP 12.0
block started
WaitControl setup for 12.0  
Get Checksum: -173909521
Get Checksum: -173909521
Get Checksum: -173909521
Get Checksum: -173909521
Join finished
block finished. duration 12.0633878708
close ('R',) {}
closing name=R desc=---
checking ownership. requestor=129.138.12.150
check software interlocks R
interlocks []
actuate state mode=None-script, software_lock=False
doing actuation None-script close_channel True
Close R ===>> OK
Get Checksum: -423938523
State checksums do not match. Local:-173909521 Remote:-423938523
State checksum failed
GetIndicatorState R ===>> False
change switch state (True, True)
update switch state R False args=() kw={} ncanvase=2
07:47:39 -- CLOSE  VALVE-R (Jan Inlet)
---------------------------------------- close R () result=[(True, True)]
action=close, ok=True, locked=[False]
post_equilibration () {}
multicollect () {'integration_time': 1, 'ncounts': 120.0}
build tables- signal [Detector(H2), Detector(H1), Detector(AX), Detector(L1), Detector(L2), Detector(CDD)]
Post Equilibration Started jan_pump_extraction_line.py
add group /signal/PM41 (Group) '' table H2
add group /signal/Ar40 (Group) '' table H1
add group /signal/Ar39 (Group) '' table AX
add group /signal/Ar38 (Group) '' table L1
add group /signal/Ar37 (Group) '' table L2
add group /signal/Ar36 (Group) '' table CDD
flush and close file /Users/jan/PychronDev/data/isotopes/21/4b3f59-499c-42e4-a683-a11ee6d32f1f.h5
measuring signal. ncounts=120.0
07:47:39 -- ******* Post Equilibration Started jan_pump_extraction_line.py *******
testing...
no interpolation path defined
calculate duration
testing...
no interpolation path defined
executed 4.0
executed 4.0
Pump after analysis
doing GOSUB
testing...
no interpolation path defined
executed 4.0
Pump Microbone
close () {'description': 'Jan Inlet'}
closing name=--- desc=Jan Inlet
checking ownership. requestor=129.138.12.150
check software interlocks R
interlocks []
actuate state mode=None-script, software_lock=False
doing actuation None-script close_channel False
Close R ===>> OK
GetIndicatorState R ===>> False
change switch state (True, True)
update switch state R False args=() kw={} ncanvase=2
07:47:39 -- CLOSE  VALVE-R (Jan Inlet)
---------------------------------------- close None (Jan Inlet) result=[(True, True)]
starting measurement
GetData ===>> H2,0.208813071985163,H1,1.13629578275176,AX,0.2714638374984,L1,0.0792039558763224,L2,0.0995837070...
action=close, ok=True, locked=[False]
is_closed ('F',) {}
is F () closed?
is closed True
open () {'description': 'CO2 Laser to Jan'}
opening name=--- desc=CO2 Laser to Jan
checking ownership. requestor=129.138.12.150
check software interlocks A
interlocks []
actuate state mode=None-script, software_lock=False
doing actuation None-script open_channel False
Open A ===>> OK
GetIndicatorState A ===>> OK
change switch state (True, True)
update switch state A True args=() kw={} ncanvase=2
07:47:40 -- OPEN   VALVE-A (CO2 Laser to Jan)
---------------------------------------- open None (CO2 Laser to Jan) result=[(True, True)], time=0.14 sec
action=open, ok=True, locked=[False]
sleep (1,) {}
SLEEP 1.0
GetData ===>> H2,0.190873729177832,H1,1.20175430273346,AX,0.259203307012497,L1,0.0493989153150625,L2,0.02202277...
close () {'description': 'CO2 Laser to Roughing'}
closing name=--- desc=CO2 Laser to Roughing
checking ownership. requestor=129.138.12.150
check software interlocks G
interlocks []
actuate state mode=None-script, software_lock=True
VALVE-G(CO2 Laser to Roughing) software locked
change switch state (True, False)
---------------------------------------- close None (CO2 Laser to Roughing) result=[(True, False)]
action=close, ok=True, locked=[True]
open () {'description': 'Microbone to Turbo'}
opening name=--- desc=Microbone to Turbo
checking ownership. requestor=129.138.12.150
check software interlocks U
interlocks []
actuate state mode=None-script, software_lock=False
doing actuation None-script open_channel True
Open U ===>> OK
GetIndicatorState U ===>> OK
change switch state (True, True)
update switch state U True args=() kw={} ncanvase=2
07:47:41 -- OPEN   VALVE-U (Microbone to Turbo)
---------------------------------------- open None (Microbone to Turbo) result=[(True, True)], time=0.19 sec
action=open, ok=True, locked=[False]
open () {'description': 'Microbone to Getter NP-10'}
opening name=--- desc=Microbone to Getter NP-10
checking ownership. requestor=129.138.12.150
check software interlocks M
interlocks []
actuate state mode=None-script, software_lock=False
doing actuation None-script open_channel False
Open M ===>> OK
GetData ===>> H2,0.0411711589799265,H1,1.31053065889428,AX,0.0504536700521752,L1,0.0353072518728229,L2,0.041553...
GetIndicatorState M ===>> OK
change switch state (True, True)
update switch state M True args=() kw={} ncanvase=2
Get Checksum: -110011688
07:47:42 -- OPEN   VALVE-M (Microbone to Getter NP-10)
---------------------------------------- open None (Microbone to Getter NP-10) result=[(True, True)], time=0.18 sec
action=open, ok=True, locked=[False]
open () {'description': 'Microbone to Getter D-50'}
opening name=--- desc=Microbone to Getter D-50
checking ownership. requestor=129.138.12.150
check software interlocks K
interlocks []
actuate state mode=None-script, software_lock=False
doing actuation None-script open_channel False
Open K ===>> OK
GetIndicatorState K ===>> OK
change switch state (True, True)
update switch state K True args=() kw={} ncanvase=2
07:47:42 -- OPEN   VALVE-K (Microbone to Getter D-50)
---------------------------------------- open None (Microbone to Getter D-50) result=[(True, True)], time=0.42 sec
action=open, ok=True, locked=[False]
open () {'description': 'Microbone to CO2 Laser'}
opening name=--- desc=Microbone to CO2 Laser
GetData ===>> H2,-0.0463109247043098,H1,1.29698966809648,AX,0.0739728561386544,L1,0.00341743850694998,L2,0.0777...
checking ownership. requestor=129.138.12.150
check software interlocks T
interlocks []
actuate state mode=None-script, software_lock=False
doing actuation None-script open_channel False
Open T ===>> OK
GetIndicatorState T ===>> OK
change switch state (True, True)
update switch state T True args=() kw={} ncanvase=2
07:47:43 -- OPEN   VALVE-T (Microbone to CO2 Laser)
---------------------------------------- open None (Microbone to CO2 Laser) result=[(True, True)], time=0.49 sec
action=open, ok=True, locked=[False]
open () {'description': 'Microbone to Inlet Pipette'}
opening name=--- desc=Microbone to Inlet Pipette
checking ownership. requestor=129.138.12.150
check software interlocks S
interlocks []
actuate state mode=None-script, software_lock=False
doing actuation None-script open_channel False
GetData ===>> H2,-0.0368275208174436,H1,1.25496176649988,AX,-0.0680259944975617,L1,0.0218240935329756,L2,-0.054...
Open S ===>> OK
GetIndicatorState S ===>> OK
change switch state (True, True)
update switch state S True args=() kw={} ncanvase=2
07:47:44 -- OPEN   VALVE-S (Microbone to Inlet Pipette)
---------------------------------------- open None (Microbone to Inlet Pipette) result=[(True, True)], time=0.50 sec
action=open, ok=True, locked=[False]
sleep (1,) {}
SLEEP 1.0
GetData ===>> H2,-0.0766454246195115,H1,1.23882492748286,AX,-0.0802786800604313,L1,0.0165072833837591,L2,0.0466...
Get Checksum: -110011688
set_resource () {'name': 'CO2PumpTimeFlag', 'value': 30}
Set CO2PumpTimeFlag 30 ===>> OK
release ('JanCO2Flag',) {}
release JanCO2Flag
Set JanCO2Flag 0 ===>> OK
executed 6.0
PumpMicrobone.py completed successfully
gosub finished
get_resource_value () {'name': 'JanMiniboneFlag'}
Read JanMiniboneFlag ===>> 0
Get Resource Value JanMiniboneFlag=0.0
get resource value 0.0
get_resource_value () {'name': 'JanMiniboneFlag'}
Read JanMiniboneFlag ===>> 0
Get Resource Value JanMiniboneFlag=0.0
executed 4.0
jan_pump_extraction_line.py completed successfully
Post Equilibration Finished
07:47:45 -- ******* Post Equilibration Finished *******
GetData ===>> H2,-0.124865260139601,H1,1.25922136344487,AX,0.00623022323711632,L1,0.00122544104843743,L2,-0.048...
GetData ===>> H2,-0.177755306066759,H1,1.4017156172488,AX,0.0346697095724293,L1,0.0302023852911211,L2,0.0433892...
Get Checksum: -110011688
GetData ===>> H2,-0.164005334698283,H1,1.33052135178457,AX,0.0606238140225238,L1,0.028665903384762,L2,0.0417472...
GetData ===>> H2,-0.0960975301381738,H1,1.31976310465312,AX,0.07630419715603,L1,-0.0155134581869953,L2,0.073223...
GetData ===>> H2,-0.117918472969126,H1,1.38380120633224,AX,-0.0113096989696807,L1,-0.0668766571957439,L2,0.0431...
Get Checksum: -110011688
GetData ===>> H2,-0.0982818030206829,H1,1.26544909837605,AX,-0.0193941676842573,L1,-0.0322695350338531,L2,0.047...
GetData ===>> H2,-0.180645999203567,H1,1.35993228816231,AX,0.0652743151543273,L1,-0.0237230012134776,L2,-0.0798...
GetData ===>> H2,-0.176791577681409,H1,1.27167721835664,AX,-0.00299255051683739,L1,0.0118798816684447,L2,0.0158...
GetData ===>> H2,-0.207644127144611,H1,1.29618542891394,AX,-0.0307020181588578,L1,-0.00540766590404568,L2,-0.00...
GetData ===>> H2,-0.26879432626057,H1,1.3879461088383,AX,0.0405883948899864,L1,0.00990661823762748,L2,0.0594229...
Get Checksum: -110011688
GetData ===>> H2,-0.226413374231058,H1,1.50040543235146,AX,-0.049591895958189,L1,-0.00192006992186211,L2,0.0088...
GetData ===>> H2,-0.131566479320947,H1,1.4842205091931,AX,-0.0385877413933295,L1,0.0205781275091909,L2,0.066163...
GetData ===>> H2,-0.126501248356171,H1,1.53919012583914,AX,0.046310132732706,L1,-0.0237026265323977,L2,0.111473...
Get Checksum: -110011688
GetData ===>> H2,-0.209031888924284,H1,1.40255674765679,AX,0.0359462583249538,L1,-0.0356598081327411,L2,0.04746...
GetData ===>> H2,-0.173583988902076,H1,1.45579804495848,AX,-0.0183387012721223,L1,0.0106471468636628,L2,-0.1196...
GetData ===>> H2,-0.187962550658229,H1,1.44334321756572,AX,0.0713980070447798,L1,-0.0187851290828906,L2,0.06949...
Get Checksum: -110011688
GetData ===>> H2,-0.00272685851115459,H1,1.49070858516376,AX,-0.0333461259755379,L1,-0.0315737685215751,L2,0.06...
GetData ===>> H2,-0.0750948186747685,H1,1.48753658475849,AX,0.0211277184747213,L1,-0.0444152993148326,L2,-0.033...
07:48:05 -- collecting point 25
GetData ===>> H2,-0.0112513308251848,H1,1.45960566183645,AX,0.00872458261147258,L1,-0.0634431584285315,L2,0.050...
Get Checksum: -110011688
GetData ===>> H2,0.0362519548432285,H1,1.50259245858935,AX,-0.0408025869534968,L1,-0.0276006301731366,L2,-0.015...
GetData ===>> H2,-0.167224763212135,H1,1.56204486213876,AX,-0.000602833898704616,L1,0.0253498705626471,L2,0.050...
GetData ===>> H2,-0.13896435488354,H1,1.51316776004424,AX,-0.00127567266673919,L1,-0.00456197185089266,L2,0.006...
Get Checksum: -110011688
GetData ===>> H2,-0.0761249650723325,H1,1.55936358079007,AX,-0.0101497488054207,L1,0.00352549014951,L2,-0.04988...
GetData ===>> H2,-0.0752886559776066,H1,1.66144030115289,AX,0.0810482425155335,L1,0.00282437568902684,L2,0.0621...
Get Checksum: -110011688
GetData ===>> H2,-0.0624624498101617,H1,1.53701432674829,AX,0.0454164517229157,L1,-0.035861114376042,L2,0.03076...
GetData ===>> H2,-0.182193606708694,H1,1.61649135169173,AX,-0.0129568044520614,L1,-0.0548728264193021,L2,0.0690...
GetData ===>> H2,-0.232429152428976,H1,1.54063267044628,AX,-0.0641191847361848,L1,-0.058055544660638,L2,0.05353...
Get Checksum: -110011688
GetData ===>> H2,-0.307041314713581,H1,1.71191902359664,AX,0.0267670848526526,L1,-0.0630280931219321,L2,-0.0335...
GetData ===>> H2,-0.244587110013573,H1,1.6843251905623,AX,0.0194568578378637,L1,-0.0203102659837977,L2,-0.03439...
GetData ===>> H2,-0.130036070446108,H1,1.62914812411994,AX,-0.0651277826916723,L1,-0.00359503458907937,L2,0.094...
Get Checksum: -110011688
GetData ===>> H2,-0.22997153741448,H1,1.7014050521823,AX,0.114495100184705,L1,-0.0120651748200735,L2,-0.0897484...
GetData ===>> H2,-0.199976032075463,H1,1.69622064788026,AX,-0.0548094479693658,L1,0.0287295684316304,L2,0.05685...
GetData ===>> H2,-0.121323416765304,H1,1.70452063435242,AX,-0.0412432308437377,L1,0.0110516401016285,L2,0.09402...
Get Checksum: -110011688
GetData ===>> H2,-0.17142012100445,H1,1.73477926135541,AX,-0.0728368355218606,L1,-0.00794312268109454,L2,-0.005...
GetData ===>> H2,-0.177550149472347,H1,1.78821429734752,AX,-0.00366537276662913,L1,-0.029696994669976,L2,-0.084...
GetData ===>> H2,-0.208494319859589,H1,1.64561752649897,AX,0.1115362781828,L1,-0.0137804006313662,L2,0.05813423...
Get Checksum: -110011688
GetData ===>> H2,-0.193348470140676,H1,1.84499074953213,AX,0.0253746183376346,L1,0.011713027528893,L2,0.0928245...
GetData ===>> H2,-0.122989667837636,H1,1.84365489109151,AX,0.0606122170405033,L1,-0.024329428707474,L2,0.046297...
GetData ===>> H2,-0.0782405389982521,H1,1.71578083724622,AX,-0.0181415249593182,L1,-0.0355136189293235,L2,-0.08...
Get Checksum: -110011688
GetData ===>> H2,-0.0873136620613773,H1,1.81138303174662,AX,-0.020391630916872,L1,-0.0643880557816204,L2,0.0616...
GetData ===>> H2,-0.0571304352902615,H1,1.82827573929278,AX,0.0210464954195314,L1,-0.0587077636371218,L2,0.0433...
GetData ===>> H2,-0.2177172109825,H1,1.89199773480613,AX,0.0736944907920311,L1,-0.0504474769325385,L2,-0.098185...
Get Checksum: -110011688
GetData ===>> H2,-0.247637148893988,H1,1.78758212674539,AX,0.047830569923375,L1,-0.0191244680612369,L2,-0.06532...
07:48:31 -- collecting point 50
GetData ===>> H2,-0.137995103514058,H1,1.88490616397095,AX,-0.0577195610059161,L1,0.000723725597834254,L2,-0.04...
GetData ===>> H2,-0.18206678371107,H1,1.86480203904351,AX,-0.0629830503807386,L1,-0.027467646027795,L2,0.035042...
Get Checksum: -110011688
GetData ===>> H2,-0.187583619777233,H1,1.83579654995289,AX,0.0294128261029194,L1,-0.0406181973625757,L2,-0.0190...
GetData ===>> H2,-0.0885420991464198,H1,1.81499234731237,AX,0.00303985673053877,L1,0.0155009368842162,L2,0.0213...
Get Checksum: -110011688
GetData ===>> H2,-0.134746088033877,H1,1.97272500402768,AX,-0.000533229622773579,L1,0.0215693608580337,L2,-0.00...
GetData ===>> H2,-0.135792688989863,H1,1.96590489894117,AX,0.0749935358842708,L1,0.00576210314075108,L2,-0.0785...
GetData ===>> H2,-0.111682222065676,H1,1.96760385734838,AX,-0.0199392942060214,L1,-0.0263366106877983,L2,-0.024...
Get Checksum: -110011688
GetData ===>> H2,-0.14119723810825,H1,1.95609728595312,AX,-0.0299018134759064,L1,-0.0111193382762704,L2,0.09615...
GetData ===>> H2,-0.159245384205113,H1,1.92077848676961,AX,-0.0681651064931167,L1,-0.0398672286666981,L2,0.0492...
GetData ===>> H2,-0.22033511519867,H1,1.98765470240836,AX,0.0612732472217101,L1,-0.0163482670991922,L2,0.005368...
Get Checksum: -110011688
GetData ===>> H2,-0.195076274657414,H1,2.00406721284156,AX,-0.0234651452042527,L1,0.0192422193153228,L2,0.04352...
GetData ===>> H2,-0.131671984671328,H1,1.99408452477396,AX,0.0347509439943515,L1,0.000795740633300189,L2,0.0494...
GetData ===>> H2,-0.234066816942685,H1,1.99324164087391,AX,0.0514982871236607,L1,-0.0205200741166033,L2,0.10288...
Get Checksum: -110011688
GetData ===>> H2,-0.123376441145934,H1,1.99459025848714,AX,0.0444415363403784,L1,-0.0260730036659843,L2,0.04075...
GetData ===>> H2,-0.0584121367821324,H1,1.99987653134308,AX,0.0190855593685764,L1,-0.0416457478092809,L2,0.0900...
testing age>100.0
evaluate ot="age>100.0" t="age>100.0", ctx="{'age': -84.54961793833141}"
testing Ar39<0.5
evaluate ot="Ar39<0.5" t="Ar39<0.5", ctx="{'Ar39': 0.08101571819004474}"
condition Ar39<0.5 is true trips=1/1
07:48:47 -- Conditional tripped: Ar39<0.5 condition Ar39<0.5 is True
07:48:47 -- truncation conditional condition Ar39<0.5 is True. measurement iteration executed 64/120 counts
state changed from measurement to truncated
measurement finished
estimated time: 125.829 actual time: :67.387
flush and close file /Users/jan/PychronDev/data/isotopes/21/4b3f59-499c-42e4-a683-a11ee6d32f1f.h5
baselines () {'settling_time': 15.0, 'detector': 'H1', 'mass': 34.2, 'ncounts': 60.0}
%%%%%%%%%%%%%%%%%%%%%%%%%%%%%%%% Baseline
build tables- baseline [Detector(H2), Detector(H1), Detector(AX), Detector(L1), Detector(L2), Detector(CDD)]
add group baseline table H2
add group baseline table H1
add group baseline table AX
add group baseline table L1
add group baseline table L2
add group baseline table CDD
flush and close file /Users/jan/PychronDev/data/isotopes/21/4b3f59-499c-42e4-a683-a11ee6d32f1f.h5
detector Detector(H1)
POSITION 34.2 H1
Mapping mass to dac mass func: "parabolic"
H1 map mass coeffs = [-0.00063987  0.15840543  0.57056999]
H1 map mass to dac 34.2 >> 5.23961599104
GetDeflection H1 ===>> 0
GetHighVoltage ===>> 4499.94659342336
positioning 34.2 (5.23958513544) on H1
setting magnet DAC
current  : 5.878925
requested: 5.239585
Delta Dac: 0.639340
Checking detector protection. dv=0.63934
Checking detector "CDD". Protection Threshold: 0.1 (V)
ProtectDetector CDD,On ===>> OK
GetDeflection CDD ===>> 2000
SetMagnetDAC 5.23958513544 ===>> OK
Magnet settling time: 0.500
loading system conditionals pre_run_terminations
loading conditionals from /Users/jan/PychronDev/setupfiles/spectrometer/default_conditionals.yaml
loading queue conditionals pre_run_terminations
loading system conditionals None
loading conditionals from /Users/jan/PychronDev/setupfiles/spectrometer/default_conditionals.yaml
loading queue conditionals None
loading system conditionals post_run_terminations
loading conditionals from /Users/jan/PychronDev/setupfiles/spectrometer/default_conditionals.yaml
loading queue conditionals post_run_terminations
Show conditionals active run: <pychron.experiment.automated_run.automated_run.AutomatedRun object at 0x18c79ea70>
Show conditionals measuring run: <pychron.experiment.automated_run.automated_run.AutomatedRun object at 0x18c79ea70>
active_run same as measuring_run: True
Get Checksum: -110011688
GetMagnetMoving ===>> True
GetMagnetMoving ===>> True
GetMagnetMoving ===>> True
GetMagnetMoving ===>> True
GetMagnetMoving ===>> True
GetMagnetMoving ===>> True
GetMagnetMoving ===>> True
GetMagnetMoving ===>> True
GetMagnetMoving ===>> False
ProtectDetector CDD,Off ===>> OK
GetDeflection CDD ===>> 50
Delaying 15.0s for detectors to settle
Get Checksum: -110011688
Get Checksum: -110011688
Get Checksum: -110011688
Get Checksum: -110011688
Get Checksum: -110011688
Join finished
measuring baseline. ncounts=60.0
starting measurement
GetData ===>> H2,-0.173028221887682,H1,-0.112521277903954,AX,-0.101673710244366,L1,0.00100218658913066,L2,-0.03...
Get Checksum: -110011688
GetData ===>> H2,-0.197815788415033,H1,-0.0715723465159133,AX,-0.0393878746626403,L1,0.00279436331686954,L2,0.0...
GetData ===>> H2,-0.227774574661023,H1,-0.00569235830922814,AX,-0.0444320416390286,L1,-0.0115952646059287,L2,0....
GetData ===>> H2,-0.197775330479177,H1,0.00138113927816725,AX,-0.00953496961372368,L1,-0.0133968674753194,L2,0....
Get Checksum: -110011688
GetData ===>> H2,-0.163332986366291,H1,-0.15081011638165,AX,-0.00678581515696552,L1,-0.0604882852381006,L2,0.02...
GetData ===>> H2,-0.134786655761005,H1,-0.104466293103367,AX,-0.0174920001624268,L1,-0.0657155460994078,L2,-0.0...
Get Checksum: -110011688
GetData ===>> H2,-0.110540974782695,H1,-0.0446770866177502,AX,-0.0282549947300738,L1,-0.0295832032436559,L2,-0....
GetData ===>> H2,-0.108389260371718,H1,0.00617661080613021,AX,-0.051168785618318,L1,-0.0412349797580219,L2,0.03...
GetData ===>> H2,-0.0763065864735908,H1,-0.0278519526792696,AX,0.0132609999905079,L1,-0.0438956923981523,L2,0.0...
Get Checksum: -110011688
GetData ===>> H2,-0.0317642415116695,H1,-8.60859630023469E-05,AX,-0.039167548766516,L1,-0.0231081470798617,L2,0...
GetData ===>> H2,-0.164554794573998,H1,-0.0218533648606244,AX,-0.0625540982459733,L1,-0.0304623582779306,L2,-0....
GetData ===>> H2,-0.211666820256077,H1,-0.0294737755163642,AX,-0.0886008164382816,L1,-0.00136928642658743,L2,-0...
Get Checksum: -110011688
GetData ===>> H2,-0.0442289754590258,H1,-0.0309882481130728,AX,-0.0316413804785845,L1,-0.00250201974835462,L2,0...
GetData ===>> H2,-0.123272311167012,H1,0.00702359606614706,AX,-0.0534065337031226,L1,-0.0212621603448176,L2,0.0...
GetData ===>> H2,-0.225402129083971,H1,0.0288806800345267,AX,-0.0111937045752769,L1,-0.0345765196107082,L2,0.06...
Get Checksum: -110011688
GetData ===>> H2,-0.180188557704328,H1,-0.0376540401160639,AX,-0.114814370295573,L1,-0.0141842931843476,L2,-0.0...
GetData ===>> H2,-0.174101072676503,H1,-0.0361515926608601,AX,-0.0189418263376984,L1,-0.0248351564828493,L2,-0....
GetData ===>> H2,-0.214718585665775,H1,-0.0602118884702072,AX,-0.0763839539094016,L1,-0.0305102664254718,L2,0.0...
Get Checksum: -110011688
GetData ===>> H2,-0.272770486705576,H1,-0.0260869979656018,AX,-0.0192665844403743,L1,-0.0454029572759634,L2,0.0...
GetData ===>> H2,-0.285586101320822,H1,-0.0563969648222472,AX,-0.0862132011002046,L1,-0.00875136018470674,L2,-0...
GetData ===>> H2,-0.218186133922958,H1,-0.072668985642088,AX,0.0612152619385043,L1,-0.0022128488840267,L2,-0.08...
Get Checksum: -110011688
GetData ===>> H2,-0.237467879063542,H1,-0.0804166370606872,AX,-0.0153346188365471,L1,-0.0324826862237925,L2,-0....
GetData ===>> H2,-0.303479088384824,H1,-0.00302047192859407,AX,0.017368322369053,L1,-0.0209192969360297,L2,-0.0...
GetData ===>> H2,-0.236384977926021,H1,0.0442503081735214,AX,-0.154420366915952,L1,0.00230337360810228,L2,0.022...
Get Checksum: -110011688
07:49:30 -- collecting point 25
GetData ===>> H2,-0.21489633302068,H1,-0.0935385980946222,AX,-0.205626545254444,L1,-0.0576701770248967,L2,-0.07...
GetData ===>> H2,-0.211261382552237,H1,-0.062238507505996,AX,-0.0940133002664794,L1,-0.0287974083515417,L2,-0.0...
GetData ===>> H2,-0.131596237339602,H1,0.0076916458335631,AX,-0.0184314899870002,L1,0.0152091392106497,L2,-0.16...
Get Checksum: -110011688
GetData ===>> H2,0.0229384848961516,H1,-0.0151507400851568,AX,-0.0535340721994742,L1,-0.0137839961855505,L2,-0....
GetData ===>> H2,-0.0986324934011084,H1,-0.142619385707987,AX,-0.0414171686722271,L1,-0.045620827537542,L2,-0.0...
GetData ===>> H2,-0.0920650694884672,H1,-0.0547636561745389,AX,-0.150304621231463,L1,-0.0247584600674025,L2,0.0...
GetData ===>> H2,-0.112225052708571,H1,-0.0567426982706508,AX,-0.0762564453583019,L1,-0.00787476727500434,L2,0....
Get Checksum: -110011688
GetData ===>> H2,-0.188086610681294,H1,-0.0446055470327387,AX,-0.210805931182533,L1,-0.0164969901539921,L2,-0.0...
GetData ===>> H2,-0.171687254245355,H1,-0.0750410226385555,AX,-0.122693279953,L1,-0.0121706618526426,L2,-0.0694...
GetData ===>> H2,-0.295590371946878,H1,-0.030868999133493,AX,0.0179368636970346,L1,-0.00634684285063077,L2,-0.0...
Get Checksum: -110011688
GetData ===>> H2,-0.283955252235112,H1,-0.0485043798627459,AX,-0.0393067020221217,L1,-0.00262200522102601,L2,-0...
GetData ===>> H2,-0.290004596886997,H1,0.0331763012594301,AX,-0.143661092452275,L1,-0.0171470280268722,L2,-0.02...
GetData ===>> H2,-0.20127305884723,H1,-0.0311790461848148,AX,-0.126134309399375,L1,-0.0200093335372629,L2,-0.05...
Get Checksum: -110011688
GetData ===>> H2,-0.111156964725239,H1,-0.0759469113770671,AX,-0.0341810924672218,L1,-0.0182479188887695,L2,0.1...
GetData ===>> H2,-0.198589855723443,H1,0.0547884585298643,AX,-0.00818940160645465,L1,-0.0263785475315015,L2,-0....
GetData ===>> H2,-0.207905524419531,H1,0.00878916584439184,AX,-0.155765192543476,L1,-0.0341194888637795,L2,-0.1...
Get Checksum: -110011688
GetData ===>> H2,-0.150918401166065,H1,-0.025812711668549,AX,-0.124998898997076,L1,-0.0114034582131419,L2,-0.07...
GetData ===>> H2,-0.197548763364792,H1,-0.0766501614536839,AX,0.0378959287232013,L1,0.0170909623583627,L2,-0.00...
GetData ===>> H2,-0.180737755155116,H1,-0.0555743528499296,AX,0.0176583940603095,L1,-0.0407882654144707,L2,-0.1...
Get Checksum: -110011688
GetData ===>> H2,-0.198914840323739,H1,-0.0389418342687574,AX,-0.0630294234712438,L1,-0.0501878327774413,L2,-0....
GetData ===>> H2,-0.172438701342522,H1,-0.00155328969839701,AX,-0.137991125243511,L1,-0.0296586650701967,L2,-0....
GetData ===>> H2,-0.0732633675670434,H1,-0.0784380631210667,AX,-0.0935497160114957,L1,-0.0553109738711092,L2,0....
Get Checksum: -110011688
GetData ===>> H2,-0.188439904601466,H1,-0.0284601393229387,AX,-0.0299250079070913,L1,0.0210815417205417,L2,-0.0...
GetData ===>> H2,-0.264332746738437,H1,-0.109459030211156,AX,-0.0468438727666528,L1,0.00799493778555977,L2,-0.0...
GetData ===>> H2,-0.271009001557245,H1,0.00414864705196041,AX,-0.0588905381113292,L1,-0.0439004815246764,L2,0.0...
Get Checksum: -110011688
07:49:57 -- collecting point 50
GetData ===>> H2,-0.213035233533891,H1,-0.0696293585535688,AX,-0.0578123121815583,L1,-0.0489218218219986,L2,-0....
GetData ===>> H2,-0.171658922230574,H1,-0.0496131944853538,AX,-0.0916721771899434,L1,-0.0156849834874072,L2,0.0...
Get Checksum: -110011688
GetData ===>> H2,-0.256621026458018,H1,-0.0142800815088993,AX,0.0182037311796708,L1,-0.0273142927580882,L2,-0.0...
GetData ===>> H2,-0.15150578086315,H1,0.0188105572518584,AX,-0.0985215419543633,L1,-0.0213053171486613,L2,-0.09...
GetData ===>> H2,-0.156037197734878,H1,-0.0990681371067613,AX,-0.144240825076003,L1,0.000620504945064663,L2,-0....
Get Checksum: -110011688
GetData ===>> H2,-0.200252437982695,H1,-0.0713697053617899,AX,-0.18917118455655,L1,-0.0316599934913223,L2,0.011...
GetData ===>> H2,-0.227174104872532,H1,-0.0945158233411679,AX,-0.0963891349043419,L1,-0.054598675258747,L2,0.00...
GetData ===>> H2,-0.281699347972081,H1,-0.0831341326770872,AX,0.0493162108759281,L1,0.0215885857410154,L2,-0.05...
Get Checksum: -110011688
GetData ===>> H2,-0.14216216177895,H1,-0.0423877945317617,AX,0.00839973218923619,L1,0.000988983523424404,L2,-0....
GetData ===>> H2,-0.176732185574221,H1,0.018941796413219,AX,-0.0332881419253778,L1,-0.040509208576741,L2,-0.067...
GetData ===>> H2,-0.333367847063366,H1,-0.0461674830083634,AX,-0.143985743147282,L1,-0.0207298778738003,L2,0.00...
Get Checksum: -110011688
measurement finished
estimated time: 62.915 actual time: :63.135
flush and close file /Users/jan/PychronDev/data/isotopes/21/4b3f59-499c-42e4-a683-a11ee6d32f1f.h5
activate_detectors ('H1', 'AX', 'CDD') {'peak_center': True}
peak_center () {'detector': 'H1', 'isotope': 'Ar40'}
peak center: mean=1.97838993997 threshold=3
Skipping peak center. intensities to small. 1.97838993997<3
finished measure script
executed 278.04
jan_co2_whiff_120_60_large.py completed successfully
Measurement Finished
07:50:08 -- ******* Measurement Finished *******
Post Measurement Started jan_pump_ms.py
07:50:08 -- ******* Post Measurement Started jan_pump_ms.py *******
testing...
no interpolation path defined
executed 0
Pumping spectrometer
open () {'name': 'O'}
opening name=O desc=---
checking ownership. requestor=129.138.12.150
check software interlocks O
interlocks []
actuate state mode=None-script, software_lock=False
doing actuation None-script open_channel True
Open O ===>> OK
GetIndicatorState O ===>> OK
change switch state (True, True)
update switch state O True args=() kw={} ncanvase=2
07:50:08 -- OPEN   VALVE-O (Jan Ion Pump)
---------------------------------------- open O () result=[(True, True)], time=0.12 sec
action=open, ok=True, locked=[False]
executed 0
jan_pump_ms.py completed successfully
setting _ms_pumptime
Post Measurement Finished
07:50:09 -- ******* Post Measurement Finished *******
$$$$$$$$$$$$$$$$$$$$ state at run end truncated
post measurement save measured=True aborted=False
Set filtering
setting fod for Ar40= {'filter_outliers': True, 'std_devs': 2, 'iterations': 1}
setting fod for H1= {'filter_outliers': True, 'std_devs': 2, 'iterations': 1}
setting fod for PM41= {'filter_outliers': False, 'std_devs': 2, 'iterations': 1}
setting fod for H2= {'filter_outliers': True, 'std_devs': 2, 'iterations': 1}
setting fod for Ar36= {'filter_outliers': True, 'std_devs': 2, 'iterations': 1}
setting fod for CDD= {'filter_outliers': True, 'std_devs': 10, 'iterations': 1}
setting fod for Ar37= {'filter_outliers': True, 'std_devs': 2, 'iterations': 1}
setting fod for L2= {'filter_outliers': True, 'std_devs': 2, 'iterations': 1}
setting fod for Ar38= {'filter_outliers': True, 'std_devs': 2, 'iterations': 1}
setting fod for L1= {'filter_outliers': True, 'std_devs': 2, 'iterations': 1}
setting fod for Ar39= {'filter_outliers': True, 'std_devs': 2, 'iterations': 1}
setting fod for AX= {'filter_outliers': True, 'std_devs': 2, 'iterations': 1}
persistence save...
persistence save - db
post measurement save
6751563216 connecting to database sqlite:////Users/jan/PychronDev/.appdata/local_lab.db
connected to db sqlite:////Users/jan/PychronDev/.appdata/local_lab.db
create new session 6751563216
close session 6751563216
No database instance. Not saving post measurement to isotopedb database
$$$$$$$$$$$$$$$ auto_save_detector_ic=False
massspec enabled True
create new session 5010684144
MassSpec Database Version: 16.0
close session 5010684144
saving post measurement to secondary database
saving to massspec database 129.138.12.160/massspecdata
setting labnumber to 65518
setting aliquot to 30
setting step to 
setting uuid to 214b3f59-499c-42e4-a683-a11ee6d32f1f
setting irradpos to 65518
setting extract_device to Fusions CO2
setting tray to 
setting position to 194
setting power_requested to 5.0
setting extract_value to 5.0
setting duration to 30.0
setting duration_at_request to 30.0
setting first_stage_delay to 30.0
setting cleanup to 30.0
setting comment to F:20
setting irradiation to NM-289
setting level to F
setting irradiation_level to F
setting sample to MB-64b-djk
setting material to DetritalSanidine
setting project to IR943
setting mass_spectrometer to Jan
no attribute chron_dosages
no attribute production_ratios
no attribute interference_corrections
no attribute production_name
no attribute j
Reference Isotope=Ar40
Reference Detector=H1
%%%%%%%%%%%%%%%%%%%% Comment: F:20 %%%%%%%%%%%%%%%%%%%
adding isotope PM41 H2
add baseline dbdet= PM41. original det= H2
get baseline data PM41 H2
Get data baseline <pychron.processing.isotope.Baseline object at 0x19204ee50> len t=60
baseline PM41. v=-0.188862565476, e=0.00807470923762
get signal data PM41 H2
Get data signal PM41 0.15+/-0.09 len t=64
adding isotope Ar40 H1
add baseline dbdet= Ar40. original det= H1
get baseline data Ar40 H1
Get data baseline <pychron.processing.isotope.Baseline object at 0x19205d050> len t=60
baseline Ar40. v=-0.0388799178906, e=0.00511415152635
get signal data Ar40 H1
Get data signal Ar40 0.958+/-0.020 len t=64
adding isotope Ar39 AX
add baseline dbdet= Ar39. original det= AX
get baseline data Ar39 AX
Get data baseline <pychron.processing.isotope.Baseline object at 0x19205d210> len t=60
baseline Ar39. v=-0.0546393048753, e=0.00736969487007
get signal data Ar39 AX
Get data signal Ar39 0.062+/-0.020 len t=64
adding isotope Ar38 L1
add baseline dbdet= Ar38. original det= L1
get baseline data Ar38 L1
Get data baseline <pychron.processing.isotope.Baseline object at 0x19205d3d0> len t=60
baseline Ar38. v=-0.0222594298092, e=0.0024947290442
get signal data Ar38 L1
Get data signal Ar38 0.037+/-0.010 len t=64
adding isotope Ar37 L2
add baseline dbdet= Ar37. original det= L2
get baseline data Ar37 L2
Get data baseline <pychron.processing.isotope.Baseline object at 0x19205d590> len t=60
baseline Ar37. v=-0.018740926614, e=0.00670703095318
get signal data Ar37 L2
Get data signal Ar37 0.054+/-0.021 len t=64
adding isotope Ar36 CDD
add baseline dbdet= Ar36. original det= CDD
get baseline data Ar36 CDD
Get data baseline <pychron.processing.isotope.Baseline object at 0x19205d750> len t=60
baseline Ar36. v=1.48865411202e-05, e=5.81418773012e-06
get signal data Ar36 CDD
Get data signal Ar36 0.0091+/-0.0004 len t=64
65518-30 added analysis time 0.452893018723s
analysis added to mass spec database
mass spec save time= 0.460
persistence save - dvc
================= post measurement started
create new session 4983034992
close session 4983034992
---------------- Experiment Queue saving disabled
DVC saving peakcenter
Get Checksum: 2035439760
Smart pull ahead: 0 behind: 0
Up-to-date with origin
add to repo msg=modified - ad8224ebc6dbfeb9f5997218dfa5fe690569839d.json
add to repo msg=modified - 18-30.json
add to repo msg=modified - 18-30.dat.json
add to repo msg=modified - 18-30.blan.json
add to repo msg=modified - 18-30.inte.json
add to repo msg=modified - 18-30.icfa.json
add to repo msg=modified - 18-30.base.json
not at valid file /Users/jan/PychronDev/data/.dvc/repositories/Load1782/655/tags/18-30.tags.json
add to repo msg=modified - 18-30.peak.json
add to repo msg=modified - 18-30.extr.json
not at valid file /Users/jan/PychronDev/data/.dvc/repositories/Load1782/655/monitor/18-30.moni.json
commit message=<COLLECTION>
add to repo msg=modified - 18-30.inte.json
add to repo msg=modified - 18-30.base.json
commit message=<ISOEVO> default collection fits
add to repo msg=modified - 18-30.blan.json
Get Checksum: 2035439760
commit message=<BLANKS> preceding bc-02-J-249
add to repo msg=modified - 18-30.icfa.json
commit message=<ICFactor> default
push repository <pychron.git_archive.repo_manager.GitRepoManager object at 0x18681ac50>
pushing to remote=origin, url=https://github.com
Get Checksum: 2035439760
no changes to meta repo
Get Checksum: 2035439760
create new session 4983034992
add association Load1782
get identifier "65518"
setting analysis irradiation position=<pychron.dvc.dvc_orm.IrradiationPositionTbl object at 0x1934d5cd0>
close session 4983034992
================= post measurement finished
07:50:21 -- ******* Post Run Check *******
loading queue conditionals post_run_actions
loading system conditionals post_run_actions
loading conditionals from /Users/jan/PychronDev/setupfiles/spectrometer/default_conditionals.yaml
loading queue conditionals post_run_terminations
loading system conditionals post_run_terminations
loading conditionals from /Users/jan/PychronDev/setupfiles/spectrometer/default_conditionals.yaml
Checking default post run terminations n=1
GetDeflection CDD ===>> 50
testing CDD==2000
evaluate ot="CDD.deflection==2000" t="CDD==2000", ctx="{'CDD': 50.0}"
07:50:21 -- ******* Post Run Check Passed *******
07:50:21 -- Automated run 65518-30 truncated duration: 268.906 s
----------------- finish -----------------
----------------- stop -----------------
retroactive repository identifiers disabled
finish run. runs completed=104
write rem/ex queues
/Users/jan/PychronDev/experiments/rem/CurrentExperiment.rem.txt
/Users/jan/PychronDev/experiments/rem/CurrentExperiment.ex.txt
doing event level: 3
