do run
loading script "jan_co2_whiff_120_60_large.py"
loading script "jan_pump_ms.py"
loading script "jan_co2.py"
loading script "jan_pump_extraction_line.py"
testing...
no interpolation path defined
executed 266.04
script duration name:co2_whiff_120_60_large seconds:266.0
loading script "jan_co2_whiff_120_60_large.py"
loading script "jan_pump_ms.py"
loading script "jan_co2.py"
loading script "jan_pump_extraction_line.py"
testing...
no interpolation path defined
executed 0
loading script "jan_co2_whiff_120_60_large.py"
loading script "jan_pump_ms.py"
loading script "jan_co2.py"
loading script "jan_pump_extraction_line.py"
testing...
no interpolation path defined
calculate duration
testing...
no interpolation path defined
executed 0
calculate duration
testing...
no interpolation path defined
executed 0
executed 0.0
script duration name:co2 seconds:0.0
loading script "jan_co2_whiff_120_60_large.py"
loading script "jan_pump_ms.py"
loading script "jan_co2.py"
loading script "jan_pump_extraction_line.py"
testing...
no interpolation path defined
calculate duration
testing...
no interpolation path defined
executed 4.0
executed 4.0
Script duration 266.0
Run total estimated duration= 267.000
run duration: 0:04:27
doing event level: 2
08:39:38 -- Setting default integration. t=1.048576
setting integration time = 1.048576
SetIntegrationTime 1.048576 ===>> OK
----------------- start -----------------
**************** Experiment Type: Ar/Ar, Ar/Ar
create new session 4985261232
close session 4985261232
$$$$$ Clearing conditionals
adding conditionals detrital
extract conditionals from file. /Users/jan/PychronDev/scripts/conditionals/detrital.yaml
no attr for this modification cd={'extraction_str': '', 'attr': '', 'mapper': '', 'use_termination': False, 'start_count': 0, 'nskip': 0, 'window': 0, 'frequency': 1, 'teststr': '', 'action': 'Skip Next Run', 'ntrips': 1, 'use_truncation': False}
no attr for this cancelation cd={'mapper': '', 'window': 0, 'frequency': 1, 'attr': '', 'teststr': '', 'start_count': 0, 'ntrips': 1}
adding truncation attr="age" test="age>100.0" start="60"
adding truncation attr="Ar39" test="Ar39<0.5" start="60"
no attr for this termination cd={'mapper': '', 'window': 0, 'frequency': 1, 'attr': '', 'teststr': '', 'start_count': 0, 'ntrips': 1}
Invalid conditional kind="pre_run_terminations"
no attr for this action cd={'mapper': '', 'attr': '', 'start_count': 0, 'window': 0, 'frequency': 1, 'teststr': '', 'action': None, 'ntrips': 1}
Invalid conditional kind="post_run_terminations"
Add queue conditionals
add default conditionals
adding default conditionals from /Users/jan/PychronDev/setupfiles/spectrometer/default_conditionals.yaml
Start automated run 65518-32
loading script "jan_co2_whiff_120_60_large.py"
loading script "jan_pump_ms.py"
loading script "jan_co2.py"
loading script "jan_pump_extraction_line.py"
%%%%%%%%%%%%%%%%%% setting automated run 65518-32
No value "sensitivity_multiplier" in metadata
$$$$$$$$$$$$$$$ auto_save_detector_ic=False
============================= Pre Extraction Check =============================
loading queue conditionals pre_run_terminations
loading system conditionals pre_run_terminations
loading conditionals from /Users/jan/PychronDev/setupfiles/spectrometer/default_conditionals.yaml
08:39:38 -- ******* Pre Extraction Check *******
Get a measurement from the spectrometer
GetData ===>> H2,-0.185485110963313,H1,-0.0515446486825553,AX,-0.140321765267859,L1,-0.0319018984868435,L2,-0.0...
Pre Extraction Termination data. keys=H2,H1,AX,L1,L2,CDD, signals=-0.18549,-0.05154,-0.14032,-0.03190,-0.00269,0.00000
08:39:38 -- testing system defined conditionals
Checking default pre extraction terminations n=2
testing CDD
evaluate ot="CDD.inactive" t="CDD", ctx="{'CDD': False}"
GetDeflection CDD ===>> 50
testing CDD==2000
evaluate ot="CDD.deflection==2000" t="CDD==2000", ctx="{'CDD': 50.0}"
08:39:38 -- ******* Pre Extraction Check Passed *******
=================================================================================
08:39:38 -- stopping status monitor
stop 4976082864
Alive clients [4983386864]
08:39:38 -- starting status monitor
start 4976082864
Monitor already running
start extraction
do extraction
Analysis started at 08:39:38.532833
Extraction Started jan_co2.py
08:39:38 -- ******* Extraction Started jan_co2.py *******
state changed from not run to extraction
DO EXTRACTION <pychron.extraction_line.pyscript_runner.RemotePyScriptRunner object at 0x12bb183b0>
testing...
no interpolation path defined
calculate duration
testing...
no interpolation path defined
executed 0
calculate duration
testing...
no interpolation path defined
executed 0
executed 100.0
Jan CO2 laser analysis
doing GOSUB
testing...
no interpolation path defined
executed 0
Waiting for CO2 access
wait ('FelixCO2Flag', 0) {}
waiting for FelixCO2Flag = 0
Read FelixCO2Flag ===>> 0
finished waiting
CO2 free
wait ('CO2PumpTimeFlag', 0) {}
waiting for CO2PumpTimeFlag = 0
Read CO2PumpTimeFlag ===>> 0
finished waiting
acquire ('JanCO2Flag',) {'clear': True}
acquire JanCO2Flag
Set JanCO2Flag 1 ===>> OK
JanCO2Flag acquired
set extraction state False (0.75, 'red', 1.5)
CO2 acquired
executed 0
WaitForCO2Access.py completed successfully
gosub finished
doing GOSUB
testing...
no interpolation path defined
executed 0
Prepare for CO2 analysis
close () {'description': 'Jan Inlet'}
closing name=--- desc=Jan Inlet
checking ownership. requestor=129.138.12.150
check software interlocks R
interlocks []
actuate state mode=None-script, software_lock=False
doing actuation None-script close_channel False
Close R ===>> OK
Get Checksum: 2035439760
GetIndicatorState R ===>> False
change switch state (True, True)
update switch state R False args=() kw={} ncanvase=2
08:39:38 -- CLOSE  VALVE-R (Jan Inlet)
---------------------------------------- close None (Jan Inlet) result=[(True, True)]
action=close, ok=True, locked=[False]
open () {'description': 'Jan Ion Pump'}
opening name=--- desc=Jan Ion Pump
checking ownership. requestor=129.138.12.150
check software interlocks O
interlocks []
actuate state mode=None-script, software_lock=False
doing actuation None-script open_channel False
Open O ===>> OK
GetIndicatorState O ===>> OK
change switch state (True, True)
update switch state O True args=() kw={} ncanvase=2
08:39:39 -- OPEN   VALVE-O (Jan Ion Pump)
---------------------------------------- open None (Jan Ion Pump) result=[(True, True)], time=0.12 sec
action=open, ok=True, locked=[False]
close () {'description': 'Microbone to Minibone'}
closing name=--- desc=Microbone to Minibone
checking ownership. requestor=129.138.12.150
check software interlocks L
interlocks []
actuate state mode=None-script, software_lock=False
doing actuation None-script close_channel False
Close L ===>> OK
GetIndicatorState L ===>> False
change switch state (True, True)
update switch state L False args=() kw={} ncanvase=2
08:39:40 -- CLOSE  VALVE-L (Microbone to Minibone)
---------------------------------------- close None (Microbone to Minibone) result=[(True, True)]
action=close, ok=True, locked=[False]
open () {'description': 'Microbone to Turbo'}
opening name=--- desc=Microbone to Turbo
checking ownership. requestor=129.138.12.150
check software interlocks U
interlocks []
actuate state mode=None-script, software_lock=False
doing actuation None-script open_channel False
Open U ===>> OK
GetIndicatorState U ===>> OK
change switch state (True, True)
update switch state U True args=() kw={} ncanvase=2
08:39:40 -- OPEN   VALVE-U (Microbone to Turbo)
---------------------------------------- open None (Microbone to Turbo) result=[(True, True)], time=0.14 sec
action=open, ok=True, locked=[False]
open () {'description': 'Microbone to Inlet Pipette'}
opening name=--- desc=Microbone to Inlet Pipette
checking ownership. requestor=129.138.12.150
check software interlocks S
interlocks []
actuate state mode=None-script, software_lock=False
doing actuation None-script open_channel False
Open S ===>> OK
GetIndicatorState S ===>> OK
change switch state (True, True)
update switch state S True args=() kw={} ncanvase=2
08:39:41 -- OPEN   VALVE-S (Microbone to Inlet Pipette)
---------------------------------------- open None (Microbone to Inlet Pipette) result=[(True, True)], time=0.41 sec
action=open, ok=True, locked=[False]
open () {'description': 'Microbone to Getter D-50'}
opening name=--- desc=Microbone to Getter D-50
checking ownership. requestor=129.138.12.150
check software interlocks K
interlocks []
actuate state mode=None-script, software_lock=False
doing actuation None-script open_channel False
Open K ===>> OK
GetIndicatorState K ===>> OK
change switch state (True, True)
update switch state K True args=() kw={} ncanvase=2
08:39:41 -- OPEN   VALVE-K (Microbone to Getter D-50)
---------------------------------------- open None (Microbone to Getter D-50) result=[(True, True)], time=0.43 sec
action=open, ok=True, locked=[False]
open () {'description': 'Microbone to Getter NP-10'}
opening name=--- desc=Microbone to Getter NP-10
checking ownership. requestor=129.138.12.150
check software interlocks M
interlocks []
Get Checksum: 2035439760
actuate state mode=None-script, software_lock=False
doing actuation None-script open_channel False
Open M ===>> OK
GetIndicatorState M ===>> OK
change switch state (True, True)
update switch state M True args=() kw={} ncanvase=2
08:39:42 -- OPEN   VALVE-M (Microbone to Getter NP-10)
---------------------------------------- open None (Microbone to Getter NP-10) result=[(True, True)], time=0.20 sec
action=open, ok=True, locked=[False]
close () {'description': 'CO2 Laser to Felix'}
closing name=--- desc=CO2 Laser to Felix
checking ownership. requestor=129.138.12.150
check software interlocks F
interlocks []
actuate state mode=None-script, software_lock=True
VALVE-F(CO2 Laser to Felix) software locked
change switch state (True, False)
---------------------------------------- close None (CO2 Laser to Felix) result=[(True, False)]
action=close, ok=True, locked=[True]
open () {'description': 'CO2 Laser to Jan'}
opening name=--- desc=CO2 Laser to Jan
checking ownership. requestor=129.138.12.150
check software interlocks A
interlocks []
actuate state mode=None-script, software_lock=False
doing actuation None-script open_channel False
Open A ===>> OK
GetIndicatorState A ===>> OK
change switch state (True, True)
update switch state A True args=() kw={} ncanvase=2
08:39:42 -- OPEN   VALVE-A (CO2 Laser to Jan)
---------------------------------------- open None (CO2 Laser to Jan) result=[(True, True)], time=0.13 sec
action=open, ok=True, locked=[False]
open () {'description': 'Microbone to CO2 Laser'}
opening name=--- desc=Microbone to CO2 Laser
checking ownership. requestor=129.138.12.150
check software interlocks T
interlocks []
actuate state mode=None-script, software_lock=False
doing actuation None-script open_channel False
Open T ===>> OK
GetIndicatorState T ===>> OK
change switch state (True, True)
update switch state T True args=() kw={} ncanvase=2
08:39:43 -- OPEN   VALVE-T (Microbone to CO2 Laser)
---------------------------------------- open None (Microbone to CO2 Laser) result=[(True, True)], time=0.45 sec
action=open, ok=True, locked=[False]
executed 0
PrepareForCO2Analysis.py completed successfully
gosub finished
set_motor ('beam', '1.25') {}
setting motor "beam" to 1.25
set motor beam to 1.25
SetMotor beam,1.25 ===>> OK
GetMotorMoving beam ===>> False
GetMotorMoving beam ===>> False
Block completed
move_to_position ('196',) {'autocenter': True}
FusionsCO2 move to position 196
sending GoToHole 196,True
GoToHole 196,True ===>> OK
Get Checksum: 2035439760
GetDriveMoving ===>> OK
GetDriveMoving ===>> OK
GetDriveMoving ===>> OK
GetDriveMoving ===>> OK
GetDriveMoving ===>> False
GetDriveMoving ===>> OK
GetDriveMoving ===>> OK
GetDriveMoving ===>> OK
GetDriveMoving ===>> OK
GetDriveMoving ===>> OK
GetDriveMoving ===>> False
Block completed
Get Checksum: 2035439760
GetAutoCorrecting ===>> False
GetAutoCorrecting ===>> False
Block completed
update position
GetPosition ===>> 11.96340,-9.96950,1.00000
got position (11.9634, -9.9695, 1.0)
move to position succeeded
sleep (5,) {}
SLEEP 5.0
block started
WaitControl setup for 5.0  
Get Checksum: 2035439760
Join finished
block finished. duration 5.10676598549
close () {'description': 'Microbone to Turbo'}
closing name=--- desc=Microbone to Turbo
checking ownership. requestor=129.138.12.150
check software interlocks U
interlocks []
actuate state mode=None-script, software_lock=False
doing actuation None-script close_channel True
Close U ===>> OK
Get Checksum: -1640178555
State checksums do not match. Local:2035439760 Remote:-1640178555
State checksum failed
GetIndicatorState U ===>> False
change switch state (True, True)
update switch state U False args=() kw={} ncanvase=2
08:39:54 -- CLOSE  VALVE-U (Microbone to Turbo)
---------------------------------------- close None (Microbone to Turbo) result=[(True, True)]
action=close, ok=True, locked=[False]
enable laser
enable () {}
set extraction state FusionsCO2 Enabled (False, 'red', 1.5)
enabling laser
Enable ===>> OK
begin interval
BEGIN INTERVAL Interval 1 waiting for 30.0
block started
WaitControl setup for 30.0  
set extract to 5.0
extract (5.0,) {}
GetPosition ===>> 11.96340,-9.96950,1.00000
set extraction state FusionsCO2 ON! 5.0(watts) (0.75, 'red', 1.5)
extract sample to 5.0 (watts)
set laser output
SetLaserOutput 5.0,watts ===>> OK
executing pattern triangle.lp
execute_pattern ('triangle.lp',) {}
executing pattern triangle.lp
IsPatterning ===>> OK
Get Checksum: -1640178555
IsPatterning ===>> OK
IsPatterning ===>> OK
IsPatterning ===>> OK
Get Checksum: -1640178555
IsPatterning ===>> OK
IsPatterning ===>> OK
IsPatterning ===>> OK
Get Checksum: -1640178555
IsPatterning ===>> OK
IsPatterning ===>> OK
IsPatterning ===>> OK
Get Checksum: -1640178555
IsPatterning ===>> OK
IsPatterning ===>> OK
IsPatterning ===>> OK
Get Checksum: -1640178555
IsPatterning ===>> OK
IsPatterning ===>> OK
IsPatterning ===>> OK
Get Checksum: -1640178555
IsPatterning ===>> OK
IsPatterning ===>> OK
IsPatterning ===>> OK
Get Checksum: -1640178555
IsPatterning ===>> OK
IsPatterning ===>> OK
IsPatterning ===>> OK
Get Checksum: -1640178555
IsPatterning ===>> OK
IsPatterning ===>> OK
IsPatterning ===>> OK
Get Checksum: -1640178555
IsPatterning ===>> OK
IsPatterning ===>> OK
IsPatterning ===>> OK
Get Checksum: -1640178555
Join finished
block finished. duration 30.1042280197
IsPatterning ===>> False
Interval 1 finished
IsPatterning ===>> False
Block completed
COMPLETE INTERVAL waiting for Interval 1 to complete
end_extract () {}
ending extraction. set laser power to 0
set laser power 0
SetLaserPower 0 ===>> OK
disable () {}
%%%%%%%%%%%%%%%%%%%%%%%%%%%%%%%%%%% disable
set extraction state False (0.75, 'red', 1.5)
disabling laser
Disable ===>> OK
sleep (30.0,) {}
SLEEP 30.0
block started
WaitControl setup for 30.0  
Get Checksum: -1640178555
Get Checksum: -1640178555
Get Checksum: -1640178555
Get Checksum: -1640178555
Get Checksum: -1640178555
Get Checksum: -1640178555
Get Checksum: -1640178555
Get Checksum: -1640178555
Get Checksum: -1640178555
Join finished
block finished. duration 30.2264900208
executed 165.0
jan_co2.py completed successfully
GetAchievedOutput ===>> No Response
Requested Output= 0.000
Achieved Output=  0.000
GetResponseBlob ===>> No Response
GetOutputBlob ===>> No Response
persistence save...
persistence save - db
AutomatedRunPersister post_extraction_save deprecated
persistence save - dvc
no extraction position for 196
create new session 4983034992
close session 4983034992
Extraction Finished
08:40:56 -- ******* Extraction Finished *******
no overlap. not waiting for min ms pumptime
08:40:56 -- Sending spectrometer configuration
======== Sending configuration ========
SetDeflection CDD,50.0 ===>> OK
SetDeflection H2,0.0 ===>> OK
SetDeflection H1,0.0 ===>> OK
SetDeflection L2,825.0 ===>> OK
SetDeflection L1,400.0 ===>> OK
SetDeflection AX,190.0 ===>> OK
SetZFocus 74.64 ===>> OK
SetZSymmetry -50.72 ===>> OK
SetExtractionLens 26.13 ===>> OK
SetIonRepeller -3.81 ===>> OK
SetElectronEnergy 75.08 ===>> OK
SetYSymmetry -2.81 ===>> OK
SetIonCounterVoltage 1590.0 ===>> OK
send trap current 200.0
Get Checksum: -1640178555
GetParameter Trap Current Readback ===>> 197.811389855338
SetParameter Trap Current Set,200.0 ===>> OK
updating mftable name mftable
Using mftable located at /Users/jan/PychronDev/setupfiles/spectrometer/mftables/mftable.csv
============ MFtable ===========
Isotope  H2     H1     AX     L1     L2     CDD    
Ar40     5.7772 5.8784 5.9919 6.1172 6.2304 6.3454
Ar39     5.6765 5.7707 5.8844 6.0032 6.1155 6.2319
Ar36     5.3540 5.4397 5.5477 5.6621 5.7705 5.8830
================================
get initial guess parabolic
get initial guess parabolic
get initial guess parabolic
get initial guess parabolic
get initial guess parabolic
get initial guess parabolic
======== Configuration Finished ========
GetYSymmetry ===>> -2.81
GetZSymmetry ===>> -50.72
GetParameter Trap Current Readback ===>> 198.258926936459
GetHighVoltage ===>> 4499.94659342336
start measurement
do measurement
L#=65518 analysis type=unknown
Measurement Started jan_co2_whiff_120_60_large.py
08:40:56 -- ******* Measurement Started jan_co2_whiff_120_60_large.py *******
state changed from extraction to measurement
setting spec, defl, and gains
GetExtractionLens ===>> 26.13
GetYSymmetry ===>> -2.81
GetZSymmetry ===>> -50.72
GetZFocus ===>> 74.64
GetDeflection H2 ===>> 0
GetDeflection H1 ===>> 0
GetDeflection AX ===>> 190
GetDeflection L1 ===>> 400
GetDeflection L2 ===>> 825
GetDeflection CDD ===>> 50
GetGain H2 ===>> 0.0113
GetGain H1 ===>> 0.1
GetGain AX ===>> 0.097049
GetGain L1 ===>> 0.010355
GetGain L2 ===>> 0.095649
GetGain CDD ===>> 0
pre measurement save
New frame /Users/jan/PychronDev/data/isotopes/b4/d999e2-3a09-4754-ba08-6f5c26e4bc1c.h5
flush and close file /Users/jan/PychronDev/data/isotopes/b4/d999e2-3a09-4754-ba08-6f5c26e4bc1c.h5
testing...
no interpolation path defined
executed 266.04
co2 whiff measurement script
activate_detectors ('H2', 'H1', 'AX', 'L1', 'L2', 'CDD') {}
activate detectors
*************** Set Analysis View Ar/Ar
create graphs
clearing graphs
clear isotope group
setting isotope det=H2, iso=PM41
setting isotope det=H1, iso=Ar40
setting isotope det=AX, iso=Ar39
setting isotope det=L1, iso=Ar38
setting isotope det=L2, iso=Ar37
setting isotope det=CDD, iso=Ar36
setting previous blanks
 - setting Ar40 blank 0.248+/-0.007
 - setting Ar36 blank 0.00451+/-0.00017
 - setting Ar37 blank 0.054+/-0.005
 - setting Ar38 blank 0.0094+/-0.0020
 - setting PM41 blank 0.01+/-0.06
 - setting Ar39 blank 0.061+/-0.009
load analysis view
position_magnet ('Ar40',) {'detector': 'H1'}
detector Detector(H1)
POSITION Ar40 H1
setting detector H2 to PM41 (40.9624)
setting detector H1 to Ar40 (39.9624)
setting detector AX to Ar39 (38.9624)
setting detector L1 to Ar38 (37.9624)
setting detector L2 to Ar37 (36.9624)
setting detector CDD to Ar36 (35.9624)
Mapping mass to dac mass func: "parabolic"
H1 map mass coeffs = [-0.00063987  0.15840543  0.57002999]
H1 map mass to dac 39.9624 >> 5.87842
GetDeflection H1 ===>> 0
GetHighVoltage ===>> 4499.94659342336
positioning Ar40 (5.87838538254) on H1
setting magnet DAC
current  : 5.301499
requested: 5.878385
Delta Dac: 0.576887
Checking detector protection. dv=0.57689
Checking detector "CDD". Protection Threshold: 0.1 (V)
ProtectDetector CDD,On ===>> OK
GetDeflection CDD ===>> 2000
SetMagnetDAC 5.87838538254 ===>> OK
Magnet settling time: 0.500
GetMagnetMoving ===>> True
GetMagnetMoving ===>> True
GetMagnetMoving ===>> True
GetMagnetMoving ===>> True
GetMagnetMoving ===>> True
GetMagnetMoving ===>> True
GetMagnetMoving ===>> True
Get Checksum: -1640178555
GetMagnetMoving ===>> True
GetMagnetMoving ===>> False
ProtectDetector CDD,Off ===>> OK
GetDeflection CDD ===>> 50
close ('S',) {}
closing name=S desc=---
checking ownership. requestor=129.138.12.150
check software interlocks S
interlocks []
actuate state mode=None-script, software_lock=False
doing actuation None-script close_channel True
Close S ===>> OK
set states for children of S. state=False
handle state [('S', False)]
update switch state S False args=() kw={'refresh': False} ncanvase=2
refresh_canvas_needed fired
GetIndicatorState S ===>> False
change switch state (True, True)
update switch state S False args=() kw={} ncanvase=2
08:41:01 -- CLOSE  VALVE-S (Microbone to Inlet Pipette)
---------------------------------------- close S () result=[(True, True)]
action=close, ok=True, locked=[False]
equilibrate () {'do_post_equilibration': False, 'inlet': 'R', 'outlet': 'O', 'eqtime': 4}
Equilibration Started
08:41:01 -- ******* Equilibration Started *******
checking ownership. requestor=129.138.12.150
check software interlocks O
interlocks []
actuate state mode=None-script, software_lock=False
doing actuation None-script close_channel True
Close O ===>> OK
GetIndicatorState O ===>> False
change switch state (True, True)
update switch state O False args=() kw={} ncanvase=2
08:41:01 -- CLOSE  VALVE-O (Jan Ion Pump)
waiting 3s before opening inlet value ('R',)
Get Checksum: 1680446728
checking ownership. requestor=129.138.12.150
check software interlocks R
interlocks []
actuate state mode=None-script, software_lock=False
doing actuation None-script open_channel True
Open R ===>> OK
GetIndicatorState R ===>> OK
change switch state (True, True)
update switch state R True args=() kw={} ncanvase=2
08:41:04 -- OPEN   VALVE-R (Jan Inlet)
set_time_zero (0,) {}
sniff (4,) {}
py_sniff
equilibrating for 4sec
build tables- sniff [Detector(H2), Detector(H1), Detector(AX), Detector(L1), Detector(L2), Detector(CDD)]
add group /sniff/PM41 (Group) '' table H2
add group /sniff/Ar40 (Group) '' table H1
add group /sniff/Ar39 (Group) '' table AX
add group /sniff/Ar38 (Group) '' table L1
add group /sniff/Ar37 (Group) '' table L2
add group /sniff/Ar36 (Group) '' table CDD
flush and close file /Users/jan/PychronDev/data/isotopes/b4/d999e2-3a09-4754-ba08-6f5c26e4bc1c.h5
measuring sniff. ncounts=4
starting measurement
GetData ===>> H2,-0.266921995129657,H1,0.0622959261642687,AX,-0.0266893313509585,L1,0.00679747217709164,L2,0.04...
Get Checksum: 529246153
GetData ===>> H2,3.49015776619836,H1,0.877887066891891,AX,4.87027741159087,L1,0.448848958748493,L2,1.1937542015...
GetData ===>> H2,4.77590206056561,H1,1.14381744827219,AX,3.27279618054411,L1,0.938104086555643,L2,0.55979801426...
GetData ===>> H2,1.57347181391613,H1,0.848070260107137,AX,1.28077019697946,L1,0.6796595649034,L2,0.201941247567...
Equilibration Finished
08:41:09 -- ******* Equilibration Finished *******
checking ownership. requestor=129.138.12.150
check software interlocks R
interlocks []
Get Checksum: 529246153
actuate state mode=None-script, software_lock=False
doing actuation None-script close_channel True
Close R ===>> OK
measurement finished
estimated time: 4.194 actual time: :4.265
flush and close file /Users/jan/PychronDev/data/isotopes/b4/d999e2-3a09-4754-ba08-6f5c26e4bc1c.h5
set_fits () {}
using default fits file=/Users/jan/PychronDev/scripts/measurement/fits/nominal_linear.yaml
set "Ar40" to "('Linear', 'SEM')"
No fit for "PM41". defaulting to linear. check the measurement script "jan_co2_whiff_120_60_large.py"
set "PM41" to "linear"
set "Ar36" to "('Linear', 'SEM')"
set "Ar37" to "('linear', 'SEM')"
set "Ar38" to "('linear', 'SEM')"
set "Ar39" to "('Linear', 'SEM')"
set_baseline_fits () {}
using default fits file=/Users/jan/PychronDev/scripts/measurement/fits/nominal_linear.yaml
set "H1" to "('average', 'SEM')"
set "H2" to "('average', 'SEM')"
set "CDD" to "('average', 'SEM')"
set "L2" to "('average', 'SEM')"
set "L1" to "('average', 'SEM')"
set "AX" to "('average', 'SEM')"
whiff () {'ncounts': 1, 'conditionals': [{'action': 'run_remainder', 'attr': 'Ar40', 'teststr': 'Ar40.cur<=175'}, {'action': 'run_pipette', 'attr': 'Ar40', 'teststr': 'Ar40.cur>500'}, {'action': 'run_chamber_split', 'attr': 'Ar40', 'teststr': 'Ar40.cur>=300'}, {'action': 'pump', 'attr': 'Ar40', 'teststr': 'Ar40.cur>175'}]}
build tables- whiff [Detector(H2), Detector(H1), Detector(AX), Detector(L1), Detector(L2), Detector(CDD)]
add group /whiff/PM41 (Group) '' table H2
GetIndicatorState R ===>> False
add group /whiff/Ar40 (Group) '' table H1
change switch state (True, True)
add group /whiff/Ar39 (Group) '' table AX
update switch state R False args=() kw={} ncanvase=2
add group /whiff/Ar38 (Group) '' table L1
add group /whiff/Ar37 (Group) '' table L2
add group /whiff/Ar36 (Group) '' table CDD
flush and close file /Users/jan/PychronDev/data/isotopes/b4/d999e2-3a09-4754-ba08-6f5c26e4bc1c.h5
measuring whiff. ncounts=1
08:41:09 -- CLOSE  VALVE-R (Jan Inlet)
starting measurement
GetData ===>> H2,0.309838900122118,H1,0.663472333182758,AX,0.51885818414882,L1,0.209500914115461,L2,0.183811140...
testing Ar40<=175
evaluate ot="Ar40.cur<=175" t="Ar40<=175", ctx="{'Ar40': 0.663472333182758}"
condition Ar40<=175 is true trips=1/1
08:41:11 -- Conditional tripped: Ar40.cur<=175 condition Ar40<=175 is True
measurement finished
estimated time: 1.049 actual time: :1.138
flush and close file /Users/jan/PychronDev/data/isotopes/b4/d999e2-3a09-4754-ba08-6f5c26e4bc1c.h5
WHIFF Result=run_remainder
Whiff result=run_remainder
open ('R',) {}
opening name=R desc=---
checking ownership. requestor=129.138.12.150
check software interlocks R
interlocks []
actuate state mode=None-script, software_lock=False
doing actuation None-script open_channel True
Open R ===>> OK
GetIndicatorState R ===>> OK
change switch state (True, True)
update switch state R True args=() kw={} ncanvase=2
08:41:12 -- OPEN   VALVE-R (Jan Inlet)
---------------------------------------- open R () result=[(True, True)], time=0.43 sec
action=open, ok=True, locked=[False]
open ('S',) {}
opening name=S desc=---
checking ownership. requestor=129.138.12.150
check software interlocks S
interlocks []
actuate state mode=None-script, software_lock=False
doing actuation None-script open_channel True
Open S ===>> OK
Get Checksum: -173909521
State checksums do not match. Local:529246153 Remote:-173909521
State checksum failed
GetIndicatorState S ===>> OK
change switch state (True, True)
update switch state S True args=() kw={} ncanvase=2
08:41:12 -- OPEN   VALVE-S (Microbone to Inlet Pipette)
---------------------------------------- open S () result=[(True, True)], time=0.63 sec
action=open, ok=True, locked=[False]
sleep (12.0,) {}
SLEEP 12.0
block started
WaitControl setup for 12.0  
Get Checksum: -173909521
Get Checksum: -173909521
Get Checksum: -173909521
Get Checksum: -173909521
Join finished
block finished. duration 12.1075561047
close ('R',) {}
closing name=R desc=---
checking ownership. requestor=129.138.12.150
check software interlocks R
interlocks []
actuate state mode=None-script, software_lock=False
doing actuation None-script close_channel True
Close R ===>> OK
set states for children of R. state=False
handle state [('R', False)]
update switch state R False args=() kw={'refresh': False} ncanvase=2
refresh_canvas_needed fired
GetIndicatorState R ===>> False
change switch state (True, True)
update switch state R False args=() kw={} ncanvase=2
08:41:26 -- CLOSE  VALVE-R (Jan Inlet)
---------------------------------------- close R () result=[(True, True)]
action=close, ok=True, locked=[False]
post_equilibration () {}
multicollect () {'integration_time': 1, 'ncounts': 120.0}
build tables- signal [Detector(H2), Detector(H1), Detector(AX), Detector(L1), Detector(L2), Detector(CDD)]
add group /signal/PM41 (Group) '' table H2
add group /signal/Ar40 (Group) '' table H1
Post Equilibration Started jan_pump_extraction_line.py
add group /signal/Ar39 (Group) '' table AX
add group /signal/Ar38 (Group) '' table L1
08:41:26 -- ******* Post Equilibration Started jan_pump_extraction_line.py *******
add group /signal/Ar37 (Group) '' table L2
add group /signal/Ar36 (Group) '' table CDD
flush and close file /Users/jan/PychronDev/data/isotopes/b4/d999e2-3a09-4754-ba08-6f5c26e4bc1c.h5
measuring signal. ncounts=120.0
testing...
no interpolation path defined
calculate duration
testing...
no interpolation path defined
executed 4.0
executed 4.0
Pump after analysis
doing GOSUB
testing...
no interpolation path defined
executed 4.0
Pump Microbone
close () {'description': 'Jan Inlet'}
closing name=--- desc=Jan Inlet
checking ownership. requestor=129.138.12.150
check software interlocks R
interlocks []
actuate state mode=None-script, software_lock=False
doing actuation None-script close_channel False
Close R ===>> OK
GetIndicatorState R ===>> False
change switch state (True, True)
update switch state R False args=() kw={} ncanvase=2
08:41:26 -- CLOSE  VALVE-R (Jan Inlet)
---------------------------------------- close None (Jan Inlet) result=[(True, True)]
starting measurement
GetData ===>> H2,0.14589389744706,H1,17.1482253410157,AX,4.02853957621505,L1,0.0855519408411176,L2,0.3936998237...
action=close, ok=True, locked=[False]
is_closed ('F',) {}
is F () closed?
is closed True
open () {'description': 'CO2 Laser to Jan'}
opening name=--- desc=CO2 Laser to Jan
checking ownership. requestor=129.138.12.150
check software interlocks A
interlocks []
actuate state mode=None-script, software_lock=False
doing actuation None-script open_channel False
Open A ===>> OK
GetIndicatorState A ===>> OK
change switch state (True, True)
update switch state A True args=() kw={} ncanvase=2
08:41:27 -- OPEN   VALVE-A (CO2 Laser to Jan)
---------------------------------------- open None (CO2 Laser to Jan) result=[(True, True)], time=0.15 sec
action=open, ok=True, locked=[False]
sleep (1,) {}
SLEEP 1.0
GetData ===>> H2,0.153763747993734,H1,17.1620305236352,AX,4.02289287171372,L1,0.0810247131073636,L2,0.235905927...
Get Checksum: -423938523
close () {'description': 'CO2 Laser to Roughing'}
closing name=--- desc=CO2 Laser to Roughing
checking ownership. requestor=129.138.12.150
check software interlocks G
interlocks []
actuate state mode=None-script, software_lock=True
VALVE-G(CO2 Laser to Roughing) software locked
change switch state (True, False)
---------------------------------------- close None (CO2 Laser to Roughing) result=[(True, False)]
action=close, ok=True, locked=[True]
open () {'description': 'Microbone to Turbo'}
opening name=--- desc=Microbone to Turbo
checking ownership. requestor=129.138.12.150
check software interlocks U
interlocks []
actuate state mode=None-script, software_lock=False
doing actuation None-script open_channel True
Open U ===>> OK
GetIndicatorState U ===>> OK
change switch state (True, True)
update switch state U True args=() kw={} ncanvase=2
08:41:28 -- OPEN   VALVE-U (Microbone to Turbo)
---------------------------------------- open None (Microbone to Turbo) result=[(True, True)], time=0.21 sec
action=open, ok=True, locked=[False]
open () {'description': 'Microbone to Getter NP-10'}
opening name=--- desc=Microbone to Getter NP-10
GetData ===>> H2,0.0893812804647351,H1,17.1391221322541,AX,3.79369443930639,L1,0.12610114481115,L2,0.2673439278...
checking ownership. requestor=129.138.12.150
check software interlocks M
interlocks []
actuate state mode=None-script, software_lock=False
doing actuation None-script open_channel False
Open M ===>> OK
GetIndicatorState M ===>> OK
change switch state (True, True)
update switch state M True args=() kw={} ncanvase=2
08:41:29 -- OPEN   VALVE-M (Microbone to Getter NP-10)
---------------------------------------- open None (Microbone to Getter NP-10) result=[(True, True)], time=0.28 sec
action=open, ok=True, locked=[False]
open () {'description': 'Microbone to Getter D-50'}
opening name=--- desc=Microbone to Getter D-50
checking ownership. requestor=129.138.12.150
check software interlocks K
interlocks []
actuate state mode=None-script, software_lock=False
doing actuation None-script open_channel False
Open K ===>> OK
GetIndicatorState K ===>> OK
change switch state (True, True)
update switch state K True args=() kw={} ncanvase=2
08:41:30 -- OPEN   VALVE-K (Microbone to Getter D-50)
---------------------------------------- open None (Microbone to Getter D-50) result=[(True, True)], time=0.45 sec
GetData ===>> H2,0.0505447374038054,H1,17.2619594935409,AX,3.81608656890027,L1,0.0875660209168117,L2,0.24710458...
action=open, ok=True, locked=[False]
open () {'description': 'Microbone to CO2 Laser'}
opening name=--- desc=Microbone to CO2 Laser
checking ownership. requestor=129.138.12.150
check software interlocks T
interlocks []
actuate state mode=None-script, software_lock=False
doing actuation None-script open_channel False
Open T ===>> OK
GetIndicatorState T ===>> OK
change switch state (True, True)
update switch state T True args=() kw={} ncanvase=2
08:41:30 -- OPEN   VALVE-T (Microbone to CO2 Laser)
---------------------------------------- open None (Microbone to CO2 Laser) result=[(True, True)], time=0.46 sec
action=open, ok=True, locked=[False]
open () {'description': 'Microbone to Inlet Pipette'}
opening name=--- desc=Microbone to Inlet Pipette
checking ownership. requestor=129.138.12.150
check software interlocks S
interlocks []
actuate state mode=None-script, software_lock=False
doing actuation None-script open_channel False
GetData ===>> H2,0.112956740412275,H1,17.2195882771506,AX,3.71058055426149,L1,0.0691384735267215,L2,0.212200141...
Open S ===>> OK
GetIndicatorState S ===>> OK
change switch state (True, True)
update switch state S True args=() kw={} ncanvase=2
Get Checksum: -110011688
08:41:31 -- OPEN   VALVE-S (Microbone to Inlet Pipette)
---------------------------------------- open None (Microbone to Inlet Pipette) result=[(True, True)], time=0.81 sec
action=open, ok=True, locked=[False]
sleep (1,) {}
SLEEP 1.0
GetData ===>> H2,-0.000330030117330588,H1,17.1852675954246,AX,3.80375490310857,L1,0.0441495396694556,L2,0.18352...
set_resource () {'name': 'CO2PumpTimeFlag', 'value': 30}
Set CO2PumpTimeFlag 30 ===>> OK
release ('JanCO2Flag',) {}
release JanCO2Flag
Set JanCO2Flag 0 ===>> OK
executed 6.0
PumpMicrobone.py completed successfully
gosub finished
get_resource_value () {'name': 'JanMiniboneFlag'}
Read JanMiniboneFlag ===>> 0
Get Resource Value JanMiniboneFlag=0.0
get resource value 0.0
get_resource_value () {'name': 'JanMiniboneFlag'}
Read JanMiniboneFlag ===>> 0
Get Resource Value JanMiniboneFlag=0.0
executed 4.0
jan_pump_extraction_line.py completed successfully
Post Equilibration Finished
08:41:33 -- ******* Post Equilibration Finished *******
GetData ===>> H2,-0.0762686359726995,H1,17.320569342456,AX,3.91028576283139,L1,0.0544507536340383,L2,0.35866100...
GetData ===>> H2,-0.127190726472384,H1,17.1942321639296,AX,3.78432056545964,L1,0.0560750957512324,L2,0.33369167...
Get Checksum: -110011688
GetData ===>> H2,-0.156023687661369,H1,17.2267025261789,AX,3.80023185144829,L1,0.0157663239975908,L2,0.26151473...
GetData ===>> H2,-0.108538071108307,H1,17.3074299053535,AX,3.74643270623279,L1,0.0233430106358772,L2,0.21986935...
GetData ===>> H2,-0.149307339280158,H1,17.2573357902899,AX,3.8537768119613,L1,0.0756658044354023,L2,0.252630197...
Get Checksum: -110011688
GetData ===>> H2,-0.083410586866628,H1,17.1709543186717,AX,3.83325650189949,L1,0.0735569951245082,L2,0.33509581...
GetData ===>> H2,-0.0735806052298841,H1,17.2107252739551,AX,3.84203181562456,L1,0.067439000989933,L2,0.24566615...
GetData ===>> H2,-0.204586408312584,H1,17.1978207894651,AX,3.81218472561649,L1,0.0703422388930306,L2,0.24680776...
Get Checksum: -110011688
GetData ===>> H2,-0.201343164166232,H1,17.3111357397092,AX,3.77282016194743,L1,0.0858554726946881,L2,0.23838298...
GetData ===>> H2,-0.22337532677025,H1,17.3110320782902,AX,3.7938126527008,L1,0.0118486713315496,L2,0.2770296143...
GetData ===>> H2,-0.107473355004846,H1,17.2675677784442,AX,3.82508504077376,L1,0.0224525417632224,L2,0.34055273...
Get Checksum: -110011688
GetData ===>> H2,-0.109167113137435,H1,17.3237961334001,AX,3.82201056966854,L1,0.0405987060779211,L2,0.27421165...
GetData ===>> H2,-0.184060708548397,H1,17.3025192214992,AX,3.77659044543016,L1,0.0333926241308252,L2,0.26369351...
Get Checksum: -110011688
GetData ===>> H2,-0.0804193991622177,H1,17.3713797339816,AX,3.90177660059992,L1,0.0749154466445909,L2,0.2689980...
GetData ===>> H2,-0.174840924018445,H1,17.3644178256953,AX,3.8110142025436,L1,0.0650816366915427,L2,0.261879761...
GetData ===>> H2,-0.122788161836771,H1,17.3342158228736,AX,3.67903144806143,L1,0.0813211745100424,L2,0.28338459...
Get Checksum: -110011688
GetData ===>> H2,-0.0960149176549852,H1,17.2977383201743,AX,3.72614012117174,L1,0.0490321540615347,L2,0.3159876...
GetData ===>> H2,-0.117306908863233,H1,17.3785495391056,AX,3.88313946772007,L1,0.0465733940643719,L2,0.24232130...
08:41:52 -- collecting point 25
GetData ===>> H2,-0.148288997684726,H1,17.3243145023161,AX,3.91760020133572,L1,0.0679336479952646,L2,0.22606680...
Get Checksum: -110011688
GetData ===>> H2,-0.202391995718866,H1,17.4293468028812,AX,3.80721896510504,L1,0.0435684742883012,L2,0.38714334...
GetData ===>> H2,-0.243374668976357,H1,17.4322499740794,AX,3.77988808353523,L1,-0.0117666884760745,L2,0.4260775...
GetData ===>> H2,-0.289427201955873,H1,17.3929165019364,AX,3.79425004348451,L1,0.0123444469578668,L2,0.33871470...
Get Checksum: -110011688
GetData ===>> H2,-0.164232142003968,H1,17.4139257654722,AX,3.8033765828423,L1,0.0185839411872834,L2,0.151404570...
GetData ===>> H2,-0.132373976062566,H1,17.4422302158574,AX,3.82748555942173,L1,0.0360477201164446,L2,0.22696848...
GetData ===>> H2,-0.163889229201615,H1,17.4882678270989,AX,3.78812674793801,L1,0.0612771547937798,L2,0.29500035...
Get Checksum: -110011688
GetData ===>> H2,-0.117523395498969,H1,17.5675795893904,AX,3.71548699313471,L1,0.0451308797069156,L2,0.21711886...
GetData ===>> H2,-0.134691997505393,H1,17.5384763323508,AX,3.77440389994218,L1,0.00259028155797829,L2,0.1502755...
GetData ===>> H2,-0.242833671036837,H1,17.5118322007977,AX,3.73685352123761,L1,0.032605484623451,L2,0.351262006...
Get Checksum: -110011688
GetData ===>> H2,-0.256524246846968,H1,17.4671848254332,AX,3.66371560582125,L1,0.0566527025874847,L2,0.24857729...
GetData ===>> H2,-0.121652087922587,H1,17.530575809909,AX,3.77798513204407,L1,0.0796244722708927,L2,0.341819978...
GetData ===>> H2,-0.211854044056486,H1,17.5313411884792,AX,3.76138017858196,L1,0.103543491671494,L2,0.235826023...
Get Checksum: -110011688
GetData ===>> H2,-0.252577082254418,H1,17.5818550956866,AX,3.79188579193111,L1,0.0302564487299998,L2,0.23095199...
GetData ===>> H2,-0.213590094087346,H1,17.6581239470727,AX,3.78557351624342,L1,0.00393609696313251,L2,0.1684448...
GetData ===>> H2,-0.000370808806292343,H1,17.5361541160141,AX,3.69385319532613,L1,0.019326309034052,L2,0.217050...
Get Checksum: -110011688
GetData ===>> H2,-0.0939561831584644,H1,17.3572489518825,AX,3.81715073460098,L1,0.0274515395385291,L2,0.3472202...
GetData ===>> H2,-0.0768148399074658,H1,17.5285910397035,AX,3.80785740610902,L1,0.037062346029683,L2,0.29779610...
Get Checksum: -110011688
GetData ===>> H2,-0.197733523793471,H1,17.584554674567,AX,3.74807663466324,L1,0.0428839909092945,L2,0.214334220...
GetData ===>> H2,-0.16942046910637,H1,17.6521809578754,AX,3.72357427986437,L1,0.0859867650887711,L2,0.255244698...
GetData ===>> H2,-0.130936132045984,H1,17.4773757295921,AX,3.75027646639845,L1,0.072322744924355,L2,0.232070602...
Get Checksum: -110011688
GetData ===>> H2,-0.0937868627391164,H1,17.5841133926741,AX,3.75735049858486,L1,0.0282935309724245,L2,0.2721353...
GetData ===>> H2,-0.181633685956895,H1,17.5925629537258,AX,3.7866964572757,L1,0.00863932437674944,L2,0.25553012...
GetData ===>> H2,-0.0893768708165778,H1,17.5770401475764,AX,3.79241774361965,L1,0.0134837429456837,L2,0.2419674...
Get Checksum: -110011688
GetData ===>> H2,-0.128900721808277,H1,17.5832957280112,AX,3.80208794025803,L1,0.0786979134909658,L2,0.26521069...
08:42:18 -- collecting point 50
GetData ===>> H2,-0.105173119326385,H1,17.6841056237522,AX,3.8143484561272,L1,0.0567730415035242,L2,0.206711097...
GetData ===>> H2,-0.171710189633988,H1,17.7005517752407,AX,3.7697473095838,L1,0.0202789744093425,L2,0.315690848...
Get Checksum: -110011688
GetData ===>> H2,-0.186704343385743,H1,17.5946527312418,AX,3.75597973565656,L1,0.0418759962270648,L2,0.28249464...
GetData ===>> H2,-0.196218938721198,H1,17.6715293031429,AX,3.75199142282141,L1,0.00133466949554526,L2,0.2681766...
GetData ===>> H2,-0.110675006207394,H1,17.7405547116238,AX,3.70721121269648,L1,0.0520231501101514,L2,0.25908095...
Get Checksum: -110011688
GetData ===>> H2,-0.175568577373057,H1,17.5586907878433,AX,3.81760005243383,L1,0.0671573879654179,L2,0.22801856...
GetData ===>> H2,-0.198889219470163,H1,17.5971059994986,AX,3.67315773204306,L1,0.0673980823707844,L2,0.34993755...
GetData ===>> H2,-0.220681339168752,H1,17.7021614767256,AX,3.79305608940988,L1,0.0589285543498565,L2,0.27931142...
Get Checksum: -110011688
GetData ===>> H2,-0.196133964897003,H1,17.7131574124671,AX,3.76363734357867,L1,0.0415777068450828,L2,0.32631743...
GetData ===>> H2,-0.176319131849328,H1,17.7232455692187,AX,3.68076881101084,L1,0.0444948262494786,L2,0.33600908...
GetData ===>> H2,-0.187874898735257,H1,17.6641970308141,AX,3.74180856442044,L1,0.00476696663154118,L2,0.3104750...
GetData ===>> H2,-0.218676595725148,H1,17.7188830084341,AX,3.77546761875587,L1,0.0433880260090856,L2,0.36167557...
GetData ===>> H2,-0.155221160407524,H1,17.770946503794,AX,3.69458606645134,L1,0.0484008749144909,L2,0.266910433...
Get Checksum: -110011688
GetData ===>> H2,-0.150511943607137,H1,17.7194413025977,AX,3.74474149893532,L1,0.0373881539559714,L2,0.31741430...
GetData ===>> H2,-0.222404218259219,H1,17.8032698106359,AX,3.8002554956734,L1,0.0402042461285433,L2,0.302509129...
Get Checksum: -110011688
testing age>100.0
evaluate ot="age>100.0" t="age>100.0", ctx="{'age': 27.720144283233548}"
testing Ar39<0.5
evaluate ot="Ar39<0.5" t="Ar39<0.5", ctx="{'Ar39': 3.821686207566858}"
GetData ===>> H2,-0.215677311010442,H1,17.7873667929479,AX,3.83043011724517,L1,0.0478622145917231,L2,0.25200227...
GetData ===>> H2,-0.272695249639534,H1,17.7599057700023,AX,3.66638625372791,L1,0.0395957497418009,L2,0.25986072...
GetData ===>> H2,-0.209155836060761,H1,17.6791476026384,AX,3.74266005260563,L1,0.0636997587166451,L2,0.30061476...
Get Checksum: -110011688
GetData ===>> H2,-0.243419078103755,H1,17.7644518190461,AX,3.69179645689764,L1,0.00454843646347149,L2,0.1276398...
GetData ===>> H2,-0.279026841481573,H1,17.8662607390545,AX,3.7188447923761,L1,0.0110864488838973,L2,0.271336730...
testing age>100.0
evaluate ot="age>100.0" t="age>100.0", ctx="{'age': 27.948733174849256}"
testing Ar39<0.5
evaluate ot="Ar39<0.5" t="Ar39<0.5", ctx="{'Ar39': 3.821100483368821}"
GetData ===>> H2,-0.203628090064782,H1,17.8397129127897,AX,3.74140647531775,L1,0.00816293031776791,L2,0.2297192...
Get Checksum: -110011688
GetData ===>> H2,-0.144529525837791,H1,17.8544536913346,AX,3.75322147878733,L1,0.0574072512837562,L2,0.27137095...
GetData ===>> H2,-0.122581242556448,H1,17.8739639357085,AX,3.7453446534753,L1,0.0377091631992168,L2,0.246122796...
GetData ===>> H2,-0.223446708708277,H1,17.8371415978749,AX,3.79488840106124,L1,0.0126301592454729,L2,0.27167897...
Get Checksum: -110011688
GetData ===>> H2,-0.16916407794839,H1,17.9098890623325,AX,3.8325351157399,L1,0.0288989434378334,L2,0.2232590677...
testing age>100.0
evaluate ot="age>100.0" t="age>100.0", ctx="{'age': 28.115462001259292}"
testing Ar39<0.5
evaluate ot="Ar39<0.5" t="Ar39<0.5", ctx="{'Ar39': 3.808150115338622}"
08:42:44 -- collecting point 75
GetData ===>> H2,-0.187424491995336,H1,17.840024591446,AX,3.76432277557394,L1,0.0571292530996144,L2,0.281068458...
GetData ===>> H2,-0.228951187499822,H1,17.8555317295577,AX,3.74095708354323,L1,0.0487688156752502,L2,0.25814470...
Get Checksum: -110011688
GetData ===>> H2,-0.210955610946896,H1,17.8228056809806,AX,3.68950336203602,L1,0.0112568936228012,L2,0.27433714...
GetData ===>> H2,-0.310288481779211,H1,17.9252761720539,AX,3.79611784203818,L1,0.0305135543833591,L2,0.38299723...
GetData ===>> H2,-0.175818317747738,H1,17.9354661287008,AX,3.77805604883625,L1,0.0434686258417491,L2,0.36929235...
Get Checksum: -110011688
testing age>100.0
evaluate ot="age>100.0" t="age>100.0", ctx="{'age': 28.191964449592824}"
testing Ar39<0.5
evaluate ot="Ar39<0.5" t="Ar39<0.5", ctx="{'Ar39': 3.8019419406863944}"
GetData ===>> H2,-0.238090668341017,H1,17.9326585966481,AX,3.75051301034959,L1,0.0557935243970127,L2,0.25841873...
GetData ===>> H2,-0.150925152829719,H1,17.9962877306191,AX,3.72939185872589,L1,0.0635913793279153,L2,0.30060335...
GetData ===>> H2,-0.0964848527891373,H1,17.9787320554429,AX,3.66378650704874,L1,0.0109208081678057,L2,0.2175068...
Get Checksum: -110011688
GetData ===>> H2,-0.128795290814065,H1,17.9790311284764,AX,3.75601518618337,L1,0.00271993301985012,L2,0.1638252...
GetData ===>> H2,-0.144059335318383,H1,18.0470887035628,AX,3.80170962634636,L1,0.0394959405966249,L2,0.22409224...
testing age>100.0
evaluate ot="age>100.0" t="age>100.0", ctx="{'age': 28.34201926226649}"
testing Ar39<0.5
evaluate ot="Ar39<0.5" t="Ar39<0.5", ctx="{'Ar39': 3.7987603498252325}"
GetData ===>> H2,-0.157424596544169,H1,17.9237035722225,AX,3.66160040918118,L1,0.0564084189980713,L2,0.18089056...
Get Checksum: -110011688
GetData ===>> H2,-0.207640084871272,H1,17.9453060592111,AX,3.76582365182307,L1,0.0508817286051369,L2,0.25034684...
GetData ===>> H2,-0.10144710251645,H1,17.9096681483563,AX,3.78693286753327,L1,0.0716520985086188,L2,0.361607061...
Get Checksum: -110011688
GetData ===>> H2,-0.189688481016614,H1,17.9525078391109,AX,3.77700412161823,L1,0.0583339671695211,L2,0.25466242...
GetData ===>> H2,-0.270560188667383,H1,17.9593980736206,AX,3.70568617992799,L1,0.0523779913074802,L2,0.26275811...
testing age>100.0
evaluate ot="age>100.0" t="age>100.0", ctx="{'age': 28.403906877383875}"
testing Ar39<0.5
evaluate ot="Ar39<0.5" t="Ar39<0.5", ctx="{'Ar39': 3.7954960717990693}"
GetData ===>> H2,-0.162915786319891,H1,17.9151521452687,AX,3.70715210246249,L1,0.0519305325957683,L2,0.17530064...
Get Checksum: -110011688
GetData ===>> H2,-0.171043695290063,H1,18.0392630183979,AX,3.62738539545969,L1,0.0116302016800561,L2,0.18545400...
GetData ===>> H2,-0.0482386438725693,H1,18.0392760174096,AX,3.69583905220845,L1,0.0472298063445554,L2,0.2797107...
GetData ===>> H2,-0.00201812546531015,H1,17.9814237422608,AX,3.78589266661272,L1,0.04611296916534,L2,0.29787598...
Get Checksum: -110011688
GetData ===>> H2,-0.0811835273628685,H1,17.9929974519316,AX,3.79868316696984,L1,0.0391207632432638,L2,0.2459173...
testing age>100.0
evaluate ot="age>100.0" t="age>100.0", ctx="{'age': 28.470207038371992}"
testing Ar39<0.5
evaluate ot="Ar39<0.5" t="Ar39<0.5", ctx="{'Ar39': 3.7945410468113616}"
GetData ===>> H2,-0.128493860901732,H1,17.9335684370833,AX,3.80593027262756,L1,0.0286262630869169,L2,0.33127158...
GetData ===>> H2,-0.169471746641632,H1,17.9588130368008,AX,3.80439332182821,L1,0.0356137702836313,L2,0.17282521...
Get Checksum: -110011688
GetData ===>> H2,-0.117645167417678,H1,17.9935566622585,AX,3.77233559044705,L1,0.0512064613151588,L2,0.21180072...
GetData ===>> H2,-0.127666577134263,H1,18.0339985459803,AX,3.7414537798335,L1,0.0721469517934127,L2,0.213877729...
GetData ===>> H2,-0.180624409459844,H1,17.9877696242788,AX,3.76433459340848,L1,0.041310697216051,L2,0.203801232...
Get Checksum: -110011688
testing age>100.0
evaluate ot="age>100.0" t="age>100.0", ctx="{'age': 28.489870340468052}"
testing Ar39<0.5
evaluate ot="Ar39<0.5" t="Ar39<0.5", ctx="{'Ar39': 3.784948598880829}"
08:43:11 -- collecting point 100
GetData ===>> H2,-0.18128287812404,H1,18.0091094799292,AX,3.81549537066352,L1,0.0237564264269732,L2,0.332652853...
GetData ===>> H2,-0.251438117054997,H1,18.0137099552679,AX,3.6344022915961,L1,0.045105637541096,L2,0.2657582609...
GetData ===>> H2,-0.23751361421773,H1,18.0567090855491,AX,3.72285301845115,L1,0.025032856808841,L2,0.1978448439...
Get Checksum: -110011688
GetData ===>> H2,-0.127935586152245,H1,18.0565790747339,AX,3.71166822579843,L1,0.0388141382663908,L2,0.27874096...
GetData ===>> H2,-0.0157455643133564,H1,18.0748211057931,AX,3.66187219169833,L1,0.02953082139919,L2,0.192470719...
testing age>100.0
evaluate ot="age>100.0" t="age>100.0", ctx="{'age': 28.507013883534814}"
testing Ar39<0.5
evaluate ot="Ar39<0.5" t="Ar39<0.5", ctx="{'Ar39': 3.786782103173466}"
GetData ===>> H2,-0.182475580410658,H1,18.0353633848114,AX,3.76457095039499,L1,0.0579909520265301,L2,0.26961410...
Get Checksum: -110011688
GetData ===>> H2,-0.189328484453702,H1,18.1026516026716,AX,3.74836048117863,L1,0.0483960653201451,L2,0.27115419...
GetData ===>> H2,-0.144867294351176,H1,18.1406503869796,AX,3.6860401800864,L1,0.0317475124439106,L2,0.260761870...
GetData ===>> H2,-0.12727183879123,H1,18.1171678924564,AX,3.64561381774293,L1,0.00819172931885175,L2,0.28717268...
Get Checksum: -110011688
GetData ===>> H2,-0.117727700975589,H1,18.0388470508421,AX,3.56312914932472,L1,0.00542860020239079,L2,0.2474470...
testing age>100.0
evaluate ot="age>100.0" t="age>100.0", ctx="{'age': 28.481737876209564}"
testing Ar39<0.5
evaluate ot="Ar39<0.5" t="Ar39<0.5", ctx="{'Ar39': 3.791426071453162}"
GetData ===>> H2,-0.147124680780804,H1,18.1374366946572,AX,3.72681410892638,L1,0.00936055825025781,L2,0.2681652...
Get Checksum: -110011688
GetData ===>> H2,-0.196267494905658,H1,18.0441767551487,AX,3.83472294238542,L1,0.043478249745385,L2,0.148245488...
GetData ===>> H2,-0.216639994116611,H1,18.0813359270526,AX,3.67989421633432,L1,0.0308343449263767,L2,0.20704202...
GetData ===>> H2,-0.171727728429251,H1,18.1882423203513,AX,3.688226816734,L1,0.0220608084393618,L2,0.3142641678...
Get Checksum: -110011688
GetData ===>> H2,-0.24835682176356,H1,18.1232819614202,AX,3.72624653998649,L1,0.0336906716101372,L2,0.300842997...
testing age>100.0
evaluate ot="age>100.0" t="age>100.0", ctx="{'age': 28.571384042859485}"
testing Ar39<0.5
evaluate ot="Ar39<0.5" t="Ar39<0.5", ctx="{'Ar39': 3.787805675258413}"
GetData ===>> H2,-0.241446067777592,H1,18.1220331024824,AX,3.74478880504119,L1,0.0498991750972612,L2,0.20148481...
GetData ===>> H2,-0.162098893851256,H1,18.1644762953561,AX,3.67061689628259,L1,0.0578272717135123,L2,0.23232172...
Get Checksum: -110011688
GetData ===>> H2,-0.165783220274458,H1,18.1732089925182,AX,3.74636174590664,L1,0.0259791243579438,L2,0.29934806...
GetData ===>> H2,-0.108805925521343,H1,18.1487435859312,AX,3.68024878081417,L1,0.0348312652726014,L2,0.25614666...
GetData ===>> H2,-0.267623651678994,H1,18.1496934701643,AX,3.69737575446394,L1,-0.0115473133504287,L2,0.2240123...
Get Checksum: -110011688
testing age>100.0
evaluate ot="age>100.0" t="age>100.0", ctx="{'age': 28.649693739052843}"
testing Ar39<0.5
evaluate ot="Ar39<0.5" t="Ar39<0.5", ctx="{'Ar39': 3.7870688677771938}"
GetData ===>> H2,-0.179600198694444,H1,18.2713889578298,AX,3.83780963388079,L1,-0.0217776322892452,L2,0.2865337...
measurement finished
estimated time: 125.829 actual time: :126.228
flush and close file /Users/jan/PychronDev/data/isotopes/b4/d999e2-3a09-4754-ba08-6f5c26e4bc1c.h5
baselines () {'settling_time': 15.0, 'detector': 'H1', 'mass': 34.2, 'ncounts': 60.0}
%%%%%%%%%%%%%%%%%%%%%%%%%%%%%%%% Baseline
build tables- baseline [Detector(H2), Detector(H1), Detector(AX), Detector(L1), Detector(L2), Detector(CDD)]
add group baseline table H2
add group baseline table H1
add group baseline table AX
add group baseline table L1
add group baseline table L2
add group baseline table CDD
flush and close file /Users/jan/PychronDev/data/isotopes/b4/d999e2-3a09-4754-ba08-6f5c26e4bc1c.h5
detector Detector(H1)
POSITION 34.2 H1
Mapping mass to dac mass func: "parabolic"
H1 map mass coeffs = [-0.00063987  0.15840543  0.57002999]
H1 map mass to dac 34.2 >> 5.23907599104
GetDeflection H1 ===>> 0
GetHighVoltage ===>> 4499.94659342336
positioning 34.2 (5.23904513862) on H1
setting magnet DAC
current  : 5.878385
requested: 5.239045
Delta Dac: 0.639340
Checking detector protection. dv=0.63934
Checking detector "CDD". Protection Threshold: 0.1 (V)
ProtectDetector CDD,On ===>> OK
GetDeflection CDD ===>> 2000
SetMagnetDAC 5.23904513862 ===>> OK
Magnet settling time: 0.500
GetMagnetMoving ===>> True
GetMagnetMoving ===>> True
GetMagnetMoving ===>> True
GetMagnetMoving ===>> True
Get Checksum: -110011688
GetMagnetMoving ===>> True
GetMagnetMoving ===>> True
GetMagnetMoving ===>> True
GetMagnetMoving ===>> True
GetMagnetMoving ===>> False
ProtectDetector CDD,Off ===>> OK
GetDeflection CDD ===>> 50
Delaying 15.0s for detectors to settle
Get Checksum: -110011688
Get Checksum: -110011688
Get Checksum: -110011688
Get Checksum: -110011688
Get Checksum: -110011688
Join finished
measuring baseline. ncounts=60.0
starting measurement
GetData ===>> H2,-0.255424664648784,H1,-0.0156874436534558,AX,-0.00785300669822054,L1,-0.0100295380626338,L2,-0...
GetData ===>> H2,-0.304003963425951,H1,-0.0538575756476199,AX,-0.0830025774318676,L1,-0.0547100126587575,L2,-0....
Get Checksum: -110011688
GetData ===>> H2,-0.220463098057446,H1,-0.0419823936003592,AX,-0.018489482888885,L1,-0.0699025678454286,L2,-0.0...
GetData ===>> H2,-0.202116990167894,H1,-0.00839995612464932,AX,-0.146780013257683,L1,-0.00624609243110812,L2,-0...
GetData ===>> H2,-0.246367184299704,H1,-0.0859945746472633,AX,-0.0377412164251699,L1,0.00389647627776607,L2,0.0...
Get Checksum: -110011688
GetData ===>> H2,-0.100699857252033,H1,0.0535472144523432,AX,-0.0357466353317082,L1,-0.0188031155350714,L2,-0.0...
GetData ===>> H2,-0.22432076417975,H1,-0.00935415816527547,AX,-0.0553195935971708,L1,-0.0558257128497483,L2,-0....
GetData ===>> H2,-0.186953838259458,H1,-0.0113102439114109,AX,-0.0868970386650075,L1,-0.00871658572311059,L2,-0...
Get Checksum: -110011688
GetData ===>> H2,-0.130513153300104,H1,-0.110436099968525,AX,-0.0548442307107824,L1,0.0106135398475295,L2,-0.12...
GetData ===>> H2,-0.205609333556391,H1,-0.0331943286071333,AX,-0.0062290149253335,L1,0.00270072529055632,L2,-0....
Get Checksum: -110011688
GetData ===>> H2,-0.259251232216461,H1,0.00579487331353619,AX,0.00208856768252657,L1,-0.0218939095184791,L2,-0....
GetData ===>> H2,-0.177828189751596,H1,-0.0447486261516026,AX,-0.133572078352872,L1,0.000972179646644162,L2,0.0...
GetData ===>> H2,-0.216178185738062,H1,-0.00397472525179836,AX,-0.00834019894659606,L1,-0.00242282855314442,L2,...
Get Checksum: -110011688
GetData ===>> H2,-0.172199916555632,H1,-0.0225331433712615,AX,-0.0377991978222779,L1,-0.013738452404361,L2,0.00...
GetData ===>> H2,-0.146206109767483,H1,-0.0465967130521825,AX,-0.0473772504256469,L1,-0.0140764302908284,L2,-0....
GetData ===>> H2,-0.247646565470748,H1,-0.0519380884859143,AX,-0.00302735178173675,L1,-0.0137983783894184,L2,-0...
Get Checksum: -110011688
GetData ===>> H2,-0.282723227066503,H1,-0.0685684473618718,AX,-0.117699515677949,L1,0.0120167281329618,L2,0.039...
GetData ===>> H2,-0.14790000487195,H1,-0.0534402989617487,AX,-0.00912898122622836,L1,-0.0117822723194869,L2,-0....
GetData ===>> H2,-0.302667614682524,H1,-0.0883186235365539,AX,-0.1400898632896,L1,-0.0354908515669632,L2,-0.029...
GetData ===>> H2,-0.210039593656095,H1,-0.0389179863795384,AX,-0.14250161683883,L1,-0.0737162347560942,L2,0.000...
GetData ===>> H2,-0.137067680882603,H1,-0.0631683542688719,AX,-0.0708197889646026,L1,-0.0438011066815835,L2,-0....
Get Checksum: -110011688
GetData ===>> H2,-0.232640433909647,H1,-0.022759735182176,AX,-0.100433715051227,L1,7.44132829829875E-05,L2,-0.0...
GetData ===>> H2,-0.315396177858268,H1,-0.045118246261988,AX,-0.0318385294439797,L1,-0.0310348457070083,L2,0.06...
GetData ===>> H2,-0.164346893970747,H1,0.00708324318552407,AX,-0.0879401714553966,L1,0.00575730445902789,L2,0.0...
Get Checksum: -110011688
08:44:16 -- collecting point 25
GetData ===>> H2,-0.101196672531416,H1,-0.00399858146835614,AX,-0.0748770239874303,L1,-0.0336022545032896,L2,-0...
GetData ===>> H2,-0.216959886308212,H1,-0.06811547061758,AX,-0.130606307191829,L1,-0.0267044507567211,L2,-0.172...
GetData ===>> H2,-0.210082702015992,H1,-0.0799279567740506,AX,-0.0753406972183566,L1,-0.0235971569352648,L2,-0....
Get Checksum: -110011688
GetData ===>> H2,-0.220441543151126,H1,-0.0703088126215999,AX,-0.0208091706302987,L1,-0.000276029942042333,L2,-...
GetData ===>> H2,-0.221635084205666,H1,-0.035185721671893,AX,-0.0600267202495555,L1,0.0203943094926539,L2,0.025...
GetData ===>> H2,-0.160662100429959,H1,-0.0942059724671427,AX,-0.161863047848069,L1,-0.0229043859567063,L2,0.04...
Get Checksum: -110011688
GetData ===>> H2,-0.118209360264381,H1,-0.00396279714143228,AX,-0.119715590579444,L1,-0.0167740409507383,L2,-0....
GetData ===>> H2,-0.225476191386942,H1,-0.0165342367645092,AX,-0.120712025964282,L1,-0.0181052176092512,L2,-0.0...
Get Checksum: -110011688
GetData ===>> H2,-0.237247271601002,H1,0.00997020625381779,AX,0.0153378447316112,L1,-0.00838082612109674,L2,0.0...
GetData ===>> H2,-0.257888493911838,H1,-0.00234056088592709,AX,-0.0429362124950593,L1,-0.00841919921387539,L2,0...
GetData ===>> H2,-0.219730208181544,H1,-0.0675432865359092,AX,-0.0559688659829011,L1,-0.0371503373469079,L2,0.0...
Get Checksum: -110011688
GetData ===>> H2,-0.198720659776377,H1,0.0252772732749708,AX,0.016950620652223,L1,-0.0376978476362939,L2,0.0527...
GetData ===>> H2,-0.304371764093881,H1,-0.0193488778771787,AX,-0.122704866114991,L1,-0.0114142474197654,L2,-0.0...
GetData ===>> H2,-0.164584494348782,H1,0.00698780781156496,AX,-0.0840457519756552,L1,0.000696119970780412,L2,-0...
Get Checksum: -110011688
GetData ===>> H2,-0.151800134414221,H1,-0.0159498310172477,AX,-0.0510644334156105,L1,0.00535062448930992,L2,-0....
GetData ===>> H2,-0.216210499474592,H1,-0.0346014248201907,AX,-0.102021369611352,L1,-0.00522533787394152,L2,-0....
GetData ===>> H2,-0.0883713428443335,H1,-0.113045544376145,AX,-0.0300177855767507,L1,-0.0122054243825237,L2,0.0...
Get Checksum: -110011688
GetData ===>> H2,-0.20690975710988,H1,-0.0814178282428689,AX,-0.0728020592113306,L1,-0.0127448275625385,L2,-0.1...
GetData ===>> H2,-0.188940160717444,H1,-0.031453317775809,AX,-0.0493484033656572,L1,-0.00913027411769755,L2,-0....
GetData ===>> H2,-0.169060170405676,H1,-0.101225051151732,AX,-0.0340071417055449,L1,-0.00312952795529548,L2,-0....
Get Checksum: -110011688
GetData ===>> H2,-0.160609432548354,H1,-0.0727643449981439,AX,-0.073567135172333,L1,-0.040300809146097,L2,-0.04...
GetData ===>> H2,-0.165034031432948,H1,-0.0254191691467785,AX,-0.0423680233065889,L1,-0.0495775827645577,L2,0.0...
GetData ===>> H2,-0.149902905173049,H1,-0.0350664776934682,AX,-0.0290204209933451,L1,-0.0303988796308425,L2,-0....
Get Checksum: -110011688
GetData ===>> H2,-0.215665192798535,H1,-0.0571480394131239,AX,-0.160228489159472,L1,-0.0222846870583666,L2,-0.0...
GetData ===>> H2,-0.162926587809286,H1,-0.0214001766218662,AX,-0.0899336830120725,L1,0.0163823852777005,L2,-0.1...
08:44:43 -- collecting point 50
GetData ===>> H2,-0.184368265149764,H1,-0.0255622756973882,AX,-0.0411156762385782,L1,-0.00646558312205602,L2,-0...
Get Checksum: -110011688
GetData ===>> H2,-0.183851619245787,H1,-0.0210900992761996,AX,-0.0116228831440655,L1,-0.026551085848661,L2,-0.0...
GetData ===>> H2,-0.210278034712342,H1,-0.0755535659585192,AX,-0.00930297645680549,L1,-0.0487411210466224,L2,0....
GetData ===>> H2,-0.220613981250653,H1,-0.0618212657655491,AX,-0.00317815711921982,L1,-0.0298095870243692,L2,0....
Get Checksum: -110011688
GetData ===>> H2,-0.136804041076244,H1,0.0177725808553354,AX,0.0600091758772813,L1,-0.0220521402899794,L2,-0.07...
GetData ===>> H2,-0.175660374475217,H1,-0.0619404778689379,AX,-0.130722159324877,L1,-0.00999956389217074,L2,-0....
Get Checksum: -110011688
GetData ===>> H2,-0.169174873482587,H1,-0.0042848556231377,AX,-0.0706111265894933,L1,-0.0451108600620575,L2,0.0...
GetData ===>> H2,-0.178427437820297,H1,-0.0472763235232819,AX,-0.0841152965476123,L1,-0.0368867550195866,L2,-0....
GetData ===>> H2,-0.262248548177614,H1,-0.0810721800384105,AX,-0.0809973327297669,L1,-0.0594532758237684,L2,0.0...
Get Checksum: -110011688
GetData ===>> H2,-0.286377260220303,H1,-0.0530230205359803,AX,-0.0302497293638756,L1,-0.0281589047846463,L2,0.0...
GetData ===>> H2,-0.200315808141494,H1,-0.0532376210865547,AX,-0.13574159882649,L1,-0.0137276656891505,L2,-0.05...
measurement finished
estimated time: 62.915 actual time: :63.099
flush and close file /Users/jan/PychronDev/data/isotopes/b4/d999e2-3a09-4754-ba08-6f5c26e4bc1c.h5
activate_detectors ('H1', 'AX', 'CDD') {'peak_center': True}
peak_center () {'detector': 'H1', 'isotope': 'Ar40'}
peak center: mean=18.1466581368 threshold=3
peak center started
setup peak center. detector=['H1', 'AX', 'CDD'], isotope=Ar40
VersionedUnpickler [<apptools.sweet_pickle.versioned_unpickler.VersionedUnpickler object at 0x1a0bc6fb0>] using Updater [<apptools.sweet_pickle.updater.Updater object at 0x12ce00cb0>]
VersionedUnpickler [<apptools.sweet_pickle.versioned_unpickler.VersionedUnpickler object at 0x1a0bc6fb0>] using Updater [<apptools.sweet_pickle.updater.Updater object at 0x12ce00cb0>]
VersionedUnpickler [<apptools.sweet_pickle.versioned_unpickler.VersionedUnpickler object at 0x19caf26b0>] using Updater [<apptools.sweet_pickle.updater.Updater object at 0x12ce00cb0>]
setting integration time = 0.524288
SetIntegrationTime 0.524288 ===>> OK
Mapping mass to dac mass func: "parabolic"
H1 map mass coeffs = [-0.00063987  0.15840543  0.57002999]
H1 map mass to dac 39.9624 >> 5.87842
GetDeflection H1 ===>> 0
GetHighVoltage ===>> 4499.94659342336
do peak center. <pychron.spectrometer.jobs.peak_center.PeakCenter object at 0x12ce00b30>
doing pc
starting peak center. center dac= 5.87838538254 step_width=0.001
width = 0.001
get scan parameters. half-width=0.015,window=0.015, i=0, scalar=1
Scan parameters center=5.87839 width=0.03000 (5.86339 - 5.89339)
GetData ===>> H2,-0.262240479564041,H1,-0.127070651706806,AX,-0.0198929005783464,L1,-0.0343811797224397,L2,-0.1...
Moving to starting dac 5.86338538254
setting magnet DAC
current  : 5.239045
requested: 5.863385
Delta Dac: 0.624340
Checking detector protection. dv=0.62434
Checking detector "CDD". Protection Threshold: 0.1 (V)
ProtectDetector CDD,On ===>> OK
GetDeflection CDD ===>> 2000
SetMagnetDAC 5.86338538254 ===>> OK
Magnet settling time: 0.500
Get Checksum: -110011688
GetMagnetMoving ===>> True
GetMagnetMoving ===>> True
GetMagnetMoving ===>> True
GetMagnetMoving ===>> True
GetMagnetMoving ===>> True
GetMagnetMoving ===>> True
GetMagnetMoving ===>> True
GetMagnetMoving ===>> True
GetMagnetMoving ===>> False
ProtectDetector CDD,Off ===>> OK
GetDeflection CDD ===>> 50
Wait until signal near baseline. tol= -0.0953029887801. timeout= 10
GetData ===>> H2,0.412405253966549,H1,0.240082205202907,AX,-0.0810436972358007,L1,0.0131436361951136,L2,-0.0497...
GetData ===>> H2,1.04765860948485,H1,0.773357444415957,AX,-0.0934685885397955,L1,-0.00528051644202089,L2,-0.153...
Get Checksum: -110011688
GetData ===>> H2,0.562531080492413,H1,0.274483273803594,AX,-0.0127480179758453,L1,-0.017132097992123,L2,-0.2255...
GetData ===>> H2,0.146607176031411,H1,0.179067863528437,AX,-0.0342274792845286,L1,-0.0118541974379204,L2,-0.020...
GetData ===>> H2,0.146607176031411,H1,0.179067863528437,AX,-0.0342274792845286,L1,-0.0118541974379204,L2,-0.020...
GetData ===>> H2,-0.105485528709932,H1,0.0605771557514735,AX,-0.119147849574869,L1,-0.0169140379478038,L2,0.034...
GetData ===>> H2,-0.164491344794338,H1,-0.117799562653675,AX,-0.069057737065614,L1,-0.0227185743059604,L2,0.095...
Peak center baseline intensity achieved
_do_sweep sm= 5.86338538254, em= 5.89338538254, stm= 0.001
calculated step values: start=5.86338538254, end=5.89338538254, width=0.001, nsteps=31.0
setting magnet DAC
current  : 5.863385
requested: 5.863385
Delta Dac: 0.000000
Checking detector protection. dv=0.00000
Checking detector "CDD". Protection Threshold: 0.1 (V)
SetMagnetDAC 5.86338538254 ===>> OK
GetData ===>> H2,-0.178795001177594,H1,-0.0460244059179658,AX,-0.106262713856737,L1,-0.00416729031411441,L2,-0....
setting magnet DAC
current  : 5.863385
requested: 5.864420
Delta Dac: 0.001034
Checking detector protection. dv=0.00103
Checking detector "CDD". Protection Threshold: 0.1 (V)
SetMagnetDAC 5.86441986529 ===>> OK
Magnet settling time: 1.049
Get Checksum: -110011688
GetData ===>> H2,-0.221570608240614,H1,-0.038202547058863,AX,-0.104037769440882,L1,0.0261628642664974,L2,-0.047...
setting magnet DAC
current  : 5.864420
requested: 5.865454
Delta Dac: 0.001034
Checking detector protection. dv=0.00103
Checking detector "CDD". Protection Threshold: 0.1 (V)
SetMagnetDAC 5.86545434805 ===>> OK
Magnet settling time: 1.049
GetData ===>> H2,-0.208042957676752,H1,0.128986088013572,AX,-0.137615112909831,L1,0.0168287907882694,L2,0.00776...
setting magnet DAC
current  : 5.865454
requested: 5.866489
Delta Dac: 0.001034
Checking detector protection. dv=0.00103
Checking detector "CDD". Protection Threshold: 0.1 (V)
SetMagnetDAC 5.86648883081 ===>> OK
Magnet settling time: 1.049
GetData ===>> H2,-0.237748579816043,H1,0.239151320246456,AX,-0.00903618364268824,L1,-0.000517252609681292,L2,-0...
setting magnet DAC
current  : 5.866489
requested: 5.867523
Delta Dac: 0.001034
Checking detector protection. dv=0.00103
Checking detector "CDD". Protection Threshold: 0.1 (V)
SetMagnetDAC 5.86752331357 ===>> OK
Magnet settling time: 1.049
Get Checksum: -110011688
GetData ===>> H2,-0.146400847090701,H1,1.05810136518649,AX,0.145669330251763,L1,-0.0190033860420733,L2,-0.08973...
setting magnet DAC
current  : 5.867523
requested: 5.868558
Delta Dac: 0.001034
Checking detector protection. dv=0.00103
Checking detector "CDD". Protection Threshold: 0.1 (V)
SetMagnetDAC 5.86855779633 ===>> OK
Magnet settling time: 1.049
GetData ===>> H2,-0.176691464950187,H1,2.91150245112812,AX,0.321160318597065,L1,-0.0102213706398783,L2,0.030475...
setting magnet DAC
current  : 5.868558
requested: 5.869592
Delta Dac: 0.001034
Checking detector protection. dv=0.00103
Checking detector "CDD". Protection Threshold: 0.1 (V)
SetMagnetDAC 5.86959227909 ===>> OK
Magnet settling time: 1.049
GetData ===>> H2,-0.210220108816397,H1,6.68662420109152,AX,0.925539483653264,L1,-0.0234034946729976,L2,0.017628...
setting magnet DAC
current  : 5.869592
requested: 5.870627
Delta Dac: 0.001034
Checking detector protection. dv=0.00103
Checking detector "CDD". Protection Threshold: 0.1 (V)
SetMagnetDAC 5.87062676185 ===>> OK
Magnet settling time: 1.049
Get Checksum: -110011688
GetData ===>> H2,-0.207619873482905,H1,11.2654771892333,AX,1.72785981482054,L1,-0.0138846711809861,L2,0.0146217...
setting magnet DAC
current  : 5.870627
requested: 5.871661
Delta Dac: 0.001034
Checking detector protection. dv=0.00103
Checking detector "CDD". Protection Threshold: 0.1 (V)
SetMagnetDAC 5.8716612446 ===>> OK
Magnet settling time: 1.049
GetData ===>> H2,-0.16856490967002,H1,15.2282363028511,AX,2.51262669218649,L1,-0.0126860939522153,L2,0.00031883...
setting magnet DAC
current  : 5.871661
requested: 5.872696
Delta Dac: 0.001034
Checking detector protection. dv=0.00103
Checking detector "CDD". Protection Threshold: 0.1 (V)
SetMagnetDAC 5.87269572736 ===>> OK
Magnet settling time: 1.049
Get Checksum: -110011688
GetData ===>> H2,-0.25035014332704,H1,17.4478947342717,AX,3.10890063239852,L1,0.0120690532396258,L2,0.087786837...
setting magnet DAC
current  : 5.872696
requested: 5.873730
Delta Dac: 0.001034
Checking detector protection. dv=0.00103
Checking detector "CDD". Protection Threshold: 0.1 (V)
SetMagnetDAC 5.87373021012 ===>> OK
Magnet settling time: 1.049
GetData ===>> H2,-0.234869708059856,H1,18.5220241694505,AX,3.45164077177716,L1,0.0152955452016722,L2,0.12465260...
setting magnet DAC
current  : 5.873730
requested: 5.874765
Delta Dac: 0.001034
Checking detector protection. dv=0.00103
Checking detector "CDD". Protection Threshold: 0.1 (V)
SetMagnetDAC 5.87476469288 ===>> OK
Magnet settling time: 1.049
GetData ===>> H2,-0.181378040568536,H1,18.6786662891582,AX,3.54153361137012,L1,0.0667325763307316,L2,0.13236042...
setting magnet DAC
current  : 5.874765
requested: 5.875799
Delta Dac: 0.001034
Checking detector protection. dv=0.00103
Checking detector "CDD". Protection Threshold: 0.1 (V)
SetMagnetDAC 5.87579917564 ===>> OK
Magnet settling time: 1.049
Get Checksum: -110011688
GetData ===>> H2,-0.114183629865584,H1,18.7081171077385,AX,3.53022764052591,L1,0.0681599179576648,L2,0.38158266...
setting magnet DAC
current  : 5.875799
requested: 5.876834
Delta Dac: 0.001034
Checking detector protection. dv=0.00103
Checking detector "CDD". Protection Threshold: 0.1 (V)
SetMagnetDAC 5.8768336584 ===>> OK
Magnet settling time: 1.049
GetData ===>> H2,-0.11740432836011,H1,18.5490360953774,AX,3.63682406293144,L1,0.0279067587023635,L2,0.361342536...
setting magnet DAC
current  : 5.876834
requested: 5.877868
Delta Dac: 0.001034
Checking detector protection. dv=0.00103
Checking detector "CDD". Protection Threshold: 0.1 (V)
SetMagnetDAC 5.87786814116 ===>> OK
Magnet settling time: 1.049
GetData ===>> H2,-0.161272489816148,H1,18.5211126007676,AX,3.74784009652073,L1,0.0478687452438976,L2,0.20725884...
setting magnet DAC
current  : 5.877868
requested: 5.878903
Delta Dac: 0.001034
Checking detector protection. dv=0.00103
Checking detector "CDD". Protection Threshold: 0.1 (V)
SetMagnetDAC 5.87890262392 ===>> OK
Magnet settling time: 1.049
Get Checksum: -110011688
GetData ===>> H2,-0.162476967107541,H1,18.7040472579133,AX,3.59548486147954,L1,0.00385685574824884,L2,0.1304676...
setting magnet DAC
current  : 5.878903
requested: 5.879937
Delta Dac: 0.001034
Checking detector protection. dv=0.00103
Checking detector "CDD". Protection Threshold: 0.1 (V)
SetMagnetDAC 5.87993710667 ===>> OK
Magnet settling time: 1.049
GetData ===>> H2,-0.0929302756940497,H1,18.7632576125137,AX,3.74895183069395,L1,0.0194903294948131,L2,0.1829783...
setting magnet DAC
current  : 5.879937
requested: 5.880972
Delta Dac: 0.001034
Checking detector protection. dv=0.00103
Checking detector "CDD". Protection Threshold: 0.1 (V)
SetMagnetDAC 5.88097158943 ===>> OK
Magnet settling time: 1.049
GetData ===>> H2,-0.232944674863033,H1,18.7630487934264,AX,3.59616977067088,L1,0.0208153609898812,L2,0.25179676...
setting magnet DAC
current  : 5.880972
requested: 5.882006
Delta Dac: 0.001034
Checking detector protection. dv=0.00103
Checking detector "CDD". Protection Threshold: 0.1 (V)
SetMagnetDAC 5.88200607219 ===>> OK
Magnet settling time: 1.049
Get Checksum: -110011688
GetData ===>> H2,-0.230650876028016,H1,18.6394195465492,AX,3.49487825007352,L1,0.00892751488878641,L2,0.1241281...
setting magnet DAC
current  : 5.882006
requested: 5.883041
Delta Dac: 0.001034
Checking detector protection. dv=0.00103
Checking detector "CDD". Protection Threshold: 0.1 (V)
SetMagnetDAC 5.88304055495 ===>> OK
Magnet settling time: 1.049
GetData ===>> H2,-0.17152265774089,H1,18.7318348199355,AX,3.49391092066173,L1,0.056162566655944,L2,0.2656306522...
setting magnet DAC
current  : 5.883041
requested: 5.884075
Delta Dac: 0.001034
Checking detector protection. dv=0.00103
Checking detector "CDD". Protection Threshold: 0.1 (V)
SetMagnetDAC 5.88407503771 ===>> OK
Magnet settling time: 1.049
GetData ===>> H2,-0.183251588699242,H1,18.5368968346147,AX,3.50474083033923,L1,0.0431702893810371,L2,0.33738849...
setting magnet DAC
current  : 5.884075
requested: 5.885110
Delta Dac: 0.001034
Checking detector protection. dv=0.00103
Checking detector "CDD". Protection Threshold: 0.1 (V)
SetMagnetDAC 5.88510952047 ===>> OK
Magnet settling time: 1.049
Get Checksum: -110011688
GetData ===>> H2,-0.235692317724632,H1,17.5717582256751,AX,3.14618038855781,L1,0.0506197795259844,L2,0.30479779...
setting magnet DAC
current  : 5.885110
requested: 5.886144
Delta Dac: 0.001034
Checking detector protection. dv=0.00103
Checking detector "CDD". Protection Threshold: 0.1 (V)
SetMagnetDAC 5.88614400323 ===>> OK
Magnet settling time: 1.049
GetData ===>> H2,-0.112069380738727,H1,14.2436665201016,AX,2.21771974194166,L1,0.0256632916856162,L2,-0.0616054...
setting magnet DAC
current  : 5.886144
requested: 5.887178
Delta Dac: 0.001034
Checking detector protection. dv=0.00103
Checking detector "CDD". Protection Threshold: 0.1 (V)
SetMagnetDAC 5.88717848598 ===>> OK
Magnet settling time: 1.049
Get Checksum: -110011688
GetData ===>> H2,0.0336409644286089,H1,9.55538946212762,AX,1.14632008849334,L1,-0.0109694827581257,L2,0.0496137...
setting magnet DAC
current  : 5.887178
requested: 5.888213
Delta Dac: 0.001034
Checking detector protection. dv=0.00103
Checking detector "CDD". Protection Threshold: 0.1 (V)
SetMagnetDAC 5.88821296874 ===>> OK
Magnet settling time: 1.049
GetData ===>> H2,-0.172418465538857,H1,4.91398146778026,AX,0.665858773962248,L1,0.023638835068286,L2,-0.0684328...
setting magnet DAC
current  : 5.888213
requested: 5.889247
Delta Dac: 0.001034
Checking detector protection. dv=0.00103
Checking detector "CDD". Protection Threshold: 0.1 (V)
SetMagnetDAC 5.8892474515 ===>> OK
Magnet settling time: 1.049
GetData ===>> H2,-0.293575731291526,H1,1.97008607486782,AX,0.102773201247683,L1,0.0397833455056536,L2,-0.011295...
setting magnet DAC
current  : 5.889247
requested: 5.890282
Delta Dac: 0.001034
Checking detector protection. dv=0.00103
Checking detector "CDD". Protection Threshold: 0.1 (V)
SetMagnetDAC 5.89028193426 ===>> OK
Magnet settling time: 1.049
Get Checksum: -110011688
GetData ===>> H2,-0.279660503139351,H1,0.597809322571741,AX,-0.0144414953672743,L1,0.0191710997549402,L2,-0.009...
setting magnet DAC
current  : 5.890282
requested: 5.891316
Delta Dac: 0.001034
Checking detector protection. dv=0.00103
Checking detector "CDD". Protection Threshold: 0.1 (V)
SetMagnetDAC 5.89131641702 ===>> OK
Magnet settling time: 1.049
GetData ===>> H2,-0.24303150164779,H1,0.163515984501817,AX,-0.065301677834286,L1,-0.0172710788511771,L2,0.00614...
setting magnet DAC
current  : 5.891316
requested: 5.892351
Delta Dac: 0.001034
Checking detector protection. dv=0.00103
Checking detector "CDD". Protection Threshold: 0.1 (V)
SetMagnetDAC 5.89235089978 ===>> OK
Magnet settling time: 1.049
GetData ===>> H2,-0.197523139417471,H1,-0.0644081365124503,AX,-0.125427575910241,L1,-0.0442895904279984,L2,-0.0...
setting magnet DAC
current  : 5.892351
requested: 5.893385
Delta Dac: 0.001034
Checking detector protection. dv=0.00103
Checking detector "CDD". Protection Threshold: 0.1 (V)
SetMagnetDAC 5.89338538254 ===>> OK
Magnet settling time: 1.049
Get Checksum: -110011688
GetData ===>> H2,-0.130664518172873,H1,-0.0599973028751808,AX,-0.0291479914519114,L1,0.00997538483709984,L2,0.0...
result of _do_sweep=True
result of _calculate_peak_center=([5.8712911941590953, 5.8787761640989746, 5.886261134038854], [13.810696219123791, 18.763249243011206, 13.712829538589819], 5.8799785689085944, 18.763249243011206)
Failed to find a valid peak. No peak greater than 1.0. max = 0.0154820179727
new center pos Detector(H1) (Ar40) @ 5.8787761641
GetHighVoltage ===>> 4499.94659342336
GetDeflection H1 ===>> 0
dac uncorrected for HV and deflection 5.87881078386
update mftable H1 Ar40 5.87881078386 message=automated run peakcenter
get initial guess parabolic
get initial guess parabolic
get initial guess parabolic
get initial guess parabolic
get initial guess parabolic
get initial guess parabolic
dump mftable to /Users/jan/PychronDev/setupfiles/spectrometer/mftables/mftable.csv
add to repo msg=modified - automated run peakcenter
sweep finished
locally archiving mftable
setting magnet DAC
current  : 5.893385
requested: 5.878776
Delta Dac: 0.014609
Checking detector protection. dv=0.01461
Checking detector "CDD". Protection Threshold: 0.1 (V)
SetMagnetDAC 5.8787761641 ===>> OK
Magnet settling time: 0.500
setting integration time = 1.048576
SetIntegrationTime 1.048576 ===>> OK
Failed to find a valid peak. No peak greater than 1.0. max = 0.0154820179727
flush and close file /Users/jan/PychronDev/data/isotopes/b4/d999e2-3a09-4754-ba08-6f5c26e4bc1c.h5
finished measure script
executed 278.04
jan_co2_whiff_120_60_large.py completed successfully
Measurement Finished
08:45:34 -- ******* Measurement Finished *******
Post Measurement Started jan_pump_ms.py
08:45:34 -- ******* Post Measurement Started jan_pump_ms.py *******
testing...
no interpolation path defined
executed 0
Pumping spectrometer
open () {'name': 'O'}
opening name=O desc=---
checking ownership. requestor=129.138.12.150
check software interlocks O
interlocks []
actuate state mode=None-script, software_lock=False
doing actuation None-script open_channel True
Open O ===>> OK
GetIndicatorState O ===>> OK
change switch state (True, True)
update switch state O True args=() kw={} ncanvase=2
08:45:34 -- OPEN   VALVE-O (Jan Ion Pump)
---------------------------------------- open O () result=[(True, True)], time=0.11 sec
action=open, ok=True, locked=[False]
executed 0
jan_pump_ms.py completed successfully
setting _ms_pumptime
Post Measurement Finished
08:45:34 -- ******* Post Measurement Finished *******
$$$$$$$$$$$$$$$$$$$$ state at run end measurement
state changed from measurement to success
post measurement save measured=True aborted=False
Set filtering
setting fod for Ar40= {'filter_outliers': True, 'std_devs': 2, 'iterations': 1}
setting fod for H1= {'filter_outliers': True, 'std_devs': 2, 'iterations': 1}
setting fod for PM41= {'filter_outliers': False, 'std_devs': 2, 'iterations': 1}
setting fod for H2= {'filter_outliers': True, 'std_devs': 2, 'iterations': 1}
setting fod for Ar36= {'filter_outliers': True, 'std_devs': 2, 'iterations': 1}
setting fod for CDD= {'filter_outliers': True, 'std_devs': 10, 'iterations': 1}
setting fod for Ar37= {'filter_outliers': True, 'std_devs': 2, 'iterations': 1}
setting fod for L2= {'filter_outliers': True, 'std_devs': 2, 'iterations': 1}
setting fod for Ar38= {'filter_outliers': True, 'std_devs': 2, 'iterations': 1}
setting fod for L1= {'filter_outliers': True, 'std_devs': 2, 'iterations': 1}
setting fod for Ar39= {'filter_outliers': True, 'std_devs': 2, 'iterations': 1}
setting fod for AX= {'filter_outliers': True, 'std_devs': 2, 'iterations': 1}
persistence save...
persistence save - db
post measurement save
7017314736 connecting to database sqlite:////Users/jan/PychronDev/.appdata/local_lab.db
connected to db sqlite:////Users/jan/PychronDev/.appdata/local_lab.db
create new session 7017314736
close session 7017314736
No database instance. Not saving post measurement to isotopedb database
$$$$$$$$$$$$$$$ auto_save_detector_ic=False
massspec enabled True
create new session 5010684144
MassSpec Database Version: 16.0
close session 5010684144
saving post measurement to secondary database
saving to massspec database 129.138.12.160/massspecdata
setting labnumber to 65518
setting aliquot to 32
setting step to 
setting uuid to b4d999e2-3a09-4754-ba08-6f5c26e4bc1c
setting irradpos to 65518
setting extract_device to Fusions CO2
setting tray to 
setting position to 196
setting power_requested to 5.0
setting extract_value to 5.0
setting duration to 30.0
setting duration_at_request to 30.0
setting first_stage_delay to 30.0
setting cleanup to 30.0
setting comment to F:20
setting irradiation to NM-289
setting level to F
setting irradiation_level to F
setting sample to MB-64b-djk
setting material to DetritalSanidine
setting project to IR943
setting mass_spectrometer to Jan
no attribute chron_dosages
no attribute production_ratios
no attribute interference_corrections
no attribute production_name
no attribute j
Reference Isotope=Ar40
Reference Detector=H1
Get Checksum: 2035439760
%%%%%%%%%%%%%%%%%%%% Comment: F:20 %%%%%%%%%%%%%%%%%%%
adding isotope PM41 H2
add baseline dbdet= PM41. original det= H2
get baseline data PM41 H2
Get data baseline <pychron.processing.isotope.Baseline object at 0x1a027d090> len t=60
baseline PM41. v=-0.200440586957, e=0.00638597047683
get signal data PM41 H2
Get data signal PM41 0.11+/-0.08 len t=120
adding isotope Ar40 H1
add baseline dbdet= Ar40. original det= H1
get baseline data Ar40 H1
Get data baseline <pychron.processing.isotope.Baseline object at 0x1a027d250> len t=60
baseline Ar40. v=-0.03789047893, e=0.00412578536765
get signal data Ar40 H1
Get data signal Ar40 17.043+/-0.012 len t=120
adding isotope Ar39 AX
add baseline dbdet= Ar39. original det= AX
get baseline data Ar39 AX
Get data baseline <pychron.processing.isotope.Baseline object at 0x1a027d410> len t=60
baseline Ar39. v=-0.0649277321568, e=0.0062221646085
get signal data Ar39 AX
Get data signal Ar39 3.901+/-0.012 len t=120
adding isotope Ar38 L1
add baseline dbdet= Ar38. original det= L1
get baseline data Ar38 L1
Get data baseline <pychron.processing.isotope.Baseline object at 0x1a027d5d0> len t=60
baseline Ar38. v=-0.0175947450691, e=0.00246833877588
get signal data Ar38 L1
Get data signal Ar38 0.076+/-0.005 len t=120
adding isotope Ar37 L2
add baseline dbdet= Ar37. original det= L2
get baseline data Ar37 L2
Get data baseline <pychron.processing.isotope.Baseline object at 0x1a027d790> len t=60
baseline Ar37. v=-0.0238539674319, e=0.00652995902316
get signal data Ar37 L2
Get data signal Ar37 0.302+/-0.012 len t=120
adding isotope Ar36 CDD
add baseline dbdet= Ar36. original det= CDD
get baseline data Ar36 CDD
Get data baseline <pychron.processing.isotope.Baseline object at 0x1a027d950> len t=60
baseline Ar36. v=1.24054509335e-05, e=5.3565219893e-06
get signal data Ar36 CDD
Get data signal Ar36 0.00959+/-0.00031 len t=120
65518-32 added analysis time 0.487767934799s
analysis added to mass spec database
mass spec save time= 0.499
persistence save - dvc
================= post measurement started
create new session 4983034992
close session 4983034992
---------------- Experiment Queue saving disabled
DVC saving peakcenter
Failed to find a valid peak. No peak greater than 1.0. max = 0.0154820179727
Smart pull ahead: 0 behind: 0
Up-to-date with origin
add to repo msg=modified - ad8224ebc6dbfeb9f5997218dfa5fe690569839d.json
add to repo msg=modified - 18-32.json
add to repo msg=modified - 18-32.dat.json
add to repo msg=modified - 18-32.blan.json
add to repo msg=modified - 18-32.inte.json
add to repo msg=modified - 18-32.icfa.json
add to repo msg=modified - 18-32.base.json
not at valid file /Users/jan/PychronDev/data/.dvc/repositories/Load1782/655/tags/18-32.tags.json
add to repo msg=modified - 18-32.peak.json
Get Checksum: 2035439760
add to repo msg=modified - 18-32.extr.json
not at valid file /Users/jan/PychronDev/data/.dvc/repositories/Load1782/655/monitor/18-32.moni.json
commit message=<COLLECTION>
add to repo msg=modified - 18-32.inte.json
add to repo msg=modified - 18-32.base.json
commit message=<ISOEVO> default collection fits
add to repo msg=modified - 18-32.blan.json
commit message=<BLANKS> preceding bc-02-J-250
add to repo msg=modified - 18-32.icfa.json
Get Checksum: 2035439760
commit message=<ICFactor> default
push repository <pychron.git_archive.repo_manager.GitRepoManager object at 0x19e28cbf0>
pushing to remote=origin, url=https://github.com
Get Checksum: 2035439760
no changes to meta repo
create new session 4983034992
add association Load1782
get identifier "65518"
setting analysis irradiation position=<pychron.dvc.dvc_orm.IrradiationPositionTbl object at 0x1a249c4d0>
close session 4983034992
================= post measurement finished
08:45:45 -- ******* Post Run Check *******
loading queue conditionals post_run_actions
loading system conditionals post_run_actions
loading conditionals from /Users/jan/PychronDev/setupfiles/spectrometer/default_conditionals.yaml
loading queue conditionals post_run_terminations
loading system conditionals post_run_terminations
loading conditionals from /Users/jan/PychronDev/setupfiles/spectrometer/default_conditionals.yaml
Checking default post run terminations n=1
GetDeflection CDD ===>> 50
testing CDD==2000
evaluate ot="CDD.deflection==2000" t="CDD==2000", ctx="{'CDD': 50.0}"
08:45:45 -- ******* Post Run Check Passed *******
08:45:45 -- Automated run 65518-32 success duration: 367.649 s
----------------- finish -----------------
----------------- stop -----------------
retroactive repository identifiers disabled
finish run. runs completed=110
update duration runid=65518-32, duration=367.649106026, md5=3d9034cf
loading script "jan_co2_whiff_120_60_large.py"
loading script "jan_pump_ms.py"
loading script "jan_co2.py"
loading script "jan_pump_extraction_line.py"
testing...
no interpolation path defined
executed 266.04
script duration name:co2_whiff_120_60_large seconds:266.0
loading script "jan_co2_whiff_120_60_large.py"
loading script "jan_pump_ms.py"
loading script "jan_co2.py"
loading script "jan_pump_extraction_line.py"
testing...
no interpolation path defined
executed 0
loading script "jan_co2_whiff_120_60_large.py"
loading script "jan_pump_ms.py"
loading script "jan_co2.py"
loading script "jan_pump_extraction_line.py"
testing...
no interpolation path defined
calculate duration
testing...
no interpolation path defined
executed 0
calculate duration
testing...
no interpolation path defined
executed 0
executed 0.0
script duration name:co2 seconds:0.0
loading script "jan_co2_whiff_120_60_large.py"
loading script "jan_pump_ms.py"
loading script "jan_co2.py"
loading script "jan_pump_extraction_line.py"
testing...
no interpolation path defined
calculate duration
testing...
no interpolation path defined
executed 4.0
executed 4.0
Script duration 266.0
Run total estimated duration= 267.000
co2_whiff_120_60_large in script context. using previous estimated duration
script duration name:co2_whiff_120_60_large seconds:266.0
pump_ms in script context. using previous estimated duration
co2 in script context. using previous estimated duration
script duration name:co2 seconds:0.0
pump_extraction_line in script context. using previous estimated duration
Script duration 266.0
Run total estimated duration= 267.000
script duration name:co2_whiff_120_60_large seconds:266.0
script duration name:co2 seconds:0.0
Script duration 266.0
Run total estimated duration= 267.000
script duration name:co2_whiff_120_60_large seconds:266.0
script duration name:co2 seconds:0.0
Script duration 266.0
Run total estimated duration= 267.000
loading script "jan_unknown400_120.py"
loading script "jan_pump_ms.py"
loading script "jan_sniffair_x2.py"
loading script "jan_pump_extraction_line.py"
testing...
no interpolation path defined
executed 556.052928
script duration name:unknown400_120 seconds:556.0
loading script "jan_unknown400_120.py"
loading script "jan_pump_ms.py"
loading script "jan_sniffair_x2.py"
loading script "jan_pump_extraction_line.py"
testing...
no interpolation path defined
calculate duration
testing...
no interpolation path defined
executed 0
calculate duration
testing...
no interpolation path defined
executed 0
calculate duration
testing...
no interpolation path defined
executed 32.0
calculate duration
testing...
no interpolation path defined
executed 34.0
calculate duration
testing...
no interpolation path defined
executed 4.0
calculate duration
testing...
no interpolation path defined
executed 36.0
calculate duration
testing...
no interpolation path defined
executed 34.0
calculate duration
testing...
no interpolation path defined
executed 4.0
calculate duration
testing...
no interpolation path defined
executed 36.0
calculate duration
testing...
no interpolation path defined
executed 70.0
executed 250.0
script duration name:sniffair_x2 seconds:250.0
Script duration 806.0
Run total estimated duration= 807.000
script duration name:co2_whiff_120_60_large seconds:266.0
script duration name:co2 seconds:0.0
Script duration 266.0
Run total estimated duration= 267.000
script duration name:co2_whiff_120_60_large seconds:266.0
script duration name:co2 seconds:0.0
Script duration 266.0
Run total estimated duration= 267.000
nruns=7 before=5.0, run_dur=2409.0, btw=180.0
write rem/ex queues
/Users/jan/PychronDev/experiments/rem/CurrentExperiment.rem.txt
/Users/jan/PychronDev/experiments/rem/CurrentExperiment.ex.txt
doing event level: 3
