do run
loading script "jan_unknown120_60.py"
loading script "jan_pump_ms.py"
loading script "jan_cocktail_x1.py"
loading script "jan_pump_extraction_line.py"
testing...
no interpolation path defined
executed 213.652928
script duration name:unknown120_60 seconds:214.0
loading script "jan_unknown120_60.py"
loading script "jan_pump_ms.py"
loading script "jan_cocktail_x1.py"
loading script "jan_pump_extraction_line.py"
testing...
no interpolation path defined
executed 0
loading script "jan_unknown120_60.py"
loading script "jan_pump_ms.py"
loading script "jan_cocktail_x1.py"
loading script "jan_pump_extraction_line.py"
testing...
no interpolation path defined
calculate duration
testing...
no interpolation path defined
executed 0
calculate duration
testing...
no interpolation path defined
executed 0
calculate duration
testing...
no interpolation path defined
executed 32.0
calculate duration
testing...
no interpolation path defined
executed 34.0
calculate duration
testing...
no interpolation path defined
executed 4.0
calculate duration
testing...
no interpolation path defined
executed 38.0
executed 108.0
script duration name:cocktail_x1 seconds:108.0
loading script "jan_unknown120_60.py"
loading script "jan_pump_ms.py"
loading script "jan_cocktail_x1.py"
loading script "jan_pump_extraction_line.py"
testing...
no interpolation path defined
calculate duration
testing...
no interpolation path defined
executed 4.0
executed 4.0
Script duration 322.0
Run total estimated duration= 323.000
run duration: 0:05:23
doing event level: 2
08:20:44 -- Setting default integration. t=1.048576
setting integration time = 1.048576
SetIntegrationTime 1.048576 ===>> OK
----------------- start -----------------
**************** Experiment Type: Ar/Ar, Ar/Ar
create new session 4985261232
close session 4985261232
$$$$$ Clearing conditionals
adding conditionals 
Add queue conditionals
add default conditionals
adding default conditionals from /Users/jan/PychronDev/setupfiles/spectrometer/default_conditionals.yaml
Start automated run c-02-J-1065
loading script "jan_unknown120_60.py"
loading script "jan_pump_ms.py"
loading script "jan_cocktail_x1.py"
loading script "jan_pump_extraction_line.py"
%%%%%%%%%%%%%%%%%% setting automated run c-02-J-1065
No value "sensitivity_multiplier" in metadata
$$$$$$$$$$$$$$$ auto_save_detector_ic=False
============================= Pre Extraction Check =============================
loading queue conditionals pre_run_terminations
loading system conditionals pre_run_terminations
loading conditionals from /Users/jan/PychronDev/setupfiles/spectrometer/default_conditionals.yaml
08:20:45 -- ******* Pre Extraction Check *******
Get a measurement from the spectrometer
GetData ===>> H2,-0.0765898558555063,H1,-0.0271960609804943,AX,-0.142605970210021,L1,-0.00660111323540483,L2,-0...
Pre Extraction Termination data. keys=H2,H1,AX,L1,L2,CDD, signals=-0.07659,-0.02720,-0.14261,-0.00660,-0.07156,0.00402
08:20:45 -- testing system defined conditionals
Checking default pre extraction terminations n=2
testing CDD
evaluate ot="CDD.inactive" t="CDD", ctx="{'CDD': False}"
GetDeflection CDD ===>> 50
testing CDD==2000
evaluate ot="CDD.deflection==2000" t="CDD==2000", ctx="{'CDD': 50.0}"
08:20:45 -- ******* Pre Extraction Check Passed *******
=================================================================================
08:20:45 -- stopping status monitor
stop 4976082864
Alive clients [4983386864]
08:20:45 -- starting status monitor
start 4976082864
Monitor already running
start extraction
do extraction
Analysis started at 08:20:45.054411
Extraction Started jan_cocktail_x1.py
08:20:45 -- ******* Extraction Started jan_cocktail_x1.py *******
state changed from not run to extraction
DO EXTRACTION <pychron.extraction_line.pyscript_runner.RemotePyScriptRunner object at 0x12bb183b0>
testing...
no interpolation path defined
calculate duration
testing...
no interpolation path defined
executed 0
calculate duration
testing...
no interpolation path defined
executed 0
calculate duration
testing...
no interpolation path defined
executed 32.0
calculate duration
testing...
no interpolation path defined
executed 34.0
calculate duration
testing...
no interpolation path defined
executed 4.0
calculate duration
testing...
no interpolation path defined
executed 38.0
executed 108.0
Jan Cocktail Pipette x1
doing GOSUB
testing...
no interpolation path defined
executed 0
Waiting for minibone access
wait ('FelixMiniboneFlag', 0) {}
waiting for FelixMiniboneFlag = 0
Read FelixMiniboneFlag ===>> 0
finished waiting
Minibone free
acquire ('JanMiniboneFlag',) {'clear': True}
acquire JanMiniboneFlag
Set JanMiniboneFlag 1 ===>> OK
JanMiniboneFlag acquired
set extraction state False (0.75, 'red', 1.5)
Minibone acquired
wait ('MinibonePumpTimeFlag', 0) {}
waiting for MinibonePumpTimeFlag = 0
Read MinibonePumpTimeFlag ===>> 0
finished waiting
executed 0
WaitForMiniboneAccess.py completed successfully
gosub finished
doing GOSUB
testing...
no interpolation path defined
executed 0
Prepare for Air Shot
close () {'description': 'Jan Inlet'}
closing name=--- desc=Jan Inlet
checking ownership. requestor=129.138.12.150
check software interlocks R
interlocks []
actuate state mode=None-script, software_lock=False
doing actuation None-script close_channel False
Close R ===>> OK
GetIndicatorState R ===>> False
change switch state (True, True)
update switch state R False args=() kw={} ncanvase=2
08:20:45 -- CLOSE  VALVE-R (Jan Inlet)
---------------------------------------- close None (Jan Inlet) result=[(True, True)]
action=close, ok=True, locked=[False]
open () {'description': 'Jan Ion Pump'}
opening name=--- desc=Jan Ion Pump
checking ownership. requestor=129.138.12.150
check software interlocks O
interlocks []
actuate state mode=None-script, software_lock=False
doing actuation None-script open_channel False
Open O ===>> OK
GetIndicatorState O ===>> OK
change switch state (True, True)
update switch state O True args=() kw={} ncanvase=2
08:20:45 -- OPEN   VALVE-O (Jan Ion Pump)
---------------------------------------- open None (Jan Ion Pump) result=[(True, True)], time=0.12 sec
action=open, ok=True, locked=[False]
close () {'description': 'Minibone to Bone'}
closing name=--- desc=Minibone to Bone
checking ownership. requestor=129.138.12.150
check software interlocks I
interlocks []
actuate state mode=None-script, software_lock=False
doing actuation None-script close_channel True
Close I ===>> OK
set states for children of I. state=False
handle state [('I', False)]
update switch state I False args=() kw={'refresh': False} ncanvase=2
refresh_canvas_needed fired
GetIndicatorState I ===>> False
change switch state (True, True)
update switch state I False args=() kw={} ncanvase=2
Get Checksum: 2035211824
08:20:46 -- CLOSE  VALVE-I (Minibone to Bone)
---------------------------------------- close None (Minibone to Bone) result=[(True, True)]
action=close, ok=True, locked=[False]
close () {'description': 'Bone to Minibone'}
closing name=--- desc=Bone to Minibone
checking ownership. requestor=129.138.12.150
check software interlocks E
interlocks []
actuate state mode=None-script, software_lock=False
doing actuation None-script close_channel False
Close E ===>> OK
GetIndicatorState E ===>> False
change switch state (True, True)
update switch state E False args=() kw={} ncanvase=2
08:20:47 -- CLOSE  VALVE-E (Bone to Minibone)
---------------------------------------- close None (Bone to Minibone) result=[(True, True)]
action=close, ok=True, locked=[False]
close () {'description': 'Minibone to Turbo'}
closing name=--- desc=Minibone to Turbo
checking ownership. requestor=129.138.12.150
check software interlocks P
interlocks []
actuate state mode=None-script, software_lock=False
doing actuation None-script close_channel True
Close P ===>> OK
GetIndicatorState P ===>> False
change switch state (True, True)
update switch state P False args=() kw={} ncanvase=2
08:20:47 -- CLOSE  VALVE-P (Minibone to Turbo)
---------------------------------------- close None (Minibone to Turbo) result=[(True, True)]
action=close, ok=True, locked=[False]
close () {'description': 'Quad Inlet'}
closing name=--- desc=Quad Inlet
checking ownership. requestor=129.138.12.150
check software interlocks Q
interlocks []
actuate state mode=None-script, software_lock=False
doing actuation None-script close_channel True
Close Q ===>> OK
GetIndicatorState Q ===>> False
change switch state (True, True)
update switch state Q False args=() kw={} ncanvase=2
08:20:48 -- CLOSE  VALVE-Q (Quad Inlet)
---------------------------------------- close None (Quad Inlet) result=[(True, True)]
action=close, ok=True, locked=[False]
open () {'description': 'Microbone to Turbo'}
opening name=--- desc=Microbone to Turbo
checking ownership. requestor=129.138.12.150
check software interlocks U
interlocks []
actuate state mode=None-script, software_lock=False
doing actuation None-script open_channel False
Open U ===>> OK
GetIndicatorState U ===>> OK
change switch state (True, True)
update switch state U True args=() kw={} ncanvase=2
08:20:48 -- OPEN   VALVE-U (Microbone to Turbo)
---------------------------------------- open None (Microbone to Turbo) result=[(True, True)], time=0.12 sec
action=open, ok=True, locked=[False]
open () {'description': 'Microbone to Inlet Pipette'}
opening name=--- desc=Microbone to Inlet Pipette
checking ownership. requestor=129.138.12.150
check software interlocks S
interlocks []
actuate state mode=None-script, software_lock=False
doing actuation None-script open_channel False
Open S ===>> OK
GetIndicatorState S ===>> OK
change switch state (True, True)
update switch state S True args=() kw={} ncanvase=2
08:20:49 -- OPEN   VALVE-S (Microbone to Inlet Pipette)
---------------------------------------- open None (Microbone to Inlet Pipette) result=[(True, True)], time=0.47 sec
action=open, ok=True, locked=[False]
open () {'description': 'Microbone to Getter D-50'}
opening name=--- desc=Microbone to Getter D-50
checking ownership. requestor=129.138.12.150
check software interlocks K
interlocks []
actuate state mode=None-script, software_lock=False
doing actuation None-script open_channel False
Open K ===>> OK
Get Checksum: 371933571
GetIndicatorState K ===>> OK
change switch state (True, True)
update switch state K True args=() kw={} ncanvase=2
08:20:49 -- OPEN   VALVE-K (Microbone to Getter D-50)
---------------------------------------- open None (Microbone to Getter D-50) result=[(True, True)], time=0.55 sec
action=open, ok=True, locked=[False]
open () {'description': 'Microbone to Getter NP-10'}
opening name=--- desc=Microbone to Getter NP-10
checking ownership. requestor=129.138.12.150
check software interlocks M
interlocks []
actuate state mode=None-script, software_lock=False
doing actuation None-script open_channel False
Open M ===>> OK
GetIndicatorState M ===>> OK
change switch state (True, True)
update switch state M True args=() kw={} ncanvase=2
08:20:50 -- OPEN   VALVE-M (Microbone to Getter NP-10)
---------------------------------------- open None (Microbone to Getter NP-10) result=[(True, True)], time=0.22 sec
action=open, ok=True, locked=[False]
close () {'description': 'Microbone to CO2 Laser'}
closing name=--- desc=Microbone to CO2 Laser
checking ownership. requestor=129.138.12.150
check software interlocks T
interlocks []
actuate state mode=None-script, software_lock=False
doing actuation None-script close_channel True
Close T ===>> OK
set states for children of T. state=False
handle state [('T', False)]
update switch state T False args=() kw={'refresh': False} ncanvase=2
refresh_canvas_needed fired
GetIndicatorState T ===>> False
change switch state (True, True)
update switch state T False args=() kw={} ncanvase=2
08:20:51 -- CLOSE  VALVE-T (Microbone to CO2 Laser)
---------------------------------------- close None (Microbone to CO2 Laser) result=[(True, True)]
action=close, ok=True, locked=[False]
executed 0
PrepareForAirShot.py completed successfully
gosub finished
doing GOSUB
testing...
no interpolation path defined
executed 32.0
Evacuate Pipette 1
open () {'description': 'Microbone to Turbo'}
opening name=--- desc=Microbone to Turbo
checking ownership. requestor=129.138.12.150
check software interlocks U
interlocks []
actuate state mode=None-script, software_lock=False
doing actuation None-script open_channel False
Open U ===>> OK
GetIndicatorState U ===>> OK
change switch state (True, True)
update switch state U True args=() kw={} ncanvase=2
08:20:51 -- OPEN   VALVE-U (Microbone to Turbo)
---------------------------------------- open None (Microbone to Turbo) result=[(True, True)], time=0.13 sec
action=open, ok=True, locked=[False]
open () {'description': 'Microbone to Minibone'}
opening name=--- desc=Microbone to Minibone
checking ownership. requestor=129.138.12.150
check software interlocks L
interlocks []
actuate state mode=None-script, software_lock=False
doing actuation None-script open_channel True
Open L ===>> OK
GetIndicatorState L ===>> OK
change switch state (True, True)
update switch state L True args=() kw={} ncanvase=2
08:20:52 -- OPEN   VALVE-L (Microbone to Minibone)
---------------------------------------- open None (Microbone to Minibone) result=[(True, True)], time=0.49 sec
action=open, ok=True, locked=[False]
close () {'description': 'Inner Pipette 1'}
closing name=--- desc=Inner Pipette 1
checking ownership. requestor=129.138.12.150
check software interlocks X
interlocks ['W']
actuate state mode=None-script, software_lock=False
doing actuation None-script close_channel False
Close X ===>> OK
GetIndicatorState X ===>> False
change switch state (True, True)
update switch state X False args=() kw={} ncanvase=2
08:20:52 -- CLOSE  VALVE-X (Inner Pipette 1)
---------------------------------------- close None (Inner Pipette 1) result=[(True, True)]
action=close, ok=True, locked=[False]
sleep (1,) {}
SLEEP 1.0
Get Checksum: 1803202522
open () {'description': 'Outer Pipette 1'}
opening name=--- desc=Outer Pipette 1
checking ownership. requestor=129.138.12.150
check software interlocks W
interlocks ['X']
actuate state mode=None-script, software_lock=False
doing actuation None-script open_channel True
Open W ===>> OK
GetIndicatorState W ===>> OK
change switch state (True, True)
update switch state W True args=() kw={} ncanvase=2
08:20:54 -- OPEN   VALVE-W (Outer Pipette 1)
---------------------------------------- open None (Outer Pipette 1) result=[(True, True)], time=0.21 sec
action=open, ok=True, locked=[False]
sleep (15,) {}
SLEEP 15.0
block started
WaitControl setup for 15.0  
set states for children of V. state=True
handle state [('V', True)]
update switch state V True args=() kw={'refresh': False} ncanvase=2
refresh_canvas_needed fired
Get Checksum: 1265537134
Get Checksum: 1265537134
Get Checksum: 1265537134
Get Checksum: 1265537134
Get Checksum: 1265537134
Join finished
block finished. duration 15.1305608749
executed 48.0
EvacPipette1.py completed successfully
gosub finished
doing GOSUB
testing...
no interpolation path defined
executed 34.0
Fill Pipette 1
close () {'description': 'Outer Pipette 1'}
closing name=--- desc=Outer Pipette 1
checking ownership. requestor=129.138.12.150
check software interlocks W
interlocks ['X']
actuate state mode=None-script, software_lock=False
doing actuation None-script close_channel True
Close W ===>> OK
GetIndicatorState W ===>> False
change switch state (True, True)
update switch state W False args=() kw={} ncanvase=2
08:21:09 -- CLOSE  VALVE-W (Outer Pipette 1)
---------------------------------------- close None (Outer Pipette 1) result=[(True, True)]
action=close, ok=True, locked=[False]
sleep (1,) {}
SLEEP 1.0
filling cocktail pipette
open () {'description': 'Inner Pipette 1'}
opening name=--- desc=Inner Pipette 1
checking ownership. requestor=129.138.12.150
check software interlocks X
interlocks ['W']
actuate state mode=None-script, software_lock=False
doing actuation None-script open_channel True
Open X ===>> OK
GetIndicatorState X ===>> OK
change switch state (True, True)
update switch state X True args=() kw={} ncanvase=2
08:21:11 -- OPEN   VALVE-X (Inner Pipette 1)
---------------------------------------- open None (Inner Pipette 1) result=[(True, True)], time=0.13 sec
Get Checksum: 1559888852
action=open, ok=True, locked=[False]
sleep (15,) {}
SLEEP 15.0
block started
WaitControl setup for 15.0  
Get Checksum: 1559888852
Get Checksum: 1559888852
Get Checksum: 1559888852
Get Checksum: 1559888852
Get Checksum: 1559888852
Join finished
block finished. duration 15.0565729141
close () {'description': 'Inner Pipette 1'}
closing name=--- desc=Inner Pipette 1
checking ownership. requestor=129.138.12.150
check software interlocks X
interlocks ['W']
actuate state mode=None-script, software_lock=False
doing actuation None-script close_channel True
Close X ===>> OK
GetIndicatorState X ===>> False
change switch state (True, True)
update switch state X False args=() kw={} ncanvase=2
08:21:26 -- CLOSE  VALVE-X (Inner Pipette 1)
---------------------------------------- close None (Inner Pipette 1) result=[(True, True)]
action=close, ok=True, locked=[False]
sleep (1,) {}
SLEEP 1.0
executed 51.0
FillPipette1.py completed successfully
gosub finished
doing GOSUB
testing...
no interpolation path defined
executed 4.0
Prepare for air expansion
close () {'description': 'Microbone to Turbo'}
closing name=--- desc=Microbone to Turbo
checking ownership. requestor=129.138.12.150
check software interlocks U
interlocks []
actuate state mode=None-script, software_lock=False
doing actuation None-script close_channel True
Close U ===>> OK
GetIndicatorState U ===>> False
change switch state (True, True)
update switch state U False args=() kw={} ncanvase=2
08:21:28 -- CLOSE  VALVE-U (Microbone to Turbo)
---------------------------------------- close None (Microbone to Turbo) result=[(True, True)]
action=close, ok=True, locked=[False]
open () {'description': 'Microbone to Getter NP-10'}
opening name=--- desc=Microbone to Getter NP-10
checking ownership. requestor=129.138.12.150
check software interlocks M
interlocks []
actuate state mode=None-script, software_lock=False
doing actuation None-script open_channel False
Open M ===>> OK
GetIndicatorState M ===>> OK
change switch state (True, True)
update switch state M True args=() kw={} ncanvase=2
08:21:28 -- OPEN   VALVE-M (Microbone to Getter NP-10)
---------------------------------------- open None (Microbone to Getter NP-10) result=[(True, True)], time=0.17 sec
action=open, ok=True, locked=[False]
sleep (2,) {}
SLEEP 2.0
block started
WaitControl setup for 2.0  
Get Checksum: 1314755832
Join finished
block finished. duration 2.1219599247
open () {'description': 'Microbone to Minibone'}
opening name=--- desc=Microbone to Minibone
checking ownership. requestor=129.138.12.150
check software interlocks L
interlocks []
actuate state mode=None-script, software_lock=False
doing actuation None-script open_channel False
Open L ===>> OK
GetIndicatorState L ===>> OK
change switch state (True, True)
update switch state L True args=() kw={} ncanvase=2
08:21:31 -- OPEN   VALVE-L (Microbone to Minibone)
---------------------------------------- open None (Microbone to Minibone) result=[(True, True)], time=0.46 sec
action=open, ok=True, locked=[False]
executed 6.0
PrepareForAirShotExpansion.py completed successfully
gosub finished
doing GOSUB
testing...
no interpolation path defined
executed 38.0
Expand Pipette 1
close () {'description': 'Minibone to Turbo'}
closing name=--- desc=Minibone to Turbo
checking ownership. requestor=129.138.12.150
check software interlocks P
interlocks []
actuate state mode=None-script, software_lock=False
doing actuation None-script close_channel False
Close P ===>> OK
GetIndicatorState P ===>> False
change switch state (True, True)
update switch state P False args=() kw={} ncanvase=2
08:21:32 -- CLOSE  VALVE-P (Minibone to Turbo)
---------------------------------------- close None (Minibone to Turbo) result=[(True, True)]
action=close, ok=True, locked=[False]
sleep (2,) {}
SLEEP 2.0
block started
WaitControl setup for 2.0  
Get Checksum: 1314755832
Join finished
block finished. duration 2.020373106
open () {'description': 'Outer Pipette 1'}
opening name=--- desc=Outer Pipette 1
checking ownership. requestor=129.138.12.150
check software interlocks W
interlocks ['X']
actuate state mode=None-script, software_lock=False
doing actuation None-script open_channel True
Open W ===>> OK
GetIndicatorState W ===>> OK
increment shot count 1521
saved current shot count 1521
change switch state (True, True)
update switch state W True args=() kw={} ncanvase=2
08:21:35 -- OPEN   VALVE-W (Outer Pipette 1)
---------------------------------------- open None (Outer Pipette 1) result=[(True, True)], time=0.63 sec
action=open, ok=True, locked=[False]
sleep (15,) {}
SLEEP 15.0
block started
WaitControl setup for 15.0  
Get Checksum: 171938001
Get Checksum: 171938001
Get Checksum: 171938001
Get Checksum: 171938001
Get Checksum: 171938001
Join finished
block finished. duration 15.077092886
close () {'description': 'Microbone to Minibone'}
closing name=--- desc=Microbone to Minibone
checking ownership. requestor=129.138.12.150
check software interlocks L
interlocks []
actuate state mode=None-script, software_lock=False
doing actuation None-script close_channel True
Close L ===>> OK
set states for children of L. state=False
handle state [('L', False)]
update switch state L False args=() kw={'refresh': False} ncanvase=2
refresh_canvas_needed fired
GetIndicatorState L ===>> False
change switch state (True, True)
update switch state L False args=() kw={} ncanvase=2
08:21:51 -- CLOSE  VALVE-L (Microbone to Minibone)
---------------------------------------- close None (Microbone to Minibone) result=[(True, True)]
action=close, ok=True, locked=[False]
sleep (2,) {}
SLEEP 2.0
block started
WaitControl setup for 2.0  
Get Checksum: -1372759104
Join finished
block finished. duration 2.05835199356
executed 57.0
ExpandPipette1.py completed successfully
gosub finished
executed 108.0
jan_cocktail_x1.py completed successfully
GetAchievedOutput ===>> No Response
Requested Output= 0.000
Achieved Output=  0.000
GetResponseBlob ===>> No Response
GetOutputBlob ===>> No Response
persistence save...
persistence save - db
AutomatedRunPersister post_extraction_save deprecated
persistence save - dvc
no extraction position for 
create new session 4983034992
close session 4983034992
Extraction Finished
08:21:53 -- ******* Extraction Finished *******
no overlap. not waiting for min ms pumptime
08:21:53 -- Sending spectrometer configuration
======== Sending configuration ========
SetDeflection CDD,50.0 ===>> OK
SetDeflection H2,0.0 ===>> OK
SetDeflection H1,0.0 ===>> OK
SetDeflection L2,825.0 ===>> OK
SetDeflection L1,400.0 ===>> OK
SetDeflection AX,190.0 ===>> OK
SetZFocus 74.64 ===>> OK
SetZSymmetry -50.72 ===>> OK
SetExtractionLens 26.13 ===>> OK
SetIonRepeller -3.81 ===>> OK
SetElectronEnergy 75.08 ===>> OK
SetYSymmetry -2.81 ===>> OK
SetIonCounterVoltage 1590.0 ===>> OK
send trap current 200.0
GetParameter Trap Current Readback ===>> 198.258926936459
SetParameter Trap Current Set,200.0 ===>> OK
updating mftable name mftable
Using mftable located at /Users/jan/PychronDev/setupfiles/spectrometer/mftables/mftable.csv
============ MFtable ===========
Isotope  H2     H1     AX     L1     L2     CDD    
Ar40     5.7774 5.8789 5.9923 6.1173 6.2306 6.3455
Ar39     5.6766 5.7712 5.8847 6.0033 6.1158 6.2320
Ar36     5.3541 5.4402 5.5481 5.6622 5.7707 5.8831
================================
get initial guess parabolic
get initial guess parabolic
get initial guess parabolic
get initial guess parabolic
get initial guess parabolic
get initial guess parabolic
======== Configuration Finished ========
GetYSymmetry ===>> -2.81
GetZSymmetry ===>> -50.72
GetParameter Trap Current Readback ===>> 198.147042666178
GetHighVoltage ===>> 4499.94659342336
start measurement
do measurement
L#=c-02-J analysis type=cocktail
Measurement Started jan_unknown120_60.py
08:21:54 -- ******* Measurement Started jan_unknown120_60.py *******
state changed from extraction to measurement
setting spec, defl, and gains
GetExtractionLens ===>> 26.13
GetYSymmetry ===>> -2.81
GetZSymmetry ===>> -50.72
GetZFocus ===>> 74.64
GetDeflection H2 ===>> 0
GetDeflection H1 ===>> 0
GetDeflection AX ===>> 190
GetDeflection L1 ===>> 400
GetDeflection L2 ===>> 825
GetDeflection CDD ===>> 50
GetGain H2 ===>> 0.0113
GetGain H1 ===>> 0.1
GetGain AX ===>> 0.097049
GetGain L1 ===>> 0.010355
GetGain L2 ===>> 0.095649
GetGain CDD ===>> 0
pre measurement save
New frame /Users/jan/PychronDev/data/isotopes/93/5f846e-8ec8-40f4-8cb3-6eb3793edb57.h5
flush and close file /Users/jan/PychronDev/data/isotopes/93/5f846e-8ec8-40f4-8cb3-6eb3793edb57.h5
testing...
no interpolation path defined
executed 224.052928
unknown measurement script
activate_detectors ('H2', 'H1', 'AX', 'L1', 'L2', 'CDD') {}
activate detectors
*************** Set Analysis View Ar/Ar
 - No isotope= "Ar40". Required for age calculation
 - failed assembling isotopes
 - ca37 is zero. can't calculated k/ca
 - cl38 is zero. can't calculated k/cl
create graphs
clearing graphs
clear isotope group
setting isotope det=H2, iso=PM41
setting isotope det=H1, iso=Ar40
setting isotope det=AX, iso=Ar39
setting isotope det=L1, iso=Ar38
setting isotope det=L2, iso=Ar37
setting isotope det=CDD, iso=Ar36
setting previous blanks
 - setting Ar40 blank 0.248+/-0.007
 - setting Ar36 blank 0.00451+/-0.00017
 - setting Ar37 blank 0.054+/-0.005
 - setting Ar38 blank 0.0094+/-0.0020
 - setting PM41 blank 0.01+/-0.06
 - setting Ar39 blank 0.061+/-0.009
load analysis view
position_magnet ('Ar40',) {'detector': 'H1'}
detector Detector(H1)
POSITION Ar40 H1
setting detector H2 to PM41 (40.9624)
setting detector H1 to Ar40 (39.9624)
setting detector AX to Ar39 (38.9624)
setting detector L1 to Ar38 (37.9624)
setting detector L2 to Ar37 (36.9624)
setting detector CDD to Ar36 (35.9624)
Mapping mass to dac mass func: "parabolic"
H1 map mass coeffs = [-0.00063987  0.15840543  0.57050999]
H1 map mass to dac 39.9624 >> 5.8789
GetDeflection H1 ===>> 0
GetHighVoltage ===>> 4499.94659342336
positioning Ar40 (5.87886537971) on H1
setting magnet DAC
current  : 5.878866
requested: 5.878865
Delta Dac: 0.000000
Checking detector protection. dv=0.00000
Checking detector "CDD". Protection Threshold: 0.1 (V)
SetMagnetDAC 5.87886537971 ===>> OK
Magnet settling time: 0.500
Get Checksum: -1372759104
equilibrate () {'delay': 3, 'inlet': 'R', 'outlet': 'O', 'eqtime': 10.0}
Equilibration Started
08:21:55 -- ******* Equilibration Started *******
checking ownership. requestor=129.138.12.150
check software interlocks O
interlocks []
actuate state mode=None-script, software_lock=False
doing actuation None-script close_channel True
Close O ===>> OK
GetIndicatorState O ===>> False
change switch state (True, True)
update switch state O False args=() kw={} ncanvase=2
08:21:55 -- CLOSE  VALVE-O (Jan Ion Pump)
waiting 3s before opening inlet value ('R',)
Get Checksum: 1929370560
checking ownership. requestor=129.138.12.150
check software interlocks R
interlocks []
actuate state mode=None-script, software_lock=False
doing actuation None-script open_channel True
Open R ===>> OK
GetIndicatorState R ===>> OK
change switch state (True, True)
update switch state R True args=() kw={} ncanvase=2
08:21:59 -- OPEN   VALVE-R (Jan Inlet)
equilibrating for 10.0sec
set_time_zero () {}
sniff (10.0,) {}
py_sniff
build tables- sniff [Detector(H2), Detector(H1), Detector(AX), Detector(L1), Detector(L2), Detector(CDD)]
add group /sniff/PM41 (Group) '' table H2
add group /sniff/Ar40 (Group) '' table H1
add group /sniff/Ar39 (Group) '' table AX
add group /sniff/Ar38 (Group) '' table L1
add group /sniff/Ar37 (Group) '' table L2
add group /sniff/Ar36 (Group) '' table CDD
flush and close file /Users/jan/PychronDev/data/isotopes/93/5f846e-8ec8-40f4-8cb3-6eb3793edb57.h5
measuring sniff. ncounts=10.0
starting measurement
GetData ===>> H2,0.275433916917365,H1,143.064012874308,AX,13.2604870581546,L1,0.066781916142058,L2,0.2492051942...
GetData ===>> H2,1.2552700451986,H1,697.148108664231,AX,59.9165916121468,L1,0.501000874872608,L2,0.284388652803...
GetData ===>> H2,0.414295447595292,H1,835.933684225959,AX,68.7853206936871,L1,0.806488761467945,L2,0.0518277119...
GetData ===>> H2,0.096290856402043,H1,840.260884506172,AX,67.7188281296174,L1,0.820314331107078,L2,0.0345752919...
Get Checksum: -1090100498
GetData ===>> H2,0.0128804148389543,H1,832.231999741558,AX,66.7376166727174,L1,0.837171299943647,L2,0.042762106...
GetData ===>> H2,0.0447924982548507,H1,827.810116792511,AX,66.346263482378,L1,0.859371983408034,L2,-0.001880592...
GetData ===>> H2,-0.0986338473970487,H1,824.975264738102,AX,66.3053235279595,L1,0.877168286750273,L2,-0.0233737...
Get Checksum: -1090100498
GetData ===>> H2,-0.15593587179102,H1,823.502012701757,AX,66.1757205502923,L1,0.855172611027549,L2,0.0691060551...
GetData ===>> H2,-0.0952767958670338,H1,823.113224478373,AX,66.1178491235757,L1,0.842666080828497,L2,-0.0797046...
GetData ===>> H2,-0.0495919249928472,H1,822.953679315579,AX,66.0883658851347,L1,0.840625040462856,L2,-0.0074423...
Equilibration Finished
08:22:09 -- ******* Equilibration Finished *******
checking ownership. requestor=129.138.12.150
check software interlocks R
interlocks []
actuate state mode=None-script, software_lock=False
doing actuation None-script close_channel True
Close R ===>> OK
Get Checksum: 1929370560
GetIndicatorState R ===>> False
change switch state (True, True)
update switch state R False args=() kw={} ncanvase=2
08:22:09 -- CLOSE  VALVE-R (Jan Inlet)
State checksums do not match. Local:-1090100498 Remote:1929370560
State checksum failed
Post Equilibration Started jan_pump_extraction_line.py
08:22:09 -- ******* Post Equilibration Started jan_pump_extraction_line.py *******
testing...
no interpolation path defined
calculate duration
testing...
no interpolation path defined
executed 4.0
executed 4.0
Pump after analysis
doing GOSUB
testing...
no interpolation path defined
executed 4.0
Pump Microbone
close () {'description': 'Jan Inlet'}
closing name=--- desc=Jan Inlet
checking ownership. requestor=129.138.12.150
check software interlocks R
interlocks []
actuate state mode=None-script, software_lock=False
doing actuation None-script close_channel False
measurement finished
estimated time: 10.486 actual time: :10.556
flush and close file /Users/jan/PychronDev/data/isotopes/93/5f846e-8ec8-40f4-8cb3-6eb3793edb57.h5
set_fits () {}
using default fits file=/Users/jan/PychronDev/scripts/measurement/fits/nominal_linear.yaml
set "Ar40" to "('Linear', 'SEM')"
No fit for "PM41". defaulting to linear. check the measurement script "jan_unknown120_60.py"
set "PM41" to "linear"
set "Ar36" to "('Linear', 'SEM')"
set "Ar37" to "('linear', 'SEM')"
set "Ar38" to "('linear', 'SEM')"
set "Ar39" to "('Linear', 'SEM')"
set_baseline_fits () {}
using default fits file=/Users/jan/PychronDev/scripts/measurement/fits/nominal_linear.yaml
set "H1" to "('average', 'SEM')"
set "H2" to "('average', 'SEM')"
set "CDD" to "('average', 'SEM')"
set "L2" to "('average', 'SEM')"
set "L1" to "('average', 'SEM')"
set "AX" to "('average', 'SEM')"
multicollect () {'integration_time': 1, 'ncounts': 120}
build tables- signal [Detector(H2), Detector(H1), Detector(AX), Detector(L1), Detector(L2), Detector(CDD)]
add group /signal/PM41 (Group) '' table H2
add group /signal/Ar40 (Group) '' table H1
add group /signal/Ar39 (Group) '' table AX
add group /signal/Ar38 (Group) '' table L1
add group /signal/Ar37 (Group) '' table L2
add group /signal/Ar36 (Group) '' table CDD
flush and close file /Users/jan/PychronDev/data/isotopes/93/5f846e-8ec8-40f4-8cb3-6eb3793edb57.h5
measuring signal. ncounts=120
Close R ===>> OK
GetIndicatorState R ===>> False
change switch state (True, True)
update switch state R False args=() kw={} ncanvase=2
08:22:10 -- CLOSE  VALVE-R (Jan Inlet)
---------------------------------------- close None (Jan Inlet) result=[(True, True)]
action=close, ok=True, locked=[False]
is_closed ('F',) {}
is F () closed?
is closed True
open () {'description': 'CO2 Laser to Jan'}
opening name=--- desc=CO2 Laser to Jan
checking ownership. requestor=129.138.12.150
check software interlocks A
interlocks []
actuate state mode=None-script, software_lock=False
doing actuation None-script open_channel False
Open A ===>> OK
GetIndicatorState A ===>> OK
change switch state (True, True)
update switch state A True args=() kw={} ncanvase=2
08:22:10 -- OPEN   VALVE-A (CO2 Laser to Jan)
---------------------------------------- open None (CO2 Laser to Jan) result=[(True, True)], time=0.16 sec
starting measurement
GetData ===>> H2,-0.0770167796342373,H1,823.376151362253,AX,66.0688642961077,L1,0.85253942083536,L2,0.029866480...
action=open, ok=True, locked=[False]
sleep (1,) {}
SLEEP 1.0
GetData ===>> H2,0.160802228001684,H1,823.426238146754,AX,66.3229732191946,L1,0.91582039609097,L2,0.17945312496...
close () {'description': 'CO2 Laser to Roughing'}
closing name=--- desc=CO2 Laser to Roughing
checking ownership. requestor=129.138.12.150
check software interlocks G
interlocks []
actuate state mode=None-script, software_lock=True
VALVE-G(CO2 Laser to Roughing) software locked
change switch state (True, False)
---------------------------------------- close None (CO2 Laser to Roughing) result=[(True, False)]
action=close, ok=True, locked=[True]
open () {'description': 'Microbone to Turbo'}
opening name=--- desc=Microbone to Turbo
checking ownership. requestor=129.138.12.150
check software interlocks U
interlocks []
actuate state mode=None-script, software_lock=False
doing actuation None-script open_channel True
Open U ===>> OK
set states for children of U. state=True
handle state [('U', True)]
update switch state U True args=() kw={'refresh': False} ncanvase=2
GetData ===>> H2,-0.0499665260517229,H1,822.238859256421,AX,66.023050924464,L1,0.835752147265414,L2,-0.02772644...
refresh_canvas_needed fired
Get Checksum: -1930681562
GetIndicatorState U ===>> OK
change switch state (True, True)
update switch state U True args=() kw={} ncanvase=2
08:22:14 -- OPEN   VALVE-U (Microbone to Turbo)
---------------------------------------- open None (Microbone to Turbo) result=[(True, True)], time=2.00 sec
action=open, ok=True, locked=[False]
open () {'description': 'Microbone to Getter NP-10'}
opening name=--- desc=Microbone to Getter NP-10
checking ownership. requestor=129.138.12.150
check software interlocks M
interlocks []
actuate state mode=None-script, software_lock=False
doing actuation None-script open_channel False
Open M ===>> OK
GetIndicatorState M ===>> OK
change switch state (True, True)
update switch state M True args=() kw={} ncanvase=2
08:22:14 -- OPEN   VALVE-M (Microbone to Getter NP-10)
---------------------------------------- open None (Microbone to Getter NP-10) result=[(True, True)], time=0.13 sec
action=open, ok=True, locked=[False]
open () {'description': 'Microbone to Getter D-50'}
opening name=--- desc=Microbone to Getter D-50
checking ownership. requestor=129.138.12.150
check software interlocks K
interlocks []
actuate state mode=None-script, software_lock=False
doing actuation None-script open_channel False
Open K ===>> OK
GetData ===>> H2,-0.0208342632050219,H1,821.704040101818,AX,65.9675961898481,L1,0.813701141025061,L2,-0.0426176...
GetIndicatorState K ===>> OK
change switch state (True, True)
update switch state K True args=() kw={} ncanvase=2
08:22:15 -- OPEN   VALVE-K (Microbone to Getter D-50)
---------------------------------------- open None (Microbone to Getter D-50) result=[(True, True)], time=0.43 sec
action=open, ok=True, locked=[False]
open () {'description': 'Microbone to CO2 Laser'}
opening name=--- desc=Microbone to CO2 Laser
checking ownership. requestor=129.138.12.150
check software interlocks T
interlocks []
actuate state mode=None-script, software_lock=False
doing actuation None-script open_channel True
Open T ===>> OK
GetIndicatorState T ===>> OK
change switch state (True, True)
update switch state T True args=() kw={} ncanvase=2
08:22:15 -- OPEN   VALVE-T (Microbone to CO2 Laser)
---------------------------------------- open None (Microbone to CO2 Laser) result=[(True, True)], time=0.52 sec
GetData ===>> H2,-0.129836041072268,H1,821.531888716909,AX,66.0657722801926,L1,0.820440430981569,L2,-0.01854216...
action=open, ok=True, locked=[False]
open () {'description': 'Microbone to Inlet Pipette'}
opening name=--- desc=Microbone to Inlet Pipette
checking ownership. requestor=129.138.12.150
check software interlocks S
interlocks []
actuate state mode=None-script, software_lock=False
doing actuation None-script open_channel False
Open S ===>> OK
GetIndicatorState S ===>> OK
change switch state (True, True)
update switch state S True args=() kw={} ncanvase=2
08:22:16 -- OPEN   VALVE-S (Microbone to Inlet Pipette)
---------------------------------------- open None (Microbone to Inlet Pipette) result=[(True, True)], time=0.46 sec
action=open, ok=True, locked=[False]
sleep (1,) {}
SLEEP 1.0
Get Checksum: -559216675
GetData ===>> H2,-0.145638719908814,H1,821.366185320041,AX,65.799055130417,L1,0.829716051648429,L2,-0.040293568...
set_resource () {'name': 'CO2PumpTimeFlag', 'value': 30}
Set CO2PumpTimeFlag 30 ===>> OK
release ('JanCO2Flag',) {}
release JanCO2Flag
Set JanCO2Flag 0 ===>> OK
executed 6.0
PumpMicrobone.py completed successfully
gosub finished
get_resource_value () {'name': 'JanMiniboneFlag'}
Read JanMiniboneFlag ===>> 1
Get Resource Value JanMiniboneFlag=1.0
get resource value 1.0
get_resource_value () {'name': 'JanMiniboneFlag'}
Read JanMiniboneFlag ===>> 1
Get Resource Value JanMiniboneFlag=1.0
doing GOSUB
testing...
no interpolation path defined
executed 0
Entering Pump minibone script
get_resource_value () {'name': 'JanMiniboneFlag'}
Read JanMiniboneFlag ===>> 1
Get Resource Value JanMiniboneFlag=1.0
get resource value 1.0
get_resource_value () {'name': 'JanMiniboneFlag'}
Read JanMiniboneFlag ===>> 1
Get Resource Value JanMiniboneFlag=1.0
Pump minibone
close () {'description': 'Bone to Minibone'}
closing name=--- desc=Bone to Minibone
checking ownership. requestor=129.138.12.150
check software interlocks E
interlocks []
actuate state mode=None-script, software_lock=False
doing actuation None-script close_channel False
GetData ===>> H2,0.0153901273273326,H1,820.611223773629,AX,65.8785720983557,L1,0.861313416448763,L2,0.103299737...
Close E ===>> OK
GetIndicatorState E ===>> False
change switch state (True, True)
update switch state E False args=() kw={} ncanvase=2
08:22:18 -- CLOSE  VALVE-E (Bone to Minibone)
---------------------------------------- close None (Bone to Minibone) result=[(True, True)]
action=close, ok=True, locked=[False]
open () {'description': 'Minibone to Bone'}
opening name=--- desc=Minibone to Bone
checking ownership. requestor=129.138.12.150
check software interlocks I
interlocks []
actuate state mode=None-script, software_lock=False
doing actuation None-script open_channel True
Open I ===>> OK
GetIndicatorState I ===>> OK
change switch state (True, True)
update switch state I True args=() kw={} ncanvase=2
08:22:19 -- OPEN   VALVE-I (Minibone to Bone)
---------------------------------------- open None (Minibone to Bone) result=[(True, True)], time=0.42 sec
action=open, ok=True, locked=[False]
close () {'description': 'Microbone to Minibone'}
closing name=--- desc=Microbone to Minibone
GetData ===>> H2,-0.0551987945293261,H1,820.715488752205,AX,65.8941614376501,L1,0.865571565333305,L2,0.02588754...
checking ownership. requestor=129.138.12.150
check software interlocks L
interlocks []
actuate state mode=None-script, software_lock=False
doing actuation None-script close_channel False
Close L ===>> OK
GetIndicatorState L ===>> False
change switch state (True, True)
update switch state L False args=() kw={} ncanvase=2
08:22:19 -- CLOSE  VALVE-L (Microbone to Minibone)
---------------------------------------- close None (Microbone to Minibone) result=[(True, True)]
action=close, ok=True, locked=[False]
sleep () {'duration': 1.0}
SLEEP 1.0
Get Checksum: 142457011
GetData ===>> H2,-0.124287875772637,H1,820.604044115872,AX,65.8007464754644,L1,0.872841810371416,L2,0.012184853...
open () {'description': 'Minibone to Turbo'}
opening name=--- desc=Minibone to Turbo
checking ownership. requestor=129.138.12.150
check software interlocks P
interlocks []
actuate state mode=None-script, software_lock=False
doing actuation None-script open_channel True
Open P ===>> OK
GetIndicatorState P ===>> OK
change switch state (True, True)
update switch state P True args=() kw={} ncanvase=2
08:22:21 -- OPEN   VALVE-P (Minibone to Turbo)
---------------------------------------- open None (Minibone to Turbo) result=[(True, True)], time=0.24 sec
GetData ===>> H2,-0.0908877058709767,H1,820.003082209172,AX,65.8121519902782,L1,0.875224495454185,L2,-0.0058810...
action=open, ok=True, locked=[False]
open () {'description': 'Quad Inlet'}
opening name=--- desc=Quad Inlet
checking ownership. requestor=129.138.12.150
check software interlocks Q
interlocks []
actuate state mode=None-script, software_lock=False
doing actuation None-script open_channel True
Open Q ===>> OK
GetIndicatorState Q ===>> OK
change switch state (True, True)
update switch state Q True args=() kw={} ncanvase=2
08:22:21 -- OPEN   VALVE-Q (Quad Inlet)
---------------------------------------- open None (Quad Inlet) result=[(True, True)], time=0.23 sec
action=open, ok=True, locked=[False]
set_resource () {'name': 'MinibonePumpTimeFlag', 'value': 30}
Set MinibonePumpTimeFlag 30 ===>> OK
sleep () {'duration': 15.0}
SLEEP 15.0
block started
WaitControl setup for 15.0  
GetData ===>> H2,-0.112367186121839,H1,819.786334700658,AX,65.7128340350654,L1,0.865333774218516,L2,0.102262425...
Get Checksum: -424836985
GetData ===>> H2,-0.259213604571372,H1,819.305297497846,AX,65.7077598864081,L1,0.881941049498993,L2,0.048714520...
GetData ===>> H2,-0.120215603149204,H1,819.038022308229,AX,65.6706330672756,L1,0.865413871676934,L2,-0.01349385...
GetData ===>> H2,-0.154927967088836,H1,818.472584605725,AX,65.5712984540645,L1,0.835562275204113,L2,0.049786450...
Get Checksum: -424836985
GetData ===>> H2,-0.161647889968952,H1,818.509075685068,AX,65.6425894029508,L1,0.818276967203979,L2,0.007568332...
GetData ===>> H2,-0.174334644105295,H1,818.269474256259,AX,65.6235299848782,L1,0.833840629714357,L2,0.021008158...
GetData ===>> H2,-0.143295909765957,H1,817.776083616876,AX,65.6607984838485,L1,0.802440918924425,L2,0.053333027...
Get Checksum: -424836985
GetData ===>> H2,-0.0537688437223083,H1,817.065587383447,AX,65.6189710259472,L1,0.835279971783561,L2,0.08590631...
GetData ===>> H2,-0.0340673688304268,H1,816.661555596028,AX,65.5997910330978,L1,0.868498088362254,L2,-0.0795680...
GetData ===>> H2,-0.142664862594971,H1,816.820322826002,AX,65.6020391479394,L1,0.814268154421338,L2,-0.13159791...
Get Checksum: -424836985
GetData ===>> H2,-0.202490402943722,H1,816.724221432293,AX,65.5139021771774,L1,0.803943079878244,L2,0.021543966...
GetData ===>> H2,-0.148926484827522,H1,816.20754814686,AX,65.4850662674376,L1,0.802151490743019,L2,0.0510522554...
GetData ===>> H2,-0.17213785866824,H1,815.778003990389,AX,65.4467213098854,L1,0.851658634233809,L2,0.0510294480...
Get Checksum: -424836985
GetData ===>> H2,-0.115933475614472,H1,815.230105588209,AX,65.3406646524582,L1,0.830183422321473,L2,0.005254456...
08:22:37 -- collecting point 25
Join finished
GetData ===>> H2,-0.116512638166875,H1,814.960721166038,AX,65.3866007671298,L1,0.824961052183575,L2,-0.05559292...
block finished. duration 15.1589069366
close () {'description': 'Outer Pipette 1'}
closing name=--- desc=Outer Pipette 1
checking ownership. requestor=129.138.12.150
check software interlocks W
interlocks ['X']
actuate state mode=None-script, software_lock=False
doing actuation None-script close_channel True
Close W ===>> OK
GetIndicatorState W ===>> False
change switch state (True, True)
update switch state W False args=() kw={} ncanvase=2
08:22:37 -- CLOSE  VALVE-W (Outer Pipette 1)
---------------------------------------- close None (Outer Pipette 1) result=[(True, True)]
action=close, ok=True, locked=[False]
close () {'description': 'Outer Pipette 2'}
closing name=--- desc=Outer Pipette 2
checking ownership. requestor=129.138.12.150
check software interlocks Y
interlocks ['Z']
actuate state mode=None-script, software_lock=False
doing actuation None-script close_channel False
Close Y ===>> OK
GetIndicatorState Y ===>> False
change switch state (True, True)
update switch state Y False args=() kw={} ncanvase=2
08:22:37 -- CLOSE  VALVE-Y (Outer Pipette 2)
---------------------------------------- close None (Outer Pipette 2) result=[(True, True)]
action=close, ok=True, locked=[False]
release ('JanMiniboneFlag',) {}
release JanMiniboneFlag
Set JanMiniboneFlag 0 ===>> OK
executed 16.0
PumpMinibone.py completed successfully
gosub finished
executed 4.0
jan_pump_extraction_line.py completed successfully
Post Equilibration Finished
08:22:38 -- ******* Post Equilibration Finished *******
GetData ===>> H2,-0.156018283627452,H1,814.636331178801,AX,65.4760447310575,L1,0.825849171259463,L2,-0.08940687...
Get Checksum: -860229079
GetData ===>> H2,-0.0428817638841276,H1,814.35139891167,AX,65.6880393089026,L1,0.829798527312242,L2,-0.01647956...
GetData ===>> H2,-0.0419129755131702,H1,814.009276019448,AX,65.4730066912511,L1,0.819080879669926,L2,0.03506556...
Get Checksum: -860229079
GetData ===>> H2,-0.195715830434516,H1,813.851802799156,AX,65.5248180816165,L1,0.788252413564524,L2,0.025021093...
GetData ===>> H2,-0.13096453900709,H1,813.33068953977,AX,65.3773936462194,L1,0.830155929352251,L2,0.12112956943...
GetData ===>> H2,-0.091432370251262,H1,812.451589330209,AX,65.4419793479717,L1,0.859851053691286,L2,-0.00663319...
Get Checksum: -860229079
GetData ===>> H2,-0.0956925877979016,H1,812.586730491145,AX,65.4290715497339,L1,0.828059178022992,L2,-0.0050946...
GetData ===>> H2,-0.0654148664426901,H1,812.13672139767,AX,65.2461778103119,L1,0.848533939446764,L2,0.001105577...
GetData ===>> H2,-0.120556480391269,H1,812.254728336646,AX,65.1719332635278,L1,0.82839278084531,L2,-0.035873044...
Get Checksum: -860229079
GetData ===>> H2,-0.102163166450341,H1,811.535922144012,AX,65.3241942164059,L1,0.760991014278819,L2,0.061544257...
GetData ===>> H2,-0.199496013574473,H1,811.15696611028,AX,65.3053712026996,L1,0.777290458747245,L2,-0.006849736...
GetData ===>> H2,-0.224687066246996,H1,811.025072736338,AX,65.2114672787086,L1,0.866473969017097,L2,0.047961895...
Get Checksum: -860229079
GetData ===>> H2,-0.23136461046397,H1,810.770717715189,AX,65.2711714177846,L1,0.856085375191082,L2,0.0017210592...
GetData ===>> H2,-0.230225937487024,H1,810.433501301406,AX,65.1115046985676,L1,0.845877804912526,L2,-0.02902538...
GetData ===>> H2,-0.158109452335499,H1,810.241274180179,AX,65.0852395020057,L1,0.853220079289066,L2,-0.02931024...
Get Checksum: -860229079
GetData ===>> H2,-0.162323038804127,H1,809.99612480032,AX,64.9362284601552,L1,0.812004031010383,L2,-0.062119758...
GetData ===>> H2,-0.145973753543487,H1,809.981856453506,AX,64.9782494227087,L1,0.813356451843277,L2,0.055180492...
GetData ===>> H2,-0.212316029092363,H1,809.294045465615,AX,65.0872513799013,L1,0.796025474680552,L2,0.077985714...
Get Checksum: -860229079
GetData ===>> H2,-0.178890348739229,H1,808.196709788643,AX,65.1159472457204,L1,0.787746128374187,L2,0.015547645...
GetData ===>> H2,-0.232582567400225,H1,808.092980913927,AX,65.0707858493376,L1,0.808440869809757,L2,-0.01834844...
GetData ===>> H2,-0.200420974855678,H1,808.207107892062,AX,65.0527597251875,L1,0.815532395432505,L2,-0.03735417...
Get Checksum: -860229079
GetData ===>> H2,-0.17957051004426,H1,808.23597311187,AX,65.1216438351189,L1,0.827623136406438,L2,0.02986648058...
GetData ===>> H2,-0.273624929589945,H1,808.025322245461,AX,65.0753972254615,L1,0.815002035842178,L2,0.116489389...
GetData ===>> H2,-0.102917082917202,H1,807.139602307541,AX,64.8145937972319,L1,0.842022354072489,L2,0.040595611...
Get Checksum: -860229079
08:23:03 -- collecting point 50
GetData ===>> H2,-0.0934983349333956,H1,806.524988237454,AX,64.7702458547687,L1,0.833153087366276,L2,0.07879483...
GetData ===>> H2,-0.117396210100629,H1,806.186703184817,AX,64.7488349986527,L1,0.789901127704984,L2,0.034700711...
GetData ===>> H2,-0.1744197007124,H1,805.940345231429,AX,64.643028227454,L1,0.807719396081933,L2,0.111974835278...
Get Checksum: -860229079
GetData ===>> H2,-0.226986956420457,H1,805.949399288308,AX,64.8800412668503,L1,0.847716018476618,L2,-0.01254797...
GetData ===>> H2,-0.183905578145193,H1,806.019198945053,AX,64.6890424533064,L1,0.831965620383281,L2,0.044495338...
Get Checksum: -860229079
GetData ===>> H2,-0.131218845776669,H1,805.095514755623,AX,64.7454806937496,L1,0.81036337807063,L2,0.1386890441...
GetData ===>> H2,-0.172051516694107,H1,804.715148895611,AX,64.8255284820641,L1,0.815775745876155,L2,-0.02502594...
GetData ===>> H2,-0.171186711551086,H1,804.242768889902,AX,64.8014177210055,L1,0.82403678874418,L2,-0.036397137...
Get Checksum: -860229079
GetData ===>> H2,-0.166201664551908,H1,804.052423070654,AX,64.6075300940795,L1,0.848076196002782,L2,-0.00616592...
GetData ===>> H2,-0.161291395157177,H1,803.949148094358,AX,64.7288650246134,L1,0.832286848183627,L2,-0.06134521...
GetData ===>> H2,-0.17047835862007,H1,803.607549989814,AX,64.7413845404245,L1,0.803953061734819,L2,0.0691630845...
Get Checksum: -860229079
GetData ===>> H2,-0.171444406104864,H1,803.359159175911,AX,64.6423172421628,L1,0.818514139934409,L2,0.021954375...
GetData ===>> H2,-0.140416049294227,H1,802.793879036273,AX,64.6004532652289,L1,0.809962618343175,L2,0.052637386...
GetData ===>> H2,-0.165931702270891,H1,802.86095475205,AX,64.5840451614815,L1,0.829950984035139,L2,0.0616012825...
Get Checksum: -860229079
GetData ===>> H2,0.0268922378664636,H1,802.806372852457,AX,64.4275060008343,L1,0.818229533302015,L2,-0.01073597...
GetData ===>> H2,-0.0743506154093731,H1,801.838967639055,AX,64.4629801791676,L1,0.825762979191669,L2,-0.0136420...
GetData ===>> H2,-0.17921963828231,H1,801.350859170259,AX,64.4544080358886,L1,0.858706574789239,L2,-0.070639277...
Get Checksum: -860229079
GetData ===>> H2,-0.103214845837281,H1,801.274569267655,AX,64.4630110707996,L1,0.82101976079261,L2,0.0424656359...
GetData ===>> H2,-0.1621758597867,H1,800.806918752336,AX,64.4232905165325,L1,0.788319753834547,L2,0.04278491216...
GetData ===>> H2,-0.133296372711572,H1,800.552602863324,AX,64.4827379180461,L1,0.769645864599031,L2,0.010520600...
Get Checksum: -860229079
GetData ===>> H2,-0.0857184656698815,H1,800.405295167657,AX,64.5450263197785,L1,0.771193507582719,L2,0.08946224...
GetData ===>> H2,-0.190157672832685,H1,799.78301335359,AX,64.4466704259969,L1,0.781631489844185,L2,0.0346893096...
GetData ===>> H2,-0.238311259330291,H1,799.438320136509,AX,64.3540557633668,L1,0.825134672921441,L2,0.045464593...
Get Checksum: -860229079
GetData ===>> H2,-0.230484369790526,H1,799.471333257648,AX,64.1304361956481,L1,0.864078576657437,L2,0.005163270...
GetData ===>> H2,-0.125216814689028,H1,799.036482431049,AX,64.2865701411801,L1,0.839848974388257,L2,-0.00139050...
08:23:29 -- collecting point 75
GetData ===>> H2,-0.12128148683861,H1,798.863258986122,AX,64.3135663411684,L1,0.855891562465089,L2,0.0461943920...
Get Checksum: -860229079
GetData ===>> H2,-0.226755372749992,H1,798.496028987834,AX,64.4411725249417,L1,0.795368437867957,L2,0.017496978...
GetData ===>> H2,-0.148456476591668,H1,798.18525250529,AX,64.3208177080093,L1,0.814078313920072,L2,0.0342218380...
Get Checksum: -860229079
GetData ===>> H2,-0.10661420382068,H1,797.899655353547,AX,64.4203876254101,L1,0.789912352821594,L2,-0.024467604...
GetData ===>> H2,-0.13448104198027,H1,797.605321759497,AX,64.1307137057324,L1,0.821090930671978,L2,-0.039302386...
GetData ===>> H2,-0.191300909380522,H1,796.810862553015,AX,64.1194287756153,L1,0.827691852362863,L2,0.047825055...
Get Checksum: -860229079
GetData ===>> H2,-0.188611153793138,H1,796.625978406355,AX,64.0327293608301,L1,0.852361756223656,L2,-0.03147510...
GetData ===>> H2,-0.12996714180328,H1,796.541659905776,AX,64.0773680942473,L1,0.811864178428733,L2,-0.005242770...
GetData ===>> H2,-0.196716629733954,H1,795.806770061337,AX,64.1127846937265,L1,0.818092225848752,L2,0.045008472...
Get Checksum: -860229079
GetData ===>> H2,-0.232217866996684,H1,796.068581775606,AX,64.0451865666452,L1,0.778703214279571,L2,0.047118051...
GetData ===>> H2,-0.0888212666240667,H1,795.634223017308,AX,64.0401912063792,L1,0.8371338198515,L2,0.0183405619...
GetData ===>> H2,-0.0537796979152682,H1,795.467020085391,AX,64.0450632220938,L1,0.899990829546681,L2,0.03580669...
Get Checksum: -860229079
GetData ===>> H2,-0.175432230303882,H1,794.680071970048,AX,63.8920610244341,L1,0.901325673733623,L2,-0.04842770...
GetData ===>> H2,-0.12651747185185,H1,794.556597163866,AX,63.9298953360432,L1,0.816135166100087,L2,0.0285895547...
GetData ===>> H2,-0.174955677652513,H1,793.886821310474,AX,63.8935558860058,L1,0.798241251962639,L2,-0.01970449...
GetData ===>> H2,-0.105864592071401,H1,793.669078466438,AX,63.8364860179631,L1,0.849712157845297,L2,0.064749109...
GetData ===>> H2,-0.172299748095825,H1,793.831661872845,AX,64.0219844427563,L1,0.82667365293533,L2,0.0464680679...
Get Checksum: -860229079
GetData ===>> H2,-0.172170236738864,H1,793.286502988065,AX,64.1750767180952,L1,0.837027626984413,L2,0.039717624...
GetData ===>> H2,-0.0368533134772869,H1,793.009587390357,AX,63.8472848350642,L1,0.828262836910867,L2,-0.0257551...
GetData ===>> H2,-0.144579516212046,H1,792.740071639358,AX,63.8180022622635,L1,0.807343700202281,L2,-0.08904249...
Get Checksum: -860229079
GetData ===>> H2,-0.155164413905423,H1,792.51105957363,AX,63.8593016977273,L1,0.829647322424162,L2,0.0916847728...
GetData ===>> H2,-0.137394856122593,H1,791.943858952313,AX,63.7867861207239,L1,0.83577837985993,L2,0.0647148933...
GetData ===>> H2,-0.0925609076594698,H1,791.947466070606,AX,63.8484710654012,L1,0.801516523321236,L2,0.01177448...
Get Checksum: -860229079
GetData ===>> H2,-0.228529828792401,H1,791.862794409134,AX,63.7634597882884,L1,0.79398911347711,L2,0.0252719074...
GetData ===>> H2,-0.204544626790672,H1,790.960585966243,AX,63.8412768226289,L1,0.854373796074542,L2,0.058259681...
Get Checksum: -860229079
08:23:55 -- collecting point 100
GetData ===>> H2,-0.144807847822294,H1,790.447533427232,AX,63.8341445960365,L1,0.810339656662976,L2,0.073508824...
GetData ===>> H2,-0.129035888316755,H1,790.173986329197,AX,63.6256535920569,L1,0.783527206529758,L2,0.109523840...
GetData ===>> H2,-0.0953296171838037,H1,789.868146456322,AX,63.6612558742518,L1,0.852021449307873,L2,-0.0040460...
Get Checksum: -860229079
GetData ===>> H2,-0.106082444628061,H1,789.836104801072,AX,63.5461726329224,L1,0.808900242297922,L2,0.036091738...
GetData ===>> H2,-0.07725937362586,H1,789.631873408799,AX,63.4612457097231,L1,0.815083147922984,L2,-0.129866186...
GetData ===>> H2,-0.058387724768482,H1,789.14376835473,AX,63.5518636034877,L1,0.824929825737266,L2,-0.013949694...
Get Checksum: -860229079
GetData ===>> H2,-0.159599242219259,H1,789.139200163746,AX,63.516815884638,L1,0.812884395929453,L2,0.1022282290...
GetData ===>> H2,-0.235405569225584,H1,788.659595525911,AX,63.5750607485947,L1,0.822516927292014,L2,0.029592852...
GetData ===>> H2,-0.136353811241641,H1,788.534053498494,AX,63.7389062516004,L1,0.818793760995442,L2,-0.10537942...
Get Checksum: -860229079
GetData ===>> H2,-0.0544132934983206,H1,787.889549310491,AX,63.6337490553104,L1,0.822744205623485,L2,0.09499016...
GetData ===>> H2,-0.178326215710259,H1,787.947204323359,AX,63.6002008216683,L1,0.795944433754927,L2,0.072493660...
GetData ===>> H2,-0.22990423484979,H1,787.356134713299,AX,63.4831970703112,L1,0.776021134836828,L2,0.0791481205...
Get Checksum: -860229079
GetData ===>> H2,-0.180415256686417,H1,786.815383493026,AX,63.5563396511584,L1,0.796150154252747,L2,0.050550492...
GetData ===>> H2,-0.183554840701914,H1,786.330970186724,AX,63.4650911584025,L1,0.749970418159135,L2,-0.03880109...
GetData ===>> H2,-0.173087576947196,H1,786.222623065019,AX,63.2480883579529,L1,0.786249862127567,L2,0.007978681...
Get Checksum: -860229079
GetData ===>> H2,-0.126586421449776,H1,786.182469826515,AX,63.355165267773,L1,0.79305086876508,L2,0.01505746835...
GetData ===>> H2,-0.209694720860655,H1,785.714955776851,AX,63.3711873099343,L1,0.769452736826476,L2,0.078282012...
GetData ===>> H2,-0.165756223338769,H1,785.188250801763,AX,63.2803173813403,L1,0.761955907389804,L2,-0.00641665...
Get Checksum: -860229079
GetData ===>> H2,-0.213587400655284,H1,784.882978102287,AX,63.2412347734702,L1,0.789714044200734,L2,0.074501187...
GetData ===>> H2,-0.124981544772642,H1,784.895072879632,AX,63.2447844544925,L1,0.841716128994404,L2,0.010178634...
GetData ===>> H2,-0.203319416126538,H1,784.743268667225,AX,63.3791035328256,L1,0.820427945777807,L2,0.072733192...
Get Checksum: -860229079
measurement finished
estimated time: 125.829 actual time: :127.255
flush and close file /Users/jan/PychronDev/data/isotopes/93/5f846e-8ec8-40f4-8cb3-6eb3793edb57.h5
baselines () {'settling_time': 15.0, 'detector': 'H1', 'mass': 34.2, 'ncounts': 60}
%%%%%%%%%%%%%%%%%%%%%%%%%%%%%%%% Baseline
build tables- baseline [Detector(H2), Detector(H1), Detector(AX), Detector(L1), Detector(L2), Detector(CDD)]
add group baseline table H2
add group baseline table H1
add group baseline table AX
add group baseline table L1
add group baseline table L2
add group baseline table CDD
flush and close file /Users/jan/PychronDev/data/isotopes/93/5f846e-8ec8-40f4-8cb3-6eb3793edb57.h5
detector Detector(H1)
POSITION 34.2 H1
Mapping mass to dac mass func: "parabolic"
H1 map mass coeffs = [-0.00063987  0.15840543  0.57050999]
H1 map mass to dac 34.2 >> 5.23955599104
GetDeflection H1 ===>> 0
GetHighVoltage ===>> 4499.94659342336
positioning 34.2 (5.23952513579) on H1
setting magnet DAC
current  : 5.878865
requested: 5.239525
Delta Dac: 0.639340
Checking detector protection. dv=0.63934
Checking detector "CDD". Protection Threshold: 0.1 (V)
ProtectDetector CDD,On ===>> OK
GetDeflection CDD ===>> 2000
SetMagnetDAC 5.23952513579 ===>> OK
Magnet settling time: 0.500
GetMagnetMoving ===>> True
GetMagnetMoving ===>> True
GetMagnetMoving ===>> True
GetMagnetMoving ===>> True
GetMagnetMoving ===>> True
GetMagnetMoving ===>> True
Get Checksum: -860229079
GetMagnetMoving ===>> True
GetMagnetMoving ===>> True
GetMagnetMoving ===>> False
ProtectDetector CDD,Off ===>> OK
GetDeflection CDD ===>> 50
Delaying 15.0s for detectors to settle
Get Checksum: -860229079
Get Checksum: -860229079
Get Checksum: -860229079
Get Checksum: -860229079
Get Checksum: -860229079
Join finished
measuring baseline. ncounts=60
starting measurement
GetData ===>> H2,-0.260002561326822,H1,-0.124781063424106,AX,-0.0991937040537276,L1,-0.0797568758085619,L2,-0.1...
GetData ===>> H2,-0.252833905043579,H1,-0.0216148449907248,AX,-0.117954424007424,L1,-0.0144994859032747,L2,0.03...
Get Checksum: -860229079
GetData ===>> H2,-0.0953282627941348,H1,-0.0476220884827903,AX,0.0483296499023502,L1,-0.0310947274462295,L2,0.0...
GetData ===>> H2,-0.159772115399684,H1,-0.0828242465543692,AX,-0.133909471862644,L1,-0.0481690799425112,L2,-0.0...
GetData ===>> H2,-0.122785457033907,H1,-0.129384036643976,AX,-0.16007778378376,L1,-0.0704129733087705,L2,-0.024...
Get Checksum: -860229079
GetData ===>> H2,-0.128107261941148,H1,-0.0234156559536512,AX,0.028530904363735,L1,-0.0570837196356153,L2,0.036...
GetData ===>> H2,-0.078099603321714,H1,0.0130481346132918,AX,-0.0981854591632036,L1,-0.0331460604474842,L2,0.02...
GetData ===>> H2,-0.17241306931844,H1,-0.0029489025626493,AX,-0.0656958390070434,L1,-0.0426121242075146,L2,-0.0...
Get Checksum: -860229079
GetData ===>> H2,-0.164650643567374,H1,-0.0615232348858406,AX,-0.00743541140158836,L1,-0.0270770698124433,L2,-0...
GetData ===>> H2,-0.274156908492681,H1,0.0442503081735214,AX,0.0210116855594293,L1,-0.0365225207927907,L2,-0.02...
GetData ===>> H2,-0.216302054559832,H1,-0.082240227791197,AX,-0.0639568806403796,L1,-0.0498527981442195,L2,0.03...
Get Checksum: -860229079
GetData ===>> H2,-0.206397691070493,H1,-0.000479728100421917,AX,-0.0946275460019147,L1,-0.0307677688077606,L2,-...
GetData ===>> H2,-0.137137983796226,H1,-0.0174287287489026,AX,-0.0998890392697405,L1,-0.0729203963792134,L2,-0....
GetData ===>> H2,-0.166796908653079,H1,-0.0443313114830922,AX,-0.0393298942119735,L1,-0.093435623666527,L2,-0.0...
Get Checksum: -860229079
GetData ===>> H2,-0.125788743631233,H1,-0.100629223191029,AX,-0.0504962916823293,L1,-0.0503589354401833,L2,-0.0...
GetData ===>> H2,-0.152938916342887,H1,-0.00305625659244839,AX,-0.0770214941585977,L1,-0.0143221163102863,L2,-0...
GetData ===>> H2,-0.172174283991184,H1,-0.0177268909673288,AX,-0.187282116385508,L1,-0.0226754494178497,L2,-0.0...
Get Checksum: -860229079
GetData ===>> H2,-0.139106288508867,H1,-0.0202910493813267,AX,-0.223793737086624,L1,-0.0369550474678028,L2,0.01...
GetData ===>> H2,-0.156618115663405,H1,-0.0359131068635275,AX,-0.0675970645926133,L1,-0.0302743165925736,L2,0.0...
GetData ===>> H2,-0.187985474895345,H1,-0.0614517073426189,AX,-0.0717471718846963,L1,-0.0305102664254718,L2,-0....
Get Checksum: -860229079
GetData ===>> H2,-0.205365403262202,H1,-0.0143397158996137,AX,-0.0193593722707003,L1,0.0139795990263982,L2,0.02...
GetData ===>> H2,-0.216723467670394,H1,-0.00269840937876504,AX,-0.0337288198400924,L1,0.00271753205168809,L2,0....
Get Checksum: -860229079
GetData ===>> H2,-0.179280366865303,H1,-0.0390729975582314,AX,-0.0402459812929721,L1,-0.0355160154907771,L2,-0....
GetData ===>> H2,-0.197373440460125,H1,-0.0573626311179741,AX,-0.0608150837331957,L1,-0.0126848953035384,L2,-0....
08:25:01 -- collecting point 25
GetData ===>> H2,-0.160475736057304,H1,-0.026659419120789,AX,-0.0305860468733494,L1,-0.00787116960919648,L2,-0....
Get Checksum: -860229079
GetData ===>> H2,-0.143039171042234,H1,-0.0700584879754327,AX,-0.122484728801795,L1,-0.00506939680738145,L2,-0....
GetData ===>> H2,-0.212357781911881,H1,-0.00630067961588916,AX,-0.0990894033426774,L1,-0.036709432110433,L2,-0....
GetData ===>> H2,-0.242836362633034,H1,-0.0164626770603469,AX,-0.104605598632957,L1,0.0198200499626704,L2,-0.09...
Get Checksum: -860229079
GetData ===>> H2,-0.241777169980369,H1,-0.00564464667782689,AX,-0.0789804553318864,L1,-0.042603742159983,L2,0.0...
GetData ===>> H2,-0.272840349245999,H1,-0.0401580690865931,AX,-0.0340651253273499,L1,-0.0455717472864752,L2,-0....
GetData ===>> H2,-0.180125135152767,H1,-0.01744065525473,AX,-0.0184662857323289,L1,-0.0471876783254044,L2,-0.00...
Get Checksum: -860229079
GetData ===>> H2,-0.178207447280813,H1,-2.58591665842634E-06,AX,-0.0888905715944883,L1,-0.0416457478092809,L2,-...
GetData ===>> H2,-0.265010364480805,H1,-0.010177150119106,AX,-0.115092460323711,L1,-0.00675103380162958,L2,-0.0...
GetData ===>> H2,-0.20947378119869,H1,-0.0133020724327746,AX,-0.0558181424223308,L1,0.0031197022008378,L2,0.015...
Get Checksum: -860229079
GetData ===>> H2,-0.287291926496253,H1,0.0189060038976009,AX,-0.123457963682364,L1,-0.0282367732438998,L2,-0.05...
GetData ===>> H2,-0.158579506917435,H1,-0.0649564968361769,AX,0.0359114431369825,L1,-0.0212573651329623,L2,-0.0...
GetData ===>> H2,-0.156061515826632,H1,-0.00170835875532556,AX,0.00685670748790718,L1,-0.00204126224618018,L2,-...
Get Checksum: -860229079
GetData ===>> H2,-0.255477092149271,H1,0.0599206887272665,AX,-0.0610005800952661,L1,-0.0230158557884038,L2,0.06...
GetData ===>> H2,-0.255072453074811,H1,0.0194071002807441,AX,-0.112960416459195,L1,-0.017226181062005,L2,-0.028...
GetData ===>> H2,-0.130017148899569,H1,0.0237619720848905,AX,-0.0263761956527645,L1,-0.0234545315165664,L2,-0.0...
Get Checksum: -860229079
GetData ===>> H2,-0.188202578603677,H1,0.0305153808321858,AX,-0.0638757284910019,L1,-0.0429976908360657,L2,-0.0...
GetData ===>> H2,-0.167759221287367,H1,-0.00102843880014341,AX,0.0629780299782333,L1,-0.043251534080494,L2,0.00...
GetData ===>> H2,-0.193984634781887,H1,0.0448231349518881,AX,-0.108209498480492,L1,-0.0584720123090266,L2,0.003...
Get Checksum: -860229079
GetData ===>> H2,-0.311797693085505,H1,0.0261960103619564,AX,-0.071410996597445,L1,-0.0296227309377071,L2,-0.01...
GetData ===>> H2,-0.190301931924035,H1,0.0513631396362737,AX,-0.0886935381821464,L1,-0.00111128379630655,L2,-0....
Get Checksum: -860229079
GetData ===>> H2,-0.286383976102264,H1,-0.0588051523014997,AX,-0.0135135661992234,L1,-0.0521044946625832,L2,-0....
GetData ===>> H2,-0.318343315385834,H1,0.0694219765531081,AX,-0.0187330526994655,L1,0.00518147924810469,L2,-0.0...
GetData ===>> H2,-0.15077661530047,H1,-0.038202547058863,AX,-0.117015894587729,L1,-0.00894561531192762,L2,-0.02...
GetData ===>> H2,-0.235519927642504,H1,0.0216620650445477,AX,-0.0678405115274615,L1,-0.0272519923242844,L2,0.00...
08:25:27 -- collecting point 50
GetData ===>> H2,-0.238765936141647,H1,0.0271505513308458,AX,-0.0629714571046215,L1,-0.0364458382211541,L2,-0.0...
Get Checksum: -860229079
GetData ===>> H2,-0.340760334199482,H1,0.0370663839510012,AX,-0.0736366872341047,L1,-0.0340692033576642,L2,-0.0...
GetData ===>> H2,-0.258259433065887,H1,-0.0641101133370679,AX,-0.0265617576695791,L1,-0.0355687396983224,L2,-0....
GetData ===>> H2,-0.192512775800541,H1,-0.0301415772812728,AX,-0.100746612525353,L1,-0.0575098022842385,L2,0.00...
Get Checksum: -860229079
GetData ===>> H2,-0.196290424142549,H1,-0.0136360278258916,AX,-0.0528963780463599,L1,0.00644713841266141,L2,0.0...
GetData ===>> H2,-0.163029201445007,H1,0.0552897345383887,AX,-0.0626236581800581,L1,0.00577649919964513,L2,-0.0...
GetData ===>> H2,-0.185222095599984,H1,0.123154508346102,AX,-0.0694171055036393,L1,9.84166898610251E-05,L2,-0.0...
Get Checksum: -860229079
GetData ===>> H2,-0.132049361164046,H1,0.00665378471909079,AX,-0.0441189630230458,L1,-0.0162247293420099,L2,-0....
GetData ===>> H2,-0.0430798533213947,H1,0.00535349115236023,AX,-0.106401771193203,L1,-0.0447660786531701,L2,-0....
GetData ===>> H2,-0.176290784472632,H1,-0.00922295592407068,AX,-0.0912665313269619,L1,-0.0213796423212641,L2,0....
Get Checksum: -860229079
GetData ===>> H2,-0.235252192589854,H1,-0.0108927897960463,AX,-0.0364076347577146,L1,-0.0273861773944304,L2,-0....
measurement finished
estimated time: 62.915 actual time: :63.127
flush and close file /Users/jan/PychronDev/data/isotopes/93/5f846e-8ec8-40f4-8cb3-6eb3793edb57.h5
activate_detectors ('H1', 'AX', 'CDD') {'peak_center': True}
peak_center () {'detector': 'H1', 'integration_time': 0.262144, 'isotope': 'Ar40'}
peak center: mean=785.833210751 threshold=3
peak center started
setup peak center. detector=['H1', 'AX', 'CDD'], isotope=Ar40
VersionedUnpickler [<apptools.sweet_pickle.versioned_unpickler.VersionedUnpickler object at 0x19b446710>] using Updater [<apptools.sweet_pickle.updater.Updater object at 0x12ce00cb0>]
VersionedUnpickler [<apptools.sweet_pickle.versioned_unpickler.VersionedUnpickler object at 0x19b446710>] using Updater [<apptools.sweet_pickle.updater.Updater object at 0x12ce00cb0>]
VersionedUnpickler [<apptools.sweet_pickle.versioned_unpickler.VersionedUnpickler object at 0x197b8ce30>] using Updater [<apptools.sweet_pickle.updater.Updater object at 0x12ce00cb0>]
setting integration time = 0.524288
SetIntegrationTime 0.524288 ===>> OK
Mapping mass to dac mass func: "parabolic"
H1 map mass coeffs = [-0.00063987  0.15840543  0.57050999]
H1 map mass to dac 39.9624 >> 5.8789
GetDeflection H1 ===>> 0
GetHighVoltage ===>> 4499.94659342336
do peak center. <pychron.spectrometer.jobs.peak_center.PeakCenter object at 0x12ce00b30>
doing pc
starting peak center. center dac= 5.87886537971 step_width=0.001
width = 0.001
get scan parameters. half-width=0.015,window=0.015, i=0, scalar=1
Scan parameters center=5.87887 width=0.03000 (5.86387 - 5.89387)
GetData ===>> H2,-0.208199252292486,H1,0.00399356916169782,AX,-0.125705635600587,L1,-0.0403618921855269,L2,-0.1...
Moving to starting dac 5.86386537971
setting magnet DAC
current  : 5.239525
requested: 5.863865
Delta Dac: 0.624340
Checking detector protection. dv=0.62434
Checking detector "CDD". Protection Threshold: 0.1 (V)
ProtectDetector CDD,On ===>> OK
GetDeflection CDD ===>> 2000
SetMagnetDAC 5.86386537971 ===>> OK
Magnet settling time: 0.500
GetMagnetMoving ===>> True
GetMagnetMoving ===>> True
Get Checksum: -860229079
GetMagnetMoving ===>> True
GetMagnetMoving ===>> True
GetMagnetMoving ===>> True
GetMagnetMoving ===>> True
GetMagnetMoving ===>> True
GetMagnetMoving ===>> True
GetMagnetMoving ===>> False
ProtectDetector CDD,Off ===>> OK
GetDeflection CDD ===>> 50
Wait until signal near baseline. tol= 0.00299517687127. timeout= 10
GetData ===>> H2,19.8719934496768,H1,3.93149676873124,AX,0.033427991845207,L1,-0.0168493379046616,L2,-0.0246378...
GetData ===>> H2,46.4999546351618,H1,26.0396314274557,AX,1.65525181253517,L1,-0.0520686054780356,L2,-0.13514101...
GetData ===>> H2,29.2086525383065,H1,13.5589715183317,AX,0.804111707206079,L1,-0.0946603174850765,L2,-0.0050100...
Get Checksum: -860229079
GetData ===>> H2,13.1588292986226,H1,6.75552064213385,AX,0.32912990734878,L1,-0.0923970233529761,L2,-0.17687366...
GetData ===>> H2,13.1588292986226,H1,6.75552064213385,AX,0.32912990734878,L1,-0.0923970233529761,L2,-0.17687366...
GetData ===>> H2,4.81721567290996,H1,3.64570642241382,AX,0.0976501158741707,L1,-0.0692376911761151,L2,-0.126345...
GetData ===>> H2,1.5691588150995,H1,1.98137425507194,AX,0.0166257427781502,L1,-0.0406732901452303,L2,0.08714859...
GetData ===>> H2,0.47881725922371,H1,1.30046905281092,AX,0.11322884062654,L1,-0.00404252454294809,L2,0.00699174...
GetData ===>> H2,0.248919292738176,H1,0.880522180981047,AX,0.0512313283615149,L1,0.0335031891037017,L2,-0.04253...
Get Checksum: -860229079
GetData ===>> H2,0.0822412589415373,H1,0.836714544166273,AX,0.000383231318905782,L1,0.0133547284561694,L2,0.128...
GetData ===>> H2,0.00715124603707056,H1,0.720296929317388,AX,-0.00868819191672457,L1,-0.0175753923042315,L2,-0....
GetData ===>> H2,0.0244703093810917,H1,0.694279742663739,AX,-0.167405589846644,L1,-0.0322457941540196,L2,-0.085...
GetData ===>> H2,0.150104634144602,H1,0.659919620300431,AX,-0.0992864157029957,L1,-0.0222012608772261,L2,0.0223...
GetData ===>> H2,0.161146705224924,H1,0.60553215430732,AX,-0.112682320336338,L1,-0.0427043262689005,L2,0.075296...
GetData ===>> H2,0.127360088244045,H1,0.521330378692508,AX,0.0310374396941598,L1,-0.0547934261113727,L2,-0.0186...
Get Checksum: -860229079
GetData ===>> H2,-0.0120764213109635,H1,0.526825359568117,AX,0.0665233140400946,L1,-0.0263749341565576,L2,-0.10...
GetData ===>> H2,-0.0704715658394355,H1,0.582269820700865,AX,0.00815609508401658,L1,0.00310529582861953,L2,-0.0...
GetData ===>> H2,-0.249153116591547,H1,0.572469218023186,AX,-0.0290088236705886,L1,-0.00943483383757808,L2,-0.0...
GetData ===>> H2,-0.228932238554758,H1,0.570461407759981,AX,-0.144264322911013,L1,-0.0547934261113727,L2,-0.126...
GetData ===>> H2,-0.0945921204291437,H1,0.564318713832157,AX,-0.0619628367985552,L1,-0.0830973540706202,L2,-0.0...
GetData ===>> H2,0.00280764721221065,H1,0.511846271673933,AX,0.0503264799343951,L1,-0.0243900811952849,L2,-0.10...
Peak center failed to move to a baseline position
_do_sweep sm= 5.86386537971, em= 5.89386537971, stm= 0.001
calculated step values: start=5.86386537971, end=5.89386537971, width=0.001, nsteps=31.0
setting magnet DAC
current  : 5.863865
requested: 5.863865
Delta Dac: 0.000000
Checking detector protection. dv=0.00000
Checking detector "CDD". Protection Threshold: 0.1 (V)
SetMagnetDAC 5.86386537971 ===>> OK
GetData ===>> H2,0.00280764721221065,H1,0.511846271673933,AX,0.0503264799343951,L1,-0.0243900811952849,L2,-0.10...
setting magnet DAC
current  : 5.863865
requested: 5.864900
Delta Dac: 0.001034
Checking detector protection. dv=0.00103
Checking detector "CDD". Protection Threshold: 0.1 (V)
SetMagnetDAC 5.86489986247 ===>> OK
Magnet settling time: 1.049
Get Checksum: -860229079
GetData ===>> H2,-0.0749999320776021,H1,1.19887347273118,AX,0.0163704823520043,L1,-0.0208336051155333,L2,0.0451...
setting magnet DAC
current  : 5.864900
requested: 5.865934
Delta Dac: 0.001034
Checking detector protection. dv=0.00103
Checking detector "CDD". Protection Threshold: 0.1 (V)
SetMagnetDAC 5.86593434523 ===>> OK
Magnet settling time: 1.049
GetData ===>> H2,-0.0513666732586426,H1,4.64799775506435,AX,0.174315912612529,L1,0.00157113513727087,L2,-0.0221...
setting magnet DAC
current  : 5.865934
requested: 5.866969
Delta Dac: 0.001034
Checking detector protection. dv=0.00103
Checking detector "CDD". Protection Threshold: 0.1 (V)
SetMagnetDAC 5.86696882799 ===>> OK
Magnet settling time: 1.049
GetData ===>> H2,-0.0284526804039244,H1,17.928083514074,AX,0.868053716951773,L1,-0.0333152474440325,L2,0.086031...
setting magnet DAC
current  : 5.866969
requested: 5.868003
Delta Dac: 0.001034
Checking detector protection. dv=0.00103
Checking detector "CDD". Protection Threshold: 0.1 (V)
SetMagnetDAC 5.86800331074 ===>> OK
Magnet settling time: 1.049
Get Checksum: -860229079
GetData ===>> H2,0.0172754964724548,H1,60.6717416359071,AX,3.0927261079927,L1,-0.0453359193219353,L2,-0.0504984...
setting magnet DAC
current  : 5.868003
requested: 5.869038
Delta Dac: 0.001034
Checking detector protection. dv=0.00103
Checking detector "CDD". Protection Threshold: 0.1 (V)
SetMagnetDAC 5.8690377935 ===>> OK
Magnet settling time: 1.049
GetData ===>> H2,-0.14790958786571,H1,160.922124080675,AX,9.1034192178815,L1,0.020932989956264,L2,-0.0072189497...
setting magnet DAC
current  : 5.869038
requested: 5.870072
Delta Dac: 0.001034
Checking detector protection. dv=0.00103
Checking detector "CDD". Protection Threshold: 0.1 (V)
SetMagnetDAC 5.87007227626 ===>> OK
Magnet settling time: 1.049
Get Checksum: -860229079
GetData ===>> H2,-0.104282275613505,H1,316.783969469923,AX,19.6582367045018,L1,0.0986184038752565,L2,0.11154163...
setting magnet DAC
current  : 5.870072
requested: 5.871107
Delta Dac: 0.001034
Checking detector protection. dv=0.00103
Checking detector "CDD". Protection Threshold: 0.1 (V)
SetMagnetDAC 5.87110675902 ===>> OK
Magnet settling time: 1.049
GetData ===>> H2,-0.217957996487323,H1,586.900925959029,AX,41.6701576062643,L1,0.317307788927059,L2,-0.06037644...
setting magnet DAC
current  : 5.871107
requested: 5.872141
Delta Dac: 0.001034
Checking detector protection. dv=0.00103
Checking detector "CDD". Protection Threshold: 0.1 (V)
SetMagnetDAC 5.87214124178 ===>> OK
Magnet settling time: 1.049
GetData ===>> H2,-0.219702531419467,H1,688.922411196229,AX,52.3920745997005,L1,0.47590953263885,L2,-0.157490295...
setting magnet DAC
current  : 5.872141
requested: 5.873176
Delta Dac: 0.001034
Checking detector protection. dv=0.00103
Checking detector "CDD". Protection Threshold: 0.1 (V)
SetMagnetDAC 5.87317572454 ===>> OK
Magnet settling time: 1.049
Get Checksum: -860229079
GetData ===>> H2,-0.304915301806931,H1,731.322199109532,AX,57.8954058484143,L1,0.556248881079148,L2,-0.15379994...
setting magnet DAC
current  : 5.873176
requested: 5.874210
Delta Dac: 0.001034
Checking detector protection. dv=0.00103
Checking detector "CDD". Protection Threshold: 0.1 (V)
SetMagnetDAC 5.8742102073 ===>> OK
Magnet settling time: 1.049
GetData ===>> H2,-0.0608423314464163,H1,744.656922670713,AX,59.7538451727306,L1,0.614578954455079,L2,0.01651226...
setting magnet DAC
current  : 5.874210
requested: 5.875245
Delta Dac: 0.001034
Checking detector protection. dv=0.00103
Checking detector "CDD". Protection Threshold: 0.1 (V)
SetMagnetDAC 5.87524469005 ===>> OK
Magnet settling time: 1.049
GetData ===>> H2,-0.180183660311799,H1,748.321064440293,AX,60.3653572874658,L1,0.665964525137689,L2,-0.03035235...
setting magnet DAC
current  : 5.875245
requested: 5.876279
Delta Dac: 0.001034
Checking detector protection. dv=0.00103
Checking detector "CDD". Protection Threshold: 0.1 (V)
SetMagnetDAC 5.87627917281 ===>> OK
Magnet settling time: 1.049
Get Checksum: -860229079
GetData ===>> H2,-0.156974757501867,H1,749.417024745461,AX,60.3745384601794,L1,0.735051847032718,L2,-0.06187854...
setting magnet DAC
current  : 5.876279
requested: 5.877314
Delta Dac: 0.001034
Checking detector protection. dv=0.00103
Checking detector "CDD". Protection Threshold: 0.1 (V)
SetMagnetDAC 5.87731365557 ===>> OK
Magnet settling time: 1.049
GetData ===>> H2,-0.163332986366291,H1,748.884913154725,AX,60.4366994024236,L1,0.783183185090017,L2,0.024051915...
setting magnet DAC
current  : 5.877314
requested: 5.878348
Delta Dac: 0.001034
Checking detector protection. dv=0.00103
Checking detector "CDD". Protection Threshold: 0.1 (V)
SetMagnetDAC 5.87834813833 ===>> OK
Magnet settling time: 1.049
GetData ===>> H2,-0.112721835072374,H1,748.900369675833,AX,60.2771665872394,L1,0.790656979112826,L2,0.052234057...
setting magnet DAC
current  : 5.878348
requested: 5.879383
Delta Dac: 0.001034
Checking detector protection. dv=0.00103
Checking detector "CDD". Protection Threshold: 0.1 (V)
SetMagnetDAC 5.87938262109 ===>> OK
Magnet settling time: 1.049
Get Checksum: -860229079
GetData ===>> H2,-0.202832799493002,H1,749.211374007384,AX,60.3383344266392,L1,0.74291089043937,L2,0.0840714099...
setting magnet DAC
current  : 5.879383
requested: 5.880417
Delta Dac: 0.001034
Checking detector protection. dv=0.00103
Checking detector "CDD". Protection Threshold: 0.1 (V)
SetMagnetDAC 5.88041710385 ===>> OK
Magnet settling time: 1.049
GetData ===>> H2,-0.184569625979093,H1,749.326267664639,AX,60.4228500359319,L1,0.831554413163457,L2,0.108098872...
setting magnet DAC
current  : 5.880417
requested: 5.881452
Delta Dac: 0.001034
Checking detector protection. dv=0.00103
Checking detector "CDD". Protection Threshold: 0.1 (V)
SetMagnetDAC 5.88145158661 ===>> OK
Magnet settling time: 1.049
Get Checksum: -860229079
GetData ===>> H2,-0.248292254856188,H1,748.287489962008,AX,60.2666254685489,L1,0.797621109619798,L2,-0.13019658...
setting magnet DAC
current  : 5.881452
requested: 5.882486
Delta Dac: 0.001034
Checking detector protection. dv=0.00103
Checking detector "CDD". Protection Threshold: 0.1 (V)
SetMagnetDAC 5.88248606936 ===>> OK
Magnet settling time: 1.049
GetData ===>> H2,-0.193425335442987,H1,747.472214577206,AX,60.0354566463613,L1,0.794479479615217,L2,0.154278627...
setting magnet DAC
current  : 5.882486
requested: 5.883521
Delta Dac: 0.001034
Checking detector protection. dv=0.00103
Checking detector "CDD". Protection Threshold: 0.1 (V)
SetMagnetDAC 5.88352055212 ===>> OK
Magnet settling time: 1.049
GetData ===>> H2,-0.155953435019516,H1,742.059888890743,AX,59.3085051489601,L1,0.794783942415428,L2,0.020680638...
setting magnet DAC
current  : 5.883521
requested: 5.884555
Delta Dac: 0.001034
Checking detector protection. dv=0.00103
Checking detector "CDD". Protection Threshold: 0.1 (V)
SetMagnetDAC 5.88455503488 ===>> OK
Magnet settling time: 1.049
Get Checksum: -860229079
GetData ===>> H2,-0.196889265404994,H1,723.179479264128,AX,56.6084166972727,L1,0.721032188906197,L2,0.030384769...
setting magnet DAC
current  : 5.884555
requested: 5.885590
Delta Dac: 0.001034
Checking detector protection. dv=0.00103
Checking detector "CDD". Protection Threshold: 0.1 (V)
SetMagnetDAC 5.88558951764 ===>> OK
Magnet settling time: 1.049
GetData ===>> H2,-0.250288277640229,H1,666.973121446661,AX,49.1313194504638,L1,0.643758631409339,L2,0.110196433...
setting magnet DAC
current  : 5.885590
requested: 5.886624
Delta Dac: 0.001034
Checking detector protection. dv=0.00103
Checking detector "CDD". Protection Threshold: 0.1 (V)
SetMagnetDAC 5.8866240004 ===>> OK
Magnet settling time: 1.049
GetData ===>> H2,-0.211653350798378,H1,546.111434627139,AX,36.1927751273755,L1,0.471755111578036,L2,0.004213203...
setting magnet DAC
current  : 5.886624
requested: 5.887658
Delta Dac: 0.001034
Checking detector protection. dv=0.00103
Checking detector "CDD". Protection Threshold: 0.1 (V)
SetMagnetDAC 5.88765848316 ===>> OK
Magnet settling time: 1.049
Get Checksum: -860229079
GetData ===>> H2,-0.163522003984842,H1,380.326750788057,AX,22.022105219241,L1,0.321307609657844,L2,-0.057508747...
setting magnet DAC
current  : 5.887658
requested: 5.888693
Delta Dac: 0.001034
Checking detector protection. dv=0.00103
Checking detector "CDD". Protection Threshold: 0.1 (V)
SetMagnetDAC 5.88869296592 ===>> OK
Magnet settling time: 1.049
GetData ===>> H2,-0.238146349397592,H1,130.531493091045,AX,5.72077247668137,L1,0.156502244424321,L2,0.058204178...
setting magnet DAC
current  : 5.888693
requested: 5.889727
Delta Dac: 0.001034
Checking detector protection. dv=0.00103
Checking detector "CDD". Protection Threshold: 0.1 (V)
SetMagnetDAC 5.88972744867 ===>> OK
Magnet settling time: 1.049
Get Checksum: -860229079
GetData ===>> H2,-0.133477915471533,H1,46.4216679005294,AX,1.72301761061028,L1,0.115703194836374,L2,0.066590321...
setting magnet DAC
current  : 5.889727
requested: 5.890762
Delta Dac: 0.001034
Checking detector protection. dv=0.00103
Checking detector "CDD". Protection Threshold: 0.1 (V)
SetMagnetDAC 5.89076193143 ===>> OK
Magnet settling time: 1.049
GetData ===>> H2,-0.201142284302594,H1,13.4370965966464,AX,0.377565554851694,L1,0.0250868925394724,L2,0.1384951...
setting magnet DAC
current  : 5.890762
requested: 5.891796
Delta Dac: 0.001034
Checking detector protection. dv=0.00103
Checking detector "CDD". Protection Threshold: 0.1 (V)
SetMagnetDAC 5.89179641419 ===>> OK
Magnet settling time: 1.049
GetData ===>> H2,-0.225523775679558,H1,3.37769208802594,AX,0.00697272353241126,L1,-0.00149168536246449,L2,-0.13...
setting magnet DAC
current  : 5.891796
requested: 5.892831
Delta Dac: 0.001034
Checking detector protection. dv=0.00103
Checking detector "CDD". Protection Threshold: 0.1 (V)
SetMagnetDAC 5.89283089695 ===>> OK
Magnet settling time: 1.049
Get Checksum: -860229079
GetData ===>> H2,-0.11445701874529,H1,0.687890167309724,AX,0.0373040603679723,L1,-0.00453677987463977,L2,-0.004...
setting magnet DAC
current  : 5.892831
requested: 5.893865
Delta Dac: 0.001034
Checking detector protection. dv=0.00103
Checking detector "CDD". Protection Threshold: 0.1 (V)
SetMagnetDAC 5.89386537971 ===>> OK
Magnet settling time: 1.049
GetData ===>> H2,-0.134453387968676,H1,0.0172357007352854,AX,-0.117850143407903,L1,-0.00728593218765916,L2,0.03...
result of _do_sweep=True
result of _calculate_peak_center=([5.8709295079656876, 5.8787451392282124, 5.8865607704907372], [540.61836127011236, 749.40102940706231, 553.49877219827408], 5.8763102694887328, 749.40102940706231)
Failed to find a valid peak. No peak greater than 1.0. max = 0.0320881691295
new center pos Detector(H1) (Ar40) @ 5.87874513923
GetHighVoltage ===>> 4499.94659342336
GetDeflection H1 ===>> 0
dac uncorrected for HV and deflection 5.87877975881
update mftable H1 Ar40 5.87877975881 message=automated run peakcenter
get initial guess parabolic
get initial guess parabolic
get initial guess parabolic
get initial guess parabolic
get initial guess parabolic
get initial guess parabolic
dump mftable to /Users/jan/PychronDev/setupfiles/spectrometer/mftables/mftable.csv
add to repo msg=modified - automated run peakcenter
sweep finished
locally archiving mftable
setting magnet DAC
current  : 5.893865
requested: 5.878745
Delta Dac: 0.015120
Checking detector protection. dv=0.01512
Checking detector "CDD". Protection Threshold: 0.1 (V)
SetMagnetDAC 5.87874513923 ===>> OK
Magnet settling time: 0.500
Get Checksum: -860229079
setting integration time = 1.048576
SetIntegrationTime 1.048576 ===>> OK
Failed to find a valid peak. No peak greater than 1.0. max = 0.0320881691295
flush and close file /Users/jan/PychronDev/data/isotopes/93/5f846e-8ec8-40f4-8cb3-6eb3793edb57.h5
finished measure script
executed 224.052928
jan_unknown120_60.py completed successfully
Measurement Finished
08:26:26 -- ******* Measurement Finished *******
Post Measurement Started jan_pump_ms.py
08:26:26 -- ******* Post Measurement Started jan_pump_ms.py *******
testing...
no interpolation path defined
executed 0
Pumping spectrometer
open () {'name': 'O'}
opening name=O desc=---
checking ownership. requestor=129.138.12.150
check software interlocks O
interlocks []
actuate state mode=None-script, software_lock=False
doing actuation None-script open_channel True
Open O ===>> OK
GetIndicatorState O ===>> OK
change switch state (True, True)
update switch state O True args=() kw={} ncanvase=2
08:26:26 -- OPEN   VALVE-O (Jan Ion Pump)
---------------------------------------- open O () result=[(True, True)], time=0.12 sec
action=open, ok=True, locked=[False]
executed 0
jan_pump_ms.py completed successfully
setting _ms_pumptime
Post Measurement Finished
08:26:26 -- ******* Post Measurement Finished *******
$$$$$$$$$$$$$$$$$$$$ state at run end measurement
state changed from measurement to success
post measurement save measured=True aborted=False
Set filtering
setting fod for Ar40= {'filter_outliers': True, 'std_devs': 2, 'iterations': 1}
setting fod for H1= {'filter_outliers': True, 'std_devs': 2, 'iterations': 1}
setting fod for PM41= {'filter_outliers': False, 'std_devs': 2, 'iterations': 1}
setting fod for H2= {'filter_outliers': True, 'std_devs': 2, 'iterations': 1}
setting fod for Ar36= {'filter_outliers': True, 'std_devs': 2, 'iterations': 1}
setting fod for CDD= {'filter_outliers': True, 'std_devs': 10, 'iterations': 1}
setting fod for Ar37= {'filter_outliers': True, 'std_devs': 2, 'iterations': 1}
setting fod for L2= {'filter_outliers': True, 'std_devs': 2, 'iterations': 1}
setting fod for Ar38= {'filter_outliers': True, 'std_devs': 2, 'iterations': 1}
setting fod for L1= {'filter_outliers': True, 'std_devs': 2, 'iterations': 1}
setting fod for Ar39= {'filter_outliers': True, 'std_devs': 2, 'iterations': 1}
setting fod for AX= {'filter_outliers': True, 'std_devs': 2, 'iterations': 1}
persistence save...
persistence save - db
post measurement save
6814734288 connecting to database sqlite:////Users/jan/PychronDev/.appdata/local_lab.db
connected to db sqlite:////Users/jan/PychronDev/.appdata/local_lab.db
create new session 6814734288
close session 6814734288
No database instance. Not saving post measurement to isotopedb database
$$$$$$$$$$$$$$$ auto_save_detector_ic=False
massspec enabled True
create new session 5010684144
MassSpec Database Version: 16.0
close session 5010684144
saving post measurement to secondary database
saving to massspec database 129.138.12.160/massspecdata
setting labnumber to c-02-J
setting aliquot to 1065
setting step to 
setting uuid to 935f846e-8ec8-40f4-8cb3-6eb3793edb57
setting irradpos to c-02-J
setting extract_device to Fusions CO2
setting tray to 
setting position to 
setting power_requested to 0.0
setting extract_value to 0.0
setting duration to 0.0
setting duration_at_request to 0.0
setting first_stage_delay to 0.0
setting cleanup to 0.0
setting comment to 
setting irradiation to Cocktail-02
setting level to A
setting irradiation_level to A
setting sample to cocktail
setting material to Gas
setting project to REFERENCES
setting mass_spectrometer to Jan
no attribute chron_dosages
no attribute production_ratios
no attribute interference_corrections
no attribute production_name
no attribute j
Reference Isotope=Ar40
Reference Detector=H1
%%%%%%%%%%%%%%%%%%%% Comment:  %%%%%%%%%%%%%%%%%%%
adding isotope PM41 H2
add baseline dbdet= PM41. original det= H2
get baseline data PM41 H2
Get data baseline <pychron.processing.isotope.Baseline object at 0x19ad73d90> len t=60
baseline PM41. v=-0.193318958826, e=0.00684350382022
get signal data PM41 H2
Get data signal PM41 0.08+/-0.06 len t=120
adding isotope Ar40 H1
add baseline dbdet= Ar40. original det= H1
get baseline data Ar40 H1
Get data baseline <pychron.processing.isotope.Baseline object at 0x19ad73f50> len t=60
baseline Ar40. v=-0.0119489824241, e=0.0050779902805
get signal data Ar40 H1
Get data signal Ar40 826.75+/-0.05 len t=120
adding isotope Ar39 AX
add baseline dbdet= Ar39. original det= AX
get baseline data Ar39 AX
Get data baseline <pychron.processing.isotope.Baseline object at 0x19ad80150> len t=60
baseline Ar39. v=-0.0653066305342, e=0.00564318021559
get signal data Ar39 AX
Get data signal Ar39 66.370+/-0.018 len t=120
adding isotope Ar38 L1
add baseline dbdet= Ar38. original det= L1
get baseline data Ar38 L1
Get data baseline <pychron.processing.isotope.Baseline object at 0x19ad80310> len t=60
baseline Ar38. v=-0.0279979804014, e=0.00268562548404
get signal data Ar38 L1
Get data signal Ar38 0.873+/-0.005 len t=120
adding isotope Ar37 L2
add baseline dbdet= Ar37. original det= L2
get baseline data Ar37 L2
Get data baseline <pychron.processing.isotope.Baseline object at 0x19ad804d0> len t=60
baseline Ar37. v=-0.039825799367, e=0.00632217531349
get signal data Ar37 L2
Get data signal Ar37 0.044+/-0.010 len t=120
adding isotope Ar36 CDD
add baseline dbdet= Ar36. original det= CDD
get baseline data Ar36 CDD
Get data baseline <pychron.processing.isotope.Baseline object at 0x19ad80690> len t=60
baseline Ar36. v=0.000171195224727, e=2.05790859029e-05
get signal data Ar36 CDD
Get data signal Ar36 0.0291+/-0.0004 len t=120
4416-1065 added analysis time 0.547353982925s
analysis added to mass spec database
mass spec save time= 0.571
persistence save - dvc
================= post measurement started
create new session 4983034992
close session 4983034992
---------------- Experiment Queue saving disabled
DVC saving peakcenter
Failed to find a valid peak. No peak greater than 1.0. max = 0.0320881691295
Smart pull ahead: 0 behind: 0
Up-to-date with origin
add to repo msg=modified - ad8224ebc6dbfeb9f5997218dfa5fe690569839d.json
add to repo msg=modified - -J-1065.json
add to repo msg=modified - -J-1065.dat.json
Get Checksum: -1965264452
add to repo msg=modified - -J-1065.blan.json
add to repo msg=modified - -J-1065.inte.json
add to repo msg=modified - -J-1065.icfa.json
add to repo msg=modified - -J-1065.base.json
not at valid file /Users/jan/PychronDev/data/.dvc/repositories/Load1782/c-02/tags/-J-1065.tags.json
add to repo msg=modified - -J-1065.peak.json
add to repo msg=modified - -J-1065.extr.json
not at valid file /Users/jan/PychronDev/data/.dvc/repositories/Load1782/c-02/monitor/-J-1065.moni.json
commit message=<COLLECTION>
add to repo msg=modified - -J-1065.inte.json
add to repo msg=modified - -J-1065.base.json
commit message=<ISOEVO> default collection fits
add to repo msg=modified - -J-1065.blan.json
Get Checksum: -1965264452
commit message=<BLANKS> preceding bc-02-J-250
add to repo msg=modified - -J-1065.icfa.json
commit message=<ICFactor> default
push repository <pychron.git_archive.repo_manager.GitRepoManager object at 0x196309410>
pushing to remote=origin, url=https://github.com
Get Checksum: -1965264452
no changes to meta repo
Get Checksum: -1965264452
create new session 4983034992
add association Load1782
get identifier "c-02-J"
setting analysis irradiation position=<pychron.dvc.dvc_orm.IrradiationPositionTbl object at 0x193b6e150>
close session 4983034992
================= post measurement finished
08:26:38 -- ******* Post Run Check *******
loading queue conditionals post_run_actions
loading system conditionals post_run_actions
loading conditionals from /Users/jan/PychronDev/setupfiles/spectrometer/default_conditionals.yaml
loading queue conditionals post_run_terminations
loading system conditionals post_run_terminations
loading conditionals from /Users/jan/PychronDev/setupfiles/spectrometer/default_conditionals.yaml
Checking default post run terminations n=1
GetDeflection CDD ===>> 50
testing CDD==2000
evaluate ot="CDD.deflection==2000" t="CDD==2000", ctx="{'CDD': 50.0}"
08:26:38 -- ******* Post Run Check Passed *******
08:26:38 -- Automated run c-02-J-1065 success duration: 353.960 s
----------------- finish -----------------
----------------- stop -----------------
retroactive repository identifiers disabled
finish run. runs completed=108
update duration runid=c-02-J-1065, duration=353.960337162, md5=c594f137
loading script "jan_ic_peak_hop3.py"
loading script "jan_pump_ms.py"
loading script "jan_air_x1.py"
loading script "jan_pump_extraction_line.py"
testing...
no interpolation path defined
executed 133.8
script duration name:ic_peak_hop3 seconds:134.0
loading script "jan_ic_peak_hop3.py"
loading script "jan_pump_ms.py"
loading script "jan_air_x1.py"
loading script "jan_pump_extraction_line.py"
testing...
no interpolation path defined
executed 0
loading script "jan_ic_peak_hop3.py"
loading script "jan_pump_ms.py"
loading script "jan_air_x1.py"
loading script "jan_pump_extraction_line.py"
testing...
no interpolation path defined
calculate duration
testing...
no interpolation path defined
executed 0
calculate duration
testing...
no interpolation path defined
executed 0
calculate duration
testing...
no interpolation path defined
executed 32.0
calculate duration
testing...
no interpolation path defined
executed 34.0
calculate duration
testing...
no interpolation path defined
executed 4.0
calculate duration
testing...
no interpolation path defined
executed 36.0
executed 106.0
script duration name:air_x1 seconds:106.0
loading script "jan_ic_peak_hop3.py"
loading script "jan_pump_ms.py"
loading script "jan_air_x1.py"
loading script "jan_pump_extraction_line.py"
testing...
no interpolation path defined
calculate duration
testing...
no interpolation path defined
executed 4.0
executed 4.0
Script duration 240.0
Run total estimated duration= 241.000
loading script "jan_co2_whiff_120_60_large.py"
loading script "jan_pump_ms.py"
loading script "jan_co2.py"
loading script "jan_pump_extraction_line.py"
testing...
no interpolation path defined
executed 266.04
script duration name:co2_whiff_120_60_large seconds:266.0
pump_ms in script context. using previous estimated duration
loading script "jan_co2_whiff_120_60_large.py"
loading script "jan_pump_ms.py"
loading script "jan_co2.py"
loading script "jan_pump_extraction_line.py"
testing...
no interpolation path defined
calculate duration
testing...
no interpolation path defined
executed 0
calculate duration
testing...
no interpolation path defined
executed 0
executed 0.0
script duration name:co2 seconds:0.0
pump_extraction_line in script context. using previous estimated duration
Script duration 266.0
Run total estimated duration= 267.000
co2_whiff_120_60_large in script context. using previous estimated duration
script duration name:co2_whiff_120_60_large seconds:266.0
co2 in script context. using previous estimated duration
script duration name:co2 seconds:0.0
Script duration 266.0
Run total estimated duration= 267.000
script duration name:co2_whiff_120_60_large seconds:266.0
script duration name:co2 seconds:0.0
Script duration 266.0
Run total estimated duration= 267.000
script duration name:co2_whiff_120_60_large seconds:266.0
script duration name:co2 seconds:0.0
Script duration 266.0
Run total estimated duration= 267.000
script duration name:co2_whiff_120_60_large seconds:266.0
script duration name:co2 seconds:0.0
Script duration 266.0
Run total estimated duration= 267.000
loading script "jan_unknown400_120.py"
loading script "jan_pump_ms.py"
loading script "jan_sniffair_x2.py"
loading script "jan_pump_extraction_line.py"
testing...
no interpolation path defined
executed 556.052928
script duration name:unknown400_120 seconds:556.0
loading script "jan_unknown400_120.py"
loading script "jan_pump_ms.py"
loading script "jan_sniffair_x2.py"
loading script "jan_pump_extraction_line.py"
testing...
no interpolation path defined
calculate duration
testing...
no interpolation path defined
executed 0
calculate duration
testing...
no interpolation path defined
executed 0
calculate duration
testing...
no interpolation path defined
executed 32.0
calculate duration
testing...
no interpolation path defined
executed 34.0
calculate duration
testing...
no interpolation path defined
executed 4.0
calculate duration
testing...
no interpolation path defined
executed 36.0
calculate duration
testing...
no interpolation path defined
executed 34.0
calculate duration
testing...
no interpolation path defined
executed 4.0
calculate duration
testing...
no interpolation path defined
executed 36.0
calculate duration
testing...
no interpolation path defined
executed 70.0
executed 250.0
script duration name:sniffair_x2 seconds:250.0
Script duration 806.0
Run total estimated duration= 807.000
script duration name:co2_whiff_120_60_large seconds:266.0
script duration name:co2 seconds:0.0
Script duration 266.0
Run total estimated duration= 267.000
script duration name:co2_whiff_120_60_large seconds:266.0
script duration name:co2 seconds:0.0
Script duration 266.0
Run total estimated duration= 267.000
nruns=9 before=5.0, run_dur=2917.0, btw=240.0
write rem/ex queues
/Users/jan/PychronDev/experiments/rem/CurrentExperiment.rem.txt
/Users/jan/PychronDev/experiments/rem/CurrentExperiment.ex.txt
doing event level: 3
